Loading nvhpc-hpcx-cuda13/25.11
  Loading
    requirement: hpcx
Starting build_bridgecuda...
make -C src/lib_alt_Accel/BridgeCUDA all
make[1]: Entering directory '/home/wlchenhome/Bridge/with_alpha/src/lib_alt_Accel/BridgeCUDA'
Bridge++'s CUDA LIBRARY STARTING
Total source files: 17
make[1]: Leaving directory '/home/wlchenhome/Bridge/with_alpha/src/lib_alt_Accel/BridgeCUDA'
Creating symbolic link for libbridgecuda.a...
rm -f ./build/libbridgecuda.a
ln -s ../src/lib_alt_Accel/BridgeCUDA/libbridgecuda.a ./build/libbridgecuda.a
Finished building BridgeCUDA
make: Nothing to be done for 'test_alt_spectrum'.
--------------------------------------------------------------------------
mpirun was unable to launch the specified application as it could not access
or execute an executable:

Executable: ../src/bridge.elf
Node: hanabatake2022

while attempting to start process rank 0.
--------------------------------------------------------------------------
