Loading nvhpc-hpcx-cuda13/25.11
  Loading
    requirement: hpcx
generating make.inc file ...
cd ./src/lib_alt_Accel/; ln -s BridgeCUDA BridgeACC ; cd ../../
ln: failed to create symbolic link 'BridgeACC/BridgeCUDA': File exists
generating make.inc file ...
----------------------------------------------------------------
Compilation Environment Summary

Options:
  target              = CUDA ( CUDA )
  use_mpi             = yes
  use_thread          = omp
  use_opt_code        = yes
  use_opt_level       = high
  use_static          = no
  use_debug           = no
  use_gauge_group     = su3
  use_complex         = std
  use_cpp11           = yes
  use_testmanager     = no
  use_lime_library    = no
  use_sfmt_library    = no
  use_ntl_library     = no
  use_fftw_library    = no
  use_yamlcpp_library = no
  use_tinyxml2_library= no
  use_qws_library     = no

Compiler and options:
  CXX         = nvcc -ccbin mpic++
  CXXFLAGS    = -Xcompiler -fopenmp -std=c++11 -O3 -gencode=arch=compute_80,code=sm_80
  LD          = nvcc -ccbin mpic++
  LDFLAGS     = -Xcompiler -fopenmp -gencode=arch=compute_80,code=sm_80
  LDLIBS      = -lm -lnvidia-ml -lcuda -lcudart
  CXXDEP      = nvcc -ccbin mpic++
  CXXDEPFLAGS = -MM
  CPPFLAGS    = -DUSE_STRDUP -DNDEBUG -DCUDA -DUSE_MPI -DUSE_IMP -DUSE_GROUP_SU3 -DUSE_OPENMP -DUSE_STD_COMPLEX -DLIB_CPP11 -DUSE_FACTORY -DUSE_ALT_CODE -DUSE_ALT_ACCEL -DUSE_ACCEL_CUDA
----------------------------------------------------------------
make -f src/Makefile build_dir=./build lib
make[1]: Entering directory '/home/wlchenhome/Bridge/with_alpha'
----------------------------------------------------------------
Compilation Environment Summary

Options:
  target              = CUDA ( CUDA )
  use_mpi             = yes
  use_thread          = omp
  use_opt_code        = yes
  use_opt_level       = high
  use_static          = no
  use_debug           = no
  use_gauge_group     = su3
  use_complex         = std
  use_cpp11           = yes
  use_testmanager     = no
  use_lime_library    = no
  use_sfmt_library    = no
  use_ntl_library     = no
  use_fftw_library    = no
  use_yamlcpp_library = no
  use_tinyxml2_library= no

Compiler and options:
  CXX         = nvcc -ccbin mpic++
  CXXFLAGS    = -Xcompiler -fopenmp -std=c++11 -O3 -gencode=arch=compute_80,code=sm_80
  LD          = nvcc -ccbin mpic++
  LDFLAGS     = -Xcompiler -fopenmp -gencode=arch=compute_80,code=sm_80
  LDLIBS      = -lm -lnvidia-ml -lcuda -lcudart
  CXXDEP      = nvcc -ccbin mpic++
  CXXDEPFLAGS = -MM
  CPPFLAGS    = -DUSE_STRDUP -DNDEBUG -DCUDA -DUSE_MPI -DUSE_IMP -DUSE_GROUP_SU3 -DUSE_OPENMP -DUSE_STD_COMPLEX -DLIB_CPP11 -DUSE_FACTORY -DUSE_ALT_CODE -DUSE_ALT_ACCEL -DUSE_ACCEL_CUDA -Isrc/lib_alt -Isrc/lib_alt_Accel -Isrc -Isrc/lib
----------------------------------------------------------------

copy library header files ...
Bridge library is successfully compiled.

find: ‘src/lib_alt/Measurements/Gauge’: No such file or directory
find: ‘src/lib_alt_Accel/extra’: No such file or directory
find: ‘src/lib_alt_Accel/Action/Fermion’: No such file or directory
bridge_complex.h
find: ‘src/lib_alt_Accel/Force/Fermion’: No such file or directory
complexTraits.h
find: ‘src/lib_alt_Accel/BridgeACC/BridgeCUDA’: Too many levels of symbolic links
bridge.h
aligned_allocator_impl.h
bridge_long.h
configure.h
bridge_defs.h
doxygen.h
lib/bridge_init_factory.h
lib/bridge_setup.h
lib/Action/action.h
lib/Action/Fermion/action_F_Ratio_lex.h
lib/Action/Fermion/action_F_Standard_SF.h
lib/Action/Fermion/action_F_Ratio_eo.h
lib/Action/Fermion/action_F_Rational.h
lib/Action/Fermion/action_F_Overlap_Nf2.h
lib/Action/Fermion/action_F_Rational_SF.h
lib/Action/Fermion/action_F_Standard_eo.h
lib/Action/Fermion/action_F_Standard_lex.h
lib/Action/Fermion/action_F_Staggered_eo.h
lib/Action/Fermion/action_F_Staggered_lex.h
lib/Action/Gauge/action_G_Rectangle.h
lib/Action/Gauge/action_G_Plaq_SF.h
lib/Action/Gauge/action_G_Rectangle_SF.h
lib/Action/Gauge/action_G_Plaq.h
lib/Communicator/communicator.h
lib/Communicator/communicator_impl.h
lib/Communicator/MPI/layout.h
lib/Communicator/MPI/channel.h
lib/Communicator/MPI/communicator_mpi.h
lib/Eigen/aeigensolver_IRLanczos-tmpl.h
lib/Eigen/aeigensolver_IRArnoldi-tmpl.h
lib/Eigen/aeigensolver.h
lib/Eigen/aeigensolver_IRLanczos.h
lib/Eigen/eigensolver.h
lib/Eigen/eigensolver_IRArnoldi.h
lib/Eigen/aeigensolver_IRArnoldi.h
lib/Eigen/eigensolver_IRLanczos.h
lib/Field/field.h
lib/Field/shiftField_lex.h
lib/Field/shiftField_eo.h
lib/Field/field_thread-inc.h
lib/Field/index_lex.h
lib/Field/field_SF.h
lib/Field/index_eo.h
lib/Field/field_F_1spinor.h
lib/Field/field_G.h
lib/Field/field_F.h
lib/Field/Imp/field_F_imp_SU2-inc.h
lib/Field/Imp/field_F_imp_SU3-inc.h
lib/Field/Imp/field_G_imp_SU2-inc.h
lib/Field/Imp/field_F_imp_SU_N-inc.h
lib/Field/Imp/field_G_imp_SU3-inc.h
lib/Field/Imp/field_G_imp_SU_N-inc.h
lib/Fopr/afopr_Smeared_alt.h
lib/Fopr/afopr_Chebyshev.h
lib/Fopr/afopr_Domainwall_eo-tmpl.h
lib/Fopr/afopr_Sign-tmpl.h
lib/Fopr/fopr_Overlap.h
lib/Fopr/fopr_Sign.h
lib/Fopr/afopr_Smeared_alt-tmpl.h
lib/Fopr/fopr_Staggered.h
lib/Fopr/afopr_eo.h
lib/Fopr/afopr_Wilson_TwistedMass-tmpl.h
lib/Fopr/fopr_Overlap_5d.h
lib/Fopr/afopr_Wilson_TwistedMass.h
lib/Fopr/fopr_CloverTerm_eo.h
lib/Fopr/fopr_Staggered_eo.h
lib/Fopr/fopr_Smeared_alt.h
lib/Fopr/fopr_Wilson_TwistedMass.h
lib/Fopr/afopr_Clover_Chemical.h
lib/Fopr/afopr_Overlap_5d.h
lib/Fopr/fopr_Clover_eo.h
lib/Fopr/fopr_Clover_SF.h
lib/Fopr/afopr_Rational.h
lib/Fopr/afopr_Overlap-tmpl.h
lib/Fopr/fopr_CloverTerm.h
lib/Fopr/fopr_WilsonGeneral.h
lib/Fopr/fopr_Domainwall_eo.h
lib/Fopr/fopr_CRS.h
lib/Fopr/afopr_Smeared-tmpl.h
lib/Fopr/fopr_Clover.h
lib/Fopr/afopr_Wilson_Chemical.h
lib/Fopr/afopr_Domainwall.h
lib/Fopr/afopr_Overlap.h
lib/Fopr/fopr_Wilson_Chemical.h
lib/Fopr/fopr_CloverGeneral.h
lib/Fopr/afopr_Overlap_5d-tmpl.h
lib/Fopr/fopr_NonRelativistic.h
lib/Fopr/afopr_Sign.h
lib/Fopr/fopr_eo.h
lib/Fopr/fopr_Wilson_SF.h
lib/Fopr/afopr_Rational-tmpl.h
lib/Fopr/fopr_Rational.h
lib/Fopr/afopr_Chebyshev-tmpl.h
lib/Fopr/fopr_Smeared_eo.h
lib/Fopr/afopr_Wilson_Chemical-tmpl.h
lib/Fopr/fopr_Clover_Chemical.h
lib/Fopr/fopr_thread-inc.h
lib/Fopr/fopr_Rational_SF.h
lib/Fopr/afopr_Smeared_eo.h
lib/Fopr/fopr_Chebyshev.h
lib/Fopr/afopr_Domainwall_eo.h
lib/Fopr/afopr_Smeared_eo-tmpl.h
lib/Fopr/fopr_Wilson.h
lib/Fopr/fopr_Domainwall.h
lib/Fopr/fopr.h
lib/Fopr/afopr_Clover_Chemical-tmpl.h
lib/Fopr/afopr_Smeared.h
lib/Fopr/fopr_Wilson_eo.h
lib/Fopr/fopr_Smeared.h
lib/Fopr/fopr_CloverTerm_General.h
lib/Fopr/afopr.h
lib/Fopr/afopr_Domainwall-tmpl.h
lib/Fopr/Org/fopr_CloverTerm_General_impl.h
lib/Fopr/Org/fopr_Wilson_eo_impl.h
lib/Fopr/Org/fopr_CloverTerm_eo_impl.h
lib/Fopr/Org/fopr_CloverTerm_impl.h
lib/Fopr/Org/fopr_Wilson_impl.h
lib/Fopr/Org/fopr_WilsonGeneral_impl.h
lib/Fopr/Imp/fopr_CloverTerm_General_impl.h
lib/Fopr/Imp/fopr_Wilson_impl_SU3-inc.h
lib/Fopr/Imp/fopr_Wilson_eo_impl.h
lib/Fopr/Imp/fopr_Wilson_impl_SU_N-inc.h
lib/Fopr/Imp/fopr_CloverTerm_eo_impl.h
lib/Fopr/Imp/fopr_Wilson_impl_common-inc.h
lib/Fopr/Imp/fopr_CloverTerm_impl.h
lib/Fopr/Imp/fopr_Wilson_impl_SU2-inc.h
lib/Fopr/Imp/fopr_Wilson_impl.h
lib/Fopr/Imp/fopr_WilsonGeneral_impl.h
lib/Force/Fermion/force_F_Clover_Nf2_Isochemical.h
lib/Force/Fermion/force_F_Clover_SF.h
lib/Force/Fermion/force_F_Smeared.h
lib/Force/Fermion/force_F_Wilson_SF.h
lib/Force/Fermion/force_F_CloverTerm.h
lib/Force/Fermion/force_F_Wilson_Nf2_Isochemical.h
lib/Force/Fermion/force_F_Wilson_Nf2.h
lib/Force/Fermion/tensorProd.h
lib/Force/Fermion/force_F_Wilson_TwistedMass_Nf2.h
lib/Force/Fermion/force_F_Overlap_Nf2.h
lib/Force/Fermion/force_F_Rational.h
lib/Force/Fermion/force_F_Domainwall.h
lib/Force/Fermion/force_F_Staggered_eo.h
lib/Force/Fermion/force_F.h
lib/Force/Fermion/force_F_Clover_Nf2.h
lib/Force/Fermion/force_F_Staggered.h
lib/Force/Fermion/aforce_F.h
lib/Force/Fermion/force_F_Wilson_eo.h
lib/Force/Gauge/force_G_Plaq_SF.h
lib/Force/Gauge/force_G.h
lib/Force/Gauge/force_G_Rectangle_SF.h
lib/Force/Gauge/force_G_Rectangle.h
lib/Force/Gauge/force_G_Plaq.h
lib/HMC/hmc_General.h
lib/HMC/integrator_Leapfrog.h
lib/HMC/integrator_Omelyan.h
lib/HMC/hmc_Leapfrog.h
lib/HMC/action_list.h
lib/HMC/integrator_UpdateU.h
lib/HMC/builder_Integrator.h
lib/HMC/integrator_UpdateP.h
lib/HMC/langevin_Momentum.h
lib/HMC/integrator.h
lib/IO/gaugeConfig_SF.h
lib/IO/dataIO_Text.h
lib/IO/fieldIO_Binary_Parallel.h
lib/IO/fieldIO_Text_4x4x4x8.h
lib/IO/fieldIO_LIME_Parallel.h
lib/IO/fieldIO_Text.h
lib/IO/bridgeIO.h
lib/IO/fieldIO_NERSC.h
lib/IO/io_format_gauge.h
lib/IO/fieldIO_Binary.h
lib/IO/fieldIO_LIME.h
lib/IO/fieldIO_Fortran.h
lib/IO/fieldIO.h
lib/IO/gaugeConfig.h
lib/IO/dataIO.h
lib/IO/fieldIO_None.h
lib/IO/io_format.h
lib/IO/fieldIO_Binary_Distributed.h
lib/IO/dataIO_Text_impl.h
lib/Measurements/Fermion/fermionFlow.h
lib/Measurements/Fermion/fprop_Standard_lex.h
lib/Measurements/Fermion/source_Staggered_Wall_Evenodd.h
lib/Measurements/Fermion/source_Staggered_Wall.h
lib/Measurements/Fermion/contract_4spinor.h
lib/Measurements/Fermion/source_Staggered_Wall_Cube.h
lib/Measurements/Fermion/source_Wall.h
lib/Measurements/Fermion/source_MomentumWall.h
lib/Measurements/Fermion/corr2pt_Staggered_Extended.h
lib/Measurements/Fermion/corr2pt_Staggered_Local.h
lib/Measurements/Fermion/source_Local.h
lib/Measurements/Fermion/corr2pt_Wilson_SF.h
lib/Measurements/Fermion/corr4pt_4spinor.h
lib/Measurements/Fermion/fprop.h
lib/Measurements/Fermion/quarkNumberSusceptibility_Wilson.h
lib/Measurements/Fermion/corr2pt_4spinor.h
lib/Measurements/Fermion/fprop_Standard_eo.h
lib/Measurements/Fermion/fprop_Overlap_5d.h
lib/Measurements/Fermion/noiseVector.h
lib/Measurements/Fermion/fermionFlow_2pt_Function.h
lib/Measurements/Fermion/noiseVector_Z2.h
lib/Measurements/Fermion/source_Wall_SF.h
lib/Measurements/Fermion/source_Random.h
lib/Measurements/Fermion/corr2pt_Staggered.h
lib/Measurements/Fermion/fprop_Wilson_Shift.h
lib/Measurements/Fermion/fprop_Standard_Precond.h
lib/Measurements/Fermion/source.h
lib/Measurements/Fermion/source_Exponential.h
lib/Measurements/Fermion/fermionFlow_1pt_Function.h
lib/Measurements/Gauge/energyMomentumTensor.h
lib/Measurements/Gauge/gaugeFixing.h
lib/Measurements/Gauge/polyakovLoop.h
lib/Measurements/Gauge/staple_eo.h
lib/Measurements/Gauge/wilsonLoop.h
lib/Measurements/Gauge/gradientFlow_RungeKutta_2nd.h
lib/Measurements/Gauge/gaugeFixing_Coulomb.h
lib/Measurements/Gauge/gradientFlow.h
lib/Measurements/Gauge/gaugeFixing_None.h
lib/Measurements/Gauge/fieldStrength.h
lib/Measurements/Gauge/energyDensity.h
lib/Measurements/Gauge/gaugeFixing_Landau.h
lib/Measurements/Gauge/gradientFlow_RungeKutta_4th.h
lib/Measurements/Gauge/gradientFlow_RungeKutta.h
lib/Measurements/Gauge/gradientFlow_RungeKutta_3rd.h
lib/Measurements/Gauge/gradientFlow_AdaptiveRungeKutta.h
lib/Measurements/Gauge/staple.h
lib/Measurements/Gauge/staple_SF.h
lib/Measurements/Gauge/topologicalCharge.h
lib/Measurements/Gauge/staple_lex.h
lib/Measurements/Gauge/gradientFlow_RungeKutta_1st.h
lib/Parameters/parameterCheck.h
lib/Parameters/parameterManager_XML.h
lib/Parameters/parameters.h
lib/Parameters/parameterManager_YAML.h
lib/Parameters/commonParameters.h
lib/Parameters/parameterManager.h
lib/ResourceManager/threadManager.h
lib/Smear/director_Smear.h
lib/Smear/smear.h
lib/Smear/forceSmear_HYP_SF.h
lib/Smear/forceSmear_APE.h
lib/Smear/projection_Maximum_SU_N.h
lib/Smear/projection.h
lib/Smear/asmear.h
lib/Smear/smear_HYP_SF.h
lib/Smear/projection_Stout_SU3.h
lib/Smear/smear_HYP.h
lib/Smear/aforceSmear.h
lib/Smear/smear_APE.h
lib/Smear/forceSmear_APE_SF.h
lib/Smear/smear_APE_spatial.h
lib/Smear/forceSmear.h
lib/Smear/smear_APE_SF.h
lib/Smear/forceSmear_HYP.h
lib/Smear/aprojection.h
lib/Solver/solver.h
lib/Solver/solver_CGNE.h
lib/Solver/solver_CG.h
lib/Solver/solver_BiCGStab_DS_L_Cmplx.h
lib/Solver/solver_BiCGStab_L_Cmplx.h
lib/Solver/ashiftsolver.h
lib/Solver/ashiftsolver_CG.h
lib/Solver/solver_BiCGStab_Cmplx.h
lib/Solver/solver_BiCGStab_IDS_L_Cmplx.h
lib/Solver/solver_GMRES_m_Cmplx.h
lib/Solver/shiftsolver.h
lib/Solver/ashiftsolver_CG-tmpl.h
lib/Solver/solver_CGNR.h
lib/Solver/shiftsolver_CG.h
lib/Tools/fft_xyz_3dim.h
lib/Tools/gammaMatrixSet.h
lib/Tools/fft.h
lib/Tools/gammaMatrixSet_Dirac.h
lib/Tools/filename.h
lib/Tools/fft_3d_parallel1d.h
lib/Tools/fft_3d_parallel3d.h
lib/Tools/gammaMatrixSet_Chiral.h
lib/Tools/position.hh
lib/Tools/location.hh
lib/Tools/fft_3d_local.h
lib/Tools/randomNumbers.h
lib/Tools/mat_SU_N.h
lib/Tools/evalexpr_parser.h
lib/Tools/generatorSet_Mat_SU_N.h
lib/Tools/decompose_LU_Cmplx.h
lib/Tools/factory.h
lib/Tools/evalexpr_symbol.h
lib/Tools/vec_SU_N.h
lib/Tools/gammaMatrix.h
lib/Tools/director.h
lib/Tools/math_Sign_Zolotarev.h
lib/Tools/sorter_alt.h
lib/Tools/sorter.h
lib/Tools/decompose_QR_Cmplx.h
lib/Tools/evalexpr.h
lib/Tools/fft_3d.h
lib/Tools/timer.h
lib/Tools/evalexpr_global.h
lib/Tools/unique_pointer.h
lib/Tools/epsilonTensor.h
lib/Tools/fft_xyz_1dim.h
lib/Tools/randomNumbers_MT19937.h
lib/Tools/math_Rational.h
lib/Tools/randomNumbers_SFMT.h
lib/Tools/stack.hh
lib/Tools/file_utils.h
lib/Tools/randomNumberManager.h
lib/Tools/decompose_LUP_Cmplx.h
lib/Tools/eigen_QR_Cmplx.h
lib/Tools/math_Sign_Zolotarev_Omega.h
lib/Tools/randomNumbers_Mseries.h
lib/Tools/decompose_Hessenberg_Cmplx.h
lib_alt/alt_impl.h
lib_alt/bridge_alt_init.h
lib_alt/Action/Fermion/action_F_alt_Rational.h
lib_alt/Action/Fermion/action_F_alt_Rational_Ratio-tmpl.h
lib_alt/Action/Fermion/action_F_alt_Standard_lex.h
lib_alt/Action/Fermion/action_F_alt_Rational_Ratio.h
lib_alt/Action/Fermion/action_F_alt_Ratio_eo.h
lib_alt/Action/Fermion/action_F_alt_Standard_eo.h
lib_alt/Action/Fermion/action_F_alt_Standard_eo-tmpl.h
lib_alt/Action/Fermion/action_F_alt_Rational-tmpl.h
lib_alt/Action/Fermion/action_F_alt_Ratio_lex-tmpl.h
lib_alt/Action/Fermion/action_F_alt_Ratio_eo-tmpl.h
lib_alt/Action/Fermion/action_F_alt_Standard_lex-tmpl.h
lib_alt/Action/Fermion/action_F_alt_Ratio_lex.h
lib_alt/Eigen/aeigensolver_IRArnoldi_block.h
lib_alt/Eigen/aeigensolver_IRArnoldi_block-tmpl.h
lib_alt/Field/aindex_eo_base.h
lib_alt/Field/aindex_lex_base.h
lib_alt/Field/aindex_coarse_lex_base.h
lib_alt/Field/afield_base.h
lib_alt/Field/aindex_block_lex_base.h
lib_alt/Fopr/afopr_dd.h
lib_alt/Fopr/afopr_OptimalDomainwall-tmpl.h
lib_alt/Fopr/afopr_Domainwall_dd.h
lib_alt/Fopr/afopr_Domainwall_dd-tmpl.h
lib_alt/Fopr/afopr_OptimalDomainwall.h
lib_alt/Force/Fermion/aforce_F_Domainwall_eo.h
lib_alt/Force/Fermion/aforce_F_Rational-tmpl.h
lib_alt/Force/Fermion/aforce_F_Wilson_Nf2.h
lib_alt/Force/Fermion/aforce_F_Wilson_eo_Nf2.h
lib_alt/Force/Fermion/aforce_F_Clover_Nf2-tmpl.h
lib_alt/Force/Fermion/aforce_F_Domainwall-tmpl.h
lib_alt/Force/Fermion/aforce_F_Smeared_alt.h
lib_alt/Force/Fermion/aforce_F_Domainwall_eo-tmpl.h
lib_alt/Force/Fermion/aforce_F_Domainwall.h
lib_alt/Force/Fermion/aforce_F_Clover_Nf2.h
lib_alt/Force/Fermion/aforce_F_Wilson_Nf2-tmpl.h
lib_alt/Force/Fermion/aforce_F_Smeared.h
lib_alt/Force/Fermion/aforce_F_Smeared-tmpl.h
lib_alt/Force/Fermion/aforce_F_Rational.h
lib_alt/Force/Fermion/aforce_F_CloverTerm-tmpl.h
lib_alt/Force/Fermion/aforce_F_Wilson_eo_Nf2-tmpl.h
lib_alt/Force/Fermion/aforce_F_Smeared_alt-tmpl.h
lib_alt/Force/Fermion/aforce_F_CloverTerm.h
lib_alt/Measurements/Fermion/fprop_alt_Standard_eo.h
lib_alt/Measurements/Fermion/fprop_alt_Standard_lex_Mixedprec-tmpl.h
lib_alt/Measurements/Fermion/fprop_alt_Standard_lex-tmpl.h
lib_alt/Measurements/Fermion/fprop_alt_Standard_eo-tmpl.h
lib_alt/Measurements/Fermion/eigenmode_Standard_alt.h
lib_alt/Measurements/Fermion/fprop_alt_Standard_eo_Mixedprec-tmpl.h
lib_alt/Measurements/Fermion/fprop_alt.h
lib_alt/Measurements/Fermion/fprop_alt_Standard_lex.h
lib_alt/Measurements/Fermion/fprop_alt_Standard_SAP-tmpl.h
lib_alt/Measurements/Fermion/fprop_alt_Standard_eo_Richardson.h
lib_alt/Measurements/Fermion/fprop_alt_Standard_lex_Mixedprec.h
lib_alt/Measurements/Fermion/fprop_alt_Standard_SAP.h
lib_alt/Measurements/Fermion/fprop_alt_Standard_eo_Richardson-tmpl.h
lib_alt/Measurements/Fermion/eigenmode_Standard_alt-tmpl.h
lib_alt/Measurements/Fermion/fprop_alt_Standard_eo_Mixedprec.h
lib_alt/Solver/asolver_CG_fp16-tmpl.h
lib_alt/Solver/asolver_FGMRES-tmpl.h
lib_alt/Solver/asolver_MG.h
lib_alt/Solver/asolver.h
lib_alt/Solver/asolver_BiCGStab_Cmplx-tmpl.h
lib_alt/Solver/asolver_BiCGStab_Cmplx.h
lib_alt/Solver/asolver_BiCGStab_fp64-tmpl.h
lib_alt/Solver/MultiGrid_Clover.h
lib_alt/Solver/asolver_MG_double.h
lib_alt/Solver/aprecond_Mixedprec.h
lib_alt/Solver/asolver_BiCGStab_fp16-tmpl.h
lib_alt/Solver/asolver_Richardson-tmpl.h
lib_alt/Solver/asolver_BiCGStab.h
lib_alt/Solver/asolver_CGNR.h
lib_alt/Solver/asolver_CG-tmpl.h
lib_alt/Solver/asolver_BiCGStab-tmpl.h
lib_alt/Solver/asolver_SAP.h
lib_alt/Solver/MultiGrid.h
lib_alt/Solver/asolver_CGNR-tmpl.h
lib_alt/Solver/aprecond_MG.h
lib_alt/Solver/asolver_FBiCGStab-tmpl.h
lib_alt/Solver/asolver_CG.h
lib_alt/Solver/aprecond_MG-tmpl.h
lib_alt/Solver/asolver_FBiCGStab.h
lib_alt/Solver/asolver_BiCGStab_Cmplx_fp16-tmpl.h
lib_alt/Solver/aprecond_Mixedprec-tmpl.h
lib_alt/Solver/asolver_SAP_MINRES.h
lib_alt/Solver/asolver_GMRES_m_Cmplx.h
lib_alt/Solver/aprecond.h
lib_alt/Solver/asolver_SAP-tmpl.h
lib_alt/Solver/asolver_Richardson.h
lib_alt/Solver/asolver_FGMRES.h
lib_alt/Solver/asolver_MG_double-tmpl.h
lib_alt/Solver/asolver_BiCGStab_Precond.h
lib_alt/Solver/MultiGrid_Clover-tmpl.h
lib_alt/Solver/asolver_SAP_MINRES-tmpl.h
lib_alt/Solver/asolver_GMRES_m_Cmplx-tmpl.h
lib_alt/Solver/asolver_BiCGStab_Precond-tmpl.h
lib_alt/Solver/asolver_MG-tmpl.h
lib_alt/Smear/director_alt_Smear-tmpl.h
lib_alt/Smear/director_alt_Smear.h
lib_alt_Accel/bridge_init_factory_alt_Accel.h
lib_alt_Accel/bridge_alt_accel.h
lib_alt_Accel/init_alt_Accel.h
lib_alt_Accel/inline/define_index.h
lib_alt_Accel/inline/afield_th-inc.h
lib_alt_Accel/inline/constant_memory.h
lib_alt_Accel/inline/constant_memory_inline.h
lib_alt_Accel/inline/define_params.h
lib_alt_Accel/inline/mult_Wilson_cuda_inline-inc.h
lib_alt_Accel/ResourceManager/deviceManager_OpenACC.h
lib_alt_Accel/ResourceManager/deviceManager_NVSHMEM.h
lib_alt_Accel/ResourceManager/deviceManager_CUDA.h
lib_alt_Accel/Field/afield-tmpl.h
lib_alt_Accel/Field/shiftAField_lex-tmpl.h
lib_alt_Accel/Field/shiftAField_lex.h
lib_alt_Accel/Field/afield_dd-inc.h
lib_alt_Accel/Field/aindex_eo.h
lib_alt_Accel/Field/aindex_block_lex.h
lib_alt_Accel/Field/aindex_eo-tmpl.h
lib_alt_Accel/Field/aindex_lex.h
lib_alt_Accel/Field/afield_Gauge-inc.h
lib_alt_Accel/Field/afield-inc.h
lib_alt_Accel/Field/aindex_coarse_lex.h
lib_alt_Accel/Field/afield.h
lib_alt_Accel/Field/aindex_eo-inc.h
lib_alt_Accel/Field/afield_4spinor-inc.h
lib_alt_Accel/Fopr/afopr_Wilson-tmpl.h
lib_alt_Accel/Fopr/afopr_Domainwall_coarse.h
lib_alt_Accel/Fopr/afopr_Domainwall_5din_eo-tmpl.h
lib_alt_Accel/Fopr/afopr_Wilson_CLE.h
lib_alt_Accel/Fopr/afopr_Clover_eo-tmpl.h
lib_alt_Accel/Fopr/afopr_Clover_eo.h
lib_alt_Accel/Fopr/afopr_Clover_coarse.h
lib_alt_Accel/Fopr/afopr_Domainwall_5din_eo.h
lib_alt_Accel/Fopr/afopr_Clover.h
lib_alt_Accel/Fopr/afopr_Staggered_CLE.h
lib_alt_Accel/Fopr/afopr_Clover_dd.h
lib_alt_Accel/Fopr/afopr_Domainwall_5din_dd-tmpl.h
lib_alt_Accel/Fopr/afopr_Wilson_eo.h
lib_alt_Accel/Fopr/afopr_Domainwall_coarse-tmpl.h
lib_alt_Accel/Fopr/afopr_Wilson_dd.h
lib_alt_Accel/Fopr/afopr_Wilson.h
lib_alt_Accel/Fopr/afopr_Domainwall_5din.h
lib_alt_Accel/Fopr/afopr_Wilson_CLE-tmpl.h
lib_alt_Accel/Fopr/afopr_Clover_coarse-tmpl.h
lib_alt_Accel/Fopr/afopr_Wilson_SU3-inc.h
lib_alt_Accel/Fopr/afopr_Staggered_eo-tmpl.h
lib_alt_Accel/Fopr/afopr_common_th-inc.h
lib_alt_Accel/Fopr/afopr_Staggered.h
lib_alt_Accel/Fopr/afopr_Domainwall_5din_dd.h
lib_alt_Accel/Fopr/afopr_Clover_dd-tmpl.h
lib_alt_Accel/Fopr/afopr_Domainwall_5din-tmpl.h
lib_alt_Accel/Fopr/afopr_CloverTerm.h
lib_alt_Accel/Fopr/afopr_Wilson_mult-inc.h
lib_alt_Accel/Fopr/afopr_Staggered_CLE-tmpl.h
lib_alt_Accel/Fopr/afopr_Wilson_dd-tmpl.h
lib_alt_Accel/Fopr/afopr_Staggered_eo.h
lib_alt_Accel/Fopr/afopr_Staggered-tmpl.h
lib_alt_Accel/Fopr/afopr_Wilson_eo-tmpl.h
lib_alt_Accel/Fopr/afopr_CloverTerm-tmpl.h
lib_alt_Accel/Fopr/afopr_Clover-tmpl.h
lib_alt_Accel/Measurements/Gauge/astaple_lex.h
lib_alt_Accel/Measurements/Gauge/astaple_lex-tmpl.h
lib_alt_Accel/BridgeACC/bridgeACC_Domainwall.h
lib_alt_Accel/BridgeACC/bridgeACC_Clover.h
lib_alt_Accel/BridgeACC/bridgeACC_Clover_coarse.h
lib_alt_Accel/BridgeACC/bridgeACC_AField_dd.h
lib_alt_Accel/BridgeACC/bridgeACC_Index_eo_alt.h
lib_alt_Accel/BridgeACC/bridgeACC_AField_Gauge.h
lib_alt_Accel/BridgeACC/bridgeACC_Wilson_CLE.h
lib_alt_Accel/BridgeACC/bridgeACC_ShiftAField_lex.h
lib_alt_Accel/BridgeACC/bridgeACC_AField.h
lib_alt_Accel/BridgeACC/constant_memory.h
lib_alt_Accel/BridgeACC/bridgeACC_Domainwall_coarse.h
lib_alt_Accel/BridgeACC/bridgeACC_Wilson.h
lib_alt_Accel/BridgeACC/bridgeACC.h
lib_alt_Accel/BridgeACC/bridgeACC_Staggered.h
make[1]: Leaving directory '/home/wlchenhome/Bridge/with_alpha'
Starting build_bridgecuda...
make -C src/lib_alt_Accel/BridgeCUDA all
make[1]: Entering directory '/home/wlchenhome/Bridge/with_alpha/src/lib_alt_Accel/BridgeCUDA'
Bridge++'s CUDA LIBRARY STARTING
Total source files: 17
make[1]: Leaving directory '/home/wlchenhome/Bridge/with_alpha/src/lib_alt_Accel/BridgeCUDA'
Creating symbolic link for libbridgecuda.a...
rm -f ./build/libbridgecuda.a
ln -s ../src/lib_alt_Accel/BridgeCUDA/libbridgecuda.a ./build/libbridgecuda.a
Finished building BridgeCUDA
make: Entering directory '/home/wlchenhome/Bridge/with_alpha/test_alt_spectrum/src'
----------------------------------------------------------------
Compilation Environment Summary

Options:
  target              = CUDA ( CUDA )
  use_mpi             = yes
  use_thread          = omp
  use_opt_code        = yes
  use_opt_level       = high
  use_static          = no
  use_debug           = no
  use_gauge_group     = su3
  use_complex         = std
  use_cpp11           = yes
  use_testmanager     = no
  use_lime_library    = no
  use_sfmt_library    = no
  use_ntl_library     = no
  use_fftw_library    = no
  use_yamlcpp_library = no
  use_tinyxml2_library= no
  use_qws_library     = no

Compiler and options:
  CXX         = nvcc -ccbin mpic++
  CXXFLAGS    = -Xcompiler -fopenmp -std=c++11 -O3 -gencode=arch=compute_80,code=sm_80
  LD          = nvcc -ccbin mpic++
  LDFLAGS     = -Xcompiler -fopenmp -gencode=arch=compute_80,code=sm_80
  LDLIBS      = -lm -lnvidia-ml -lcuda -lcudart
  CXXDEP      = nvcc -ccbin mpic++
  CXXDEPFLAGS = -MM
  CPPFLAGS    = -DUSE_STRDUP -DNDEBUG -DCUDA -DUSE_MPI -DUSE_IMP -DUSE_GROUP_SU3 -DUSE_OPENMP -DUSE_STD_COMPLEX -DLIB_CPP11 -DUSE_FACTORY -DUSE_ALT_CODE -DUSE_ALT_ACCEL -DUSE_ACCEL_CUDA
----------------------------------------------------------------
✅ Build complete! Output: bridge.elf
make: Leaving directory '/home/wlchenhome/Bridge/with_alpha/test_alt_spectrum/src'
Bridge++ 2.0.0

input filename : main.yaml

file = main.yaml

Lattice parameters:
  Lx = 32,  Ly = 8,  Lz = 8,  Lt = 12,
  Nx = 32,  Ny = 8,  Nz = 8,  Nt = 12,
  NPEx = 1,  NPEy  = 1,  NPEz  = 1,  NPEt  = 1,
  Lvol = 24576,  Nvol = 24576,  NPE = 1,
  Ndim = 4
  Nc   = 3
  Nd   = 4

ThreadManager: initialization
Warning at ThreadManager: Nthread(env) != Nthread(input)
  Number of threads(env)   = 2
  Number of threads(input) = 1
  reset Nthread = Nthread(input).
  Number of threads = 1
Main: input parameters
  lattice_size     = [32, 8, 8, 12]
  grid_size        = [1, 1, 1, 1]
  number of thread = 1
  number of color  = 3
  logfile          = stdout
  ildg_logfile     = stdout
  vlevel           = General

Alt_Accel code is being setup.
DeviceManager_CUDA: being initialized.
  process_id = 0
  number of devices = 1
  device_id = 0  is used on process = 0
------------------------------------------------
Alt_Accel: Factory entries
------------------------------------------------
AFopr<double, ACCEL> >(void):
AFopr<double, ACCEL>(Parameters&):
	Clover
	CloverTerm
	Clover_dd
	Domainwall
	Domainwall_5din
	Domainwall_5din_dd
	Domainwall_5din_eo
	Domainwall_eo
	Wilson
	Wilson_dd
AFopr<double, ACCEL>(Fopr*):
	Domainwall
AFopr<double, ACCEL>(Fopr*, Director*):
AFopr<float, ACCEL> >(void):
AFopr<float, ACCEL>(Parameters&):
	Clover
	CloverTerm
	Clover_dd
	Domainwall
	Domainwall_5din
	Domainwall_5din_dd
	Domainwall_5din_eo
	Domainwall_eo
	Wilson
	Wilson_dd
AFopr<float, ACCEL>(Fopr*):
	Domainwall
AFopr<float, ACCEL>(Fopr*, Director*):
AEigensolver<AField<float, ACCEL> >, Afopr>(Fopr*):
	IRArnoldi
	IRLanczos
------------------------------------------------
Timer: timestamp: 2026/02/05 22:44:49 +0900

--------------------------------------------------------------------
test name: Spectrum_Wilson_althadron_2ptFunction
test file: test_alt_Spectrum_Wilson_Hadron2ptFunction.yaml
test mode: double
file = test_alt_Spectrum_Wilson_Hadron2ptFunction.yaml
  vlevel       = General
 Random number init: ndelay =   1234567

Configuration setup:
  gconf_status = Continue
  gconf_read   = Text_4x4x4x8
  readfile     = ./conf_04040408.txt
  plaq = 0.597969

Gauge fixing:
  Gauge fixing type = None

gmset_type   = Dirac
Gamma matrix: dirac representation.
Imp::Fopr_Wilson: construction
  Gauge group implementation: SU(3)
  Imp::Fopr_Wilson: input parameters
    gamma-matrix type = Dirac
    kappa  =   0.12000000
    boundary[0] = -1
    boundary[1] = -1
    boundary[2] = -1
    boundary[3] = -1
Imp::Fopr_Wilson: construction finished.

Check of fermion operator
  sizeof(real_t) = 8
norm of source vector: 1.000000
AFopr_Wilson<AField<double,ACCEL> >: construction
  do_comm[0] = 0
  do_comm[1] = 0
  do_comm[2] = 0
  do_comm[3] = 0
Parameters of AFopr_Wilson<AField<double,ACCEL> >:
  gamma-matrix type = Dirac
  kappa =   0.1200
  boundary[0] = -1
  boundary[1] = -1
  boundary[2] = -1
  boundary[3] = -1
AFopr_Wilson<AField<double,ACCEL> >: construction finished.
 nin = 24  nvol = 24576  nex = 1
convert not required.
b norm2 = 1.000000e+00
abq norm2 = 1.000000e+00
mult_wilson_D_dirac: use_qtw = 1

norm2(ref) = 8.702661
norm2(alt) = 1.779214
norm2(alt) = 1.793551
diff2 = 10.519547
Fprop_alt_Standard_lex<Afield<double,ACCEL> >: construction (without link smearing).
AFopr_Wilson<AField<double,ACCEL> >: construction
  do_comm[0] = 0
  do_comm[1] = 0
  do_comm[2] = 0
  do_comm[3] = 0
Parameters of AFopr_Wilson<AField<double,ACCEL> >:
  gamma-matrix type = Dirac
  kappa =   0.1200
  boundary[0] = -1
  boundary[1] = -1
  boundary[2] = -1
  boundary[3] = -1
AFopr_Wilson<AField<double,ACCEL> >: construction finished.
  use_qtw: true
ASolver_BiCGStab<Afield<double,ACCEL> >:
  Precision: double
  Niter     = 4000
  Stop_cond =   1.00000000e-32
  init_guess_mode: 0
  Omega_tolerance = 7.00e-01
Fprop_alt_Standard_lex<Afield<double,ACCEL> >: construction finished.

Fprop_alt_Standard_lex<Afield<double,ACCEL> >: mult performance:
  mult mode = D
  Number of mult =                 20
  Elapsed time   =       0.023438 sec
  Flop(Fopr)     =           33619968
  Flop(total)    =          672399360
  Performance    =      28.688 GFlops

Fprop_alt_Standard_lex<Afield<double,ACCEL> >: mult performance:
  mult mode = D
  Number of mult =               1000
  Elapsed time   =       1.117113 sec
  Flop(Fopr)     =           33619968
  Flop(total)    =        33619968000
  Performance    =      30.095 GFlops
source_type  = Local
Source for spinor field - local:
  source_position[0] = 0
  source_position[1] = 0
  source_position[2] = 0
  source_position[3] = 0

Solving quark propagator:
  color spin   Nconv      diff           diff2
    0    0      119     1.9598e-16     1.4082e-01
    1    0      119     1.9598e-16     2.1408e+00
    2    0      119     1.3167e-16     2.1011e+00
    0    1      119     1.3167e-16     2.1011e+00
    1    1      119     1.0826e-16     2.0934e+00
    2    1      119     1.0826e-16     2.0934e+00
    0    2      117     1.2885e-16     2.1419e+00
    1    2      117     1.2885e-16     2.1403e+00
    2    2      114     2.2398e-16     2.1033e+00
    0    3      114     2.2398e-16     2.1006e+00
    1    3      117     1.3726e-16     2.0938e+00
    2    3      117     1.3726e-16     2.0926e+00
Fprop_alt_Standard_lex<Afield<double,ACCEL> >: solver performance:
  Elapsed time =       2.479419 sec
  Flop(total)  =        56857853952
  Performance  =      22.932 GFlops

2-point correlator:
PS <-- PS correlator:
     0    1.635653761414e+01   -2.407412430484e-34
     1    1.665223994446e+00    9.629649721936e-35
     2    2.234725640945e-01   -1.053242938337e-35
     3    3.692476081513e-02   -1.504632769053e-36
     4    6.543841902143e-03    0.000000000000e+00
     5    1.123784749009e-03    2.350988701645e-38
     6    0.000000000000e+00    0.000000000000e+00
     7    0.000000000000e+00    0.000000000000e+00
     8    0.000000000000e+00    0.000000000000e+00
     9    0.000000000000e+00    0.000000000000e+00
    10    0.000000000000e+00    0.000000000000e+00
    11    0.000000000000e+00    0.000000000000e+00
V1 <-- V1 correlator:
     0   -1.084935901281e-03    0.000000000000e+00
     1    9.813352498210e-05   -6.505213034913e-19
     2   -2.640223570524e-05    5.421010862428e-20
     3   -1.719041463845e-04   -4.065758146821e-20
     4   -6.597381945475e-05   -3.388131789017e-21
     5   -1.133929903593e-05   -1.482307657695e-21
     6    0.000000000000e+00    0.000000000000e+00
     7    0.000000000000e+00    0.000000000000e+00
     8    0.000000000000e+00    0.000000000000e+00
     9    0.000000000000e+00    0.000000000000e+00
    10    0.000000000000e+00    0.000000000000e+00
    11    0.000000000000e+00    0.000000000000e+00
V2 <-- V2 correlator:
     0    1.758987657523e-02   -2.602085213965e-18
     1    2.754550994553e-03    2.168404344971e-19
     2    1.788610482041e-03    5.421010862428e-20
     3    7.440382125030e-04    3.388131789017e-20
     4    1.304624783187e-04   -2.541098841763e-21
     5    1.898107076538e-05   -2.117582368136e-22
     6    0.000000000000e+00    0.000000000000e+00
     7    0.000000000000e+00    0.000000000000e+00
     8    0.000000000000e+00    0.000000000000e+00
     9    0.000000000000e+00    0.000000000000e+00
    10    0.000000000000e+00    0.000000000000e+00
    11    0.000000000000e+00    0.000000000000e+00
V3 <-- V3 correlator:
     0    2.109179633968e-01    2.162224173986e-18
     1    2.558400037874e-02    1.185909175749e-18
     2   -6.640577978358e-04    1.714298715204e-19
     3   -5.902799214080e-05    3.326716436471e-21
     4    1.895606960677e-04   -7.712102025830e-22
     5    5.965616780671e-05    2.358433695321e-22
     6    0.000000000000e+00    0.000000000000e+00
     7    0.000000000000e+00    0.000000000000e+00
     8    0.000000000000e+00    0.000000000000e+00
     9    0.000000000000e+00    0.000000000000e+00
    10    0.000000000000e+00    0.000000000000e+00
    11    0.000000000000e+00    0.000000000000e+00
A4 <-- PS correlator:
     0   -1.327793168721e+01   -1.925929944387e-34
     1   -1.343618014021e+00    4.814824860968e-35
     2   -1.802510665658e-01   -9.027796614315e-36
     3   -2.991995668642e-02    1.504632769053e-36
     4   -5.298097034928e-03    0.000000000000e+00
     5   -9.362990182313e-04   -1.175494350822e-38
     6    0.000000000000e+00    0.000000000000e+00
     7    0.000000000000e+00    0.000000000000e+00
     8    0.000000000000e+00    0.000000000000e+00
     9    0.000000000000e+00    0.000000000000e+00
    10    0.000000000000e+00    0.000000000000e+00
    11    0.000000000000e+00    0.000000000000e+00
PS <-- A4 correlator:
     0    5.503943543756e-04    1.444447458290e-34
     1   -2.193432468045e-04   -1.444447458290e-34
     2   -4.446984079952e-04    1.504632769053e-36
     3   -3.237056029939e-04   -3.009265538105e-36
     4   -8.187500694470e-05    0.000000000000e+00
     5   -1.737186897353e-05    2.350988701645e-38
     6    0.000000000000e+00    0.000000000000e+00
     7    0.000000000000e+00    0.000000000000e+00
     8    0.000000000000e+00    0.000000000000e+00
     9    0.000000000000e+00    0.000000000000e+00
    10    0.000000000000e+00    0.000000000000e+00
    11    0.000000000000e+00    0.000000000000e+00
S <-- S correlator:
     0   -8.772343200752e-03   -8.673617379884e-19
     1    4.939428798693e-04    0.000000000000e+00
     2   -9.485318656716e-05    3.726944967919e-20
     3   -9.750598124318e-05    3.388131789017e-21
     4    4.948575902529e-05   -1.694065894509e-21
     5    9.699777410282e-07    4.235164736272e-22
     6    0.000000000000e+00    0.000000000000e+00
     7    0.000000000000e+00    0.000000000000e+00
     8    0.000000000000e+00    0.000000000000e+00
     9    0.000000000000e+00    0.000000000000e+00
    10    0.000000000000e+00    0.000000000000e+00
    11    0.000000000000e+00    0.000000000000e+00
GAMMA51 <-- GAMMA51 correlator:
     0   -1.185651645249e-02   -4.119968255445e-18
     1   -1.045303543039e-02   -3.794707603699e-19
     2   -1.311653158260e-03   -2.846030702774e-19
     3   -4.247420277872e-04    3.388131789017e-20
     4   -8.131672854606e-05    2.541098841763e-21
     5    5.460090812611e-06   -1.694065894509e-21
     6    0.000000000000e+00    0.000000000000e+00
     7    0.000000000000e+00    0.000000000000e+00
     8    0.000000000000e+00    0.000000000000e+00
     9    0.000000000000e+00    0.000000000000e+00
    10    0.000000000000e+00    0.000000000000e+00
    11    0.000000000000e+00    0.000000000000e+00
GAMMA52 <-- GAMMA52 correlator:
     0   -9.706570832837e-03   -1.734723475977e-18
     1    3.638144139004e-03    2.168404344971e-19
     2   -3.731380593135e-04   -2.710505431214e-19
     3   -5.023434810860e-05    1.355252715607e-20
     4   -2.147642793173e-06   -3.388131789017e-21
     5    2.857946265353e-06   -1.270549420881e-21
     6    0.000000000000e+00    0.000000000000e+00
     7    0.000000000000e+00    0.000000000000e+00
     8    0.000000000000e+00    0.000000000000e+00
     9    0.000000000000e+00    0.000000000000e+00
    10    0.000000000000e+00    0.000000000000e+00
    11    0.000000000000e+00    0.000000000000e+00
GAMMA53 <-- GAMMA53 correlator:
     0   -5.430207089651e-02   -5.421010862428e-18
     1   -4.523450131401e-02   -2.059984127722e-18
     2   -5.418358501750e-03    6.776263578034e-20
     3    1.629491257291e-05    8.470329472543e-21
     4    1.767942622607e-05    7.623296525289e-21
     5   -1.720486019932e-05    8.470329472543e-22
     6    0.000000000000e+00    0.000000000000e+00
     7    0.000000000000e+00    0.000000000000e+00
     8    0.000000000000e+00    0.000000000000e+00
     9    0.000000000000e+00    0.000000000000e+00
    10    0.000000000000e+00    0.000000000000e+00
    11    0.000000000000e+00    0.000000000000e+00
SIGMA12 <-- SIGMA12 correlator:
     0    3.917949547532e-02    6.938893903907e-18
     1    1.105966811526e-03   -1.599198204416e-18
     2   -2.529209376362e-04    4.743384504624e-20
     3    3.040730152136e-04   -1.185846126156e-20
     4    1.619192361455e-04   -4.235164736272e-21
     5    3.583277519197e-05    0.000000000000e+00
     6    0.000000000000e+00    0.000000000000e+00
     7    0.000000000000e+00    0.000000000000e+00
     8    0.000000000000e+00    0.000000000000e+00
     9    0.000000000000e+00    0.000000000000e+00
    10    0.000000000000e+00    0.000000000000e+00
    11    0.000000000000e+00    0.000000000000e+00
SIGMA23 <-- SIGMA23 correlator:
     0   -1.731861800109e-03    4.336808689942e-19
     1    9.584451517907e-04   -8.673617379884e-19
     2    2.224701397404e-04    0.000000000000e+00
     3    2.711747195993e-05   -1.355252715607e-20
     4   -1.034007143094e-05   -1.694065894509e-21
     5    5.326790359764e-07    1.058791184068e-21
     6    0.000000000000e+00    0.000000000000e+00
     7    0.000000000000e+00    0.000000000000e+00
     8    0.000000000000e+00    0.000000000000e+00
     9    0.000000000000e+00    0.000000000000e+00
    10    0.000000000000e+00    0.000000000000e+00
    11    0.000000000000e+00    0.000000000000e+00
SIGMA31 <-- SIGMA31 correlator:
     0    1.887523991475e-01    7.806255641896e-18
     1   -4.853604025624e-03   -1.626303258728e-18
     2   -8.093358317744e-04    1.084202172486e-19
     3    1.004971228637e-03    0.000000000000e+00
     4    7.298801439559e-05    8.470329472543e-22
     5   -3.040788102378e-06    1.588186776102e-22
     6    0.000000000000e+00    0.000000000000e+00
     7    0.000000000000e+00    0.000000000000e+00
     8    0.000000000000e+00    0.000000000000e+00
     9    0.000000000000e+00    0.000000000000e+00
    10    0.000000000000e+00    0.000000000000e+00
    11    0.000000000000e+00    0.000000000000e+00
Elapsed time: Spectrum_Wilson_althadron_2ptFunction: total         0.09 sec, count    1, average         0.09 sec

check test data
check precision = 1.0e-11
result: 1.63565376141419e+01  expected: 1.45449619163833e+01
test result: incorrect! (T_T)
diff: expected - result = 1.24550047512884e-01

Test result for Accel = 1
Elapsed time: Main: total         4.28 sec, count    1, average         4.28 sec
Timer: timestamp: 2026/02/05 22:44:53 +0900
