Bridge++ 2.0.0

input filename : main.yaml

file = main.yaml

Lattice parameters:
  Lx = 16,  Ly = 16,  Lz = 16,  Lt = 16,
  Nx = 16,  Ny = 16,  Nz = 16,  Nt = 16,
  NPEx = 1,  NPEy  = 1,  NPEz  = 1,  NPEt  = 1,
  Lvol = 65536,  Nvol = 65536,  NPE = 1,
  Ndim = 4
  Nc   = 3
  Nd   = 4

ThreadManager: initialization
Warning at ThreadManager: Nthread(env) != Nthread(input)
  Number of threads(env)   = 2
  Number of threads(input) = 1
  reset Nthread = Nthread(input).
  Number of threads = 1
Main: input parameters
  lattice_size     = [16, 16, 16, 16]
  grid_size        = [1, 1, 1, 1]
  number of thread = 1
  number of color  = 3
  logfile          = stdout
  ildg_logfile     = stdout
  vlevel           = General

Alt_Accel code is being setup.
DeviceManager_CUDA: being initialized.
  process_id = 0
  number of devices = 1
  device_id = 0  is used on process = 0
------------------------------------------------
Alt_Accel: Factory entries
------------------------------------------------
AFopr<double, ACCEL> >(void):
AFopr<double, ACCEL>(Parameters&):
	Clover
	CloverTerm
	Clover_dd
	Domainwall
	Domainwall_5din
	Domainwall_5din_dd
	Domainwall_5din_eo
	Domainwall_eo
	Wilson
	Wilson_dd
AFopr<double, ACCEL>(Fopr*):
	Domainwall
AFopr<double, ACCEL>(Fopr*, Director*):
AFopr<float, ACCEL> >(void):
AFopr<float, ACCEL>(Parameters&):
	Clover
	CloverTerm
	Clover_dd
	Domainwall
	Domainwall_5din
	Domainwall_5din_dd
	Domainwall_5din_eo
	Domainwall_eo
	Wilson
	Wilson_dd
AFopr<float, ACCEL>(Fopr*):
	Domainwall
AFopr<float, ACCEL>(Fopr*, Director*):
AEigensolver<AField<float, ACCEL> >, Afopr>(Fopr*):
	IRArnoldi
	IRLanczos
------------------------------------------------
Timer: timestamp: 2026/06/06 11:14:29 +0900
file = test_alt_Spectrum_Domainwall_5din_Hadron2ptFunction.yaml

--------------------------------------------------------------------
test name: Spectrum_Domainwall_alt.hadron_2ptFunction
test file: test_alt_Spectrum_Domainwall_5din_Hadron2ptFunction.yaml
test mode: double_eo
file = test_alt_Spectrum_Domainwall_5din_Hadron2ptFunction.yaml
  vlevel       = General
  source_type  = Local
Smearing parameters (assumes APE-Stout):
   proj_type:  Stout_SU3
   smear_type: APE
   rho_uniform: 0.100000
   number_of_smearing: 0
  vlevel       = General

Configuration setup:
  gconf_status = Continue
  gconf_read   = Text
  readfile     = ./conf_real16.txt
  plaq = 0.596178

Gauge fixing:
  Gauge fixing type = None
Parameters: get_string: key 'filename_output' not found.
Elapsed time: calc_plqauette: total         0.13 sec, count    1, average         0.13 sec
plaquette (before smearing):       0.596178494528857
applying smearing
Smear_APE:
  rho =   0.1000
Director_Smear:
  Nsmear = 0
Parameters: get_string: key 'filename_output' not found.
Elapsed time: calc_plqauette: total         0.12 sec, count    1, average         0.12 sec
Elapsed time: smearig: total         0.13 sec, count    1, average         0.13 sec
plaquette (after smearing):        0.596178494528857
  gmset_type   = Dirac
Gamma matrix: dirac representation.
Fopr_Domainwall: construction
  Imp::Fopr_Wilson: construction
    Gauge group implementation: SU(3)
    Imp::Fopr_Wilson: input parameters
      gamma-matrix type = Dirac
      kappa  =   0.20833333
      boundary[0] =  1
      boundary[1] =  1
      boundary[2] =  1
      boundary[3] = -1
  Imp::Fopr_Wilson: construction finished.
  Fopr_Domainwall: input parameters
    mq   =   0.0500
    M0   =   1.6000
    Ns   =    8
    boundary[0] =  1
    boundary[1] =  1
    boundary[2] =  1
    boundary[3] = -1
    coefficients:
    b[ 0] =     1.5000000000  c[ 0] =     0.5000000000
    b[ 1] =     1.5000000000  c[ 1] =     0.5000000000
    b[ 2] =     1.5000000000  c[ 2] =     0.5000000000
    b[ 3] =     1.5000000000  c[ 3] =     0.5000000000
    b[ 4] =     1.5000000000  c[ 4] =     0.5000000000
    b[ 5] =     1.5000000000  c[ 5] =     0.5000000000
    b[ 6] =     1.5000000000  c[ 6] =     0.5000000000
    b[ 7] =     1.5000000000  c[ 7] =     0.5000000000
Fopr_Domainwall: construction finished.
Fopr_Domainwall: input parameters
  mq   =   0.0500
  M0   =   1.6000
  Ns   =    8
  boundary[0] =  1
  boundary[1] =  1
  boundary[2] =  1
  boundary[3] = -1
  coefficients:
  b[ 0] =     1.5000000000  c[ 0] =     0.5000000000
  b[ 1] =     1.5000000000  c[ 1] =     0.5000000000
  b[ 2] =     1.5000000000  c[ 2] =     0.5000000000
  b[ 3] =     1.5000000000  c[ 3] =     0.5000000000
  b[ 4] =     1.5000000000  c[ 4] =     0.5000000000
  b[ 5] =     1.5000000000  c[ 5] =     0.5000000000
  b[ 6] =     1.5000000000  c[ 6] =     0.5000000000
  b[ 7] =     1.5000000000  c[ 7] =     0.5000000000
Imp::Fopr_Wilson: construction
  Gauge group implementation: SU(3)
  Imp::Fopr_Wilson: input parameters
    gamma-matrix type = Dirac
    kappa  =   0.20833333
    boundary[0] =  1
    boundary[1] =  1
    boundary[2] =  1
    boundary[3] = -1
Imp::Fopr_Wilson: construction finished.
Source for spinor field - local:
  source_position[0] = 0
  source_position[1] = 0
  source_position[2] = 0
  source_position[3] = 0

Check of fermion operator (even-odd)
norm of source vector: 1.000000
AFopr_Domainwall_5din_eo<AField<double,ACCEL> >: construction
  do_comm[0] = 0
  do_comm[1] = 0
  do_comm[2] = 0
  do_comm[3] = 0
    extended_precision = true
    su3_reconstruction = false
  AFopr_Domainwall_5din_eo<AField<double,ACCEL> >: input parameters
    gamma matrix repr.:  Dirac
    code implementation: 5d
    mq   =   0.0500
    M0   =   1.6000
    Ns   =    8
    boundary[0] =  1
    boundary[1] =  1
    boundary[2] =  1
    boundary[3] = -1
    coefficients:
      b[ 0] =     1.5000000000  c[ 0] =     0.5000000000
      b[ 1] =     1.5000000000  c[ 1] =     0.5000000000
      b[ 2] =     1.5000000000  c[ 2] =     0.5000000000
      b[ 3] =     1.5000000000  c[ 3] =     0.5000000000
      b[ 4] =     1.5000000000  c[ 4] =     0.5000000000
      b[ 5] =     1.5000000000  c[ 5] =     0.5000000000
      b[ 6] =     1.5000000000  c[ 6] =     0.5000000000
      b[ 7] =     1.5000000000  c[ 7] =     0.5000000000
    alpha =   1.0000
convert required.
convert performed.

[D check]
norm2(abq) = 1.000000
norm2(y5)  = 113.087402
norm2(z5)  = 113.087402
norm2(axq) = 113.087402
diff2 = 0.000000

[Ddag check]
norm2(abq) = 1.000000
norm2(y5)  = 118.579156
norm2(z5)  = 118.579156
norm2(axq) = 118.579156
diff2 = 0.000000
Elapsed time: afopr_Domainwall_5din_eo: Deo & dagger   : total         0.01 sec, count    4, average         0.00 sec
Elapsed time: afopr_Domainwall_5din_eo: Dee_inv & dag  : total         0.01 sec, count   20, average         0.00 sec
Elapsed time: afopr_Domainwall_5din_eo: clear          : total         0.00 sec, count    0, average         0.00 sec
Elapsed time: afopr_Domainwall_5din_eo: pack           : total         0.00 sec, count    0, average         0.00 sec
Elapsed time: afopr_Domainwall_5din_eo: bulk           : total         0.01 sec, count    4, average         0.00 sec
Elapsed time: afopr_Domainwall_5din_eo: boundary       : total         0.00 sec, count    0, average         0.00 sec
Elapsed time: afopr_Domainwall_5din_eo: comm           : total         0.00 sec, count    0, average         0.00 sec
Elapsed time: afopr_Domainwall_5din_eo: comm_recv_wait : total         0.00 sec, count    0, average         0.00 sec
Elapsed time: afopr_Domainwall_5din_eo: comm_send_wait : total         0.00 sec, count    0, average         0.00 sec
Elapsed time: afopr_Domainwall_5din_eo: comm_recv_start: total         0.00 sec, count    0, average         0.00 sec
Elapsed time: afopr_Domainwall_5din_eo: comm_send_start: total         0.00 sec, count    0, average         0.00 sec
Elapsed time: afopr_Domainwall_5din_eo: comm_test_all  : total         0.00 sec, count    0, average         0.00 sec

Fprop_alt_Standard_eo<Afield<double,ACCEL> >: being setup (without link smearing).
  AFopr_Domainwall_5din_eo<AField<double,ACCEL> >: construction
    do_comm[0] = 0
    do_comm[1] = 0
    do_comm[2] = 0
    do_comm[3] = 0
      extended_precision = true
      su3_reconstruction = false
    AFopr_Domainwall_5din_eo<AField<double,ACCEL> >: input parameters
      gamma matrix repr.:  Dirac
      code implementation: 5d
      mq   =   0.0500
      M0   =   1.6000
      Ns   =    8
      boundary[0] =  1
      boundary[1] =  1
      boundary[2] =  1
      boundary[3] = -1
      coefficients:
        b[ 0] =     1.5000000000  c[ 0] =     0.5000000000
        b[ 1] =     1.5000000000  c[ 1] =     0.5000000000
        b[ 2] =     1.5000000000  c[ 2] =     0.5000000000
        b[ 3] =     1.5000000000  c[ 3] =     0.5000000000
        b[ 4] =     1.5000000000  c[ 4] =     0.5000000000
        b[ 5] =     1.5000000000  c[ 5] =     0.5000000000
        b[ 6] =     1.5000000000  c[ 6] =     0.5000000000
        b[ 7] =     1.5000000000  c[ 7] =     0.5000000000
      alpha =   1.0000
  ASolver_CGNR<Afield<double,ACCEL> >:
  ASolver_CG<Afield<double,ACCEL> >:
    Precision: double
    Niter     = 2400
    Stop_cond =   1.00000000e-90
    init_guess_mode: 0
    true_residual_interval = 10 (logging [TRUERES])
    refinement_iterations = 0
Fprop_alt_Standard_eo<Afield<double,ACCEL> >: setup finished.

Fprop_alt_Standard_eo<Afield<double,ACCEL> >: mult performance:
  mult mode = Dee_inv
  Number of mult =                400
  Elapsed time   =       4.429397 sec
  Flop(Fopr)     =           62914560
  Flop(total)    =        25165824000
  Performance    =       5.682 GFlops

Fprop_alt_Standard_eo<Afield<double,ACCEL> >: mult performance:
  mult mode = Doe
  Number of mult =                400
  Elapsed time   =      30.995016 sec
  Flop(Fopr)     =          390070272
  Flop(total)    =       156028108800
  Performance    =       5.034 GFlops

Fprop_alt_Standard_eo<Afield<double,ACCEL> >: mult performance:
  mult mode = D
  Number of mult =                400
  Elapsed time   =      72.731702 sec
  Flop(Fopr)     =          912261120
  Flop(total)    =       364904448000
  Performance    =       5.017 GFlops

Fprop_alt_Standard_eo<Afield<double,ACCEL> >: mult performance:
  mult mode = Ddag
  Number of mult =                400
  Elapsed time   =      72.702889 sec
  Flop(Fopr)     =          912261120
  Flop(total)    =       364904448000
  Performance    =       5.019 GFlops

Fprop_alt_Standard_eo<Afield<double,ACCEL> >: mult performance:
  mult mode = DdagD
  Number of mult =                400
  Elapsed time   =     145.650162 sec
  Flop(Fopr)     =         1824522240
  Flop(total)    =       729808896000
  Performance    =       5.011 GFlops

Solving quark propagator:
  color spin   Nconv      diff           diff2
ASolver_CGNR<Afield<double,ACCEL> >: solver starts
  mode_prev = D
  b2 size is reset.
  snorm =  2.588466051258844e+01
  init:  9.981091849324673e-01
     0   5.123300097800468e-02
[TRUERES]      0  5.123300097800468e-02  5.123300097800468e-02
     1   1.437178962578561e-02
     2   1.241257337332785e-02
     3   4.474024162935436e-03
     4   2.165598831506031e-03
     5   1.812963873272062e-03
     6   8.551662728026365e-04
     7   5.386075239967636e-04
     8   4.351814595896697e-04
     9   2.300846864613201e-04
    10   1.762323137873733e-04
[TRUERES]     10  1.762323137873733e-04  1.762323137873733e-04
    11   1.401651351523183e-04
    12   8.645869985219501e-05
    13   7.533480570322637e-05
    14   5.991020650829380e-05
    15   4.124319745150563e-05
    16   3.832983236214987e-05
    17   2.965572664662538e-05
    18   2.251819146693071e-05
    19   2.120208210576728e-05
    20   1.573538800024290e-05
[TRUERES]     20  1.573538800024290e-05  1.573538800024290e-05
    21   1.272749223501103e-05
    22   1.156393547238083e-05
    23   8.523072381225648e-06
    24   7.384780961416350e-06
    25   6.536938195259824e-06
    26   4.981344433973439e-06
    27   4.529224951022944e-06
    28   3.895246095448033e-06
    29   3.147257911719930e-06
    30   3.002621963859242e-06
[TRUERES]     30  3.002621963859242e-06  3.002621963859242e-06
    31   2.580300643002733e-06
    32   2.232600682844982e-06
    33   2.199384576398886e-06
    34   1.921541188695268e-06
    35   1.780884250854701e-06
    36   1.788824324854950e-06
    37   1.588407449279553e-06
    38   1.562512900501601e-06
    39   1.540841981915431e-06
    40   1.389114722406355e-06
[TRUERES]     40  1.389114722406355e-06  1.389114722406355e-06
    41   1.403740334523848e-06
    42   1.337207802732913e-06
    43   1.202386367675605e-06
    44   1.190621599465060e-06
    45   1.065027688680859e-06
    46   9.472370280655103e-07
    47   8.983310777640914e-07
    48   7.612767932586867e-07
    49   6.795844326455996e-07
    50   6.188571945044558e-07
[TRUERES]     50  6.188571945044558e-07  6.188571945044558e-07
    51   5.122144941472729e-07
    52   4.612349493100038e-07
    53   4.092376419471640e-07
    54   3.412636316196575e-07
    55   3.117502823994692e-07
    56   2.709224957489511e-07
    57   2.299091080978690e-07
    58   2.119580713945971e-07
    59   1.817922858189780e-07
    60   1.594972656169805e-07
[TRUERES]     60  1.594972656169805e-07  1.594972656169805e-07
    61   1.482760805835325e-07
    62   1.275495789381737e-07
    63   1.154400053865213e-07
    64   1.069639060448656e-07
    65   9.264522137824886e-08
    66   8.660566835384411e-08
    67   7.974327760691577e-08
    68   7.069725138212371e-08
    69   6.758867847074024e-08
    70   6.165957988437936e-08
[TRUERES]     70  6.165957988437936e-08  6.165957988437936e-08
    71   5.590686838469212e-08
    72   5.392908080971408e-08
    73   4.881364372295270e-08
    74   4.495045947170450e-08
    75   4.273827286972987e-08
    76   3.826999696793106e-08
    77   3.592058826320314e-08
    78   3.393922534632921e-08
    79   3.035379628488064e-08
    80   2.868127527203475e-08
[TRUERES]     80  2.868127527203475e-08  2.868127527203475e-08
    81   2.639137141991354e-08
    82   2.345692121615826e-08
    83   2.197878071821999e-08
    84   1.947565733721291e-08
    85   1.709512159682576e-08
    86   1.565160590884241e-08
    87   1.343713934322257e-08
    88   1.181897465241585e-08
    89   1.059654331345610e-08
    90   8.965080274250475e-09
[TRUERES]     90  8.965080274250475e-09  8.965080274250475e-09
    91   7.888982513818173e-09
    92   6.913096013734548e-09
    93   5.782300923472891e-09
    94   5.089539456986430e-09
    95   4.362567218708591e-09
    96   3.659449526203015e-09
    97   3.235684209960656e-09
    98   2.754048303715716e-09
    99   2.363235194093738e-09
   100   2.120927683170264e-09
[TRUERES]    100  2.120927683170264e-09  2.120927683170264e-09
   101   1.825306986376795e-09
   102   1.619599870396023e-09
   103   1.472629788549009e-09
   104   1.288609085035806e-09
   105   1.188547627644064e-09
   106   1.098269778018471e-09
   107   9.903818773040384e-10
   108   9.387583572963865e-10
   109   8.673531976748022e-10
   110   7.959411895193483e-10
[TRUERES]    110  7.959411895193483e-10  7.959411895193483e-10
   111   7.632716325798906e-10
   112   7.024699720631826e-10
   113   6.552467654958642e-10
   114   6.279113612203237e-10
   115   5.761714357135777e-10
   116   5.445989307515252e-10
   117   5.180327142641839e-10
   118   4.750563935326590e-10
   119   4.520336370500596e-10
   120   4.212016465946631e-10
[TRUERES]    120  4.212016465946631e-10  4.212016465946631e-10
   121   3.802517233304735e-10
   122   3.544546886108697e-10
   123   3.175021138826256e-10
   124   2.793481099045543e-10
   125   2.513669803266863e-10
   126   2.147717785655470e-10
   127   1.850047187498602e-10
   128   1.612796287538660e-10
   129   1.345495305870711e-10
   130   1.155314554613243e-10
[TRUERES]    130  1.155314554613243e-10  1.155314554613243e-10
   131   9.943065244112683e-11
   132   8.342485789002704e-11
   133   7.303851374033770e-11
   134   6.310632535462995e-11
   135   5.379402980231569e-11
   136   4.759646385125748e-11
   137   4.089199452904507e-11
   138   3.526195794266558e-11
   139   3.125021175044706e-11
   140   2.672801057396776e-11
[TRUERES]    140  2.672801057396776e-11  2.672801057396776e-11
   141   2.322907556404449e-11
   142   2.050237991863508e-11
   143   1.757366143371225e-11
   144   1.559438528715666e-11
   145   1.388602193623507e-11
   146   1.213702692568143e-11
   147   1.105478761212177e-11
   148   9.899085568631098e-12
   149   8.808802412460696e-12
   150   8.148656621820742e-12
[TRUERES]    150  8.148656621820742e-12  8.148656621820742e-12
   151   7.386995956607373e-12
   152   6.783039849880773e-12
   153   6.393280717845622e-12
   154   5.851937469905971e-12
   155   5.461917311345416e-12
   156   5.130857911947239e-12
   157   4.669761077938578e-12
   158   4.349851626254908e-12
   159   4.010710495837135e-12
   160   3.614540367133867e-12
[TRUERES]    160  3.614540367133867e-12  3.614540367133867e-12
   161   3.348365202171278e-12
   162   3.025498052216899e-12
   163   2.699827113050584e-12
   164   2.469696025927753e-12
   165   2.187275245311910e-12
   166   1.944700364232239e-12
   167   1.745252768898771e-12
   168   1.508214081455993e-12
   169   1.320150328778655e-12
   170   1.148665187161390e-12
[TRUERES]    170  1.148665187161390e-12  1.148665187161390e-12
   171   9.683298440715764e-13
   172   8.332079567874998e-13
   173   7.062106512920014e-13
   174   5.898966662213119e-13
   175   5.072123312203741e-13
   176   4.271871001219480e-13
   177   3.603179199332832e-13
   178   3.109084409879493e-13
   179   2.623306639794938e-13
   180   2.255931255883731e-13
[TRUERES]    180  2.255931255883731e-13  2.255931255883731e-13
   181   1.975916421649445e-13
   182   1.699924931506594e-13
   183   1.511549455022240e-13
   184   1.361889931860879e-13
   185   1.210105480166385e-13
   186   1.111955867621419e-13
   187   1.012307056693894e-13
   188   9.173858497506429e-14
   189   8.570480540559314e-14
   190   7.873218408414780e-14
[TRUERES]    190  7.873218408414780e-14  7.873218408414780e-14
   191   7.285340810064567e-14
   192   6.908393029772300e-14
   193   6.406859478592235e-14
   194   6.078249495587156e-14
   195   5.833977035172745e-14
   196   5.499846059629607e-14
   197   5.317083645702408e-14
   198   5.101428267828904e-14
   199   4.791007405411220e-14
   200   4.583114486059533e-14
[TRUERES]    200  4.583114486059533e-14  4.583114486059533e-14
   201   4.272103039259551e-14
   202   3.918017396506003e-14
   203   3.640163471499943e-14
   204   3.272151697017768e-14
   205   2.932373802991466e-14
   206   2.641501547300301e-14
   207   2.302123131271207e-14
   208   2.025226690048577e-14
   209   1.775876531811218e-14
   210   1.518781722772213e-14
[TRUERES]    210  1.518781722772213e-14  1.518781722772213e-14
   211   1.324211472466539e-14
   212   1.141594658340748e-14
   213   9.677286787205691e-15
   214   8.359663130712764e-15
   215   7.067885846533657e-15
   216   5.959867190545615e-15
   217   5.099033466413266e-15
   218   4.251974400426860e-15
   219   3.573332135234598e-15
   220   3.030287410069153e-15
[TRUERES]    220  3.030287410069153e-15  3.030287410069153e-15
   221   2.524159687561713e-15
   222   2.155727365495740e-15
   223   1.851400676701913e-15
   224   1.576472490240991e-15
   225   1.386355700019049e-15
   226   1.218932068582247e-15
   227   1.076104705368497e-15
   228   9.813481195194956e-16
   229   8.889427082534950e-16
   230   8.143033837814009e-16
[TRUERES]    230  8.143033837814009e-16  8.143033837814009e-16
   231   7.670384260583715e-16
   232   7.129080030635702e-16
   233   6.766050774120069e-16
   234   6.515324465707432e-16
   235   6.188730564430802e-16
   236   6.001882153795544e-16
   237   5.777590677008531e-16
   238   5.457477101459230e-16
   239   5.232975007704551e-16
   240   4.914864065415619e-16
[TRUERES]    240  4.914864065415619e-16  4.914864065415619e-16
   241   4.544046199633155e-16
   242   4.234503199832282e-16
   243   3.833216894982814e-16
   244   3.451436466195146e-16
   245   3.106736533679382e-16
   246   2.711392202680520e-16
   247   2.377449207263233e-16
   248   2.079819686699127e-16
   249   1.782001939212776e-16
   250   1.557771977028992e-16
[TRUERES]    250  1.557771977028992e-16  1.557771977028992e-16
   251   1.349867918630105e-16
   252   1.154472497188311e-16
   253   1.005434906152006e-16
   254   8.588525932982675e-17
   255   7.289621828930777e-17
   256   6.258696215081957e-17
   257   5.260060956545251e-17
   258   4.467176507541349e-17
   259   3.852797148468125e-17
   260   3.276801900766265e-17
[TRUERES]    260  3.276801900766265e-17  3.276801900766265e-17
   261   2.848872949721290e-17
   262   2.494194555843519e-17
   263   2.169973025242563e-17
   264   1.936448328077613e-17
   265   1.726845239020355e-17
   266   1.532197768097926e-17
   267   1.398236245448741e-17
   268   1.266317436286227e-17
   269   1.159656563492759e-17
   270   1.087196681496741e-17
[TRUERES]    270  1.087196681496741e-17  1.087196681496741e-17
   271   1.010333582732300e-17
   272   9.565964778263820e-18
   273   9.156548889654152e-18
   274   8.636795688077071e-18
   275   8.280199500117387e-18
   276   7.889675553386237e-18
   277   7.391850933366105e-18
   278   6.993728042006085e-18
   279   6.492071546834791e-18
   280   5.942824132461450e-18
[TRUERES]    280  5.942824132461450e-18  5.942824132461450e-18
   281   5.480180713440845e-18
   282   4.932730420238099e-18
   283   4.427603853593951e-18
   284   3.978741113256103e-18
   285   3.490009435907601e-18
   286   3.092177430962594e-18
   287   2.739419605001453e-18
   288   2.381106834566096e-18
   289   2.091499505983191e-18
   290   1.812916129046282e-18
[TRUERES]    290  1.812916129046282e-18  1.812916129046282e-18
   291   1.547709843438625e-18
   292   1.339834195019782e-18
   293   1.143197451096803e-18
   294   9.737037850245224e-19
   295   8.431357156694409e-19
   296   7.195236780148210e-19
   297   6.191541831213505e-19
   298   5.374466811449330e-19
   299   4.594699156292744e-19
   300   3.988513805468715e-19
[TRUERES]    300  3.988513805468715e-19  3.988513805468715e-19
   301   3.479273424785407e-19
   302   3.012937196256921e-19
   303   2.672828881599601e-19
   304   2.366941143721736e-19
   305   2.090712825744326e-19
   306   1.886470409547391e-19
   307   1.693189589779358e-19
   308   1.538192825834156e-19
   309   1.429706344151918e-19
   310   1.316856696808899e-19
[TRUERES]    310  1.316856696808899e-19  1.316856696808899e-19
   311   1.232335171270955e-19
   312   1.166266601283921e-19
   313   1.087727937700616e-19
   314   1.026977718749034e-19
   315   9.643979150211119e-20
   316   8.927278881362942e-20
   317   8.383085791829279e-20
   318   7.749194044167777e-20
   319   7.078475333709111e-20
   320   6.494948681002960e-20
[TRUERES]    320  6.494948681002960e-20  6.494948681002960e-20
   321   5.804162844993746e-20
   322   5.140590326358308e-20
   323   4.554519294605790e-20
   324   3.922232671303204e-20
   325   3.394670808527137e-20
   326   2.932652725772733e-20
   327   2.488639820630939e-20
   328   2.128566499137575e-20
   329   1.807786272814504e-20
   330   1.515501779960030e-20
[TRUERES]    330  1.515501779960030e-20  1.515501779960030e-20
   331   1.290970774848228e-20
   332   1.089529522787532e-20
   333   9.205389614602968e-21
   334   7.882922758190321e-21
   335   6.663337607387158e-21
   336   5.679663763941917e-21
   337   4.893171849026833e-21
   338   4.163009094632252e-21
   339   3.587380987097501e-21
   340   3.104124685642379e-21
[TRUERES]    340  3.104124685642379e-21  3.104124685642379e-21
   341   2.660831708703399e-21
   342   2.315405751513537e-21
   343   1.997262309504382e-21
   344   1.709899184663561e-21
   345   1.485703904404888e-21
   346   1.283620607792308e-21
   347   1.119090834958554e-21
   348   9.945735180874924e-22
   349   8.787394109749601e-22
   350   7.898275843234932e-22
[TRUERES]    350  7.898275843234932e-22  7.898275843234932e-22
   351   7.212833814156414e-22
   352   6.549831136347944e-22
   353   6.085092489002092e-22
   354   5.695367913641347e-22
   355   5.311125305691379e-22
   356   5.039675328932132e-22
   357   4.743287499283632e-22
   358   4.448613624693314e-22
   359   4.215104017695181e-22
   360   3.939005984783409e-22
[TRUERES]    360  3.939005984783409e-22  3.939005984783409e-22
   361   3.676608868958681e-22
   362   3.445014697123174e-22
   363   3.171647171574575e-22
   364   2.938649680139893e-22
   365   2.718234406632093e-22
   366   2.466311180227429e-22
   367   2.254938546054047e-22
   368   2.042610859373007e-22
   369   1.825223560867598e-22
   370   1.641990653425194e-22
[TRUERES]    370  1.641990653425194e-22  1.641990653425194e-22
   371   1.454517882868519e-22
   372   1.279884150934570e-22
   373   1.137569277507771e-22
   374   9.905800837479765e-23
   375   8.597834251335012e-23
   376   7.447848295274056e-23
   377   6.332313039410823e-23
   378   5.436455613370995e-23
   379   4.666795572359268e-23
   380   3.973683809369331e-23
[TRUERES]    380  3.973683809369331e-23  3.973683809369331e-23
   381   3.444202593374244e-23
   382   2.988544231495618e-23
   383   2.597808548388662e-23
   384   2.316196473049541e-23
   385   2.066434881453199e-23
   386   1.861961292373947e-23
   387   1.707858879785049e-23
   388   1.554097439695108e-23
   389   1.432266671603411e-23
   390   1.334185610246598e-23
[TRUERES]    390  1.334185610246598e-23  1.334185610246598e-23
   391   1.235698710615173e-23
   392   1.162213702665167e-23
   393   1.096928971705077e-23
   394   1.027636588106495e-23
   395   9.793377196300546e-24
   396   9.266087590760601e-24
   397   8.740871631497672e-24
   398   8.345432796945713e-24
   399   7.852749244768074e-24
   400   7.356870365681875e-24
[TRUERES]    400  7.356870365681875e-24  7.356870365681875e-24
   401   6.890096126401675e-24
   402   6.326390048666079e-24
   403   5.823002217622921e-24
   404   5.337873819329702e-24
   405   4.813644900228837e-24
   406   4.357963580726668e-24
   407   3.876549551146575e-24
   408   3.377170659040137e-24
   409   2.941532286584247e-24
   410   2.505025514938737e-24
[TRUERES]    410  2.505025514938737e-24  2.505025514938737e-24
   411   2.114371735382602e-24
   412   1.793795281116861e-24
   413   1.502835223658123e-24
   414   1.264889010086114e-24
   415   1.070910851401148e-24
   416   8.952621576956906e-25
   417   7.557092997488966e-25
   418   6.385623428564765e-25
   419   5.337316345680825e-25
   420   4.516922179271075e-25
[TRUERES]    420  4.516922179271075e-25  4.516922179271075e-25
   421   3.810936301024801e-25
   422   3.204972364576329e-25
   423   2.734649898929134e-25
   424   2.323459927662372e-25
   425   1.987002702426295e-25
   426   1.726809285154096e-25
   427   1.497147072328501e-25
   428   1.320301878721594e-25
   429   1.183872812271109e-25
   430   1.063176225731533e-25
[TRUERES]    430  1.063176225731533e-25  1.063176225731533e-25
   431   9.748650957166531e-26
   432   8.999387401789785e-26
   433   8.318088559964500e-26
   434   7.823323776644701e-26
   435   7.330545236669612e-26
   436   6.846794456716014e-26
   437   6.440846672296277e-26
   438   5.985124332243719e-26
   439   5.554707774909536e-26
   440   5.171532980239834e-26
[TRUERES]    440  5.171532980239834e-26  5.171532980239834e-26
   441   4.741171973810764e-26
   442   4.360499679218042e-26
   443   3.990718639291673e-26
   444   3.595764646113447e-26
   445   3.264295195609564e-26
   446   2.944000482276178e-26
   447   2.633664736571781e-26
   448   2.374556437317905e-26
   449   2.111814070929421e-26
   450   1.862386998691008e-26
[TRUERES]    450  1.862386998691008e-26  1.862386998691008e-26
   451   1.643765044174635e-26
   452   1.422005142773478e-26
   453   1.227872843563204e-26
   454   1.061368851808847e-26
   455   9.041993515108877e-27
   456   7.730367247349118e-27
   457   6.554324662923630e-27
   458   5.491460316736614e-27
   459   4.642948530641082e-27
   460   3.908049537738309e-27
[TRUERES]    460  3.908049537738309e-27  3.908049537738309e-27
   461   3.274251871007462e-27
   462   2.783433715371958e-27
   463   2.347894125914753e-27
   464   1.984220605004883e-27
   465   1.692722827269018e-27
   466   1.430186402719309e-27
   467   1.218045328387204e-27
   468   1.045292025226834e-27
   469   8.929154893739808e-28
   470   7.766244706220059e-28
[TRUERES]    470  7.766244706220059e-28  7.766244706220059e-28
   471   6.816325476619665e-28
   472   6.002276758081158e-28
   473   5.412524211163590e-28
   474   4.913545126284596e-28
   475   4.480630539062297e-28
   476   4.157961435727469e-28
   477   3.843270933244735e-28
   478   3.573464430643740e-28
   479   3.358634430129130e-28
   480   3.134678689390546e-28
[TRUERES]    480  3.134678689390546e-28  3.134678689390546e-28
   481   2.954432830746344e-28
   482   2.798297940531668e-28
   483   2.627310211497684e-28
   484   2.487787005341238e-28
   485   2.336582765452561e-28
   486   2.171637815889471e-28
   487   2.026266045643871e-28
   488   1.864931902965418e-28
   489   1.702798750581410e-28
   490   1.553352950511393e-28
[TRUERES]    490  1.553352950511393e-28  1.553352950511393e-28
   491   1.383866673243087e-28
   492   1.216659146379881e-28
   493   1.057336193149494e-28
   494   8.996842130751243e-29
   495   7.677923986970149e-29
   496   6.517366014758014e-29
   497   5.485270381548475e-29
   498   4.651180388600470e-29
   499   3.926230673238286e-29
   500   3.295166878520199e-29
[TRUERES]    500  3.295166878520199e-29  3.295166878520199e-29
   501   2.789020965279013e-29
   502   2.335337458227253e-29
   503   1.947584986802895e-29
   504   1.636349950152703e-29
   505   1.363568965149126e-29
   506   1.145158111817751e-29
   507   9.702974693683250e-30
   508   8.207559601641455e-30
   509   7.043213439229280e-30
   510   6.077504079893409e-30
[TRUERES]    510  6.077504079893409e-30  6.077504079893409e-30
   511   5.244493450701095e-30
   512   4.619498102081783e-30
   513   4.088842081906940e-30
   514   3.637313026835039e-30
   515   3.296149383960787e-30
   516   2.988726725284258e-30
   517   2.739809075984460e-30
   518   2.546086797582924e-30
   519   2.346603203568283e-30
   520   2.179541591420924e-30
[TRUERES]    520  2.179541591420924e-30  2.179541591420924e-30
   521   2.031954930413881e-30
   522   1.877774915607922e-30
   523   1.751569757959198e-30
   524   1.627162119443257e-30
   525   1.496640376310742e-30
   526   1.381451878628160e-30
   527   1.259041990190626e-30
   528   1.138075386565142e-30
   529   1.032345224036591e-30
   530   9.234033354963632e-31
[TRUERES]    530  9.234033354963632e-31  9.234033354963632e-31
   531   8.244680527627023e-31
   532   7.381018875997529e-31
   533   6.523729328244904e-31
   534   5.768508660009783e-31
   535   5.054283253250972e-31
   536   4.365502210353434e-31
   537   3.764050040045073e-31
   538   3.205200865955820e-31
   539   2.697245114732937e-31
   540   2.276864538293047e-31
[TRUERES]    540  2.276864538293047e-31  2.276864538293047e-31
   541   1.901472543954570e-31
   542   1.590132530138179e-31
   543   1.341521537712303e-31
   544   1.128517216885363e-31
   545   9.583962990888884e-32
   546   8.242877260554808e-32
   547   7.091699082855198e-32
   548   6.229839916118654e-32
   549   5.529476759859772e-32
   550   4.931823619742022e-32
[TRUERES]    550  4.931823619742022e-32  4.931823619742022e-32
   551   4.481208816371768e-32
   552   4.081118978966615e-32
   553   3.739284182553420e-32
   554   3.469133098969135e-32
   555   3.213054155504472e-32
   556   3.003031003849998e-32
   557   2.837290485049746e-32
   558   2.671938904667649e-32
   559   2.535604798394970e-32
   560   2.411017485019213e-32
[TRUERES]    560  2.411017485019213e-32  2.411017485019213e-32
   561   2.271909684020794e-32
   562   2.152072053651091e-32
   563   2.020535690942714e-32
   564   1.869020571268695e-32
   565   1.727115749780464e-32
   566   1.573394618613464e-32
   567   1.419590936038326e-32
   568   1.278258013194675e-32
   569   1.126843823067180e-32
   570   9.847530748620320e-33
[TRUERES]    570  9.847530748620320e-33  9.847530748620320e-33
   571   8.546714443257355e-33
   572   7.307825071343112e-33
   573   6.274501897938534e-33
   574   5.383131691254769e-33
   575   4.580782582561243e-33
   576   3.925101109318053e-33
   577   3.337795586791174e-33
   578   2.813017471996409e-33
   579   2.385517670204998e-33
   580   2.008714253723250e-33
[TRUERES]    580  2.008714253723250e-33  2.008714253723250e-33
   581   1.693015618476940e-33
   582   1.435872932489898e-33
   583   1.206648009465876e-33
   584   1.016557806292065e-33
   585   8.595161668119259e-34
   586   7.242881746933961e-34
   587   6.174993869106851e-34
   588   5.297843621103170e-34
   589   4.547589906427319e-34
   590   3.962183331903001e-34
[TRUERES]    590  3.962183331903001e-34  3.962183331903001e-34
   591   3.451602361446000e-34
   592   3.012085015361978e-34
   593   2.656906846380761e-34
   594   2.336186417021910e-34
   595   2.066750114788301e-34
   596   1.846566118792840e-34
   597   1.644561508278149e-34
   598   1.473737041999856e-34
   599   1.327238337160149e-34
   600   1.192632076845989e-34
[TRUERES]    600  1.192632076845989e-34  1.192632076845989e-34
   601   1.083562569981301e-34
   602   9.834698165606308e-35
   603   8.914100525483545e-35
   604   8.161461526680648e-35
   605   7.435547212365082e-35
   606   6.756517314299073e-35
   607   6.151627133778986e-35
   608   5.533370239343275e-35
   609   4.970260252058182e-35
   610   4.452510477233650e-35
[TRUERES]    610  4.452510477233650e-35  4.452510477233650e-35
   611   3.930265419644674e-35
   612   3.475945759844811e-35
   613   3.049968251150369e-35
   614   2.636004254987557e-35
   615   2.277657110339328e-35
   616   1.948884395696638e-35
   617   1.655250037910861e-35
   618   1.406357844868029e-35
   619   1.180063699951913e-35
   620   9.861840452257054e-36
[TRUERES]    620  9.861840452257054e-36  9.861840452257054e-36
   621   8.266440648892442e-36
   622   6.838669427418295e-36
   623   5.665538889472333e-36
   624   4.705088250213496e-36
   625   3.886382417287384e-36
   626   3.249997800400004e-36
   627   2.720502188310317e-36
   628   2.265590654139756e-36
   629   1.903667613391010e-36
   630   1.588615689766293e-36
[TRUERES]    630  1.588615689766293e-36  1.588615689766293e-36
   631   1.322340085259795e-36
   632   1.109651147980397e-36
   633   9.260376420845832e-37
   634   7.752627824159160e-37
   635   6.536617262822995e-37
   636   5.492169538344921e-37
   637   4.669910437781123e-37
   638   3.994114225813139e-37
   639   3.412486460813064e-37
   640   2.956560012103396e-37
[TRUERES]    640  2.956560012103396e-37  2.956560012103396e-37
   641   2.574799480123892e-37
   642   2.245346007737745e-37
   643   1.981989067403651e-37
   644   1.749927157465145e-37
   645   1.557900082706072e-37
   646   1.412272533487086e-37
   647   1.283177647436080e-37
   648   1.177900623675751e-37
   649   1.088858483458988e-37
   650   9.990157820628071e-38
[TRUERES]    650  9.990157820628071e-38  9.990157820628071e-38
   651   9.218289046638176e-38
   652   8.495769893675237e-38
   653   7.764601740414189e-38
   654   7.120269503666984e-38
   655   6.473913296336940e-38
   656   5.855505828755873e-38
   657   5.325147716836169e-38
   658   4.801367657988602e-38
   659   4.309139719563674e-38
   660   3.852127113423051e-38
[TRUERES]    660  3.852127113423051e-38  3.852127113423051e-38
   661   3.382790842361684e-38
   662   2.951425464427250e-38
   663   2.568084384235320e-38
   664   2.203194823007049e-38
   665   1.891929536490999e-38
   666   1.612977330105881e-38
   667   1.363124279484393e-38
   668   1.157295856842462e-38
   669   9.768349996817868e-39
   670   8.197154657295174e-39
[TRUERES]    670  8.197154657295174e-39  8.197154657295174e-39
   671   6.895654006904678e-39
   672   5.731487241093572e-39
   673   4.749699451122821e-39
   674   3.939560198629379e-39
   675   3.237260812753430e-39
   676   2.672523442181642e-39
   677   2.218754952815567e-39
   678   1.842838562616367e-39
   679   1.550942250484375e-39
   680   1.308213571093565e-39
[TRUERES]    680  1.308213571093565e-39  1.308213571093565e-39
   681   1.100224095911106e-39
   682   9.336236516070482e-40
   683   7.915802892626134e-40
   684   6.767493241296728e-40
   685   5.883325105818689e-40
   686   5.143878585969905e-40
   687   4.558013422808449e-40
   688   4.103218917460245e-40
   689   3.703883508287262e-40
   690   3.397306322990935e-40
[TRUERES]    690  3.397306322990935e-40  3.397306322990935e-40
   691   3.147551002592007e-40
   692   2.920989543647817e-40
   693   2.742851019891973e-40
   694   2.586310518866441e-40
   695   2.447630941656483e-40
   696   2.344061856553089e-40
   697   2.232088353221047e-40
   698   2.123438220149391e-40
   699   2.021897163253167e-40
   700   1.898690671166293e-40
[TRUERES]    700  1.898690671166293e-40  1.898690671166293e-40
   701   1.773221562918539e-40
   702   1.644384562512827e-40
   703   1.496290806707252e-40
   704   1.357074259696699e-40
   705   1.218533629983347e-40
   706   1.079644707214775e-40
   707   9.578506008349364e-41
   708   8.383273465284153e-41
   709   7.271112492963254e-41
   710   6.301568891584169e-41
[TRUERES]    710  6.301568891584169e-41  6.301568891584169e-41
   711   5.382215068058637e-41
   712   4.567687108522699e-41
   713   3.856847714389423e-41
   714   3.204332805920228e-41
   715   2.657795973836274e-41
   716   2.208152499936926e-41
   717   1.825904775610358e-41
   718   1.519604170991770e-41
   719   1.258663646898076e-41
   720   1.031734180703633e-41
[TRUERES]    720  1.031734180703633e-41  1.031734180703633e-41
   721   8.508454485465754e-42
   722   6.963651056598806e-42
   723   5.698089614013559e-42
   724   4.689651874937875e-42
   725   3.845786751235288e-42
   726   3.168820637962549e-42
   727   2.634126525686023e-42
   728   2.182404044824317e-42
   729   1.827410576342931e-42
   730   1.535190515055358e-42
[TRUERES]    730  1.535190515055358e-42  1.535190515055358e-42
   731   1.285753287917330e-42
   732   1.089637787125278e-42
   733   9.288846227990313e-43
   734   7.928469764316129e-43
   735   6.841772926417687e-43
   736   5.905633570620568e-43
   737   5.132771445919955e-43
   738   4.524137328695072e-43
   739   3.985511773638484e-43
   740   3.536670904673846e-43
[TRUERES]    740  3.536670904673846e-43  3.536670904673846e-43
   741   3.159268558934057e-43
   742   2.822294797936476e-43
   743   2.557146626959330e-43
   744   2.339968463827333e-43
   745   2.157325660777723e-43
   746   2.021748271003255e-43
   747   1.895569001785696e-43
   748   1.779059697042129e-43
   749   1.676373950608905e-43
   750   1.563806858859744e-43
[TRUERES]    750  1.563806858859744e-43  1.563806858859744e-43
   751   1.450157669235567e-43
   752   1.336703658591865e-43
   753   1.211297333127705e-43
   754   1.091127072817463e-43
   755   9.746655803318338e-44
   756   8.560625602007942e-44
   757   7.502529696741382e-44
   758   6.517727733623910e-44
   759   5.614411651078355e-44
   760   4.850845307713634e-44
[TRUERES]    760  4.850845307713634e-44  4.850845307713634e-44
   761   4.161647942780345e-44
   762   3.547950985943218e-44
   763   3.024960702536438e-44
   764   2.558341448130278e-44
   765   2.161810104975330e-44
   766   1.834052410144146e-44
   767   1.552379697023805e-44
   768   1.324864820352956e-44
   769   1.133919363147743e-44
   770   9.705879506154506e-45
[TRUERES]    770  9.705879506154506e-45  9.705879506154506e-45
   771   8.392566338412978e-45
   772   7.249396543090091e-45
   773   6.279421248515826e-45
   774   5.513821610824523e-45
   775   4.835603804570049e-45
   776   4.248757741784993e-45
   777   3.742767247454644e-45
   778   3.271771330167864e-45
   779   2.871817875568580e-45
   780   2.530317291156578e-45
[TRUERES]    780  2.530317291156578e-45  2.530317291156578e-45
   781   2.227221064494688e-45
   782   1.985534268349031e-45
   783   1.788261138701085e-45
   784   1.616341588053556e-45
   785   1.481354408460038e-45
   786   1.357941441796408e-45
   787   1.246708405327127e-45
   788   1.151350004124605e-45
   789   1.058267035987476e-45
   790   9.735529108021277e-46
[TRUERES]    790  9.735529108021277e-46  9.735529108021277e-46
   791   8.925165389395403e-46
   792   8.054595869915221e-46
   793   7.241656764777239e-46
   794   6.469609447537907e-46
   795   5.702846068335406e-46
   796   5.020957309272419e-46
   797   4.373917345430452e-46
   798   3.771472172593008e-46
   799   3.252106259635716e-46
   800   2.777254270623297e-46
[TRUERES]    800  2.777254270623297e-46  2.777254270623297e-46
   801   2.357165467513200e-46
   802   2.006433388120921e-46
   803   1.696240059360092e-46
   804   1.435433157271139e-46
   805   1.216099724395681e-46
   806   1.021116749658443e-46
   807   8.601502332470786e-47
   808   7.241516729062741e-47
   809   6.046874932569776e-47
   810   5.061266980850362e-47
[TRUERES]    810  5.061266980850362e-47  5.061266980850362e-47
   811   4.201220923149184e-47
   812   3.473823409029423e-47
   813   2.882368512836043e-47
   814   2.374038355510748e-47
   815   1.945976396218416e-47
   816   1.598720092858092e-47
   817   1.306678763134522e-47
   818   1.071194651027752e-47
   819   8.812944099856925e-48
   820   7.250226862181347e-48
[TRUERES]    820  7.250226862181347e-48  7.250226862181347e-48
   821   6.029871546639810e-48
   822   5.054949043984384e-48
   823   4.252455087532567e-48
   824   3.635512310508358e-48
   825   3.123893828515379e-48
   826   2.703313996855639e-48
   827   2.371781444097576e-48
   828   2.087273728708653e-48
   829   1.856416818385140e-48
   830   1.671651843462267e-48
[TRUERES]    830  1.671651843462267e-48  1.671651843462267e-48
   831   1.505203805490263e-48
   832   1.365785935771407e-48
   833   1.244138893134714e-48
   834   1.130006556297187e-48
   835   1.035409815242196e-48
   836   9.547918414843169e-49
   837   8.815588622869152e-49
   838   8.241856824540923e-49
   839   7.715179273179881e-49
   840   7.241310961264491e-49
[TRUERES]    840  7.241310961264491e-49  7.241310961264491e-49
   841   6.849994791349925e-49
   842   6.442617818484994e-49
   843   6.043543611808990e-49
   844   5.643486819936246e-49
   845   5.211012289695361e-49
   846   4.804616539014399e-49
   847   4.392270719140461e-49
   848   3.956769700480755e-49
   849   3.549641828721690e-49
   850   3.147847510373339e-49
[TRUERES]    850  3.147847510373339e-49  3.147847510373339e-49
   851   2.764083152206443e-49
   852   2.423121147305455e-49
   853   2.096756713398996e-49
   854   1.801181456131175e-49
   855   1.540998605831655e-49
   856   1.297840538704807e-49
   857   1.087561493701636e-49
   858   9.048839578119064e-50
   859   7.454827389176670e-50
   860   6.170026756048501e-50
[TRUERES]    860  6.170026756048501e-50  6.170026756048501e-50
   861   5.105561119804606e-50
   862   4.216930421740847e-50
   863   3.515696451520864e-50
   864   2.931765748922884e-50
   865   2.452189608445765e-50
   866   2.069468844019729e-50
   867   1.747016953995276e-50
   868   1.481360406634184e-50
   869   1.262750731535757e-50
   870   1.069674471871521e-50
[TRUERES]    870  1.069674471871521e-50  1.069674471871521e-50
   871   9.092170163654845e-51
   872   7.773721353887388e-51
   873   6.656656945621205e-51
   874   5.787341388215666e-51
   875   5.063184711695266e-51
   876   4.459279179865462e-51
   877   4.000005544225958e-51
   878   3.620470343098349e-51
   879   3.305724345879200e-51
   880   3.044865694491879e-51
[TRUERES]    880  3.044865694491879e-51  3.044865694491879e-51
   881   2.800978361449303e-51
   882   2.593156022755869e-51
   883   2.417823967578299e-51
   884   2.254544585381593e-51
   885   2.120568355247263e-51
   886   1.993668734554549e-51
   887   1.860771477779929e-51
   888   1.738870488987244e-51
   889   1.609502751869476e-51
   890   1.474491290243037e-51
[TRUERES]    890  1.474491290243037e-51  1.474491290243037e-51
   891   1.345209506788688e-51
   892   1.207349660369816e-51
   893   1.073518925537836e-51
   894   9.472209418376348e-52
   895   8.234502059534648e-52
   896   7.134010287364957e-52
   897   6.142010265983347e-52
   898   5.221540591380457e-52
   899   4.421603227576517e-52
   900   3.712990276956098e-52
[TRUERES]    900  3.712990276956098e-52  3.712990276956098e-52
   901   3.077369609006526e-52
   902   2.547777467900660e-52
   903   2.094183306133095e-52
   904   1.717037727241456e-52
   905   1.415997947188737e-52
   906   1.159196773748924e-52
   907   9.484812160911049e-53
   908   7.765273164759062e-53
   909   6.310790122127580e-53
   910   5.151429576804347e-53
[TRUERES]    910  5.151429576804347e-53  5.151429576804347e-53
   911   4.210351311670191e-53
   912   3.427419448978813e-53
   913   2.816627244189719e-53
   914   2.330372792053019e-53
   915   1.938851392584435e-53
   916   1.634209127660145e-53
   917   1.385156591121645e-53
   918   1.179942742050920e-53
   919   1.013375119370571e-53
   920   8.684307808532220e-54
[TRUERES]    920  8.684307808532220e-54  8.684307808532220e-54
   921   7.497315933301704e-54
   922   6.522785031054692e-54
   923   5.681919136001458e-54
   924   5.012519267876612e-54
   925   4.459089239481776e-54
   926   3.986219063277448e-54
   927   3.626381107303737e-54
   928   3.332148331046457e-54
   929   3.091651142532050e-54
   930   2.891322896547136e-54
[TRUERES]    930  2.891322896547136e-54  2.891322896547136e-54
   931   2.688735962993918e-54
   932   2.503126535179572e-54
   933   2.335983243112187e-54
   934   2.163807879603268e-54
   935   2.008143425328119e-54
   936   1.860334733275311e-54
   937   1.707407102094675e-54
   938   1.560968037929385e-54
   939   1.409573367464300e-54
   940   1.249929762714316e-54
[TRUERES]    940  1.249929762714316e-54  1.249929762714316e-54
   941   1.098454286843441e-54
   942   9.495220545037572e-55
   943   8.086821895552155e-55
   944   6.858337238382589e-55
   945   5.745485324898059e-55
   946   4.797813703254390e-55
   947   4.009924537292320e-55
   948   3.319389071660276e-55
   949   2.753165280555569e-55
   950   2.274430329241916e-55
[TRUERES]    950  2.274430329241916e-55  2.274430329241916e-55
   951   1.862870088521565e-55
   952   1.529862381152047e-55
   953   1.255394527690045e-55
   954   1.026759920665011e-55
   955   8.454718007944443e-56
   956   6.962515438680947e-56
   957   5.751541822287042e-56
   958   4.785763178236218e-56
   959   3.963437845371501e-56
   960   3.290088029563193e-56
[TRUERES]    960  3.290088029563193e-56  3.290088029563193e-56
   961   2.730009140051499e-56
   962   2.250703015280629e-56
   963   1.870143540459717e-56
   964   1.560789076891036e-56
   965   1.303355201621074e-56
   966   1.098044064275376e-56
   967   9.274604609160706e-57
   968   7.861059599519518e-57
   969   6.735170822693513e-57
   970   5.780211892643103e-57
[TRUERES]    970  5.780211892643103e-57  5.780211892643103e-57
   971   4.988512183329654e-57
   972   4.364369611979188e-57
   973   3.840261441986377e-57
   974   3.424795632799005e-57
   975   3.084928879100255e-57
   976   2.795444618070618e-57
   977   2.575323735565243e-57
   978   2.392012513801496e-57
   979   2.229188534799920e-57
   980   2.092306088385010e-57
[TRUERES]    980  2.092306088385010e-57  2.092306088385010e-57
   981   1.955836895297254e-57
   982   1.820644045608233e-57
   983   1.695987391325237e-57
   984   1.559683010266345e-57
   985   1.424015777079007e-57
   986   1.292230064875742e-57
   987   1.156311244339988e-57
   988   1.029060345392205e-57
   989   9.076726320005993e-58
   990   7.893204862802282e-58
[TRUERES]    990  7.893204862802282e-58  7.893204862802282e-58
   991   6.847705789537736e-58
   992   5.891286382304311e-58
   993   5.011415602702677e-58
   994   4.250648639732721e-58
   995   3.570827161763752e-58
   996   2.985474393907863e-58
   997   2.493155987209136e-58
   998   2.062998709652176e-58
   999   1.704624888351455e-58
  1000   1.406787048774965e-58
[TRUERES]   1000  1.406787048774965e-58  1.406787048774965e-58
  1001   1.151101048538288e-58
  1002   9.408279830955822e-59
  1003   7.640883182917665e-59
  1004   6.165435731365487e-59
  1005   4.989796691211967e-59
  1006   4.016622813370998e-59
  1007   3.227351694350449e-59
  1008   2.610981185416807e-59
  1009   2.106172101765230e-59
  1010   1.698129737396265e-59
[TRUERES]   1010  1.698129737396265e-59  1.698129737396265e-59
  1011   1.374538969655713e-59
  1012   1.104783548934676e-59
  1013   8.894466477422845e-60
  1014   7.185565486280322e-60
  1015   5.799618221003056e-60
  1016   4.710329207997543e-60
  1017   3.842443886693550e-60
  1018   3.142746767437831e-60
  1019   2.592288679917056e-60
  1020   2.149051175974485e-60
[TRUERES]   1020  2.149051175974485e-60  2.149051175974485e-60
  1021   1.788057166475833e-60
  1022   1.501654324628631e-60
  1023   1.261680709811873e-60
  1024   1.064748454465880e-60
  1025   9.059815248625841e-61
  1026   7.701453652833107e-61
  1027   6.606565362956149e-61
  1028   5.726470186865191e-61
  1029   4.974709932471481e-61
  1030   4.374827238041733e-61
[TRUERES]   1030  4.374827238041733e-61  4.374827238041733e-61
  1031   3.866869848577876e-61
  1032   3.427051780387342e-61
  1033   3.067288917151333e-61
  1034   2.746886288196229e-61
  1035   2.467723429930912e-61
  1036   2.236572799661888e-61
  1037   2.028293623468051e-61
  1038   1.844627666025025e-61
  1039   1.684829016000772e-61
  1040   1.530949770476670e-61
[TRUERES]   1040  1.530949770476670e-61  1.530949770476670e-61
  1041   1.398986979001960e-61
  1042   1.283941859741896e-61
  1043   1.174412284352708e-61
  1044   1.079057232103509e-61
  1045   9.877148833223802e-62
  1046   9.004678631324834e-62
  1047   8.198417349679849e-62
  1048   7.373996649402915e-62
  1049   6.570898090656677e-62
  1050   5.812531487834691e-62
[TRUERES]   1050  5.812531487834691e-62  5.812531487834691e-62
  1051   5.052005702579525e-62
  1052   4.350077883250094e-62
  1053   3.725643081376199e-62
  1054   3.150461009767251e-62
  1055   2.656267075486058e-62
  1056   2.219840347465138e-62
  1057   1.836069877958466e-62
  1058   1.516732035443553e-62
  1059   1.243260262728054e-62
  1060   1.016797265379174e-62
[TRUERES]   1060  1.016797265379174e-62  1.016797265379174e-62
  1061   8.335749897048627e-63
  1062   6.783718118634462e-63
  1063   5.519462812213426e-63
  1064   4.509226798438682e-63
  1065   3.664707966844800e-63
  1066   2.986793818036244e-63
  1067   2.442112420828759e-63
  1068   1.984556360174435e-63
  1069   1.614048962606232e-63
  1070   1.308378428788523e-63
[TRUERES]   1070  1.308378428788523e-63  1.308378428788523e-63
  1071   1.056241359808547e-63
  1072   8.569885926096823e-64
  1073   6.951255719601652e-64
  1074   5.633771783220791e-64
  1075   4.583831510143776e-64
  1076   3.707689191114269e-64
  1077   3.002098282840607e-64
  1078   2.440615862582651e-64
  1079   1.976784381140267e-64
  1080   1.611347054559137e-64
[TRUERES]   1080  1.611347054559137e-64  1.611347054559137e-64
  1081   1.318836085494818e-64
  1082   1.082033201491773e-64
  1083   8.957257730420557e-65
  1084   7.433988050208216e-65
  1085   6.203080122164403e-65
  1086   5.240133168360908e-65
  1087   4.446633146061476e-65
  1088   3.803250208693479e-65
  1089   3.294093658676320e-65
  1090   2.872894982506129e-65
[TRUERES]   1090  2.872894982506129e-65  2.872894982506129e-65
  1091   2.536139437162297e-65
  1092   2.265228444323108e-65
  1093   2.029811590353059e-65
  1094   1.831882452022373e-65
  1095   1.662311558360039e-65
  1096   1.513252566768157e-65
  1097   1.396269154114673e-65
  1098   1.294584248625144e-65
  1099   1.200223249639938e-65
  1100   1.115543940394006e-65
[TRUERES]   1100  1.115543940394006e-65  1.115543940394006e-65
  1101   1.027211189628443e-65
  1102   9.406158158845498e-66
  1103   8.601207881699825e-66
  1104   7.799586012273745e-66
  1105   7.050121365818610e-66
  1106   6.345969524540841e-66
  1107   5.638575517103849e-66
  1108   4.981499363782600e-66
  1109   4.350218760526888e-66
  1110   3.747798546957315e-66
[TRUERES]   1110  3.747798546957315e-66  3.747798546957315e-66
  1111   3.216152686620912e-66
  1112   2.733321093416199e-66
  1113   2.309565862781048e-66
  1114   1.949554989822235e-66
  1115   1.626825202278413e-66
  1116   1.353247179307105e-66
  1117   1.123796197112010e-66
  1118   9.240661571033078e-67
  1119   7.602096180871446e-67
  1120   6.264607558995342e-67
[TRUERES]   1120  6.264607558995342e-67  6.264607558995342e-67
  1121   5.134070393855671e-67
  1122   4.215126258912772e-67
  1123   3.449557020894777e-67
  1124   2.806233625372504e-67
  1125   2.290396968055845e-67
  1126   1.866125853310844e-67
  1127   1.519677923616436e-67
  1128   1.243487557476030e-67
  1129   1.012684596979448e-67
  1130   8.259843440074314e-68
[TRUERES]   1130  8.259843440074314e-68  8.259843440074314e-68
  1131   6.739526933569884e-68
  1132   5.466118937985382e-68
  1133   4.428267988201521e-68
  1134   3.570454643278623e-68
  1135   2.862027629206714e-68
  1136   2.301912186937101e-68
  1137   1.851356035199565e-68
  1138   1.487414136102959e-68
  1139   1.203080107443297e-68
  1140   9.700803871020023e-69
[TRUERES]   1140  9.700803871020023e-69  9.700803871020023e-69
  1141   7.818307149415050e-69
  1142   6.304252610648372e-69
  1143   5.058514681723805e-69
  1144   4.063324995462624e-69
  1145   3.275305040698384e-69
  1146   2.631780838140419e-69
  1147   2.123980927263002e-69
  1148   1.713375950775978e-69
  1149   1.370991291126517e-69
  1150   1.099331339323392e-69
[TRUERES]   1150  1.099331339323392e-69  1.099331339323392e-69
  1151   8.782728189098749e-70
  1152   6.979288625832275e-70
  1153   5.558429496914337e-70
  1154   4.410445503183419e-70
  1155   3.501396136661007e-70
  1156   2.781579730902890e-70
  1157   2.194079562306332e-70
  1158   1.737290380943502e-70
  1159   1.379379172410036e-70
  1160   1.087701562873280e-70
[TRUERES]   1160  1.087701562873280e-70  1.087701562873281e-70
  1161   8.596700559391514e-71
  1162   6.785570748585185e-71
  1163   5.317518187882781e-71
  1164   4.176522055233766e-71
  1165   3.275727752118104e-71
  1166   2.570673331331268e-71
  1167   2.028344271590493e-71
  1168   1.597547881046018e-71
  1169   1.261151871135298e-71
  1170   9.997320623937361e-72
[TRUERES]   1170  9.997320623937361e-72  9.997320623937337e-72
  1171   7.887869397737122e-72
  1172   6.230741635507190e-72
  1173   4.919894964954671e-72
  1174   3.861789678340312e-72
  1175   3.040692691575323e-72
  1176   2.392037365055985e-72
  1177   1.883899192877057e-72
  1178   1.496316809290766e-72
  1179   1.185793071881274e-72
  1180   9.378293966829670e-73
[TRUERES]   1180  9.378293966829670e-73  9.378293966829696e-73
  1181   7.432188512358593e-73
  1182   5.866478776521976e-73
  1183   4.624166349435776e-73
  1184   3.657102097205488e-73
  1185   2.881635339560552e-73
  1186   2.276039871859524e-73
  1187   1.798469284597301e-73
  1188   1.418784495787080e-73
  1189   1.123612854440013e-73
  1190   8.883436304569070e-74
[TRUERES]   1190  8.883436304569070e-74  8.883436304568913e-74
  1191   7.010335468892385e-74
  1192   5.571928977551183e-74
  1193   4.425145994652344e-74
  1194   3.507219112844366e-74
  1195   2.793095360168517e-74
  1196   2.210023583089827e-74
  1197   1.744155190306025e-74
  1198   1.378698618060747e-74
  1199   1.083348743741117e-74
  1200   8.534278449048740e-75
[TRUERES]   1200  8.534278449048740e-75  8.534278449047637e-75
  1201   6.718993370119625e-75
  1202   5.265102218787510e-75
  1203   4.134142324728283e-75
  1204   3.234173871794636e-75
  1205   2.520369502117154e-75
  1206   1.971349252380805e-75
  1207   1.544279548458400e-75
  1208   1.211908464505529e-75
  1209   9.607861175228934e-76
  1210   7.629293403759853e-76
[TRUERES]   1210  7.629293403759853e-76  7.629293403763949e-76
  1211   6.102380826212680e-76
  1212   4.908505679971675e-76
  1213   3.935893673018810e-76
  1214   3.162274396443459e-76
  1215   2.547776726375902e-76
  1216   2.050147596185018e-76
  1217   1.657331630209176e-76
  1218   1.337354806918771e-76
  1219   1.075527211206299e-76
  1220   8.661933722876389e-77
[TRUERES]   1220  8.661933722876389e-77  8.661933722881220e-77
  1221   6.928786358913121e-77
  1222   5.517619862010487e-77
  1223   4.394074447153568e-77
  1224   3.478520169068483e-77
  1225   2.763960497357631e-77
  1226   2.214821319666760e-77
  1227   1.779738038811791e-77
  1228   1.445785081618434e-77
  1229   1.182757442897131e-77
  1230   9.670893732634403e-78
[TRUERES]   1230  9.670893732634403e-78  9.670893732648596e-78
  1231   7.915802194553344e-78
  1232   6.449616911525900e-78
  1233   5.233840719571669e-78
  1234   4.265162218785542e-78
  1235   3.463518301625942e-78
  1236   2.820167218524102e-78
  1237   2.304877261427639e-78
  1238   1.874618276249291e-78
  1239   1.527135687944265e-78
  1240   1.246683899547309e-78
[TRUERES]   1240  1.246683899547309e-78  1.246683899557144e-78
  1241   1.011389839545151e-78
  1242   8.216763764609589e-79
  1243   6.648859042895316e-79
  1244   5.355369893744523e-79
  1245   4.322186870118786e-79
  1246   3.467690480524669e-79
  1247   2.765926016216120e-79
  1248   2.204657706539129e-79
  1249   1.741791689984981e-79
  1250   1.375867318554738e-79
[TRUERES]   1250  1.375867318554738e-79  1.375867318510767e-79
  1251   1.090609513082006e-79
  1252   8.624676486939504e-80
  1253   6.853800388829946e-80
  1254   5.456846378380483e-80
  1255   4.339687970476860e-80
  1256   3.473365455997568e-80
  1257   2.775541137533063e-80
  1258   2.206907937353351e-80
  1259   1.758818634451216e-80
  1260   1.392503560559703e-80
[TRUERES]   1260  1.392503560559703e-80  1.392503560667609e-80
  1261   1.094326088340476e-80
  1262   8.592638179450892e-81
  1263   6.696833359534583e-81
  1264   5.212851953218261e-81
  1265   4.072020301850967e-81
  1266   3.179349413856381e-81
  1267   2.499161515822466e-81
  1268   1.968341218204802e-81
  1269   1.546658998171330e-81
  1270   1.220824435373255e-81
[TRUERES]   1270  1.220824435373255e-81  1.220824435729310e-81
  1271   9.618622907392257e-82
  1272   7.557431748964802e-82
  1273   5.975358359597424e-82
  1274   4.732906171947614e-82
  1275   3.754152297179387e-82
  1276   2.991593018777384e-82
  1277   2.380732141559061e-82
  1278   1.903703003138648e-82
  1279   1.527406916056103e-82
  1280   1.222757131891905e-82
[TRUERES]   1280  1.222757131891905e-82  1.222757132394961e-82
  1281   9.840383764701639e-83
  1282   7.943371967064373e-83
  1283   6.399920957979887e-83
  1284   5.188461899639567e-83
  1285   4.202320774166990e-83
  1286   3.388372364006016e-83
  1287   2.734039586510514e-83
  1288   2.185997622747883e-83
  1289   1.743526019884167e-83
  1290   1.391624008388036e-83
[TRUERES]   1290  1.391624008388036e-83  1.391624012484756e-83
  1291   1.105390502310113e-83
  1292   8.783573933567713e-84
  1293   7.019461358159369e-84
  1294   5.603135930770919e-84
  1295   4.502530420788520e-84
  1296   3.613355033686069e-84
  1297   2.887850179360176e-84
  1298   2.316996184412262e-84
  1299   1.857318841519995e-84
  1300   1.482233604867898e-84
[TRUERES]   1300  1.482233604867898e-84  1.482233599724769e-84
  1301   1.185292667780622e-84
  1302   9.410452460768273e-85
  1303   7.466243320544838e-85
  1304   5.937861735404091e-85
  1305   4.707173380157076e-85
  1306   3.745374612479851e-85
  1307   2.991080712842451e-85
  1308   2.385351751435607e-85
  1309   1.914496030881046e-85
  1310   1.539894309452644e-85
[TRUERES]   1310  1.539894309452644e-85  1.539894372990169e-85
  1311   1.233252871127138e-85
  1312   9.880418315004003e-86
  1313   7.867559180389778e-86
  1314   6.240042569928628e-86
  1315   4.968141597966633e-86
  1316   3.943913752879965e-86
  1317   3.141324469102697e-86
  1318   2.511372448991927e-86
  1319   2.000593613821667e-86
  1320   1.596513657179102e-86
[TRUERES]   1320  1.596513657179102e-86  1.596513711714262e-86
  1321   1.273811462512326e-86
  1322   1.011097799415322e-86
  1323   8.007613910376824e-87
  1324   6.303981726694981e-87
  1325   4.933190226747536e-87
  1326   3.865693801917160e-87
  1327   3.021784365640886e-87
  1328   2.365799421864160e-87
  1329   1.864770607660421e-87
  1330   1.467744134440119e-87
[TRUERES]   1330  1.467744134440119e-87  1.467744531360549e-87
  1331   1.159974358950125e-87
  1332   9.232665833568705e-88
  1333   7.348218837943149e-88
  1334   5.866429442201252e-88
  1335   4.684120641823254e-88
  1336   3.719282656079965e-88
  1337   2.963362284947503e-88
  1338   2.355926455218706e-88
  1339   1.862259059490309e-88
  1340   1.471164502617027e-88
[TRUERES]   1340  1.471164502617027e-88  1.471164587517471e-88
  1341   1.159632705158335e-88
  1342   9.161994358361310e-89
  1343   7.282475030187129e-89
  1344   5.783720150500253e-89
  1345   4.613308657620328e-89
  1346   3.706395772811700e-89
  1347   2.979475642548349e-89
  1348   2.409255329311640e-89
  1349   1.953335833641477e-89
  1350   1.581776923239725e-89
[TRUERES]   1350  1.581776923239725e-89  1.581785018316036e-89
  1351   1.283969031593081e-89
  1352   1.036869721537576e-89
  1353   8.334940391306586e-90
  1354   6.716579075079165e-90
  1355   5.398588231892907e-90
  1356   4.325495616113786e-90
  1357   3.459781927433972e-90
  1358   2.739192126376263e-90
  1359   2.154026481512969e-90
  1360   1.686037374365339e-90
[TRUERES]   1360  1.686037374365339e-90  1.686131716968437e-90
  1361   1.309057021751448e-90
  1362   1.016578758090968e-90
  1363   7.889115243209397e-91
converged:
  nconv = 1363
    0    0     1364     3.0481e-92     3.8299e-32
ASolver_CGNR<Afield<double,ACCEL> >: solver starts
  mode_prev = D
  snorm =  2.559611167531069e+01
  init:  9.777453166943078e-01
     0   4.811055558558971e-02
[TRUERES]      0  4.811055558558971e-02  4.811055558558971e-02
     1   1.230749065471558e-02
     2   1.052702270540323e-02
