Bridge++ 2.0.0

input filename : main.yaml

file = main.yaml

Lattice parameters:
  Lx = 16,  Ly = 16,  Lz = 16,  Lt = 16,
  Nx = 16,  Ny = 16,  Nz = 16,  Nt = 16,
  NPEx = 1,  NPEy  = 1,  NPEz  = 1,  NPEt  = 1,
  Lvol = 65536,  Nvol = 65536,  NPE = 1,
  Ndim = 4
  Nc   = 3
  Nd   = 4

ThreadManager: initialization
Warning at ThreadManager: Nthread(env) != Nthread(input)
  Number of threads(env)   = 2
  Number of threads(input) = 1
  reset Nthread = Nthread(input).
  Number of threads = 1
Main: input parameters
  lattice_size     = [16, 16, 16, 16]
  grid_size        = [1, 1, 1, 1]
  number of thread = 1
  number of color  = 3
  logfile          = stdout
  ildg_logfile     = stdout
  vlevel           = General

Alt_Accel code is being setup.
DeviceManager_CUDA: being initialized.
  process_id = 0
  number of devices = 1
  device_id = 0  is used on process = 0
------------------------------------------------
Alt_Accel: Factory entries
------------------------------------------------
AFopr<double, ACCEL> >(void):
AFopr<double, ACCEL>(Parameters&):
	Clover
	CloverTerm
	Clover_dd
	Domainwall
	Domainwall_5din
	Domainwall_5din_dd
	Domainwall_5din_eo
	Domainwall_eo
	Wilson
	Wilson_dd
AFopr<double, ACCEL>(Fopr*):
	Domainwall
AFopr<double, ACCEL>(Fopr*, Director*):
AFopr<float, ACCEL> >(void):
AFopr<float, ACCEL>(Parameters&):
	Clover
	CloverTerm
	Clover_dd
	Domainwall
	Domainwall_5din
	Domainwall_5din_dd
	Domainwall_5din_eo
	Domainwall_eo
	Wilson
	Wilson_dd
AFopr<float, ACCEL>(Fopr*):
	Domainwall
AFopr<float, ACCEL>(Fopr*, Director*):
AEigensolver<AField<float, ACCEL> >, Afopr>(Fopr*):
	IRArnoldi
	IRLanczos
------------------------------------------------
Timer: timestamp: 2026/06/06 10:46:37 +0900
file = test_alt_Spectrum_Domainwall_5din_Hadron2ptFunction.yaml

--------------------------------------------------------------------
test name: Spectrum_Domainwall_alt.hadron_2ptFunction
test file: test_alt_Spectrum_Domainwall_5din_Hadron2ptFunction.yaml
test mode: double_eo
file = test_alt_Spectrum_Domainwall_5din_Hadron2ptFunction.yaml
  vlevel       = General
  source_type  = Local
Smearing parameters (assumes APE-Stout):
   proj_type:  Stout_SU3
   smear_type: APE
   rho_uniform: 0.100000
   number_of_smearing: 0
  vlevel       = General

Configuration setup:
  gconf_status = Continue
  gconf_read   = Text
  readfile     = ./conf_real16.txt
  plaq = 0.596178

Gauge fixing:
  Gauge fixing type = None
Parameters: get_string: key 'filename_output' not found.
Elapsed time: calc_plqauette: total         0.12 sec, count    1, average         0.12 sec
plaquette (before smearing):       0.596178494528857
applying smearing
Smear_APE:
  rho =   0.1000
Director_Smear:
  Nsmear = 0
Parameters: get_string: key 'filename_output' not found.
Elapsed time: calc_plqauette: total         0.11 sec, count    1, average         0.11 sec
Elapsed time: smearig: total         0.12 sec, count    1, average         0.12 sec
plaquette (after smearing):        0.596178494528857
  gmset_type   = Dirac
Gamma matrix: dirac representation.
Fopr_Domainwall: construction
  Imp::Fopr_Wilson: construction
    Gauge group implementation: SU(3)
    Imp::Fopr_Wilson: input parameters
      gamma-matrix type = Dirac
      kappa  =   0.20833333
      boundary[0] =  1
      boundary[1] =  1
      boundary[2] =  1
      boundary[3] = -1
  Imp::Fopr_Wilson: construction finished.
  Fopr_Domainwall: input parameters
    mq   =   0.1000
    M0   =   1.6000
    Ns   =    8
    boundary[0] =  1
    boundary[1] =  1
    boundary[2] =  1
    boundary[3] = -1
    coefficients:
    b[ 0] =     1.5000000000  c[ 0] =     0.5000000000
    b[ 1] =     1.5000000000  c[ 1] =     0.5000000000
    b[ 2] =     1.5000000000  c[ 2] =     0.5000000000
    b[ 3] =     1.5000000000  c[ 3] =     0.5000000000
    b[ 4] =     1.5000000000  c[ 4] =     0.5000000000
    b[ 5] =     1.5000000000  c[ 5] =     0.5000000000
    b[ 6] =     1.5000000000  c[ 6] =     0.5000000000
    b[ 7] =     1.5000000000  c[ 7] =     0.5000000000
Fopr_Domainwall: construction finished.
Fopr_Domainwall: input parameters
  mq   =   0.1000
  M0   =   1.6000
  Ns   =    8
  boundary[0] =  1
  boundary[1] =  1
  boundary[2] =  1
  boundary[3] = -1
  coefficients:
  b[ 0] =     1.5000000000  c[ 0] =     0.5000000000
  b[ 1] =     1.5000000000  c[ 1] =     0.5000000000
  b[ 2] =     1.5000000000  c[ 2] =     0.5000000000
  b[ 3] =     1.5000000000  c[ 3] =     0.5000000000
  b[ 4] =     1.5000000000  c[ 4] =     0.5000000000
  b[ 5] =     1.5000000000  c[ 5] =     0.5000000000
  b[ 6] =     1.5000000000  c[ 6] =     0.5000000000
  b[ 7] =     1.5000000000  c[ 7] =     0.5000000000
Imp::Fopr_Wilson: construction
  Gauge group implementation: SU(3)
  Imp::Fopr_Wilson: input parameters
    gamma-matrix type = Dirac
    kappa  =   0.20833333
    boundary[0] =  1
    boundary[1] =  1
    boundary[2] =  1
    boundary[3] = -1
Imp::Fopr_Wilson: construction finished.
Source for spinor field - local:
  source_position[0] = 0
  source_position[1] = 0
  source_position[2] = 0
  source_position[3] = 0

Check of fermion operator (even-odd)
norm of source vector: 1.000000
AFopr_Domainwall_5din_eo<AField<double,ACCEL> >: construction
  do_comm[0] = 0
  do_comm[1] = 0
  do_comm[2] = 0
  do_comm[3] = 0
    extended_precision = true
    su3_reconstruction = false
  AFopr_Domainwall_5din_eo<AField<double,ACCEL> >: input parameters
    gamma matrix repr.:  Dirac
    code implementation: 5d
    mq   =   0.1000
    M0   =   1.6000
    Ns   =    8
    boundary[0] =  1
    boundary[1] =  1
    boundary[2] =  1
    boundary[3] = -1
    coefficients:
      b[ 0] =     1.5000000000  c[ 0] =     0.5000000000
      b[ 1] =     1.5000000000  c[ 1] =     0.5000000000
      b[ 2] =     1.5000000000  c[ 2] =     0.5000000000
      b[ 3] =     1.5000000000  c[ 3] =     0.5000000000
      b[ 4] =     1.5000000000  c[ 4] =     0.5000000000
      b[ 5] =     1.5000000000  c[ 5] =     0.5000000000
      b[ 6] =     1.5000000000  c[ 6] =     0.5000000000
      b[ 7] =     1.5000000000  c[ 7] =     0.5000000000
    alpha =   1.0000
convert required.
convert performed.

[D check]
norm2(abq) = 1.000000
norm2(y5)  = 113.098687
norm2(z5)  = 113.098687
norm2(axq) = 113.098687
diff2 = 0.000000

[Ddag check]
norm2(abq) = 1.000000
norm2(y5)  = 118.581712
norm2(z5)  = 118.581712
norm2(axq) = 118.581712
diff2 = 0.000000
Elapsed time: afopr_Domainwall_5din_eo: Deo & dagger   : total         0.01 sec, count    4, average         0.00 sec
Elapsed time: afopr_Domainwall_5din_eo: Dee_inv & dag  : total         0.01 sec, count   20, average         0.00 sec
Elapsed time: afopr_Domainwall_5din_eo: clear          : total         0.00 sec, count    0, average         0.00 sec
Elapsed time: afopr_Domainwall_5din_eo: pack           : total         0.00 sec, count    0, average         0.00 sec
Elapsed time: afopr_Domainwall_5din_eo: bulk           : total         0.01 sec, count    4, average         0.00 sec
Elapsed time: afopr_Domainwall_5din_eo: boundary       : total         0.00 sec, count    0, average         0.00 sec
Elapsed time: afopr_Domainwall_5din_eo: comm           : total         0.00 sec, count    0, average         0.00 sec
Elapsed time: afopr_Domainwall_5din_eo: comm_recv_wait : total         0.00 sec, count    0, average         0.00 sec
Elapsed time: afopr_Domainwall_5din_eo: comm_send_wait : total         0.00 sec, count    0, average         0.00 sec
Elapsed time: afopr_Domainwall_5din_eo: comm_recv_start: total         0.00 sec, count    0, average         0.00 sec
Elapsed time: afopr_Domainwall_5din_eo: comm_send_start: total         0.00 sec, count    0, average         0.00 sec
Elapsed time: afopr_Domainwall_5din_eo: comm_test_all  : total         0.00 sec, count    0, average         0.00 sec

Fprop_alt_Standard_eo<Afield<double,ACCEL> >: being setup (without link smearing).
  AFopr_Domainwall_5din_eo<AField<double,ACCEL> >: construction
    do_comm[0] = 0
    do_comm[1] = 0
    do_comm[2] = 0
    do_comm[3] = 0
      extended_precision = true
      su3_reconstruction = false
    AFopr_Domainwall_5din_eo<AField<double,ACCEL> >: input parameters
      gamma matrix repr.:  Dirac
      code implementation: 5d
      mq   =   0.1000
      M0   =   1.6000
      Ns   =    8
      boundary[0] =  1
      boundary[1] =  1
      boundary[2] =  1
      boundary[3] = -1
      coefficients:
        b[ 0] =     1.5000000000  c[ 0] =     0.5000000000
        b[ 1] =     1.5000000000  c[ 1] =     0.5000000000
        b[ 2] =     1.5000000000  c[ 2] =     0.5000000000
        b[ 3] =     1.5000000000  c[ 3] =     0.5000000000
        b[ 4] =     1.5000000000  c[ 4] =     0.5000000000
        b[ 5] =     1.5000000000  c[ 5] =     0.5000000000
        b[ 6] =     1.5000000000  c[ 6] =     0.5000000000
        b[ 7] =     1.5000000000  c[ 7] =     0.5000000000
      alpha =   1.0000
  ASolver_CGNR<Afield<double,ACCEL> >:
  ASolver_CG<Afield<double,ACCEL> >:
    Precision: double
    Niter     = 1200
    Stop_cond =   1.00000000e-90
    init_guess_mode: 0
    true_residual_interval = 10 (logging [TRUERES])
    refinement_iterations = 0
Fprop_alt_Standard_eo<Afield<double,ACCEL> >: setup finished.

Fprop_alt_Standard_eo<Afield<double,ACCEL> >: mult performance:
  mult mode = Dee_inv
  Number of mult =                400
  Elapsed time   =       0.165565 sec
  Flop(Fopr)     =           62914560
  Flop(total)    =        25165824000
  Performance    =     152.000 GFlops

Fprop_alt_Standard_eo<Afield<double,ACCEL> >: mult performance:
  mult mode = Doe
  Number of mult =                400
  Elapsed time   =       0.684813 sec
  Flop(Fopr)     =          390070272
  Flop(total)    =       156028108800
  Performance    =     227.841 GFlops

Fprop_alt_Standard_eo<Afield<double,ACCEL> >: mult performance:
  mult mode = D
  Number of mult =                400
  Elapsed time   =       1.861067 sec
  Flop(Fopr)     =          912261120
  Flop(total)    =       364904448000
  Performance    =     196.073 GFlops

Fprop_alt_Standard_eo<Afield<double,ACCEL> >: mult performance:
  mult mode = Ddag
  Number of mult =                400
  Elapsed time   =       1.873289 sec
  Flop(Fopr)     =          912261120
  Flop(total)    =       364904448000
  Performance    =     194.793 GFlops

Fprop_alt_Standard_eo<Afield<double,ACCEL> >: mult performance:
  mult mode = DdagD
  Number of mult =                400
  Elapsed time   =       3.715654 sec
  Flop(Fopr)     =         1824522240
  Flop(total)    =       729808896000
  Performance    =     196.415 GFlops

Solving quark propagator:
  color spin   Nconv      diff           diff2
ASolver_CGNR<Afield<double,ACCEL> >: solver starts
  mode_prev = D
  snorm =  2.585248592461555e+01
ASolver_CG solve_CG_init: m_x.nin() = 192, m_s.nin() = 192
  init:  1.003210806545592e+00
     0   5.135495720015121e-02
[TRUERES]      0  5.135495720015121e-02  5.135495720015121e-02
     1   1.433849621104631e-02
     2   1.233502693251493e-02
     3   4.415068646956570e-03
     4   2.138287102158892e-03
     5   1.783879430569841e-03
     6   8.383893744609891e-04
     7   5.263720927110454e-04
     8   4.230732832215485e-04
     9   2.224407541859559e-04
    10   1.688626483165352e-04
[TRUERES]     10  1.688626483165352e-04  1.688626483165352e-04
    11   1.338550137195026e-04
    12   8.211540232787213e-05
    13   7.126944812415994e-05
    14   5.642972604849662e-05
    15   3.848362437975584e-05
    16   3.548545437604232e-05
    17   2.724089996137525e-05
    18   2.043764558103151e-05
    19   1.908268175365383e-05
    20   1.404651954653839e-05
[TRUERES]     20  1.404651954653839e-05  1.404651954653838e-05
    21   1.121812453093947e-05
    22   1.007018478134594e-05
    23   7.335865823009237e-06
    24   6.287941226504383e-06
    25   5.521920994926198e-06
    26   4.187880804119020e-06
    27   3.771096999851339e-06
    28   3.228090883233788e-06
    29   2.589215253306193e-06
    30   2.449101698635389e-06
[TRUERES]     30  2.449101698635389e-06  2.449101698635422e-06
    31   2.091137854179736e-06
    32   1.794990115979113e-06
    33   1.745004653702390e-06
    34   1.498229741860192e-06
    35   1.358185732634780e-06
    36   1.328416843241011e-06
    37   1.142283394042349e-06
    38   1.082547956850810e-06
    39   1.022099315653777e-06
    40   8.756959056359670e-07
[TRUERES]     40  8.756959056359670e-07  8.756959056359729e-07
    41   8.367823771553107e-07
    42   7.486153268606709e-07
    43   6.312901952486878e-07
    44   5.869965305102264e-07
    45   4.928268064933866e-07
    46   4.116225817840397e-07
    47   3.681196064833615e-07
    48   2.949466325038972e-07
    49   2.487231909035707e-07
    50   2.159166587024874e-07
[TRUERES]     50  2.159166587024874e-07  2.159166587024836e-07
    51   1.707311684392493e-07
    52   1.469331962210141e-07
    53   1.254685415283927e-07
    54   1.005274866787260e-07
    55   8.844566382022032e-08
    56   7.460468823135653e-08
    57   6.114501169756449e-08
    58   5.461454065572446e-08
    59   4.558282917596566e-08
    60   3.868284164367028e-08
[TRUERES]     60  3.868284164367028e-08  3.868284164366829e-08
    61   3.495104459669390e-08
    62   2.922920460744787e-08
    63   2.568942576208940e-08
    64   2.314535390400969e-08
    65   1.947645442307670e-08
    66   1.758613725898442e-08
    67   1.569757078268873e-08
    68   1.342547220851509e-08
    69   1.234360164752027e-08
    70   1.084314752180549e-08
[TRUERES]     70  1.084314752180549e-08  1.084314752180558e-08
    71   9.411471059321804e-09
    72   8.678361759580095e-09
    73   7.511279156156924e-09
    74   6.581931091173554e-09
    75   5.970928594064717e-09
    76   5.087147807039739e-09
    77   4.518367814917751e-09
    78   4.062907227476634e-09
    79   3.441011041171621e-09
    80   3.079437733595820e-09
[TRUERES]     80  3.079437733595820e-09  3.079437733596267e-09
    81   2.690958429221506e-09
    82   2.264030970039308e-09
    83   2.012271861859096e-09
    84   1.696054447405433e-09
    85   1.410999564904042e-09
    86   1.228815008716232e-09
    87   1.008790088015364e-09
    88   8.445654819528991e-10
    89   7.269893215473094e-10
    90   5.914545555070529e-10
[TRUERES]     90  5.914545555070529e-10  5.914545555070609e-10
    91   4.999212888965170e-10
    92   4.239238888856115e-10
    93   3.435167252855975e-10
    94   2.927806306305662e-10
    95   2.453526773182125e-10
    96   2.002675346678069e-10
    97   1.728823760285988e-10
    98   1.442477806693824e-10
    99   1.208765503465933e-10
   100   1.065172802438653e-10
[TRUERES]    100  1.065172802438653e-10  1.065172802438045e-10
   101   9.010087401660343e-11
   102   7.836033041973443e-11
   103   7.007929772296974e-11
   104   6.020288553827026e-11
   105   5.420761743391258e-11
   106   4.913797950096625e-11
   107   4.319744074625131e-11
   108   3.978326881494177e-11
   109   3.580536855758914e-11
   110   3.170171215668264e-11
[TRUERES]    110  3.170171215668264e-11  3.170171215664325e-11
   111   2.932411003823083e-11
   112   2.601535305304982e-11
   113   2.315602199059995e-11
   114   2.121895115614276e-11
   115   1.856682487889074e-11
   116   1.657778828174329e-11
   117   1.495942528076898e-11
   118   1.292687985605311e-11
   119   1.155939029295134e-11
   120   1.018144810943728e-11
[TRUERES]    120  1.018144810943728e-11  1.018144810944507e-11
   121   8.653126903041622e-12
   122   7.601998363718745e-12
   123   6.461971468374733e-12
   124   5.382919832074614e-12
   125   4.609321702050681e-12
   126   3.773466678343084e-12
   127   3.106209992627083e-12
   128   2.612046866556067e-12
   129   2.110535456343563e-12
   130   1.755556061474631e-12
[TRUERES]    130  1.755556061474631e-12  1.755556061487227e-12
   131   1.475562045625488e-12
   132   1.210342566264261e-12
   133   1.036795234718153e-12
   134   8.851655104729963e-13
   135   7.428055732937529e-13
   136   6.497124404222193e-13
   137   5.544842985619259e-13
   138   4.727356962460496e-13
   139   4.170619244592964e-13
   140   3.562771524067735e-13
[TRUERES]    140  3.562771524067735e-13  3.562771524068781e-13
   141   3.083324994881769e-13
   142   2.733245367793643e-13
   143   2.352373785582890e-13
   144   2.089868543825029e-13
   145   1.875771653058900e-13
   146   1.645759920691156e-13
   147   1.503404137957275e-13
   148   1.356828075548402e-13
   149   1.206309441453586e-13
   150   1.111943353793833e-13
[TRUERES]    150  1.111943353793833e-13  1.111943353780335e-13
   151   1.002024897068530e-13
   152   9.042338748089195e-14
   153   8.372080776211499e-14
   154   7.500554998242338e-14
   155   6.773499317985273e-14
   156   6.165069103234644e-14
   157   5.400261249870859e-14
   158   4.807403014887601e-14
   159   4.249490821511192e-14
   160   3.657222715226007e-14
[TRUERES]    160  3.657222715226007e-14  3.657222715184237e-14
   161   3.227739427597825e-14
   162   2.793168027596096e-14
   163   2.374168112952650e-14
   164   2.073151540267513e-14
   165   1.762154648262022e-14
   166   1.502569866831513e-14
   167   1.302284222166432e-14
   168   1.093086861937673e-14
   169   9.299539785898578e-15
   170   7.955501222731745e-15
[TRUERES]    170  7.955501222731745e-15  7.955501222970553e-15
   171   6.619649210833636e-15
   172   5.656076075634960e-15
   173   4.824144232974863e-15
   174   4.059319005401028e-15
   175   3.543963067494879e-15
   176   3.060436510145487e-15
   177   2.648131304241992e-15
   178   2.367338253142605e-15
   179   2.079280146738508e-15
   180   1.856477353341908e-15
[TRUERES]    180  1.856477353341908e-15  1.856477353585686e-15
   181   1.696647176229823e-15
   182   1.516353668085360e-15
   183   1.387945589790445e-15
   184   1.286137284654318e-15
   185   1.163515308785934e-15
   186   1.075537302725842e-15
   187   9.790237080225087e-16
   188   8.717295255296010e-16
   189   7.920883131194765e-16
   190   7.018685708566123e-16
[TRUERES]    190  7.018685708566123e-16  7.018685708353495e-16
   191   6.165123945065019e-16
   192   5.494990890131343e-16
   193   4.745126599738275e-16
   194   4.124895113037664e-16
   195   3.610782431028948e-16
   196   3.070213742948747e-16
   197   2.655348434914184e-16
   198   2.278363766151695e-16
   199   1.902072733218077e-16
   200   1.614535023790550e-16
[TRUERES]    200  1.614535023790550e-16  1.614535023094052e-16
   201   1.343599368202222e-16
   202   1.098235349377307e-16
   203   9.143251900512643e-17
   204   7.428175145444130e-17
   205   6.033786481673468e-17
   206   4.985872898215118e-17
   207   4.022936726161147e-17
   208   3.291064745769431e-17
   209   2.722693073648412e-17
   210   2.207530550634600e-17
[TRUERES]    210  2.207530550634600e-17  2.207530549320121e-17
   211   1.834905479293059e-17
   212   1.527445453647445e-17
   213   1.253944246506349e-17
   214   1.057035601674432e-17
   215   8.819494857859072e-18
   216   7.346572545681995e-18
   217   6.278024744304421e-18
   218   5.281109602332813e-18
   219   4.479292906276461e-18
   220   3.880913396274244e-18
[TRUERES]    220  3.880913396274244e-18  3.880913399186391e-18
   221   3.318548311799383e-18
   222   2.909936393173623e-18
   223   2.593115786741884e-18
   224   2.286984968449826e-18
   225   2.077368370516685e-18
   226   1.891059602847871e-18
   227   1.709236896851076e-18
   228   1.583062324298518e-18
   229   1.446577345485195e-18
   230   1.313293777961909e-18
[TRUERES]    230  1.313293777961909e-18  1.313293781466561e-18
   231   1.211244174029047e-18
   232   1.085845688414517e-18
   233   9.733514403427538e-19
   234   8.759452836011593e-19
   235   7.658849337416585e-19
   236   6.739685837203187e-19
   237   5.875380396746224e-19
   238   4.968442939147565e-19
   239   4.243074201542933e-19
   240   3.563867520560498e-19
[TRUERES]    240  3.563867520560498e-19  3.563867523366702e-19
   241   2.934662041012543e-19
   242   2.446740195311032e-19
   243   1.995840937138835e-19
   244   1.621090578827965e-19
   245   1.334915826239557e-19
   246   1.075769298382946e-19
   247   8.727424206349425e-20
   248   7.162430563163378e-20
   249   5.783427981569165e-20
   250   4.777078787751205e-20
[TRUERES]    250  4.777078787751205e-20  4.777078720232436e-20
   251   3.967980092672271e-20
   252   3.261919996911886e-20
   253   2.750644859632349e-20
   254   2.305020330751563e-20
   255   1.919985328729299e-20
   256   1.631162047547782e-20
   257   1.365540834168379e-20
   258   1.150092166373849e-20
   259   9.913652801913492e-21
   260   8.462602736186296e-21
[TRUERES]    260  8.462602736186296e-21  8.462602659048124e-21
   261   7.368954283995039e-21
   262   6.519364802598303e-21
   263   5.710039319698696e-21
   264   5.109889425808658e-21
   265   4.585178235802826e-21
   266   4.058007146623389e-21
   267   3.665584205947508e-21
   268   3.278649438003836e-21
   269   2.921107294949840e-21
   270   2.648056969161117e-21
[TRUERES]    270  2.648056969161117e-21  2.648057135388080e-21
   271   2.356151661007220e-21
   272   2.100267968247513e-21
   273   1.885099607180812e-21
   274   1.649430663098448e-21
   275   1.448466537304947e-21
   276   1.267307560337276e-21
   277   1.081195928212694e-21
   278   9.287037598033674e-22
   279   7.853913668599680e-22
   280   6.520663476182769e-22
[TRUERES]    280  6.520663476182769e-22  6.520663712834161e-22
   281   5.469881550235310e-22
   282   4.515330277282982e-22
   283   3.714553876234494e-22
   284   3.091075931132758e-22
   285   2.518020441906112e-22
   286   2.065474217196274e-22
   287   1.711310479738401e-22
   288   1.400109524560487e-22
   289   1.163637171412689e-22
   290   9.682803009225396e-23
[TRUERES]    290  9.682803009225396e-23  9.682800011574501e-23
   291   7.933263197288716e-23
   292   6.609663189887840e-23
   293   5.465039663697206e-23
   294   4.488804157096160e-23
   295   3.770354432000388e-23
   296   3.144298810779955e-23
   297   2.639495617606907e-23
   298   2.254830121808233e-23
   299   1.900978224195929e-23
   300   1.618894748566331e-23
[TRUERES]    300  1.618894748566331e-23  1.618893622018045e-23
   301   1.395139587546832e-23
   302   1.188643578422134e-23
   303   1.035220478389793e-23
   304   9.075063739490748e-24
   305   7.894208882025279e-24
   306   6.994884798573613e-24
   307   6.165331763158624e-24
   308   5.422834041418399e-24
   309   4.867810044898296e-24
   310   4.311910714189068e-24
[TRUERES]    310  4.311910714189068e-24  4.311913006625913e-24
   311   3.834299188373702e-24
   312   3.448615330295912e-24
   313   3.046719507557974e-24
   314   2.697288421951892e-24
   315   2.377597162380530e-24
   316   2.043565646381460e-24
   317   1.771831671153169e-24
   318   1.518193689971221e-24
   319   1.277585538932808e-24
   320   1.083366107387229e-24
[TRUERES]    320  1.083366107387229e-24  1.083371303589971e-24
   321   9.027831220815612e-25
   322   7.433545923261564e-25
   323   6.174892640578919e-25
   324   5.012706334203562e-25
   325   4.066776330937169e-25
   326   3.326121869906199e-25
   327   2.682168292079828e-25
   328   2.184248421282218e-25
   329   1.786849645931798e-25
   330   1.438759219184002e-25
[TRUERES]    330  1.438759219184002e-25  1.438781577982953e-25
   331   1.175976205550380e-25
   332   9.606147507228239e-26
   333   7.816673201449407e-26
   334   6.482399737997091e-26
   335   5.339787018330234e-26
   336   4.403589021341297e-26
   337   3.692423065357687e-26
   338   3.063518005186935e-26
   339   2.560850363568912e-26
   340   2.162730397907349e-26
[TRUERES]    340  2.162730397907349e-26  2.162879821980330e-26
   341   1.808687156216993e-26
   342   1.532897770524781e-26
   343   1.302296927667869e-26
   344   1.093642082094479e-26
   345   9.318116060782311e-27
   346   7.906902945027635e-27
   347   6.711078613844502e-27
   348   5.828309070037432e-27
   349   5.047373115150086e-27
   350   4.405171936769895e-27
[TRUERES]    350  4.405171936769895e-27  4.406733999453946e-27
   351   3.926159363880852e-27
   352   3.467162719106616e-27
   353   3.101283646581731e-27
   354   2.801256753248825e-27
   355   2.504058749270855e-27
   356   2.266390424001420e-27
   357   2.041863351897239e-27
   358   1.814042045231101e-27
   359   1.623627451389587e-27
   360   1.436205173819760e-27
[TRUERES]    360  1.436205173819760e-27  1.438009280954642e-27
   361   1.257757482473964e-27
   362   1.108979231822970e-27
   363   9.592310252122429e-28
   364   8.296615311293001e-28
   365   7.203349941364034e-28
   366   6.144436197585286e-28
   367   5.262753689536943e-28
   368   4.503091727062768e-28
   369   3.790412852361490e-28
   370   3.217125705655551e-28
[TRUERES]    370  3.217125705655551e-28  3.235762411935256e-28
   371   2.709621322770655e-28
   372   2.251576012014925e-28
   373   1.897471740610695e-28
   374   1.583180982216516e-28
   375   1.315458463081045e-28
   376   1.101144998538800e-28
   377   9.054231273827493e-29
   378   7.472448164697276e-29
   379   6.229069393197889e-29
   380   5.137240219134487e-29
[TRUERES]    380  5.137240219134487e-29  5.333600682093408e-29
   381   4.299157810799311e-29
   382   3.634905260106942e-29
   383   3.063761224301205e-29
   384   2.643253533061671e-29
   385   2.300397804046850e-29
   386   2.012154849873510e-29
   387   1.801418191860948e-29
   388   1.607543008763476e-29
   389   1.439809553687617e-29
   390   1.306294337466788e-29
[TRUERES]    390  1.306294337466788e-29  1.510622936979066e-29
   391   1.174788672635470e-29
   392   1.064047553337056e-29
   393   9.724967325514629e-30
   394   8.771537783695578e-30
   395   8.004377084376382e-30
   396   7.291179274133679e-30
   397   6.552161626389814e-30
   398   5.944082951321426e-30
   399   5.340523569687122e-30
   400   4.750448201995330e-30
[TRUERES]    400  4.750448201995330e-30  6.921457709340096e-30
   401   4.246729306197251e-30
   402   3.723806007340518e-30
   403   3.237767908024501e-30
   404   2.814730042963415e-30
   405   2.398171376976976e-30
   406   2.051322877439354e-30
   407   1.747031111015232e-30
   408   1.459478613151935e-30
   409   1.223368454032339e-30
   410   1.012951315143528e-30
[TRUERES]    410  1.012951315143528e-30  3.247198577188524e-30
   411   8.237516938398033e-31
   412   6.739444319232339e-31
   413   5.465433753801110e-31
   414   4.429351424485981e-31
   415   3.645731678981913e-31
   416   2.979630978558480e-31
   417   2.449674353828139e-31
   418   2.037688414401313e-31
   419   1.679679496954557e-31
   420   1.398078562104344e-31
[TRUERES]    420  1.398078562104344e-31  2.450179919449650e-30
   421   1.171495947199722e-31
   422   9.741717826346883e-32
   423   8.216228423215503e-32
   424   6.959017485539313e-32
   425   5.897244358166916e-32
   426   5.097953557098767e-32
   427   4.413980003524427e-32
   428   3.842870872299550e-32
   429   3.408397493309838e-32
   430   3.019224932768553e-32
[TRUERES]    430  3.019224932768553e-32  2.406942355512293e-30
   431   2.708277666184863e-32
   432   2.462151194825958e-32
   433   2.223905905608281e-32
   434   2.028626289749684e-32
   435   1.853901338653541e-32
   436   1.671412355034832e-32
   437   1.512815519798063e-32
   438   1.352755547083419e-32
   439   1.192626503620291e-32
   440   1.052807789841134e-32
[TRUERES]    440  1.052807789841134e-32  2.455240678809736e-30
   441   9.136972083133072e-33
   442   7.886753769558548e-33
   443   6.832337115540596e-33
   444   5.819831539235004e-33
   445   4.957059841955958e-33
   446   4.227816148704201e-33
   447   3.555396495502616e-33
   448   3.009530809351177e-33
   449   2.541505111874141e-33
   450   2.121807848632185e-33
[TRUERES]    450  2.121807848632185e-33  2.442069830073659e-30
   451   1.788991707190586e-33
   452   1.491041031789182e-33
   453   1.227666255492897e-33
   454   1.016669814510834e-33
   455   8.319763930407038e-34
   456   6.808815216049624e-34
   457   5.612112028509726e-34
   458   4.566978088388859e-34
   459   3.732469632262556e-34
   460   3.066028587283234e-34
[TRUERES]    460  3.066028587283234e-34  2.501251386153089e-30
   461   2.491399462232869e-34
   462   2.048878676522411e-34
   463   1.689415332459536e-34
   464   1.391891017451219e-34
   465   1.166464533467042e-34
   466   9.757085242420677e-35
   467   8.175044932893950e-35
   468   6.954483093962298e-35
   469   5.893875743269237e-35
   470   5.040005890925226e-35
[TRUERES]    470  5.040005890925226e-35  2.508017237772839e-30
   471   4.373287603259469e-35
   472   3.786094593087089e-35
   473   3.329252703555200e-35
   474   2.968702582719351e-35
   475   2.644426857892728e-35
   476   2.397523352504512e-35
   477   2.179849880548642e-35
   478   1.971348002700812e-35
   479   1.800307372113149e-35
   480   1.627926517448412e-35
[TRUERES]    480  1.627926517448412e-35  2.512257937666094e-30
   481   1.460778726675048e-35
   482   1.316526569737114e-35
   483   1.168810545498946e-35
   484   1.037185546462044e-35
   485   9.214969320490685e-36
   486   8.043060049334830e-36
   487   7.003081001614334e-36
   488   6.049669073674088e-36
   489   5.127543257611187e-36
   490   4.358869499578890e-36
[TRUERES]    490  4.358869499578890e-36  2.508839569370812e-30
   491   3.669217902831478e-36
   492   3.050860143159135e-36
   493   2.533722896201867e-36
   494   2.066588790042059e-36
   495   1.671600841908418e-36
   496   1.355495689474420e-36
   497   1.086970470863024e-36
   498   8.735734842577948e-37
   499   7.074768721504862e-37
   500   5.685663554232186e-37
[TRUERES]    500  5.685663554232186e-37  2.510283539395055e-30
   501   4.622661930362120e-37
   502   3.776666316725376e-37
   503   3.059254960306825e-37
   504   2.501431954771408e-37
   505   2.039699676660927e-37
   506   1.659296561859963e-37
   507   1.367955919303891e-37
   508   1.126337631429218e-37
   509   9.347144999574418e-38
   510   7.887284395498576e-38
[TRUERES]    510  7.887284395498576e-38  2.511108048366612e-30
   511   6.649703500576198e-38
   512   5.682059164634579e-38
   513   4.936600012734140e-38
   514   4.281929597455873e-38
   515   3.761399394135248e-38
   516   3.326764222727210e-38
   517   2.941255725230496e-38
   518   2.649117955554203e-38
   519   2.389570986676657e-38
   520   2.151045139316561e-38
[TRUERES]    520  2.151045139316561e-38  2.511059301364299e-30
   521   1.953105836116869e-38
   522   1.751605459042363e-38
   523   1.567361612630417e-38
   524   1.405425080411554e-38
   525   1.242370428846082e-38
   526   1.099876531392963e-38
   527   9.719700723780758e-39
   528   8.452752639970343e-39
   529   7.364631391991933e-39
   530   6.368259959001311e-39
[TRUERES]    530  6.368259959001311e-39  2.511040364450556e-30
   531   5.430248838476504e-39
   532   4.646664803687365e-39
   533   3.945474994532700e-39
   534   3.332568436094084e-39
   535   2.823360276272411e-39
   536   2.360786913456207e-39
   537   1.967126190178639e-39
   538   1.638880506421708e-39
   539   1.344903554421446e-39
   540   1.105339990552089e-39
[TRUERES]    540  1.105339990552089e-39  2.511043919610554e-30
   541   9.068835844370921e-40
   542   7.363689584302181e-40
   543   6.035374673567093e-40
   544   4.973242613618299e-40
   545   4.110727086901709e-40
   546   3.464766198537592e-40
   547   2.933726049158317e-40
   548   2.506094641180034e-40
   549   2.176299951860742e-40
   550   1.894624173902431e-40
[TRUERES]    550  1.894624173902431e-40  2.511042860633978e-30
   551   1.666987194917213e-40
   552   1.484995691646299e-40
   553   1.319278968039162e-40
   554   1.183427008396358e-40
   555   1.064038873194531e-40
   556   9.514115900828602e-41
   557   8.586635515967485e-41
   558   7.729921086248377e-41
   559   6.934438811264118e-41
   560   6.249448857037949e-41
[TRUERES]    560  6.249448857037949e-41  2.511042465868531e-30
   561   5.560811587087490e-41
   562   4.922204084016548e-41
   563   4.361686114222982e-41
   564   3.802177006261871e-41
   565   3.296921608289540e-41
   566   2.834485700757876e-41
   567   2.387728482945861e-41
   568   2.013157763231523e-41
   569   1.687078361793896e-41
   570   1.397484238125230e-41
[TRUERES]    570  1.397484238125230e-41  2.511042335091127e-30
   571   1.163910833751816e-41
   572   9.572253823467966e-42
   573   7.800189639186333e-42
   574   6.382634004948512e-42
   575   5.168657238025067e-42
   576   4.198708718601661e-42
   577   3.446304873451248e-42
   578   2.810553445926915e-42
   579   2.302077607742829e-42
   580   1.888458894044750e-42
[TRUERES]    580  1.888458894044750e-42  2.511042348486772e-30
   581   1.533523168389016e-42
   582   1.251317314795176e-42
   583   1.020413376010554e-42
   584   8.278223059405007e-43
   585   6.782968439852777e-43
   586   5.541761903480039e-43
   587   4.540246480275065e-43
   588   3.763329637551493e-43
   589   3.106280631683768e-43
   590   2.583517076361089e-43
[TRUERES]    590  2.583517076361089e-43  2.511042354585891e-30
   591   2.168834609182507e-43
   592   1.818231091915931e-43
   593   1.541439564569810e-43
   594   1.315548628139491e-43
   595   1.120476453547571e-43
   596   9.650522669210367e-44
   597   8.336522899188388e-44
   598   7.180752367114195e-44
   599   6.247275599171267e-44
   600   5.409116250424688e-44
[TRUERES]    600  5.409116250424688e-44  2.511042354236884e-30
   601   4.687942460011053e-44
   602   4.096922453656364e-44
   603   3.555515937889119e-44
   604   3.099465074224990e-44
   605   2.715098001509272e-44
   606   2.363174936302678e-44
   607   2.065694542779025e-44
   608   1.800946240397132e-44
   609   1.556581424008048e-44
   610   1.347845022344672e-44
[TRUERES]    610  1.347845022344672e-44  2.511042361346479e-30
   611   1.153476473136851e-44
   612   9.796607292612494e-45
   613   8.346177738222741e-45
   614   7.017552900846966e-45
   615   5.868337834269527e-45
   616   4.902564972982390e-45
   617   4.036154350686048e-45
   618   3.319063744564584e-45
   619   2.724192036994510e-45
   620   2.207410930337498e-45
[TRUERES]    620  2.207410930337498e-45  2.511042361343717e-30
   621   1.797430125161912e-45
   622   1.463409825606014e-45
   623   1.182660445426798e-45
   624   9.616428916686903e-46
   625   7.765774031546998e-46
   626   6.251868451170859e-46
   627   5.084882310459130e-46
   628   4.116875391077564e-46
   629   3.354024151881698e-46
   630   2.755680130621333e-46
[TRUERES]    630  2.755680130621333e-46  2.511042361343190e-30
   631   2.248663755358767e-46
   632   1.843032987088199e-46
   633   1.513192517383729e-46
   634   1.236576282653602e-46
   635   1.019300568638818e-46
   636   8.399032750168848e-47
   637   6.921438494431517e-47
   638   5.787988591009061e-47
   639   4.837331711372638e-47
   640   4.061104770611053e-47
[TRUERES]    640  4.061104770611053e-47  2.511042361343193e-30
   641   3.450976555862432e-47
   642   2.930515834978105e-47
   643   2.509787492791124e-47
   644   2.168099567376729e-47
   645   1.862933848621612e-47
   646   1.619524270163017e-47
   647   1.416717689835356e-47
   648   1.240649033883113e-47
   649   1.101949500997580e-47
   650   9.792621491128851e-48
[TRUERES]    650  9.792621491128851e-48  2.511042361343203e-30
   651   8.684862555008770e-48
   652   7.751668210370787e-48
   653   6.862341365238602e-48
   654   6.054404878648766e-48
   655   5.332142321227814e-48
   656   4.625992257824597e-48
   657   3.994846614388124e-48
   658   3.441443851642445e-48
   659   2.935971039500671e-48
   660   2.516103383614116e-48
[TRUERES]    660  2.516103383614116e-48  2.511042361343201e-30
   661   2.149596154567665e-48
   662   1.813766061194549e-48
   663   1.530809005595707e-48
   664   1.277594563272220e-48
   665   1.055687556702621e-48
   666   8.746516502268086e-49
   667   7.175134270972427e-49
   668   5.876454332209089e-49
   669   4.834745482622793e-49
   670   3.948060998135252e-49
[TRUERES]    670  3.948060998135252e-49  2.511042361343198e-30
   671   3.242923225402134e-49
   672   2.667445935671892e-49
   673   2.175231754048963e-49
   674   1.780855869222127e-49
   675   1.454457329973631e-49
   676   1.182804144178463e-49
   677   9.690301766901126e-50
   678   7.902650067624602e-50
   679   6.465031510144321e-50
   680   5.375437384141559e-50
[TRUERES]    680  5.375437384141559e-50  2.511042361343196e-30
   681   4.485798216003054e-50
   682   3.787161894091997e-50
   683   3.229046109706430e-50
   684   2.748917808755809e-50
   685   2.365059342071928e-50
   686   2.055549663050459e-50
   687   1.792944378315602e-50
   688   1.591873840365350e-50
   689   1.422195594167687e-50
   690   1.274857643742072e-50
[TRUERES]    690  1.274857643742072e-50  2.511042361343196e-30
   691   1.157086999726645e-50
   692   1.049758679317410e-50
   693   9.534862515487105e-51
   694   8.700606104933652e-51
   695   7.860865293475921e-51
   696   7.097687865463349e-51
   697   6.403011517091754e-51
   698   5.716023460564130e-51
   699   5.101023973547788e-51
   700   4.517651364074132e-51
[TRUERES]    700  4.517651364074132e-51  2.511042361343196e-30
   701   3.940738558103654e-51
   702   3.427216434450700e-51
   703   2.938988534887874e-51
   704   2.489836052225254e-51
   705   2.103829630625223e-51
   706   1.753339297477360e-51
   707   1.453152679047552e-51
   708   1.203870874472223e-51
   709   9.840026506424622e-52
   710   8.036189872852559e-52
[TRUERES]    710  8.036189872852559e-52  2.511042361343196e-30
   711   6.548955145961333e-52
   712   5.276769819416589e-52
   713   4.279004401043638e-52
   714   3.468016022004320e-52
   715   2.788145922914012e-52
   716   2.241759177609233e-52
   717   1.788962977456079e-52
   718   1.421741858739114e-52
   719   1.138876519040765e-52
   720   9.075696122774616e-53
[TRUERES]    720  9.075696122774616e-53  2.511042361343196e-30
   721   7.242728658049732e-53
   722   5.817711993494859e-53
   723   4.642201123593617e-53
   724   3.715452093216165e-53
   725   2.977063296665869e-53
   726   2.374672005329265e-53
   727   1.910750725822281e-53
   728   1.538557513037252e-53
   729   1.242855728921409e-53
   730   1.019344291641006e-53
[TRUERES]    730  1.019344291641006e-53  2.511042361343196e-30
   731   8.378764783527923e-54
   732   6.886365395817688e-54
   733   5.716540370540229e-54
   734   4.737377212323047e-54
   735   3.957249683281184e-54
   736   3.339091464293459e-54
   737   2.810331409178441e-54
   738   2.387848452456775e-54
   739   2.045616763547834e-54
   740   1.753525735337071e-54
[TRUERES]    740  1.753525735337071e-54  2.511042361343196e-30
   741   1.523874151491924e-54
   742   1.329873529351302e-54
   743   1.162577912568350e-54
   744   1.026777216291495e-54
   745   9.059919610826531e-55
   746   8.049685857320910e-55
   747   7.235604506701399e-55
   748   6.494648586696149e-55
   749   5.869353641620537e-55
   750   5.316446722627898e-55
[TRUERES]    750  5.316446722627898e-55  2.511042361343196e-30
   751   4.768154366739455e-55
   752   4.269506569684855e-55
   753   3.781253937521884e-55
   754   3.287071365261979e-55
   755   2.843691354003219e-55
   756   2.426736027504389e-55
   757   2.043901126509010e-55
   758   1.718699210092607e-55
   759   1.426243994920934e-55
   760   1.175708210114249e-55
[TRUERES]    760  1.175708210114249e-55  2.511042361343196e-30
   761   9.697511524273714e-56
   762   7.941260477217340e-56
   763   6.500204144389955e-56
   764   5.333732005704799e-56
   765   4.352370327881821e-56
   766   3.567675647761098e-56
   767   2.922929820621515e-56
   768   2.384167694303179e-56
   769   1.955927119562510e-56
   770   1.601726555061805e-56
[TRUERES]    770  1.601726555061805e-56  2.511042361343196e-30
   771   1.314503325135030e-56
   772   1.092126427326710e-56
   773   9.064255923665622e-57
   774   7.548218585729864e-57
   775   6.344724192613392e-57
   776   5.318976094952872e-57
   777   4.488668592694542e-57
   778   3.798372429485705e-57
   779   3.202819136468123e-57
   780   2.723129245837153e-57
[TRUERES]    780  2.723129245837153e-57  2.511042361343196e-30
   781   2.319352039651517e-57
   782   1.967802284755246e-57
   783   1.681838507915021e-57
   784   1.438310780895519e-57
   785   1.233844357166860e-57
   786   1.072329954133347e-57
   787   9.359110861275813e-58
   788   8.241202158130920e-58
   789   7.297915599110791e-58
   790   6.430728529734789e-58
[TRUERES]    790  6.430728529734789e-58  2.511042361343196e-30
   791   5.685122377127566e-58
   792   5.015737140770953e-58
   793   4.368907570613017e-58
   794   3.802191288989103e-58
   795   3.278305464885255e-58
   796   2.794992488721088e-58
   797   2.381271719959118e-58
   798   2.003842585582138e-58
   799   1.672629298287118e-58
   800   1.398363250760493e-58
[TRUERES]    800  1.398363250760493e-58  2.511042361343196e-30
   801   1.155423385844640e-58
   802   9.548594408551517e-59
   803   7.886702766379251e-59
   804   6.454903035464983e-59
   805   5.309181807525799e-59
   806   4.368541563607330e-59
   807   3.576839549957166e-59
   808   2.940543479521197e-59
   809   2.411993286354009e-59
   810   1.971232152461318e-59
[TRUERES]    810  1.971232152461318e-59  2.511042361343196e-30
   811   1.619489641795848e-59
   812   1.317102822723107e-59
   813   1.066880935565356e-59
   814   8.667265087883552e-60
   815   6.978310540023795e-60
   816   5.618601934799593e-60
   817   4.530409548027793e-60
   818   3.632213171528357e-60
   819   2.924994846015342e-60
   820   2.360620110663701e-60
[TRUERES]    820  2.360620110663701e-60  2.511042361343196e-30
   821   1.897354055278341e-60
   822   1.540118117774437e-60
   823   1.251148571185683e-60
   824   1.020828793313951e-60
   825   8.447247021568053e-61
   826   7.014009243339681e-61
   827   5.885701916125972e-61
   828   5.001110309804451e-61
   829   4.259772780038669e-61
   830   3.669658422957350e-61
[TRUERES]    830  3.669658422957350e-61  2.511042361343196e-30
   831   3.186900517158620e-61
   832   2.767699224484090e-61
   833   2.428853993474029e-61
   834   2.142642894307645e-61
   835   1.887028208179959e-61
   836   1.674905965537376e-61
   837   1.486152272800764e-61
   838   1.316874329215122e-61
   839   1.174746600373437e-61
   840   1.042013488075939e-61
[TRUERES]    840  1.042013488075939e-61  2.511042361343196e-30
   841   9.243559714943177e-62
   842   8.243597626665637e-62
   843   7.323161728786443e-62
   844   6.542966380443808e-62
   845   5.833314869699888e-62
   846   5.147406280584694e-62
   847   4.522682357697847e-62
   848   3.937756245276945e-62
   849   3.388773475116248e-62
   850   2.916950229464935e-62
[TRUERES]    850  2.916950229464935e-62  2.511042361343196e-30
   851   2.483299153645451e-62
   852   2.095310543672788e-62
   853   1.764971050484279e-62
   854   1.466392801039856e-62
   855   1.211518705656865e-62
   856   9.975645905686812e-63
   857   8.119610481823572e-63
   858   6.614247501500061e-63
   859   5.359428536184784e-63
   860   4.295940582327428e-63
[TRUERES]    860  4.295940582327428e-63  2.511042361343196e-30
   861   3.439187495665209e-63
   862   2.736162665516788e-63
   863   2.165676789745506e-63
   864   1.727182948217774e-63
   865   1.376647056668341e-63
   866   1.102548579791359e-63
   867   8.923704904437935e-64
   868   7.224217166257835e-64
   869   5.881856100214177e-64
   870   4.821817675814799e-64
[TRUERES]    870  4.821817675814799e-64  2.511042361343196e-30
   871   3.944467570496951e-64
   872   3.243955975823726e-64
   873   2.667327991087900e-64
   874   2.182818059705635e-64
   875   1.799201844371513e-64
   876   1.488288567354521e-64
   877   1.234681179639132e-64
   878   1.037415668263765e-64
   879   8.771169573912334e-65
   880   7.520445689029573e-65
[TRUERES]    880  7.520445689029573e-65  2.511042361343196e-30
   881   6.552418559155850e-65
   882   5.745501434227807e-65
   883   5.092844131020762e-65
   884   4.548177316428379e-65
   885   4.059809137660078e-65
   886   3.661115211632074e-65
   887   3.314942872769893e-65
   888   3.000637184542102e-65
   889   2.738656252084740e-65
   890   2.490900154008986e-65
[TRUERES]    890  2.490900154008986e-65  2.511042361343196e-30
   891   2.257718990147763e-65
   892   2.047975016093357e-65
   893   1.830328693173614e-65
   894   1.620574554385337e-65
   895   1.423939817884235e-65
   896   1.231966894477661e-65
   897   1.059599562684591e-65
   898   9.052759649931704e-66
   899   7.619793114934919e-66
   900   6.395127509397907e-66
[TRUERES]    900  6.395127509397907e-66  2.511042361343196e-30
   901   5.333871989799178e-66
   902   4.407924092061585e-66
   903   3.646416446779509e-66
   904   2.984458968642783e-66
   905   2.427995959801737e-66
   906   1.977586306304915e-66
   907   1.593692913686175e-66
   908   1.286259220638999e-66
   909   1.040076362552421e-66
   910   8.358009577787867e-67
[TRUERES]    910  8.358009577787867e-67  2.511042361343196e-30
   911   6.741481737200747e-67
   912   5.447866293801926e-67
   913   4.381499806328610e-67
   914   3.533170589499850e-67
   915   2.846991733463288e-67
   916   2.292945025966351e-67
   917   1.867578069675495e-67
   918   1.529816073824848e-67
   919   1.264685193285149e-67
   920   1.060105980490142e-67
[TRUERES]    920  1.060105980490142e-67  2.511042361343196e-30
   921   8.903046537418211e-68
   922   7.537207688815949e-68
   923   6.422127555458868e-68
   924   5.450986010659512e-68
   925   4.665405844437846e-68
   926   4.022433702048962e-68
   927   3.477041804193159e-68
   928   3.035039524633983e-68
   929   2.665457731232902e-68
   930   2.350689078475712e-68
[TRUERES]    930  2.350689078475712e-68  2.511042361343196e-30
   931   2.100036170258504e-68
   932   1.874178596298508e-68
   933   1.677189882389744e-68
   934   1.507954066559236e-68
   935   1.343974131343322e-68
   936   1.194309980399950e-68
   937   1.057319722741736e-68
   938   9.246915466089280e-69
   939   8.060423374900640e-69
   940   6.989878003269360e-69
[TRUERES]    940  6.989878003269360e-69  2.511042361343196e-30
   941   5.987970105891007e-69
   942   5.112296073472207e-69
   943   4.298975974029245e-69
   944   3.564691883429650e-69
   945   2.936416972768193e-69
   946   2.385195870951764e-69
   947   1.923826007681119e-69
   948   1.550100015588813e-69
   949   1.240448522075454e-69
   950   9.967465008502398e-70
[TRUERES]    950  9.967465008502398e-70  2.511042361343196e-30
   951   8.027098005274302e-70
   952   6.427637317857456e-70
   953   5.161140649323115e-70
   954   4.132614940618366e-70
   955   3.293186259176201e-70
   956   2.633822611532552e-70
   957   2.100156815643787e-70
   958   1.673295114628377e-70
   959   1.341575596582416e-70
   960   1.071690756019580e-70
[TRUERES]    960  1.071690756019580e-70  2.511042361343196e-30
   961   8.622465610355525e-71
   962   6.983963059688211e-71
   963   5.636639621903224e-71
   964   4.557428338196734e-71
   965   3.685827093275497e-71
   966   2.961826640720508e-71
   967   2.392040776877314e-71
   968   1.939286605351319e-71
   969   1.571676807230441e-71
   970   1.287451925559168e-71
[TRUERES]    970  1.287451925559168e-71  2.511042361343196e-30
   971   1.058005920039286e-71
   972   8.738894253943958e-72
   973   7.270372829431227e-72
   974   6.043451675729097e-72
   975   5.072083323015743e-72
   976   4.302585900312567e-72
   977   3.659830145799579e-72
   978   3.157966435188462e-72
   979   2.753847613316012e-72
   980   2.418722220864300e-72
[TRUERES]    980  2.418722220864300e-72  2.511042361343196e-30
   981   2.156990449932229e-72
   982   1.933122398836207e-72
   983   1.733934849423587e-72
   984   1.565701944061081e-72
   985   1.404731682215702e-72
   986   1.256132055627799e-72
   987   1.118199666061873e-72
   988   9.819326468020976e-73
   989   8.558713176654998e-73
   990   7.414931978101356e-73
[TRUERES]    990  7.414931978101356e-73  2.511042361343196e-30
   991   6.336201708888403e-73
   992   5.393146868078208e-73
   993   4.560167364410354e-73
   994   3.821766976170288e-73
   995   3.194330619511179e-73
   996   2.645909108685711e-73
   997   2.180676890538268e-73
   998   1.797531133737963e-73
   999   1.467587887173287e-73
  1000   1.195169389503169e-73
[TRUERES]   1000  1.195169389503169e-73  2.511042361343196e-30
  1001   9.716570336301952e-74
  1002   7.840145070958870e-74
  1003   6.332514797905748e-74
  1004   5.095310160377871e-74
  1005   4.063314875852286e-74
  1006   3.251001118687865e-74
  1007   2.589323348865797e-74
  1008   2.052728098067641e-74
  1009   1.633472587547690e-74
  1010   1.294058640950727e-74
[TRUERES]   1010  1.294058640950727e-74  2.511042361343196e-30
  1011   1.023513962270671e-74
  1012   8.166478569016286e-75
  1013   6.487882916061506e-75
  1014   5.173890700909311e-75
  1015   4.143471974702055e-75
  1016   3.304354072038618e-75
  1017   2.644712824655977e-75
  1018   2.123130014832999e-75
  1019   1.709249591121129e-75
  1020   1.393985650337881e-75
[TRUERES]   1020  1.393985650337881e-75  2.511042361343196e-30
  1021   1.146652275658930e-75
  1022   9.493201011855782e-76
  1023   7.962715603512219e-76
  1024   6.705262772681442e-76
  1025   5.692257316019892e-76
  1026   4.896384177492163e-76
  1027   4.222738976448690e-76
  1028   3.672952858553067e-76
  1029   3.224510052723521e-76
  1030   2.840147460568246e-76
[TRUERES]   1030  2.840147460568246e-76  2.511042361343196e-30
  1031   2.530979633819981e-76
  1032   2.275854047886846e-76
  1033   2.056878649886109e-76
  1034   1.885443581776566e-76
  1035   1.740223588577308e-76
  1036   1.610318315157544e-76
  1037   1.500046925977992e-76
  1038   1.394321121097904e-76
  1039   1.295157812433732e-76
  1040   1.207282223097158e-76
[TRUERES]   1040  1.207282223097158e-76  2.511042361343196e-30
  1041   1.114619661556704e-76
  1042   1.026919887548705e-76
  1043   9.417203607123155e-77
  1044   8.571399194253157e-77
  1045   7.792238432719731e-77
  1046   7.008409201165601e-77
  1047   6.230425069475388e-77
  1048   5.516799775966783e-77
  1049   4.825611726670619e-77
  1050   4.188897974111782e-77
[TRUERES]   1050  4.188897974111782e-77  2.511042361343196e-30
  1051   3.629500077744838e-77
  1052   3.112527749408608e-77
  1053   2.651700633308953e-77
  1054   2.244889027142654e-77
  1055   1.881705494244307e-77
  1056   1.578398507526375e-77
  1057   1.325862763082662e-77
  1058   1.110895909442251e-77
  1059   9.373942664353637e-78
  1060   7.930936798696234e-78
[TRUERES]   1060  7.930936798696234e-78  2.511042361343196e-30
  1061   6.730814378976461e-78
  1062   5.782238277905469e-78
  1063   4.991088144402300e-78
  1064   4.348811271635878e-78
  1065   3.843871144681988e-78
  1066   3.411267783966237e-78
  1067   3.055975683327971e-78
  1068   2.764407887614362e-78
  1069   2.495156802163956e-78
  1070   2.265284754582898e-78
[TRUERES]   1070  2.265284754582898e-78  2.511042361343196e-30
  1071   2.058572981748389e-78
  1072   1.857254125872450e-78
  1073   1.672333590613121e-78
  1074   1.493977598029191e-78
  1075   1.325300557717728e-78
  1076   1.175508954588252e-78
  1077   1.033475078418323e-78
  1078   9.039450403296742e-79
  1079   7.890818014412098e-79
  1080   6.805075476435072e-79
[TRUERES]   1080  6.805075476435072e-79  2.511042361343196e-30
  1081   5.837932565432786e-79
  1082   4.971918921791348e-79
  1083   4.195059434553176e-79
  1084   3.539943820676823e-79
  1085   2.969383256178322e-79
  1086   2.460269746170866e-79
  1087   2.032596881712930e-79
  1088   1.665399533378726e-79
  1089   1.354780592305140e-79
  1090   1.100372505499354e-79
[TRUERES]   1090  1.100372505499354e-79  2.511042361343196e-30
  1091   8.838530982312773e-80
  1092   7.063906791485857e-80
  1093   5.629957484801655e-80
  1094   4.457062378580057e-80
  1095   3.538246209957142e-80
  1096   2.809208599085959e-80
  1097   2.213123219660074e-80
  1098   1.745024939505257e-80
  1099   1.372314299021950e-80
  1100   1.075267005775908e-80
[TRUERES]   1100  1.075267005775908e-80  2.511042361343196e-30
  1101   8.459221225803748e-81
  1102   6.644963845877136e-81
  1103   5.218746239368352e-81
  1104   4.120829078350300e-81
  1105   3.250613940120608e-81
  1106   2.570643454787050e-81
  1107   2.038149134228524e-81
  1108   1.609706290391477e-81
  1109   1.277740731238234e-81
  1110   1.019977074765330e-81
[TRUERES]   1110  1.019977074765330e-81  2.511042361343196e-30
  1111   8.143378351713898e-82
  1112   6.550225765854200e-82
  1113   5.258804424372886e-82
  1114   4.220385788809049e-82
  1115   3.409204619438266e-82
  1116   2.746099242575417e-82
  1117   2.221355457831423e-82
  1118   1.821057371270693e-82
  1119   1.500957490198521e-82
  1120   1.248155867482217e-82
[TRUERES]   1120  1.248155867482217e-82  2.511042361343196e-30
  1121   1.048889855088010e-82
  1122   8.837773670947120e-83
  1123   7.511815027156312e-83
  1124   6.419316733252860e-83
  1125   5.498440303039963e-83
  1126   4.751238581325684e-83
  1127   4.127465994407672e-83
  1128   3.593579758163149e-83
  1129   3.152852099404567e-83
  1130   2.764911267740913e-83
[TRUERES]   1130  2.764911267740913e-83  2.511042361343196e-30
  1131   2.431524918397958e-83
  1132   2.147102503377117e-83
  1133   1.884806362499672e-83
  1134   1.655342208250579e-83
  1135   1.453695204816379e-83
  1136   1.265508943233501e-83
  1137   1.105054081115725e-83
  1138   9.604882414051869e-84
  1139   8.294906593772737e-84
  1140   7.155590247463976e-84
[TRUERES]   1140  7.155590247463976e-84  2.511042361343196e-30
  1141   6.130677778323647e-84
  1142   5.232890379862164e-84
  1143   4.471739056439658e-84
  1144   3.792668539959804e-84
  1145   3.198328159024111e-84
  1146   2.685456844304758e-84
  1147   2.221489227163567e-84
  1148   1.828983704575070e-84
  1149   1.501447635606065e-84
  1150   1.223684895950766e-84
[TRUERES]   1150  1.223684895950766e-84  2.511042361343196e-30
  1151   9.969580253171924e-85
  1152   8.106344322873511e-85
  1153   6.559887132124494e-85
  1154   5.300560899343569e-85
  1155   4.251533408285690e-85
  1156   3.398283653493605e-85
  1157   2.719103508235792e-85
  1158   2.159481798478555e-85
  1159   1.714554066867864e-85
  1160   1.364419462965110e-85
[TRUERES]   1160  1.364419462965110e-85  2.511042361343196e-30
  1161   1.078283335386546e-85
  1162   8.515218246650227e-86
  1163   6.715401988804928e-86
  1164   5.277986851907035e-86
  1165   4.150946626966029e-86
  1166   3.260024538779212e-86
  1167   2.552545921031011e-86
  1168   2.004878166658180e-86
  1169   1.574117374697418e-86
  1170   1.236205799493632e-86
[TRUERES]   1170  1.236205799493632e-86  2.511042361343196e-30
  1171   9.735536531039059e-87
  1172   7.621372995817018e-87
  1173   5.946581641560013e-87
  1174   4.633907409398071e-87
  1175   3.590550972436297e-87
  1176   2.791009234316456e-87
  1177   2.165520367147079e-87
  1178   1.667493648705689e-87
  1179   1.288740945667166e-87
  1180   9.931670403836649e-88
[TRUERES]   1180  9.931670403836649e-88  2.511042361343196e-30
  1181   7.638869503685682e-88
  1182   5.918346589985326e-88
  1183   4.579923678868111e-88
  1184   3.537838304174774e-88
  1185   2.736693720753136e-88
  1186   2.106926770520335e-88
  1187   1.619911202432676e-88
  1188   1.245238267487792e-88
  1189   9.541709548082692e-89
  1190   7.368640728058002e-89
[TRUERES]   1190  7.368640728058002e-89  2.511042361343196e-30
  1191   5.715688468888748e-89
  1192   4.431876668890375e-89
  1193   3.453589402470191e-89
  1194   2.687867229702807e-89
  1195   2.079564695776704e-89
  1196   1.613867158896071e-89
  1197   1.246626783428421e-89
  1198   9.612667704819045e-90
  1199   7.447270431844041e-90
Error at ASolver_CG<Afield<double,ACCEL> >: not converged
  iter(final):     1200   7.447270431844041e-90
converged:
  nconv = -1
    0    0       -1     9.7130e-32     1.6331e-30
ASolver_CGNR<Afield<double,ACCEL> >: solver starts
  mode_prev = D
  snorm =  2.556055513575415e+01
ASolver_CG solve_CG_init: m_x.nin() = 192, m_s.nin() = 192
  init:  9.815131262403562e-01
     0   4.820301376246045e-02
[TRUERES]      0  4.820301376246045e-02  4.820301376246044e-02
     1   1.227379311894489e-02
     2   1.046375821108810e-02
     3   3.865182914745845e-03
     4   1.844753029192657e-03
     5   1.587841878062307e-03
     6   7.771641158943475e-04
     7   4.871929512359245e-04
     8   4.148697049712887e-04
     9   2.320938747165026e-04
    10   1.807356762109705e-04
[TRUERES]     10  1.807356762109705e-04  1.807356762109701e-04
    11   1.483087174471768e-04
    12   9.145992821537840e-05
    13   7.831863268683821e-05
    14   6.236656269053344e-05
    15   4.300498749350496e-05
    16   3.986811440257954e-05
    17   3.103000205691957e-05
    18   2.332500719092761e-05
    19   2.151692225037533e-05
    20   1.571429204661155e-05
[TRUERES]     20  1.571429204661155e-05  1.571429204661155e-05
    21   1.239150806334912e-05
    22   1.098462005324691e-05
    23   7.930413436952627e-06
    24   6.613969890387063e-06
    25   5.731422311304461e-06
    26   4.282792525319976e-06
    27   3.831986194430946e-06
    28   3.293732398548936e-06
    29   2.626780561633911e-06
    30   2.486207941888551e-06
[TRUERES]     30  2.486207941888551e-06  2.486207941888567e-06
    31   2.130784615694630e-06
    32   1.814899535273520e-06
    33   1.752157916074324e-06
    34   1.475034170668036e-06
    35   1.296448966277805e-06
    36   1.235526738784758e-06
    37   1.038967333898349e-06
    38   9.675390761124027e-07
    39   9.116459236055897e-07
    40   7.791784712778851e-07
[TRUERES]     40  7.791784712778851e-07  7.791784712778828e-07
    41   7.425413536254148e-07
    42   6.671024875519519e-07
    43   5.633491801537827e-07
    44   5.274248537255265e-07
    45   4.518820642362758e-07
    46   3.858518212691653e-07
    47   3.565730591479217e-07
    48   2.969878893057711e-07
    49   2.593918715634033e-07
    50   2.336834551169847e-07
[TRUERES]     50  2.336834551169847e-07  2.336834551169840e-07
    51   1.901591932520350e-07
    52   1.664755017406156e-07
    53   1.436396616016357e-07
    54   1.147205786016767e-07
    55   9.938574219865528e-08
    56   8.213724666268105e-08
    57   6.557320006785104e-08
    58   5.702824497908906e-08
    59   4.630567506063228e-08
    60   3.808911480579225e-08
[TRUERES]     60  3.808911480579225e-08  3.808911480579228e-08
    61   3.337126732987858e-08
    62   2.702267944618341e-08
    63   2.286327039393441e-08
    64   1.987446395834782e-08
    65   1.602460834008871e-08
    66   1.381360436928938e-08
    67   1.178571234847642e-08
    68   9.596141169473119e-09
    69   8.459109531267541e-09
    70   7.192312836542764e-09
[TRUERES]     70  7.192312836542764e-09  7.192312836542895e-09
    71   6.030623608324073e-09
    72   5.436205999999009e-09
    73   4.650629461647390e-09
    74   4.034729835328541e-09
    75   3.673951932984683e-09
    76   3.144531076207333e-09
    77   2.814937496992867e-09
    78   2.580626359380978e-09
    79   2.245741647767701e-09
    80   2.073666853558324e-09
[TRUERES]     80  2.073666853558324e-09  2.073666853558575e-09
    81   1.894265149860601e-09
    82   1.660293551157466e-09
    83   1.549389086573318e-09
    84   1.386550793002694e-09
    85   1.220087022554446e-09
    86   1.127992032279592e-09
    87   9.838350281394749e-10
    88   8.681691979048289e-10
    89   7.889079193361833e-10
    90   6.739744653283999e-10
[TRUERES]     90  6.739744653283999e-10  6.739744653283987e-10
    91   5.937625961846123e-10
    92   5.213346038496663e-10
    93   4.330604562107793e-10
    94   3.764128829936087e-10
    95   3.212105308931967e-10
    96   2.654307142035445e-10
    97   2.302248092437389e-10
    98   1.926297536533169e-10
    99   1.604685296792332e-10
   100   1.399648553979742e-10
[TRUERES]    100  1.399648553979742e-10  1.399648553979205e-10
   101   1.166791797143623e-10
   102   9.958865199049403e-11
   103   8.750875197263800e-11
   104   7.353965235674628e-11
   105   6.440376464300193e-11
   106   5.666953605364091e-11
   107   4.827778879428897e-11
   108   4.324566592652266e-11
   109   3.821130518144823e-11
   110   3.344689080492231e-11
[TRUERES]    110  3.344689080492231e-11  3.344689080491013e-11
   111   3.086333641985818e-11
   112   2.768500787433965e-11
   113   2.507780330436591e-11
   114   2.353690790822794e-11
   115   2.115935157915944e-11
   116   1.944840414511360e-11
   117   1.815150154188278e-11
   118   1.626300525299538e-11
   119   1.506874013154610e-11
   120   1.376688448278937e-11
[TRUERES]    120  1.376688448278937e-11  1.376688448279177e-11
   121   1.209599201993182e-11
   122   1.097404794242093e-11
   123   9.634724577043987e-12
   124   8.283047274660817e-12
   125   7.342895904925995e-12
   126   6.239996572597164e-12
   127   5.314546930222075e-12
