Bridge++ 2.0.0

input filename : main.yaml

file = main.yaml

Lattice parameters:
  Lx = 16,  Ly = 16,  Lz = 16,  Lt = 16,
  Nx = 16,  Ny = 16,  Nz = 16,  Nt = 16,
  NPEx = 1,  NPEy  = 1,  NPEz  = 1,  NPEt  = 1,
  Lvol = 65536,  Nvol = 65536,  NPE = 1,
  Ndim = 4
  Nc   = 3
  Nd   = 4

ThreadManager: initialization
Warning at ThreadManager: Nthread(env) != Nthread(input)
  Number of threads(env)   = 2
  Number of threads(input) = 1
  reset Nthread = Nthread(input).
  Number of threads = 1
Main: input parameters
  lattice_size     = [16, 16, 16, 16]
  grid_size        = [1, 1, 1, 1]
  number of thread = 1
  number of color  = 3
  logfile          = stdout
  ildg_logfile     = stdout
  vlevel           = General

Alt_Accel code is being setup.
DeviceManager_CUDA: being initialized.
  process_id = 0
  number of devices = 1
  device_id = 0  is used on process = 0
------------------------------------------------
Alt_Accel: Factory entries
------------------------------------------------
AFopr<double, ACCEL> >(void):
AFopr<double, ACCEL>(Parameters&):
	Clover
	CloverTerm
	Clover_dd
	Domainwall
	Domainwall_5din
	Domainwall_5din_dd
	Domainwall_5din_eo
	Domainwall_eo
	Wilson
	Wilson_dd
AFopr<double, ACCEL>(Fopr*):
	Domainwall
AFopr<double, ACCEL>(Fopr*, Director*):
AFopr<float, ACCEL> >(void):
AFopr<float, ACCEL>(Parameters&):
	Clover
	CloverTerm
	Clover_dd
	Domainwall
	Domainwall_5din
	Domainwall_5din_dd
	Domainwall_5din_eo
	Domainwall_eo
	Wilson
	Wilson_dd
AFopr<float, ACCEL>(Fopr*):
	Domainwall
AFopr<float, ACCEL>(Fopr*, Director*):
AEigensolver<AField<float, ACCEL> >, Afopr>(Fopr*):
	IRArnoldi
	IRLanczos
------------------------------------------------
Timer: timestamp: 2026/06/06 11:30:11 +0900
file = test_alt_Spectrum_Domainwall_5din_Hadron2ptFunction.yaml

--------------------------------------------------------------------
test name: Spectrum_Domainwall_alt.hadron_2ptFunction
test file: test_alt_Spectrum_Domainwall_5din_Hadron2ptFunction.yaml
test mode: float_eo
file = test_alt_Spectrum_Domainwall_5din_Hadron2ptFunction.yaml
  vlevel       = General
  source_type  = Local
Smearing parameters (assumes APE-Stout):
   proj_type:  Stout_SU3
   smear_type: APE
   rho_uniform: 0.100000
   number_of_smearing: 0
  vlevel       = General

Configuration setup:
  gconf_status = Continue
  gconf_read   = Text
  readfile     = ./conf_real16.txt
  plaq = 0.596178

Gauge fixing:
  Gauge fixing type = None
Parameters: get_string: key 'filename_output' not found.
Elapsed time: calc_plqauette: total         0.12 sec, count    1, average         0.12 sec
plaquette (before smearing):       0.596178494528857
applying smearing
Smear_APE:
  rho =   0.1000
Director_Smear:
  Nsmear = 0
Parameters: get_string: key 'filename_output' not found.
Elapsed time: calc_plqauette: total         0.19 sec, count    1, average         0.19 sec
Elapsed time: smearig: total         0.20 sec, count    1, average         0.20 sec
plaquette (after smearing):        0.596178494528857
  gmset_type   = Dirac
Gamma matrix: dirac representation.
Fopr_Domainwall: construction
  Imp::Fopr_Wilson: construction
    Gauge group implementation: SU(3)
    Imp::Fopr_Wilson: input parameters
      gamma-matrix type = Dirac
      kappa  =   0.20833333
      boundary[0] =  1
      boundary[1] =  1
      boundary[2] =  1
      boundary[3] = -1
  Imp::Fopr_Wilson: construction finished.
  Fopr_Domainwall: input parameters
    mq   =   0.0250
    M0   =   1.6000
    Ns   =    8
    boundary[0] =  1
    boundary[1] =  1
    boundary[2] =  1
    boundary[3] = -1
    coefficients:
    b[ 0] =     1.5000000000  c[ 0] =     0.5000000000
    b[ 1] =     1.5000000000  c[ 1] =     0.5000000000
    b[ 2] =     1.5000000000  c[ 2] =     0.5000000000
    b[ 3] =     1.5000000000  c[ 3] =     0.5000000000
    b[ 4] =     1.5000000000  c[ 4] =     0.5000000000
    b[ 5] =     1.5000000000  c[ 5] =     0.5000000000
    b[ 6] =     1.5000000000  c[ 6] =     0.5000000000
    b[ 7] =     1.5000000000  c[ 7] =     0.5000000000
Fopr_Domainwall: construction finished.
Fopr_Domainwall: input parameters
  mq   =   0.0250
  M0   =   1.6000
  Ns   =    8
  boundary[0] =  1
  boundary[1] =  1
  boundary[2] =  1
  boundary[3] = -1
  coefficients:
  b[ 0] =     1.5000000000  c[ 0] =     0.5000000000
  b[ 1] =     1.5000000000  c[ 1] =     0.5000000000
  b[ 2] =     1.5000000000  c[ 2] =     0.5000000000
  b[ 3] =     1.5000000000  c[ 3] =     0.5000000000
  b[ 4] =     1.5000000000  c[ 4] =     0.5000000000
  b[ 5] =     1.5000000000  c[ 5] =     0.5000000000
  b[ 6] =     1.5000000000  c[ 6] =     0.5000000000
  b[ 7] =     1.5000000000  c[ 7] =     0.5000000000
Imp::Fopr_Wilson: construction
  Gauge group implementation: SU(3)
  Imp::Fopr_Wilson: input parameters
    gamma-matrix type = Dirac
    kappa  =   0.20833333
    boundary[0] =  1
    boundary[1] =  1
    boundary[2] =  1
    boundary[3] = -1
Imp::Fopr_Wilson: construction finished.
Source for spinor field - local:
  source_position[0] = 0
  source_position[1] = 0
  source_position[2] = 0
  source_position[3] = 0

Check of fermion operator (even-odd)
norm of source vector: 1.000000
AFopr_Domainwall_5din_eo<AField<float,ACCEL> >: construction
  do_comm[0] = 0
  do_comm[1] = 0
  do_comm[2] = 0
  do_comm[3] = 0
    extended_precision = true
    su3_reconstruction = false
  AFopr_Domainwall_5din_eo<AField<float,ACCEL> >: input parameters
    gamma matrix repr.:  Dirac
    code implementation: 5d
    mq   =   0.0250
    M0   =   1.6000
    Ns   =    8
    boundary[0] =  1
    boundary[1] =  1
    boundary[2] =  1
    boundary[3] = -1
    coefficients:
      b[ 0] =     1.5000000000  c[ 0] =     0.5000000000
      b[ 1] =     1.5000000000  c[ 1] =     0.5000000000
      b[ 2] =     1.5000000000  c[ 2] =     0.5000000000
      b[ 3] =     1.5000000000  c[ 3] =     0.5000000000
      b[ 4] =     1.5000000000  c[ 4] =     0.5000000000
      b[ 5] =     1.5000000000  c[ 5] =     0.5000000000
      b[ 6] =     1.5000000000  c[ 6] =     0.5000000000
      b[ 7] =     1.5000000000  c[ 7] =     0.5000000000
    alpha =   1.0000
convert required.
convert performed.

[D check]
norm2(abq) = 1.000000
norm2(y5)  = 113.089776
norm2(z5)  = 113.089769
norm2(axq) = 113.089760
diff2 = 0.000000
Elapsed time: afopr_Domainwall_5din_eo: Deo & dagger   : total         0.00 sec, count    2, average         0.00 sec
Elapsed time: afopr_Domainwall_5din_eo: Dee_inv & dag  : total         0.00 sec, count   18, average         0.00 sec
Elapsed time: afopr_Domainwall_5din_eo: clear          : total         0.00 sec, count    0, average         0.00 sec
Elapsed time: afopr_Domainwall_5din_eo: pack           : total         0.00 sec, count    0, average         0.00 sec
Elapsed time: afopr_Domainwall_5din_eo: bulk           : total         0.00 sec, count    2, average         0.00 sec
Elapsed time: afopr_Domainwall_5din_eo: boundary       : total         0.00 sec, count    0, average         0.00 sec
Elapsed time: afopr_Domainwall_5din_eo: comm           : total         0.00 sec, count    0, average         0.00 sec
Elapsed time: afopr_Domainwall_5din_eo: comm_recv_wait : total         0.00 sec, count    0, average         0.00 sec
Elapsed time: afopr_Domainwall_5din_eo: comm_send_wait : total         0.00 sec, count    0, average         0.00 sec
Elapsed time: afopr_Domainwall_5din_eo: comm_recv_start: total         0.00 sec, count    0, average         0.00 sec
Elapsed time: afopr_Domainwall_5din_eo: comm_send_start: total         0.00 sec, count    0, average         0.00 sec
Elapsed time: afopr_Domainwall_5din_eo: comm_test_all  : total         0.00 sec, count    0, average         0.00 sec

Fprop_alt_Standard_eo<Afield<float,ACCEL> >: being setup (without link smearing).
  AFopr_Domainwall_5din_eo<AField<float,ACCEL> >: construction
    do_comm[0] = 0
    do_comm[1] = 0
    do_comm[2] = 0
    do_comm[3] = 0
      extended_precision = true
      su3_reconstruction = false
    AFopr_Domainwall_5din_eo<AField<float,ACCEL> >: input parameters
      gamma matrix repr.:  Dirac
      code implementation: 5d
      mq   =   0.0250
      M0   =   1.6000
      Ns   =    8
      boundary[0] =  1
      boundary[1] =  1
      boundary[2] =  1
      boundary[3] = -1
      coefficients:
        b[ 0] =     1.5000000000  c[ 0] =     0.5000000000
        b[ 1] =     1.5000000000  c[ 1] =     0.5000000000
        b[ 2] =     1.5000000000  c[ 2] =     0.5000000000
        b[ 3] =     1.5000000000  c[ 3] =     0.5000000000
        b[ 4] =     1.5000000000  c[ 4] =     0.5000000000
        b[ 5] =     1.5000000000  c[ 5] =     0.5000000000
        b[ 6] =     1.5000000000  c[ 6] =     0.5000000000
        b[ 7] =     1.5000000000  c[ 7] =     0.5000000000
      alpha =   1.0000
  ASolver_CGNR<Afield<float,ACCEL> >:
  ASolver_CG<Afield<float,ACCEL> >:
    Precision: float
    Niter     = 550
    Stop_cond =   0.00000000e+00
    init_guess_mode: 0
    true_residual_interval = 10 (logging [TRUERES])
    refinement_iterations = 0
Fprop_alt_Standard_eo<Afield<float,ACCEL> >: setup finished.

Fprop_alt_Standard_eo<Afield<float,ACCEL> >: mult performance:
  mult mode = Dee_inv
  Number of mult =                400
  Elapsed time   =       0.153851 sec
  Flop(Fopr)     =           62914560
  Flop(total)    =        25165824000
  Performance    =     163.573 GFlops

Fprop_alt_Standard_eo<Afield<float,ACCEL> >: mult performance:
  mult mode = Doe
  Number of mult =                400
  Elapsed time   =       1.173735 sec
  Flop(Fopr)     =          390070272
  Flop(total)    =       156028108800
  Performance    =     132.933 GFlops

Fprop_alt_Standard_eo<Afield<float,ACCEL> >: mult performance:
  mult mode = D
  Number of mult =                400
  Elapsed time   =       2.866578 sec
  Flop(Fopr)     =          912261120
  Flop(total)    =       364904448000
  Performance    =     127.296 GFlops

Fprop_alt_Standard_eo<Afield<float,ACCEL> >: mult performance:
  mult mode = Ddag
  Number of mult =                400
  Elapsed time   =       2.878236 sec
  Flop(Fopr)     =          912261120
  Flop(total)    =       364904448000
  Performance    =     126.781 GFlops

Fprop_alt_Standard_eo<Afield<float,ACCEL> >: mult performance:
  mult mode = DdagD
  Number of mult =                400
  Elapsed time   =       5.742501 sec
  Flop(Fopr)     =         1824522240
  Flop(total)    =       729808896000
  Performance    =     127.089 GFlops

Solving quark propagator:
  color spin   Nconv      diff           diff2
ASolver_CGNR<Afield<float,ACCEL> >: solver starts
  mode_prev = D
  b2 size is reset.
  snorm =  2.589235877990723e+01
  init:  9.963476657867432e-01
     0   5.118276551365852e-02
[TRUERES]      0  5.118276551365852e-02  5.118276551365852e-02
     1   1.437817886471748e-02
     2   1.243630703538656e-02
     3   4.497177898883820e-03
     4   2.172883832827210e-03
     5   1.820833655074239e-03
     6   8.597481646575034e-04
     7   5.415047635324299e-04
     8   4.382841289043427e-04
     9   2.320561616215855e-04
    10   1.781471946742386e-04
[TRUERES]     10  1.781471946742386e-04  1.781471946742386e-04
    11   1.417883468093351e-04
    12   8.754207374295220e-05
    13   7.627680315636098e-05
    14   6.073072654544376e-05
    15   4.191490370430984e-05
    16   3.901181480614468e-05
    17   3.023504723387305e-05
    18   2.302012580912560e-05
    19   2.169501749449410e-05
    20   1.612574669707101e-05
[TRUERES]     20  1.612574669707101e-05  1.612574669707101e-05
    21   1.307760430790950e-05
    22   1.191715182358166e-05
    23   8.809505743556656e-06
    24   7.644713150511961e-06
    25   6.773974746465683e-06
    26   5.158631665835856e-06
    27   4.697307758760871e-06
    28   4.037844519189093e-06
    29   3.261105575802503e-06
    30   3.111061232630163e-06
[TRUERES]     30  3.111061232630163e-06  3.111061232630163e-06
    31   2.670161848072894e-06
    32   2.305518592038425e-06
    33   2.272187884955201e-06
    34   1.987472160180914e-06
    35   1.845849055825965e-06
    36   1.860604129433341e-06
    37   1.659696522438026e-06
    38   1.642570396143128e-06
    39   1.634801265026908e-06
    40   1.490550857852213e-06
[TRUERES]     40  1.490550857852213e-06  1.490550857852213e-06
    41   1.526471237411897e-06
    42   1.480199557590822e-06
    43   1.354251367047254e-06
    44   1.365447133139241e-06
    45   1.246239435204188e-06
    46   1.130330019805115e-06
    47   1.093192395273945e-06
    48   9.447973638998519e-07
    49   8.593039524384949e-07
    50   7.961817800605786e-07
[TRUERES]     50  7.961817800605786e-07  7.961817800605786e-07
    51   6.698285233142087e-07
    52   6.124058131717902e-07
    53   5.511873268915224e-07
    54   4.660947752199718e-07
    55   4.311826558023313e-07
    56   3.785342528317415e-07
    57   3.249737972055300e-07
    58   3.026642332315532e-07
    59   2.619668748593540e-07
    60   2.321962710993830e-07
[TRUERES]     60  2.321962710993830e-07  2.321962710993830e-07
    61   2.177165612238241e-07
    62   1.889221863393686e-07
    63   1.723878995107953e-07
    64   1.610437863064362e-07
    65   1.406408642878887e-07
    66   1.327631053982259e-07
    67   1.233243125398076e-07
    68   1.103721842810046e-07
    69   1.066279367023526e-07
    70   9.837979320082013e-08
[TRUERES]     70  9.837979320082013e-08  9.837979320082013e-08
    71   9.024883951269658e-08
    72   8.825218600350127e-08
    73   8.097169512666369e-08
    74   7.565236614937021e-08
    75   7.301299120854310e-08
    76   6.641003125196221e-08
    77   6.344885861153671e-08
    78   6.097849336583749e-08
    79   5.556063342737616e-08
    80   5.346313614040810e-08
[TRUERES]     80  5.346313614040810e-08  5.346313614040810e-08
    81   5.015216686388158e-08
    82   4.546651410919367e-08
    83   4.344111559362318e-08
    84   3.927266334358137e-08
    85   3.518462676765921e-08
    86   3.283821570221335e-08
    87   2.871341031607244e-08
    88   2.571952428809254e-08
    89   2.344786409480548e-08
    90   2.015565847557355e-08
[TRUERES]     90  2.015565847557355e-08  2.015565847557355e-08
    91   1.800928473016938e-08
    92   1.600514032418232e-08
    93   1.355260526025859e-08
    94   1.207903377320463e-08
    95   1.045091835294443e-08
    96   8.857426792019396e-09
    97   7.904823462467903e-09
    98   6.782423955797867e-09
    99   5.867984764762468e-09
   100   5.303061989536673e-09
[TRUERES]    100  5.303061989536673e-09  5.303061989536673e-09
   101   4.592813684922703e-09
   102   4.102509443271174e-09
   103   3.752409494239828e-09
   104   3.304026385819725e-09
   105   3.069294152169277e-09
   106   2.854771086191477e-09
   107   2.594084280715947e-09
   108   2.478574234743292e-09
   109   2.310448499187601e-09
   110   2.142177546460289e-09
[TRUERES]    110  2.142177546460289e-09  2.142177546460289e-09
   111   2.076693039754218e-09
   112   1.934123528002374e-09
   113   1.829448925683153e-09
   114   1.778381664152562e-09
   115   1.657830872581201e-09
   116   1.595880982918629e-09
   117   1.545692462912029e-09
   118   1.446984532194051e-09
   119   1.406109784163334e-09
   120   1.337446708937762e-09
[TRUERES]    120  1.337446708937762e-09  1.337446708937762e-09
   121   1.234571445074550e-09
   122   1.176751251996677e-09
   123   1.076573941105607e-09
   124   9.686760282789919e-10
   125   8.897972914034824e-10
   126   7.754057396169856e-10
   127   6.810518260458309e-10
   128   6.039408972924321e-10
   129   5.118189205788326e-10
   130   4.463399649878852e-10
[TRUERES]    130  4.463399649878852e-10  4.463399649878852e-10
   131   3.895362921113588e-10
   132   3.310795804178923e-10
   133   2.936504095440995e-10
   134   2.565017642730538e-10
   135   2.212272032231510e-10
   136   1.979347380443031e-10
   137   1.718212794266094e-10
   138   1.497796053850919e-10
   139   1.340937638705242e-10
   140   1.156890971909519e-10
[TRUERES]    140  1.156890971909519e-10  1.156890971909519e-10
   141   1.015409700766412e-10
   142   9.038216008949718e-11
   143   7.817069908044871e-11
   144   7.002037838432784e-11
   145   6.287486503664397e-11
   146   5.548499854013400e-11
   147   5.096610633525955e-11
   148   4.603098804900618e-11
   149   4.138493367444873e-11
   150   3.868220327385430e-11
[TRUERES]    150  3.868220327385430e-11  3.868220327385430e-11
   151   3.546070381776900e-11
   152   3.298660650186136e-11
   153   3.146539279130778e-11
   154   2.917590474771359e-11
   155   2.764743295413652e-11
   156   2.634255834299548e-11
   157   2.435785080578956e-11
   158   2.308185760580006e-11
   159   2.161732251537707e-11
   160   1.981824773733543e-11
[TRUERES]    160  1.981824773733543e-11  1.981824773733543e-11
   161   1.869630318618309e-11
   162   1.717567754688787e-11
   163   1.562572120306083e-11
   164   1.455630234403760e-11
   165   1.311570557022135e-11
   166   1.187654662115900e-11
   167   1.084363935449639e-11
   168   9.527911445927906e-12
   169   8.483504697343047e-12
   170   7.491847420215691e-12
[TRUERES]    170  7.491847420215691e-12  7.491847420215691e-12
   171   6.409171370708178e-12
   172   5.591331651150222e-12
   173   4.799425613877251e-12
   174   4.063954468086495e-12
   175   3.542089364871881e-12
   176   3.020884757620745e-12
   177   2.581421187919375e-12
   178   2.255115582119882e-12
   179   1.926396325444002e-12
   180   1.679314239749763e-12
[TRUERES]    180  1.679314239749763e-12  1.679314239749763e-12
   181   1.490142644694492e-12
   182   1.300298627451846e-12
   183   1.174090555680629e-12
   184   1.072345771208072e-12
   185   9.670865453934030e-13
   186   9.021035329327687e-13
   187   8.328571664793782e-13
   188   7.669465648500740e-13
   189   7.275592888572602e-13
   190   6.785528085598291e-13
[TRUERES]    190  6.785528085598291e-13  6.785528085598291e-13
   191   6.389642504336934e-13
   192   6.159298331781526e-13
   193   5.812188295754861e-13
   194   5.619655131863799e-13
   195   5.484963069672666e-13
   196   5.263937614789771e-13
   197   5.182967770245295e-13
   198   5.054062637149803e-13
   199   4.829407273393427e-13
   200   4.700985152365778e-13
[TRUERES]    200  4.700985152365778e-13  4.700985152365778e-13
   201   4.449399561897577e-13
   202   4.150033723789026e-13
   203   3.919533968221867e-13
   204   3.577421833159816e-13
   205   3.257731541125852e-13
   206   2.977103698113825e-13
   207   2.628995925037930e-13
   208   2.345727236584272e-13
   209   2.081329222467995e-13
   210   1.802940392467423e-13
[TRUERES]    210  1.802940392467423e-13  1.802940392467423e-13
   211   1.592108877460779e-13
   212   1.388145241115746e-13
   213   1.190891325440410e-13
   214   1.040477112020793e-13
   215   8.890161691662776e-14
   216   7.583464292724301e-14
   217   6.558228488268494e-14
   218   5.527749549869183e-14
   219   4.701812466386020e-14
   220   4.030426030898412e-14
[TRUERES]    220  4.030426030898412e-14  4.030426030898412e-14
   221   3.395879091165968e-14
   222   2.937365587850523e-14
   223   2.551358443633224e-14
   224   2.200574995120906e-14
   225   1.962366121650242e-14
   226   1.747987673117631e-14
   227   1.566380251687930e-14
   228   1.449521892218832e-14
   229   1.331776943363843e-14
   230   1.240161690382229e-14
[TRUERES]    230  1.240161690382229e-14  1.240161690382229e-14
   231   1.185971571735509e-14
   232   1.120506258714708e-14
   233   1.082145152973097e-14
   234   1.058485659283801e-14
   235   1.021508435971414e-14
   236   1.006846719170916e-14
   237   9.826891701086339e-15
   238   9.417798504485035e-15
   239   9.155865424007904e-15
   240   8.703103443810905e-15
[TRUERES]    240  8.703103443810905e-15  8.703103443810905e-15
   241   8.154035511576986e-15
   242   7.695536577228233e-15
   243   7.049100513641538e-15
   244   6.428079250120735e-15
   245   5.846625013148548e-15
   246   5.154208613053100e-15
   247   4.569778325820735e-15
   248   4.037625641543485e-15
   249   3.497615879647503e-15
   250   3.091061452547357e-15
[TRUERES]    250  3.091061452547357e-15  3.091061452547357e-15
   251   2.702486358543868e-15
   252   2.333845337921061e-15
   253   2.049822485212485e-15
   254   1.764796427857005e-15
   255   1.511856190301755e-15
   256   1.309393716567822e-15
   257   1.110641670659337e-15
   258   9.540882767874689e-16
   259   8.306265014011358e-16
   260   7.132905741684642e-16
[TRUERES]    260  7.132905741684642e-16  7.132905741684642e-16
   261   6.267558883319519e-16
   262   5.536686446264898e-16
   263   4.870339920340925e-16
   264   4.396776769723050e-16
   265   3.959687122511742e-16
   266   3.554676465897526e-16
   267   3.280487401008777e-16
   268   3.003578301568157e-16
   269   2.787335554694462e-16
   270   2.646729938334821e-16
[TRUERES]    270  2.646729938334821e-16  2.646729938334821e-16
   271   2.492109367769468e-16
   272   2.394958659186340e-16
   273   2.322160941930162e-16
   274   2.218323834670747e-16
   275   2.156061089696044e-16
   276   2.078691512107060e-16
   277   1.972683221175816e-16
   278   1.890027099204781e-16
   279   1.774530583426411e-16
   280   1.643863310516022e-16
[TRUERES]    280  1.643863310516022e-16  1.643863310516022e-16
   281   1.532832643603153e-16
   282   1.394205246222044e-16
   283   1.266128305943477e-16
   284   1.150377680280931e-16
   285   1.021161149816062e-16
   286   9.157725164252940e-17
   287   8.196512837453250e-17
   288   7.189982924486475e-17
   289   6.370096059702695e-17
   290   5.560589980734210e-17
[TRUERES]    290  5.560589980734210e-17  5.560589980734210e-17
   291   4.787056663116677e-17
   292   4.179788964728017e-17
   293   3.593639187377836e-17
   294   3.088951149368612e-17
   295   2.696110668757991e-17
   296   2.317360051829353e-17
   297   2.011086007555876e-17
   298   1.756861310710564e-17
   299   1.512701912994919e-17
   300   1.324196715816945e-17
[TRUERES]    300  1.324196715816945e-17  1.324196715816945e-17
   301   1.163851972694664e-17
   302   1.016768175562528e-17
   303   9.096349686290485e-18
   304   8.107064834734216e-18
   305   7.211346518166882e-18
   306   6.555427033998058e-18
   307   5.930529717932117e-18
   308   5.447563773680781e-18
   309   5.116050877275147e-18
   310   4.758917302166603e-18
[TRUERES]    310  4.758917302166603e-18  4.758917302166603e-18
   311   4.501921798423421e-18
   312   4.301182434549665e-18
   313   4.052459150522320e-18
   314   3.874607047017294e-18
   315   3.681576179271919e-18
   316   3.458950029980316e-18
   317   3.296097399317867e-18
   318   3.089476988084012e-18
   319   2.867838699238950e-18
   320   2.670263921593669e-18
[TRUERES]    320  2.670263921593669e-18  2.670263714798516e-18
   321   2.418010023916795e-18
   322   2.173106659958220e-18
   323   1.950288811559657e-18
   324   1.701326679130438e-18
   325   1.492864550262734e-18
   326   1.304131195992302e-18
   327   1.119166063002355e-18
   328   9.684122929669894e-19
   329   8.304456495271393e-19
   330   7.037323330319787e-19
[TRUERES]    330  7.037323330319787e-19  7.037323330319787e-19
   331   6.058665268092986e-19
   332   5.159475481289920e-19
   333   4.406963428656289e-19
   334   3.811866173036971e-19
   335   3.253228453879577e-19
   336   2.802651541994578e-19
   337   2.435022492478808e-19
   338   2.089579202473534e-19
   339   1.818350944767429e-19
   340   1.588253855279612e-19
[TRUERES]    340  1.588253855279612e-19  1.588253984526583e-19
   341   1.375023495469634e-19
   342   1.207735393115705e-19
   343   1.049216180736662e-19
   344   9.064392493902688e-20
   345   7.954853779254685e-20
   346   6.941770140144046e-20
   347   6.121375639788221e-20
   348   5.491316044615701e-20
   349   4.894187285110742e-20
   350   4.447038649123863e-20
[TRUERES]    350  4.447038649123863e-20  4.447039618476144e-20
   351   4.100140425969291e-20
   352   3.767033177707053e-20
   353   3.544969433683804e-20
   354   3.357886705401024e-20
   355   3.171078303813580e-20
   356   3.048803884054623e-20
   357   2.905468993535669e-20
   358   2.766067411452889e-20
   359   2.660967167603351e-20
   360   2.521547975620813e-20
[TRUERES]    360  2.521547975620813e-20  2.521548137179526e-20
   361   2.390445826203553e-20
   362   2.274886109690481e-20
   363   2.128798258695374e-20
   364   2.006720940566752e-20
   365   1.885147847182618e-20
   366   1.737073147130249e-20
   367   1.614004989412411e-20
   368   1.483229673272338e-20
   369   1.346214798062458e-20
   370   1.230061030160254e-20
[TRUERES]    370  1.230061030160254e-20  1.230060222366687e-20
   371   1.106368771132593e-20
   372   9.897582767476370e-21
   373   8.925425020082786e-21
   374   7.873297325148651e-21
   375   6.926968777058175e-21
   376   6.077365430673852e-21
   377   5.237128450698271e-21
   378   4.559052798112895e-21
   379   3.960410718139618e-21
   380   3.415533358498371e-21
[TRUERES]    380  3.415533358498371e-21  3.415534166291938e-21
   381   3.001126372925674e-21
   382   2.638029626931841e-21
   383   2.325789140532246e-21
   384   2.101147000222661e-21
   385   1.898168469739834e-21
   386   1.731382524178861e-21
   387   1.607061377664493e-21
   388   1.481840349116547e-21
   389   1.384454978117808e-21
   390   1.307093496979123e-21
[TRUERES]    390  1.307093496979123e-21  1.307095617437236e-21
   391   1.226301215587420e-21
   392   1.168831953957375e-21
   393   1.118890116680919e-21
   394   1.063325632281733e-21
   395   1.027700926237441e-21
   396   9.872780273796850e-22
   397   9.455145950975811e-22
   398   9.163708168409002e-22
   399   8.741016048116920e-22
   400   8.302394743555637e-22
[TRUERES]    400  8.302394743555637e-22  8.302402821491306e-22
   401   7.884223742883558e-22
   402   7.350053585997988e-22
   403   6.868881250426828e-22
   404   6.392704613196252e-22
   405   5.850650391097286e-22
   406   5.364023429465321e-22
   407   4.827592460334260e-22
   408   4.251649278617979e-22
   409   3.745092282641021e-22
   410   3.225305647521399e-22
[TRUERES]    410  3.225305647521399e-22  3.225307414569827e-22
   411   2.753589797828794e-22
   412   2.363059221098211e-22
   413   2.003770817875746e-22
   414   1.705767440658091e-22
   415   1.458689894255629e-22
   416   1.231092289720076e-22
   417   1.049287934514859e-22
   418   8.947896524450686e-23
   419   7.550608028960606e-23
   420   6.455211553188813e-23
[TRUERES]    420  6.455211553188813e-23  6.455236796737780e-23
   421   5.507975146103286e-23
   422   4.678552275313258e-23
   423   4.028834758631836e-23
   424   3.453989292642387e-23
   425   2.982207557286978e-23
   426   2.618459376268501e-23
   427   2.296850251540757e-23
   428   2.049935526029132e-23
   429   1.861739504225452e-23
   430   1.694067118820726e-23
[TRUERES]    430  1.694067118820726e-23  1.694149791443593e-23
   431   1.573370769233187e-23
   432   1.472185316414479e-23
   433   1.378524965542855e-23
   434   1.312569251890413e-23
   435   1.244575279431060e-23
   436   1.175438799722676e-23
   437   1.118544573516326e-23
   438   1.052898408883093e-23
   439   9.904913071266962e-24
   440   9.353316282787464e-24
[TRUERES]    440  9.353316282787464e-24  9.354239250046572e-24
   441   8.687722782616287e-24
   442   8.083904979932968e-24
   443   7.481496871687279e-24
   444   6.820511108063499e-24
   445   6.268051305753688e-24
   446   5.729813482273655e-24
   447   5.189900907091837e-24
   448   4.730722329102601e-24
   449   4.248740148926141e-24
   450   3.779046055070309e-24
[TRUERES]    450  3.779046055070309e-24  3.779874753451244e-24
   451   3.366304168697361e-24
   452   2.943702309870055e-24
   453   2.568719053510283e-24
   454   2.245775373346132e-24
   455   1.933612069097504e-24
   456   1.669219420255893e-24
   457   1.430426885510514e-24
   458   1.210179583178363e-24
   459   1.034535659718765e-24
   460   8.812355311462608e-25
[TRUERES]    460  8.812355311462608e-25  8.820340555975707e-25
   461   7.466814493911693e-25
   462   6.410322665833137e-25
   463   5.466393893358634e-25
   464   4.666646707645572e-25
   465   4.022415560787781e-25
   466   3.429391347440148e-25
   467   2.946274933193400e-25
   468   2.557749844015572e-25
   469   2.213669917794994e-25
   470   1.951166344302355e-25
[TRUERES]    470  1.951166344302355e-25  1.959637354569747e-25
   471   1.738129896245312e-25
   472   1.552952071056150e-25
   473   1.422178038195554e-25
   474   1.310224500900302e-25
   475   1.210033495999477e-25
   476   1.136444729715451e-25
   477   1.063069448913901e-25
   478   1.000496077465397e-25
   479   9.529680091126882e-26
   480   9.016259215427520e-26
[TRUERES]    480  9.016259215427520e-26  9.101776667934135e-26
   481   8.606171722741123e-26
   482   8.256117161239628e-26
   483   7.844257813004395e-26
   484   7.505464240924930e-26
   485   7.130049650213326e-26
   486   6.698470628240315e-26
   487   6.324353960236832e-26
   488   5.893483680483355e-26
   489   5.442038305948001e-26
   490   5.015342517867582e-26
[TRUERES]    490  5.015342517867582e-26  5.102199493169118e-26
   491   4.507866756794950e-26
   492   3.985015295492703e-26
   493   3.490984682473431e-26
   494   2.999800747986359e-26
   495   2.584473955479252e-26
   496   2.220734198016128e-26
   497   1.890621023307609e-26
   498   1.619826953109404e-26
   499   1.382614321867908e-26
   500   1.171414764162064e-26
[TRUERES]    500  1.171414764162064e-26  1.258217890462354e-26
   501   1.000653264163738e-26
   502   8.471420105284984e-27
   503   7.135671362683795e-27
   504   6.060754393938880e-27
   505   5.110435462946098e-27
   506   4.344466161044072e-27
   507   3.731313237253352e-27
   508   3.200082247356071e-27
   509   2.781635640932051e-27
   510   2.435902134372382e-27
[TRUERES]    510  2.435902134372382e-27  3.266606371344134e-27
   511   2.133659785223871e-27
   512   1.908867553230926e-27
   513   1.716690559660190e-27
   514   1.551326362775213e-27
   515   1.429643123697414e-27
   516   1.318009098179935e-27
   517   1.225450156907149e-27
   518   1.153448495564254e-27
   519   1.077222595777838e-27
   520   1.013245899327216e-27
[TRUERES]    520  1.013245899327216e-27  1.853586815665201e-27
   521   9.573462641738626e-28
   522   8.964453741409244e-28
   523   8.466166553582684e-28
   524   7.954327559702444e-28
   525   7.372424678892854e-28
   526   6.857563419447384e-28
   527   6.304468117263452e-28
   528   5.741181275296309e-28
   529   5.249415767743930e-28
   530   4.734835212587855e-28
[TRUERES]    530  4.734835212587855e-28  1.325465721145620e-27
   531   4.259072256943390e-28
   532   3.851893111066012e-28
   533   3.438056988335861e-28
   534   3.062951316787336e-28
   535   2.705625830485395e-28
   536   2.352638742124429e-28
   537   2.040848739721364e-28
   538   1.752835064705489e-28
   539   1.485084700487619e-28
   540   1.264281406447240e-28
[TRUERES]    540  1.264281406447240e-28  1.005340149498501e-27
   541   1.067550070040515e-28
   542   9.012065979641278e-29
   543   7.684366589020282e-29
   544   6.538778319115683e-29
   545   5.609015777310193e-29
   546   4.888996937024749e-29
   547   4.266958578953791e-29
   548   3.805482893860519e-29
   549   3.436985689804295e-29
Error at ASolver_CG<Afield<float,ACCEL> >: not converged
  iter(final):      550   3.436985689804295e-29
converged:
  nconv = -1
    0    0       -1     1.3704e-28     9.0620e-28
ASolver_CGNR<Afield<float,ACCEL> >: solver starts
  mode_prev = D
  snorm =  2.560583686828613e+01
  init:  9.766538143157959e-01
     0   4.807677492499352e-02
[TRUERES]      0  4.807677492499352e-02  4.807677492499352e-02
     1   1.231619343161583e-02
     2   1.054663117974997e-02
     3   3.932610619813204e-03
     4   1.870335428975523e-03
     5   1.617594971321523e-03
     6   7.966028060764074e-04
     7   5.007833242416382e-04
     8   4.293924721423537e-04
     9   2.419181109871715e-04
    10   1.898081973195076e-04
[TRUERES]     10  1.898081973195076e-04  1.898081973195076e-04
    11   1.567483559483662e-04
    12   9.755499922903255e-05
    13   8.397648343816400e-05
    14   6.758415111107752e-05
    15   4.722773155663162e-05
    16   4.433356298250146e-05
    17   3.498381192912348e-05
    18   2.678796954569407e-05
    19   2.507223689462990e-05
    20   1.863421675807331e-05
[TRUERES]     20  1.863421675807331e-05  1.863421675807331e-05
    21   1.496907771070255e-05
    22   1.349249123450136e-05
    23   9.890287401503883e-06
    24   8.346581125806551e-06
    25   7.291904694284312e-06
    26   5.482734195538796e-06
    27   4.959265424986370e-06
    28   4.287661795387976e-06
    29   3.453211320447735e-06
    30   3.305257223473745e-06
[TRUERES]     30  3.305257223473745e-06  3.305257223473745e-06
    31   2.857553681678837e-06
    32   2.458014705553069e-06
    33   2.407392912573414e-06
    34   2.060571659967536e-06
    35   1.857014126471768e-06
    36   1.814799361454789e-06
    37   1.572521910020441e-06
    38   1.518748831585981e-06
    39   1.491703301326197e-06
    40   1.338351808044536e-06
[TRUERES]     40  1.338351808044536e-06  1.338351808044536e-06
    41   1.346000317425933e-06
    42   1.284736299567157e-06
    43   1.155838162958389e-06
    44   1.155428549282078e-06
    45   1.062948513208539e-06
    46   9.794135849006125e-07
    47   9.777772902452853e-07
    48   8.802833804111287e-07
    49   8.329789125127718e-07
    50   8.112401701509953e-07
[TRUERES]     50  8.112401701509953e-07  8.112401701509953e-07
    51   7.135334385566239e-07
    52   6.749073691025842e-07
    53   6.265998422350094e-07
    54   5.380765060181147e-07
    55   4.995154654352518e-07
    56   4.381797964470024e-07
    57   3.730479534169717e-07
    58   3.439123190673854e-07
    59   2.935780401003285e-07
    60   2.544150561334391e-07
[TRUERES]     60  2.544150561334391e-07  2.544150561334391e-07
    61   2.330784951709575e-07
    62   1.968734721913279e-07
    63   1.738582398047583e-07
    64   1.567702270222071e-07
    65   1.311898927269795e-07
    66   1.175398978148223e-07
    67   1.033558802987500e-07
    68   8.686416919090334e-08
    69   7.903507537321275e-08
    70   6.890765291700518e-08
[TRUERES]     70  6.890765291700518e-08  6.890765291700518e-08
    71   5.935204328011423e-08
    72   5.488990950652806e-08
    73   4.798575048425846e-08
    74   4.275370457662575e-08
    75   3.980639817768861e-08
    76   3.491052424919872e-08
    77   3.223751576797440e-08
    78   3.035532003536900e-08
    79   2.727571413174701e-08
    80   2.613039917775950e-08
[TRUERES]     80  2.613039917775950e-08  2.613039917775950e-08
    81   2.475099769583267e-08
    82   2.270268950610443e-08
    83   2.222251360706196e-08
    84   2.091746331700506e-08
    85   1.954476402943328e-08
    86   1.921384829017825e-08
    87   1.783735825711119e-08
    88   1.689646111913135e-08
    89   1.642281510783050e-08
    90   1.500663948661440e-08
[TRUERES]     90  1.500663948661440e-08  1.500663948661440e-08
    91   1.420299788890134e-08
    92   1.331838817009157e-08
    93   1.183341424848550e-08
    94   1.100362823081014e-08
    95   9.921899746245799e-09
    96   8.691063868582205e-09
    97   7.939715551685822e-09
    98   6.928033702280345e-09
    99   6.032089494567572e-09
   100   5.454337426158418e-09
[TRUERES]    100  5.454337426158418e-09  5.454337426158418e-09
   101   4.687700005945317e-09
   102   4.128169805994730e-09
   103   3.699583750460533e-09
   104   3.160188777329154e-09
   105   2.810811805531443e-09
   106   2.486878925012093e-09
   107   2.131066212385235e-09
   108   1.917401348805470e-09
   109   1.691963014138764e-09
   110   1.485481071483719e-09
[TRUERES]    110  1.485481071483719e-09  1.485481071483719e-09
   111   1.373869351617429e-09
   112   1.233102397968366e-09
   113   1.125800674905975e-09
   114   1.066122634618694e-09
   115   9.733273076406590e-10
   116   9.217816510087573e-10
   117   8.898242143118296e-10
   118   8.354575919966578e-10
   119   8.199348977555587e-10
   120   7.967453918844569e-10
[TRUERES]    120  7.967453918844569e-10  7.967453918844569e-10
   121   7.553623837530665e-10
   122   7.446525063237175e-10
   123   7.122844536411321e-10
   124   6.745914382655371e-10
   125   6.587728695883754e-10
   126   6.161708365759466e-10
   127   5.806632952243262e-10
   128   5.550471748883012e-10
   129   5.078889531162645e-10
   130   4.752678250952158e-10
[TRUERES]    130  4.752678250952158e-10  4.752678250952158e-10
   131   4.425009803021851e-10
   132   3.954499783187515e-10
   133   3.630420408740065e-10
   134   3.236600432110492e-10
   135   2.817856781245354e-10
   136   2.531454212917339e-10
   137   2.193256409821487e-10
   138   1.899261303783817e-10
   139   1.682624872767491e-10
   140   1.428568652261930e-10
[TRUERES]    140  1.428568652261930e-10  1.428568652261930e-10
   141   1.225400753090966e-10
   142   1.061751034314717e-10
   143   8.870576495567661e-11
   144   7.623653097699190e-11
   145   6.567899696330315e-11
   146   5.548901269025741e-11
   147   4.878243989314690e-11
   148   4.243106560553045e-11
   149   3.679558394087401e-11
   150   3.322638345015783e-11
[TRUERES]    150  3.322638345015783e-11  3.322638345015783e-11
   151   2.929862602529809e-11
   152   2.624619792335192e-11
   153   2.431353902931921e-11
   154   2.211351587955157e-11
   155   2.076964988884100e-11
   156   1.979768952942162e-11
   157   1.843532271283976e-11
   158   1.774609972859942e-11
   159   1.697910735620756e-11
   160   1.594764771628565e-11
[TRUERES]    160  1.594764771628565e-11  1.594764771628565e-11
   161   1.543096032896596e-11
   162   1.459418697002945e-11
   163   1.363986354419033e-11
   164   1.297915334236288e-11
   165   1.190349641772004e-11
   166   1.098720420200650e-11
   167   1.029409283509475e-11
   168   9.338624491761482e-12
   169   8.601760796700386e-12
   170   7.852298672395008e-12
[TRUERES]    170  7.852298672395008e-12  7.852298672395008e-12
   171   6.910922788899709e-12
   172   6.192425044959649e-12
   173   5.435027428113415e-12
   174   4.674147353889158e-12
   175   4.120450942252107e-12
   176   3.531441632176335e-12
   177   3.012160616419624e-12
   178   2.618976216450797e-12
   179   2.216349499761794e-12
   180   1.900009663491353e-12
[TRUERES]    180  1.900009663491353e-12  1.900009663491353e-12
   181   1.652834227990063e-12
   182   1.406177691648525e-12
   183   1.233858393061282e-12
   184   1.088644907727698e-12
   185   9.473890855843381e-13
   186   8.505955271728705e-13
   187   7.547474472659188e-13
   188   6.655015622782090e-13
   189   6.040785818610395e-13
   190   5.381445072547009e-13
[TRUERES]    190  5.381445072547009e-13  5.381445072547009e-13
   191   4.820906044158968e-13
   192   4.429200875424172e-13
   193   4.007141569516842e-13
   194   3.709256751575907e-13
   195   3.487184770546020e-13
   196   3.225451589844441e-13
   197   3.072653622423344e-13
   198   2.927233650786010e-13
   199   2.758707433499208e-13
   200   2.681477273298177e-13
[TRUERES]    200  2.681477273298177e-13  2.681477273298177e-13
   201   2.568564122246847e-13
   202   2.453687210010602e-13
   203   2.394607678379151e-13
   204   2.275045657505054e-13
   205   2.167231915846737e-13
   206   2.068623592733909e-13
   207   1.904553852951837e-13
   208   1.757337629365238e-13
   209   1.604719097403687e-13
   210   1.422784280799214e-13
[TRUERES]    210  1.422784280799214e-13  1.422784280799214e-13
   211   1.279329832175324e-13
   212   1.134930569120750e-13
   213   9.853578321122533e-14
   214   8.709927310640575e-14
   215   7.521657315002692e-14
   216   6.479445615031193e-14
   217   5.659828413774083e-14
   218   4.819309827510526e-14
   219   4.134008673578604e-14
   220   3.574713157319769e-14
[TRUERES]    220  3.574713157319769e-14  3.574713157319769e-14
   221   3.024172912416932e-14
   222   2.609760687720050e-14
   223   2.263984050958952e-14
   224   1.935080310507160e-14
   225   1.695473493860348e-14
   226   1.477819060700936e-14
   227   1.288656359491611e-14
   228   1.159820107115390e-14
   229   1.039779783676637e-14
   230   9.441966895569042e-15
[TRUERES]    230  9.441966895569042e-15  9.441966895569042e-15
   231   8.821085816001009e-15
   232   8.144415758395019e-15
   233   7.700118178439932e-15
   234   7.401861784085695e-15
   235   7.001040287730803e-15
   236   6.775811685957043e-15
   237   6.541383882859627e-15
   238   6.204039459088446e-15
   239   5.977038440872556e-15
   240   5.640813371141171e-15
[TRUERES]    240  5.640813371141171e-15  5.640813371141171e-15
   241   5.271016574061836e-15
   242   4.998031831205405e-15
   243   4.613370452934704e-15
   244   4.248101470474917e-15
   245   3.930782599642722e-15
   246   3.552370206940389e-15
   247   3.240454347520493e-15
   248   2.946635770535158e-15
   249   2.618283236773791e-15
   250   2.362109768579753e-15
[TRUERES]    250  2.362109768579753e-15  2.362109768579753e-15
