Bridge++ 2.0.0

input filename : main.yaml

file = main.yaml

Lattice parameters:
  Lx = 16,  Ly = 16,  Lz = 16,  Lt = 16,
  Nx = 16,  Ny = 16,  Nz = 16,  Nt = 16,
  NPEx = 1,  NPEy  = 1,  NPEz  = 1,  NPEt  = 1,
  Lvol = 65536,  Nvol = 65536,  NPE = 1,
  Ndim = 4
  Nc   = 3
  Nd   = 4

ThreadManager: initialization
Warning at ThreadManager: Nthread(env) != Nthread(input)
  Number of threads(env)   = 2
  Number of threads(input) = 1
  reset Nthread = Nthread(input).
  Number of threads = 1
Main: input parameters
  lattice_size     = [16, 16, 16, 16]
  grid_size        = [1, 1, 1, 1]
  number of thread = 1
  number of color  = 3
  logfile          = stdout
  ildg_logfile     = stdout
  vlevel           = General

Alt_Accel code is being setup.
DeviceManager_CUDA: being initialized.
  process_id = 0
  number of devices = 1
  device_id = 0  is used on process = 0
------------------------------------------------
Alt_Accel: Factory entries
------------------------------------------------
AFopr<double, ACCEL> >(void):
AFopr<double, ACCEL>(Parameters&):
	Clover
	CloverTerm
	Clover_dd
	Domainwall
	Domainwall_5din
	Domainwall_5din_dd
	Domainwall_5din_eo
	Domainwall_eo
	Wilson
	Wilson_dd
AFopr<double, ACCEL>(Fopr*):
	Domainwall
AFopr<double, ACCEL>(Fopr*, Director*):
AFopr<float, ACCEL> >(void):
AFopr<float, ACCEL>(Parameters&):
	Clover
	CloverTerm
	Clover_dd
	Domainwall
	Domainwall_5din
	Domainwall_5din_dd
	Domainwall_5din_eo
	Domainwall_eo
	Wilson
	Wilson_dd
AFopr<float, ACCEL>(Fopr*):
	Domainwall
AFopr<float, ACCEL>(Fopr*, Director*):
AEigensolver<AField<float, ACCEL> >, Afopr>(Fopr*):
	IRArnoldi
	IRLanczos
------------------------------------------------
Timer: timestamp: 2026/06/06 11:32:31 +0900
file = test_alt_Spectrum_Domainwall_5din_Hadron2ptFunction.yaml

--------------------------------------------------------------------
test name: Spectrum_Domainwall_alt.hadron_2ptFunction
test file: test_alt_Spectrum_Domainwall_5din_Hadron2ptFunction.yaml
test mode: double_eo
file = test_alt_Spectrum_Domainwall_5din_Hadron2ptFunction.yaml
  vlevel       = General
  source_type  = Local
Smearing parameters (assumes APE-Stout):
   proj_type:  Stout_SU3
   smear_type: APE
   rho_uniform: 0.100000
   number_of_smearing: 0
  vlevel       = General

Configuration setup:
  gconf_status = Continue
  gconf_read   = Text
  readfile     = ./conf_real16.txt
  plaq = 0.596178

Gauge fixing:
  Gauge fixing type = None
Parameters: get_string: key 'filename_output' not found.
Elapsed time: calc_plqauette: total         0.12 sec, count    1, average         0.12 sec
plaquette (before smearing):       0.596178494528857
applying smearing
Smear_APE:
  rho =   0.1000
Director_Smear:
  Nsmear = 0
Parameters: get_string: key 'filename_output' not found.
Elapsed time: calc_plqauette: total         0.19 sec, count    1, average         0.19 sec
Elapsed time: smearig: total         0.19 sec, count    1, average         0.19 sec
plaquette (after smearing):        0.596178494528857
  gmset_type   = Dirac
Gamma matrix: dirac representation.
Fopr_Domainwall: construction
  Imp::Fopr_Wilson: construction
    Gauge group implementation: SU(3)
    Imp::Fopr_Wilson: input parameters
      gamma-matrix type = Dirac
      kappa  =   0.20833333
      boundary[0] =  1
      boundary[1] =  1
      boundary[2] =  1
      boundary[3] = -1
  Imp::Fopr_Wilson: construction finished.
  Fopr_Domainwall: input parameters
    mq   =   0.0250
    M0   =   1.6000
    Ns   =    8
    boundary[0] =  1
    boundary[1] =  1
    boundary[2] =  1
    boundary[3] = -1
    coefficients:
    b[ 0] =     1.5000000000  c[ 0] =     0.5000000000
    b[ 1] =     1.5000000000  c[ 1] =     0.5000000000
    b[ 2] =     1.5000000000  c[ 2] =     0.5000000000
    b[ 3] =     1.5000000000  c[ 3] =     0.5000000000
    b[ 4] =     1.5000000000  c[ 4] =     0.5000000000
    b[ 5] =     1.5000000000  c[ 5] =     0.5000000000
    b[ 6] =     1.5000000000  c[ 6] =     0.5000000000
    b[ 7] =     1.5000000000  c[ 7] =     0.5000000000
Fopr_Domainwall: construction finished.
Fopr_Domainwall: input parameters
  mq   =   0.0250
  M0   =   1.6000
  Ns   =    8
  boundary[0] =  1
  boundary[1] =  1
  boundary[2] =  1
  boundary[3] = -1
  coefficients:
  b[ 0] =     1.5000000000  c[ 0] =     0.5000000000
  b[ 1] =     1.5000000000  c[ 1] =     0.5000000000
  b[ 2] =     1.5000000000  c[ 2] =     0.5000000000
  b[ 3] =     1.5000000000  c[ 3] =     0.5000000000
  b[ 4] =     1.5000000000  c[ 4] =     0.5000000000
  b[ 5] =     1.5000000000  c[ 5] =     0.5000000000
  b[ 6] =     1.5000000000  c[ 6] =     0.5000000000
  b[ 7] =     1.5000000000  c[ 7] =     0.5000000000
Imp::Fopr_Wilson: construction
  Gauge group implementation: SU(3)
  Imp::Fopr_Wilson: input parameters
    gamma-matrix type = Dirac
    kappa  =   0.20833333
    boundary[0] =  1
    boundary[1] =  1
    boundary[2] =  1
    boundary[3] = -1
Imp::Fopr_Wilson: construction finished.
Source for spinor field - local:
  source_position[0] = 0
  source_position[1] = 0
  source_position[2] = 0
  source_position[3] = 0

Check of fermion operator (even-odd)
norm of source vector: 1.000000
AFopr_Domainwall_5din_eo<AField<double,ACCEL> >: construction
  do_comm[0] = 0
  do_comm[1] = 0
  do_comm[2] = 0
  do_comm[3] = 0
    extended_precision = true
    su3_reconstruction = false
  AFopr_Domainwall_5din_eo<AField<double,ACCEL> >: input parameters
    gamma matrix repr.:  Dirac
    code implementation: 5d
    mq   =   0.0250
    M0   =   1.6000
    Ns   =    8
    boundary[0] =  1
    boundary[1] =  1
    boundary[2] =  1
    boundary[3] = -1
    coefficients:
      b[ 0] =     1.5000000000  c[ 0] =     0.5000000000
      b[ 1] =     1.5000000000  c[ 1] =     0.5000000000
      b[ 2] =     1.5000000000  c[ 2] =     0.5000000000
      b[ 3] =     1.5000000000  c[ 3] =     0.5000000000
      b[ 4] =     1.5000000000  c[ 4] =     0.5000000000
      b[ 5] =     1.5000000000  c[ 5] =     0.5000000000
      b[ 6] =     1.5000000000  c[ 6] =     0.5000000000
      b[ 7] =     1.5000000000  c[ 7] =     0.5000000000
    alpha =   1.0000
convert required.
convert performed.

[D check]
norm2(abq) = 1.000000
norm2(y5)  = 113.089776
norm2(z5)  = 113.089776
norm2(axq) = 113.089776
diff2 = 0.000000

[Ddag check]
norm2(abq) = 1.000000
norm2(y5)  = 118.584943
norm2(z5)  = 118.584943
norm2(axq) = 118.584943
diff2 = 0.000000
Elapsed time: afopr_Domainwall_5din_eo: Deo & dagger   : total         0.01 sec, count    4, average         0.00 sec
Elapsed time: afopr_Domainwall_5din_eo: Dee_inv & dag  : total         0.01 sec, count   20, average         0.00 sec
Elapsed time: afopr_Domainwall_5din_eo: clear          : total         0.00 sec, count    0, average         0.00 sec
Elapsed time: afopr_Domainwall_5din_eo: pack           : total         0.00 sec, count    0, average         0.00 sec
Elapsed time: afopr_Domainwall_5din_eo: bulk           : total         0.01 sec, count    4, average         0.00 sec
Elapsed time: afopr_Domainwall_5din_eo: boundary       : total         0.00 sec, count    0, average         0.00 sec
Elapsed time: afopr_Domainwall_5din_eo: comm           : total         0.00 sec, count    0, average         0.00 sec
Elapsed time: afopr_Domainwall_5din_eo: comm_recv_wait : total         0.00 sec, count    0, average         0.00 sec
Elapsed time: afopr_Domainwall_5din_eo: comm_send_wait : total         0.00 sec, count    0, average         0.00 sec
Elapsed time: afopr_Domainwall_5din_eo: comm_recv_start: total         0.00 sec, count    0, average         0.00 sec
Elapsed time: afopr_Domainwall_5din_eo: comm_send_start: total         0.00 sec, count    0, average         0.00 sec
Elapsed time: afopr_Domainwall_5din_eo: comm_test_all  : total         0.00 sec, count    0, average         0.00 sec

Fprop_alt_Standard_eo<Afield<double,ACCEL> >: being setup (without link smearing).
  AFopr_Domainwall_5din_eo<AField<double,ACCEL> >: construction
    do_comm[0] = 0
    do_comm[1] = 0
    do_comm[2] = 0
    do_comm[3] = 0
      extended_precision = true
      su3_reconstruction = false
    AFopr_Domainwall_5din_eo<AField<double,ACCEL> >: input parameters
      gamma matrix repr.:  Dirac
      code implementation: 5d
      mq   =   0.0250
      M0   =   1.6000
      Ns   =    8
      boundary[0] =  1
      boundary[1] =  1
      boundary[2] =  1
      boundary[3] = -1
      coefficients:
        b[ 0] =     1.5000000000  c[ 0] =     0.5000000000
        b[ 1] =     1.5000000000  c[ 1] =     0.5000000000
        b[ 2] =     1.5000000000  c[ 2] =     0.5000000000
        b[ 3] =     1.5000000000  c[ 3] =     0.5000000000
        b[ 4] =     1.5000000000  c[ 4] =     0.5000000000
        b[ 5] =     1.5000000000  c[ 5] =     0.5000000000
        b[ 6] =     1.5000000000  c[ 6] =     0.5000000000
        b[ 7] =     1.5000000000  c[ 7] =     0.5000000000
      alpha =   1.0000
  ASolver_CGNR<Afield<double,ACCEL> >:
  ASolver_CG<Afield<double,ACCEL> >:
    Precision: double
    Niter     = 2400
    Stop_cond =   1.00000000e-90
    init_guess_mode: 0
    true_residual_interval = 10 (logging [TRUERES])
    refinement_iterations = 0
Fprop_alt_Standard_eo<Afield<double,ACCEL> >: setup finished.

Fprop_alt_Standard_eo<Afield<double,ACCEL> >: mult performance:
  mult mode = Dee_inv
  Number of mult =                400
  Elapsed time   =       1.455422 sec
  Flop(Fopr)     =           62914560
  Flop(total)    =        25165824000
  Performance    =      17.291 GFlops

Fprop_alt_Standard_eo<Afield<double,ACCEL> >: mult performance:
  mult mode = Doe
  Number of mult =                400
  Elapsed time   =      10.871428 sec
  Flop(Fopr)     =          390070272
  Flop(total)    =       156028108800
  Performance    =      14.352 GFlops

Fprop_alt_Standard_eo<Afield<double,ACCEL> >: mult performance:
  mult mode = D
  Number of mult =                400
  Elapsed time   =      25.151827 sec
  Flop(Fopr)     =          912261120
  Flop(total)    =       364904448000
  Performance    =      14.508 GFlops

Fprop_alt_Standard_eo<Afield<double,ACCEL> >: mult performance:
  mult mode = Ddag
  Number of mult =                400
  Elapsed time   =      25.032018 sec
  Flop(Fopr)     =          912261120
  Flop(total)    =       364904448000
  Performance    =      14.578 GFlops

Fprop_alt_Standard_eo<Afield<double,ACCEL> >: mult performance:
  mult mode = DdagD
  Number of mult =                400
  Elapsed time   =      50.187823 sec
  Flop(Fopr)     =         1824522240
  Flop(total)    =       729808896000
  Performance    =      14.542 GFlops

Solving quark propagator:
  color spin   Nconv      diff           diff2
ASolver_CGNR<Afield<double,ACCEL> >: solver starts
  mode_prev = D
  b2 size is reset.
  snorm =  2.589235934765403e+01
  init:  9.963477382210192e-01
     0   5.118276481566923e-02
[TRUERES]      0  5.118276481566923e-02  5.118276481566923e-02
     1   1.437817906889713e-02
     2   1.243630710078446e-02
     3   4.497177805013510e-03
     4   2.172883891285699e-03
     5   1.820833844474518e-03
     6   8.597481604004528e-04
     7   5.415048093704645e-04
     8   4.382841265086744e-04
     9   2.320561744913426e-04
    10   1.781471942338211e-04
[TRUERES]     10  1.781471942338211e-04  1.781471942338211e-04
    11   1.417883598063766e-04
    12   8.754207812393462e-05
    13   7.627680412928113e-05
    14   6.073072761971198e-05
    15   4.191490712081703e-05
    16   3.901181597563680e-05
    17   3.023504652426473e-05
    18   2.302012592366053e-05
    19   2.169501866039403e-05
    20   1.612574782244183e-05
[TRUERES]     20  1.612574782244183e-05  1.612574782244183e-05
    21   1.307760433492395e-05
    22   1.191715254667632e-05
    23   8.809506347123374e-06
    24   7.644713502667210e-06
    25   6.773974635375150e-06
    26   5.158632018802685e-06
    27   4.697307913303427e-06
    28   4.037844824316534e-06
    29   3.261105576588983e-06
    30   3.111061355319643e-06
[TRUERES]     30  3.111061355319643e-06  3.111061355319643e-06
    31   2.670161733915627e-06
    32   2.305518649645689e-06
    33   2.272188053591641e-06
    34   1.987472171214428e-06
    35   1.845849066678490e-06
    36   1.860604190364391e-06
    37   1.659696540548894e-06
    38   1.642570419734070e-06
    39   1.634801327207380e-06
    40   1.490550876680917e-06
[TRUERES]     40  1.490550876680917e-06  1.490550876680917e-06
    41   1.526471199569427e-06
    42   1.480199599787984e-06
    43   1.354251375264451e-06
    44   1.365447192736913e-06
    45   1.246239513099581e-06
    46   1.130330046414998e-06
    47   1.093192399515887e-06
    48   9.447974173036300e-07
    49   8.593039804131982e-07
    50   7.961818394274746e-07
[TRUERES]     50  7.961818394274746e-07  7.961818394274746e-07
    51   6.698285392981611e-07
    52   6.124058472775378e-07
    53   5.511873734530314e-07
    54   4.660947964334350e-07
    55   4.311826855141505e-07
    56   3.785342719350511e-07
    57   3.249738015651525e-07
    58   3.026642508704199e-07
    59   2.619668875275566e-07
    60   2.321962834100444e-07
[TRUERES]     60  2.321962834100444e-07  2.321962834100444e-07
    61   2.177165618402116e-07
    62   1.889221901999247e-07
    63   1.723878983822182e-07
    64   1.610437814024586e-07
    65   1.406408640034853e-07
    66   1.327631164569695e-07
    67   1.233243156444891e-07
    68   1.103721881009839e-07
    69   1.066279412794645e-07
    70   9.837980038231755e-08
[TRUERES]     70  9.837980038231755e-08  9.837980038231755e-08
    71   9.024884733792732e-08
    72   8.825218789924664e-08
    73   8.097169569816199e-08
    74   7.565236768728238e-08
    75   7.301299267408190e-08
    76   6.641003392235440e-08
    77   6.344885928723584e-08
    78   6.097849647377160e-08
    79   5.556063391412340e-08
    80   5.346313745166166e-08
[TRUERES]     80  5.346313745166166e-08  5.346313745166166e-08
    81   5.015217098073888e-08
    82   4.546651546489303e-08
    83   4.344111779411476e-08
    84   3.927266300832905e-08
    85   3.518462719003644e-08
    86   3.283821644856301e-08
    87   2.871341035046064e-08
    88   2.571952337969159e-08
    89   2.344786465220137e-08
    90   2.015565912015737e-08
[TRUERES]     90  2.015565912015737e-08  2.015565912015737e-08
    91   1.800928562627042e-08
    92   1.600514057277860e-08
    93   1.355260470132696e-08
    94   1.207903385201376e-08
    95   1.045091809234116e-08
    96   8.857427459722920e-09
    97   7.904823164199837e-09
    98   6.782424267299532e-09
    99   5.867984811326478e-09
   100   5.303062277015078e-09
[TRUERES]    100  5.303062277015078e-09  5.303062277015078e-09
   101   4.592813604925132e-09
   102   4.102509536093547e-09
   103   3.752409796658126e-09
   104   3.304026390102808e-09
   105   3.069294206644508e-09
   106   2.854771217284302e-09
   107   2.594084338650898e-09
   108   2.478574218045334e-09
   109   2.310448551429881e-09
   110   2.142177626941726e-09
[TRUERES]    110  2.142177626941726e-09  2.142177626941726e-09
   111   2.076693222726495e-09
   112   1.934123660702364e-09
   113   1.829448887455533e-09
   114   1.778381735951051e-09
   115   1.657830971694172e-09
   116   1.595881031152639e-09
   117   1.545692575914184e-09
   118   1.446984573882093e-09
   119   1.406109852220529e-09
   120   1.337446725938735e-09
[TRUERES]    120  1.337446725938735e-09  1.337446725938735e-09
   121   1.234571439787180e-09
   122   1.176751244717936e-09
   123   1.076573974507083e-09
   124   9.686760410340737e-10
   125   8.897973396762172e-10
   126   7.754057229070346e-10
   127   6.810518418385220e-10
   128   6.039409164645395e-10
   129   5.118189446042482e-10
   130   4.463399580335698e-10
[TRUERES]    130  4.463399580335698e-10  4.463399580335698e-10
   131   3.895363074102930e-10
   132   3.310796012950702e-10
   133   2.936504147372798e-10
   134   2.565017640284107e-10
   135   2.212272157372147e-10
   136   1.979347302710947e-10
   137   1.718212852302310e-10
   138   1.497796055412952e-10
   139   1.340937686200947e-10
   140   1.156890954025347e-10
[TRUERES]    140  1.156890954025347e-10  1.156890954025347e-10
   141   1.015409696023972e-10
   142   9.038216538283364e-11
   143   7.817069806543502e-11
   144   7.002037809268730e-11
   145   6.287486219363830e-11
   146   5.548500161529448e-11
   147   5.096610861890636e-11
   148   4.603098854028440e-11
   149   4.138493560557658e-11
   150   3.868220543159188e-11
[TRUERES]    150  3.868220543159188e-11  3.868220543159188e-11
   151   3.546070490344302e-11
   152   3.298660897349708e-11
   153   3.146539222012205e-11
   154   2.917590489282220e-11
   155   2.764743263899327e-11
   156   2.634255760204318e-11
   157   2.435785247400793e-11
   158   2.308185740414639e-11
   159   2.161732320218779e-11
   160   1.981824785490100e-11
[TRUERES]    160  1.981824785490100e-11  1.981824785490100e-11
   161   1.869630458565204e-11
   162   1.717567900305475e-11
   163   1.562572205872723e-11
   164   1.455630214892550e-11
   165   1.311570620811428e-11
   166   1.187654724246519e-11
   167   1.084363960873761e-11
   168   9.527910985055870e-12
   169   8.483504858111417e-12
   170   7.491847877164510e-12
[TRUERES]    170  7.491847877164510e-12  7.491847877164510e-12
   171   6.409171575843373e-12
   172   5.591331686757541e-12
   173   4.799425543602204e-12
   174   4.063954643259058e-12
   175   3.542089294482640e-12
   176   3.020884761343715e-12
   177   2.581421124232615e-12
   178   2.255115584185803e-12
   179   1.926396206444123e-12
   180   1.679314346047866e-12
[TRUERES]    180  1.679314346047866e-12  1.679314346047866e-12
   181   1.490142660307386e-12
   182   1.300298655331596e-12
   183   1.174090572792922e-12
   184   1.072345755995996e-12
   185   9.670865448975262e-13
   186   9.021035894076747e-13
   187   8.328571661843696e-13
   188   7.669466271015281e-13
   189   7.275593082709867e-13
   190   6.785528672996432e-13
[TRUERES]    190  6.785528672996432e-13  6.785528672996432e-13
   191   6.389642631911718e-13
   192   6.159298116740030e-13
   193   5.812188729695374e-13
   194   5.619655088212678e-13
   195   5.484962862911842e-13
   196   5.263937976358805e-13
   197   5.182967619387914e-13
   198   5.054062575279160e-13
   199   4.829407523940044e-13
   200   4.700985285437517e-13
[TRUERES]    200  4.700985285437517e-13  4.700985285437517e-13
   201   4.449399610553710e-13
   202   4.150033712878231e-13
   203   3.919534084453082e-13
   204   3.577421880989961e-13
   205   3.257731631620788e-13
   206   2.977103884573170e-13
   207   2.628996134855487e-13
   208   2.345727280910758e-13
   209   2.081329396845883e-13
   210   1.802940330341818e-13
[TRUERES]    210  1.802940330341818e-13  1.802940330341818e-13
   211   1.592108955110963e-13
   212   1.388145325894686e-13
   213   1.190891270507402e-13
   214   1.040477091086073e-13
   215   8.890161781615111e-14
   216   7.583464681693216e-14
   217   6.558228432389612e-14
   218   5.527750027194080e-14
   219   4.701812440780137e-14
   220   4.030426189777941e-14
[TRUERES]    220  4.030426189777941e-14  4.030426189777941e-14
   221   3.395878999966623e-14
   222   2.937365665784630e-14
   223   2.551358577248654e-14
   224   2.200574964165058e-14
   225   1.962366137058750e-14
   226   1.747987601097873e-14
   227   1.566380289515652e-14
   228   1.449521890330868e-14
   229   1.331776966163246e-14
   230   1.240161796480780e-14
[TRUERES]    230  1.240161796480780e-14  1.240161796480780e-14
   231   1.185971639169072e-14
   232   1.120506251870394e-14
   233   1.082145130201918e-14
   234   1.058485625081798e-14
   235   1.021508461464648e-14
   236   1.006846776849543e-14
   237   9.826891156102401e-15
   238   9.417798217453648e-15
   239   9.155865938603241e-15
   240   8.703103208708985e-15
[TRUERES]    240  8.703103208708985e-15  8.703103208708985e-15
   241   8.154035083536379e-15
   242   7.695537384565296e-15
   243   7.049100708281714e-15
   244   6.428079410875170e-15
   245   5.846624957428617e-15
   246   5.154208669777689e-15
   247   4.569778457180109e-15
   248   4.037625753684719e-15
   249   3.497615735198661e-15
   250   3.091061515183748e-15
[TRUERES]    250  3.091061515183748e-15  3.091061515183748e-15
   251   2.702486419380361e-15
   252   2.333845405640138e-15
   253   2.049822525383043e-15
   254   1.764796449042163e-15
   255   1.511856222058979e-15
   256   1.309393804321471e-15
   257   1.110641672092787e-15
   258   9.540882976409087e-16
   259   8.306265606356515e-16
   260   7.132905947367330e-16
[TRUERES]    260  7.132905947367330e-16  7.132905947367330e-16
   261   6.267558875218819e-16
   262   5.536686366283617e-16
   263   4.870339723813516e-16
   264   4.396776942752838e-16
   265   3.959687019254448e-16
   266   3.554676530251710e-16
   267   3.280487383221165e-16
   268   3.003578544839248e-16
   269   2.787335737406711e-16
   270   2.646730081874573e-16
[TRUERES]    270  2.646730081874573e-16  2.646730081874573e-16
   271   2.492109466579830e-16
   272   2.394958753933634e-16
   273   2.322160985948907e-16
   274   2.218323906329147e-16
   275   2.156061160317363e-16
   276   2.078691653722637e-16
   277   1.972683284099049e-16
   278   1.890027054465877e-16
   279   1.774530617635945e-16
   280   1.643863372722878e-16
[TRUERES]    280  1.643863372722878e-16  1.643863372722878e-16
   281   1.532832674612958e-16
   282   1.394205200749007e-16
   283   1.266128317864575e-16
   284   1.150377748216664e-16
   285   1.021161169550732e-16
   286   9.157725549344934e-17
   287   8.196512814269496e-17
   288   7.189983045589970e-17
   289   6.370096172361161e-17
   290   5.560590365646324e-17
[TRUERES]    290  5.560590365646324e-17  5.560590365646324e-17
   291   4.787057026465679e-17
   292   4.179789011224394e-17
   293   3.593639416221950e-17
   294   3.088951359852550e-17
   295   2.696110616427428e-17
   296   2.317360156596604e-17
   297   2.011086054968890e-17
   298   1.756861275013707e-17
   299   1.512702029759132e-17
   300   1.324196780665272e-17
[TRUERES]    300  1.324196780665272e-17  1.324196780665272e-17
   301   1.163851984023075e-17
   302   1.016768130610026e-17
   303   9.096350100121043e-18
   304   8.107064543607231e-18
   305   7.211347005869362e-18
   306   6.555426988445585e-18
   307   5.930530039801612e-18
   308   5.447563919238924e-18
   309   5.116050824220218e-18
   310   4.758917458419971e-18
[TRUERES]    310  4.758917458419971e-18  4.758917458419971e-18
   311   4.501921819191112e-18
   312   4.301182378058296e-18
   313   4.052459123222196e-18
   314   3.874607026609468e-18
   315   3.681576338455028e-18
   316   3.458949987546553e-18
   317   3.296097594154305e-18
   318   3.089476971800330e-18
   319   2.867838708856236e-18
   320   2.670263887100376e-18
[TRUERES]    320  2.670263887100376e-18  2.670263887100376e-18
   321   2.418009894295470e-18
   322   2.173106543330825e-18
   323   1.950288848776031e-18
   324   1.701326478338558e-18
   325   1.492864436305570e-18
   326   1.304131025881062e-18
   327   1.119165842682286e-18
   328   9.684120451949328e-19
   329   8.304454619379570e-19
   330   7.037321281368222e-19
[TRUERES]    330  7.037321281368222e-19  7.037321281368222e-19
   331   6.058663198642414e-19
   332   5.159473000950696e-19
   333   4.406960704783860e-19
   334   3.811863307202231e-19
   335   3.253225656026310e-19
   336   2.802648572716779e-19
   337   2.435019094162583e-19
   338   2.089575752402644e-19
   339   1.818347344035274e-19
   340   1.588249677042689e-19
[TRUERES]    340  1.588249677042689e-19  1.588249677042689e-19
   341   1.375019002060734e-19
   342   1.207730562261420e-19
   343   1.049210605777103e-19
   344   9.064334289326186e-20
   345   7.954789813473970e-20
   346   6.941695596774771e-20
   347   6.121299596514708e-20
   348   5.491231106983156e-20
   349   4.894094137078369e-20
   350   4.446943251186958e-20
[TRUERES]    350  4.446943251186958e-20  4.446943251186958e-20
   351   4.100029742123203e-20
   352   3.766912794010419e-20
   353   3.544842135408939e-20
   354   3.357730339669978e-20
   355   3.170908613388809e-20
   356   3.048612540234871e-20
   357   2.905219004943641e-20
   358   2.765782590193413e-20
   359   2.660629390157480e-20
   360   2.521136201579331e-20
[TRUERES]    360  2.521136201579331e-20  2.521136201579331e-20
   361   2.390012847091871e-20
   362   2.274355957864806e-20
   363   2.128175047129314e-20
   364   2.006029663421004e-20
   365   1.884291034141816e-20
   366   1.736113529669700e-20
   367   1.612963461072842e-20
   368   1.481958754142814e-20
   369   1.344829649711983e-20
   370   1.228481624218196e-20
[TRUERES]    370  1.228481624218196e-20  1.228481624218196e-20
   371   1.104455461987626e-20
   372   9.877627793730562e-21
   373   8.903412453671432e-21
   374   7.849428236858244e-21
   375   6.903222109882284e-21
   376   6.050969799834021e-21
   377   5.210171825630004e-21
   378   4.534125616456061e-21
   379   3.935217970185884e-21
   380   3.392585470373233e-21
[TRUERES]    380  3.392585470373233e-21  3.392585470373233e-21
   381   2.980844732475605e-21
   382   2.618501446828112e-21
   383   2.309557605104774e-21
   384   2.087443969121416e-21
   385   1.885715821575809e-21
   386   1.722015324574870e-21
   387   1.598667614095673e-21
   388   1.473725573154104e-21
   389   1.378356692131280e-21
   390   1.301447358297331e-21
[TRUERES]    390  1.301447358297331e-21  1.301447358297331e-21
   391   1.221842996287691e-21
   392   1.165868070578706e-21
   393   1.115071442600212e-21
   394   1.060261879051309e-21
   395   1.025395361968454e-21
   396   9.841304918427381e-22
   397   9.433761253764977e-22
   398   9.143784665552282e-22
   399   8.713846482672708e-22
   400   8.279600506300489e-22
[TRUERES]    400  8.279600506300489e-22  8.279600506300489e-22
   401   7.857443886659832e-22
   402   7.319742596610809e-22
   403   6.845821667229087e-22
   404   6.364903833436938e-22
   405   5.823463132442350e-22
   406   5.338867784040696e-22
   407   4.796585506410766e-22
   408   4.223071607472462e-22
   409   3.717245929324637e-22
   410   3.196030035531348e-22
[TRUERES]    410  3.196030035531348e-22  3.196030035531348e-22
   411   2.730611688231116e-22
   412   2.342727054274205e-22
   413   1.984760895510744e-22
   414   1.690186947443063e-22
   415   1.444660481234995e-22
   416   1.219174787068768e-22
   417   1.039999354885677e-22
   418   8.861431101012863e-23
   419   7.479945655890607e-23
   420   6.397426706415948e-23
[TRUERES]    420  6.397426706415948e-23  6.397426706415948e-23
   421   5.451576103390454e-23
   422   4.634425449998111e-23
   423   3.992289852130065e-23
   424   3.420834030333580e-23
   425   2.957931599000758e-23
   426   2.597543251955305e-23
   427   2.278913182094656e-23
   428   2.038801020779314e-23
   429   1.852675329744140e-23
   430   1.687125454276425e-23
[TRUERES]    430  1.687125454276425e-23  1.687125454276425e-23
   431   1.568691659814480e-23
   432   1.466844847678007e-23
   433   1.374453006728971e-23
   434   1.309194445237943e-23
   435   1.240320422940897e-23
   436   1.172548442803842e-23
   437   1.115722208936911e-23
   438   1.049343619461389e-23
   439   9.876496705072761e-24
   440   9.316946101010850e-24
[TRUERES]    440  9.316946101010850e-24  9.316946101010850e-24
   441   8.645320631281370e-24
   442   8.045301512879774e-24
   443   7.435868824470319e-24
   444   6.777387897195106e-24
   445   6.230809900150826e-24
   446   5.688006941580503e-24
   447   5.153560995069427e-24
   448   4.697044668946750e-24
   449   4.211580960217546e-24
   450   3.747274102224273e-24
[TRUERES]    450  3.747274102224273e-24  3.747274102224273e-24
   451   3.333317927248586e-24
   452   2.910507990956326e-24
   453   2.542437738746806e-24
   454   2.220025670966743e-24
   455   1.908983639027809e-24
   456   1.647421799642815e-24
   457   1.407883747078560e-24
   458   1.190243036582749e-24
   459   1.017873879711472e-24
   460   8.659727228605801e-25
[TRUERES]    460  8.659727228605801e-25  8.659727228605801e-25
   461   7.344465395168901e-25
   462   6.311336990751999e-25
   463   5.376115082689084e-25
   464   4.591344983559089e-25
   465   3.954639747536542e-25
   466   3.373468365350767e-25
   467   2.905522391482486e-25
   468   2.520926931156743e-25
   469   2.182171852440017e-25
   470   1.928131147679282e-25
[TRUERES]    470  1.928131147679282e-25  1.928131147679282e-25
   471   1.716773292032952e-25
   472   1.536743586357759e-25
   473   1.409632912203504e-25
   474   1.299051342989467e-25
   475   1.202434743381169e-25
   476   1.130434706170548e-25
   477   1.056889178688726e-25
   478   9.962025127516289e-26
   479   9.482029570964381e-26
   480   8.965585008757050e-26
[TRUERES]    480  8.965585008757050e-26  8.965585008757050e-26
   481   8.574408274454303e-26
   482   8.215755745007954e-26
   483   7.802823074134095e-26
   484   7.472324243203966e-26
   485   7.087774781864593e-26
   486   6.662983734877818e-26
   487   6.291885941752159e-26
   488   5.852811852386743e-26
   489   5.402014977968774e-26
   490   4.968147327867799e-26
[TRUERES]    490  4.968147327867799e-26  4.968147327867799e-26
   491   4.452229989585923e-26
   492   3.936185567326580e-26
   493   3.440987683983859e-26
   494   2.954528289926669e-26
   495   2.548298002157036e-26
   496   2.185966927093102e-26
   497   1.860432577498286e-26
   498   1.594942083664193e-26
   499   1.358787852523624e-26
   500   1.151960148928886e-26
[TRUERES]    500  1.151960148928886e-26  1.151960148928886e-26
   501   9.839003641793744e-27
   502   8.315246741506857e-27
   503   7.011841687946537e-27
   504   5.954184585061354e-27
   505   5.018708042295906e-27
   506   4.273472939261694e-27
   507   3.669513024741693e-27
   508   3.147924593117211e-27
   509   2.741511647021241e-27
   510   2.398301527242982e-27
[TRUERES]    510  2.398301527242982e-27  2.398301527242982e-27
   511   2.102614063621119e-27
   512   1.884572081340686e-27
   513   1.695313893765600e-27
   514   1.535318572129172e-27
   515   1.416194114721667e-27
   516   1.305128907418456e-27
   517   1.215671090741376e-27
   518   1.144675497643642e-27
   519   1.068416502541774e-27
   520   1.006510936110428e-27
[TRUERES]    520  1.006510936110428e-27  1.006510936110428e-27
   521   9.501377781545829e-28
   522   8.895171107791594e-28
   523   8.403119870509824e-28
   524   7.874293660429817e-28
   525   7.302125095838687e-28
   526   6.788995164383697e-28
   527   6.228671173282212e-28
   528   5.678294259460543e-28
   529   5.188968997883572e-28
   530   4.674667869528668e-28
[TRUERES]    530  4.674667869528668e-28  4.674667869528668e-28
   531   4.209776504159867e-28
   532   3.800971483016216e-28
   533   3.386981181519844e-28
   534   3.019327075079511e-28
   535   2.660448085165437e-28
   536   2.311344809851498e-28
   537   2.004094991798252e-28
   538   1.716560689816109e-28
   539   1.456086375577995e-28
   540   1.239915026894227e-28
[TRUERES]    540  1.239915026894227e-28  1.239915026894227e-28
   541   1.044850788019701e-28
   542   8.837879390706644e-29
   543   7.533287627384245e-29
   544   6.404794712938882e-29
   545   5.509028331994025e-29
   546   4.803365876084582e-29
   547   4.200233225556607e-29
   548   3.756957855469929e-29
   549   3.394064447367071e-29
   550   3.083253721141628e-29
[TRUERES]    550  3.083253721141628e-29  3.083253721141628e-29
   551   2.851986551598861e-29
   552   2.639688759327451e-29
   553   2.460140807561587e-29
   554   2.318715248392605e-29
   555   2.179076689781805e-29
   556   2.068290352503348e-29
   557   1.983153890763514e-29
   558   1.895691898965563e-29
   559   1.827403019734854e-29
   560   1.759742556062236e-29
[TRUERES]    560  1.759742556062236e-29  1.759742556062236e-29
   561   1.679254825438469e-29
   562   1.608258881866044e-29
   563   1.523761816090252e-29
   564   1.424441126535570e-29
   565   1.330813776828768e-29
   566   1.224764018860881e-29
   567   1.115682937580943e-29
   568   1.010465088024104e-29
   569   8.950649938917493e-30
   570   7.878655689776914e-30
[TRUERES]    570  7.878655689776914e-30  7.878655689776914e-30
   571   6.892751720438871e-30
   572   5.954659832919206e-30
   573   5.171624791807419e-30
   574   4.473401995239104e-30
   575   3.838463721943149e-30
   576   3.312935927439838e-30
   577   2.833447355514310e-30
   578   2.408205935475643e-30
   579   2.061821505579148e-30
   580   1.753830035598888e-30
[TRUERES]    580  1.753830035598888e-30  1.753830035598888e-30
   581   1.495212537204574e-30
   582   1.279432173465138e-30
   583   1.083220705946133e-30
   584   9.206023957235326e-31
   585   7.859034323823452e-31
   586   6.702197489574804e-31
   587   5.799006188632734e-31
   588   5.043665730565382e-31
   589   4.393456954756942e-31
   590   3.880571026236728e-31
[TRUERES]    590  3.880571026236728e-31  3.880571026236728e-31
   591   3.417284585168268e-31
   592   3.015993301113256e-31
   593   2.688622976325016e-31
   594   2.392346135986920e-31
   595   2.144412820736494e-31
   596   1.940443825991168e-31
   597   1.748320260492467e-31
   598   1.587983081041074e-31
   599   1.448757507592934e-31
   600   1.318956860938630e-31
[TRUERES]    600  1.318956860938630e-31  1.318956860938630e-31
   601   1.214171784167165e-31
   602   1.115698661346838e-31
   603   1.024835810584677e-31
   604   9.499757347718212e-32
   605   8.740090106863996e-32
   606   8.019242136335694e-32
   607   7.366735135200630e-32
   608   6.686930323793969e-32
   609   6.068333392190556e-32
   610   5.479811755153469e-32
[TRUERES]    610  5.479811755153469e-32  5.479811755153469e-32
   611   4.880058229802781e-32
   612   4.353221337939574e-32
   613   3.842807068883083e-32
   614   3.343488504543547e-32
   615   2.913015548588500e-32
   616   2.510301843722667e-32
   617   2.147995715574611e-32
   618   1.835364823968672e-32
   619   1.546945644874946e-32
   620   1.300164362106327e-32
[TRUERES]    620  1.300164362106327e-32  1.300164362106327e-32
   621   1.094878396602576e-32
   622   9.105177024497078e-33
   623   7.601380499639089e-33
   624   6.361877065489686e-33
   625   5.304501630363201e-33
   626   4.476690497011549e-33
   627   3.774770302503689e-33
   628   3.169451652634309e-33
   629   2.683890746727486e-33
   630   2.255612961175904e-33
[TRUERES]    630  2.255612961175904e-33  2.255612961175904e-33
   631   1.895383660908344e-33
   632   1.603758502359703e-33
   633   1.348862820047930e-33
   634   1.139457690475767e-33
   635   9.697139819599566e-34
   636   8.230514134816673e-34
   637   7.084927863056282e-34
   638   6.132447807655282e-34
   639   5.312280705216904e-34
   640   4.672584313878556e-34
[TRUERES]    640  4.672584313878556e-34  4.672584313878556e-34
   641   4.121336093775071e-34
   642   3.642765229818814e-34
   643   3.262871826185139e-34
   644   2.925950346082003e-34
   645   2.657303072425544e-34
   646   2.453491212670318e-34
   647   2.266975255541468e-34
   648   2.114451107591159e-34
   649   1.980509191559650e-34
   650   1.840219300249054e-34
[TRUERES]    650  1.840219300249054e-34  1.840219300249054e-34
   651   1.721139670084957e-34
   652   1.604611930820952e-34
   653   1.485030976618483e-34
   654   1.379356018156597e-34
   655   1.269037671757893e-34
   656   1.163281600755463e-34
   657   1.071027494807827e-34
   658   9.739525862845249e-35
   659   8.805540182580286e-35
   660   7.912960958554460e-35
[TRUERES]    660  7.912960958554460e-35  7.912960958554460e-35
   661   6.990612085909573e-35
   662   6.153939841798501e-35
   663   5.390503167806776e-35
   664   4.655120394949161e-35
   665   4.027262789821874e-35
   666   3.453153880710593e-35
   667   2.941826109159793e-35
   668   2.518452372354508e-35
   669   2.139661038666087e-35
   670   1.809217493825024e-35
[TRUERES]    670  1.809217493825024e-35  1.809217493825024e-35
   671   1.531758557735004e-35
   672   1.279853799477810e-35
   673   1.067744685156684e-35
   674   8.913534635447758e-36
   675   7.389905715353459e-36
   676   6.181419369736009e-36
   677   5.206399832963745e-36
   678   4.392235513702993e-36
   679   3.754036356049363e-36
   680   3.209143648206498e-36
[TRUERES]    680  3.209143648206498e-36  3.209143648206498e-36
   681   2.738132797078370e-36
   682   2.361298037545209e-36
   683   2.040605692352867e-36
   684   1.784602402660709e-36
   685   1.588809466205161e-36
   686   1.422355656108264e-36
   687   1.292729624397747e-36
   688   1.192512488299172e-36
   689   1.103740742584890e-36
   690   1.037437404123623e-36
[TRUERES]    690  1.037437404123623e-36  1.037437404123623e-36
   691   9.825243262650670e-37
   692   9.310744220271842e-37
   693   8.921001965176868e-37
   694   8.564370533576002e-37
   695   8.243438649240046e-37
   696   7.999670900621851e-37
   697   7.692378072516249e-37
   698   7.383677393078469e-37
   699   7.064121930548064e-37
   700   6.643318785756363e-37
[TRUERES]    700  6.643318785756363e-37  6.643318785756362e-37
   701   6.208024836832966e-37
   702   5.738796870490801e-37
   703   5.212953830450676e-37
   704   4.727688902747038e-37
   705   4.240154172642395e-37
   706   3.762785237251159e-37
   707   3.342530605317620e-37
   708   2.923485942110629e-37
   709   2.537321328407736e-37
   710   2.197037644935507e-37
[TRUERES]    710  2.197037644935507e-37  2.197037644935508e-37
   711   1.872421288056369e-37
   712   1.587388393361394e-37
   713   1.337348363720788e-37
   714   1.111201804203398e-37
   715   9.262641731380904e-38
   716   7.736155228474701e-38
   717   6.432085180540524e-38
   718   5.374586484743127e-38
   719   4.460188993864911e-38
   720   3.672697637211852e-38
[TRUERES]    720  3.672697637211852e-38  3.672697637211854e-38
   721   3.046193310972767e-38
   722   2.508967524172392e-38
   723   2.072386555180154e-38
   724   1.721158716904881e-38
   725   1.423567723209327e-38
   726   1.186070689857116e-38
   727   9.960205675981820e-39
   728   8.348414219781764e-39
   729   7.078813502010450e-39
   730   6.019565709462055e-39
[TRUERES]    730  6.019565709462055e-39  6.019565709462045e-39
   731   5.112354992185608e-39
   732   4.401658641853838e-39
   733   3.806271952919575e-39
   734   3.300333011389560e-39
   735   2.895757150243427e-39
   736   2.543034324434070e-39
   737   2.254161250469946e-39
   738   2.022011692374981e-39
   739   1.809819227533629e-39
   740   1.633005754920296e-39
[TRUERES]    740  1.633005754920296e-39  1.633005754920292e-39
   741   1.482338450639145e-39
   742   1.348913630465809e-39
   743   1.246679865017319e-39
   744   1.162947213855548e-39
   745   1.091690323109375e-39
   746   1.038633973579813e-39
   747   9.849026121774258e-40
   748   9.336786899162173e-40
   749   8.872936870973581e-40
   750   8.322986083612246e-40
[TRUERES]    750  8.322986083612246e-40  8.322986083612256e-40
   751   7.752957609814672e-40
   752   7.167674836879368e-40
   753   6.508830410974631e-40
   754   5.872311648860590e-40
   755   5.251457708237822e-40
   756   4.622930408867323e-40
   757   4.072362387924152e-40
   758   3.563232938932750e-40
   759   3.097337188919523e-40
   760   2.696325461004278e-40
[TRUERES]    760  2.696325461004278e-40  2.696325461004273e-40
   761   2.324702191152157e-40
   762   1.990285423867215e-40
   763   1.705021482757335e-40
   764   1.451039269568199e-40
   765   1.237911236131600e-40
   766   1.061583865680020e-40
   767   9.088874410575396e-41
   768   7.844757878334944e-41
   769   6.780686859062845e-41
   770   5.865875971197185e-41
[TRUERES]    770  5.865875971197185e-41  5.865875971197312e-41
   771   5.132864060689370e-41
   772   4.495777061378762e-41
   773   3.960638972402440e-41
   774   3.535100296354339e-41
   775   3.144658081357098e-41
   776   2.793389369514021e-41
   777   2.485656988156513e-41
   778   2.197748964451825e-41
   779   1.954478943712337e-41
   780   1.747830388916335e-41
[TRUERES]    780  1.747830388916335e-41  1.747830388916312e-41
   781   1.564551864047119e-41
   782   1.421372705726491e-41
   783   1.302319994317873e-41
   784   1.195525607746679e-41
   785   1.110392643317672e-41
   786   1.030801377387557e-41
   787   9.580763699540357e-42
   788   8.971769374102152e-42
   789   8.341998112932135e-42
   790   7.737721604243367e-42
[TRUERES]    790  7.737721604243367e-42  7.737721604243243e-42
   791   7.125243991863114e-42
   792   6.455696104793853e-42
   793   5.832707509523498e-42
   794   5.244401104915791e-42
   795   4.654901225653948e-42
   796   4.125420944014533e-42
   797   3.614131713104587e-42
   798   3.133295334487937e-42
   799   2.717241917788644e-42
   800   2.335197794483957e-42
[TRUERES]    800  2.335197794483957e-42  2.335197794484048e-42
   801   1.999378418195931e-42
   802   1.717179845984958e-42
   803   1.462867545940404e-42
   804   1.245989981434282e-42
   805   1.062159465143657e-42
   806   8.977641794150384e-43
   807   7.613611660800590e-43
   808   6.447722337719165e-43
   809   5.411266569447728e-43
   810   4.558433284528208e-43
[TRUERES]    810  4.558433284528208e-43  4.558433284528808e-43
   811   3.818122110542433e-43
   812   3.184100195319455e-43
   813   2.664698897188621e-43
   814   2.209851169128394e-43
   815   1.823478011803700e-43
   816   1.510717849046126e-43
   817   1.245620885191582e-43
   818   1.030905636726828e-43
   819   8.593773014347654e-44
   820   7.180273262271152e-44
[TRUERES]    820  7.180273262271152e-44  7.180273262269967e-44
   821   6.077231384607495e-44
   822   5.189285534757918e-44
   823   4.448152983501585e-44
   824   3.878287175863375e-44
   825   3.402192446564177e-44
   826   3.007929721998169e-44
   827   2.699450992228255e-44
   828   2.432904617215902e-44
   829   2.217066546428548e-44
   830   2.044192809764585e-44
[TRUERES]    830  2.044192809764585e-44  2.044192809763573e-44
   831   1.879811799119561e-44
   832   1.738570456026498e-44
   833   1.613709929761822e-44
   834   1.492881310427100e-44
   835   1.393842140757311e-44
   836   1.310388497758788e-44
   837   1.232192634489132e-44
   838   1.171836228608052e-44
   839   1.114143804123741e-44
   840   1.059702576390419e-44
[TRUERES]    840  1.059702576390419e-44  1.059702576388611e-44
   841   1.013783287768097e-44
   842   9.613228672353513e-45
   843   9.067733617683377e-45
   844   8.510052951439098e-45
   845   7.879781788608213e-45
   846   7.267568878834280e-45
   847   6.629962383926344e-45
   848   5.956330896477114e-45
   849   5.335315576474914e-45
   850   4.735433464510449e-45
[TRUERES]    850  4.735433464510449e-45  4.735433464501105e-45
   851   4.163117067917615e-45
   852   3.656129189203033e-45
   853   3.168099344211974e-45
   854   2.722341104070893e-45
   855   2.331915253809122e-45
   856   1.968571596256389e-45
   857   1.656063898157070e-45
   858   1.385620648679050e-45
   859   1.148982714693822e-45
   860   9.582818879793537e-46
[TRUERES]    860  9.582818879793537e-46  9.582818879826015e-46
   861   8.015507610841908e-46
   862   6.700138182398627e-46
   863   5.660699318581388e-46
   864   4.784691118889810e-46
   865   4.061025387379276e-46
   866   3.482487481247992e-46
   867   2.991248858896804e-46
   868   2.578497951520672e-46
   869   2.235066636909938e-46
   870   1.928519495871459e-46
[TRUERES]    870  1.928519495871459e-46  1.928519495883519e-46
   871   1.675170352130422e-46
   872   1.468116445698454e-46
   873   1.289859812357795e-46
   874   1.151100187664921e-46
   875   1.035939156622734e-46
   876   9.395326112767276e-47
   877   8.684218185388604e-47
   878   8.076191151564069e-47
   879   7.547114403048316e-47
   880   7.097022182621652e-47
[TRUERES]    880  7.097022182621652e-47  7.097022182420797e-47
   881   6.648916346458112e-47
   882   6.261015712529951e-47
   883   5.928376211503012e-47
   884   5.597678142444810e-47
   885   5.311843260341205e-47
   886   5.020497031314174e-47
   887   4.692139489965381e-47
   888   4.382065529323348e-47
   889   4.039993458343107e-47
   890   3.680931155534489e-47
[TRUERES]    890  3.680931155534489e-47  3.680931155551502e-47
   891   3.331314027895481e-47
   892   2.968525594769993e-47
   893   2.617842884278377e-47
   894   2.294884097235551e-47
   895   1.983673519190574e-47
   896   1.709207863674572e-47
   897   1.463746365680972e-47
   898   1.237434970238988e-47
   899   1.040904929986922e-47
   900   8.679585254957715e-48
[TRUERES]    900  8.679585254957715e-48  8.679585255119657e-48
   901   7.148745998606981e-48
   902   5.903278267239507e-48
   903   4.855563751272334e-48
   904   3.987481400088250e-48
   905   3.290802466174726e-48
   906   2.695558757497541e-48
   907   2.207357060224942e-48
   908   1.811151030740138e-48
   909   1.476215106794274e-48
   910   1.209462842909590e-48
[TRUERES]    910  1.209462842909590e-48  1.209462842924545e-48
   911   9.936859458540202e-49
   912   8.144863215153280e-49
   913   6.746884927777989e-49
   914   5.626996654408554e-49
   915   4.722964174201120e-49
   916   4.018376625335309e-49
   917   3.435241462624593e-49
   918   2.948010012726378e-49
   919   2.549017168313072e-49
   920   2.202417077570885e-49
[TRUERES]    920  2.202417077570885e-49  2.202417077639619e-49
   921   1.915825326778938e-49
   922   1.679890074004276e-49
   923   1.477005145824972e-49
   924   1.315725732777930e-49
   925   1.185156821469727e-49
   926   1.076085511035163e-49
   927   9.949009826062454e-50
   928   9.307869733274518e-50
   929   8.751849846666347e-50
   930   8.265454139409337e-50
[TRUERES]    930  8.265454139409337e-50  8.265454137506526e-50
   931   7.763352237792059e-50
   932   7.292242597689741e-50
   933   6.883104950867742e-50
   934   6.460032935545166e-50
   935   6.066465337016556e-50
   936   5.693747148192975e-50
   937   5.285110635741566e-50
   938   4.871608945236470e-50
   939   4.438636913665624e-50
   940   3.966329156168198e-50
[TRUERES]    940  3.966329156168198e-50  3.966329155626259e-50
   941   3.516422990732784e-50
   942   3.064965101829409e-50
   943   2.631267704268067e-50
   944   2.250008659851972e-50
   945   1.900641864809000e-50
   946   1.600782377138110e-50
   947   1.348752288672955e-50
   948   1.124985410981986e-50
   949   9.395165978977226e-51
   950   7.804544261239084e-51
[TRUERES]    950  7.804544261239084e-51  7.804544285166525e-51
   951   6.433349064327620e-51
   952   5.325550363142475e-51
   953   4.411086149671559e-51
   954   3.644655516661562e-51
   955   3.033922602819648e-51
   956   2.528366051386446e-51
   957   2.112542416646272e-51
   958   1.776019136809689e-51
   959   1.484470736876252e-51
   960   1.243188170848290e-51
[TRUERES]    960  1.243188170848290e-51  1.243188171779154e-51
   961   1.042720038303394e-51
   962   8.713006731443151e-52
   963   7.337678018421229e-52
   964   6.210725287745365e-52
   965   5.258282254965013e-52
   966   4.498265650657090e-52
   967   3.858636432051075e-52
   968   3.321418626762492e-52
   969   2.893189908608220e-52
   970   2.531079203461525e-52
[TRUERES]    970  2.531079203461525e-52  2.531079167445130e-52
   971   2.229210701216952e-52
   972   1.991246134553046e-52
   973   1.788040427644342e-52
   974   1.626330859801150e-52
   975   1.495503227750967e-52
   976   1.384610462262475e-52
   977   1.300400693944828e-52
   978   1.228139865151708e-52
   979   1.160870349170731e-52
   980   1.102141482170062e-52
[TRUERES]    980  1.102141482170062e-52  1.102141463621673e-52
   981   1.040374845865278e-52
   982   9.759356389347132e-53
   983   9.136999236954991e-53
   984   8.443258544412968e-53
   985   7.740299153005571e-53
   986   7.042768240215127e-53
   987   6.306945445816214e-53
   988   5.617427988721766e-53
   989   4.955445819433560e-53
   990   4.318974572132425e-53
[TRUERES]    990  4.318974572132425e-53  4.318974458815409e-53
   991   3.755358003673570e-53
   992   3.230259649235409e-53
   993   2.745492032743127e-53
   994   2.325271916391297e-53
   995   1.950924024152657e-53
   996   1.631459329325990e-53
   997   1.365116402650346e-53
   998   1.132638462185574e-53
   999   9.391138065350059e-54
  1000   7.762884823583162e-54
[TRUERES]   1000  7.762884823583162e-54  7.762885312968799e-54
  1001   6.357791801711664e-54
  1002   5.204618826315572e-54
  1003   4.243873417315646e-54
  1004   3.437005563448670e-54
  1005   2.792535467649448e-54
  1006   2.259794101041837e-54
  1007   1.828039616556638e-54
  1008   1.491041664587522e-54
  1009   1.210429516298165e-54
  1010   9.814065410271487e-55
[TRUERES]   1010  9.814065410271487e-55  9.814067277951280e-55
  1011   7.986842508419847e-55
  1012   6.459208013605044e-55
  1013   5.245057340322157e-55
  1014   4.274483749168369e-55
  1015   3.478766243701587e-55
  1016   2.851529986354432e-55
  1017   2.348611753219065e-55
  1018   1.942415658990769e-55
  1019   1.624079278869358e-55
  1020   1.364016045531309e-55
[TRUERES]   1020  1.364016045531309e-55  1.364017078930417e-55
  1021   1.151742048596699e-55
  1022   9.808209921304774e-56
  1023   8.359410453863749e-56
  1024   7.176307670201400e-56
  1025   6.213016845073821e-56
  1026   5.393651558869770e-56
  1027   4.736274315006455e-56
  1028   4.200702563531632e-56
  1029   3.735485951033682e-56
  1030   3.359619403005042e-56
[TRUERES]   1030  3.359619403005042e-56  3.359617001671801e-56
  1031   3.031675743202792e-56
  1032   2.745589443355922e-56
  1033   2.506212088828738e-56
  1034   2.284073322767115e-56
  1035   2.089299164790537e-56
  1036   1.923218065438296e-56
  1037   1.768033632435322e-56
  1038   1.627113606304163e-56
  1039   1.499977805771508e-56
  1040   1.377484057818505e-56
[TRUERES]   1040  1.377484057818505e-56  1.377484885797835e-56
  1041   1.271948006693103e-56
  1042   1.178365807658242e-56
  1043   1.087352442057384e-56
  1044   1.006227622487215e-56
  1045   9.246595395320462e-57
  1046   8.450248309185413e-57
  1047   7.684536837346572e-57
  1048   6.885853828987639e-57
  1049   6.108296297374714e-57
  1050   5.369632716355809e-57
[TRUERES]   1050  5.369632716355809e-57  5.369648062863798e-57
  1051   4.642848756073104e-57
  1052   3.983415043512207e-57
  1053   3.402813477176985e-57
  1054   2.873067106294556e-57
  1055   2.420726229583109e-57
  1056   2.020746418100230e-57
  1057   1.674740451380770e-57
  1058   1.388594944145670e-57
  1059   1.142590422439043e-57
  1060   9.378050619679273e-58
[TRUERES]   1060  9.378050619679273e-58  9.378344639667662e-58
  1061   7.706971309149171e-58
  1062   6.296494235051861e-58
  1063   5.150555165950181e-58
  1064   4.232025817316593e-58
  1065   3.459609552648024e-58
  1066   2.838921741979093e-58
  1067   2.334982472016922e-58
  1068   1.905696408152572e-58
  1069   1.558770848024462e-58
  1070   1.273015780252969e-58
[TRUERES]   1070  1.273015780252969e-58  1.273281889135794e-58
  1071   1.038483494416065e-58
  1072   8.530850446003172e-59
  1073   6.999308150876898e-59
  1074   5.734883119809572e-59
  1075   4.713480516362446e-59
  1076   3.853272371684605e-59
  1077   3.160575556135131e-59
  1078   2.606199028331145e-59
  1079   2.147362623331206e-59
  1080   1.785869602626071e-59
[TRUERES]   1080  1.785869602626071e-59  1.788641330798809e-59
  1081   1.494627017837412e-59
  1082   1.255258550474164e-59
  1083   1.064618359964215e-59
  1084   9.072518944870120e-60
  1085   7.791941429414051e-60
  1086   6.784002159978771e-60
  1087   5.948911517080165e-60
  1088   5.274280516599265e-60
  1089   4.742399430827627e-60
  1090   4.290945649799624e-60
[TRUERES]   1090  4.290945649799624e-60  4.318117402453918e-60
  1091   3.919282219727940e-60
  1092   3.607146475741112e-60
  1093   3.317155603491032e-60
  1094   3.077073205181986e-60
  1095   2.869121910134490e-60
  1096   2.685220347726450e-60
  1097   2.536468736971426e-60
  1098   2.388391323112281e-60
  1099   2.227406276564351e-60
  1100   2.068895438723680e-60
[TRUERES]   1100  2.068895438723680e-60  2.097035225887944e-60
  1101   1.898404236416068e-60
  1102   1.734819912573668e-60
  1103   1.579917049851209e-60
  1104   1.421721491501210e-60
  1105   1.271029084685869e-60
  1106   1.126700399163662e-60
  1107   9.829876267673458e-61
  1108   8.532425840436180e-61
  1109   7.330559633100640e-61
  1110   6.249730735658903e-61
[TRUERES]   1110  6.249730735658903e-61  6.532749025620710e-61
  1111   5.322342337289303e-61
  1112   4.483855139694843e-61
  1113   3.756749675333923e-61
  1114   3.138760860894638e-61
  1115   2.593605296174478e-61
  1116   2.142529811817796e-61
  1117   1.768360756790537e-61
  1118   1.449380142795526e-61
  1119   1.193392603612893e-61
  1120   9.835608089695704e-62
[TRUERES]   1120  9.835608089695704e-62  1.266665177480024e-61
  1121   8.056578095603769e-62
  1122   6.600624726933297e-62
  1123   5.388906125675079e-62
  1124   4.386540023825725e-62
  1125   3.590955355262483e-62
  1126   2.938950774040258e-62
  1127   2.404912127646793e-62
  1128   1.975365301532112e-62
  1129   1.614403344105350e-62
  1130   1.321189220029343e-62
[TRUERES]   1130  1.321189220029343e-62  4.188079925430283e-62
  1131   1.079568747028056e-62
  1132   8.756001372998869e-63
  1133   7.089039969829394e-63
  1134   5.726241234012711e-63
  1135   4.616051722958839e-63
  1136   3.738328106296020e-63
  1137   3.030222972978122e-63
  1138   2.452506116370059e-63
  1139   1.996189836913544e-63
  1140   1.615436990933369e-63
[TRUERES]   1140  1.615436990933369e-63  3.036488932142044e-62
  1141   1.308188454733934e-63
  1142   1.059963890073591e-63
  1143   8.566070387494910e-64
  1144   6.944900071803453e-64
  1145   5.641112157429942e-64
  1146   4.559685077619080e-64
  1147   3.699867890098075e-64
  1148   2.994399951573172e-64
  1149   2.410272624055651e-64
  1150   1.944913002089946e-64
[TRUERES]   1150  1.944913002089946e-64  2.889172811552886e-62
  1151   1.561115534062130e-64
  1152   1.248544096460446e-64
  1153   9.999344093633407e-65
  1154   7.968644983895773e-65
  1155   6.350599719432408e-65
  1156   5.056832239917819e-65
  1157   4.011210483390837e-65
  1158   3.201022249203514e-65
  1159   2.554689927240875e-65
  1160   2.025090410687470e-65
[TRUERES]   1160  2.025090410687470e-65  2.886949527450848e-62
  1161   1.607911872931037e-65
  1162   1.272292992020029e-65
  1163   1.000952644807973e-65
  1164   7.906154920546916e-66
  1165   6.245705748424979e-66
  1166   4.944961469076490e-66
  1167   3.931874539327688e-66
  1168   3.119599977740343e-66
  1169   2.480848118968120e-66
  1170   1.976993782482891e-66
[TRUERES]   1170  1.976993782482891e-66  2.890711897894869e-62
  1171   1.566323958761263e-66
  1172   1.241429800981564e-66
  1173   9.836869588142793e-67
  1174   7.758582880806997e-67
  1175   6.149697280171697e-67
  1176   4.873546924741068e-67
  1177   3.870968735908649e-67
  1178   3.089162874675052e-67
  1179   2.455267912548185e-67
  1180   1.949288742219458e-67
[TRUERES]   1180  1.949288742219458e-67  2.885298322382673e-62
  1181   1.552280494299560e-67
  1182   1.231429369100076e-67
  1183   9.776408649162261e-68
  1184   7.778005947641931e-68
  1185   6.162058007418292e-68
  1186   4.890405077116014e-68
  1187   3.881224689080777e-68
  1188   3.077331528276777e-68
  1189   2.454522182938099e-68
  1190   1.956628343688683e-68
[TRUERES]   1190  1.956628343688683e-68  2.886622570484505e-62
  1191   1.560616847250722e-68
  1192   1.252637632713334e-68
  1193   1.001793642052374e-68
  1194   7.995608122987647e-69
  1195   6.393346904703060e-69
  1196   5.072250283447891e-69
  1197   4.026656981565693e-69
  1198   3.204291862488982e-69
  1199   2.537252978992076e-69
  1200   2.016017142362497e-69
[TRUERES]   1200  2.016017142362497e-69  2.887696380483202e-62
  1201   1.596404698421013e-69
  1202   1.256573495476874e-69
  1203   9.908874479673985e-70
  1204   7.790415810770005e-70
  1205   6.108552844960214e-70
  1206   4.821133298080202e-70
  1207   3.813091796085701e-70
  1208   3.027395580488439e-70
  1209   2.431570367498008e-70
  1210   1.952176873931096e-70
[TRUERES]   1210  1.952176873931096e-70  2.887213121909101e-62
  1211   1.576618779864165e-70
  1212   1.279048669751536e-70
  1213   1.032803291486717e-70
  1214   8.380921003399973e-71
  1215   6.816709917583701e-71
  1216   5.537151336421072e-71
  1217   4.515724270952061e-71
  1218   3.672068078187767e-71
  1219   2.970169816782784e-71
  1220   2.401175793017318e-71
[TRUERES]   1220  2.401175793017318e-71  2.887333001047826e-62
  1221   1.925008392778766e-71
  1222   1.538472305731356e-71
  1223   1.232622332884689e-71
  1224   9.866341091218998e-72
  1225   7.967951797757777e-72
  1226   6.494337922685207e-72
  1227   5.300913634735625e-72
  1228   4.361452464916431e-72
  1229   3.590468684095803e-72
  1230   2.948051887051540e-72
[TRUERES]   1230  2.948051887051540e-72  2.887349963894019e-62
  1231   2.420181029202015e-72
  1232   1.980793272844442e-72
  1233   1.618587890848213e-72
  1234   1.329535439273593e-72
  1235   1.087783260770913e-72
  1236   8.917383295205187e-73
  1237   7.316751067734495e-73
  1238   5.974866072839117e-73
  1239   4.891503347775069e-73
  1240   4.000453205066390e-73
[TRUERES]   1240  4.000453205066390e-73  2.887352158426091e-62
  1241   3.248077327485707e-73
  1242   2.641174145178724e-73
  1243   2.138291758567168e-73
  1244   1.726900740489970e-73
  1245   1.395701138699794e-73
  1246   1.117773069900900e-73
  1247   8.905599032265891e-74
  1248   7.094384822898879e-74
  1249   5.614752381100350e-74
  1250   4.454216412724944e-74
[TRUERES]   1250  4.454216412724944e-74  2.887352185552704e-62
  1251   3.546824674335179e-74
  1252   2.819277243561642e-74
  1253   2.252493858201229e-74
  1254   1.802792493650115e-74
  1255   1.445608955123591e-74
  1256   1.164119830250057e-74
  1257   9.331544811049739e-75
  1258   7.437947583214251e-75
  1259   5.926751025136990e-75
  1260   4.679813955648202e-75
[TRUERES]   1260  4.679813955648202e-75  2.887351599702025e-62
  1261   3.669508766605554e-75
  1262   2.877790297995287e-75
  1263   2.249977737983689e-75
  1264   1.763895323178558e-75
  1265   1.390703854890925e-75
  1266   1.095938671238986e-75
  1267   8.672435821621628e-76
  1268   6.863308054479832e-76
  1269   5.416469447786991e-76
  1270   4.294327965007528e-76
[TRUERES]   1270  4.294327965007528e-76  2.887351569780314e-62
  1271   3.403127688979591e-76
  1272   2.698664782257560e-76
  1273   2.154338712684028e-76
  1274   1.719490793445880e-76
  1275   1.371508606420503e-76
  1276   1.097777450268014e-76
  1277   8.788501169742485e-77
  1278   7.074083448987786e-77
  1279   5.708107925084569e-77
  1280   4.598283688787475e-77
[TRUERES]   1280  4.598283688787475e-77  2.887351571472636e-62
  1281   3.729949484494108e-77
  1282   3.031843020379747e-77
  1283   2.459663178831857e-77
  1284   2.004779507826096e-77
  1285   1.627544093356265e-77
  1286   1.315447955836259e-77
  1287   1.063131882048430e-77
  1288   8.518326368968311e-78
  1289   6.822673718468442e-78
  1290   5.469696305285500e-78
[TRUERES]   1290  5.469696305285500e-78  2.887351570365307e-62
  1291   4.368254754939226e-78
  1292   3.503917328476345e-78
  1293   2.827256295585844e-78
  1294   2.275220886676549e-78
  1295   1.839766065351088e-78
  1296   1.482001278473962e-78
  1297   1.190836637996741e-78
  1298   9.601038893848962e-79
  1299   7.726717846807385e-79
  1300   6.188346520371430e-79
[TRUERES]   1300  6.188346520371430e-79  2.887351570958569e-62
  1301   4.959762195552492e-79
  1302   3.949842899296060e-79
  1303   3.144800169434197e-79
  1304   2.512989776380323e-79
  1305   2.006739032971826e-79
  1306   1.611237373690272e-79
  1307   1.297543921286553e-79
  1308   1.044708042467376e-79
  1309   8.454325527303958e-80
  1310   6.829504416559437e-80
[TRUERES]   1310  6.829504416559437e-80  2.887351570958695e-62
  1311   5.478915786097448e-80
  1312   4.398305472043548e-80
  1313   3.516507421311292e-80
  1314   2.808824312828492e-80
  1315   2.253865634740371e-80
  1316   1.803047747341153e-80
  1317   1.445074418720677e-80
  1318   1.161906121250469e-80
  1319   9.296087705338490e-81
  1320   7.448034034167357e-81
[TRUERES]   1320  7.448034034167357e-81  2.887351570958703e-62
  1321   5.960268755191507e-81
  1322   4.738766663049274e-81
  1323   3.761814208665313e-81
  1324   2.970821917656668e-81
  1325   2.335391470554261e-81
  1326   1.843207611306408e-81
  1327   1.451637613283114e-81
  1328   1.144679776035756e-81
  1329   9.077965010978046e-82
  1330   7.187911895476028e-82
[TRUERES]   1330  7.187911895476028e-82  2.887351570958705e-62
  1331   5.725634342081318e-82
  1332   4.592912496084567e-82
  1333   3.679158471697466e-82
  1334   2.953288907369157e-82
  1335   2.369159116726348e-82
  1336   1.889983912649349e-82
  1337   1.510836786459621e-82
  1338   1.204517820548645e-82
  1339   9.552843581802629e-83
  1340   7.592165006120108e-83
[TRUERES]   1340  7.592165006120108e-83  2.887351570958704e-62
  1341   6.020749339967870e-83
  1342   4.791216472180556e-83
  1343   3.833141009135064e-83
  1344   3.064502532572291e-83
  1345   2.464765875919674e-83
  1346   1.998007557258250e-83
  1347   1.620484507664958e-83
  1348   1.320564129967095e-83
  1349   1.076465995879954e-83
  1350   8.745501454315126e-84
[TRUERES]   1350  8.745501454315126e-84  2.887351570958704e-62
  1351   7.122162172977850e-84
  1352   5.777005775933552e-84
  1353   4.672055315967675e-84
  1354   3.793966404273134e-84
  1355   3.062522510813852e-84
  1356   2.454699488403925e-84
  1357   1.958538897259237e-84
  1358   1.543951596996504e-84
  1359   1.213285810001714e-84
  1360   9.519865603666982e-85
[TRUERES]   1360  9.519865603666982e-85  2.887351570958704e-62
  1361   7.428685240633573e-85
  1362   5.813564345193944e-85
  1363   4.551709288789228e-85
  1364   3.551044273196944e-85
  1365   2.781682178380459e-85
  1366   2.172820391848449e-85
  1367   1.692674331762737e-85
  1368   1.325002210570831e-85
  1369   1.037256287941020e-85
  1370   8.162382659306780e-86
[TRUERES]   1370  8.162382659306780e-86  2.887351570958704e-62
  1371   6.474983506853060e-86
  1372   5.142064113615573e-86
  1373   4.099037384823405e-86
  1374   3.289355101039591e-86
  1375   2.632842954096418e-86
  1376   2.115114374037556e-86
  1377   1.695772040544713e-86
  1378   1.357527042935855e-86
  1379   1.093031059580198e-86
  1380   8.832543695148943e-87
[TRUERES]   1380  8.832543695148943e-87  2.887351570958704e-62
  1381   7.152375495301240e-87
  1382   5.837509183715477e-87
  1383   4.755597290305620e-87
  1384   3.881280284990143e-87
  1385   3.171217725881659e-87
  1386   2.576298958476327e-87
  1387   2.087503879117468e-87
  1388   1.687713289835550e-87
  1389   1.357219437556924e-87
  1390   1.094583296092673e-87
[TRUERES]   1390  1.094583296092673e-87  2.887351570958704e-62
  1391   8.805034368969888e-88
  1392   7.063435287341442e-88
  1393   5.664315026959582e-88
  1394   4.513976266355514e-88
  1395   3.583034534115557e-88
  1396   2.853148003696053e-88
  1397   2.268689325784848e-88
  1398   1.807650550569398e-88
  1399   1.448515112409412e-88
  1400   1.155149166594035e-88
[TRUERES]   1400  1.155149166594035e-88  2.887351570958704e-62
  1401   9.200101988335995e-89
  1402   7.312424830053535e-89
  1403   5.782415656891530e-89
  1404   4.582622559808431e-89
  1405   3.636353921969827e-89
  1406   2.882107644106075e-89
  1407   2.298992961979700e-89
  1408   1.836016785922058e-89
  1409   1.469369334878882e-89
  1410   1.180057885726669e-89
[TRUERES]   1410  1.180057885726669e-89  2.887351570958704e-62
  1411   9.431172027072305e-90
  1412   7.520203599985873e-90
  1413   5.993468462786987e-90
  1414   4.749795710500655e-90
  1415   3.773801670602900e-90
  1416   3.001041793963316e-90
  1417   2.376238342582421e-90
  1418   1.880523971483701e-90
  1419   1.485761413176995e-90
  1420   1.169610022544240e-90
[TRUERES]   1420  1.169610022544240e-90  2.887351570958704e-62
  1421   9.259995500016407e-91
converged:
  nconv = 1421
    0    0     1422     1.1151e-63     3.8257e-32
ASolver_CGNR<Afield<double,ACCEL> >: solver starts
  mode_prev = D
  snorm =  2.560583560137726e+01
  init:  9.766538062405786e-01
     0   4.807677181556617e-02
[TRUERES]      0  4.807677181556617e-02  4.807677181556617e-02
     1   1.231619261865631e-02
     2   1.054663075427132e-02
     3   3.932610382028227e-03
     4   1.870335258548384e-03
     5   1.617594804558939e-03
