Bridge++ 2.0.0

input filename : main.yaml

file = main.yaml

Lattice parameters:
  Lx = 16,  Ly = 16,  Lz = 16,  Lt = 16,
  Nx = 16,  Ny = 16,  Nz = 16,  Nt = 16,
  NPEx = 1,  NPEy  = 1,  NPEz  = 1,  NPEt  = 1,
  Lvol = 65536,  Nvol = 65536,  NPE = 1,
  Ndim = 4
  Nc   = 3
  Nd   = 4

ThreadManager: initialization
Warning at ThreadManager: Nthread(env) != Nthread(input)
  Number of threads(env)   = 2
  Number of threads(input) = 1
  reset Nthread = Nthread(input).
  Number of threads = 1
Main: input parameters
  lattice_size     = [16, 16, 16, 16]
  grid_size        = [1, 1, 1, 1]
  number of thread = 1
  number of color  = 3
  logfile          = stdout
  ildg_logfile     = stdout
  vlevel           = General

Alt_Accel code is being setup.
DeviceManager_CUDA: being initialized.
  process_id = 0
  number of devices = 1
  device_id = 0  is used on process = 0
------------------------------------------------
Alt_Accel: Factory entries
------------------------------------------------
AFopr<double, ACCEL> >(void):
AFopr<double, ACCEL>(Parameters&):
	Clover
	CloverTerm
	Clover_dd
	Domainwall
	Domainwall_5din
	Domainwall_5din_dd
	Domainwall_5din_eo
	Domainwall_eo
	Wilson
	Wilson_dd
AFopr<double, ACCEL>(Fopr*):
	Domainwall
AFopr<double, ACCEL>(Fopr*, Director*):
AFopr<float, ACCEL> >(void):
AFopr<float, ACCEL>(Parameters&):
	Clover
	CloverTerm
	Clover_dd
	Domainwall
	Domainwall_5din
	Domainwall_5din_dd
	Domainwall_5din_eo
	Domainwall_eo
	Wilson
	Wilson_dd
AFopr<float, ACCEL>(Fopr*):
	Domainwall
AFopr<float, ACCEL>(Fopr*, Director*):
AEigensolver<AField<float, ACCEL> >, Afopr>(Fopr*):
	IRArnoldi
	IRLanczos
------------------------------------------------
Timer: timestamp: 2026/06/06 10:47:15 +0900
file = test_alt_Spectrum_Domainwall_5din_Hadron2ptFunction.yaml

--------------------------------------------------------------------
test name: Spectrum_Domainwall_alt.hadron_2ptFunction
test file: test_alt_Spectrum_Domainwall_5din_Hadron2ptFunction.yaml
test mode: double_eo
file = test_alt_Spectrum_Domainwall_5din_Hadron2ptFunction.yaml
  vlevel       = General
  source_type  = Local
Smearing parameters (assumes APE-Stout):
   proj_type:  Stout_SU3
   smear_type: APE
   rho_uniform: 0.100000
   number_of_smearing: 0
  vlevel       = General

Configuration setup:
  gconf_status = Continue
  gconf_read   = Text
  readfile     = ./conf_real16.txt
  plaq = 0.596178

Gauge fixing:
  Gauge fixing type = None
Parameters: get_string: key 'filename_output' not found.
Elapsed time: calc_plqauette: total         0.11 sec, count    1, average         0.11 sec
plaquette (before smearing):       0.596178494528857
applying smearing
Smear_APE:
  rho =   0.1000
Director_Smear:
  Nsmear = 0
Parameters: get_string: key 'filename_output' not found.
Elapsed time: calc_plqauette: total         0.11 sec, count    1, average         0.11 sec
Elapsed time: smearig: total         0.12 sec, count    1, average         0.12 sec
plaquette (after smearing):        0.596178494528857
  gmset_type   = Dirac
Gamma matrix: dirac representation.
Fopr_Domainwall: construction
  Imp::Fopr_Wilson: construction
    Gauge group implementation: SU(3)
    Imp::Fopr_Wilson: input parameters
      gamma-matrix type = Dirac
      kappa  =   0.20833333
      boundary[0] =  1
      boundary[1] =  1
      boundary[2] =  1
      boundary[3] = -1
  Imp::Fopr_Wilson: construction finished.
  Fopr_Domainwall: input parameters
    mq   =   0.1000
    M0   =   1.6000
    Ns   =    8
    boundary[0] =  1
    boundary[1] =  1
    boundary[2] =  1
    boundary[3] = -1
    coefficients:
    b[ 0] =     1.5000000000  c[ 0] =     0.5000000000
    b[ 1] =     1.5000000000  c[ 1] =     0.5000000000
    b[ 2] =     1.5000000000  c[ 2] =     0.5000000000
    b[ 3] =     1.5000000000  c[ 3] =     0.5000000000
    b[ 4] =     1.5000000000  c[ 4] =     0.5000000000
    b[ 5] =     1.5000000000  c[ 5] =     0.5000000000
    b[ 6] =     1.5000000000  c[ 6] =     0.5000000000
    b[ 7] =     1.5000000000  c[ 7] =     0.5000000000
Fopr_Domainwall: construction finished.
Fopr_Domainwall: input parameters
  mq   =   0.1000
  M0   =   1.6000
  Ns   =    8
  boundary[0] =  1
  boundary[1] =  1
  boundary[2] =  1
  boundary[3] = -1
  coefficients:
  b[ 0] =     1.5000000000  c[ 0] =     0.5000000000
  b[ 1] =     1.5000000000  c[ 1] =     0.5000000000
  b[ 2] =     1.5000000000  c[ 2] =     0.5000000000
  b[ 3] =     1.5000000000  c[ 3] =     0.5000000000
  b[ 4] =     1.5000000000  c[ 4] =     0.5000000000
  b[ 5] =     1.5000000000  c[ 5] =     0.5000000000
  b[ 6] =     1.5000000000  c[ 6] =     0.5000000000
  b[ 7] =     1.5000000000  c[ 7] =     0.5000000000
Imp::Fopr_Wilson: construction
  Gauge group implementation: SU(3)
  Imp::Fopr_Wilson: input parameters
    gamma-matrix type = Dirac
    kappa  =   0.20833333
    boundary[0] =  1
    boundary[1] =  1
    boundary[2] =  1
    boundary[3] = -1
Imp::Fopr_Wilson: construction finished.
Source for spinor field - local:
  source_position[0] = 0
  source_position[1] = 0
  source_position[2] = 0
  source_position[3] = 0

Check of fermion operator (even-odd)
norm of source vector: 1.000000
AFopr_Domainwall_5din_eo<AField<double,ACCEL> >: construction
  do_comm[0] = 0
  do_comm[1] = 0
  do_comm[2] = 0
  do_comm[3] = 0
    extended_precision = true
    su3_reconstruction = false
  AFopr_Domainwall_5din_eo<AField<double,ACCEL> >: input parameters
    gamma matrix repr.:  Dirac
    code implementation: 5d
    mq   =   0.1000
    M0   =   1.6000
    Ns   =    8
    boundary[0] =  1
    boundary[1] =  1
    boundary[2] =  1
    boundary[3] = -1
    coefficients:
      b[ 0] =     1.5000000000  c[ 0] =     0.5000000000
      b[ 1] =     1.5000000000  c[ 1] =     0.5000000000
      b[ 2] =     1.5000000000  c[ 2] =     0.5000000000
      b[ 3] =     1.5000000000  c[ 3] =     0.5000000000
      b[ 4] =     1.5000000000  c[ 4] =     0.5000000000
      b[ 5] =     1.5000000000  c[ 5] =     0.5000000000
      b[ 6] =     1.5000000000  c[ 6] =     0.5000000000
      b[ 7] =     1.5000000000  c[ 7] =     0.5000000000
    alpha =   1.0000
convert required.
convert performed.

[D check]
norm2(abq) = 1.000000
norm2(y5)  = 113.098687
norm2(z5)  = 113.098687
norm2(axq) = 113.098687
diff2 = 0.000000

[Ddag check]
norm2(abq) = 1.000000
norm2(y5)  = 118.581712
norm2(z5)  = 118.581712
norm2(axq) = 118.581712
diff2 = 0.000000
Elapsed time: afopr_Domainwall_5din_eo: Deo & dagger   : total         0.01 sec, count    4, average         0.00 sec
Elapsed time: afopr_Domainwall_5din_eo: Dee_inv & dag  : total         0.01 sec, count   20, average         0.00 sec
Elapsed time: afopr_Domainwall_5din_eo: clear          : total         0.00 sec, count    0, average         0.00 sec
Elapsed time: afopr_Domainwall_5din_eo: pack           : total         0.00 sec, count    0, average         0.00 sec
Elapsed time: afopr_Domainwall_5din_eo: bulk           : total         0.01 sec, count    4, average         0.00 sec
Elapsed time: afopr_Domainwall_5din_eo: boundary       : total         0.00 sec, count    0, average         0.00 sec
Elapsed time: afopr_Domainwall_5din_eo: comm           : total         0.00 sec, count    0, average         0.00 sec
Elapsed time: afopr_Domainwall_5din_eo: comm_recv_wait : total         0.00 sec, count    0, average         0.00 sec
Elapsed time: afopr_Domainwall_5din_eo: comm_send_wait : total         0.00 sec, count    0, average         0.00 sec
Elapsed time: afopr_Domainwall_5din_eo: comm_recv_start: total         0.00 sec, count    0, average         0.00 sec
Elapsed time: afopr_Domainwall_5din_eo: comm_send_start: total         0.00 sec, count    0, average         0.00 sec
Elapsed time: afopr_Domainwall_5din_eo: comm_test_all  : total         0.00 sec, count    0, average         0.00 sec

Fprop_alt_Standard_eo<Afield<double,ACCEL> >: being setup (without link smearing).
  AFopr_Domainwall_5din_eo<AField<double,ACCEL> >: construction
    do_comm[0] = 0
    do_comm[1] = 0
    do_comm[2] = 0
    do_comm[3] = 0
      extended_precision = true
      su3_reconstruction = false
    AFopr_Domainwall_5din_eo<AField<double,ACCEL> >: input parameters
      gamma matrix repr.:  Dirac
      code implementation: 5d
      mq   =   0.1000
      M0   =   1.6000
      Ns   =    8
      boundary[0] =  1
      boundary[1] =  1
      boundary[2] =  1
      boundary[3] = -1
      coefficients:
        b[ 0] =     1.5000000000  c[ 0] =     0.5000000000
        b[ 1] =     1.5000000000  c[ 1] =     0.5000000000
        b[ 2] =     1.5000000000  c[ 2] =     0.5000000000
        b[ 3] =     1.5000000000  c[ 3] =     0.5000000000
        b[ 4] =     1.5000000000  c[ 4] =     0.5000000000
        b[ 5] =     1.5000000000  c[ 5] =     0.5000000000
        b[ 6] =     1.5000000000  c[ 6] =     0.5000000000
        b[ 7] =     1.5000000000  c[ 7] =     0.5000000000
      alpha =   1.0000
  ASolver_CGNR<Afield<double,ACCEL> >:
  ASolver_CG<Afield<double,ACCEL> >:
    Precision: double
    Niter     = 2400
    Stop_cond =   1.00000000e-90
    init_guess_mode: 0
    true_residual_interval = 10 (logging [TRUERES])
    refinement_iterations = 0
Fprop_alt_Standard_eo<Afield<double,ACCEL> >: setup finished.

Fprop_alt_Standard_eo<Afield<double,ACCEL> >: mult performance:
  mult mode = Dee_inv
  Number of mult =                400
  Elapsed time   =       1.492524 sec
  Flop(Fopr)     =           62914560
  Flop(total)    =        25165824000
  Performance    =      16.861 GFlops

Fprop_alt_Standard_eo<Afield<double,ACCEL> >: mult performance:
  mult mode = Doe
  Number of mult =                400
  Elapsed time   =      10.902291 sec
  Flop(Fopr)     =          390070272
  Flop(total)    =       156028108800
  Performance    =      14.311 GFlops

Fprop_alt_Standard_eo<Afield<double,ACCEL> >: mult performance:
  mult mode = D
  Number of mult =                400
  Elapsed time   =      25.183316 sec
  Flop(Fopr)     =          912261120
  Flop(total)    =       364904448000
  Performance    =      14.490 GFlops

Fprop_alt_Standard_eo<Afield<double,ACCEL> >: mult performance:
  mult mode = Ddag
  Number of mult =                400
  Elapsed time   =      24.996033 sec
  Flop(Fopr)     =          912261120
  Flop(total)    =       364904448000
  Performance    =      14.598 GFlops

Fprop_alt_Standard_eo<Afield<double,ACCEL> >: mult performance:
  mult mode = DdagD
  Number of mult =                400
  Elapsed time   =      50.167015 sec
  Flop(Fopr)     =         1824522240
  Flop(total)    =       729808896000
  Performance    =      14.548 GFlops

Solving quark propagator:
  color spin   Nconv      diff           diff2
ASolver_CGNR<Afield<double,ACCEL> >: solver starts
  mode_prev = D
  b2 size is reset.
  snorm =  2.585248592461555e+01
  init:  1.003210806545592e+00
     0   5.135495720015121e-02
[TRUERES]      0  5.135495720015121e-02  5.135495720015121e-02
     1   1.433849621104631e-02
     2   1.233502693251493e-02
     3   4.415068646956572e-03
     4   2.138287102158892e-03
     5   1.783879430569841e-03
     6   8.383893744609893e-04
     7   5.263720927110455e-04
     8   4.230732832215487e-04
     9   2.224407541859560e-04
    10   1.688626483165353e-04
[TRUERES]     10  1.688626483165353e-04  1.688626483165353e-04
    11   1.338550137195026e-04
    12   8.211540232787217e-05
    13   7.126944812415997e-05
    14   5.642972604849666e-05
    15   3.848362437975587e-05
    16   3.548545437604235e-05
    17   2.724089996137526e-05
    18   2.043764558103152e-05
    19   1.908268175365384e-05
    20   1.404651954653839e-05
[TRUERES]     20  1.404651954653839e-05  1.404651954653839e-05
    21   1.121812453093946e-05
    22   1.007018478134594e-05
    23   7.335865823009237e-06
    24   6.287941226504385e-06
    25   5.521920994926199e-06
    26   4.187880804119024e-06
    27   3.771096999851344e-06
    28   3.228090883233794e-06
    29   2.589215253306196e-06
    30   2.449101698635392e-06
[TRUERES]     30  2.449101698635392e-06  2.449101698635392e-06
    31   2.091137854179738e-06
    32   1.794990115979116e-06
    33   1.745004653702392e-06
    34   1.498229741860194e-06
    35   1.358185732634783e-06
    36   1.328416843241013e-06
    37   1.142283394042352e-06
    38   1.082547956850813e-06
    39   1.022099315653780e-06
    40   8.756959056359697e-07
[TRUERES]     40  8.756959056359697e-07  8.756959056359697e-07
    41   8.367823771553133e-07
    42   7.486153268606733e-07
    43   6.312901952486899e-07
    44   5.869965305102283e-07
    45   4.928268064933881e-07
    46   4.116225817840408e-07
    47   3.681196064833625e-07
    48   2.949466325038980e-07
    49   2.487231909035714e-07
    50   2.159166587024879e-07
[TRUERES]     50  2.159166587024879e-07  2.159166587024879e-07
    51   1.707311684392497e-07
    52   1.469331962210145e-07
    53   1.254685415283930e-07
    54   1.005274866787263e-07
    55   8.844566382022057e-08
    56   7.460468823135676e-08
    57   6.114501169756466e-08
    58   5.461454065572460e-08
    59   4.558282917596577e-08
    60   3.868284164367038e-08
[TRUERES]     60  3.868284164367038e-08  3.868284164367038e-08
    61   3.495104459669398e-08
    62   2.922920460744795e-08
    63   2.568942576208947e-08
    64   2.314535390400974e-08
    65   1.947645442307675e-08
    66   1.758613725898447e-08
    67   1.569757078268877e-08
    68   1.342547220851512e-08
    69   1.234360164752030e-08
    70   1.084314752180552e-08
[TRUERES]     70  1.084314752180552e-08  1.084314752180552e-08
    71   9.411471059321827e-09
    72   8.678361759580117e-09
    73   7.511279156156939e-09
    74   6.581931091173569e-09
    75   5.970928594064730e-09
    76   5.087147807039749e-09
    77   4.518367814917759e-09
    78   4.062907227476640e-09
    79   3.441011041171625e-09
    80   3.079437733595825e-09
[TRUERES]     80  3.079437733595825e-09  3.079437733595825e-09
    81   2.690958429221511e-09
    82   2.264030970039311e-09
    83   2.012271861859099e-09
    84   1.696054447405436e-09
    85   1.410999564904044e-09
    86   1.228815008716233e-09
    87   1.008790088015365e-09
    88   8.445654819528999e-10
    89   7.269893215473104e-10
    90   5.914545555070538e-10
[TRUERES]     90  5.914545555070538e-10  5.914545555070538e-10
    91   4.999212888965176e-10
    92   4.239238888856120e-10
    93   3.435167252855980e-10
    94   2.927806306305666e-10
    95   2.453526773182129e-10
    96   2.002675346678073e-10
    97   1.728823760285991e-10
    98   1.442477806693827e-10
    99   1.208765503465935e-10
   100   1.065172802438656e-10
[TRUERES]    100  1.065172802438656e-10  1.065172802438656e-10
   101   9.010087401660367e-11
   102   7.836033041973464e-11
   103   7.007929772296994e-11
   104   6.020288553827043e-11
   105   5.420761743391276e-11
   106   4.913797950096642e-11
   107   4.319744074625146e-11
   108   3.978326881494192e-11
   109   3.580536855758928e-11
   110   3.170171215668275e-11
[TRUERES]    110  3.170171215668275e-11  3.170171215668275e-11
   111   2.932411003823095e-11
   112   2.601535305304992e-11
   113   2.315602199060003e-11
   114   2.121895115614284e-11
   115   1.856682487889081e-11
   116   1.657778828174336e-11
   117   1.495942528076906e-11
   118   1.292687985605318e-11
   119   1.155939029295140e-11
   120   1.018144810943733e-11
[TRUERES]    120  1.018144810943733e-11  1.018144810943733e-11
   121   8.653126903041667e-12
   122   7.601998363718790e-12
   123   6.461971468374773e-12
   124   5.382919832074650e-12
   125   4.609321702050712e-12
   126   3.773466678343108e-12
   127   3.106209992627102e-12
   128   2.612046866556084e-12
   129   2.110535456343576e-12
   130   1.755556061474643e-12
[TRUERES]    130  1.755556061474643e-12  1.755556061474643e-12
   131   1.475562045625498e-12
   132   1.210342566264269e-12
   133   1.036795234718159e-12
   134   8.851655104730023e-13
   135   7.428055732937579e-13
   136   6.497124404222238e-13
   137   5.544842985619297e-13
   138   4.727356962460526e-13
   139   4.170619244592991e-13
   140   3.562771524067759e-13
[TRUERES]    140  3.562771524067759e-13  3.562771524067759e-13
   141   3.083324994881790e-13
   142   2.733245367793662e-13
   143   2.352373785582907e-13
   144   2.089868543825044e-13
   145   1.875771653058913e-13
   146   1.645759920691168e-13
   147   1.503404137957286e-13
   148   1.356828075548411e-13
   149   1.206309441453595e-13
   150   1.111943353793842e-13
[TRUERES]    150  1.111943353793842e-13  1.111943353793842e-13
   151   1.002024897068538e-13
   152   9.042338748089267e-14
   153   8.372080776211570e-14
   154   7.500554998242401e-14
   155   6.773499317985332e-14
   156   6.165069103234699e-14
   157   5.400261249870907e-14
   158   4.807403014887643e-14
   159   4.249490821511230e-14
   160   3.657222715226038e-14
[TRUERES]    160  3.657222715226038e-14  3.657222715226038e-14
   161   3.227739427597852e-14
   162   2.793168027596120e-14
   163   2.374168112952671e-14
   164   2.073151540267532e-14
   165   1.762154648262038e-14
   166   1.502569866831527e-14
   167   1.302284222166443e-14
   168   1.093086861937682e-14
   169   9.299539785898653e-15
   170   7.955501222731807e-15
[TRUERES]    170  7.955501222731807e-15  7.955501222731807e-15
   171   6.619649210833689e-15
   172   5.656076075635006e-15
   173   4.824144232974904e-15
   174   4.059319005401061e-15
   175   3.543963067494908e-15
   176   3.060436510145511e-15
   177   2.648131304242014e-15
   178   2.367338253142624e-15
   179   2.079280146738525e-15
   180   1.856477353341923e-15
[TRUERES]    180  1.856477353341923e-15  1.856477353341923e-15
   181   1.696647176229837e-15
   182   1.516353668085372e-15
   183   1.387945589790456e-15
   184   1.286137284654329e-15
   185   1.163515308785944e-15
   186   1.075537302725851e-15
   187   9.790237080225168e-16
   188   8.717295255296079e-16
   189   7.920883131194827e-16
   190   7.018685708566176e-16
[TRUERES]    190  7.018685708566176e-16  7.018685708566176e-16
   191   6.165123945065066e-16
   192   5.494990890131385e-16
   193   4.745126599738311e-16
   194   4.124895113037694e-16
   195   3.610782431028974e-16
   196   3.070213742948768e-16
   197   2.655348434914201e-16
   198   2.278363766151709e-16
   199   1.902072733218089e-16
   200   1.614535023790560e-16
[TRUERES]    200  1.614535023790560e-16  1.614535023790560e-16
   201   1.343599368202229e-16
   202   1.098235349377314e-16
   203   9.143251900512695e-17
   204   7.428175145444175e-17
   205   6.033786481673509e-17
   206   4.985872898215153e-17
   207   4.022936726161177e-17
   208   3.291064745769456e-17
   209   2.722693073648432e-17
   210   2.207530550634615e-17
[TRUERES]    210  2.207530550634615e-17  2.207530550634615e-17
   211   1.834905479293072e-17
   212   1.527445453647456e-17
   213   1.253944246506358e-17
   214   1.057035601674440e-17
   215   8.819494857859142e-18
   216   7.346572545682052e-18
   217   6.278024744304467e-18
   218   5.281109602332850e-18
   219   4.479292906276492e-18
   220   3.880913396274272e-18
[TRUERES]    220  3.880913396274272e-18  3.880913396274272e-18
   221   3.318548311799406e-18
   222   2.909936393173644e-18
   223   2.593115786741902e-18
   224   2.286984968449843e-18
   225   2.077368370516700e-18
   226   1.891059602847884e-18
   227   1.709236896851088e-18
   228   1.583062324298530e-18
   229   1.446577345485206e-18
   230   1.313293777961919e-18
[TRUERES]    230  1.313293777961919e-18  1.313293777961919e-18
   231   1.211244174029056e-18
   232   1.085845688414525e-18
   233   9.733514403427613e-19
   234   8.759452836011660e-19
   235   7.658849337416643e-19
   236   6.739685837203239e-19
   237   5.875380396746270e-19
   238   4.968442939147601e-19
   239   4.243074201542963e-19
   240   3.563867520560521e-19
[TRUERES]    240  3.563867520560521e-19  3.563867520560521e-19
   241   2.934662041012563e-19
   242   2.446740195311047e-19
   243   1.995840937138847e-19
   244   1.621090578827974e-19
   245   1.334915826239565e-19
   246   1.075769298382953e-19
   247   8.727424206349479e-20
   248   7.162430563163420e-20
   249   5.783427981569199e-20
   250   4.777078787751236e-20
[TRUERES]    250  4.777078787751236e-20  4.777078787751236e-20
   251   3.967980092672297e-20
   252   3.261919996911907e-20
   253   2.750644859632367e-20
   254   2.305020330751578e-20
   255   1.919985328729312e-20
   256   1.631162047547793e-20
   257   1.365540834168388e-20
   258   1.150092166373857e-20
   259   9.913652801913561e-21
   260   8.462602736186354e-21
[TRUERES]    260  8.462602736186354e-21  8.462602736186354e-21
   261   7.368954283995089e-21
   262   6.519364802598346e-21
   263   5.710039319698731e-21
   264   5.109889425808688e-21
   265   4.585178235802854e-21
   266   4.058007146623414e-21
   267   3.665584205947532e-21
   268   3.278649438003856e-21
   269   2.921107294949858e-21
   270   2.648056969161133e-21
[TRUERES]    270  2.648056969161133e-21  2.648056969161133e-21
   271   2.356151661007236e-21
   272   2.100267968247527e-21
   273   1.885099607180824e-21
   274   1.649430663098458e-21
   275   1.448466537304956e-21
   276   1.267307560337284e-21
   277   1.081195928212700e-21
   278   9.287037598033727e-22
   279   7.853913668599723e-22
   280   6.520663476182803e-22
[TRUERES]    280  6.520663476182803e-22  6.520663476182803e-22
   281   5.469881550235337e-22
   282   4.515330277283001e-22
   283   3.714553876234507e-22
   284   3.091075931132768e-22
   285   2.518020441906118e-22
   286   2.065474217196277e-22
   287   1.711310479738401e-22
   288   1.400109524560485e-22
   289   1.163637171412686e-22
   290   9.682803009225345e-23
[TRUERES]    290  9.682803009225345e-23  9.682803009225345e-23
   291   7.933263197288652e-23
   292   6.609663189887775e-23
   293   5.465039663697128e-23
   294   4.488804157096079e-23
   295   3.770354432000300e-23
   296   3.144298810779855e-23
   297   2.639495617606809e-23
   298   2.254830121808124e-23
   299   1.900978224195808e-23
   300   1.618894748566207e-23
[TRUERES]    300  1.618894748566207e-23  1.618894748566207e-23
   301   1.395139587546692e-23
   302   1.188643578421985e-23
   303   1.035220478389642e-23
   304   9.075063739489058e-24
   305   7.894208882023520e-24
   306   6.994884798571774e-24
   307   6.165331763156424e-24
   308   5.422834041416125e-24
   309   4.867810044895827e-24
   310   4.311910714186286e-24
[TRUERES]    310  4.311910714186286e-24  4.311910714186286e-24
   311   3.834299188370880e-24
   312   3.448615330292750e-24
   313   3.046719507554419e-24
   314   2.697288421948238e-24
   315   2.377597162376217e-24
   316   2.043565646376705e-24
   317   1.771831671148198e-24
   318   1.518193689965606e-24
   319   1.277585538926995e-24
   320   1.083366107381001e-24
[TRUERES]    320  1.083366107381001e-24  1.083366107381001e-24
   321   9.027831220745314e-25
   322   7.433545923191134e-25
   323   6.174892640505805e-25
   324   5.012706334126891e-25
   325   4.066776330863411e-25
   326   3.326121869828362e-25
   327   2.682168291999213e-25
   328   2.184248421204875e-25
   329   1.786849645850788e-25
   330   1.438759219104783e-25
[TRUERES]    330  1.438759219104783e-25  1.438759219104783e-25
   331   1.175976205473092e-25
   332   9.606147506414143e-26
   333   7.816673200668268e-26
   334   6.482399737213324e-26
   335   5.339787017493215e-26
   336   4.403589020548254e-26
   337   3.692423064538450e-26
   338   3.063518004314417e-26
   339   2.560850362699848e-26
   340   2.162730396948968e-26
[TRUERES]    340  2.162730396948968e-26  2.162730396948968e-26
   341   1.808687155202971e-26
   342   1.532897769500504e-26
   343   1.302296926529738e-26
   344   1.093642080898197e-26
   345   9.318116048293437e-27
   346   7.906902930920493e-27
   347   6.711078599523600e-27
   348   5.828309054992551e-27
   349   5.047373098748636e-27
   350   4.405171920328475e-27
[TRUERES]    350  4.405171920328475e-27  4.405171920328475e-27
   351   3.926159345684157e-27
   352   3.467162698961069e-27
   353   3.101283626296380e-27
   354   2.801256729951117e-27
   355   2.504058723301306e-27
   356   2.266390396493122e-27
   357   2.041863318400621e-27
   358   1.814042008329461e-27
   359   1.623627411307456e-27
   360   1.436205126981529e-27
[TRUERES]    360  1.436205126981529e-27  1.436205126981529e-27
   361   1.257757434471263e-27
   362   1.108979179401660e-27
   363   9.592309657931703e-28
   364   8.296614708789065e-28
   365   7.203349284392598e-28
   366   6.144435472768055e-28
   367   5.262752963868705e-28
   368   4.503090920668598e-28
   369   3.790411996443395e-28
   370   3.217124814998492e-28
[TRUERES]    370  3.217124814998492e-28  3.217124814998492e-28
   371   2.709620312630161e-28
   372   2.251574968402949e-28
   373   1.897470647419836e-28
   374   1.583179794138217e-28
   375   1.315457271948294e-28
   376   1.101143733459392e-28
   377   9.054217620761503e-29
   378   7.472434375204277e-29
   379   6.229054571588635e-29
   380   5.137225117752433e-29
[TRUERES]    380  5.137225117752433e-29  5.137225117752433e-29
   381   4.299142824867958e-29
   382   3.634888880299253e-29
   383   3.063744481656540e-29
   384   2.643236814646779e-29
   385   2.300379492514850e-29
   386   2.012135769099744e-29
   387   1.801397577056043e-29
   388   1.607519319791903e-29
   389   1.439784925791069e-29
   390   1.306266430207802e-29
[TRUERES]    390  1.306266430207802e-29  1.306266430207802e-29
   391   1.174756177780806e-29
   392   1.064013151415964e-29
   393   9.724566334792769e-30
   394   8.771082442705314e-30
   395   8.003884850034136e-30
   396   7.290575927132288e-30
   397   6.551483970122553e-30
   398   5.943335459427804e-30
   399   5.339637670402615e-30
   400   4.749486323183517e-30
[TRUERES]    400  4.749486323183517e-30  4.749486323183517e-30
   401   4.245644392301316e-30
   402   3.722557172356318e-30
   403   3.236445016959054e-30
   404   2.813264244220593e-30
   405   2.396584042775598e-30
   406   2.049717952122835e-30
   407   1.745263702982135e-30
   408   1.457634171937204e-30
   409   1.221514291969162e-30
   410   1.010944495010799e-30
[TRUERES]    410  1.010944495010799e-30  1.010944495010799e-30
   411   8.217546976219962e-31
   412   6.719718132398821e-31
   413   5.445805592219288e-31
   414   4.411101846087497e-31
   415   3.628093567485000e-31
   416   2.962416196233815e-31
   417   2.434554475271030e-31
   418   2.023501323667968e-31
   419   1.666343691096761e-31
   420   1.386600944307708e-31
[TRUERES]    420  1.386600944307708e-31  1.386600944307708e-31
   421   1.160658513658464e-31
   422   9.647671796259240e-32
   423   8.138656980625576e-32
   424   6.887124901087278e-32
   425   5.839009213217350e-32
   426   5.052505605965625e-32
   427   4.373095879698507e-32
   428   3.812693757320576e-32
   429   3.384868486693270e-32
   430   2.999365303400129e-32
[TRUERES]    430  2.999365303400129e-32  2.999365303400129e-32
   431   2.694446084219844e-32
   432   2.448235468321764e-32
   433   2.210830486441016e-32
   434   2.018527593412195e-32
   435   1.843704911514562e-32
   436   1.662467654573300e-32
   437   1.504958114869901e-32
   438   1.343774513957825e-32
   439   1.184620204737532e-32
   440   1.045514859163312e-32
[TRUERES]    440  1.045514859163312e-32  1.045514859163312e-32
   441   9.061597438158346e-33
   442   7.821660225369711e-33
   443   6.771249584292108e-33
   444   5.761576307386284e-33
   445   4.910706072244959e-33
   446   4.185795386315764e-33
   447   3.519744335211328e-33
   448   2.981656435228989e-33
   449   2.515069476690441e-33
   450   2.099997156460553e-33
[TRUERES]    450  2.099997156460553e-33  2.099997156460553e-33
   451   1.771514367374713e-33
   452   1.475266325775083e-33
   453   1.215391421434986e-33
   454   1.006226715564015e-33
   455   8.229885425473577e-34
   456   6.741072523387662e-34
   457   5.551082162314139e-34
   458   4.512723249902458e-34
   459   3.690969767307940e-34
   460   3.031142202076363e-34
[TRUERES]    460  3.031142202076363e-34  3.031142202076363e-34
   461   2.462854865262637e-34
   462   2.027612958681500e-34
   463   1.671116733369919e-34
   464   1.377586292852900e-34
   465   1.155278855788738e-34
   466   9.659346504482189e-35
   467   8.102016057395507e-35
   468   6.894709686522749e-35
   469   5.840925067757751e-35
   470   5.001197566932954e-35
[TRUERES]    470  5.001197566932954e-35  5.001197566932954e-35
   471   4.338005477798487e-35
   472   3.753833730321431e-35
   473   3.303945481538211e-35
   474   2.945867661807485e-35
   475   2.625492091282788e-35
   476   2.382400400132396e-35
   477   2.164334976354889e-35
   478   1.958134388086520e-35
   479   1.787042488457820e-35
   480   1.612775226752363e-35
[TRUERES]    480  1.612775226752363e-35  1.612775226752363e-35
   481   1.446775273846413e-35
   482   1.302892623071041e-35
   483   1.154946180590176e-35
   484   1.025464990342590e-35
   485   9.098867011215043e-36
   486   7.938574618704466e-36
   487   6.913076938087335e-36
   488   5.960346900494162e-36
   489   5.047546001636005e-36
   490   4.290613373323270e-36
[TRUERES]    490  4.290613373323270e-36  4.290613373323270e-36
   491   3.604035278158070e-36
   492   2.995430320674053e-36
   493   2.486916546254748e-36
   494   2.023796106579021e-36
   495   1.638040630292316e-36
   496   1.327274329020030e-36
   497   1.063152005975549e-36
   498   8.553850655176778e-37
   499   6.921692838115587e-37
   500   5.560142748804160e-37
[TRUERES]    500  5.560142748804160e-37  5.560142748804160e-37
   501   4.525589629835216e-37
   502   3.694659861976874e-37
   503   2.992997011363134e-37
   504   2.449799329437024e-37
   505   1.995549149996404e-37
   506   1.624608188611826e-37
   507   1.339837967650242e-37
   508   1.102489655367751e-37
   509   9.167204196997183e-38
   510   7.739770425510277e-38
[TRUERES]    510  7.739770425510277e-38  7.739770425510280e-38
   511   6.524388988754073e-38
   512   5.587905119694756e-38
   513   4.851961874403505e-38
   514   4.213112525673103e-38
   515   3.709527496780105e-38
   516   3.278493068878985e-38
   517   2.901924473924042e-38
   518   2.617813075312541e-38
   519   2.358639167230759e-38
   520   2.125740372804978e-38
[TRUERES]    520  2.125740372804978e-38  2.125740372804980e-38
   521   1.930344577664234e-38
   522   1.727866542519225e-38
   523   1.546365825004736e-38
   524   1.384660993250327e-38
   525   1.222315244661991e-38
   526   1.083431843311207e-38
   527   9.557619190278297e-39
   528   8.307037251446617e-39
   529   7.245809631408768e-39
   530   6.249508940605020e-39
[TRUERES]    530  6.249508940605020e-39  6.249508940605025e-39
   531   5.328059579485081e-39
   532   4.558286588969932e-39
   533   3.863580510484516e-39
   534   3.266257809210198e-39
   535   2.763947122235042e-39
   536   2.305848085422340e-39
   537   1.922988596469370e-39
   538   1.600614676165045e-39
   539   1.312806570123630e-39
   540   1.080009933862711e-39
[TRUERES]    540  1.080009933862711e-39  1.080009933862710e-39
   541   8.841290272101542e-40
   542   7.178451780795114e-40
   543   5.893177016345653e-40
   544   4.851181067131835e-40
   545   4.019886631781815e-40
   546   3.394705905137063e-40
   547   2.871785745331147e-40
   548   2.460831756122028e-40
   549   2.139030565744930e-40
   550   1.862956542577434e-40
[TRUERES]    550  1.862956542577434e-40  1.862956542577431e-40
   551   1.644593428569777e-40
   552   1.463317648124305e-40
   553   1.300859889436921e-40
   554   1.168709817268396e-40
   555   1.049256714034611e-40
   556   9.391173008258123e-41
   557   8.491332900473644e-41
   558   7.632318833337775e-41
   559   6.850571422242209e-41
   560   6.168826963527953e-41
[TRUERES]    560  6.168826963527953e-41  6.168826963528077e-41
   561   5.477370444751235e-41
   562   4.852496011359674e-41
   563   4.295746934399499e-41
   564   3.738293904773707e-41
   565   3.240505799018746e-41
   566   2.780085591372176e-41
   567   2.341898456868387e-41
   568   1.975357694581246e-41
   569   1.651828586255274e-41
   570   1.368555910627887e-41
[TRUERES]    570  1.368555910627887e-41  1.368555910627827e-41
   571   1.138348738791758e-41
   572   9.343205630506412e-42
   573   7.621107360368508e-42
   574   6.234012704063662e-42
   575   5.044883310653870e-42
   576   4.104706821835133e-42
   577   3.369198569202915e-42
   578   2.746928140390956e-42
   579   2.252266439024065e-42
   580   1.844273360369486e-42
[TRUERES]    580  1.844273360369486e-42  1.844273360369539e-42
   581   1.497556293398049e-42
   582   1.223231456189041e-42
   583   9.958690204233548e-43
   584   8.084784413442330e-43
   585   6.630211647499410e-43
   586   5.414679046349440e-43
   587   4.441330151434510e-43
   588   3.680113464691822e-43
   589   3.036412828250073e-43
   590   2.532383735448822e-43
[TRUERES]    590  2.532383735448822e-43  2.532383735448266e-43
   591   2.126984533213610e-43
   592   1.782538603279628e-43
   593   1.514104893688896e-43
   594   1.291507784773653e-43
   595   1.101391531900510e-43
   596   9.499574649816148e-44
   597   8.193895455407360e-44
   598   7.061777323195275e-44
   599   6.142640948629064e-44
   600   5.312703287207400e-44
[TRUERES]    600  5.312703287207400e-44  5.312703287207872e-44
   601   4.612462730357372e-44
   602   4.030181784814486e-44
   603   3.496162624992064e-44
   604   3.054494682476201e-44
   605   2.672098195206120e-44
   606   2.325441177402807e-44
   607   2.035595114213007e-44
   608   1.771604948410353e-44
   609   1.530577878774785e-44
   610   1.325802145071814e-44
[TRUERES]    610  1.325802145071814e-44  1.325802145070556e-44
   611   1.131460203594332e-44
   612   9.607158849824754e-45
   613   8.175373290600988e-45
   614   6.863735969682452e-45
   615   5.740837755854687e-45
   616   4.789196888257000e-45
   617   3.940066433258895e-45
   618   3.241742001414395e-45
   619   2.655923296758373e-45
   620   2.151852265130568e-45
[TRUERES]    620  2.151852265130568e-45  2.151852265133393e-45
   621   1.753717717693340e-45
   622   1.425335268508945e-45
   623   1.153277016258653e-45
   624   9.381783815894362e-46
   625   7.560814845214512e-46
   626   6.093091056178668e-46
   627   4.954175236003934e-46
   628   4.008506877376050e-46
   629   3.272403980391629e-46
   630   2.687207273064750e-46
[TRUERES]    630  2.687207273064750e-46  2.687207273053581e-46
   631   2.192274132225501e-46
   632   1.800082111555444e-46
   633   1.475038011170100e-46
   634   1.205883815437592e-46
   635   9.957626951913817e-47
   636   8.205287175546615e-47
   637   6.773798454963743e-47
   638   5.667193448957875e-47
   639   4.731889182670294e-47
   640   3.978427039128530e-47
[TRUERES]    640  3.978427039128530e-47  3.978427039117231e-47
   641   3.380653227771890e-47
   642   2.870328813433192e-47
   643   2.462925853865101e-47
   644   2.127415651296180e-47
   645   1.829052854976832e-47
   646   1.592840002613404e-47
   647   1.393037336649369e-47
   648   1.222170112513115e-47
   649   1.087173023805395e-47
   650   9.644619210916366e-48
[TRUERES]    650  9.644619210916366e-48  9.644619210822920e-48
   651   8.558673747669590e-48
   652   7.636307222420850e-48
   653   6.748540089042076e-48
   654   5.958880626882300e-48
   655   5.239981085581027e-48
   656   4.539020237989827e-48
   657   3.923398262309746e-48
   658   3.375033905056209e-48
   659   2.879586976773334e-48
   660   2.469672272271981e-48
[TRUERES]    660  2.469672272271981e-48  2.469672272139818e-48
   661   2.105278761641959e-48
   662   1.776465477622519e-48
   663   1.498754901371031e-48
   664   1.247550419201754e-48
   665   1.031406397934037e-48
   666   8.534397479990384e-49
   667   6.991052756317801e-49
   668   5.733591156366952e-49
   669   4.716793948680841e-49
   670   3.854650973756009e-49
[TRUERES]    670  3.854650973756009e-49  3.854650974968126e-49
   671   3.170781407669235e-49
   672   2.603929417084643e-49
   673   2.122634362259465e-49
   674   1.738558911102602e-49
   675   1.419317477849294e-49
   676   1.155198578316216e-49
   677   9.467317189770596e-50
   678   7.714773919953507e-50
   679   6.324168955613509e-50
   680   5.264756482169851e-50
[TRUERES]    680  5.264756482169851e-50  5.264756484421864e-50
   681   4.394615700547538e-50
   682   3.718319172880344e-50
   683   3.170019146005107e-50
   684   2.701324529808472e-50
   685   2.329494687680003e-50
   686   2.024244758893235e-50
   687   1.767137489467724e-50
   688   1.571844638726739e-50
   689   1.404256266064839e-50
   690   1.260568030120264e-50
[TRUERES]    690  1.260568030120264e-50  1.260568029360995e-50
   691   1.145388043919054e-50
   692   1.038688842852834e-50
   693   9.439612628499693e-51
   694   8.602692536778478e-51
   695   7.763623260021405e-51
   696   7.020471616434262e-51
   697   6.324592166477812e-51
   698   5.640836680331986e-51
   699   5.032673489514970e-51
   700   4.444059337077081e-51
[TRUERES]    700  4.444059337077081e-51  4.444059336506691e-51
   701   3.872825124466880e-51
   702   3.364411055098638e-51
   703   2.877389438017028e-51
   704   2.436218998835542e-51
   705   2.055688984677447e-51
   706   1.709046026384275e-51
   707   1.417115957883766e-51
   708   1.171708710162821e-51
   709   9.564431787467971e-52
   710   7.812253517378994e-52
[TRUERES]    710  7.812253517378994e-52  7.812253480886897e-52
   711   6.351031754720572e-52
   712   5.118210286595184e-52
   713   4.154466579241772e-52
   714   3.362017994724276e-52
   715   2.703103860657801e-52
   716   2.172166922128352e-52
   717   1.729973195403766e-52
   718   1.376274439676574e-52
   719   1.102654360774615e-52
   720   8.790513511723740e-53
[TRUERES]    720  8.790513511723740e-53  8.790513484890942e-53
   721   7.033342091203668e-53
   722   5.643682599021929e-53
   723   4.499713883711346e-53
   724   3.607880192066234e-53
   725   2.890272082504465e-53
   726   2.306178290108836e-53
   727   1.859933222433225e-53
   728   1.498648389644608e-53
   729   1.214104732927668e-53
   730   9.983687129702709e-54
[TRUERES]    730  9.983687129702709e-54  9.983687238188920e-54
   731   8.205137465403219e-54
   732   6.755053376935553e-54
   733   5.611728440353106e-54
   734   4.652436144009713e-54
   735   3.891663839360769e-54
   736   3.282633466812716e-54
   737   2.763325272840617e-54
   738   2.352175913056548e-54
   739   2.015077800963185e-54
   740   1.729655397350983e-54
[TRUERES]    740  1.729655397350983e-54  1.729655553441369e-54
   741   1.504374774557120e-54
   742   1.311857943060629e-54
   743   1.147943563594344e-54
   744   1.014562218964817e-54
   745   8.947042954466426e-55
   746   7.953377505773065e-55
   747   7.147806086156419e-55
   748   6.415543501786432e-55
   749   5.803926380620674e-55
   750   5.252601804805308e-55
[TRUERES]    750  5.252601804805308e-55  5.252601304778227e-55
   751   4.709024847973739e-55
   752   4.215836083080081e-55
   753   3.724088327099646e-55
   754   3.230709680447801e-55
   755   2.789448078906356e-55
   756   2.372095343670828e-55
   757   1.994700823411637e-55
   758   1.673647863842942e-55
   759   1.385341712891633e-55
   760   1.142362957374010e-55
[TRUERES]    760  1.142362957374010e-55  1.142363353644097e-55
   761   9.412580957254774e-56
   762   7.698165307797618e-56
   763   6.305950864290031e-56
   764   5.167208075513670e-56
   765   4.212059158328998e-56
   766   3.452303328122085e-56
   767   2.824304833198669e-56
   768   2.305305753040425e-56
   769   1.892205646221157e-56
   770   1.548624186970103e-56
[TRUERES]    770  1.548624186970103e-56  1.548626469548288e-56
   771   1.274204862809513e-56
   772   1.059006080364886e-56
   773   8.783469622987390e-57
   774   7.327694861848333e-57
   775   6.158616956135292e-57
   776   5.165013596762854e-57
   777   4.363309528679867e-57
   778   3.689599188329728e-57
   779   3.113504922003942e-57
   780   2.651320047811543e-57
[TRUERES]    780  2.651320047811543e-57  2.651339200384362e-57
   781   2.254192986223675e-57
   782   1.913744251279224e-57
   783   1.638143830132117e-57
   784   1.399180157001285e-57
   785   1.203917323357538e-57
   786   1.048042321323029e-57
   787   9.150368250924417e-58
   788   8.073363978445924e-58
   789   7.149958076818096e-58
   790   6.297064943974489e-58
[TRUERES]    790  6.297064943974489e-58  6.297269467527281e-58
   791   5.576949439290093e-58
   792   4.908895870621850e-58
   793   4.274926544328467e-58
   794   3.721185057719845e-58
   795   3.201265580659739e-58
   796   2.728918774395057e-58
   797   2.323718474104282e-58
   798   1.952657997808636e-58
   799   1.632034422467194e-58
   800   1.365742205508661e-58
[TRUERES]    800  1.365742205508661e-58  1.365903094060698e-58
   801   1.127865028318519e-58
   802   9.325065143760214e-59
   803   7.698824653001931e-59
   804   6.301489189646955e-59
   805   5.192177917196025e-59
   806   4.270573255032002e-59
   807   3.496827513624496e-59
   808   2.875333005641102e-59
   809   2.355667992492311e-59
   810   1.927272851138289e-59
[TRUERES]    810  1.927272851138289e-59  1.928989715216992e-59
   811   1.583094261732534e-59
   812   1.286442559251879e-59
   813   1.042958841916923e-59
   814   8.467890055770160e-60
   815   6.810485471079358e-60
   816   5.485021826130356e-60
   817   4.418775344419078e-60
   818   3.541001406505808e-60
   819   2.852294603978645e-60
   820   2.298845317473585e-60
[TRUERES]    820  2.298845317473585e-60  2.315224773429908e-60
   821   1.849183769812872e-60
   822   1.502933889967394e-60
   823   1.221255852478364e-60
   824   9.972350904441856e-61
   825   8.252738807054296e-61
   826   6.844764940235301e-61
   827   5.749970729072487e-61
   828   4.887932706523133e-61
   829   4.162225586410929e-61
   830   3.589775146702214e-61
[TRUERES]    830  3.589775146702214e-61  3.762767912507966e-61
   831   3.114791076394915e-61
   832   2.703699865558596e-61
   833   2.376146311892299e-61
   834   2.095111361640538e-61
   835   1.845064561128411e-61
   836   1.638962309915186e-61
   837   1.452998331271964e-61
   838   1.288389823773722e-61
   839   1.149028537997854e-61
   840   1.018509762129932e-61
[TRUERES]    840  1.018509762129932e-61  1.192062282399397e-61
   841   9.046519391589030e-62
   842   8.067719236927092e-62
   843   7.171548693898284e-62
   844   6.418455853681978e-62
   845   5.705992501203965e-62
   846   5.023875523511570e-62
   847   4.414405131412861e-62
   848   3.832554735616418e-62
   849   3.299254965768757e-62
   850   2.837882867708642e-62
[TRUERES]    850  2.837882867708642e-62  4.556835229457791e-62
   851   2.411041098653897e-62
   852   2.033533134577806e-62
   853   1.709002609592423e-62
   854   1.416188818611881e-62
   855   1.170381945791041e-62
   856   9.619328797174343e-63
   857   7.826464735093594e-63
   858   6.378941021341148e-63
   859   5.155695320753389e-63
   860   4.125431464174950e-63
[TRUERES]    860  4.125431464174950e-63  2.161577193071358e-62
   861   3.302185188175076e-63
   862   2.624115046692305e-63
   863   2.078555905841152e-63
   864   1.658669838179188e-63
   865   1.321966232920982e-63
   866   1.062274871136688e-63
   867   8.598227053103631e-64
   868   6.950490761057645e-64
   869   5.672490111698059e-64
   870   4.651877374232454e-64
[TRUERES]    870  4.651877374232454e-64  1.829099023612413e-62
   871   3.808585809580415e-64
   872   3.136116339146356e-64
   873   2.571322993860469e-64
   874   2.106303415475308e-64
   875   1.740380270189169e-64
   876   1.438496361798478e-64
   877   1.195930010924806e-64
   878   1.006321376055092e-64
   879   8.521957442162333e-65
   880   7.332982725325355e-65
[TRUERES]    880  7.332982725325355e-65  1.816417173423240e-62
   881   6.399739896678812e-65
   882   5.620653323483917e-65
   883   4.993967686760279e-65
   884   4.454910722158494e-65
   885   3.977039057330873e-65
   886   3.592876747969613e-65
   887   3.252609815254741e-65
   888   2.947748310069477e-65
   889   2.693416685312847e-65
   890   2.445248016279340e-65
[TRUERES]    890  2.445248016279340e-65  1.804151886665583e-62
   891   2.214806433121507e-65
   892   2.002870778839484e-65
   893   1.784589586128936e-65
   894   1.578837702895949e-65
   895   1.383837330974523e-65
   896   1.194284572176655e-65
   897   1.026310750645494e-65
   898   8.735065162343692e-66
   899   7.339284803961442e-66
   900   6.156460640198121e-66
[TRUERES]    900  6.156460640198121e-66  1.810246329414054e-62
   901   5.120541866823835e-66
   902   4.232347161944464e-66
   903   3.498864200047463e-66
   904   2.857219829680118e-66
   905   2.322005880217544e-66
   906   1.887619956864957e-66
   907   1.520549551350500e-66
   908   1.229191339767574e-66
   909   9.932497766976046e-67
   910   7.973872045695170e-67
[TRUERES]    910  7.973872045695170e-67  1.838611477261593e-62
   911   6.443692665011506e-67
   912   5.194058179550311e-67
   913   4.178773798288970e-67
   914   3.372469638224994e-67
   915   2.715643646989651e-67
   916   2.192516318418323e-67
   917   1.790159232635145e-67
   918   1.467000726111854e-67
   919   1.215882101394061e-67
   920   1.020227568752054e-67
[TRUERES]    920  1.020227568752054e-67  1.820209286315204e-62
   921   8.583842280668735e-68
   922   7.286571020788554e-68
   923   6.202527133826051e-68
   924   5.267607742795533e-68
   925   4.519759546188166e-68
   926   3.896374061134757e-68
   927   3.377420012177701e-68
   928   2.955126976839250e-68
   929   2.593225058339942e-68
   930   2.293483284161586e-68
[TRUERES]    930  2.293483284161586e-68  1.821352409066515e-62
   931   2.048605522842595e-68
   932   1.826829909186068e-68
   933   1.637726741032272e-68
   934   1.472294011958496e-68
   935   1.310707211954793e-68
   936   1.164527132311321e-68
   937   1.026195900984741e-68
   938   8.962663271508091e-69
   939   7.820530564297315e-69
   940   6.760867568468295e-69
[TRUERES]    940  6.760867568468295e-69  1.819654575068401e-62
   941   5.785815816443688e-69
   942   4.933946405002663e-69
   943   4.130163417321615e-69
   944   3.420147747889124e-69
   945   2.810143114593550e-69
   946   2.276262217978874e-69
   947   1.838396159057654e-69
   948   1.478449281998924e-69
   949   1.182145406144712e-69
   950   9.512474843117736e-70
[TRUERES]    950  9.512474843117736e-70  1.818826953515539e-62
   951   7.645044901173036e-70
   952   6.122942503961784e-70
   953   4.921840864291531e-70
   954   3.935282747928837e-70
   955   3.134914952386091e-70
   956   2.508000068420218e-70
   957   1.997536018295034e-70
   958   1.594793060971850e-70
   959   1.278504896018397e-70
   960   1.022137626734210e-70
[TRUERES]    960  1.022137626734210e-70  1.818271349097357e-62
   961   8.244874410531614e-71
   962   6.671305298805320e-71
   963   5.385063933333091e-71
   964   4.360060119984907e-71
   965   3.517962752938124e-71
   966   2.831355226635626e-71
   967   2.289811982819180e-71
   968   1.851457959923659e-71
   969   1.503764751512394e-71
   970   1.234311446867038e-71
[TRUERES]    970  1.234311446867038e-71  1.817859983845859e-62
   971   1.013633440967040e-71
   972   8.387617427711250e-72
   973   6.978888050344783e-72
   974   5.808024046870747e-72
   975   4.887232037565572e-72
   976   4.146186914945930e-72
   977   3.533154671935439e-72
   978   3.058829689206435e-72
   979   2.670780942942068e-72
   980   2.353119481718271e-72
[TRUERES]    980  2.353119481718271e-72  1.817054415522021e-62
   981   2.103368477816377e-72
   982   1.883605768454946e-72
   983   1.691590097321695e-72
   984   1.526912173338870e-72
   985   1.367942315708732e-72
   986   1.222339574618709e-72
   987   1.085116531872649e-72
   988   9.501020588188060e-73
   989   8.274103495044439e-73
   990   7.139927200256749e-73
[TRUERES]    990  7.139927200256749e-73  1.817052776017643e-62
   991   6.094850360121048e-73
   992   5.184409512486399e-73
   993   4.368103927353629e-73
   994   3.658675914193820e-73
   995   3.056405535079647e-73
   996   2.523121720170681e-73
   997   2.078156578619236e-73
   998   1.710211981426744e-73
   999   1.393882176319832e-73
  1000   1.135702780551045e-73
[TRUERES]   1000  1.135702780551045e-73  1.817049855298726e-62
  1001   9.212172691641506e-74
  1002   7.415519350249992e-74
  1003   5.989145719659955e-74
  1004   4.803258062817570e-74
  1005   3.825593355501627e-74
  1006   3.055309951505881e-74
  1007   2.424123137821587e-74
  1008   1.919169629454316e-74
  1009   1.522016041064452e-74
  1010   1.199229084468310e-74
[TRUERES]   1010  1.199229084468310e-74  1.817049985591098e-62
  1011   9.468249206179152e-75
  1012   7.507511746486436e-75
  1013   5.931615806665180e-75
  1014   4.699502076335374e-75
  1015   3.727323310398191e-75
  1016   2.941685283973053e-75
  1017   2.329082116613420e-75
  1018   1.843069580496638e-75
  1019   1.462343419657692e-75
  1020   1.172232665285153e-75
[TRUERES]   1020  1.172232665285153e-75  1.817049972927535e-62
  1021   9.423570581051281e-76
  1022   7.615097064426833e-76
  1023   6.207273557107625e-76
  1024   5.046902605397433e-76
  1025   4.131044811698805e-76
  1026   3.403005450505468e-76
  1027   2.796484497838824e-76
  1028   2.309455773029928e-76
  1029   1.909858893859199e-76
  1030   1.581268595337543e-76
[TRUERES]   1030  1.581268595337543e-76  1.817049970845669e-62
  1031   1.319915569471606e-76
  1032   1.103173433098181e-76
  1033   9.281729901300271e-77
  1034   7.899519432528180e-77
  1035   6.748137053340014e-77
  1036   5.797034531678279e-77
  1037   5.014666030067253e-77
  1038   4.335668850555087e-77
  1039   3.778694009328692e-77
  1040   3.315664355861700e-77
[TRUERES]   1040  3.315664355861700e-77  1.817049970611255e-62
  1041   2.895617200454939e-77
  1042   2.546417996616888e-77
  1043   2.243863971209131e-77
  1044   1.977815799500758e-77
  1045   1.752478305277920e-77
  1046   1.544773668906752e-77
  1047   1.358456646336068e-77
  1048   1.195159326452908e-77
  1049   1.041346688985108e-77
  1050   9.049043774943118e-78
[TRUERES]   1050  9.049043774943118e-78  1.817049970600195e-62
  1051   7.845049631755006e-78
  1052   6.715531594273035e-78
  1053   5.723360619306628e-78
  1054   4.817274709259549e-78
  1055   3.999406604387876e-78
  1056   3.305467438486350e-78
  1057   2.707214608519108e-78
  1058   2.199180003055689e-78
  1059   1.782510612896305e-78
  1060   1.429263443740607e-78
[TRUERES]   1060  1.429263443740607e-78  1.817049970572469e-62
  1061   1.141485577295410e-78
  1062   9.114105804963687e-79
  1063   7.226581818306187e-79
  1064   5.736401057691474e-79
  1065   4.564032111978558e-79
  1066   3.617958970702648e-79
  1067   2.880497065392926e-79
  1068   2.294187982513264e-79
  1069   1.822055755397854e-79
  1070   1.456414741193603e-79
[TRUERES]   1070  1.456414741193603e-79  1.817049970580342e-62
  1071   1.162549197135424e-79
  1072   9.249612810056607e-80
  1073   7.364977219954343e-80
  1074   5.820988533634508e-80
  1075   4.594565761087429e-80
  1076   3.635567824051421e-80
  1077   2.864925510932715e-80
  1078   2.263752687445763e-80
  1079   1.791079062860359e-80
  1080   1.410293790829232e-80
[TRUERES]   1080  1.410293790829232e-80  1.817049970580247e-62
  1081   1.113525191267310e-80
  1082   8.788514014642525e-81
  1083   6.935669505082429e-81
  1084   5.520552482239947e-81
  1085   4.403925016932504e-81
  1086   3.521452209511383e-81
  1087   2.840826646915111e-81
  1088   2.294620363890386e-81
  1089   1.866145193119632e-81
  1090   1.536550553970410e-81
[TRUERES]   1090  1.536550553970410e-81  1.817049970580243e-62
  1091   1.265695064060278e-81
  1092   1.050150877012928e-81
  1093   8.773886508281567e-82
  1094   7.365742034563612e-82
  1095   6.264510152931892e-82
  1096   5.377958136953152e-82
  1097   4.632099408785135e-82
  1098   4.036774784182169e-82
  1099   3.523556339833838e-82
  1100   3.084108109602081e-82
[TRUERES]   1100  3.084108109602081e-82  1.817049970580242e-62
  1101   2.718731883953039e-82
  1102   2.393632571562318e-82
  1103   2.115046073966908e-82
  1104   1.876683540797603e-82
  1105   1.659446490389336e-82
  1106   1.469244228866945e-82
  1107   1.294263452232660e-82
  1108   1.131325816420301e-82
  1109   9.890553814792988e-83
  1110   8.599250278434509e-83
[TRUERES]   1110  8.599250278434509e-83  1.817049970580242e-62
  1111   7.438965603604419e-83
  1112   6.428474674262231e-83
  1113   5.475443640622806e-83
  1114   4.627910818361114e-83
  1115   3.887020434777592e-83
  1116   3.218215724626336e-83
  1117   2.649215685058339e-83
  1118   2.180629351318145e-83
  1119   1.780918223781973e-83
  1120   1.457221177452805e-83
[TRUERES]   1120  1.457221177452805e-83  1.817049970580242e-62
  1121   1.190367525328183e-83
  1122   9.653691775255018e-84
  1123   7.836479892846046e-84
  1124   6.338090110338088e-84
  1125   5.098066106421306e-84
  1126   4.112399105105542e-84
  1127   3.297158262586628e-84
  1128   2.642142016464705e-84
  1129   2.122236903965997e-84
  1130   1.697433780647064e-84
[TRUERES]   1130  1.697433780647064e-84  1.817049970580242e-62
  1131   1.358047006091608e-84
  1132   1.085624417177452e-84
  1133   8.634056406336426e-85
  1134   6.871495065790681e-85
  1135   5.457679679249853e-85
  1136   4.308591423116436e-85
  1137   3.411377736697884e-85
  1138   2.689041418270664e-85
  1139   2.111644603541427e-85
  1140   1.661571099070089e-85
[TRUERES]   1140  1.661571099070089e-85  1.817049970580242e-62
  1141   1.298482151583339e-85
  1142   1.015974281259421e-85
  1143   7.989563111268802e-86
  1144   6.269560648447392e-86
  1145   4.938829584962927e-86
  1146   3.890638589707126e-86
  1147   3.041786276325627e-86
  1148   2.377676443130616e-86
  1149   1.855343715088321e-86
  1150   1.443257674884590e-86
[TRUERES]   1150  1.443257674884590e-86  1.817049970580242e-62
  1151   1.126395797994484e-86
  1152   8.779970666333078e-87
  1153   6.854759286224647e-87
  1154   5.359077674720498e-87
  1155   4.163209675223770e-87
  1156   3.237881755391985e-87
  1157   2.525999936014715e-87
  1158   1.956385115529248e-87
  1159   1.518747587609335e-87
  1160   1.181774406588890e-87
[TRUERES]   1160  1.181774406588890e-87  1.817049970580242e-62
  1161   9.149422774696357e-88
  1162   7.103282723548679e-88
  1163   5.495243487453166e-88
  1164   4.239054468138607e-88
  1165   3.277601355481857e-88
  1166   2.517929331163549e-88
  1167   1.929496915010456e-88
  1168   1.483578379586148e-88
  1169   1.134840312872638e-88
  1170   8.726712875043094e-89
[TRUERES]   1170  8.726712875043094e-89  1.817049970580242e-62
  1171   6.737968611750466e-89
  1172   5.189742191188109e-89
  1173   4.006169437462729e-89
  1174   3.094852370924088e-89
  1175   2.384240255331344e-89
  1176   1.848918542391193e-89
  1177   1.433998784983819e-89
  1178   1.107605290931639e-89
  1179   8.576066243654192e-90
  1180   6.617568308314570e-90
[TRUERES]   1180  6.617568308314570e-90  1.817049970580242e-62
  1181   5.106419722373955e-90
  1182   3.964188481738078e-90
  1183   3.074775476962161e-90
  1184   2.392878448439728e-90
  1185   1.867550990204574e-90
  1186   1.452041064838299e-90
  1187   1.127894672269458e-90
  1188   8.726267843245918e-91
converged:
  nconv = 1188
    0    0     1189     7.0285e-64     4.0284e-32
ASolver_CGNR<Afield<double,ACCEL> >: solver starts
  mode_prev = D
  snorm =  2.556055513575416e+01
  init:  9.815131262403564e-01
     0   4.820301376246045e-02
[TRUERES]      0  4.820301376246045e-02  4.820301376246045e-02
     1   1.227379311894489e-02
     2   1.046375821108810e-02
     3   3.865182914745848e-03
     4   1.844753029192658e-03
     5   1.587841878062308e-03
     6   7.771641158943472e-04
     7   4.871929512359244e-04
     8   4.148697049712886e-04
     9   2.320938747165027e-04
    10   1.807356762109705e-04
[TRUERES]     10  1.807356762109705e-04  1.807356762109705e-04
    11   1.483087174471768e-04
    12   9.145992821537841e-05
    13   7.831863268683823e-05
    14   6.236656269053344e-05
