Bridge++ 2.0.0

input filename : main.yaml

file = main.yaml

Lattice parameters:
  Lx = 16,  Ly = 16,  Lz = 16,  Lt = 16,
  Nx = 16,  Ny = 16,  Nz = 16,  Nt = 16,
  NPEx = 1,  NPEy  = 1,  NPEz  = 1,  NPEt  = 1,
  Lvol = 65536,  Nvol = 65536,  NPE = 1,
  Ndim = 4
  Nc   = 3
  Nd   = 4

ThreadManager: initialization
Warning at ThreadManager: Nthread(env) != Nthread(input)
  Number of threads(env)   = 2
  Number of threads(input) = 1
  reset Nthread = Nthread(input).
  Number of threads = 1
Main: input parameters
  lattice_size     = [16, 16, 16, 16]
  grid_size        = [1, 1, 1, 1]
  number of thread = 1
  number of color  = 3
  logfile          = stdout
  ildg_logfile     = stdout
  vlevel           = General

Alt_Accel code is being setup.
DeviceManager_CUDA: being initialized.
  process_id = 0
  number of devices = 1
  device_id = 0  is used on process = 0
------------------------------------------------
Alt_Accel: Factory entries
------------------------------------------------
AFopr<double, ACCEL> >(void):
AFopr<double, ACCEL>(Parameters&):
	Clover
	CloverTerm
	Clover_dd
	Domainwall
	Domainwall_5din
	Domainwall_5din_dd
	Domainwall_5din_eo
	Domainwall_eo
	Wilson
	Wilson_dd
AFopr<double, ACCEL>(Fopr*):
	Domainwall
AFopr<double, ACCEL>(Fopr*, Director*):
AFopr<float, ACCEL> >(void):
AFopr<float, ACCEL>(Parameters&):
	Clover
	CloverTerm
	Clover_dd
	Domainwall
	Domainwall_5din
	Domainwall_5din_dd
	Domainwall_5din_eo
	Domainwall_eo
	Wilson
	Wilson_dd
AFopr<float, ACCEL>(Fopr*):
	Domainwall
AFopr<float, ACCEL>(Fopr*, Director*):
AEigensolver<AField<float, ACCEL> >, Afopr>(Fopr*):
	IRArnoldi
	IRLanczos
------------------------------------------------
Timer: timestamp: 2026/06/06 11:38:09 +0900
file = test_alt_Spectrum_Domainwall_5din_Hadron2ptFunction.yaml

--------------------------------------------------------------------
test name: Spectrum_Domainwall_alt.hadron_2ptFunction
test file: test_alt_Spectrum_Domainwall_5din_Hadron2ptFunction.yaml
test mode: double_eo
file = test_alt_Spectrum_Domainwall_5din_Hadron2ptFunction.yaml
  vlevel       = General
  source_type  = Local
Smearing parameters (assumes APE-Stout):
   proj_type:  Stout_SU3
   smear_type: APE
   rho_uniform: 0.100000
   number_of_smearing: 0
  vlevel       = General

Configuration setup:
  gconf_status = Continue
  gconf_read   = Text
  readfile     = ./conf_real16.txt
  plaq = 0.596178

Gauge fixing:
  Gauge fixing type = None
Parameters: get_string: key 'filename_output' not found.
Elapsed time: calc_plqauette: total         0.11 sec, count    1, average         0.11 sec
plaquette (before smearing):       0.596178494528857
applying smearing
Smear_APE:
  rho =   0.1000
Director_Smear:
  Nsmear = 0
Parameters: get_string: key 'filename_output' not found.
Elapsed time: calc_plqauette: total         0.12 sec, count    1, average         0.12 sec
Elapsed time: smearig: total         0.12 sec, count    1, average         0.12 sec
plaquette (after smearing):        0.596178494528857
  gmset_type   = Dirac
Gamma matrix: dirac representation.
Fopr_Domainwall: construction
  Imp::Fopr_Wilson: construction
    Gauge group implementation: SU(3)
    Imp::Fopr_Wilson: input parameters
      gamma-matrix type = Dirac
      kappa  =   0.20833333
      boundary[0] =  1
      boundary[1] =  1
      boundary[2] =  1
      boundary[3] = -1
  Imp::Fopr_Wilson: construction finished.
  Fopr_Domainwall: input parameters
    mq   =   0.0250
    M0   =   1.6000
    Ns   =    8
    boundary[0] =  1
    boundary[1] =  1
    boundary[2] =  1
    boundary[3] = -1
    coefficients:
    b[ 0] =     1.5000000000  c[ 0] =     0.5000000000
    b[ 1] =     1.5000000000  c[ 1] =     0.5000000000
    b[ 2] =     1.5000000000  c[ 2] =     0.5000000000
    b[ 3] =     1.5000000000  c[ 3] =     0.5000000000
    b[ 4] =     1.5000000000  c[ 4] =     0.5000000000
    b[ 5] =     1.5000000000  c[ 5] =     0.5000000000
    b[ 6] =     1.5000000000  c[ 6] =     0.5000000000
    b[ 7] =     1.5000000000  c[ 7] =     0.5000000000
Fopr_Domainwall: construction finished.
Fopr_Domainwall: input parameters
  mq   =   0.0250
  M0   =   1.6000
  Ns   =    8
  boundary[0] =  1
  boundary[1] =  1
  boundary[2] =  1
  boundary[3] = -1
  coefficients:
  b[ 0] =     1.5000000000  c[ 0] =     0.5000000000
  b[ 1] =     1.5000000000  c[ 1] =     0.5000000000
  b[ 2] =     1.5000000000  c[ 2] =     0.5000000000
  b[ 3] =     1.5000000000  c[ 3] =     0.5000000000
  b[ 4] =     1.5000000000  c[ 4] =     0.5000000000
  b[ 5] =     1.5000000000  c[ 5] =     0.5000000000
  b[ 6] =     1.5000000000  c[ 6] =     0.5000000000
  b[ 7] =     1.5000000000  c[ 7] =     0.5000000000
Imp::Fopr_Wilson: construction
  Gauge group implementation: SU(3)
  Imp::Fopr_Wilson: input parameters
    gamma-matrix type = Dirac
    kappa  =   0.20833333
    boundary[0] =  1
    boundary[1] =  1
    boundary[2] =  1
    boundary[3] = -1
Imp::Fopr_Wilson: construction finished.
Source for spinor field - local:
  source_position[0] = 0
  source_position[1] = 0
  source_position[2] = 0
  source_position[3] = 0

Check of fermion operator (even-odd)
norm of source vector: 1.000000
AFopr_Domainwall_5din_eo<AField<double,ACCEL> >: construction
  do_comm[0] = 0
  do_comm[1] = 0
  do_comm[2] = 0
  do_comm[3] = 0
    extended_precision = true
    su3_reconstruction = false
  AFopr_Domainwall_5din_eo<AField<double,ACCEL> >: input parameters
    gamma matrix repr.:  Dirac
    code implementation: 5d
    mq   =   0.0250
    M0   =   1.6000
    Ns   =    8
    boundary[0] =  1
    boundary[1] =  1
    boundary[2] =  1
    boundary[3] = -1
    coefficients:
      b[ 0] =     1.5000000000  c[ 0] =     0.5000000000
      b[ 1] =     1.5000000000  c[ 1] =     0.5000000000
      b[ 2] =     1.5000000000  c[ 2] =     0.5000000000
      b[ 3] =     1.5000000000  c[ 3] =     0.5000000000
      b[ 4] =     1.5000000000  c[ 4] =     0.5000000000
      b[ 5] =     1.5000000000  c[ 5] =     0.5000000000
      b[ 6] =     1.5000000000  c[ 6] =     0.5000000000
      b[ 7] =     1.5000000000  c[ 7] =     0.5000000000
    alpha =   1.0000
convert required.
convert performed.

[D check]
norm2(abq) = 1.000000
norm2(y5)  = 113.089776
norm2(z5)  = 113.089776
norm2(axq) = 113.089776
diff2 = 0.000000

[Ddag check]
norm2(abq) = 1.000000
norm2(y5)  = 118.584943
norm2(z5)  = 118.584943
norm2(axq) = 118.584943
diff2 = 0.000000
Elapsed time: afopr_Domainwall_5din_eo: Deo & dagger   : total         0.01 sec, count    4, average         0.00 sec
Elapsed time: afopr_Domainwall_5din_eo: Dee_inv & dag  : total         0.01 sec, count   20, average         0.00 sec
Elapsed time: afopr_Domainwall_5din_eo: clear          : total         0.00 sec, count    0, average         0.00 sec
Elapsed time: afopr_Domainwall_5din_eo: pack           : total         0.00 sec, count    0, average         0.00 sec
Elapsed time: afopr_Domainwall_5din_eo: bulk           : total         0.01 sec, count    4, average         0.00 sec
Elapsed time: afopr_Domainwall_5din_eo: boundary       : total         0.00 sec, count    0, average         0.00 sec
Elapsed time: afopr_Domainwall_5din_eo: comm           : total         0.00 sec, count    0, average         0.00 sec
Elapsed time: afopr_Domainwall_5din_eo: comm_recv_wait : total         0.00 sec, count    0, average         0.00 sec
Elapsed time: afopr_Domainwall_5din_eo: comm_send_wait : total         0.00 sec, count    0, average         0.00 sec
Elapsed time: afopr_Domainwall_5din_eo: comm_recv_start: total         0.00 sec, count    0, average         0.00 sec
Elapsed time: afopr_Domainwall_5din_eo: comm_send_start: total         0.00 sec, count    0, average         0.00 sec
Elapsed time: afopr_Domainwall_5din_eo: comm_test_all  : total         0.00 sec, count    0, average         0.00 sec

Fprop_alt_Standard_eo<Afield<double,ACCEL> >: being setup (without link smearing).
  AFopr_Domainwall_5din_eo<AField<double,ACCEL> >: construction
    do_comm[0] = 0
    do_comm[1] = 0
    do_comm[2] = 0
    do_comm[3] = 0
      extended_precision = true
      su3_reconstruction = false
    AFopr_Domainwall_5din_eo<AField<double,ACCEL> >: input parameters
      gamma matrix repr.:  Dirac
      code implementation: 5d
      mq   =   0.0250
      M0   =   1.6000
      Ns   =    8
      boundary[0] =  1
      boundary[1] =  1
      boundary[2] =  1
      boundary[3] = -1
      coefficients:
        b[ 0] =     1.5000000000  c[ 0] =     0.5000000000
        b[ 1] =     1.5000000000  c[ 1] =     0.5000000000
        b[ 2] =     1.5000000000  c[ 2] =     0.5000000000
        b[ 3] =     1.5000000000  c[ 3] =     0.5000000000
        b[ 4] =     1.5000000000  c[ 4] =     0.5000000000
        b[ 5] =     1.5000000000  c[ 5] =     0.5000000000
        b[ 6] =     1.5000000000  c[ 6] =     0.5000000000
        b[ 7] =     1.5000000000  c[ 7] =     0.5000000000
      alpha =   1.0000
  ASolver_CGNR<Afield<double,ACCEL> >:
  ASolver_CG<Afield<double,ACCEL> >:
    Precision: double
    Niter     = 2400
    Stop_cond =   1.00000000e-90
    init_guess_mode: 0
    true_residual_interval = 10 (logging [TRUERES])
    refinement_iterations = 0
Fprop_alt_Standard_eo<Afield<double,ACCEL> >: setup finished.

Fprop_alt_Standard_eo<Afield<double,ACCEL> >: mult performance:
  mult mode = Dee_inv
  Number of mult =                400
  Elapsed time   =       4.484294 sec
  Flop(Fopr)     =           62914560
  Flop(total)    =        25165824000
  Performance    =       5.612 GFlops

Fprop_alt_Standard_eo<Afield<double,ACCEL> >: mult performance:
  mult mode = Doe
  Number of mult =                400
  Elapsed time   =      31.214577 sec
  Flop(Fopr)     =          390070272
  Flop(total)    =       156028108800
  Performance    =       4.999 GFlops

Fprop_alt_Standard_eo<Afield<double,ACCEL> >: mult performance:
  mult mode = D
  Number of mult =                400
  Elapsed time   =      72.708372 sec
  Flop(Fopr)     =          912261120
  Flop(total)    =       364904448000
  Performance    =       5.019 GFlops

Fprop_alt_Standard_eo<Afield<double,ACCEL> >: mult performance:
  mult mode = Ddag
  Number of mult =                400
  Elapsed time   =      72.452196 sec
  Flop(Fopr)     =          912261120
  Flop(total)    =       364904448000
  Performance    =       5.036 GFlops

Fprop_alt_Standard_eo<Afield<double,ACCEL> >: mult performance:
  mult mode = DdagD
  Number of mult =                400
  Elapsed time   =     145.644505 sec
  Flop(Fopr)     =         1824522240
  Flop(total)    =       729808896000
  Performance    =       5.011 GFlops

Solving quark propagator:
  color spin   Nconv      diff           diff2
ASolver_CGNR<Afield<double,ACCEL> >: solver starts
  mode_prev = D
  b2 size is reset.
  snorm =  2.589235934765403e+01
  init:  9.963477382210194e-01
     0   5.118276481566924e-02
[TRUERES]      0  5.118276481566924e-02  5.118276481566924e-02
     1   1.437817906889713e-02
     2   1.243630710078446e-02
     3   4.497177805013511e-03
     4   2.172883891285699e-03
     5   1.820833844474518e-03
     6   8.597481604004531e-04
     7   5.415048093704645e-04
     8   4.382841265086745e-04
     9   2.320561744913426e-04
    10   1.781471942338211e-04
[TRUERES]     10  1.781471942338211e-04  1.781471942338211e-04
    11   1.417883598063766e-04
    12   8.754207812393463e-05
    13   7.627680412928112e-05
    14   6.073072761971202e-05
    15   4.191490712081703e-05
    16   3.901181597563681e-05
    17   3.023504652426474e-05
    18   2.302012592366053e-05
    19   2.169501866039403e-05
    20   1.612574782244184e-05
[TRUERES]     20  1.612574782244184e-05  1.612574782244184e-05
    21   1.307760433492395e-05
    22   1.191715254667633e-05
    23   8.809506347123379e-06
    24   7.644713502667210e-06
    25   6.773974635375154e-06
    26   5.158632018802686e-06
    27   4.697307913303427e-06
    28   4.037844824316536e-06
    29   3.261105576588983e-06
    30   3.111061355319644e-06
[TRUERES]     30  3.111061355319644e-06  3.111061355319644e-06
    31   2.670161733915628e-06
    32   2.305518649645689e-06
    33   2.272188053591641e-06
    34   1.987472171214429e-06
    35   1.845849066678490e-06
    36   1.860604190364391e-06
    37   1.659696540548895e-06
    38   1.642570419734069e-06
    39   1.634801327207380e-06
    40   1.490550876680918e-06
[TRUERES]     40  1.490550876680918e-06  1.490550876680918e-06
    41   1.526471199569427e-06
    42   1.480199599787984e-06
    43   1.354251375264451e-06
    44   1.365447192736913e-06
    45   1.246239513099582e-06
    46   1.130330046414998e-06
    47   1.093192399515887e-06
    48   9.447974173036305e-07
    49   8.593039804131984e-07
    50   7.961818394274751e-07
[TRUERES]     50  7.961818394274751e-07  7.961818394274751e-07
    51   6.698285392981615e-07
    52   6.124058472775380e-07
    53   5.511873734530317e-07
    54   4.660947964334352e-07
    55   4.311826855141506e-07
    56   3.785342719350513e-07
    57   3.249738015651526e-07
    58   3.026642508704200e-07
    59   2.619668875275567e-07
    60   2.321962834100445e-07
[TRUERES]     60  2.321962834100445e-07  2.321962834100445e-07
    61   2.177165618402117e-07
    62   1.889221901999248e-07
    63   1.723878983822182e-07
    64   1.610437814024586e-07
    65   1.406408640034854e-07
    66   1.327631164569695e-07
    67   1.233243156444891e-07
    68   1.103721881009840e-07
    69   1.066279412794645e-07
    70   9.837980038231760e-08
[TRUERES]     70  9.837980038231760e-08  9.837980038231760e-08
    71   9.024884733792733e-08
    72   8.825218789924666e-08
    73   8.097169569816203e-08
    74   7.565236768728238e-08
    75   7.301299267408191e-08
    76   6.641003392235444e-08
    77   6.344885928723584e-08
    78   6.097849647377162e-08
    79   5.556063391412341e-08
    80   5.346313745166166e-08
[TRUERES]     80  5.346313745166166e-08  5.346313745166166e-08
    81   5.015217098073890e-08
    82   4.546651546489304e-08
    83   4.344111779411477e-08
    84   3.927266300832907e-08
    85   3.518462719003645e-08
    86   3.283821644856303e-08
    87   2.871341035046067e-08
    88   2.571952337969160e-08
    89   2.344786465220138e-08
    90   2.015565912015739e-08
[TRUERES]     90  2.015565912015739e-08  2.015565912015739e-08
    91   1.800928562627043e-08
    92   1.600514057277861e-08
    93   1.355260470132698e-08
    94   1.207903385201377e-08
    95   1.045091809234117e-08
    96   8.857427459722927e-09
    97   7.904823164199842e-09
    98   6.782424267299541e-09
    99   5.867984811326481e-09
   100   5.303062277015082e-09
[TRUERES]    100  5.303062277015082e-09  5.303062277015082e-09
   101   4.592813604925137e-09
   102   4.102509536093550e-09
   103   3.752409796658129e-09
   104   3.304026390102811e-09
   105   3.069294206644509e-09
   106   2.854771217284305e-09
   107   2.594084338650900e-09
   108   2.478574218045335e-09
   109   2.310448551429883e-09
   110   2.142177626941726e-09
[TRUERES]    110  2.142177626941726e-09  2.142177626941726e-09
   111   2.076693222726496e-09
   112   1.934123660702366e-09
   113   1.829448887455534e-09
   114   1.778381735951051e-09
   115   1.657830971694173e-09
   116   1.595881031152639e-09
   117   1.545692575914185e-09
   118   1.446984573882094e-09
   119   1.406109852220529e-09
   120   1.337446725938736e-09
[TRUERES]    120  1.337446725938736e-09  1.337446725938736e-09
   121   1.234571439787181e-09
   122   1.176751244717936e-09
   123   1.076573974507084e-09
   124   9.686760410340748e-10
   125   8.897973396762183e-10
   126   7.754057229070357e-10
   127   6.810518418385227e-10
   128   6.039409164645405e-10
   129   5.118189446042490e-10
   130   4.463399580335703e-10
[TRUERES]    130  4.463399580335703e-10  4.463399580335703e-10
   131   3.895363074102937e-10
   132   3.310796012950707e-10
   133   2.936504147372801e-10
   134   2.565017640284111e-10
   135   2.212272157372149e-10
   136   1.979347302710949e-10
   137   1.718212852302312e-10
   138   1.497796055412954e-10
   139   1.340937686200949e-10
   140   1.156890954025350e-10
[TRUERES]    140  1.156890954025350e-10  1.156890954025350e-10
   141   1.015409696023974e-10
   142   9.038216538283380e-11
   143   7.817069806543516e-11
   144   7.002037809268739e-11
   145   6.287486219363842e-11
   146   5.548500161529457e-11
   147   5.096610861890644e-11
   148   4.603098854028449e-11
   149   4.138493560557664e-11
   150   3.868220543159194e-11
[TRUERES]    150  3.868220543159194e-11  3.868220543159194e-11
   151   3.546070490344308e-11
   152   3.298660897349712e-11
   153   3.146539222012209e-11
   154   2.917590489282224e-11
   155   2.764743263899330e-11
   156   2.634255760204323e-11
   157   2.435785247400798e-11
   158   2.308185740414643e-11
   159   2.161732320218783e-11
   160   1.981824785490104e-11
[TRUERES]    160  1.981824785490104e-11  1.981824785490104e-11
   161   1.869630458565207e-11
   162   1.717567900305480e-11
   163   1.562572205872726e-11
   164   1.455630214892553e-11
   165   1.311570620811431e-11
   166   1.187654724246522e-11
   167   1.084363960873764e-11
   168   9.527910985055896e-12
   169   8.483504858111438e-12
   170   7.491847877164531e-12
[TRUERES]    170  7.491847877164531e-12  7.491847877164531e-12
   171   6.409171575843393e-12
   172   5.591331686757557e-12
   173   4.799425543602220e-12
   174   4.063954643259071e-12
   175   3.542089294482652e-12
   176   3.020884761343726e-12
   177   2.581421124232624e-12
   178   2.255115584185810e-12
   179   1.926396206444131e-12
   180   1.679314346047872e-12
[TRUERES]    180  1.679314346047872e-12  1.679314346047872e-12
   181   1.490142660307391e-12
   182   1.300298655331601e-12
   183   1.174090572792926e-12
   184   1.072345755996001e-12
   185   9.670865448975300e-13
   186   9.021035894076782e-13
   187   8.328571661843732e-13
   188   7.669466271015313e-13
   189   7.275593082709897e-13
   190   6.785528672996464e-13
[TRUERES]    190  6.785528672996464e-13  6.785528672996464e-13
   191   6.389642631911745e-13
   192   6.159298116740058e-13
   193   5.812188729695403e-13
   194   5.619655088212703e-13
   195   5.484962862911868e-13
   196   5.263937976358829e-13
   197   5.182967619387938e-13
   198   5.054062575279185e-13
   199   4.829407523940067e-13
   200   4.700985285437539e-13
[TRUERES]    200  4.700985285437539e-13  4.700985285437539e-13
   201   4.449399610553732e-13
   202   4.150033712878250e-13
   203   3.919534084453100e-13
   204   3.577421880989979e-13
   205   3.257731631620803e-13
   206   2.977103884573185e-13
   207   2.628996134855501e-13
   208   2.345727280910769e-13
   209   2.081329396845894e-13
   210   1.802940330341827e-13
[TRUERES]    210  1.802940330341827e-13  1.802940330341827e-13
   211   1.592108955110971e-13
   212   1.388145325894694e-13
   213   1.190891270507408e-13
   214   1.040477091086078e-13
   215   8.890161781615159e-14
   216   7.583464681693255e-14
   217   6.558228432389646e-14
   218   5.527750027194111e-14
   219   4.701812440780161e-14
   220   4.030426189777963e-14
[TRUERES]    220  4.030426189777963e-14  4.030426189777963e-14
   221   3.395878999966642e-14
   222   2.937365665784645e-14
   223   2.551358577248668e-14
   224   2.200574964165070e-14
   225   1.962366137058760e-14
   226   1.747987601097883e-14
   227   1.566380289515661e-14
   228   1.449521890330875e-14
   229   1.331776966163253e-14
   230   1.240161796480787e-14
[TRUERES]    230  1.240161796480787e-14  1.240161796480787e-14
   231   1.185971639169079e-14
   232   1.120506251870400e-14
   233   1.082145130201924e-14
   234   1.058485625081804e-14
   235   1.021508461464654e-14
   236   1.006846776849548e-14
   237   9.826891156102458e-15
   238   9.417798217453700e-15
   239   9.155865938603294e-15
   240   8.703103208709037e-15
[TRUERES]    240  8.703103208709037e-15  8.703103208709037e-15
   241   8.154035083536427e-15
   242   7.695537384565339e-15
   243   7.049100708281758e-15
   244   6.428079410875208e-15
   245   5.846624957428652e-15
   246   5.154208669777721e-15
   247   4.569778457180136e-15
   248   4.037625753684744e-15
   249   3.497615735198681e-15
   250   3.091061515183766e-15
[TRUERES]    250  3.091061515183766e-15  3.091061515183766e-15
   251   2.702486419380377e-15
   252   2.333845405640152e-15
   253   2.049822525383054e-15
   254   1.764796449042174e-15
   255   1.511856222058988e-15
   256   1.309393804321479e-15
   257   1.110641672092794e-15
   258   9.540882976409142e-16
   259   8.306265606356566e-16
   260   7.132905947367375e-16
[TRUERES]    260  7.132905947367375e-16  7.132905947367375e-16
   261   6.267558875218855e-16
   262   5.536686366283650e-16
   263   4.870339723813545e-16
   264   4.396776942752864e-16
   265   3.959687019254472e-16
   266   3.554676530251731e-16
   267   3.280487383221184e-16
   268   3.003578544839266e-16
   269   2.787335737406726e-16
   270   2.646730081874588e-16
[TRUERES]    270  2.646730081874588e-16  2.646730081874588e-16
   271   2.492109466579844e-16
   272   2.394958753933647e-16
   273   2.322160985948920e-16
   274   2.218323906329159e-16
   275   2.156061160317374e-16
   276   2.078691653722649e-16
   277   1.972683284099059e-16
   278   1.890027054465886e-16
   279   1.774530617635955e-16
   280   1.643863372722888e-16
[TRUERES]    280  1.643863372722888e-16  1.643863372722888e-16
   281   1.532832674612966e-16
   282   1.394205200749015e-16
   283   1.266128317864582e-16
   284   1.150377748216670e-16
   285   1.021161169550738e-16
   286   9.157725549344982e-17
   287   8.196512814269540e-17
   288   7.189983045590010e-17
   289   6.370096172361193e-17
   290   5.560590365646356e-17
[TRUERES]    290  5.560590365646356e-17  5.560590365646356e-17
   291   4.787057026465705e-17
   292   4.179789011224416e-17
   293   3.593639416221970e-17
   294   3.088951359852566e-17
   295   2.696110616427443e-17
   296   2.317360156596616e-17
   297   2.011086054968901e-17
   298   1.756861275013717e-17
   299   1.512702029759140e-17
   300   1.324196780665279e-17
[TRUERES]    300  1.324196780665279e-17  1.324196780665279e-17
   301   1.163851984023081e-17
   302   1.016768130610031e-17
   303   9.096350100121085e-18
   304   8.107064543607271e-18
   305   7.211347005869396e-18
   306   6.555426988445614e-18
   307   5.930530039801639e-18
   308   5.447563919238944e-18
   309   5.116050824220238e-18
   310   4.758917458419990e-18
[TRUERES]    310  4.758917458419990e-18  4.758917458419990e-18
   311   4.501921819191128e-18
   312   4.301182378058311e-18
   313   4.052459123222210e-18
   314   3.874607026609480e-18
   315   3.681576338455042e-18
   316   3.458949987546565e-18
   317   3.296097594154315e-18
   318   3.089476971800341e-18
   319   2.867838708856246e-18
   320   2.670263887100386e-18
[TRUERES]    320  2.670263887100386e-18  2.670263887100386e-18
   321   2.418009894295481e-18
   322   2.173106543330834e-18
   323   1.950288848776039e-18
   324   1.701326478338566e-18
   325   1.492864436305576e-18
   326   1.304131025881069e-18
   327   1.119165842682291e-18
   328   9.684120451949372e-19
   329   8.304454619379613e-19
   330   7.037321281368256e-19
[TRUERES]    330  7.037321281368256e-19  7.037321281368256e-19
   331   6.058663198642442e-19
   332   5.159473000950722e-19
   333   4.406960704783880e-19
   334   3.811863307202249e-19
   335   3.253225656026326e-19
   336   2.802648572716791e-19
   337   2.435019094162594e-19
   338   2.089575752402653e-19
   339   1.818347344035281e-19
   340   1.588249677042696e-19
[TRUERES]    340  1.588249677042696e-19  1.588249677042696e-19
   341   1.375019002060740e-19
   342   1.207730562261425e-19
   343   1.049210605777107e-19
   344   9.064334289326226e-20
   345   7.954789813474003e-20
   346   6.941695596774801e-20
   347   6.121299596514731e-20
   348   5.491231106983176e-20
   349   4.894094137078387e-20
   350   4.446943251186972e-20
[TRUERES]    350  4.446943251186972e-20  4.446943251186972e-20
   351   4.100029742123216e-20
   352   3.766912794010429e-20
   353   3.544842135408947e-20
   354   3.357730339669987e-20
   355   3.170908613388816e-20
   356   3.048612540234877e-20
   357   2.905219004943649e-20
   358   2.765782590193420e-20
   359   2.660629390157486e-20
   360   2.521136201579338e-20
[TRUERES]    360  2.521136201579338e-20  2.521136201579338e-20
   361   2.390012847091876e-20
   362   2.274355957864812e-20
   363   2.128175047129320e-20
   364   2.006029663421009e-20
   365   1.884291034141822e-20
   366   1.736113529669705e-20
   367   1.612963461072847e-20
   368   1.481958754142819e-20
   369   1.344829649711988e-20
   370   1.228481624218200e-20
[TRUERES]    370  1.228481624218200e-20  1.228481624218200e-20
   371   1.104455461987631e-20
   372   9.877627793730599e-21
   373   8.903412453671468e-21
   374   7.849428236858279e-21
   375   6.903222109882312e-21
   376   6.050969799834049e-21
   377   5.210171825630031e-21
   378   4.534125616456082e-21
   379   3.935217970185903e-21
   380   3.392585470373250e-21
[TRUERES]    380  3.392585470373250e-21  3.392585470373250e-21
   381   2.980844732475618e-21
   382   2.618501446828124e-21
   383   2.309557605104784e-21
   384   2.087443969121424e-21
   385   1.885715821575816e-21
   386   1.722015324574876e-21
   387   1.598667614095679e-21
   388   1.473725573154109e-21
   389   1.378356692131284e-21
   390   1.301447358297335e-21
[TRUERES]    390  1.301447358297335e-21  1.301447358297335e-21
   391   1.221842996287695e-21
   392   1.165868070578709e-21
   393   1.115071442600216e-21
   394   1.060261879051312e-21
   395   1.025395361968456e-21
   396   9.841304918427409e-22
   397   9.433761253765001e-22
   398   9.143784665552305e-22
   399   8.713846482672736e-22
   400   8.279600506300513e-22
[TRUERES]    400  8.279600506300513e-22  8.279600506300513e-22
   401   7.857443886659858e-22
   402   7.319742596610835e-22
   403   6.845821667229110e-22
   404   6.364903833436963e-22
   405   5.823463132442373e-22
   406   5.338867784040718e-22
   407   4.796585506410791e-22
   408   4.223071607472483e-22
   409   3.717245929324656e-22
   410   3.196030035531368e-22
[TRUERES]    410  3.196030035531368e-22  3.196030035531368e-22
   411   2.730611688231131e-22
   412   2.342727054274219e-22
   413   1.984760895510756e-22
   414   1.690186947443072e-22
   415   1.444660481235004e-22
   416   1.219174787068776e-22
   417   1.039999354885682e-22
   418   8.861431101012917e-23
   419   7.479945655890653e-23
   420   6.397426706415984e-23
[TRUERES]    420  6.397426706415984e-23  6.397426706415984e-23
   421   5.451576103390488e-23
   422   4.634425449998138e-23
   423   3.992289852130088e-23
   424   3.420834030333600e-23
   425   2.957931599000773e-23
   426   2.597543251955318e-23
   427   2.278913182094668e-23
   428   2.038801020779323e-23
   429   1.852675329744148e-23
   430   1.687125454276431e-23
[TRUERES]    430  1.687125454276431e-23  1.687125454276431e-23
   431   1.568691659814485e-23
   432   1.466844847678012e-23
   433   1.374453006728975e-23
   434   1.309194445237946e-23
   435   1.240320422940901e-23
   436   1.172548442803846e-23
   437   1.115722208936915e-23
   438   1.049343619461392e-23
   439   9.876496705072792e-24
   440   9.316946101010882e-24
[TRUERES]    440  9.316946101010882e-24  9.316946101010882e-24
   441   8.645320631281402e-24
   442   8.045301512879805e-24
   443   7.435868824470351e-24
   444   6.777387897195135e-24
   445   6.230809900150849e-24
   446   5.688006941580528e-24
   447   5.153560995069451e-24
   448   4.697044668946770e-24
   449   4.211580960217568e-24
   450   3.747274102224292e-24
[TRUERES]    450  3.747274102224292e-24  3.747274102224292e-24
   451   3.333317927248603e-24
   452   2.910507990956343e-24
   453   2.542437738746820e-24
   454   2.220025670966756e-24
   455   1.908983639027821e-24
   456   1.647421799642824e-24
   457   1.407883747078569e-24
   458   1.190243036582756e-24
   459   1.017873879711478e-24
   460   8.659727228605858e-25
[TRUERES]    460  8.659727228605858e-25  8.659727228605858e-25
   461   7.344465395168945e-25
   462   6.311336990752036e-25
   463   5.376115082689117e-25
   464   4.591344983559116e-25
   465   3.954639747536565e-25
   466   3.373468365350787e-25
   467   2.905522391482501e-25
   468   2.520926931156757e-25
   469   2.182171852440028e-25
   470   1.928131147679290e-25
[TRUERES]    470  1.928131147679290e-25  1.928131147679290e-25
   471   1.716773292032960e-25
   472   1.536743586357765e-25
   473   1.409632912203509e-25
   474   1.299051342989472e-25
   475   1.202434743381173e-25
   476   1.130434706170551e-25
   477   1.056889178688729e-25
   478   9.962025127516310e-26
   479   9.482029570964402e-26
   480   8.965585008757069e-26
[TRUERES]    480  8.965585008757069e-26  8.965585008757069e-26
   481   8.574408274454316e-26
   482   8.215755745007972e-26
   483   7.802823074134111e-26
   484   7.472324243203981e-26
   485   7.087774781864612e-26
   486   6.662983734877835e-26
   487   6.291885941752178e-26
   488   5.852811852386764e-26
   489   5.402014977968793e-26
   490   4.968147327867818e-26
[TRUERES]    490  4.968147327867818e-26  4.968147327867818e-26
   491   4.452229989585945e-26
   492   3.936185567326600e-26
   493   3.440987683983880e-26
   494   2.954528289926687e-26
   495   2.548298002157052e-26
   496   2.185966927093116e-26
   497   1.860432577498298e-26
   498   1.594942083664203e-26
   499   1.358787852523634e-26
   500   1.151960148928893e-26
[TRUERES]    500  1.151960148928893e-26  1.151960148928893e-26
   501   9.839003641793806e-27
   502   8.315246741506914e-27
   503   7.011841687946581e-27
   504   5.954184585061392e-27
   505   5.018708042295939e-27
   506   4.273472939261718e-27
   507   3.669513024741715e-27
   508   3.147924593117228e-27
   509   2.741511647021254e-27
   510   2.398301527242994e-27
[TRUERES]    510  2.398301527242994e-27  2.398301527242994e-27
   511   2.102614063621128e-27
   512   1.884572081340693e-27
   513   1.695313893765606e-27
   514   1.535318572129176e-27
   515   1.416194114721670e-27
   516   1.305128907418459e-27
   517   1.215671090741378e-27
   518   1.144675497643644e-27
   519   1.068416502541775e-27
   520   1.006510936110429e-27
[TRUERES]    520  1.006510936110429e-27  1.006510936110429e-27
   521   9.501377781545841e-28
   522   8.895171107791607e-28
   523   8.403119870509835e-28
   524   7.874293660429832e-28
   525   7.302125095838701e-28
   526   6.788995164383712e-28
   527   6.228671173282232e-28
   528   5.678294259460560e-28
   529   5.188968997883590e-28
   530   4.674667869528688e-28
[TRUERES]    530  4.674667869528688e-28  4.674667869528688e-28
   531   4.209776504159883e-28
   532   3.800971483016233e-28
   533   3.386981181519860e-28
   534   3.019327075079526e-28
   535   2.660448085165453e-28
   536   2.311344809851512e-28
   537   2.004094991798265e-28
   538   1.716560689816121e-28
   539   1.456086375578006e-28
   540   1.239915026894236e-28
[TRUERES]    540  1.239915026894236e-28  1.239915026894236e-28
   541   1.044850788019709e-28
   542   8.837879390706707e-29
   543   7.533287627384296e-29
   544   6.404794712938927e-29
   545   5.509028331994059e-29
   546   4.803365876084611e-29
   547   4.200233225556631e-29
   548   3.756957855469946e-29
   549   3.394064447367087e-29
   550   3.083253721141640e-29
[TRUERES]    550  3.083253721141640e-29  3.083253721141640e-29
   551   2.851986551598871e-29
   552   2.639688759327459e-29
   553   2.460140807561593e-29
   554   2.318715248392611e-29
   555   2.179076689781810e-29
   556   2.068290352503351e-29
   557   1.983153890763518e-29
   558   1.895691898965565e-29
   559   1.827403019734856e-29
   560   1.759742556062240e-29
[TRUERES]    560  1.759742556062240e-29  1.759742556062240e-29
   561   1.679254825438472e-29
   562   1.608258881866047e-29
   563   1.523761816090256e-29
   564   1.424441126535574e-29
   565   1.330813776828773e-29
   566   1.224764018860886e-29
   567   1.115682937580948e-29
   568   1.010465088024109e-29
   569   8.950649938917543e-30
   570   7.878655689776958e-30
[TRUERES]    570  7.878655689776958e-30  7.878655689776958e-30
   571   6.892751720438914e-30
   572   5.954659832919245e-30
   573   5.171624791807451e-30
   574   4.473401995239134e-30
   575   3.838463721943175e-30
   576   3.312935927439861e-30
   577   2.833447355514331e-30
   578   2.408205935475661e-30
   579   2.061821505579164e-30
   580   1.753830035598902e-30
[TRUERES]    580  1.753830035598902e-30  1.753830035598902e-30
   581   1.495212537204585e-30
   582   1.279432173465147e-30
   583   1.083220705946141e-30
   584   9.206023957235395e-31
   585   7.859034323823510e-31
   586   6.702197489574852e-31
   587   5.799006188632772e-31
   588   5.043665730565415e-31
   589   4.393456954756969e-31
   590   3.880571026236750e-31
[TRUERES]    590  3.880571026236750e-31  3.880571026236750e-31
   591   3.417284585168288e-31
   592   3.015993301113272e-31
   593   2.688622976325030e-31
   594   2.392346135986934e-31
   595   2.144412820736504e-31
   596   1.940443825991177e-31
   597   1.748320260492474e-31
   598   1.587983081041080e-31
   599   1.448757507592940e-31
   600   1.318956860938635e-31
[TRUERES]    600  1.318956860938635e-31  1.318956860938635e-31
   601   1.214171784167169e-31
   602   1.115698661346842e-31
   603   1.024835810584681e-31
   604   9.499757347718243e-32
   605   8.740090106864029e-32
   606   8.019242136335721e-32
   607   7.366735135200658e-32
   608   6.686930323793996e-32
   609   6.068333392190579e-32
   610   5.479811755153493e-32
[TRUERES]    610  5.479811755153493e-32  5.479811755153493e-32
   611   4.880058229802804e-32
   612   4.353221337939595e-32
   613   3.842807068883105e-32
   614   3.343488504543566e-32
   615   2.913015548588516e-32
   616   2.510301843722683e-32
   617   2.147995715574624e-32
   618   1.835364823968683e-32
   619   1.546945644874956e-32
   620   1.300164362106334e-32
[TRUERES]    620  1.300164362106334e-32  1.300164362106334e-32
   621   1.094878396602581e-32
   622   9.105177024497122e-33
   623   7.601380499639117e-33
   624   6.361877065489702e-33
   625   5.304501630363206e-33
   626   4.476690497011545e-33
   627   3.774770302503676e-33
   628   3.169451652634288e-33
   629   2.683890746727457e-33
   630   2.255612961175867e-33
[TRUERES]    630  2.255612961175867e-33  2.255612961175867e-33
   631   1.895383660908301e-33
   632   1.603758502359651e-33
   633   1.348862820047871e-33
   634   1.139457690475701e-33
   635   9.697139819598820e-34
   636   8.230514134815876e-34
   637   7.084927863055450e-34
   638   6.132447807654359e-34
   639   5.312280705215895e-34
   640   4.672584313877446e-34
[TRUERES]    640  4.672584313877446e-34  4.672584313877446e-34
   641   4.121336093773788e-34
   642   3.642765229817385e-34
   643   3.262871826183494e-34
   644   2.925950346080064e-34
   645   2.657303072423366e-34
   646   2.453491212667775e-34
   647   2.266975255538488e-34
   648   2.114451107587767e-34
   649   1.980509191555467e-34
   650   1.840219300244036e-34
[TRUERES]    650  1.840219300244036e-34  1.840219300244036e-34
   651   1.721139670079130e-34
   652   1.604611930813667e-34
   653   1.485030976609867e-34
   654   1.379356018146281e-34
   655   1.269037671745338e-34
   656   1.163281600741023e-34
   657   1.071027494790857e-34
   658   9.739525862646881e-35
   659   8.805540182364782e-35
   660   7.912960958304115e-35
[TRUERES]    660  7.912960958304115e-35  7.912960958304115e-35
   661   6.990612085624621e-35
   662   6.153939841489553e-35
   663   5.390503167464475e-35
   664   4.655120394583090e-35
   665   4.027262789430899e-35
   666   3.453153880260157e-35
   667   2.941826108669242e-35
   668   2.518452371830987e-35
   669   2.139661038093214e-35
   670   1.809217493227999e-35
[TRUERES]    670  1.809217493227999e-35  1.809217493227999e-35
   671   1.531758557089667e-35
   672   1.279853798787807e-35
   673   1.067744684451629e-35
   674   8.913534627916948e-36
   675   7.389905707457118e-36
   676   6.181419361764396e-36
   677   5.206399824725475e-36
   678   4.392235505386216e-36
   679   3.754036347393078e-36
   680   3.209143638628886e-36
[TRUERES]    680  3.209143638628886e-36  3.209143638628886e-36
   681   2.738132787012625e-36
   682   2.361298026919227e-36
   683   2.040605680831492e-36
   684   1.784602390868273e-36
   685   1.588809453376078e-36
   686   1.422355641823418e-36
   687   1.292729608879817e-36
   688   1.192512469949112e-36
   689   1.103740721191880e-36
   690   1.037437379635116e-36
[TRUERES]    690  1.037437379635116e-36  1.037437379635116e-36
   691   9.825242965698065e-37
   692   9.310743870372351e-37
   693   8.921001540713925e-37
   694   8.564369987530616e-37
   695   8.243437989337217e-37
   696   7.999670080289897e-37
   697   7.692377012083179e-37
   698   7.383676101094172e-37
   699   7.064120275906479e-37
   700   6.643316676627400e-37
[TRUERES]    700  6.643316676627400e-37  6.643316676627400e-37
   701   6.208022248906274e-37
   702   5.738793490604864e-37
   703   5.212949642393320e-37
   704   4.727683966463902e-37
   705   4.240148221451492e-37
   706   3.762778322505586e-37
   707   3.342522444103593e-37
   708   2.923476143583563e-37
   709   2.537310199778265e-37
   710   2.197024757696019e-37
[TRUERES]    710  2.197024757696019e-37  2.197024757696019e-37
   711   1.872406519135670e-37
   712   1.587372322662275e-37
   713   1.337330401443492e-37
   714   1.111182153687977e-37
   715   9.262434573496430e-38
   716   7.735931863155030e-38
   717   6.431849225745591e-38
   718   5.374331858638960e-38
   719   4.459912130397528e-38
   720   3.672409807870541e-38
[TRUERES]    720  3.672409807870541e-38  3.672409807870541e-38
   721   3.045891253309158e-38
   722   2.508647396510166e-38
   723   2.072061180051656e-38
   724   1.720815160396830e-38
   725   1.423197759384991e-38
   726   1.185682367481618e-38
   727   9.955982254701967e-39
   728   8.343890830494734e-39
   729   7.073944965521748e-39
   730   6.014180776327431e-39
[TRUERES]    730  6.014180776327431e-39  6.014180776327431e-39
   731   5.106686763228914e-39
   732   4.395747702291828e-39
   733   3.799816817480023e-39
   734   3.293595075751378e-39
   735   2.888484424123576e-39
   736   2.535181834106358e-39
   737   2.246217710574277e-39
   738   2.013545814447086e-39
   739   1.800837193759915e-39
   740   1.623998566147264e-39
[TRUERES]    740  1.623998566147264e-39  1.623998566147264e-39
   741   1.472931525050816e-39
   742   1.339936056768269e-39
   743   1.238836050646152e-39
   744   1.155727766290650e-39
   745   1.085417042117029e-39
   746   1.033102471814758e-39
   747   9.795651732598719e-40
   748   9.287833541584383e-40
   749   8.821193244018504e-40
   750   8.268035520868756e-40
[TRUERES]    750  8.268035520868756e-40  8.268035520868756e-40
   751   7.702458100801032e-40
   752   7.112717449016413e-40
   753   6.455942994687881e-40
   754   5.827309075065574e-40
   755   5.208937348695085e-40
   756   4.587616978169745e-40
   757   4.042598064942415e-40
   758   3.533926235553761e-40
   759   3.070424192235808e-40
   760   2.671999968637009e-40
[TRUERES]    760  2.671999968637009e-40  2.671999968637009e-40
   761   2.301433508836942e-40
   762   1.971072292664516e-40
   763   1.687569929230113e-40
   764   1.435602196367346e-40
   765   1.225480457575582e-40
   766   1.050975004600252e-40
   767   8.996630873395148e-41
   768   7.768415437877214e-41
   769   6.712175639897276e-41
   770   5.809883208077955e-41
[TRUERES]    770  5.809883208077955e-41  5.809883208077955e-41
   771   5.086390285187031e-41
   772   4.455575795283868e-41
   773   3.929445218175415e-41
   774   3.509268031757129e-41
   775   3.121134364242114e-41
   776   2.773721581681333e-41
   777   2.466851399046950e-41
   778   2.180495133594789e-41
   779   1.940896176356116e-41
   780   1.735666114072538e-41
[TRUERES]    780  1.735666114072538e-41  1.735666114072538e-41
   781   1.554844802079767e-41
   782   1.413549169141980e-41
   783   1.294515161491153e-41
   784   1.189128901555960e-41
   785   1.105024134634494e-41
   786   1.025482414705492e-41
   787   9.535500651089871e-42
   788   8.927563221575296e-42
   789   8.296453688786783e-42
   790   7.697357514209691e-42
[TRUERES]    790  7.697357514209691e-42  7.697357514209691e-42
   791   7.078388786288768e-42
   792   6.408458258680492e-42
   793   5.790927999272575e-42
   794   5.201583529085303e-42
   795   4.616489242670998e-42
   796   4.089891691315517e-42
   797   3.577293431262397e-42
   798   3.099462391146783e-42
   799   2.685104842280454e-42
   800   2.303242993112379e-42
[TRUERES]    800  2.303242993112379e-42  2.303242993112379e-42
   801   1.971552490631771e-42
   802   1.691212333341529e-42
   803   1.438637068363857e-42
   804   1.225244704491437e-42
   805   1.042370624049488e-42
   806   8.798481587385269e-43
   807   7.460337924104799e-43
   808   6.315806380639570e-43
   809   5.301498029085545e-43
   810   4.461392887996737e-43
[TRUERES]    810  4.461392887996737e-43  4.461392887996737e-43
   811   3.727688400975981e-43
   812   3.110571768006101e-43
   813   2.600194194025338e-43
   814   2.152349888331840e-43
   815   1.777787883021626e-43
   816   1.472008752044788e-43
   817   1.213974726209228e-43
   818   1.006978292736259e-43
   819   8.395112948084570e-44
   820   7.014230154797496e-44
[TRUERES]    820  7.014230154797496e-44  7.014230154797496e-44
   821   5.944973861110689e-44
   822   5.078140695474319e-44
   823   4.362825578816549e-44
   824   3.810103320288456e-44
   825   3.342843519105409e-44
   826   2.961458408906927e-44
   827   2.661643143549140e-44
   828   2.401156037526378e-44
   829   2.192159495633693e-44
   830   2.022596545328807e-44
[TRUERES]    830  2.022596545328807e-44  2.022596545328807e-44
   831   1.860995040070530e-44
   832   1.723386709937076e-44
   833   1.597212814178673e-44
   834   1.478609859801132e-44
   835   1.383193205570120e-44
   836   1.300586280161829e-44
   837   1.224874171906347e-44
   838   1.165629981872084e-44
   839   1.107568131022518e-44
   840   1.053944714641728e-44
[TRUERES]    840  1.053944714641728e-44  1.053944714641728e-44
   841   1.007572481536521e-44
   842   9.543917573075889e-45
   843   9.003947155740253e-45
   844   8.432193321654554e-45
   845   7.802893001701668e-45
   846   7.196932782661953e-45
   847   6.551023189789090e-45
   848   5.881536664374338e-45
   849   5.265144003149349e-45
   850   4.661362076667011e-45
[TRUERES]    850  4.661362076667011e-45  4.661362076667011e-45
   851   4.098072310824184e-45
   852   3.594333586216831e-45
   853   3.109909659462792e-45
   854   2.673231194961599e-45
   855   2.286290092978747e-45
   856   1.926256710802518e-45
   857   1.619040257726119e-45
   858   1.352659660123785e-45
   859   1.122907497107897e-45
   860   9.379822729474620e-46
[TRUERES]    860  9.379822729474620e-46  9.379822729474620e-46
   861   7.839268916930983e-46
   862   6.557607580591164e-46
   863   5.543630295883323e-46
   864   4.683653984857733e-46
   865   3.980208588442009e-46
   866   3.414402125486641e-46
   867   2.932517372807882e-46
   868   2.531762415142885e-46
   869   2.192949408291889e-46
   870   1.891701946812133e-46
[TRUERES]    870  1.891701946812133e-46  1.891701946812133e-46
   871   1.645388366436810e-46
   872   1.442243076699179e-46
   873   1.269680754861117e-46
   874   1.135267566936315e-46
   875   1.021993186747002e-46
   876   9.292186960121221e-47
   877   8.606916203098359e-47
   878   8.008227464437633e-47
   879   7.489143132309872e-47
   880   7.035448902488577e-47
[TRUERES]    880  7.035448902488577e-47  7.035448902488577e-47
   881   6.586107202655763e-47
   882   6.212437765384723e-47
   883   5.884281773277370e-47
   884   5.561319353632385e-47
   885   5.279957847259914e-47
   886   4.981260216238322e-47
   887   4.652437633763104e-47
   888   4.339454324056099e-47
   889   3.992487157900262e-47
   890   3.637621832192372e-47
[TRUERES]    890  3.637621832192372e-47  3.637621832192372e-47
   891   3.289960125277398e-47
   892   2.923999416557030e-47
   893   2.576960306673268e-47
   894   2.254440236345479e-47
   895   1.946583384416839e-47
   896   1.677565288946173e-47
   897   1.434384323434862e-47
   898   1.210774424901865e-47
   899   1.018234801127647e-47
   900   8.474438031069094e-48
[TRUERES]    900  8.474438031069094e-48  8.474438031069094e-48
   901   6.982071312622146e-48
   902   5.763339744435688e-48
   903   4.737038057364406e-48
   904   3.894621169332170e-48
   905   3.213865894744599e-48
   906   2.629297696664295e-48
   907   2.153928585464907e-48
   908   1.764755257008204e-48
   909   1.438148491134231e-48
   910   1.179786989825895e-48
[TRUERES]    910  1.179786989825895e-48  1.179786989825895e-48
   911   9.684522638557301e-49
   912   7.947085531977022e-49
   913   6.595840214148561e-49
   914   5.503031604263993e-49
   915   4.625873930314154e-49
   916   3.938131813521496e-49
   917   3.365309978792019e-49
   918   2.891965720181394e-49
   919   2.501732711090891e-49
   920   2.161210120820270e-49
[TRUERES]    920  2.161210120820270e-49  2.161210120820270e-49
   921   1.884789965088969e-49
   922   1.653751506826787e-49
   923   1.455376730113211e-49
   924   1.298565697807406e-49
   925   1.169886453135824e-49
   926   1.064206802826177e-49
   927   9.861544569608344e-50
   928   9.222230459207698e-50
   929   8.683880411515181e-50
   930   8.202311652418051e-50
[TRUERES]    930  8.202311652418051e-50  8.202311652418051e-50
   931   7.698448355125818e-50
   932   7.243546381892666e-50
   933   6.835700598046099e-50
   934   6.411501102156962e-50
   935   6.024156998506949e-50
   936   5.641849520319711e-50
   937   5.233993312630523e-50
   938   4.822940065978785e-50
   939   4.379749855611565e-50
   940   3.910532154228049e-50
[TRUERES]    940  3.910532154228049e-50  3.910532154228049e-50
   941   3.461170508045876e-50
   942   3.008692296583738e-50
   943   2.581099964189372e-50
   944   2.204271197970461e-50
   945   1.859270279577498e-50
   946   1.566419715940662e-50
   947   1.319044481132063e-50
   948   1.098780178041673e-50
   949   9.173567313537688e-51
   950   7.611832503338555e-51
[TRUERES]    950  7.611832503338555e-51  7.611832503338555e-51
   951   6.275429686626019e-51
   952   5.198616431034714e-51
   953   4.301483155166327e-51
   954   3.558612643365145e-51
   955   2.963926371159749e-51
   956   2.468183618225000e-51
   957   2.064902090965059e-51
   958   1.735705043933810e-51
   959   1.449906515674854e-51
   960   1.215438284560713e-51
[TRUERES]    960  1.215438284560713e-51  1.215438284560713e-51
   961   1.018671610723540e-51
   962   8.515761086607912e-52
   963   7.181399205505775e-52
   964   6.075301880023726e-52
   965   5.145167416688792e-52
   966   4.403129719993011e-52
   967   3.778947239705606e-52
   968   3.261363370598187e-52
   969   2.844451418830768e-52
   970   2.487005709441350e-52
[TRUERES]    970  2.487005709441350e-52  2.487005709441350e-52
   971   2.194574365842074e-52
   972   1.962992914343660e-52
   973   1.765171147700620e-52
   974   1.609343901655436e-52
   975   1.479448271232641e-52
   976   1.370813301013499e-52
   977   1.290993592415175e-52
   978   1.219238242409228e-52
   979   1.152680311744798e-52
   980   1.094330130100566e-52
[TRUERES]    980  1.094330130100566e-52  1.094330130100566e-52
   981   1.031554653876231e-52
   982   9.681949333604684e-53
   983   9.057662758288876e-53
   984   8.346188927230239e-53
   985   7.645629425569454e-53
   986   6.945567654903160e-53
   987   6.213444155319254e-53
   988   5.531150781650211e-53
   989   4.871425405401752e-53
   990   4.239171481720606e-53
[TRUERES]    990  4.239171481720606e-53  4.239171481720606e-53
   991   3.683060805763062e-53
   992   3.162264514129275e-53
   993   2.686008754396559e-53
   994   2.272394128852561e-53
   995   1.904877207330905e-53
   996   1.594160519476433e-53
   997   1.333177765738966e-53
   998   1.105362337500164e-53
   999   9.175939343992189e-54
  1000   7.583987762007673e-54
[TRUERES]   1000  7.583987762007673e-54  7.583987762007673e-54
  1001   6.212702331813829e-54
  1002   5.089039663859995e-54
  1003   4.145940495701448e-54
  1004   3.363048178331807e-54
  1005   2.736974917366927e-54
  1006   2.215634434309103e-54
  1007   1.795682877895852e-54
  1008   1.465444461836044e-54
  1009   1.190052263460776e-54
  1010   9.664746060800650e-55
[TRUERES]   1010  9.664746060800650e-55  9.664746060800650e-55
  1011   7.865441894659811e-55
  1012   6.364040352666760e-55
  1013   5.174308651989915e-55
  1014   4.217743837420200e-55
  1015   3.435288921679544e-55
  1016   2.818898869176554e-55
  1017   2.321042837109046e-55
  1018   1.919825463017795e-55
  1019   1.606256742963445e-55
  1020   1.349133030526841e-55
[TRUERES]   1020  1.349133030526841e-55  1.349133030526841e-55
  1021   1.139810794240961e-55
  1022   9.709404909719263e-56
  1023   8.272112906313078e-56
  1024   7.106159896501558e-56
  1025   6.152285053187174e-56
  1026   5.342839840337226e-56
  1027   4.697864174734458e-56
  1028   4.168708426556230e-56
  1029   3.709340152115611e-56
  1030   3.339295754425604e-56
[TRUERES]   1030  3.339295754425604e-56  3.339295754425604e-56
  1031   3.012813652399785e-56
  1032   2.728097830787661e-56
  1033   2.489987981504305e-56
  1034   2.268746019146873e-56
  1035   2.076347475831500e-56
  1036   1.911762369796220e-56
  1037   1.757540236244207e-56
  1038   1.619569702602680e-56
  1039   1.493118738515239e-56
  1040   1.370924184720681e-56
[TRUERES]   1040  1.370924184720681e-56  1.370924184720681e-56
  1041   1.266277820009422e-56
  1042   1.172272817309313e-56
  1043   1.081546345257458e-56
  1044   1.001200020103665e-56
  1045   9.196876109379460e-57
  1046   8.404927082008429e-57
  1047   7.638152564245118e-57
  1048   6.834163534739418e-57
  1049   6.059200595752245e-57
  1050   5.318751382705463e-57
[TRUERES]   1050  5.318751382705463e-57  5.318751382705463e-57
  1051   4.595547304226800e-57
  1052   3.943780270209111e-57
  1053   3.366274803496137e-57
  1054   2.841532644802527e-57
  1055   2.393242520100561e-57
  1056   1.995405625091748e-57
  1057   1.652962767597428e-57
  1058   1.370468811341298e-57
  1059   1.127126595860609e-57
  1060   9.254444303984073e-58
[TRUERES]   1060  9.254444303984073e-58  9.254444303984073e-58
  1061   7.604961042105975e-58
  1062   6.210284431967208e-58
  1063   5.080437093100464e-58
  1064   4.173349000023003e-58
  1065   3.413775176926605e-58
  1066   2.802834532408752e-58
  1067   2.303431640243586e-58
  1068   1.880112774449567e-58
  1069   1.537903016940833e-58
  1070   1.254945011090674e-58
[TRUERES]   1070  1.254945011090674e-58  1.254945011090674e-58
  1071   1.024289486066732e-58
  1072   8.417118070159527e-59
  1073   6.904187689130254e-59
  1074   5.655033133699896e-59
  1075   4.644520636717494e-59
  1076   3.796010303846349e-59
  1077   3.115724067783218e-59
  1078   2.568857071145278e-59
  1079   2.117194183487958e-59
  1080   1.762746572976434e-59
[TRUERES]   1080  1.762746572976434e-59  1.762746572976434e-59
  1081   1.475265343885203e-59
  1082   1.239722606775589e-59
  1083   1.051999125621991e-59
  1084   8.959736321239873e-60
  1085   7.701366556388234e-60
  1086   6.708523803796345e-60
  1087   5.882655337235206e-60
  1088   5.223599870905649e-60
  1089   4.702826635282190e-60
  1090   4.257395999681396e-60
[TRUERES]   1090  4.257395999681396e-60  4.257395999681396e-60
  1091   3.893282222074126e-60
  1092   3.583752150886292e-60
  1093   3.298231262822641e-60
  1094   3.062623164741844e-60
  1095   2.858742155823052e-60
  1096   2.677733428339702e-60
  1097   2.530303725366653e-60
  1098   2.381344514206005e-60
  1099   2.221365900441415e-60
  1100   2.062444216995417e-60
[TRUERES]   1100  2.062444216995417e-60  2.062444216995417e-60
  1101   1.890580348500346e-60
  1102   1.727440925589894e-60
  1103   1.572697569314965e-60
  1104   1.414395374570823e-60
  1105   1.263612045864581e-60
  1106   1.118905499070274e-60
  1107   9.759583668763432e-61
  1108   8.469949152782778e-61
  1109   7.271040924843370e-61
  1110   6.195853237791768e-61
[TRUERES]   1110  6.195853237791768e-61  6.195853237791768e-61
  1111   5.274111631725566e-61
  1112   4.441087826781557e-61
  1113   3.721454296351311e-61
  1114   3.108188064879098e-61
  1115   2.566304043744195e-61
  1116   2.120109231264270e-61
  1117   1.749340809615343e-61
  1118   1.433598846797037e-61
  1119   1.180779361534014e-61
  1120   9.728917558946017e-62
[TRUERES]   1120  9.728917558946017e-62  9.728917558946017e-62
  1121   7.968741519223371e-62
  1122   6.530120310059157e-62
  1123   5.328347608750865e-62
  1124   4.337992430848017e-62
  1125   3.551276167250158e-62
  1126   2.905521721652051e-62
  1127   2.378447311907824e-62
  1128   1.953219201062458e-62
  1129   1.596008732461444e-62
  1130   1.306308383587251e-62
[TRUERES]   1130  1.306308383587251e-62  1.306308383587251e-62
  1131   1.067512634889011e-62
  1132   8.662067917755300e-63
  1133   7.015302557475636e-63
  1134   5.663016913216577e-63
  1135   4.565034868242266e-63
  1136   3.697345905531117e-63
  1137   2.995058760107063e-63
  1138   2.425103973295301e-63
  1139   1.973466760838109e-63
  1140   1.595987187115605e-63
[TRUERES]   1140  1.595987187115605e-63  1.595987187115605e-63
  1141   1.293210798966855e-63
  1142   1.047901256703513e-63
  1143   8.467414579455354e-64
  1144   6.866901879585434e-64
  1145   5.577154310929017e-64
  1146   4.507438389216831e-64
  1147   3.658406925570990e-64
  1148   2.960476337953279e-64
  1149   2.383015932692350e-64
  1150   1.923076602095886e-64
[TRUERES]   1150  1.923076602095886e-64  1.923076602095886e-64
  1151   1.542695862557676e-64
  1152   1.233193237881767e-64
  1153   9.872296149731987e-65
  1154   7.865072894208233e-65
  1155   6.269853374088094e-65
  1156   4.991654872513400e-65
  1157   3.958624501298386e-65
  1158   3.160244379322783e-65
  1159   2.521487928544377e-65
  1160   1.998485152917441e-65
[TRUERES]   1160  1.998485152917441e-65  1.998485152917441e-65
  1161   1.587355061497484e-65
  1162   1.255597543074060e-65
  1163   9.879125878362670e-66
  1164   7.804542024061457e-66
  1165   6.163706547575822e-66
  1166   4.881373752334006e-66
  1167   3.880497717948030e-66
  1168   3.078330108478677e-66
  1169   2.449896524053135e-66
  1170   1.952049624244410e-66
[TRUERES]   1170  1.952049624244410e-66  1.952049624244410e-66
  1171   1.546332420629378e-66
  1172   1.225604830488665e-66
  1173   9.706964449321029e-67
  1174   7.656815945448365e-67
  1175   6.071663980354202e-67
  1176   4.811365298364009e-67
  1177   3.822452102386815e-67
  1178   3.051024688098326e-67
  1179   2.423448350959805e-67
  1180   1.924867344095499e-67
[TRUERES]   1180  1.924867344095499e-67  1.924867344095499e-67
  1181   1.533121217374598e-67
  1182   1.216120438010862e-67
  1183   9.662516504407714e-68
  1184   7.687515035138350e-68
  1185   6.091534626684611e-68
  1186   4.836946994616243e-68
  1187   3.838091394606751e-68
  1188   3.042625938437968e-68
  1189   2.426271660920403e-68
  1190   1.933710890130550e-68
[TRUERES]   1190  1.933710890130550e-68  1.933710890130550e-68
  1191   1.542804487845638e-68
  1192   1.238361073796778e-68
  1193   9.900900413149175e-69
  1194   7.901232614367285e-69
  1195   6.315497734531243e-69
  1196   5.007797657723962e-69
  1197   3.974668489644532e-69
  1198   3.160733104503168e-69
  1199   2.501974522544019e-69
  1200   1.988776461440333e-69
[TRUERES]   1200  1.988776461440333e-69  1.988776461440332e-69
  1201   1.574342174742161e-69
  1202   1.239499115766539e-69
  1203   9.775880968742248e-70
  1204   7.681967898229764e-70
  1205   6.028511023906480e-70
  1206   4.759465384725442e-70
  1207   3.764550576500862e-70
  1208   2.990341392619984e-70
  1209   2.401878156350087e-70
  1210   1.928588059766730e-70
[TRUERES]   1210  1.928588059766730e-70  1.928588059766732e-70
  1211   1.558388564169309e-70
  1212   1.264049297273923e-70
  1213   1.020640047911789e-70
  1214   8.281152961906423e-71
  1215   6.732938180755007e-71
  1216   5.470695244009494e-71
  1217   4.462095998658505e-71
  1218   3.627484905016706e-71
  1219   2.934592217257190e-71
  1220   2.371951181153807e-71
[TRUERES]   1220  2.371951181153807e-71  2.371951181153810e-71
  1221   1.900759646676566e-71
  1222   1.519563821134755e-71
  1223   1.217620727601528e-71
  1224   9.747295128492827e-72
  1225   7.880106165753927e-72
  1226   6.424892174315887e-72
  1227   5.245775799023947e-72
  1228   4.317397669575166e-72
  1229   3.550921264287747e-72
  1230   2.914384782585769e-72
[TRUERES]   1230  2.914384782585769e-72  2.914384782585783e-72
  1231   2.392272751358427e-72
  1232   1.957744198485908e-72
  1233   1.600248768175453e-72
  1234   1.314080447870235e-72
  1235   1.074802315191976e-72
  1236   8.812545708985874e-73
  1237   7.230786865951377e-73
  1238   5.903679318461932e-73
  1239   4.833146609980952e-73
  1240   3.949097162690999e-73
[TRUERES]   1240  3.949097162690999e-73  3.949097162691013e-73
  1241   3.206463024114930e-73
  1242   2.607708105039524e-73
  1243   2.109330971700145e-73
  1244   1.702241194811780e-73
  1245   1.374984164344752e-73
  1246   1.100007723740398e-73
  1247   8.763561212981118e-74
  1248   6.973731028269319e-74
  1249   5.512891314651151e-74
  1250   4.371856530656962e-74
[TRUERES]   1250  4.371856530656962e-74  4.371856530657328e-74
  1251   3.479101454188620e-74
  1252   2.764066208470362e-74
  1253   2.208846683591371e-74
  1254   1.766554803356709e-74
  1255   1.415331960131811e-74
  1256   1.139026980202288e-74
  1257   9.119589151892825e-75
  1258   7.264300360428751e-75
  1259   5.787232372962800e-75
  1260   4.564936356663164e-75
[TRUERES]   1260  4.564936356663164e-75  4.564936356663950e-75
  1261   3.579942298333642e-75
  1262   2.807484582237492e-75
  1263   2.193431199176513e-75
  1264   1.720263991708445e-75
  1265   1.355843716162795e-75
  1266   1.068279493823070e-75
  1267   8.456018738020945e-76
  1268   6.688718889815686e-76
  1269   5.284769163182810e-76
  1270   4.193992506798591e-76
[TRUERES]   1270  4.193992506798591e-76  4.193992506800466e-76
  1271   3.321300834364636e-76
  1272   2.634974244397578e-76
  1273   2.103421371081911e-76
  1274   1.676891174221971e-76
  1275   1.338320683560654e-76
  1276   1.072018133961416e-76
  1277   8.582562224735636e-77
  1278   6.914727947650161e-77
  1279   5.578485035347450e-77
  1280   4.491711917739512e-77
[TRUERES]   1280  4.491711917739512e-77  4.491711917740007e-77
  1281   3.644715026800739e-77
  1282   2.960748948693532e-77
  1283   2.403410179446400e-77
  1284   1.960560907042538e-77
  1285   1.591618313622477e-77
  1286   1.286794529916009e-77
  1287   1.038731075774185e-77
  1288   8.312769347959021e-78
  1289   6.658170993741821e-78
  1290   5.336758547587604e-78
[TRUERES]   1290  5.336758547587604e-78  5.336758547575119e-78
  1291   4.262885858691961e-78
  1292   3.422856454258695e-78
  1293   2.761768634267285e-78
  1294   2.221995119980510e-78
  1295   1.795929329295146e-78
  1296   1.445566081086708e-78
  1297   1.162095065479917e-78
  1298   9.377317726023039e-79
  1299   7.538749009885042e-79
  1300   6.037688970603748e-79
[TRUERES]   1300  6.037688970603748e-79  6.037688970638364e-79
  1301   4.838845054531367e-79
  1302   3.850668491058861e-79
  1303   3.068009411157208e-79
  1304   2.451260925054348e-79
  1305   1.956829774431005e-79
  1306   1.571822527377651e-79
  1307   1.265527978687415e-79
  1308   1.019177656434818e-79
  1309   8.249583704753467e-80
  1310   6.653482186343837e-80
[TRUERES]   1310  6.653482186343837e-80  6.653482186206561e-80
  1311   5.337455368878754e-80
  1312   4.282920412585114e-80
  1313   3.423314179323454e-80
  1314   2.737889274921024e-80
  1315   2.197545097849009e-80
  1316   1.756431297941118e-80
  1317   1.408164588916952e-80
  1318   1.129440226648218e-80
  1319   9.021892154477125e-81
  1320   7.224267829158848e-81
[TRUERES]   1320  7.224267829158848e-81  7.224267827554664e-81
  1321   5.772869550771689e-81
  1322   4.582853753070727e-81
  1323   3.632192171242391e-81
  1324   2.861082130471362e-81
  1325   2.245783784421891e-81
  1326   1.769758562754893e-81
  1327   1.391398716329297e-81
  1328   1.097613231184098e-81
  1329   8.696512362048107e-82
  1330   6.884706815824216e-82
[TRUERES]   1330  6.884706815824216e-82  6.884706820398177e-82
  1331   5.490973774939294e-82
  1332   4.403174598463659e-82
  1333   3.526363726341034e-82
  1334   2.830536507631742e-82
  1335   2.268073348789932e-82
  1336   1.809803402127131e-82
  1337   1.448554130543571e-82
  1338   1.153499486265961e-82
  1339   9.142817806328559e-83
  1340   7.265522518088903e-83
[TRUERES]   1340  7.265522518088903e-83  7.265522523443381e-83
  1341   5.761319769649257e-83
  1342   4.589012105988067e-83
  1343   3.671777834930771e-83
  1344   2.936448233015601e-83
  1345   2.367841555523578e-83
  1346   1.920626430805420e-83
  1347   1.558370486422068e-83
  1348   1.270397492172361e-83
  1349   1.034997797543839e-83
  1350   8.410508139369019e-84
[TRUERES]   1350  8.410508139369019e-84  8.410508149703130e-84
  1351   6.845764318914268e-84
  1352   5.550458526228121e-84
  1353   4.496570962391713e-84
  1354   3.650739737205435e-84
  1355   2.940474167917727e-84
  1356   2.355280995042142e-84
  1357   1.875358182120981e-84
  1358   1.476540359003378e-84
  1359   1.160140297474421e-84
  1360   9.100690912491412e-85
[TRUERES]   1360  9.100690912491412e-85  9.100690904185514e-85
  1361   7.100238673914772e-85
  1362   5.556975050643798e-85
  1363   4.344761524481498e-85
  1364   3.392104642771980e-85
  1365   2.657447689395970e-85
  1366   2.074589052683589e-85
  1367   1.617108114998077e-85
  1368   1.264560039619555e-85
  1369   9.901735443780579e-86
  1370   7.807246441192852e-86
[TRUERES]   1370  7.807246441192852e-86  7.807246398683558e-86
  1371   6.195896612065820e-86
  1372   4.923627117215319e-86
  1373   3.934093814537891e-86
  1374   3.153573437634306e-86
  1375   2.523585292639282e-86
  1376   2.027958293452705e-86
  1377   1.623884049658459e-86
  1378   1.301077220840376e-86
  1379   1.048614803379922e-86
  1380   8.464450823181761e-87
[TRUERES]   1380  8.464450823181761e-87  8.464449357468390e-87
  1381   6.859179518407081e-87
  1382   5.591826993875021e-87
  1383   4.554965082980709e-87
  1384   3.720470268141031e-87
  1385   3.035474805643642e-87
  1386   2.457517594730886e-87
  1387   1.988715908502318e-87
  1388   1.604109267330239e-87
  1389   1.290793674612925e-87
  1390   1.042429586449815e-87
[TRUERES]   1390  1.042429586449815e-87  1.042429290725021e-87
  1391   8.372429384814210e-88
  1392   6.705430109512742e-88
  1393   5.372170106177520e-88
  1394   4.275483775904926e-88
  1395   3.397816389065433e-88
  1396   2.705492572249724e-88
  1397   2.151099549552249e-88
  1398   1.716721149134357e-88
  1399   1.373681892858785e-88
  1400   1.095058321951525e-88
[TRUERES]   1400  1.095058321951525e-88  1.095059105058551e-88
  1401   8.730709790760855e-89
  1402   6.923829911252299e-89
  1403   5.475583095412592e-89
  1404   4.343525408834679e-89
  1405   3.442677888677786e-89
  1406   2.732858206556626e-89
  1407   2.181824296398222e-89
  1408   1.741079492986418e-89
  1409   1.395375617019491e-89
  1410   1.120083122415745e-89
[TRUERES]   1410  1.120083122415745e-89  1.120097373948497e-89
  1411   8.932917427991904e-90
  1412   7.126609140376818e-90
  1413   5.669219491028436e-90
  1414   4.491357493612434e-90
  1415   3.570003940208298e-90
  1416   2.834720420576793e-90
  1417   2.242616092287569e-90
  1418   1.773666955544091e-90
  1419   1.399297060912459e-90
  1420   1.103381566781401e-90
[TRUERES]   1420  1.103381566781401e-90  1.103496783329214e-90
  1421   8.735017555147653e-91
converged:
  nconv = 1421
    0    0     1422     3.3741e-92     3.5322e-32
ASolver_CGNR<Afield<double,ACCEL> >: solver starts
  mode_prev = D
  snorm =  2.560583560137726e+01
  init:  9.766538062405788e-01
     0   4.807677181556619e-02
[TRUERES]      0  4.807677181556619e-02  4.807677181556619e-02
     1   1.231619261865631e-02
     2   1.054663075427132e-02
     3   3.932610382028229e-03
     4   1.870335258548385e-03
     5   1.617594804558939e-03
     6   7.966027477515527e-04
     7   5.007832818099642e-04
     8   4.293924488231762e-04
     9   2.419181009677181e-04
