Bridge++ 2.0.0

input filename : main.yaml

file = main.yaml

Lattice parameters:
  Lx = 16,  Ly = 16,  Lz = 16,  Lt = 16,
  Nx = 16,  Ny = 16,  Nz = 16,  Nt = 16,
  NPEx = 1,  NPEy  = 1,  NPEz  = 1,  NPEt  = 1,
  Lvol = 65536,  Nvol = 65536,  NPE = 1,
  Ndim = 4
  Nc   = 3
  Nd   = 4

ThreadManager: initialization
Warning at ThreadManager: Nthread(env) != Nthread(input)
  Number of threads(env)   = 2
  Number of threads(input) = 1
  reset Nthread = Nthread(input).
  Number of threads = 1
Main: input parameters
  lattice_size     = [16, 16, 16, 16]
  grid_size        = [1, 1, 1, 1]
  number of thread = 1
  number of color  = 3
  logfile          = stdout
  ildg_logfile     = stdout
  vlevel           = General

Alt_Accel code is being setup.
DeviceManager_CUDA: being initialized.
  process_id = 0
  number of devices = 1
  device_id = 0  is used on process = 0
------------------------------------------------
Alt_Accel: Factory entries
------------------------------------------------
AFopr<double, ACCEL> >(void):
AFopr<double, ACCEL>(Parameters&):
	Clover
	CloverTerm
	Clover_dd
	Domainwall
	Domainwall_5din
	Domainwall_5din_dd
	Domainwall_5din_eo
	Domainwall_eo
	Wilson
	Wilson_dd
AFopr<double, ACCEL>(Fopr*):
	Domainwall
AFopr<double, ACCEL>(Fopr*, Director*):
AFopr<float, ACCEL> >(void):
AFopr<float, ACCEL>(Parameters&):
	Clover
	CloverTerm
	Clover_dd
	Domainwall
	Domainwall_5din
	Domainwall_5din_dd
	Domainwall_5din_eo
	Domainwall_eo
	Wilson
	Wilson_dd
AFopr<float, ACCEL>(Fopr*):
	Domainwall
AFopr<float, ACCEL>(Fopr*, Director*):
AEigensolver<AField<float, ACCEL> >, Afopr>(Fopr*):
	IRArnoldi
	IRLanczos
------------------------------------------------
Timer: timestamp: 2026/06/06 11:08:22 +0900
file = test_alt_Spectrum_Domainwall_5din_Hadron2ptFunction.yaml

--------------------------------------------------------------------
test name: Spectrum_Domainwall_alt.hadron_2ptFunction
test file: test_alt_Spectrum_Domainwall_5din_Hadron2ptFunction.yaml
test mode: double_eo
file = test_alt_Spectrum_Domainwall_5din_Hadron2ptFunction.yaml
  vlevel       = General
  source_type  = Local
Smearing parameters (assumes APE-Stout):
   proj_type:  Stout_SU3
   smear_type: APE
   rho_uniform: 0.100000
   number_of_smearing: 0
  vlevel       = General

Configuration setup:
  gconf_status = Continue
  gconf_read   = Text
  readfile     = ./conf_real16.txt
  plaq = 0.596178

Gauge fixing:
  Gauge fixing type = None
Parameters: get_string: key 'filename_output' not found.
Elapsed time: calc_plqauette: total         0.15 sec, count    1, average         0.15 sec
plaquette (before smearing):       0.596178494528857
applying smearing
Smear_APE:
  rho =   0.1000
Director_Smear:
  Nsmear = 0
Parameters: get_string: key 'filename_output' not found.
Elapsed time: calc_plqauette: total         0.13 sec, count    1, average         0.13 sec
Elapsed time: smearig: total         0.14 sec, count    1, average         0.14 sec
plaquette (after smearing):        0.596178494528857
  gmset_type   = Dirac
Gamma matrix: dirac representation.
Fopr_Domainwall: construction
  Imp::Fopr_Wilson: construction
    Gauge group implementation: SU(3)
    Imp::Fopr_Wilson: input parameters
      gamma-matrix type = Dirac
      kappa  =   0.20833333
      boundary[0] =  1
      boundary[1] =  1
      boundary[2] =  1
      boundary[3] = -1
  Imp::Fopr_Wilson: construction finished.
  Fopr_Domainwall: input parameters
    mq   =   0.0500
    M0   =   1.6000
    Ns   =    8
    boundary[0] =  1
    boundary[1] =  1
    boundary[2] =  1
    boundary[3] = -1
    coefficients:
    b[ 0] =     1.5000000000  c[ 0] =     0.5000000000
    b[ 1] =     1.5000000000  c[ 1] =     0.5000000000
    b[ 2] =     1.5000000000  c[ 2] =     0.5000000000
    b[ 3] =     1.5000000000  c[ 3] =     0.5000000000
    b[ 4] =     1.5000000000  c[ 4] =     0.5000000000
    b[ 5] =     1.5000000000  c[ 5] =     0.5000000000
    b[ 6] =     1.5000000000  c[ 6] =     0.5000000000
    b[ 7] =     1.5000000000  c[ 7] =     0.5000000000
Fopr_Domainwall: construction finished.
Fopr_Domainwall: input parameters
  mq   =   0.0500
  M0   =   1.6000
  Ns   =    8
  boundary[0] =  1
  boundary[1] =  1
  boundary[2] =  1
  boundary[3] = -1
  coefficients:
  b[ 0] =     1.5000000000  c[ 0] =     0.5000000000
  b[ 1] =     1.5000000000  c[ 1] =     0.5000000000
  b[ 2] =     1.5000000000  c[ 2] =     0.5000000000
  b[ 3] =     1.5000000000  c[ 3] =     0.5000000000
  b[ 4] =     1.5000000000  c[ 4] =     0.5000000000
  b[ 5] =     1.5000000000  c[ 5] =     0.5000000000
  b[ 6] =     1.5000000000  c[ 6] =     0.5000000000
  b[ 7] =     1.5000000000  c[ 7] =     0.5000000000
Imp::Fopr_Wilson: construction
  Gauge group implementation: SU(3)
  Imp::Fopr_Wilson: input parameters
    gamma-matrix type = Dirac
    kappa  =   0.20833333
    boundary[0] =  1
    boundary[1] =  1
    boundary[2] =  1
    boundary[3] = -1
Imp::Fopr_Wilson: construction finished.
Source for spinor field - local:
  source_position[0] = 0
  source_position[1] = 0
  source_position[2] = 0
  source_position[3] = 0

Check of fermion operator (even-odd)
norm of source vector: 1.000000
AFopr_Domainwall_5din_eo<AField<double,ACCEL> >: construction
  do_comm[0] = 0
  do_comm[1] = 0
  do_comm[2] = 0
  do_comm[3] = 0
    extended_precision = true
    su3_reconstruction = false
  AFopr_Domainwall_5din_eo<AField<double,ACCEL> >: input parameters
    gamma matrix repr.:  Dirac
    code implementation: 5d
    mq   =   0.0500
    M0   =   1.6000
    Ns   =    8
    boundary[0] =  1
    boundary[1] =  1
    boundary[2] =  1
    boundary[3] = -1
    coefficients:
      b[ 0] =     1.5000000000  c[ 0] =     0.5000000000
      b[ 1] =     1.5000000000  c[ 1] =     0.5000000000
      b[ 2] =     1.5000000000  c[ 2] =     0.5000000000
      b[ 3] =     1.5000000000  c[ 3] =     0.5000000000
      b[ 4] =     1.5000000000  c[ 4] =     0.5000000000
      b[ 5] =     1.5000000000  c[ 5] =     0.5000000000
      b[ 6] =     1.5000000000  c[ 6] =     0.5000000000
      b[ 7] =     1.5000000000  c[ 7] =     0.5000000000
    alpha =   1.0000
convert required.
convert performed.

[D check]
norm2(abq) = 1.000000
norm2(y5)  = 113.087402
norm2(z5)  = 113.087402
norm2(axq) = 113.087402
diff2 = 0.000000

[Ddag check]
norm2(abq) = 1.000000
norm2(y5)  = 118.579156
norm2(z5)  = 118.579156
norm2(axq) = 118.579156
diff2 = 0.000000
Elapsed time: afopr_Domainwall_5din_eo: Deo & dagger   : total         0.01 sec, count    4, average         0.00 sec
Elapsed time: afopr_Domainwall_5din_eo: Dee_inv & dag  : total         0.01 sec, count   20, average         0.00 sec
Elapsed time: afopr_Domainwall_5din_eo: clear          : total         0.00 sec, count    0, average         0.00 sec
Elapsed time: afopr_Domainwall_5din_eo: pack           : total         0.00 sec, count    0, average         0.00 sec
Elapsed time: afopr_Domainwall_5din_eo: bulk           : total         0.01 sec, count    4, average         0.00 sec
Elapsed time: afopr_Domainwall_5din_eo: boundary       : total         0.00 sec, count    0, average         0.00 sec
Elapsed time: afopr_Domainwall_5din_eo: comm           : total         0.00 sec, count    0, average         0.00 sec
Elapsed time: afopr_Domainwall_5din_eo: comm_recv_wait : total         0.00 sec, count    0, average         0.00 sec
Elapsed time: afopr_Domainwall_5din_eo: comm_send_wait : total         0.00 sec, count    0, average         0.00 sec
Elapsed time: afopr_Domainwall_5din_eo: comm_recv_start: total         0.00 sec, count    0, average         0.00 sec
Elapsed time: afopr_Domainwall_5din_eo: comm_send_start: total         0.00 sec, count    0, average         0.00 sec
Elapsed time: afopr_Domainwall_5din_eo: comm_test_all  : total         0.00 sec, count    0, average         0.00 sec

Fprop_alt_Standard_eo<Afield<double,ACCEL> >: being setup (without link smearing).
  AFopr_Domainwall_5din_eo<AField<double,ACCEL> >: construction
    do_comm[0] = 0
    do_comm[1] = 0
    do_comm[2] = 0
    do_comm[3] = 0
      extended_precision = true
      su3_reconstruction = false
    AFopr_Domainwall_5din_eo<AField<double,ACCEL> >: input parameters
      gamma matrix repr.:  Dirac
      code implementation: 5d
      mq   =   0.0500
      M0   =   1.6000
      Ns   =    8
      boundary[0] =  1
      boundary[1] =  1
      boundary[2] =  1
      boundary[3] = -1
      coefficients:
        b[ 0] =     1.5000000000  c[ 0] =     0.5000000000
        b[ 1] =     1.5000000000  c[ 1] =     0.5000000000
        b[ 2] =     1.5000000000  c[ 2] =     0.5000000000
        b[ 3] =     1.5000000000  c[ 3] =     0.5000000000
        b[ 4] =     1.5000000000  c[ 4] =     0.5000000000
        b[ 5] =     1.5000000000  c[ 5] =     0.5000000000
        b[ 6] =     1.5000000000  c[ 6] =     0.5000000000
        b[ 7] =     1.5000000000  c[ 7] =     0.5000000000
      alpha =   1.0000
  ASolver_CGNR<Afield<double,ACCEL> >:
  ASolver_CG<Afield<double,ACCEL> >:
    Precision: double
    Niter     = 1200
    Stop_cond =   1.00000000e-90
    init_guess_mode: 0
    true_residual_interval = 10 (logging [TRUERES])
    refinement_iterations = 0
Fprop_alt_Standard_eo<Afield<double,ACCEL> >: setup finished.

Fprop_alt_Standard_eo<Afield<double,ACCEL> >: mult performance:
  mult mode = Dee_inv
  Number of mult =                400
  Elapsed time   =       0.166535 sec
  Flop(Fopr)     =           62914560
  Flop(total)    =        25165824000
  Performance    =     151.114 GFlops

Fprop_alt_Standard_eo<Afield<double,ACCEL> >: mult performance:
  mult mode = Doe
  Number of mult =                400
  Elapsed time   =       0.686193 sec
  Flop(Fopr)     =          390070272
  Flop(total)    =       156028108800
  Performance    =     227.382 GFlops

Fprop_alt_Standard_eo<Afield<double,ACCEL> >: mult performance:
  mult mode = D
  Number of mult =                400
  Elapsed time   =       1.845280 sec
  Flop(Fopr)     =          912261120
  Flop(total)    =       364904448000
  Performance    =     197.750 GFlops

Fprop_alt_Standard_eo<Afield<double,ACCEL> >: mult performance:
  mult mode = Ddag
  Number of mult =                400
  Elapsed time   =       1.847004 sec
  Flop(Fopr)     =          912261120
  Flop(total)    =       364904448000
  Performance    =     197.566 GFlops

Fprop_alt_Standard_eo<Afield<double,ACCEL> >: mult performance:
  mult mode = DdagD
  Number of mult =                400
  Elapsed time   =       3.724979 sec
  Flop(Fopr)     =         1824522240
  Flop(total)    =       729808896000
  Performance    =     195.923 GFlops

Solving quark propagator:
  color spin   Nconv      diff           diff2
ASolver_CGNR<Afield<double,ACCEL> >: solver starts
  mode_prev = D
  snorm =  2.588466051258845e+01
ASolver_CG solve_CG_init: m_x.nin() = 192, m_s.nin() = 192
  init:  9.981091849324674e-01
     0   5.123300097800469e-02
[TRUERES]      0  5.123300097800469e-02  5.123300097800468e-02
     1   1.437178962578561e-02
     2   1.241257337332785e-02
     3   4.474024162935436e-03
     4   2.165598831506032e-03
     5   1.812963873272063e-03
     6   8.551662728026366e-04
     7   5.386075239967638e-04
     8   4.351814595896698e-04
     9   2.300846864613201e-04
    10   1.762323137873733e-04
[TRUERES]     10  1.762323137873733e-04  1.762323137873731e-04
    11   1.401651351523182e-04
    12   8.645869985219495e-05
    13   7.533480570322637e-05
    14   5.991020650829375e-05
    15   4.124319745150560e-05
    16   3.832983236214984e-05
    17   2.965572664662537e-05
    18   2.251819146693070e-05
    19   2.120208210576728e-05
    20   1.573538800024289e-05
[TRUERES]     20  1.573538800024289e-05  1.573538800024289e-05
    21   1.272749223501103e-05
    22   1.156393547238082e-05
    23   8.523072381225643e-06
    24   7.384780961416352e-06
    25   6.536938195259827e-06
    26   4.981344433973441e-06
    27   4.529224951022947e-06
    28   3.895246095448038e-06
    29   3.147257911719933e-06
    30   3.002621963859245e-06
[TRUERES]     30  3.002621963859245e-06  3.002621963859267e-06
    31   2.580300643002734e-06
    32   2.232600682844984e-06
    33   2.199384576398888e-06
    34   1.921541188695269e-06
    35   1.780884250854702e-06
    36   1.788824324854951e-06
    37   1.588407449279554e-06
    38   1.562512900501603e-06
    39   1.540841981915432e-06
    40   1.389114722406355e-06
[TRUERES]     40  1.389114722406355e-06  1.389114722406357e-06
    41   1.403740334523849e-06
    42   1.337207802732913e-06
    43   1.202386367675605e-06
    44   1.190621599465060e-06
    45   1.065027688680858e-06
    46   9.472370280655101e-07
    47   8.983310777640911e-07
    48   7.612767932586865e-07
    49   6.795844326455995e-07
    50   6.188571945044556e-07
[TRUERES]     50  6.188571945044556e-07  6.188571945044471e-07
    51   5.122144941472727e-07
    52   4.612349493100037e-07
    53   4.092376419471640e-07
    54   3.412636316196576e-07
    55   3.117502823994692e-07
    56   2.709224957489510e-07
    57   2.299091080978690e-07
    58   2.119580713945972e-07
    59   1.817922858189780e-07
    60   1.594972656169806e-07
[TRUERES]     60  1.594972656169806e-07  1.594972656169777e-07
    61   1.482760805835325e-07
    62   1.275495789381737e-07
    63   1.154400053865213e-07
    64   1.069639060448655e-07
    65   9.264522137824877e-08
    66   8.660566835384402e-08
    67   7.974327760691569e-08
    68   7.069725138212363e-08
    69   6.758867847074018e-08
    70   6.165957988437930e-08
[TRUERES]     70  6.165957988437930e-08  6.165957988437964e-08
    71   5.590686838469209e-08
    72   5.392908080971404e-08
    73   4.881364372295266e-08
    74   4.495045947170450e-08
    75   4.273827286972987e-08
    76   3.826999696793104e-08
    77   3.592058826320313e-08
    78   3.393922534632919e-08
    79   3.035379628488060e-08
    80   2.868127527203471e-08
[TRUERES]     80  2.868127527203471e-08  2.868127527203576e-08
    81   2.639137141991350e-08
    82   2.345692121615823e-08
    83   2.197878071821996e-08
    84   1.947565733721288e-08
    85   1.709512159682574e-08
    86   1.565160590884238e-08
    87   1.343713934322255e-08
    88   1.181897465241584e-08
    89   1.059654331345608e-08
    90   8.965080274250455e-09
[TRUERES]     90  8.965080274250455e-09  8.965080274250745e-09
    91   7.888982513818153e-09
    92   6.913096013734529e-09
    93   5.782300923472877e-09
    94   5.089539456986420e-09
    95   4.362567218708581e-09
    96   3.659449526203008e-09
    97   3.235684209960650e-09
    98   2.754048303715712e-09
    99   2.363235194093735e-09
   100   2.120927683170261e-09
[TRUERES]    100  2.120927683170261e-09  2.120927683170080e-09
   101   1.825306986376792e-09
   102   1.619599870396021e-09
   103   1.472629788549006e-09
   104   1.288609085035804e-09
   105   1.188547627644063e-09
   106   1.098269778018469e-09
   107   9.903818773040370e-10
   108   9.387583572963857e-10
   109   8.673531976748012e-10
   110   7.959411895193476e-10
[TRUERES]    110  7.959411895193476e-10  7.959411895193728e-10
   111   7.632716325798900e-10
   112   7.024699720631816e-10
   113   6.552467654958633e-10
   114   6.279113612203226e-10
   115   5.761714357135767e-10
   116   5.445989307515242e-10
   117   5.180327142641831e-10
   118   4.750563935326584e-10
   119   4.520336370500591e-10
   120   4.212016465946622e-10
[TRUERES]    120  4.212016465946622e-10  4.212016465947520e-10
   121   3.802517233304726e-10
   122   3.544546886108688e-10
   123   3.175021138826247e-10
   124   2.793481099045536e-10
   125   2.513669803266855e-10
   126   2.147717785655463e-10
   127   1.850047187498596e-10
   128   1.612796287538655e-10
   129   1.345495305870706e-10
   130   1.155314554613239e-10
[TRUERES]    130  1.155314554613239e-10  1.155314554613629e-10
   131   9.943065244112644e-11
   132   8.342485789002675e-11
   133   7.303851374033745e-11
   134   6.310632535462969e-11
   135   5.379402980231547e-11
   136   4.759646385125728e-11
   137   4.089199452904489e-11
   138   3.526195794266544e-11
   139   3.125021175044694e-11
   140   2.672801057396766e-11
[TRUERES]    140  2.672801057396766e-11  2.672801057397005e-11
   141   2.322907556404442e-11
   142   2.050237991863501e-11
   143   1.757366143371219e-11
   144   1.559438528715660e-11
   145   1.388602193623501e-11
   146   1.213702692568138e-11
   147   1.105478761212173e-11
   148   9.899085568631064e-12
   149   8.808802412460668e-12
   150   8.148656621820713e-12
[TRUERES]    150  8.148656621820713e-12  8.148656621814787e-12
   151   7.386995956607343e-12
   152   6.783039849880750e-12
   153   6.393280717845602e-12
   154   5.851937469905951e-12
   155   5.461917311345399e-12
   156   5.130857911947222e-12
   157   4.669761077938562e-12
   158   4.349851626254894e-12
   159   4.010710495837121e-12
   160   3.614540367133853e-12
[TRUERES]    160  3.614540367133853e-12  3.614540367133344e-12
   161   3.348365202171264e-12
   162   3.025498052216886e-12
   163   2.699827113050573e-12
   164   2.469696025927742e-12
   165   2.187275245311900e-12
   166   1.944700364232231e-12
   167   1.745252768898764e-12
   168   1.508214081455986e-12
   169   1.320150328778649e-12
   170   1.148665187161384e-12
[TRUERES]    170  1.148665187161384e-12  1.148665187165118e-12
   171   9.683298440715716e-13
   172   8.332079567874955e-13
   173   7.062106512919976e-13
   174   5.898966662213089e-13
   175   5.072123312203713e-13
   176   4.271871001219453e-13
   177   3.603179199332807e-13
   178   3.109084409879472e-13
   179   2.623306639794920e-13
   180   2.255931255883715e-13
[TRUERES]    180  2.255931255883715e-13  2.255931255902963e-13
   181   1.975916421649430e-13
   182   1.699924931506582e-13
   183   1.511549455022230e-13
   184   1.361889931860869e-13
   185   1.210105480166376e-13
   186   1.111955867621411e-13
   187   1.012307056693886e-13
   188   9.173858497506354e-14
   189   8.570480540559241e-14
   190   7.873218408414711e-14
[TRUERES]    190  7.873218408414711e-14  7.873218408403155e-14
   191   7.285340810064506e-14
   192   6.908393029772244e-14
   193   6.406859478592181e-14
   194   6.078249495587108e-14
   195   5.833977035172696e-14
   196   5.499846059629562e-14
   197   5.317083645702365e-14
   198   5.101428267828860e-14
   199   4.791007405411178e-14
   200   4.583114486059493e-14
[TRUERES]    200  4.583114486059493e-14  4.583114486004850e-14
   201   4.272103039259513e-14
   202   3.918017396505968e-14
   203   3.640163471499910e-14
   204   3.272151697017738e-14
   205   2.932373802991440e-14
   206   2.641501547300279e-14
   207   2.302123131271189e-14
   208   2.025226690048560e-14
   209   1.775876531811203e-14
   210   1.518781722772200e-14
[TRUERES]    210  1.518781722772200e-14  1.518781722749393e-14
   211   1.324211472466528e-14
   212   1.141594658340738e-14
   213   9.677286787205606e-15
   214   8.359663130712696e-15
   215   7.067885846533601e-15
   216   5.959867190545567e-15
   217   5.099033466413225e-15
   218   4.251974400426825e-15
   219   3.573332135234570e-15
   220   3.030287410069129e-15
[TRUERES]    220  3.030287410069129e-15  3.030287410111411e-15
   221   2.524159687561691e-15
   222   2.155727365495721e-15
   223   1.851400676701896e-15
   224   1.576472490240977e-15
   225   1.386355700019036e-15
   226   1.218932068582236e-15
   227   1.076104705368487e-15
   228   9.813481195194857e-16
   229   8.889427082534855e-16
   230   8.143033837813926e-16
[TRUERES]    230  8.143033837813926e-16  8.143033837663652e-16
   231   7.670384260583637e-16
   232   7.129080030635630e-16
   233   6.766050774120000e-16
   234   6.515324465707363e-16
   235   6.188730564430737e-16
   236   6.001882153795483e-16
   237   5.777590677008472e-16
   238   5.457477101459171e-16
   239   5.232975007704498e-16
   240   4.914864065415566e-16
[TRUERES]    240  4.914864065415566e-16  4.914864065629754e-16
   241   4.544046199633107e-16
   242   4.234503199832237e-16
   243   3.833216894982772e-16
   244   3.451436466195108e-16
   245   3.106736533679346e-16
   246   2.711392202680488e-16
   247   2.377449207263205e-16
   248   2.079819686699102e-16
   249   1.782001939212754e-16
   250   1.557771977028973e-16
[TRUERES]    250  1.557771977028973e-16  1.557771976921841e-16
   251   1.349867918630088e-16
   252   1.154472497188296e-16
   253   1.005434906151994e-16
   254   8.588525932982561e-17
   255   7.289621828930684e-17
   256   6.258696215081872e-17
   257   5.260060956545179e-17
   258   4.467176507541288e-17
   259   3.852797148468073e-17
   260   3.276801900766219e-17
[TRUERES]    260  3.276801900766219e-17  3.276801899492715e-17
   261   2.848872949721252e-17
   262   2.494194555843485e-17
   263   2.169973025242534e-17
   264   1.936448328077588e-17
   265   1.726845239020332e-17
   266   1.532197768097906e-17
   267   1.398236245448723e-17
   268   1.266317436286210e-17
   269   1.159656563492744e-17
   270   1.087196681496727e-17
[TRUERES]    270  1.087196681496727e-17  1.087196681582620e-17
   271   1.010333582732286e-17
   272   9.565964778263696e-18
   273   9.156548889654035e-18
   274   8.636795688076961e-18
   275   8.280199500117287e-18
   276   7.889675553386140e-18
   277   7.391850933366016e-18
   278   6.993728042006002e-18
   279   6.492071546834710e-18
   280   5.942824132461378e-18
[TRUERES]    280  5.942824132461378e-18  5.942824136775329e-18
   281   5.480180713440778e-18
   282   4.932730420238037e-18
   283   4.427603853593898e-18
   284   3.978741113256054e-18
   285   3.490009435907560e-18
   286   3.092177430962558e-18
   287   2.739419605001422e-18
   288   2.381106834566070e-18
   289   2.091499505983169e-18
   290   1.812916129046263e-18
[TRUERES]    290  1.812916129046263e-18  1.812916129267221e-18
   291   1.547709843438611e-18
   292   1.339834195019771e-18
   293   1.143197451096794e-18
   294   9.737037850245157e-19
   295   8.431357156694357e-19
   296   7.195236780148175e-19
   297   6.191541831213482e-19
   298   5.374466811449318e-19
   299   4.594699156292742e-19
   300   3.988513805468719e-19
[TRUERES]    300  3.988513805468719e-19  3.988513800726240e-19
   301   3.479273424785419e-19
   302   3.012937196256940e-19
   303   2.672828881599627e-19
   304   2.366941143721772e-19
   305   2.090712825744367e-19
   306   1.886470409547438e-19
   307   1.693189589779414e-19
   308   1.538192825834215e-19
   309   1.429706344151987e-19
   310   1.316856696808981e-19
[TRUERES]    310  1.316856696808981e-19  1.316856692829513e-19
   311   1.232335171271041e-19
   312   1.166266601284025e-19
   313   1.087727937700733e-19
   314   1.026977718749161e-19
   315   9.643979150212769e-20
   316   8.927278881364815e-20
   317   8.383085791831417e-20
   318   7.749194044170478e-20
   319   7.078475333712152e-20
   320   6.494948681006610e-20
[TRUERES]    320  6.494948681006610e-20  6.494948710667618e-20
   321   5.804162844998116e-20
   322   5.140590326362950e-20
   323   4.554519294611209e-20
   324   3.922232671309343e-20
   325   3.394670808533578e-20
   326   2.932652725780017e-20
   327   2.488639820638573e-20
   328   2.128566499145370e-20
   329   1.807786272823378e-20
   330   1.515501779969057e-20
[TRUERES]    330  1.515501779969057e-20  1.515501765413060e-20
   331   1.290970774857579e-20
   332   1.089529522797564e-20
   333   9.205389614701222e-21
   334   7.882922758293882e-21
   335   6.663337607500044e-21
   336   5.679663764053470e-21
   337   4.893171849150156e-21
   338   4.163009094762357e-21
   339   3.587380987229333e-21
   340   3.104124685792061e-21
[TRUERES]    340  3.104124685792061e-21  3.104124786097296e-21
   341   2.660831708864878e-21
   342   2.315405751688041e-21
   343   1.997262309704493e-21
   344   1.709899184870194e-21
   345   1.485703904626778e-21
   346   1.283620608044660e-21
   347   1.119090835214048e-21
   348   9.945735183724773e-22
   349   8.787394112896753e-22
   350   7.898275846437805e-22
[TRUERES]    350  7.898275846437805e-22  7.898276185384302e-22
   351   7.212833817769429e-22
   352   6.549831140233424e-22
   353   6.085092493065897e-22
   354   5.695367918632254e-22
   355   5.311125311195111e-22
   356   5.039675335033754e-22
   357   4.743287507017200e-22
   358   4.448613633284719e-22
   359   4.215104027767893e-22
   360   3.939005997298511e-22
[TRUERES]    360  3.939005997298511e-22  3.939006024705197e-22
   361   3.676608882147167e-22
   362   3.445014712879727e-22
   363   3.171647189832866e-22
   364   2.938649699983059e-22
   365   2.718234430853216e-22
   366   2.466311207693152e-22
   367   2.254938576049142e-22
   368   2.042610895894575e-22
   369   1.825223600710064e-22
   370   1.641990698263428e-22
[TRUERES]    370  1.641990698263428e-22  1.641990937684244e-22
   371   1.454517937500967e-22
   372   1.279884210302854e-22
   373   1.137569345541128e-22
   374   9.905801603012637e-23
   375   8.597835050147229e-23
   376   7.447849215674303e-23
   377   6.332314052383401e-23
   378   5.436456666999318e-23
   379   4.666796763973323e-23
   380   3.973685053306750e-23
[TRUERES]    380  3.973685053306750e-23  3.973685295745717e-23
   381   3.444203882108882e-23
   382   2.988545658323690e-23
   383   2.597810017063492e-23
   384   2.316198047631003e-23
   385   2.066436660711786e-23
   386   1.861963157200035e-23
   387   1.707860964764295e-23
   388   1.554099824985089e-23
   389   1.432269253104279e-23
   390   1.334188699522880e-23
[TRUERES]    390  1.334188699522880e-23  1.334189023547419e-23
   391   1.235702212296935e-23
   392   1.162217458644063e-23
   393   1.096933605300664e-23
   394   1.027641878216364e-23
   395   9.793437947120138e-24
   396   9.266164923423049e-24
   397   8.740958698738241e-24
   398   8.345536987046829e-24
   399   7.852879031921052e-24
   400   7.357016272489416e-24
[TRUERES]    400  7.357016272489416e-24  7.357016924004822e-24
   401   6.890273409635818e-24
   402   6.326603650772076e-24
   403   5.823239333030654e-24
   404   5.338158181471556e-24
   405   4.813966688190690e-24
   406   4.358321115489323e-24
   407   3.876978217937835e-24
   408   3.377636108126389e-24
   409   2.942054347938655e-24
   410   2.505634692797561e-24
[TRUERES]    410  2.505634692797561e-24  2.505635717171889e-24
   411   2.114997637851598e-24
   412   1.794454494914015e-24
   413   1.503536611877776e-24
   414   1.265611845011801e-24
   415   1.071701539590189e-24
   416   8.960932538578011e-25
   417   7.565455325505369e-25
   418   6.394643696014644e-25
   419   5.346432754289502e-25
   420   4.526081419767704e-25
[TRUERES]    420  4.526081419767704e-25  4.526098318885442e-25
   421   3.820947163790156e-25
   422   3.214990179358304e-25
   423   2.744816856676786e-25
   424   2.333963177517791e-25
   425   1.996694885342683e-25
   426   1.736358408955886e-25
   427   1.506530725000593e-25
   428   1.328292754134706e-25
   429   1.191192807930157e-25
   430   1.069571855106074e-25
[TRUERES]    430  1.069571855106074e-25  1.069593428580615e-25
   431   9.800576355881666e-26
   432   9.050391768474356e-26
   433   8.361435115463311e-26
   434   7.860017840390882e-26
   435   7.368910096775420e-26
   436   6.878014789415200e-26
   437   6.468586214686980e-26
   438   6.013411660922426e-26
   439   5.576557177277801e-26
   440   5.195474906500492e-26
[TRUERES]    440  5.195474906500492e-26  5.195686242079508e-26
   441   4.767854868722478e-26
   442   4.384485263678952e-26
   443   4.016520354828006e-26
   444   3.619559117238302e-26
   445   3.283047495179539e-26
   446   2.963817334341522e-26
   447   2.651154222799126e-26
   448   2.390275492687035e-26
   449   2.128178718006222e-26
   450   1.875175397882443e-26
[TRUERES]    450  1.875175397882443e-26  1.875366465535526e-26
   451   1.655818622183349e-26
   452   1.434009203360842e-26
   453   1.237183090318852e-26
   454   1.070013588188975e-26
   455   9.119209292772250e-27
   456   7.791875139371221e-27
   457   6.617305383336623e-27
   458   5.546253371315501e-27
   459   4.686464306836490e-27
   460   3.948385300641449e-27
[TRUERES]    460  3.948385300641449e-27  3.950746047347542e-27
   461   3.307027329147062e-27
   462   2.808715210288363e-27
   463   2.369567018912459e-27
   464   2.001568410647585e-27
   465   1.708689346924041e-27
   466   1.444069880549759e-27
   467   1.228131401228901e-27
   468   1.053903666445342e-27
   469   9.001327155485924e-28
   470   7.821519141010695e-28
[TRUERES]    470  7.821519141010695e-28  7.847247711929882e-28
   471   6.870316679697267e-28
   472   6.045593134842594e-28
   473   5.447493933708252e-28
   474   4.946571208049774e-28
   475   4.506660593493594e-28
   476   4.180592014590087e-28
   477   3.865776342264053e-28
   478   3.591327235864536e-28
   479   3.378294472684576e-28
   480   3.155930223762519e-28
[TRUERES]    480  3.155930223762519e-28  3.179574901351863e-28
   481   2.972294252117831e-28
   482   2.818185711398991e-28
   483   2.647013924547438e-28
   484   2.504395304383807e-28
   485   2.355528926251780e-28
   486   2.188720874880814e-28
   487   2.041715715577192e-28
   488   1.881933947642302e-28
   489   1.718231808595008e-28
   490   1.569174965955532e-28
[TRUERES]    490  1.569174965955532e-28  1.593883684799964e-28
   491   1.402126695725714e-28
   492   1.233081581874719e-28
   493   1.073404700826087e-28
   494   9.145823218650210e-29
   495   7.795824866600354e-29
   496   6.626547360628420e-29
   497   5.580346732564140e-29
   498   4.727974685071414e-29
   499   3.998623760194623e-29
   500   3.355092803069413e-29
[TRUERES]    500  3.355092803069413e-29  3.597959754945762e-29
   501   2.838768971444893e-29
   502   2.381066321072068e-29
   503   1.984611146280528e-29
   504   1.667376777984832e-29
   505   1.390187486950179e-29
   506   1.165738333474655e-29
   507   9.881027050229397e-30
   508   8.358118153070070e-30
   509   7.157274997225424e-30
   510   6.181036605124386e-30
[TRUERES]    510  6.181036605124386e-30  8.868330915694279e-30
   511   5.330460807975306e-30
   512   4.687497876121524e-30
   513   4.150036948917587e-30
   514   3.683513268819859e-30
   515   3.332342780241631e-30
   516   3.023186143265914e-30
   517   2.766860056357250e-30
   518   2.569670654127292e-30
   519   2.369787155678177e-30
   520   2.197496178789810e-30
[TRUERES]    520  2.197496178789810e-30  5.030464720846581e-30
   521   2.050092239170931e-30
   522   1.895013341989202e-30
   523   1.766931292519131e-30
   524   1.645680210251121e-30
   525   1.512845299333564e-30
   526   1.396125809178392e-30
   527   1.275103918537338e-30
   528   1.151833370794399e-30
   529   1.045380246980280e-30
   530   9.367116716852191e-31
[TRUERES]    530  9.367116716852191e-31  4.067069164544397e-30
   531   8.350484344601656e-31
   532   7.482897880783965e-31
   533   6.626133396045645e-31
   534   5.857958076435168e-31
   535   5.145787729119783e-31
   536   4.448631480814049e-31
   537   3.834018448827868e-31
   538   3.273997620302373e-31
   539   2.754210355433954e-31
   540   2.324428076908559e-31
[TRUERES]    540  2.324428076908559e-31  3.584993541739563e-30
   541   1.945439597710617e-31
   542   1.623974860079003e-31
   543   1.369863149292157e-31
   544   1.153743058119305e-31
   545   9.772693988940855e-32
   546   8.402968323291991e-32
   547   7.222309428974182e-32
   548   6.324687891135361e-32
   549   5.611534340192990e-32
   550   4.997027620103848e-32
[TRUERES]    550  4.997027620103848e-32  3.442987345813695e-30
   551   4.531034783842669e-32
   552   4.128944921656893e-32
   553   3.774994182962500e-32
   554   3.499988367231225e-32
   555   3.245037916359918e-32
   556   3.024076548552801e-32
   557   2.855019099365772e-32
   558   2.689183821115452e-32
   559   2.548733373767638e-32
   560   2.427281653420305e-32
[TRUERES]    560  2.427281653420305e-32  3.414471750554845e-30
   561   2.288095013952415e-32
   562   2.165954668670137e-32
   563   2.037844014438795e-32
   564   1.886285092432928e-32
   565   1.744118847087838e-32
   566   1.591900713305527e-32
   567   1.435522916848786e-32
   568   1.294193783408804e-32
   569   1.143693545723177e-32
   570   9.992923939834595e-33
[TRUERES]    570  9.992923939834595e-33  3.542075120594691e-30
   571   8.699567563239795e-33
   572   7.448309645355445e-33
   573   6.386388354665503e-33
   574   5.481927290242560e-33
   575   4.662531771396530e-33
   576   3.992341953390315e-33
   577   3.402045180335622e-33
   578   2.868198364925106e-33
   579   2.430514690192478e-33
   580   2.048890008401718e-33
[TRUERES]    580  2.048890008401718e-33  3.670834959144483e-30
   581   1.725401456298791e-33
   582   1.463497097851498e-33
   583   1.231587210849836e-33
   584   1.036112910937877e-33
   585   8.767308167139682e-34
   586   7.386664463923372e-34
   587   6.285447375637629e-34
   588   5.393999152133650e-34
   589   4.624549581113766e-34
   590   4.024423423332757e-34
[TRUERES]    590  4.024423423332757e-34  3.695244468475692e-30
   591   3.508857127978013e-34
   592   3.057043165061671e-34
   593   2.692857826519937e-34
   594   2.370474686136510e-34
   595   2.093481440332581e-34
   596   1.870284643278794e-34
   597   1.666192286922303e-34
   598   1.490737690940888e-34
   599   1.345222566465650e-34
   600   1.208842451677991e-34
[TRUERES]    600  1.208842451677991e-34  3.702317145231996e-30
   601   1.095516356847320e-34
   602   9.950261221828932e-35
   603   9.010954153327654e-35
   604   8.243590087578745e-35
   605   7.523412784556907e-35
   606   6.827327137480280e-35
   607   6.217763990773296e-35
   608   5.602705277303640e-35
   609   5.029212517683839e-35
   610   4.511319229990103e-35
[TRUERES]    610  4.511319229990103e-35  3.710444594968393e-30
   611   3.989714139955873e-35
   612   3.528697467268037e-35
   613   3.103876996666764e-35
   614   2.684273809461403e-35
   615   2.319206255020295e-35
   616   1.989124543979551e-35
   617   1.688690430984472e-35
   618   1.434840374450154e-35
   619   1.206757233616877e-35
   620   1.007746211406860e-35
[TRUERES]    620  1.007746211406860e-35  3.713585080080768e-30
   621   8.447005647720673e-36
   622   7.001908656680082e-36
   623   5.793857234834227e-36
   624   4.813155868011905e-36
   625   3.975653178350701e-36
   626   3.319368248629262e-36
   627   2.782728666256927e-36
   628   2.317729009870127e-36
   629   1.945594956124181e-36
   630   1.625975156013178e-36
[TRUERES]    630  1.625975156013178e-36  3.713841305176004e-30
   631   1.352122540453648e-36
   632   1.134126598056499e-36
   633   9.473955804307895e-37
   634   7.917577175571627e-37
   635   6.677948643459351e-37
   636   5.608283553253183e-37
   637   4.754452014157260e-37
   638   4.067172454972107e-37
   639   3.475188633763006e-37
   640   3.007753679067903e-37
[TRUERES]    640  3.007753679067903e-37  3.714682346923395e-30
   641   2.622324763720052e-37
   642   2.283431637518498e-37
   643   2.012537244590150e-37
   644   1.777200047699144e-37
   645   1.578965702944773e-37
   646   1.429329965148026e-37
   647   1.297984235564302e-37
   648   1.188504027155858e-37
   649   1.099060749429058e-37
   650   1.009356620534073e-37
[TRUERES]    650  1.009356620534073e-37  3.714760185767637e-30
   651   9.306386213939262e-38
   652   8.594356943885468e-38
   653   7.856270254157392e-38
   654   7.199672296200830e-38
   655   6.554466500527950e-38
   656   5.924560388515049e-38
   657   5.388282078001051e-38
   658   4.867167685240842e-38
   659   4.363423052121411e-38
   660   3.904282621281999e-38
[TRUERES]    660  3.904282621281999e-38  3.714110832435762e-30
   661   3.435131172552628e-38
   662   2.998980456406431e-38
   663   2.614611916456572e-38
   664   2.244502939506192e-38
   665   1.925446302708456e-38
   666   1.645440739983325e-38
   667   1.391300043867255e-38
   668   1.180373444400144e-38
   669   9.970677377270138e-39
   670   8.356793571460465e-39
[TRUERES]    670  8.356793571460465e-39  3.714121877963323e-30
   671   7.031752322373542e-39
   672   5.853510897826834e-39
   673   4.847934579586236e-39
   674   4.023701749810541e-39
   675   3.309854487953901e-39
   676   2.729017101487875e-39
   677   2.264687403790738e-39
   678   1.878420410733962e-39
   679   1.578225551732863e-39
   680   1.333336313130045e-39
[TRUERES]    680  1.333336313130045e-39  3.714085223786194e-30
   681   1.121510635167515e-39
   682   9.503634300732656e-40
   683   8.058750384265579e-40
   684   6.872928029976312e-40
   685   5.967482679062791e-40
   686   5.217828695119386e-40
   687   4.614068562174985e-40
   688   4.150947249725179e-40
   689   3.746113525448751e-40
   690   3.427950691965291e-40
[TRUERES]    690  3.427950691965291e-40  3.714084522362509e-30
   691   3.173291441518271e-40
   692   2.942831648478378e-40
   693   2.760832092474606e-40
   694   2.606317540235251e-40
   695   2.463842777664843e-40
   696   2.355959163202448e-40
   697   2.245480278861136e-40
   698   2.135382013237828e-40
   699   2.035864296247986e-40
   700   1.916055464174315e-40
[TRUERES]    700  1.916055464174315e-40  3.714082909640698e-30
   701   1.790023882629565e-40
   702   1.663541971032562e-40
   703   1.516564826977752e-40
   704   1.375742317084786e-40
   705   1.237499006532435e-40
   706   1.097556345125272e-40
   707   9.741977589377855e-41
   708   8.550307049005836e-41
   709   7.418881666963971e-41
   710   6.435297264807426e-41
[TRUERES]    710  6.435297264807426e-41  3.714082749958741e-30
   711   5.508775594240091e-41
   712   4.674204410989252e-41
   713   3.954900768607253e-41
   714   3.293565751029862e-41
   715   2.730114517126241e-41
   716   2.269259377465641e-41
   717   1.877019220114099e-41
   718   1.562023463505160e-41
   719   1.295324500970234e-41
   720   1.062658934046822e-41
[TRUERES]    720  1.062658934046822e-41  3.714082632292235e-30
   721   8.758804387149732e-42
   722   7.178294327535595e-42
   723   5.866544244880087e-42
   724   4.830898371793087e-42
   725   3.969466585265469e-42
   726   3.266542161264436e-42
   727   2.713717873655491e-42
   728   2.247785063399226e-42
   729   1.878983747981632e-42
   730   1.579826201452343e-42
[TRUERES]    730  1.579826201452343e-42  3.714082601636259e-30
   731   1.322846465878837e-42
   732   1.118571081475179e-42
   733   9.541526731964829e-43
   734   8.133615124068765e-43
   735   7.013369655724070e-43
   736   6.057393444023356e-43
   737   5.250565330714941e-43
   738   4.623177787892929e-43
   739   4.073141307867297e-43
   740   3.605640997871768e-43
[TRUERES]    740  3.605640997871768e-43  3.714082604148047e-30
   741   3.221311364065409e-43
   742   2.874135448871450e-43
   743   2.595531292964130e-43
   744   2.373715934334470e-43
   745   2.185122479301324e-43
   746   2.042150995023379e-43
   747   1.916619794082733e-43
   748   1.797726978324232e-43
   749   1.696203992306387e-43
   750   1.585880326242688e-43
[TRUERES]    750  1.585880326242688e-43  3.714082591623654e-30
   751   1.469294977545391e-43
   752   1.357147456159820e-43
   753   1.232518196506539e-43
   754   1.110364336920810e-43
   755   9.950234876009342e-44
   756   8.758211537722021e-44
   757   7.675781353377150e-44
   758   6.686061948430806e-44
   759   5.767798730032952e-44
   760   4.985008099712359e-44
[TRUERES]    760  4.985008099712359e-44  3.714082591604961e-30
   761   4.285181440986420e-44
   762   3.649843659364774e-44
   763   3.115601577865283e-44
   764   2.640264867616879e-44
   765   2.230927433440591e-44
   766   1.895291530286985e-44
   767   1.606597561141902e-44
   768   1.369141562812703e-44
   769   1.173595444015502e-44
   770   1.004299812958812e-44
[TRUERES]    770  1.004299812958812e-44  3.714082591592376e-30
   771   8.674234187455142e-45
   772   7.502752363557696e-45
   773   6.490026612700590e-45
   774   5.685383111079597e-45
   775   4.993176767616157e-45
   776   4.381534857079171e-45
   777   3.858493676030650e-45
   778   3.380134347343243e-45
   779   2.961796654783945e-45
   780   2.610275905531278e-45
[TRUERES]    780  2.610275905531278e-45  3.714082591589713e-30
   781   2.293800327594358e-45
   782   2.037324661895664e-45
   783   1.834777993377650e-45
   784   1.655406735656596e-45
   785   1.512311709337646e-45
   786   1.388245777075608e-45
   787   1.271621773713194e-45
   788   1.173223167159844e-45
   789   1.080972339828955e-45
   790   9.929969178547325e-46
[TRUERES]    790  9.929969178547325e-46  3.714082591588813e-30
   791   9.126690646438089e-46
   792   8.264596999087550e-46
   793   7.422203891814060e-46
   794   6.651399100869402e-46
   795   5.874241109155254e-46
   796   5.173709718589972e-46
   797   4.525847722017453e-46
   798   3.907738230961885e-46
   799   3.368809062603038e-46
   800   2.886181735328326e-46
[TRUERES]    800  2.886181735328326e-46  3.714082591588292e-30
   801   2.447836968730789e-46
   802   2.087301444291788e-46
   803   1.768216332575011e-46
   804   1.492855576828017e-46
   805   1.266584596197779e-46
   806   1.065976669350966e-46
   807   8.966605945402218e-47
   808   7.553689071650298e-47
   809   6.314164307615518e-47
   810   5.281715577321592e-47
[TRUERES]    810  5.281715577321592e-47  3.714082591588322e-30
   811   4.400497129473209e-47
   812   3.635835904108424e-47
   813   3.019645990436516e-47
   814   2.493188544357763e-47
   815   2.040087807147589e-47
   816   1.678825264345090e-47
   817   1.374279758967876e-47
   818   1.123682411184902e-47
   819   9.253099800812557e-48
   820   7.616213622553809e-48
[TRUERES]    820  7.616213622553809e-48  3.714082591588359e-30
   821   6.309829434213188e-48
   822   5.286762448283714e-48
   823   4.436354152063056e-48
   824   3.780640996510122e-48
   825   3.249896586916778e-48
   826   2.806994966843737e-48
   827   2.457372408620059e-48
   828   2.163084006262340e-48
   829   1.916690512602926e-48
   830   1.722966364526415e-48
[TRUERES]    830  1.722966364526415e-48  3.714082591588352e-30
   831   1.552537037284859e-48
   832   1.405645244425557e-48
   833   1.282377293568326e-48
   834   1.164396840781169e-48
   835   1.062825925242557e-48
   836   9.798383100807289e-49
   837   9.036431796501397e-49
   838   8.419216681668073e-49
   839   7.883692792933792e-49
   840   7.383995938865526e-49
[TRUERES]    840  7.383995938865526e-49  3.714082591588345e-30
   841   6.974354780433563e-49
   842   6.574483277539354e-49
   843   6.163903584227055e-49
   844   5.776268328183713e-49
   845   5.343541099871538e-49
   846   4.923921755076225e-49
   847   4.521430797606306e-49
   848   4.086087165118314e-49
   849   3.669289240861641e-49
   850   3.269973834025022e-49
[TRUERES]    850  3.269973834025022e-49  3.714082591588338e-30
   851   2.872787427644621e-49
   852   2.522254245041460e-49
   853   2.194758132561453e-49
   854   1.886465163822744e-49
   855   1.617353922671463e-49
   856   1.369032068038449e-49
   857   1.148257030573530e-49
   858   9.588817369163795e-50
   859   7.911345390612827e-50
   860   6.525665189194871e-50
[TRUERES]    860  6.525665189194871e-50  3.714082591588338e-30
   861   5.408415166586749e-50
   862   4.466790186904298e-50
   863   3.714176450248371e-50
   864   3.099759522049349e-50
   865   2.585558140457170e-50
   866   2.177927543281917e-50
   867   1.840905147681578e-50
   868   1.557072049971594e-50
   869   1.327602294871413e-50
   870   1.126206978658197e-50
[TRUERES]    870  1.126206978658197e-50  3.714082591588338e-30
   871   9.553711763050196e-51
   872   8.164170611966623e-51
   873   6.976829288066842e-51
   874   6.031532499727589e-51
   875   5.273180982883604e-51
   876   4.627968447641754e-51
   877   4.127668448030034e-51
   878   3.728943499930967e-51
   879   3.391158052455761e-51
   880   3.120999842368413e-51
[TRUERES]    880  3.120999842368413e-51  3.714082591588338e-30
   881   2.873455062306916e-51
   882   2.650940287212702e-51
   883   2.469247221398778e-51
   884   2.301453041524185e-51
   885   2.157645066645199e-51
   886   2.032954549149642e-51
   887   1.899061289221603e-51
   888   1.774387712087621e-51
   889   1.648978766519695e-51
   890   1.513415413325582e-51
[TRUERES]    890  1.513415413325582e-51  3.714082591588338e-30
   891   1.383086016981270e-51
   892   1.249333844780855e-51
   893   1.111887614313394e-51
   894   9.845569615117811e-52
   895   8.601975715632515e-52
   896   7.447519195219679e-52
   897   6.429023047258929e-52
   898   5.487906387867438e-52
   899   4.648552188164038e-52
   900   3.921624595056799e-52
[TRUERES]    900  3.921624595056799e-52  3.714082591588338e-30
   901   3.255611486341423e-52
   902   2.696309912090964e-52
   903   2.221955291439510e-52
   904   1.820718700236665e-52
   905   1.499231276984265e-52
   906   1.230622569752825e-52
   907   1.005965273659990e-52
   908   8.254201588010458e-53
   909   6.720644298112940e-53
   910   5.469414466045723e-53
[TRUERES]    910  5.469414466045723e-53  3.714082591588338e-30
   911   4.475948659244610e-53
   912   3.645236160587291e-53
   913   2.986929331694671e-53
   914   2.467265588921009e-53
   915   2.045745199186281e-53
   916   1.719736284999532e-53
   917   1.457053491151913e-53
   918   1.237352450247184e-53
   919   1.060991934670204e-53
   920   9.109859829882544e-54
[TRUERES]    920  9.109859829882544e-54  3.714082591588338e-30
   921   7.832764009683656e-54
   922   6.801834393215208e-54
   923   5.920876173612266e-54
   924   5.198121088510568e-54
   925   4.617417465502144e-54
   926   4.120186332208465e-54
   927   3.723660005892855e-54
   928   3.418159233952042e-54
   929   3.160972055398554e-54
   930   2.950946040094417e-54
[TRUERES]    930  2.950946040094417e-54  3.714082591588338e-30
   931   2.755513082876464e-54
   932   2.558291446404963e-54
   933   2.386499602115350e-54
   934   2.218359026426225e-54
   935   2.053843110419385e-54
   936   1.907518288233279e-54
   937   1.757492066335609e-54
   938   1.607480972243466e-54
   939   1.460647328462316e-54
   940   1.300939744814032e-54
[TRUERES]    940  1.300939744814032e-54  3.714082591588338e-30
   941   1.147575881791166e-54
   942   9.987717904005112e-55
   943   8.531632175302816e-55
   944   7.249514553655106e-55
   945   6.101770874385728e-55
   946   5.090771155242221e-55
   947   4.259043911030944e-55
   948   3.541468668116132e-55
   949   2.934495462173033e-55
   950   2.430678957226640e-55
[TRUERES]    950  2.430678957226640e-55  3.714082591588338e-30
   951   1.994821003762221e-55
   952   1.636458872357484e-55
   953   1.345064627745648e-55
   954   1.100072793378882e-55
   955   9.040854482835092e-56
   956   7.451794003568564e-56
   957   6.136848953872895e-56
   958   5.099163739165007e-56
   959   4.232993882819301e-56
   960   3.504964573995353e-56
[TRUERES]    960  3.504964573995353e-56  3.714082591588338e-30
   961   2.912105948779695e-56
   962   2.406006360548490e-56
   963   1.990245034226930e-56
   964   1.659515247042488e-56
   965   1.384856740764426e-56
   966   1.163855179901309e-56
   967   9.840560649275746e-57
   968   8.313689987572931e-57
   969   7.092867074803679e-57
   970   6.094218291299022e-57
[TRUERES]    970  6.094218291299022e-57  3.714082591588338e-30
   971   5.243790410391147e-57
   972   4.568246558702682e-57
   973   4.010403608344061e-57
   974   3.555194016209758e-57
   975   3.199254123460481e-57
   976   2.891978673795638e-57
   977   2.644993807119097e-57
   978   2.454568354906500e-57
   979   2.283228982752190e-57
   980   2.136943474405367e-57
[TRUERES]    980  2.136943474405367e-57  3.714082591588338e-30
   981   2.004585205439586e-57
   982   1.866107780654923e-57
   983   1.738170149063399e-57
   984   1.607656250618984e-57
   985   1.469895978121740e-57
   986   1.338623734159610e-57
   987   1.203671736323963e-57
   988   1.072214182514754e-57
   989   9.493573528034321e-58
   990   8.297283178306436e-58
[TRUERES]    990  8.297283178306436e-58  3.714082591588338e-30
   991   7.198244724352753e-58
   992   6.215100291508214e-58
   993   5.301536104098418e-58
   994   4.503963489159620e-58
   995   3.792838106478987e-58
   996   3.169100852695402e-58
   997   2.647711183605736e-58
   998   2.195632664674574e-58
   999   1.809128014817117e-58
  1000   1.494050349820109e-58
[TRUERES]   1000  1.494050349820109e-58  3.714082591588338e-30
  1001   1.223384999494709e-58
  1002   9.980451337004532e-59
  1003   8.135635380791560e-59
  1004   6.568034363756101e-59
  1005   5.300584701129427e-59
  1006   4.282237099059604e-59
  1007   3.436550559127466e-59
  1008   2.776435078530083e-59
  1009   2.244658990127201e-59
  1010   1.807482030160053e-59
[TRUERES]   1010  1.807482030160053e-59  3.714082591588338e-30
  1011   1.463306835065406e-59
  1012   1.178562395138145e-59
  1013   9.475762906918184e-60
  1014   7.662389786504996e-60
  1015   6.181686868132833e-60
  1016   5.005196672928972e-60
  1017   4.087796193242370e-60
  1018   3.338979003476487e-60
  1019   2.746646075619338e-60
  1020   2.276750110234680e-60
[TRUERES]   1020  2.276750110234680e-60  3.714082591588338e-30
  1021   1.890151134906131e-60
  1022   1.584487583341421e-60
  1023   1.332578444155448e-60
  1024   1.122135485331585e-60
  1025   9.532690618875713e-61
  1026   8.108409122553432e-61
  1027   6.929013836344280e-61
  1028   5.993793826649195e-61
  1029   5.205599645204183e-61
  1030   4.558298411170583e-61
[TRUERES]   1030  4.558298411170583e-61  3.714082591588338e-30
  1031   4.026326167083986e-61
  1032   3.567050729223707e-61
  1033   3.184126973519062e-61
  1034   2.852665697454724e-61
  1035   2.556594262649754e-61
  1036   2.311139152098975e-61
  1037   2.096502511818802e-61
  1038   1.902110052518357e-61
  1039   1.736083809014350e-61
  1040   1.580993222227004e-61
[TRUERES]   1040  1.580993222227004e-61  3.714082591588338e-30
  1041   1.439655252691522e-61
  1042   1.321492661490991e-61
  1043   1.210786925156057e-61
  1044   1.110842776436495e-61
  1045   1.019381142272874e-61
  1046   9.294256754458355e-62
  1047   8.472066498818181e-62
  1048   7.660808662853875e-62
  1049   6.836299685886315e-62
  1050   6.070727756886294e-62
[TRUERES]   1050  6.070727756886294e-62  3.714082591588338e-30
  1051   5.308736171041417e-62
  1052   4.580613598575410e-62
  1053   3.932707307038794e-62
  1054   3.338700203057603e-62
  1055   2.817666431335330e-62
  1056   2.364280543448063e-62
  1057   1.959270367141366e-62
  1058   1.618902841975885e-62
  1059   1.333695598014447e-62
  1060   1.089466479394773e-62
[TRUERES]   1060  1.089466479394773e-62  3.714082591588338e-30
  1061   8.913935755792749e-63
  1062   7.284079590396165e-63
  1063   5.925111093186703e-63
  1064   4.832968064170376e-63
  1065   3.933322030678426e-63
  1066   3.201050614494358e-63
  1067   2.619948771699850e-63
  1068   2.131102893789514e-63
  1069   1.732729773173224e-63
  1070   1.409631174698660e-63
[TRUERES]   1070  1.409631174698660e-63  3.714082591588338e-30
  1071   1.137217160611941e-63
  1072   9.208584766856965e-64
  1073   7.480500332918581e-64
  1074   6.064600307406182e-64
  1075   4.928991588375532e-64
  1076   3.998181219006792e-64
  1077   3.232910759882100e-64
  1078   2.627077828057085e-64
  1079   2.130288494843583e-64
  1080   1.730084372544422e-64
[TRUERES]   1080  1.730084372544422e-64  3.714082591588338e-30
  1081   1.416873518973125e-64
  1082   1.161044962216886e-64
  1083   9.573383266246993e-65
  1084   7.958152984256257e-65
  1085   6.622668690830294e-65
  1086   5.572619313148116e-65
  1087   4.733666170522654e-65
  1088   4.031559362894143e-65
  1089   3.478492073399572e-65
  1090   3.031795152385236e-65
[TRUERES]   1090  3.031795152385236e-65  3.714082591588338e-30
  1091   2.661360379479089e-65
  1092   2.373764122113498e-65
  1093   2.124898697933790e-65
  1094   1.913046954720333e-65
  1095   1.733462076294441e-65
  1096   1.574709239634076e-65
  1097   1.443141754673922e-65
  1098   1.337266652875061e-65
  1099   1.238245286622753e-65
  1100   1.149368589197662e-65
[TRUERES]   1100  1.149368589197662e-65  3.714082591588338e-30
  1101   1.062943333728710e-65
  1102   9.736424252528569e-66
  1103   8.906967935856887e-66
  1104   8.097542876928375e-66
  1105   7.318059854348696e-66
  1106   6.600048570216222e-66
  1107   5.888889147642454e-66
  1108   5.209614222281211e-66
  1109   4.571442228179519e-66
  1110   3.952441144664826e-66
[TRUERES]   1110  3.952441144664826e-66  3.714082591588338e-30
  1111   3.397921695625331e-66
  1112   2.899406167348966e-66
  1113   2.450835825996267e-66
  1114   2.071316967322133e-66
  1115   1.737560821630047e-66
  1116   1.444539056714764e-66
  1117   1.201700716967094e-66
  1118   9.918895495674282e-67
  1119   8.144961382194608e-67
  1120   6.714480431525196e-67
[TRUERES]   1120  6.714480431525196e-67  3.714082591588338e-30
  1121   5.516339999680838e-67
  1122   4.521198771108318e-67
  1123   3.708285004703157e-67
  1124   3.021163004105348e-67
  1125   2.462091984912760e-67
  1126   2.010101424840957e-67
  1127   1.635668336711666e-67
  1128   1.335884276980879e-67
  1129   1.090737262610789e-67
  1130   8.881980586540039e-68
[TRUERES]   1130  8.881980586540039e-68  3.714082591588338e-30
  1131   7.250819934965809e-68
  1132   5.892634727004101e-68
  1133   4.770744073355168e-68
  1134   3.858508143014678e-68
  1135   3.099752662168676e-68
  1136   2.487671632290381e-68
  1137   2.004480022526615e-68
  1138   1.608041789556893e-68
  1139   1.298792227470814e-68
  1140   1.049724480433854e-68
[TRUERES]   1140  1.049724480433854e-68  3.714082591588338e-30
  1141   8.442952644890858e-69
  1142   6.814361726253634e-69
  1143   5.479710766318807e-69
  1144   4.394888494880669e-69
  1145   3.543952890381776e-69
  1146   2.852723193336494e-69
  1147   2.296923690145868e-69
  1148   1.855980318600183e-69
  1149   1.491157605254775e-69
  1150   1.194707709308752e-69
[TRUERES]   1150  1.194707709308752e-69  3.714082591588338e-30
  1151   9.564424525572447e-70
  1152   7.624671251224368e-70
  1153   6.075929161839611e-70
  1154   4.834767878489284e-70
  1155   3.840583767479455e-70
  1156   3.056175130542519e-70
  1157   2.422375802145039e-70
  1158   1.915276585582445e-70
  1159   1.522702816981563e-70
  1160   1.206703935086192e-70
[TRUERES]   1160  1.206703935086192e-70  3.714082591588338e-30
  1161   9.530501904917050e-71
  1162   7.546583217447223e-71
  1163   5.941049353588308e-71
  1164   4.668154615614808e-71
  1165   3.673477914941753e-71
  1166   2.888535905263009e-71
  1167   2.282599980906356e-71
  1168   1.808144769230375e-71
  1169   1.430484331390051e-71
  1170   1.140313506061967e-71
[TRUERES]   1170  1.140313506061967e-71  3.714082591588338e-30
  1171   9.084237507417284e-72
  1172   7.229630092113258e-72
  1173   5.777058523629961e-72
  1174   4.608691740302084e-72
  1175   3.677359760435256e-72
  1176   2.955280987588991e-72
  1177   2.381351983960860e-72
  1178   1.938819041731504e-72
  1179   1.597322627345265e-72
  1180   1.317370212386382e-72
[TRUERES]   1180  1.317370212386382e-72  3.714082591588338e-30
  1181   1.098549433051187e-72
  1182   9.234586632803820e-73
  1183   7.812249039652335e-73
  1184   6.719251131923020e-73
  1185   5.853859975448292e-73
  1186   5.172044806540812e-73
  1187   4.665818834286603e-73
  1188   4.271587575873512e-73
  1189   3.985015812533332e-73
  1190   3.790622621675994e-73
[TRUERES]   1190  3.790622621675994e-73  3.714082591588338e-30
  1191   3.650760678718804e-73
  1192   3.580893723296095e-73
  1193   3.570409585331686e-73
  1194   3.586547396608816e-73
  1195   3.631714368969533e-73
  1196   3.686719617766332e-73
  1197   3.724786103273982e-73
  1198   3.763080220999704e-73
  1199   3.773339325420272e-73
Error at ASolver_CG<Afield<double,ACCEL> >: not converged
  iter(final):     1200   3.773339325420272e-73
converged:
  nconv = -1
    0    0       -1     1.4349e-31     2.2822e-30
ASolver_CGNR<Afield<double,ACCEL> >: solver starts
  mode_prev = D
  snorm =  2.559611167531069e+01
ASolver_CG solve_CG_init: m_x.nin() = 192, m_s.nin() = 192
  init:  9.777453166943076e-01
     0   4.811055558558971e-02
[TRUERES]      0  4.811055558558971e-02  4.811055558558971e-02
     1   1.230749065471559e-02
     2   1.052702270540324e-02
     3   3.913269096418931e-03
     4   1.864950816684440e-03
     5   1.611019940702407e-03
     6   7.920583777588756e-04
     7   4.979173564253379e-04
     8   4.261986634534080e-04
     9   2.397708470613033e-04
    10   1.879266392443530e-04
[TRUERES]     10  1.879266392443530e-04  1.879266392443530e-04
    11   1.549901117807282e-04
    12   9.629953929710217e-05
    13   8.288382054952382e-05
    14   6.654780393472182e-05
    15   4.638966328036924e-05
    16   4.345709295341750e-05
    17   3.419913941498642e-05
    18   2.609334163887922e-05
    19   2.436141931723053e-05
    20   1.803586465641027e-05
[TRUERES]     20  1.803586465641027e-05  1.803586465641026e-05
    21   1.443941209534775e-05
    22   1.297087178375506e-05
    23   9.479389847104690e-06
    24   7.988904031347627e-06
    25   6.973444862468437e-06
    26   5.242678989354310e-06
    27   4.736329420298468e-06
    28   4.094211121707459e-06
    29   3.295455452403085e-06
    30   3.151884474311994e-06
[TRUERES]     30  3.151884474311994e-06  3.151884474311981e-06
    31   2.724407706102517e-06
    32   2.344611592590632e-06
    33   2.294277432850167e-06
