Bridge++ 2.0.0

input filename : main.yaml

file = main.yaml

Lattice parameters:
  Lx = 16,  Ly = 16,  Lz = 16,  Lt = 16,
  Nx = 16,  Ny = 16,  Nz = 16,  Nt = 16,
  NPEx = 1,  NPEy  = 1,  NPEz  = 1,  NPEt  = 1,
  Lvol = 65536,  Nvol = 65536,  NPE = 1,
  Ndim = 4
  Nc   = 3
  Nd   = 4

ThreadManager: initialization
Warning at ThreadManager: Nthread(env) != Nthread(input)
  Number of threads(env)   = 2
  Number of threads(input) = 1
  reset Nthread = Nthread(input).
  Number of threads = 1
Main: input parameters
  lattice_size     = [16, 16, 16, 16]
  grid_size        = [1, 1, 1, 1]
  number of thread = 1
  number of color  = 3
  logfile          = stdout
  ildg_logfile     = stdout
  vlevel           = General

Alt_Accel code is being setup.
DeviceManager_CUDA: being initialized.
  process_id = 0
  number of devices = 1
  device_id = 0  is used on process = 0
------------------------------------------------
Alt_Accel: Factory entries
------------------------------------------------
AFopr<double, ACCEL> >(void):
AFopr<double, ACCEL>(Parameters&):
	Clover
	CloverTerm
	Clover_dd
	Domainwall
	Domainwall_5din
	Domainwall_5din_dd
	Domainwall_5din_eo
	Domainwall_eo
	Wilson
	Wilson_dd
AFopr<double, ACCEL>(Fopr*):
	Domainwall
AFopr<double, ACCEL>(Fopr*, Director*):
AFopr<float, ACCEL> >(void):
AFopr<float, ACCEL>(Parameters&):
	Clover
	CloverTerm
	Clover_dd
	Domainwall
	Domainwall_5din
	Domainwall_5din_dd
	Domainwall_5din_eo
	Domainwall_eo
	Wilson
	Wilson_dd
AFopr<float, ACCEL>(Fopr*):
	Domainwall
AFopr<float, ACCEL>(Fopr*, Director*):
AEigensolver<AField<float, ACCEL> >, Afopr>(Fopr*):
	IRArnoldi
	IRLanczos
------------------------------------------------
Timer: timestamp: 2026/06/06 11:06:28 +0900
file = test_alt_Spectrum_Domainwall_5din_Hadron2ptFunction.yaml

--------------------------------------------------------------------
test name: Spectrum_Domainwall_alt.hadron_2ptFunction
test file: test_alt_Spectrum_Domainwall_5din_Hadron2ptFunction.yaml
test mode: float_eo
file = test_alt_Spectrum_Domainwall_5din_Hadron2ptFunction.yaml
  vlevel       = General
  source_type  = Local
Smearing parameters (assumes APE-Stout):
   proj_type:  Stout_SU3
   smear_type: APE
   rho_uniform: 0.100000
   number_of_smearing: 0
  vlevel       = General

Configuration setup:
  gconf_status = Continue
  gconf_read   = Text
  readfile     = ./conf_real16.txt
  plaq = 0.596178

Gauge fixing:
  Gauge fixing type = None
Parameters: get_string: key 'filename_output' not found.
Elapsed time: calc_plqauette: total         0.12 sec, count    1, average         0.12 sec
plaquette (before smearing):       0.596178494528857
applying smearing
Smear_APE:
  rho =   0.1000
Director_Smear:
  Nsmear = 0
Parameters: get_string: key 'filename_output' not found.
Elapsed time: calc_plqauette: total         0.12 sec, count    1, average         0.12 sec
Elapsed time: smearig: total         0.12 sec, count    1, average         0.12 sec
plaquette (after smearing):        0.596178494528857
  gmset_type   = Dirac
Gamma matrix: dirac representation.
Fopr_Domainwall: construction
  Imp::Fopr_Wilson: construction
    Gauge group implementation: SU(3)
    Imp::Fopr_Wilson: input parameters
      gamma-matrix type = Dirac
      kappa  =   0.20833333
      boundary[0] =  1
      boundary[1] =  1
      boundary[2] =  1
      boundary[3] = -1
  Imp::Fopr_Wilson: construction finished.
  Fopr_Domainwall: input parameters
    mq   =   0.0500
    M0   =   1.6000
    Ns   =    8
    boundary[0] =  1
    boundary[1] =  1
    boundary[2] =  1
    boundary[3] = -1
    coefficients:
    b[ 0] =     1.5000000000  c[ 0] =     0.5000000000
    b[ 1] =     1.5000000000  c[ 1] =     0.5000000000
    b[ 2] =     1.5000000000  c[ 2] =     0.5000000000
    b[ 3] =     1.5000000000  c[ 3] =     0.5000000000
    b[ 4] =     1.5000000000  c[ 4] =     0.5000000000
    b[ 5] =     1.5000000000  c[ 5] =     0.5000000000
    b[ 6] =     1.5000000000  c[ 6] =     0.5000000000
    b[ 7] =     1.5000000000  c[ 7] =     0.5000000000
Fopr_Domainwall: construction finished.
Fopr_Domainwall: input parameters
  mq   =   0.0500
  M0   =   1.6000
  Ns   =    8
  boundary[0] =  1
  boundary[1] =  1
  boundary[2] =  1
  boundary[3] = -1
  coefficients:
  b[ 0] =     1.5000000000  c[ 0] =     0.5000000000
  b[ 1] =     1.5000000000  c[ 1] =     0.5000000000
  b[ 2] =     1.5000000000  c[ 2] =     0.5000000000
  b[ 3] =     1.5000000000  c[ 3] =     0.5000000000
  b[ 4] =     1.5000000000  c[ 4] =     0.5000000000
  b[ 5] =     1.5000000000  c[ 5] =     0.5000000000
  b[ 6] =     1.5000000000  c[ 6] =     0.5000000000
  b[ 7] =     1.5000000000  c[ 7] =     0.5000000000
Imp::Fopr_Wilson: construction
  Gauge group implementation: SU(3)
  Imp::Fopr_Wilson: input parameters
    gamma-matrix type = Dirac
    kappa  =   0.20833333
    boundary[0] =  1
    boundary[1] =  1
    boundary[2] =  1
    boundary[3] = -1
Imp::Fopr_Wilson: construction finished.
Source for spinor field - local:
  source_position[0] = 0
  source_position[1] = 0
  source_position[2] = 0
  source_position[3] = 0

Check of fermion operator (even-odd)
norm of source vector: 1.000000
AFopr_Domainwall_5din_eo<AField<float,ACCEL> >: construction
  do_comm[0] = 0
  do_comm[1] = 0
  do_comm[2] = 0
  do_comm[3] = 0
    extended_precision = true
    su3_reconstruction = false
  AFopr_Domainwall_5din_eo<AField<float,ACCEL> >: input parameters
    gamma matrix repr.:  Dirac
    code implementation: 5d
    mq   =   0.0500
    M0   =   1.6000
    Ns   =    8
    boundary[0] =  1
    boundary[1] =  1
    boundary[2] =  1
    boundary[3] = -1
    coefficients:
      b[ 0] =     1.5000000000  c[ 0] =     0.5000000000
      b[ 1] =     1.5000000000  c[ 1] =     0.5000000000
      b[ 2] =     1.5000000000  c[ 2] =     0.5000000000
      b[ 3] =     1.5000000000  c[ 3] =     0.5000000000
      b[ 4] =     1.5000000000  c[ 4] =     0.5000000000
      b[ 5] =     1.5000000000  c[ 5] =     0.5000000000
      b[ 6] =     1.5000000000  c[ 6] =     0.5000000000
      b[ 7] =     1.5000000000  c[ 7] =     0.5000000000
    alpha =   1.0000
convert required.
convert performed.

[D check]
norm2(abq) = 1.000000
norm2(y5)  = 113.087402
norm2(z5)  = 113.087394
norm2(axq) = 113.087387
diff2 = 0.000000
Elapsed time: afopr_Domainwall_5din_eo: Deo & dagger   : total         0.00 sec, count    2, average         0.00 sec
Elapsed time: afopr_Domainwall_5din_eo: Dee_inv & dag  : total         0.00 sec, count   18, average         0.00 sec
Elapsed time: afopr_Domainwall_5din_eo: clear          : total         0.00 sec, count    0, average         0.00 sec
Elapsed time: afopr_Domainwall_5din_eo: pack           : total         0.00 sec, count    0, average         0.00 sec
Elapsed time: afopr_Domainwall_5din_eo: bulk           : total         0.00 sec, count    2, average         0.00 sec
Elapsed time: afopr_Domainwall_5din_eo: boundary       : total         0.00 sec, count    0, average         0.00 sec
Elapsed time: afopr_Domainwall_5din_eo: comm           : total         0.00 sec, count    0, average         0.00 sec
Elapsed time: afopr_Domainwall_5din_eo: comm_recv_wait : total         0.00 sec, count    0, average         0.00 sec
Elapsed time: afopr_Domainwall_5din_eo: comm_send_wait : total         0.00 sec, count    0, average         0.00 sec
Elapsed time: afopr_Domainwall_5din_eo: comm_recv_start: total         0.00 sec, count    0, average         0.00 sec
Elapsed time: afopr_Domainwall_5din_eo: comm_send_start: total         0.00 sec, count    0, average         0.00 sec
Elapsed time: afopr_Domainwall_5din_eo: comm_test_all  : total         0.00 sec, count    0, average         0.00 sec

Fprop_alt_Standard_eo<Afield<float,ACCEL> >: being setup (without link smearing).
  AFopr_Domainwall_5din_eo<AField<float,ACCEL> >: construction
    do_comm[0] = 0
    do_comm[1] = 0
    do_comm[2] = 0
    do_comm[3] = 0
      extended_precision = true
      su3_reconstruction = false
    AFopr_Domainwall_5din_eo<AField<float,ACCEL> >: input parameters
      gamma matrix repr.:  Dirac
      code implementation: 5d
      mq   =   0.0500
      M0   =   1.6000
      Ns   =    8
      boundary[0] =  1
      boundary[1] =  1
      boundary[2] =  1
      boundary[3] = -1
      coefficients:
        b[ 0] =     1.5000000000  c[ 0] =     0.5000000000
        b[ 1] =     1.5000000000  c[ 1] =     0.5000000000
        b[ 2] =     1.5000000000  c[ 2] =     0.5000000000
        b[ 3] =     1.5000000000  c[ 3] =     0.5000000000
        b[ 4] =     1.5000000000  c[ 4] =     0.5000000000
        b[ 5] =     1.5000000000  c[ 5] =     0.5000000000
        b[ 6] =     1.5000000000  c[ 6] =     0.5000000000
        b[ 7] =     1.5000000000  c[ 7] =     0.5000000000
      alpha =   1.0000
  ASolver_CGNR<Afield<float,ACCEL> >:
  ASolver_CG<Afield<float,ACCEL> >:
    Precision: float
    Niter     = 550
    Stop_cond =   0.00000000e+00
    init_guess_mode: 0
    true_residual_interval = 10 (logging [TRUERES])
    refinement_iterations = 0
Fprop_alt_Standard_eo<Afield<float,ACCEL> >: setup finished.

Fprop_alt_Standard_eo<Afield<float,ACCEL> >: mult performance:
  mult mode = Dee_inv
  Number of mult =                400
  Elapsed time   =       0.074627 sec
  Flop(Fopr)     =           62914560
  Flop(total)    =        25165824000
  Performance    =     337.222 GFlops

Fprop_alt_Standard_eo<Afield<float,ACCEL> >: mult performance:
  mult mode = Doe
  Number of mult =                400
  Elapsed time   =       0.177886 sec
  Flop(Fopr)     =          390070272
  Flop(total)    =       156028108800
  Performance    =     877.124 GFlops

Fprop_alt_Standard_eo<Afield<float,ACCEL> >: mult performance:
  mult mode = D
  Number of mult =                400
  Elapsed time   =       0.622149 sec
  Flop(Fopr)     =          912261120
  Flop(total)    =       364904448000
  Performance    =     586.523 GFlops

Fprop_alt_Standard_eo<Afield<float,ACCEL> >: mult performance:
  mult mode = Ddag
  Number of mult =                400
  Elapsed time   =       0.661515 sec
  Flop(Fopr)     =          912261120
  Flop(total)    =       364904448000
  Performance    =     551.619 GFlops

Fprop_alt_Standard_eo<Afield<float,ACCEL> >: mult performance:
  mult mode = DdagD
  Number of mult =                400
  Elapsed time   =       1.287614 sec
  Flop(Fopr)     =         1824522240
  Flop(total)    =       729808896000
  Performance    =     566.792 GFlops

Solving quark propagator:
  color spin   Nconv      diff           diff2
ASolver_CGNR<Afield<float,ACCEL> >: solver starts
  mode_prev = D
  snorm =  2.588466835021973e+01
ASolver_CG solve_CG_init: m_x.nin() = 192, m_s.nin() = 192
  init:  9.981091022491455e-01
     0   5.123301222920418e-02
[TRUERES]      0  5.123301222920418e-02  5.123301222920418e-02
     1   1.437179278582335e-02
     2   1.241257227957249e-02
     3   4.474023357033730e-03
     4   2.165599260479212e-03
     5   1.812964212149382e-03
     6   8.551663486286998e-04
     7   5.386078264564276e-04
     8   4.351816605776548e-04
     9   2.300847991136834e-04
    10   1.762324391165748e-04
[TRUERES]     10  1.762324391165748e-04  1.762324391165748e-04
    11   1.401651825290173e-04
    12   8.645874186186120e-05
    13   7.533485040767118e-05
    14   5.991023863316514e-05
    15   4.124322367715649e-05
    16   3.832986840279773e-05
    17   2.965574822155759e-05
    18   2.251821751997340e-05
    19   2.120210592693184e-05
    20   1.573540248500649e-05
[TRUERES]     20  1.573540248500649e-05  1.573540248500649e-05
    21   1.272750614589313e-05
    22   1.156394409917993e-05
    23   8.523075848643202e-06
    24   7.384784566966118e-06
    25   6.536939508805517e-06
    26   4.981346137356013e-06
    27   4.529227680905024e-06
    28   3.895247573382221e-06
    29   3.147259576508077e-06
    30   3.002623998327181e-06
[TRUERES]     30  3.002623998327181e-06  3.002623770953505e-06
    31   2.580301952548325e-06
    32   2.232602582807885e-06
    33   2.199387154178112e-06
    34   1.921543116623070e-06
    35   1.780886464075593e-06
    36   1.788826580195746e-06
    37   1.588409418218362e-06
    38   1.562515080877347e-06
    39   1.540843754810339e-06
    40   1.389116619066044e-06
[TRUERES]     40  1.389116619066044e-06  1.389117755934421e-06
    41   1.403742544425768e-06
    42   1.337209596385946e-06
    43   1.202388148158207e-06
    44   1.190623265756585e-06
    45   1.065028982338845e-06
    46   9.472384476794105e-07
    47   8.983323027678125e-07
    48   7.612776471432880e-07
    49   6.795853551011533e-07
    50   6.188578822730051e-07
[TRUERES]     50  6.188578822730051e-07  6.188570864651410e-07
    51   5.122151378600392e-07
    52   4.612356292454933e-07
    53   4.092381402642786e-07
    54   3.412640410260792e-07
    55   3.117506821581628e-07
    56   2.709227828745497e-07
    57   2.299093750934844e-07
    58   2.119582944715148e-07
    59   1.817924299984952e-07
    60   1.594974321506015e-07
[TRUERES]     60  1.594974321506015e-07  1.594973610963279e-07
    61   1.482762428395290e-07
    62   1.275496970265522e-07
    63   1.154401445546682e-07
    64   1.069640163109398e-07
    65   9.264531541930410e-08
    66   8.660576611418946e-08
    67   7.974335147764577e-08
    68   7.069731111641886e-08
    69   6.758875059631464e-08
    70   6.165962673776448e-08
[TRUERES]     70  6.165962673776448e-08  6.165938515323433e-08
    71   5.590692353507620e-08
    72   5.392913138280164e-08
    73   4.881367843267981e-08
    74   4.495050021091629e-08
    75   4.273830711554183e-08
    76   3.827002714729133e-08
    77   3.592062469692792e-08
    78   3.393924785655145e-08
    79   3.035381013205551e-08
    80   2.868129733712976e-08
[TRUERES]     80  2.868129733712976e-08  2.868136483868966e-08
    81   2.639139218274522e-08
    82   2.345694305461166e-08
    83   2.197880277776676e-08
    84   1.947567085380797e-08
    85   1.709513597347723e-08
    86   1.565161511507540e-08
    87   1.343714650658967e-08
    88   1.181898046098695e-08
    89   1.059654675117372e-08
    90   8.965082010092829e-09
[TRUERES]     90  8.965082010092829e-09  8.965514552983223e-09
    91   7.888986353066230e-09
    92   6.913098093974668e-09
    93   5.782302636703207e-09
    94   5.089541232905503e-09
    95   4.362567196380951e-09
    96   3.659450298343359e-09
    97   3.235684387092874e-09
    98   2.754047878639199e-09
    99   2.363235607205638e-09
   100   2.120928099813568e-09
[TRUERES]    100  2.120928099813568e-09  2.120984943232429e-09
   101   1.825306683578276e-09
   102   1.619599898639024e-09
   103   1.472629351795263e-09
   104   1.288608775240618e-09
   105   1.188547593677924e-09
   106   1.098269697408227e-09
   107   9.903818876111359e-10
   108   9.387585153675104e-10
   109   8.673530227376602e-10
   110   7.959411463254185e-10
[TRUERES]    110  7.959411463254185e-10  7.961042380877359e-10
   111   7.632717236027986e-10
   112   7.024699155699921e-10
   113   6.552469122844684e-10
   114   6.279115005725089e-10
   115   5.761714994001466e-10
   116   5.445991435593101e-10
   117   5.180328388476596e-10
   118   4.750564941424784e-10
   119   4.520338270364022e-10
   120   4.212016846416589e-10
[TRUERES]    120  4.212016846416589e-10  4.214098514587761e-10
   121   3.802516912454479e-10
   122   3.544546045564090e-10
   123   3.175019136492097e-10
   124   2.793479891849415e-10
   125   2.513668440062844e-10
   126   2.147716171574388e-10
   127   1.850046366103086e-10
   128   1.612795175187642e-10
   129   1.345493993998303e-10
   130   1.155313900103039e-10
[TRUERES]    130  1.155313900103039e-10  1.157586873579142e-10
   131   9.943058876249466e-11
   132   8.342482954448727e-11
   133   7.303849886008962e-11
   134   6.310630490391489e-11
   135   5.379401785132742e-11
   136   4.759646149432584e-11
   137   4.089198771262126e-11
   138   3.526195307967939e-11
   139   3.125020381355981e-11
   140   2.672799828684624e-11
[TRUERES]    140  2.672799828684624e-11  2.694872797137648e-11
   141   2.322907491358883e-11
   142   2.050237583872683e-11
   143   1.757365260257604e-11
   144   1.559438342346731e-11
   145   1.388601560126101e-11
   146   1.213702315733256e-11
   147   1.105478729390708e-11
   148   9.899082421827021e-12
   149   8.808800043558218e-12
   150   8.148654494222196e-12
[TRUERES]    150  8.148654494222196e-12  8.387373261198316e-12
   151   7.386992059710273e-12
   152   6.783036805846354e-12
   153   6.393276966859540e-12
   154   5.851933521094921e-12
   155   5.461915641991055e-12
   156   5.130854508622607e-12
   157   4.669758069814067e-12
   158   4.349849473672673e-12
   159   4.010707130991387e-12
   160   3.614536621399100e-12
[TRUERES]    160  3.614536621399100e-12  3.833412753895260e-12
   161   3.348361952287826e-12
   162   3.025494134736850e-12
   163   2.699823654569999e-12
   164   2.469692636161702e-12
   165   2.187271631176602e-12
   166   1.944697658115557e-12
   167   1.745250320130121e-12
   168   1.508211849680918e-12
   169   1.320148526086362e-12
   170   1.148663195810196e-12
[TRUERES]    170  1.148663195810196e-12  1.387336209454637e-12
   171   9.683281737213334e-13
   172   8.332066048395703e-13
   173   7.062093423070015e-13
   174   5.898957537719962e-13
   175   5.072114603321687e-13
   176   4.271863082456334e-13
   177   3.603172718958519e-13
   178   3.109078207559623e-13
   179   2.623300882076407e-13
   180   2.255927107445987e-13
[TRUERES]    180  2.255927107445987e-13  4.884993776675672e-13
   181   1.975912516287773e-13
   182   1.699921534916923e-13
   183   1.511546963983701e-13
   184   1.361887490801406e-13
   185   1.210103387936853e-13
   186   1.111953885630894e-13
   187   1.012305338296202e-13
   188   9.173845900599040e-14
   189   8.570471128578269e-14
   190   7.873211224683832e-14
[TRUERES]    190  7.873211224683832e-14  3.711765324352495e-13
   191   7.285334445092384e-14
   192   6.908388520531633e-14
   193   6.406858279583288e-14
   194   6.078250153630088e-14
   195   5.833983469927251e-14
   196   5.499853705597489e-14
   197   5.317093133513397e-14
   198   5.101443627340135e-14
   199   4.791028413841242e-14
   200   4.583140439970261e-14
[TRUERES]    200  4.583140439970261e-14  3.737279311976510e-13
   201   4.272141451364120e-14
   202   3.918059656555194e-14
   203   3.640213876317765e-14
   204   3.272214991372271e-14
   205   2.932438566602934e-14
   206   2.641580835636374e-14
   207   2.302211664308076e-14
   208   2.025312358685909e-14
   209   1.775977199233291e-14
   210   1.518882201544287e-14
[TRUERES]    210  1.518882201544287e-14  3.744116019825661e-13
   211   1.324309162087671e-14
   212   1.141708086307546e-14
   213   9.678405978399713e-15
   214   8.360807265430075e-15
   215   7.069179429656201e-15
   216   5.961095163222862e-15
   217   5.100319529915834e-15
   218   4.253358156945577e-15
   219   3.574614562684708e-15
   220   3.031702442394960e-15
[TRUERES]    220  3.031702442394960e-15  3.807472729027567e-13
   221   2.525609997289409e-15
   222   2.157077396883851e-15
   223   1.852886689701150e-15
   224   1.577949959417771e-15
   225   1.387781004242932e-15
   226   1.220532972379031e-15
   227   1.077634808408087e-15
   228   9.829480657289622e-16
   229   8.907426001897008e-16
   230   8.159939013581993e-16
[TRUERES]    230  8.159939013581993e-16  3.877967012181488e-13
   231   7.689280921275405e-16
   232   7.149846400629728e-16
   233   6.785004958050067e-16
   234   6.536587664674918e-16
   235   6.210559389320817e-16
   236   6.021692217906790e-16
   237   5.802283685392732e-16
   238   5.481918354686619e-16
   239   5.255173987453747e-16
   240   4.940962880505028e-16
[TRUERES]    240  4.940962880505028e-16  3.955829262249078e-13
   241   4.564410148638392e-16
   242   4.253943192014334e-16
   243   3.855233666434302e-16
   244   3.468312721897681e-16
   245   3.124608721818956e-16
   246   2.729548055357018e-16
   247   2.391030543893449e-16
   248   2.093774654268597e-16
   249   1.793818053030983e-16
   250   1.566858751187746e-16
[TRUERES]    250  1.566858751187746e-16  4.030931404636062e-13
   251   1.359552069558686e-16
   252   1.162342020660898e-16
   253   1.012098889897176e-16
   254   8.658332405653036e-17
   255   7.343915280782183e-17
   256   6.307074823193505e-17
   257   5.307105445101010e-17
   258   4.501834199996552e-17
   259   3.885127047329682e-17
   260   3.305319429172068e-17
[TRUERES]    260  3.305319429172068e-17  4.091451840954746e-13
   261   2.869061065389151e-17
   262   2.514229699361464e-17
   263   2.186460208817939e-17
   264   1.949149039393621e-17
   265   1.739900964866899e-17
   266   1.542342110448409e-17
   267   1.405941681799640e-17
   268   1.273711153336812e-17
   269   1.163898212090906e-17
   270   1.090930128715766e-17
[TRUERES]    270  1.090930128715766e-17  4.112825531532582e-13
   271   1.014707420502474e-17
   272   9.588681796617760e-18
   273   9.185464335222661e-18
   274   8.666104098380216e-18
   275   8.295822487435141e-18
   276   7.915865344865034e-18
   277   7.417761168223364e-18
   278   7.020534148824375e-18
   279   6.533500957501115e-18
   280   5.977582232715971e-18
[TRUERES]    280  5.977582232715971e-18  4.123507362386453e-13
   281   5.513508680065039e-18
   282   4.970316542594330e-18
   283   4.457628758163044e-18
   284   4.011256870620748e-18
   285   3.523692215753923e-18
   286   3.118449609424141e-18
   287   2.767730613170792e-18
   288   2.406515935715064e-18
   289   2.112231957138605e-18
   290   1.835769378064447e-18
[TRUERES]    290  1.835769378064447e-18  4.142628351900407e-13
   291   1.567998399276691e-18
   292   1.357746148165845e-18
   293   1.161230988885244e-18
   294   9.876614062065577e-19
   295   8.555674349231045e-19
   296   7.313074844259878e-19
   297   6.284450937131812e-19
   298   5.463318565820195e-19
   299   4.673243207594765e-19
   300   4.043808909266547e-19
[TRUERES]    300  4.043808909266547e-19  4.149848325217531e-13
   301   3.531119522172825e-19
   302   3.055932953088608e-19
   303   2.705224916978376e-19
   304   2.399487071857471e-19
   305   2.115766448197256e-19
   306   1.905981683379473e-19
   307   1.712981188672216e-19
   308   1.551267120424157e-19
   309   1.441130994543048e-19
   310   1.328217739002263e-19
[TRUERES]    310  1.328217739002263e-19  4.149989813601040e-13
   311   1.239604206424930e-19
   312   1.173363841465625e-19
   313   1.094616893385430e-19
   314   1.032196616515957e-19
   315   9.720307945566026e-20
   316   8.997839997509115e-20
   317   8.440257579867579e-20
   318   7.823020576659339e-20
   319   7.143809650994977e-20
   320   6.560087033527058e-20
[TRUERES]    320  6.560087033527058e-20  4.153855807497581e-13
   321   5.876751190792441e-20
   322   5.199759435615194e-20
   323   4.615175063970057e-20
   324   3.984323831101930e-20
   325   3.443912196636832e-20
   326   2.979617334397951e-20
   327   2.528997932571332e-20
   328   2.160549554196479e-20
   329   1.840413370356125e-20
   330   1.541968544051553e-20
[TRUERES]    330  1.541968544051553e-20  4.154983919858052e-13
   331   1.312093597794646e-20
   332   1.108758143724263e-20
   333   9.350334129819352e-21
   334   8.007492839251174e-21
   335   6.782217824416364e-21
   336   5.767408576688015e-21
   337   4.973370926393227e-21
   338   4.232139953260071e-21
   339   3.639600753685074e-21
   340   3.154490626423442e-21
[TRUERES]    340  3.154490626423442e-21  4.155334930311394e-13
   341   2.704368663875348e-21
   342   2.350255794036308e-21
   343   2.030804942258151e-21
   344   1.736076208699603e-21
   345   1.507262824358698e-21
   346   1.304495430919431e-21
   347   1.133764827422668e-21
   348   1.007223359315352e-21
   349   8.900511858684595e-22
   350   7.974239209274262e-22
[TRUERES]    350  7.974239209274262e-22  4.155430340102573e-13
   351   7.281276527095241e-22
   352   6.608761119579549e-22
   353   6.125053826821115e-22
   354   5.742302554575715e-22
   355   5.348481481237274e-22
   356   5.066057160264648e-22
   357   4.779896289173915e-22
   358   4.477022674054043e-22
   359   4.240431550327992e-22
   360   3.971006647331449e-22
[TRUERES]    360  3.971006647331449e-22  4.155412992867813e-13
   361   3.697800260699639e-22
   362   3.469175243721126e-22
   363   3.198373557563920e-22
   364   2.959927537859768e-22
   365   2.743189203218871e-22
   366   2.491066733555339e-22
   367   2.275073588479950e-22
   368   2.066137025082816e-22
   369   1.845772707068289e-22
   370   1.660435958947236e-22
[TRUERES]    370  1.660435958947236e-22  4.155388869369475e-13
   371   1.475429775099908e-22
   372   1.296980729314522e-22
   373   1.152665253135941e-22
   374   1.004962345121470e-22
   375   8.713283611439440e-23
   376   7.565643717814118e-23
   377   6.442029371918208e-23
   378   5.521043100314815e-23
   379   4.746748038392166e-23
   380   4.038517237382518e-23
[TRUERES]    380  4.038517237382518e-23  4.155392121975993e-13
   381   3.493404569999574e-23
   382   3.033936006741579e-23
   383   2.633164216858363e-23
   384   2.343766333929147e-23
   385   2.092167510134501e-23
   386   1.880735905911898e-23
   387   1.723498414789254e-23
   388   1.569659651990665e-23
   389   1.443911752710453e-23
   390   1.345655971521555e-23
[TRUERES]    390  1.345655971521555e-23  4.155382093105897e-13
   391   1.245655545554670e-23
   392   1.168543760980592e-23
   393   1.104548051133262e-23
   394   1.034450502184047e-23
   395   9.844065074203645e-24
   396   9.332726224300290e-24
   397   8.790845046729494e-24
   398   8.389725053642714e-24
   399   7.909248020073415e-24
   400   7.402793796895189e-24
[TRUERES]    400  7.402793796895189e-24  4.155383177308070e-13
   401   6.942129004960517e-24
   402   6.387681273169550e-24
   403   5.872926655546588e-24
   404   5.392259112068679e-24
   405   4.866599281291942e-24
   406   4.404197812074425e-24
   407   3.930191804510655e-24
   408   3.426727364163217e-24
   409   2.988330537861123e-24
   410   2.554183896901134e-24
[TRUERES]    410  2.554183896901134e-24  4.155383177308070e-13
   411   2.153179471936968e-24
   412   1.826242183440136e-24
   413   1.532228596468380e-24
   414   1.288844003786097e-24
   415   1.092286983298638e-24
   416   9.136592920726548e-25
   417   7.699092122263691e-25
   418   6.515572980845790e-25
   419   5.446935653055226e-25
   420   4.606173616727461e-25
[TRUERES]    420  4.606173616727461e-25  4.155383177308070e-13
   421   3.897599030135317e-25
   422   3.276070314053655e-25
   423   2.793503144212167e-25
   424   2.376751379250367e-25
   425   2.027633097035756e-25
   426   1.762440493932444e-25
   427   1.529778912186733e-25
   428   1.343927720259255e-25
   429   1.204395852236509e-25
   430   1.081014062355416e-25
[TRUERES]    430  1.081014062355416e-25  4.155383177308070e-13
   431   9.884109749164443e-26
   432   9.136979585829623e-26
   433   8.431077881851498e-26
   434   7.910674354545765e-26
   435   7.425567422368015e-26
   436   6.922563208403063e-26
   437   6.509291922407001e-26
   438   6.063203406456163e-26
   439   5.618656250758417e-26
   440   5.242391785680953e-26
[TRUERES]    440  5.242391785680953e-26  4.155383177308070e-13
   441   4.819512420378333e-26
   442   4.425213547301627e-26
   443   4.058000952962784e-26
   444   3.659180304525448e-26
   445   3.314438536331342e-26
   446   2.999711692985731e-26
   447   2.683994151276727e-26
   448   2.418564335234025e-26
   449   2.158020526423035e-26
   450   1.899998453244028e-26
[TRUERES]    450  1.899998453244028e-26  4.155383177308070e-13
   451   1.679982527513164e-26
   452   1.458957106342649e-26
   453   1.257088525142966e-26
   454   1.088364659025802e-26
   455   9.287085333099999e-27
   456   7.926054522932850e-27
   457   6.749584808964352e-27
   458   5.656604543271030e-27
   459   4.769467284847826e-27
   460   4.024429374767390e-27
[TRUERES]    460  4.024429374767390e-27  4.155383177308070e-13
   461   3.368894051434496e-27
   462   2.855982699761220e-27
   463   2.413772621532389e-27
   464   2.038969128392139e-27
   465   1.741471115068632e-27
   466   1.472270116342525e-27
   467   1.249185124948783e-27
   468   1.072594489824978e-27
   469   9.167314831346468e-28
   470   7.947685990289224e-28
[TRUERES]    470  7.947685990289224e-28  4.155383177308070e-13
   471   6.983994461024086e-28
   472   6.132406498996868e-28
   473   5.510187163696448e-28
   474   5.002818253217130e-28
   475   4.551306125949903e-28
   476   4.217408132973974e-28
   477   3.904193183153306e-28
   478   3.621725464153537e-28
   479   3.407470331924075e-28
   480   3.183971939667769e-28
[TRUERES]    480  3.183971939667769e-28  4.155383177308070e-13
   481   2.990044757260071e-28
   482   2.835829528081909e-28
   483   2.664184632907043e-28
   484   2.516563787858462e-28
   485   2.372817913857989e-28
   486   2.205862658097705e-28
   487   2.057498644831835e-28
   488   1.901305244859544e-28
   489   1.736093677922660e-28
   490   1.586368874780458e-28
[TRUERES]    490  1.586368874780458e-28  4.155383177308070e-13
   491   1.421993763292545e-28
   492   1.250351155159488e-28
   493   1.090528701318863e-28
   494   9.313647951485983e-29
   495   7.929900388364673e-29
   496   6.754203213045117e-29
   497   5.691964978161844e-29
   498   4.815251273894839e-29
   499   4.078756704788270e-29
   500   3.420752206858988e-29
[TRUERES]    500  3.420752206858988e-29  4.155383177308070e-13
   501   2.891655917712065e-29
   502   2.430739354155774e-29
   503   2.025564168478187e-29
   504   1.701171211538261e-29
   505   1.420238067499649e-29
   506   1.189230068139330e-29
   507   1.007858850587115e-29
   508   8.524300598490736e-30
   509   7.281321963343674e-30
   510   6.292370854753942e-30
[TRUERES]    510  6.292370854753942e-30  4.155383177308070e-13
   511   5.423654574581005e-30
   512   4.756469935969541e-30
   513   4.211856444307018e-30
   514   3.734086639567846e-30
   515   3.373477698498295e-30
   516   3.063820324966266e-30
   517   2.797821940098354e-30
   518   2.594392580456914e-30
   519   2.396053769631371e-30
   520   2.218261471583625e-30
[TRUERES]    520  2.218261471583625e-30  4.155383177308070e-13
   521   2.070391241176738e-30
   522   1.915565093478521e-30
   523   1.783375205395219e-30
   524   1.662968660763656e-30
   525   1.528533390391187e-30
   526   1.410831517201544e-30
   527   1.292328144943736e-30
   528   1.167837180621031e-30
   529   1.060022061277736e-30
   530   9.518337930077154e-31
[TRUERES]    530  9.518337930077154e-31  4.155383177308070e-13
   531   8.476269711237041e-31
   532   7.599701693037900e-31
   533   6.740966394338473e-31
   534   5.951869261772720e-31
   535   5.238689315964993e-31
   536   4.534873828353657e-31
   537   3.908878652854328e-31
   538   3.348994690238465e-31
   539   2.819165532085556e-31
   540   2.378995324750656e-31
[TRUERES]    540  2.378995324750656e-31  4.155383177308070e-13
   541   1.995766063769588e-31
   542   1.662876760615309e-31
   543   1.401808399054745e-31
   544   1.181483376990292e-31
   545   9.979308745048724e-32
   546   8.575208367108746e-32
   547   7.370491814472192e-32
   548   6.433300731414704e-32
   549   5.706973939237945e-32
Error at ASolver_CG<Afield<float,ACCEL> >: not converged
  iter(final):      550   5.706973939237945e-32
converged:
  nconv = -1
    0    0       -1     1.6053e-14     2.3391e-13
ASolver_CGNR<Afield<float,ACCEL> >: solver starts
  mode_prev = D
  snorm =  2.559611892700195e+01
ASolver_CG solve_CG_init: m_x.nin() = 192, m_s.nin() = 192
  init:  9.777449965476990e-01
     0   4.811052232980728e-02
[TRUERES]      0  4.811052232980728e-02  4.811052605509758e-02
     1   1.230748277157545e-02
     2   1.052701566368341e-02
     3   3.913265652954578e-03
     4   1.864949590526521e-03
     5   1.611018669791520e-03
     6   7.920574862509966e-04
     7   4.979169461876154e-04
     8   4.261981812305748e-04
     9   2.397705684415996e-04
    10   1.879264455055818e-04
[TRUERES]     10  1.879264455055818e-04  1.879261399153620e-04
    11   1.549899170640856e-04
    12   9.629941632738337e-05
    13   8.288372191600502e-05
    14   6.654771277680993e-05
    15   4.638961036107503e-05
    16   4.345704655861482e-05
    17   3.419909262447618e-05
    18   2.609331204439513e-05
    19   2.436138674966060e-05
    20   1.803583472792525e-05
[TRUERES]     20  1.803583472792525e-05  1.803582745196763e-05
    21   1.443939072487410e-05
    22   1.297085054829950e-05
    23   9.479374057264067e-06
    24   7.988891411514487e-06
    25   6.973432391532697e-06
    26   5.242670340521727e-06
    27   4.736322352982825e-06
    28   4.094204541615909e-06
    29   3.295450824225554e-06
    30   3.151879809593083e-06
[TRUERES]     30  3.151879809593083e-06  3.151893224639934e-06
    31   2.724403202591930e-06
    32   2.344608446946950e-06
    33   2.294274963787757e-06
    34   1.961374664460891e-06
    35   1.762495003276854e-06
    36   1.717826876301842e-06
    37   1.483164396631764e-06
    38   1.425414666300640e-06
    39   1.390474380968953e-06
    40   1.237297851730546e-06
[TRUERES]     40  1.237297851730546e-06  1.237296828549006e-06
    41   1.232677050211350e-06
    42   1.162419835054607e-06
    43   1.033018406815245e-06
    44   1.019060391627136e-06
    45   9.228202202393732e-07
    46   8.361349728147616e-07
    47   8.198230148082075e-07
    48   7.243591539918270e-07
    49   6.726748438268260e-07
    50   6.422071692213649e-07
[TRUERES]     50  6.422071692213649e-07  6.422052365451236e-07
    51   5.535998752748128e-07
    52   5.134241405357898e-07
    53   4.672043587561348e-07
    54   3.934742380806711e-07
    55   3.585267904782086e-07
    56   3.092634415224893e-07
    57   2.587168523859873e-07
    58   2.346895797700199e-07
    59   1.974887737787867e-07
    60   1.687681105977390e-07
[TRUERES]     60  1.687681105977390e-07  1.687670589944901e-07
    61   1.526980923927113e-07
    62   1.274252099392470e-07
    63   1.112189877972014e-07
    64   9.924547583750609e-08
    65   8.217683955535904e-08
    66   7.286710967946419e-08
    67   6.350661152509929e-08
    68   5.292582727633999e-08
    69   4.775321826855361e-08
    70   4.131866049306154e-08
[TRUERES]     70  4.131866049306154e-08  4.131863917677947e-08
    71   3.534324832799030e-08
    72   3.245529356377119e-08
    73   2.819356303973564e-08
    74   2.494669004704519e-08
    75   2.307764290776504e-08
    76   2.010485822268038e-08
    77   1.841797292456704e-08
    78   1.721132036891504e-08
    79   1.533614835125263e-08
    80   1.455555143081710e-08
[TRUERES]     80  1.455555143081710e-08  1.455613851675253e-08
    81   1.364995494412824e-08
    82   1.237086166838708e-08
    83   1.196037935358163e-08
    84   1.110236613754978e-08
    85   1.021042894677748e-08
    86   9.874786321972806e-09
    87   9.009196944020914e-09
    88   8.376036753077187e-09
    89   7.989351402670763e-09
    90   7.159595138972463e-09
[TRUERES]     90  7.159595138972463e-09  7.159882020602026e-09
    91   6.641183603051104e-09
    92   6.103842320470676e-09
    93   5.313650852656338e-09
    94   4.840349898671548e-09
    95   4.285607868581565e-09
    96   3.682818494610274e-09
    97   3.305139717468819e-09
    98   2.838423052153871e-09
    99   2.431330026197998e-09
   100   2.165821300081916e-09
[TRUERES]    100  2.165821300081916e-09  2.165860157887778e-09
   101   1.835126828275691e-09
   102   1.592832088448404e-09
   103   1.410385475075771e-09
   104   1.190717191512647e-09
   105   1.046872477594718e-09
   106   9.170836867689047e-10
   107   7.780606159357717e-10
   108   6.934270935232689e-10
   109   6.064253543769382e-10
   110   5.275135328552949e-10
[TRUERES]    110  5.275135328552949e-10  5.276448722391081e-10
   111   4.835153388782487e-10
   112   4.302564138303211e-10
   113   3.892948186035028e-10
   114   3.653088942456861e-10
   115   3.303319562331097e-10
   116   3.092451295039211e-10
   117   2.950784339095236e-10
   118   2.734576176610659e-10
   119   2.646436958464449e-10
   120   2.535269494341463e-10
[TRUERES]    120  2.535269494341463e-10  2.537699494986612e-10
   121   2.364011486566397e-10
   122   2.289797518262304e-10
   123   2.151774175507271e-10
   124   1.997113169283082e-10
   125   1.912150021654568e-10
   126   1.752588352221807e-10
   127   1.616734246479012e-10
   128   1.513850850232146e-10
   129   1.356238177319113e-10
   130   1.242925762312552e-10
[TRUERES]    130  1.242925762312552e-10  1.245429592788838e-10
   131   1.134583399453604e-10
   132   9.943190715233641e-11
   133   8.955484270822822e-11
   134   7.848060395998502e-11
   135   6.711441818962882e-11
   136   5.926053397997677e-11
   137   5.057030835753373e-11
   138   4.311278070656677e-11
   139   3.768644771251495e-11
   140   3.162066095074856e-11
[TRUERES]    140  3.162066095074856e-11  3.185312777431726e-11
   141   2.678779593978664e-11
   142   2.297041203080941e-11
   143   1.899404418470585e-11
   144   1.615185069026026e-11
   145   1.379507705984162e-11
   146   1.154959027721558e-11
   147   1.006781377016486e-11
   148   8.693340318444154e-12
   149   7.480472838383712e-12
   150   6.710475491250589e-12
[TRUERES]    150  6.710475491250589e-12  6.957467588164512e-12
   151   5.878512086832099e-12
   152   5.220969923752650e-12
   153   4.794445222777721e-12
   154   4.321881394431237e-12
   155   4.018494304675047e-12
   156   3.795206770379478e-12
   157   3.497346943298618e-12
   158   3.323816048783623e-12
   159   3.140865172113205e-12
   160   2.908871060691709e-12
[TRUERES]    160  2.908871060691709e-12  3.178248246180071e-12
   161   2.774190816304256e-12
   162   2.587456941413602e-12
   163   2.380868072138220e-12
   164   2.231400611160672e-12
   165   2.014933575891775e-12
   166   1.827083840125199e-12
   167   1.682419936872848e-12
   168   1.500802954135239e-12
   169   1.359219377675136e-12
   170   1.222453670408907e-12
[TRUERES]    170  1.222453670408907e-12  1.508633929586667e-12
   171   1.060372492936446e-12
   172   9.368143196950007e-13
   173   8.116842159337778e-13
   174   6.887016456257056e-13
   175   5.992636400130313e-13
   176   5.077783354380527e-13
   177   4.280499294861267e-13
   178   3.682655580223432e-13
   179   3.086599443917482e-13
   180   2.620103840920290e-13
[TRUERES]    180  2.620103840920290e-13  5.830123710193202e-13
   181   2.258655231162504e-13
   182   1.903603820798197e-13
   183   1.653023421269162e-13
   184   1.446258206510426e-13
   185   1.246952438223661e-13
   186   1.109906844166605e-13
   187   9.774138150318162e-14
   188   8.545233612508238e-14
   189   7.695276707520016e-14
   190   6.805263275642959e-14
[TRUERES]    190  6.805263275642959e-14  4.047755511847606e-13
   191   6.042643599032949e-14
   192   5.504309098900047e-14
   193   4.932541530712660e-14
   194   4.517211461114133e-14
   195   4.205525359381179e-14
   196   3.849012918826812e-14
   197   3.624090095947011e-14
   198   3.413750469913497e-14
   199   3.175539732970349e-14
   200   3.043530325767124e-14
[TRUERES]    200  3.043530325767124e-14  3.981810812059977e-13
   201   2.876485264173209e-14
   202   2.703761524294312e-14
   203   2.596634726356219e-14
   204   2.426294537190895e-14
   205   2.269549735048771e-14
   206   2.129723738401694e-14
   207   1.927070936364513e-14
   208   1.745141134195088e-14
   209   1.565965713763544e-14
   210   1.363580828247580e-14
[TRUERES]    210  1.363580828247580e-14  4.234956840504928e-13
   211   1.205081058542039e-14
   212   1.052545586631296e-14
   213   9.002381359899531e-15
   214   7.843411589159889e-15
   215   6.689305905119855e-15
   216   5.687866474877621e-15
   217   4.910489282040778e-15
   218   4.138907065112576e-15
   219   3.510421323744094e-15
   220   3.004344336989830e-15
[TRUERES]    220  3.004344336989830e-15  4.399808425578633e-13
   221   2.516073676852746e-15
   222   2.148219549837939e-15
   223   1.847245662030673e-15
   224   1.564634072091342e-15
   225   1.358050677189898e-15
   226   1.174481273344473e-15
   227   1.014221580932775e-15
   228   9.037418030729757e-16
   229   8.027355593326238e-16
   230   7.207122239127472e-16
[TRUERES]    230  7.207122239127472e-16  4.357523185598983e-13
   231   6.667418785521041e-16
   232   6.094460289009815e-16
   233   5.690615096791462e-16
   234   5.412633177183585e-16
   235   5.057939718707623e-16
   236   4.824997187883218e-16
   237   4.600870681852954e-16
   238   4.301353478956729e-16
   239   4.082718393402633e-16
   240   3.802364252146852e-16
[TRUERES]    240  3.802364252146852e-16  4.414955543079885e-13
   241   3.492183963235880e-16
   242   3.255862035649726e-16
   243   2.960910605036998e-16
   244   2.675064513909457e-16
   245   2.435442863598156e-16
   246   2.166544181209500e-16
   247   1.942301075800090e-16
   248   1.742606043993294e-16
   249   1.524952987262421e-16
   250   1.353753996685832e-16
[TRUERES]    250  1.353753996685832e-16  4.460196318181731e-13
   251   1.192786634716483e-16
   252   1.031650594076623e-16
   253   9.039456865503578e-17
   254   7.788307146092211e-17
   255   6.644720023070300e-17
   256   5.740889546235658e-17
   257   4.862485277941917e-17
   258   4.134216937804510e-17
   259   3.555558108081609e-17
   260   2.992787101820137e-17
[TRUERES]    260  2.992787101820137e-17  4.475796090089995e-13
   261   2.547573184417354e-17
   262   2.184396393189619e-17
   263   1.853632343392530e-17
   264   1.608688613020062e-17
   265   1.395737085454818e-17
   266   1.206422657483583e-17
   267   1.069464130075525e-17
   268   9.457514939704613e-18
   269   8.448454681244039e-18
   270   7.765783348884637e-18
[TRUERES]    270  7.765783348884637e-18  4.508456054232862e-13
   271   7.076544202461565e-18
   272   6.517669961347769e-18
   273   6.091078857383759e-18
   274   5.623880216378602e-18
   275   5.289408908512173e-18
   276   5.012072206325700e-18
   277   4.699246974318865e-18
   278   4.475791990053484e-18
   279   4.219701421900435e-18
   280   3.937109227692107e-18
[TRUERES]    280  3.937109227692107e-18  4.516213791827539e-13
   281   3.718129290540638e-18
   282   3.448012013945374e-18
   283   3.175585249079863e-18
   284   2.941981585879069e-18
   285   2.655467521591473e-18
   286   2.410838161210807e-18
   287   2.194410696634523e-18
   288   1.955299871710504e-18
   289   1.755890407466580e-18
   290   1.568853290439764e-18
[TRUERES]    290  1.568853290439764e-18  4.550260992650101e-13
   291   1.375643441489349e-18
   292   1.221164877155657e-18
   293   1.067748619523636e-18
   294   9.227236956156589e-19
   295   8.066530916767586e-19
   296   6.918749574449724e-19
   297   5.919715468796328e-19
   298   5.118591562526604e-19
   299   4.332752920001094e-19
   300   3.700860344289945e-19
[TRUERES]    300  3.700860344289945e-19  4.564067223114532e-13
   301   3.189740532408542e-19
   302   2.720491827652749e-19
   303   2.368298743849042e-19
   304   2.074831476880508e-19
   305   1.810220405580887e-19
   306   1.617263079361847e-19
   307   1.441363509843358e-19
   308   1.293475894781094e-19
   309   1.187661399859662e-19
   310   1.083540557242433e-19
[TRUERES]    310  1.083540557242433e-19  4.561783893339277e-13
   311   1.000070537111531e-19
   312   9.396466735751515e-20
   313   8.728868650405574e-20
   314   8.233615584389616e-20
   315   7.829181779753152e-20
   316   7.383134327956735e-20
   317   7.086734188728818e-20
   318   6.752642401667185e-20
   319   6.341152358664732e-20
   320   6.003813241463975e-20
[TRUERES]    320  6.003813241463975e-20  4.561608794688421e-13
   321   5.555749536924461e-20
   322   5.075754075800985e-20
   323   4.645591399822427e-20
   324   4.147715589653308e-20
   325   3.693217970911779e-20
   326   3.286317164721861e-20
   327   2.857771368346903e-20
   328   2.496866812535048e-20
   329   2.166398302738597e-20
   330   1.844830870256327e-20
[TRUERES]    330  1.844830870256327e-20  4.561593615858006e-13
   331   1.591105818935330e-20
   332   1.356051946562017e-20
   333   1.145025893837522e-20
   334   9.773538795129660e-21
   335   8.211599655398634e-21
   336   6.888416021282095e-21
   337   5.828234220588722e-21
   338   4.850112533290373e-21
   339   4.061399858188896e-21
   340   3.410552907261363e-21
[TRUERES]    340  3.410552907261363e-21  4.559903886772187e-13
   341   2.828640030111153e-21
   342   2.387306255726260e-21
   343   2.016695010075908e-21
   344   1.691645038162658e-21
   345   1.440133765306717e-21
   346   1.220713808459048e-21
   347   1.037683538163568e-21
   348   9.019660400067218e-22
   349   7.805293223715275e-22
   350   6.840586766131596e-22
[TRUERES]    350  6.840586766131596e-22  4.559855097674426e-13
   351   6.096478129390389e-22
   352   5.389959661416050e-22
   353   4.847122384428126e-22
   354   4.413642181049476e-22
   355   4.004177175545161e-22
   356   3.700646470845676e-22
   357   3.412560526710715e-22
   358   3.131258533925164e-22
   359   2.913361267951189e-22
   360   2.676482872637892e-22
[TRUERES]    360  2.676482872637892e-22  4.559836666237493e-13
   361   2.451278608979908e-22
   362   2.264412732880176e-22
   363   2.063710741373846e-22
   364   1.891297175710997e-22
   365   1.739691993679450e-22
   366   1.568514857045008e-22
   367   1.416903237908475e-22
   368   1.271397654613842e-22
   369   1.118001947654061e-22
   370   9.886263610606632e-23
[TRUERES]    370  9.886263610606632e-23  4.559837750439666e-13
   371   8.610809948762506e-23
   372   7.379499680997099e-23
   373   6.349725704031384e-23
   374   5.347944929603979e-23
   375   4.488291015659709e-23
   376   3.805473210939575e-23
   377   3.194185842116899e-23
   378   2.714151359515430e-23
   379   2.324794386930763e-23
   380   1.967487097431233e-23
[TRUERES]    380  1.967487097431233e-23  4.559841003046183e-13
   381   1.687262562424470e-23
   382   1.445994503272417e-23
   383   1.230413727346623e-23
   384   1.062829063274558e-23
   385   9.141878683221981e-24
   386   7.869871239128403e-24
   387   6.879311222216862e-24
   388   5.968415507110423e-24
   389   5.212768801442837e-24
   390   4.613203747899564e-24
[TRUERES]    390  4.613203747899564e-24  4.559842087248356e-13
   391   4.057994370904606e-24
   392   3.617121310221023e-24
   393   3.249946790746809e-24
   394   2.906809651915583e-24
   395   2.648571301426054e-24
   396   2.418596259448783e-24
   397   2.198340378254287e-24
   398   2.031707317092190e-24
   399   1.865188837976576e-24
   400   1.719793884535291e-24
[TRUERES]    400  1.719793884535291e-24  4.559842087248356e-13
   401   1.613448926409031e-24
   402   1.506881410899885e-24
   403   1.410427881056577e-24
   404   1.331752810826623e-24
   405   1.242944329231039e-24
   406   1.171944185355592e-24
   407   1.107013241462077e-24
   408   1.031020594132714e-24
   409   9.652577964146428e-25
   410   8.927668040359421e-25
[TRUERES]    410  8.927668040359421e-25  4.559841545147270e-13
   411   8.129046953588562e-25
   412   7.430737419525607e-25
   413   6.664044491817437e-25
   414   5.904363058442485e-25
   415   5.239795570486161e-25
   416   4.565229270556161e-25
   417   3.983812159352725e-25
   418   3.477070593589772e-25
   419   2.979699955823746e-25
   420   2.576647500038207e-25
[TRUERES]    420  2.576647500038207e-25  4.559841003046183e-13
   421   2.219913258821753e-25
   422   1.886477161624386e-25
   423   1.616857939507137e-25
   424   1.380192765407912e-25
   425   1.175549181084839e-25
   426   1.014188052700431e-25
   427   8.680646355169809e-26
   428   7.481654200134064e-26
   429   6.557079636931093e-26
   430   5.726306798334721e-26
[TRUERES]    430  5.726306798334721e-26  4.559841003046183e-13
   431   5.087603409380991e-26
   432   4.587003064135426e-26
   433   4.138951640385268e-26
   434   3.809970758409654e-26
   435   3.532060916327322e-26
   436   3.261546953380229e-26
   437   3.065930094854422e-26
   438   2.869269536373152e-26
   439   2.678216361443565e-26
   440   2.533657908710606e-26
[TRUERES]    440  2.533657908710606e-26  4.559841003046183e-13
   441   2.378013186920171e-26
   442   2.248675589649298e-26
   443   2.150557933074523e-26
   444   2.033749049352273e-26
   445   1.932146384024531e-26
   446   1.831207779341614e-26
   447   1.706132033926076e-26
   448   1.590899177195917e-26
   449   1.465823739929170e-26
   450   1.328643755924751e-26
[TRUERES]    450  1.328643755924751e-26  4.559841003046183e-13
   451   1.205292257069824e-26
   452   1.071847960859935e-26
   453   9.428508680032287e-27
   454   8.309974790650846e-27
   455   7.182439875081317e-27
   456   6.193748715876563e-27
   457   5.342438376650828e-27
   458   4.534925610290404e-27
   459   3.873538156228494e-27
   460   3.307260056168226e-27
[TRUERES]    460  3.307260056168226e-27  4.559841003046183e-13
   461   2.803114574636830e-27
   462   2.407840949896671e-27
   463   2.056828661952431e-27
   464   1.742409042951548e-27
   465   1.489968545862969e-27
   466   1.261961455310356e-27
   467   1.073851736892674e-27
   468   9.268172893639111e-28
   469   7.980366614033045e-28
   470   6.976158815045347e-28
[TRUERES]    470  6.976158815045347e-28  4.559841003046183e-13
   471   6.202475682233565e-28
   472   5.514560950600152e-28
   473   5.007867078566342e-28
   474   4.592044840581041e-28
   475   4.223212885826358e-28
   476   3.962714249702214e-28
   477   3.724178918663862e-28
   478   3.501236879420241e-28
   479   3.335643256130639e-28
   480   3.146554491225728e-28
[TRUERES]    480  3.146554491225728e-28  4.559841003046183e-13
   481   2.975034059273517e-28
   482   2.833722079240263e-28
   483   2.665996451502225e-28
   484   2.515102969995645e-28
   485   2.371157521504684e-28
   486   2.204172173089019e-28
   487   2.057160884867838e-28
   488   1.900376344773241e-28
   489   1.728045337055687e-28
   490   1.568932347658326e-28
[TRUERES]    490  1.568932347658326e-28  4.559841003046183e-13
   491   1.393978102985895e-28
   492   1.219592368758922e-28
   493   1.064394674567879e-28
   494   9.130206133548636e-29
   495   7.807984208060100e-29
   496   6.678539444061219e-29
   497   5.632357446383059e-29
   498   4.765863809736567e-29
   499   4.027028332967906e-29
   500   3.367705776732933e-29
[TRUERES]    500  3.367705776732933e-29  4.559841003046183e-13
   501   2.837258327359402e-29
   502   2.379035658312822e-29
   503   1.983785782696290e-29
   504   1.674269581333817e-29
   505   1.405818268894157e-29
   506   1.185233086419980e-29
   507   1.017570427563326e-29
   508   8.687864712916129e-30
   509   7.457154853367921e-30
   510   6.453378221946522e-30
[TRUERES]    510  6.453378221946522e-30  4.559841003046183e-13
   511   5.559749360858191e-30
   512   4.861425970932992e-30
   513   4.273085217894457e-30
   514   3.749062625676418e-30
   515   3.359948792955360e-30
   516   3.033917253314117e-30
   517   2.758147595164881e-30
   518   2.556651500552577e-30
   519   2.367685611482751e-30
   520   2.197671512534622e-30
[TRUERES]    520  2.197671512534622e-30  4.559841003046183e-13
   521   2.056114909305775e-30
   522   1.903830650591777e-30
   523   1.771752481491577e-30
   524   1.658654314377494e-30
   525   1.539902395594148e-30
   526   1.442725876283987e-30
   527   1.347891505957952e-30
   528   1.247681929104025e-30
   529   1.159544114995754e-30
   530   1.068837328513422e-30
[TRUERES]    530  1.068837328513422e-30  4.559841003046183e-13
   531   9.794397606192625e-31
   532   9.000156510347673e-31
   533   8.150086956002508e-31
   534   7.301555888663700e-31
   535   6.512082597905684e-31
   536   5.699334989199126e-31
   537   4.974176755956520e-31
   538   4.321828642803847e-31
   539   3.690411382061914e-31
   540   3.150871935274603e-31
[TRUERES]    540  3.150871935274603e-31  4.559841003046183e-13
   541   2.661039912803904e-31
   542   2.223090684495447e-31
   543   1.860949674618696e-31
   544   1.549548290648013e-31
   545   1.289566085867609e-31
   546   1.082666619882767e-31
   547   9.014659877197554e-32
   548   7.542584775179750e-32
   549   6.363675025521149e-32
Error at ASolver_CG<Afield<float,ACCEL> >: not converged
  iter(final):      550   6.363675025521149e-32
converged:
  nconv = -1
    1    0       -1     1.7815e-14     2.8410e-13
ASolver_CGNR<Afield<float,ACCEL> >: solver starts
  mode_prev = D
  snorm =  2.544738769531250e+01
ASolver_CG solve_CG_init: m_x.nin() = 192, m_s.nin() = 192
  init:  1.103374481201172e+00
     0   4.996834322810173e-02
[TRUERES]      0  4.996834322810173e-02  4.996835067868233e-02
     1   1.190857402980328e-02
     2   1.041697151958942e-02
     3   4.170092288404703e-03
     4   1.881058793514967e-03
     5   1.661641756072640e-03
     6   8.233865373767912e-04
     7   4.776621062774211e-04
     8   4.019036714453250e-04
     9   2.216787688666955e-04
    10   1.600623654667288e-04
[TRUERES]     10  1.600623654667288e-04  1.600625255377963e-04
    11   1.329728547716513e-04
    12   8.252086990978569e-05
    13   6.780913827242330e-05
    14   5.617590431938879e-05
    15   3.787783862208016e-05
    16   3.463840039330535e-05
    17   2.797709385049529e-05
    18   2.094160663546063e-05
    19   1.986692041100468e-05
    20   1.523314494988881e-05
[TRUERES]     20  1.523314494988881e-05  1.523314404039411e-05
    21   1.231864735018462e-05
    22   1.152261575043667e-05
    23   8.825251825328451e-06
    24   7.620581072842469e-06
    25   7.088567599566886e-06
    26   5.553344635700341e-06
    27   5.143157977727242e-06
    28   4.668647306971252e-06
    29   3.832620222965488e-06
    30   3.717698518812540e-06
[TRUERES]     30  3.717698518812540e-06  3.717689878612873e-06
    31   3.282578518337687e-06
    32   2.781695229714387e-06
    33   2.697183617783594e-06
    34   2.325623654542142e-06
    35   2.049315298791043e-06
    36   2.005992882914143e-06
    37   1.734156171551149e-06
    38   1.632410544516461e-06
    39   1.588106215422158e-06
    40   1.390461306982615e-06
[TRUERES]     40  1.390461306982615e-06  1.390461875416804e-06
    41   1.351630999124609e-06
    42   1.280429046346399e-06
    43   1.127220571106591e-06
    44   1.100840336221154e-06
    45   9.993007097364170e-07
    46   8.907986739359330e-07
    47   8.589086064603180e-07
    48   7.459408379872912e-07
    49   6.644734753535886e-07
    50   6.151708475954365e-07
[TRUERES]     50  6.151708475954365e-07  6.151726665848400e-07
    51   5.132833962306904e-07
    52   4.573671787966305e-07
    53   4.114410216971010e-07
    54   3.421264125336165e-07
    55   3.091069515903655e-07
    56   2.690349845124729e-07
    57   2.229507316542367e-07
    58   2.002517192067899e-07
    59   1.671247105150542e-07
    60   1.396233102468614e-07
[TRUERES]     60  1.396233102468614e-07  1.396234239336991e-07
    61   1.248345569138110e-07
    62   1.034473129379876e-07
    63   8.922267369371184e-08
    64   8.033129716977783e-08
    65   6.724939538571562e-08
    66   6.013151931938410e-08
    67   5.376826806013923e-08
    68   4.575752043933790e-08
    69   4.214485826992131e-08
    70   3.778937340825905e-08
[TRUERES]     70  3.778937340825905e-08  3.778953328037460e-08
    71   3.313393648340934e-08
    72   3.122381642128857e-08
    73   2.794529763150422e-08
