Bridge++ 2.0.0

input filename : main.yaml

file = main.yaml

Lattice parameters:
  Lx = 16,  Ly = 16,  Lz = 16,  Lt = 16,
  Nx = 16,  Ny = 16,  Nz = 16,  Nt = 16,
  NPEx = 1,  NPEy  = 1,  NPEz  = 1,  NPEt  = 1,
  Lvol = 65536,  Nvol = 65536,  NPE = 1,
  Ndim = 4
  Nc   = 3
  Nd   = 4

ThreadManager: initialization
Warning at ThreadManager: Nthread(env) != Nthread(input)
  Number of threads(env)   = 2
  Number of threads(input) = 1
  reset Nthread = Nthread(input).
  Number of threads = 1
Main: input parameters
  lattice_size     = [16, 16, 16, 16]
  grid_size        = [1, 1, 1, 1]
  number of thread = 1
  number of color  = 3
  logfile          = stdout
  ildg_logfile     = stdout
  vlevel           = General

Alt_Accel code is being setup.
DeviceManager_CUDA: being initialized.
  process_id = 0
  number of devices = 1
  device_id = 0  is used on process = 0
------------------------------------------------
Alt_Accel: Factory entries
------------------------------------------------
AFopr<double, ACCEL> >(void):
AFopr<double, ACCEL>(Parameters&):
	Clover
	CloverTerm
	Clover_dd
	Domainwall
	Domainwall_5din
	Domainwall_5din_dd
	Domainwall_5din_eo
	Domainwall_eo
	Wilson
	Wilson_dd
AFopr<double, ACCEL>(Fopr*):
	Domainwall
AFopr<double, ACCEL>(Fopr*, Director*):
AFopr<float, ACCEL> >(void):
AFopr<float, ACCEL>(Parameters&):
	Clover
	CloverTerm
	Clover_dd
	Domainwall
	Domainwall_5din
	Domainwall_5din_dd
	Domainwall_5din_eo
	Domainwall_eo
	Wilson
	Wilson_dd
AFopr<float, ACCEL>(Fopr*):
	Domainwall
AFopr<float, ACCEL>(Fopr*, Director*):
AEigensolver<AField<float, ACCEL> >, Afopr>(Fopr*):
	IRArnoldi
	IRLanczos
------------------------------------------------
Timer: timestamp: 2026/06/06 11:06:51 +0900
file = test_alt_Spectrum_Domainwall_5din_Hadron2ptFunction.yaml

--------------------------------------------------------------------
test name: Spectrum_Domainwall_alt.hadron_2ptFunction
test file: test_alt_Spectrum_Domainwall_5din_Hadron2ptFunction.yaml
test mode: float_eo
file = test_alt_Spectrum_Domainwall_5din_Hadron2ptFunction.yaml
  vlevel       = General
  source_type  = Local
Smearing parameters (assumes APE-Stout):
   proj_type:  Stout_SU3
   smear_type: APE
   rho_uniform: 0.100000
   number_of_smearing: 0
  vlevel       = General

Configuration setup:
  gconf_status = Continue
  gconf_read   = Text
  readfile     = ./conf_real16.txt
  plaq = 0.596178

Gauge fixing:
  Gauge fixing type = None
Parameters: get_string: key 'filename_output' not found.
Elapsed time: calc_plqauette: total         0.12 sec, count    1, average         0.12 sec
plaquette (before smearing):       0.596178494528857
applying smearing
Smear_APE:
  rho =   0.1000
Director_Smear:
  Nsmear = 0
Parameters: get_string: key 'filename_output' not found.
Elapsed time: calc_plqauette: total         0.12 sec, count    1, average         0.12 sec
Elapsed time: smearig: total         0.12 sec, count    1, average         0.12 sec
plaquette (after smearing):        0.596178494528857
  gmset_type   = Dirac
Gamma matrix: dirac representation.
Fopr_Domainwall: construction
  Imp::Fopr_Wilson: construction
    Gauge group implementation: SU(3)
    Imp::Fopr_Wilson: input parameters
      gamma-matrix type = Dirac
      kappa  =   0.20833333
      boundary[0] =  1
      boundary[1] =  1
      boundary[2] =  1
      boundary[3] = -1
  Imp::Fopr_Wilson: construction finished.
  Fopr_Domainwall: input parameters
    mq   =   0.0500
    M0   =   1.6000
    Ns   =    8
    boundary[0] =  1
    boundary[1] =  1
    boundary[2] =  1
    boundary[3] = -1
    coefficients:
    b[ 0] =     1.5000000000  c[ 0] =     0.5000000000
    b[ 1] =     1.5000000000  c[ 1] =     0.5000000000
    b[ 2] =     1.5000000000  c[ 2] =     0.5000000000
    b[ 3] =     1.5000000000  c[ 3] =     0.5000000000
    b[ 4] =     1.5000000000  c[ 4] =     0.5000000000
    b[ 5] =     1.5000000000  c[ 5] =     0.5000000000
    b[ 6] =     1.5000000000  c[ 6] =     0.5000000000
    b[ 7] =     1.5000000000  c[ 7] =     0.5000000000
Fopr_Domainwall: construction finished.
Fopr_Domainwall: input parameters
  mq   =   0.0500
  M0   =   1.6000
  Ns   =    8
  boundary[0] =  1
  boundary[1] =  1
  boundary[2] =  1
  boundary[3] = -1
  coefficients:
  b[ 0] =     1.5000000000  c[ 0] =     0.5000000000
  b[ 1] =     1.5000000000  c[ 1] =     0.5000000000
  b[ 2] =     1.5000000000  c[ 2] =     0.5000000000
  b[ 3] =     1.5000000000  c[ 3] =     0.5000000000
  b[ 4] =     1.5000000000  c[ 4] =     0.5000000000
  b[ 5] =     1.5000000000  c[ 5] =     0.5000000000
  b[ 6] =     1.5000000000  c[ 6] =     0.5000000000
  b[ 7] =     1.5000000000  c[ 7] =     0.5000000000
Imp::Fopr_Wilson: construction
  Gauge group implementation: SU(3)
  Imp::Fopr_Wilson: input parameters
    gamma-matrix type = Dirac
    kappa  =   0.20833333
    boundary[0] =  1
    boundary[1] =  1
    boundary[2] =  1
    boundary[3] = -1
Imp::Fopr_Wilson: construction finished.
Source for spinor field - local:
  source_position[0] = 0
  source_position[1] = 0
  source_position[2] = 0
  source_position[3] = 0

Check of fermion operator (even-odd)
norm of source vector: 1.000000
AFopr_Domainwall_5din_eo<AField<float,ACCEL> >: construction
  do_comm[0] = 0
  do_comm[1] = 0
  do_comm[2] = 0
  do_comm[3] = 0
    extended_precision = true
    su3_reconstruction = false
  AFopr_Domainwall_5din_eo<AField<float,ACCEL> >: input parameters
    gamma matrix repr.:  Dirac
    code implementation: 5d
    mq   =   0.0500
    M0   =   1.6000
    Ns   =    8
    boundary[0] =  1
    boundary[1] =  1
    boundary[2] =  1
    boundary[3] = -1
    coefficients:
      b[ 0] =     1.5000000000  c[ 0] =     0.5000000000
      b[ 1] =     1.5000000000  c[ 1] =     0.5000000000
      b[ 2] =     1.5000000000  c[ 2] =     0.5000000000
      b[ 3] =     1.5000000000  c[ 3] =     0.5000000000
      b[ 4] =     1.5000000000  c[ 4] =     0.5000000000
      b[ 5] =     1.5000000000  c[ 5] =     0.5000000000
      b[ 6] =     1.5000000000  c[ 6] =     0.5000000000
      b[ 7] =     1.5000000000  c[ 7] =     0.5000000000
    alpha =   1.0000
convert required.
convert performed.

[D check]
norm2(abq) = 1.000000
norm2(y5)  = 113.087402
norm2(z5)  = 113.087394
norm2(axq) = 113.087387
diff2 = 0.000000
Elapsed time: afopr_Domainwall_5din_eo: Deo & dagger   : total         0.00 sec, count    2, average         0.00 sec
Elapsed time: afopr_Domainwall_5din_eo: Dee_inv & dag  : total         0.00 sec, count   18, average         0.00 sec
Elapsed time: afopr_Domainwall_5din_eo: clear          : total         0.00 sec, count    0, average         0.00 sec
Elapsed time: afopr_Domainwall_5din_eo: pack           : total         0.00 sec, count    0, average         0.00 sec
Elapsed time: afopr_Domainwall_5din_eo: bulk           : total         0.00 sec, count    2, average         0.00 sec
Elapsed time: afopr_Domainwall_5din_eo: boundary       : total         0.00 sec, count    0, average         0.00 sec
Elapsed time: afopr_Domainwall_5din_eo: comm           : total         0.00 sec, count    0, average         0.00 sec
Elapsed time: afopr_Domainwall_5din_eo: comm_recv_wait : total         0.00 sec, count    0, average         0.00 sec
Elapsed time: afopr_Domainwall_5din_eo: comm_send_wait : total         0.00 sec, count    0, average         0.00 sec
Elapsed time: afopr_Domainwall_5din_eo: comm_recv_start: total         0.00 sec, count    0, average         0.00 sec
Elapsed time: afopr_Domainwall_5din_eo: comm_send_start: total         0.00 sec, count    0, average         0.00 sec
Elapsed time: afopr_Domainwall_5din_eo: comm_test_all  : total         0.00 sec, count    0, average         0.00 sec

Fprop_alt_Standard_eo<Afield<float,ACCEL> >: being setup (without link smearing).
  AFopr_Domainwall_5din_eo<AField<float,ACCEL> >: construction
    do_comm[0] = 0
    do_comm[1] = 0
    do_comm[2] = 0
    do_comm[3] = 0
      extended_precision = true
      su3_reconstruction = false
    AFopr_Domainwall_5din_eo<AField<float,ACCEL> >: input parameters
      gamma matrix repr.:  Dirac
      code implementation: 5d
      mq   =   0.0500
      M0   =   1.6000
      Ns   =    8
      boundary[0] =  1
      boundary[1] =  1
      boundary[2] =  1
      boundary[3] = -1
      coefficients:
        b[ 0] =     1.5000000000  c[ 0] =     0.5000000000
        b[ 1] =     1.5000000000  c[ 1] =     0.5000000000
        b[ 2] =     1.5000000000  c[ 2] =     0.5000000000
        b[ 3] =     1.5000000000  c[ 3] =     0.5000000000
        b[ 4] =     1.5000000000  c[ 4] =     0.5000000000
        b[ 5] =     1.5000000000  c[ 5] =     0.5000000000
        b[ 6] =     1.5000000000  c[ 6] =     0.5000000000
        b[ 7] =     1.5000000000  c[ 7] =     0.5000000000
      alpha =   1.0000
  ASolver_CGNR<Afield<float,ACCEL> >:
  ASolver_CG<Afield<float,ACCEL> >:
    Precision: float
    Niter     = 550
    Stop_cond =   0.00000000e+00
    init_guess_mode: 0
    true_residual_interval = 10 (logging [TRUERES])
    refinement_iterations = 0
Fprop_alt_Standard_eo<Afield<float,ACCEL> >: setup finished.

Fprop_alt_Standard_eo<Afield<float,ACCEL> >: mult performance:
  mult mode = Dee_inv
  Number of mult =                400
  Elapsed time   =       0.155448 sec
  Flop(Fopr)     =           62914560
  Flop(total)    =        25165824000
  Performance    =     161.892 GFlops

Fprop_alt_Standard_eo<Afield<float,ACCEL> >: mult performance:
  mult mode = Doe
  Number of mult =                400
  Elapsed time   =       1.162555 sec
  Flop(Fopr)     =          390070272
  Flop(total)    =       156028108800
  Performance    =     134.211 GFlops

Fprop_alt_Standard_eo<Afield<float,ACCEL> >: mult performance:
  mult mode = D
  Number of mult =                400
  Elapsed time   =       2.846042 sec
  Flop(Fopr)     =          912261120
  Flop(total)    =       364904448000
  Performance    =     128.215 GFlops

Fprop_alt_Standard_eo<Afield<float,ACCEL> >: mult performance:
  mult mode = Ddag
  Number of mult =                400
  Elapsed time   =       2.846427 sec
  Flop(Fopr)     =          912261120
  Flop(total)    =       364904448000
  Performance    =     128.197 GFlops

Fprop_alt_Standard_eo<Afield<float,ACCEL> >: mult performance:
  mult mode = DdagD
  Number of mult =                400
  Elapsed time   =       5.704899 sec
  Flop(Fopr)     =         1824522240
  Flop(total)    =       729808896000
  Performance    =     127.927 GFlops

Solving quark propagator:
  color spin   Nconv      diff           diff2
ASolver_CGNR<Afield<float,ACCEL> >: solver starts
  mode_prev = D
  b2 size is reset.
  snorm =  2.588466072082520e+01
  init:  9.981092214584351e-01
     0   5.123300477862358e-02
[TRUERES]      0  5.123300477862358e-02  5.123300477862358e-02
     1   1.437178999185562e-02
     2   1.241257321089506e-02
     3   4.474023822695017e-03
     4   2.165598794817924e-03
     5   1.812963862903416e-03
     6   8.551662904210389e-04
     7   5.386075354181230e-04
     8   4.351814568508416e-04
     9   2.300846826983616e-04
    10   1.762323081493378e-04
[TRUERES]     10  1.762323081493378e-04  1.762323081493378e-04
    11   1.401651388732716e-04
    12   8.645870548207313e-05
    13   7.533480675192550e-05
    14   5.991020952933468e-05
    15   4.124319821130484e-05
    16   3.832983202300966e-05
    17   2.965572639368474e-05
    18   2.251819023513235e-05
    19   2.120208228006959e-05
    20   1.573538793309126e-05
[TRUERES]     20  1.573538793309126e-05  1.573538793309126e-05
    21   1.272749250347260e-05
    22   1.156393500423292e-05
    23   8.523072210664395e-06
    24   7.384780928987311e-06
    25   6.536938599310815e-06
    26   4.981344318366610e-06
    27   4.529224952420918e-06
    28   3.895246209140169e-06
    29   3.147257984892349e-06
    30   3.002621951964102e-06
[TRUERES]     30  3.002621951964102e-06  3.002621951964102e-06
    31   2.580300815679948e-06
    32   2.232600763818482e-06
    33   2.199384653067682e-06
    34   1.921541297633667e-06
    35   1.780884304025676e-06
    36   1.788824420145829e-06
    37   1.588407371855283e-06
    38   1.562512920827430e-06
    39   1.540842049507773e-06
    40   1.389114686389803e-06
[TRUERES]     40  1.389114686389803e-06  1.389114686389803e-06
    41   1.403740270689013e-06
    42   1.337207777396543e-06
    43   1.202386442855641e-06
    44   1.190621560454019e-06
    45   1.065027731783630e-06
    46   9.472370265939389e-07
    47   8.983311090560164e-07
    48   7.612767944920051e-07
    49   6.795844456064515e-07
    50   6.188572001519788e-07
[TRUERES]     50  6.188572001519788e-07  6.188572001519788e-07
    51   5.122145125824318e-07
    52   4.612349471244670e-07
    53   4.092376570952183e-07
    54   3.412636431221472e-07
    55   3.117502842542308e-07
    56   2.709224986574554e-07
    57   2.299091192980995e-07
    58   2.119580813086941e-07
    59   1.817922878899481e-07
    60   1.594972616203449e-07
[TRUERES]     60  1.594972616203449e-07  1.594972616203449e-07
    61   1.482760865201271e-07
    62   1.275495833397144e-07
    63   1.154400095515484e-07
    64   1.069639026241020e-07
    65   9.264522304874845e-08
    66   8.660566663820646e-08
    67   7.974328042337220e-08
    68   7.069725427300000e-08
    69   6.758867954204106e-08
    70   6.165958410520034e-08
[TRUERES]     70  6.165958410520034e-08  6.165958410520034e-08
    71   5.590687024437102e-08
    72   5.392908164481014e-08
    73   4.881364290554302e-08
    74   4.495045757835214e-08
    75   4.273827514111872e-08
    76   3.826999517286822e-08
    77   3.592058916979113e-08
    78   3.393922654026937e-08
    79   3.035379592120080e-08
    80   2.868127602084769e-08
[TRUERES]     80  2.868127602084769e-08  2.868127602084769e-08
    81   2.639137264281999e-08
    82   2.345692173832958e-08
    83   2.197878146148469e-08
    84   1.947565664295325e-08
    85   1.709512176262251e-08
    86   1.565160623329120e-08
    87   1.343713940116231e-08
    88   1.181897513191643e-08
    89   1.059654319846004e-08
    90   8.965080233735989e-09
[TRUERES]     90  8.965080233735989e-09  8.965080233735989e-09
    91   7.888982800352551e-09
    92   6.913096317617828e-09
    93   5.782301304435578e-09
    94   5.089539456548664e-09
    95   4.362567196380951e-09
    96   3.659449632209544e-09
    97   3.235684165048269e-09
    98   2.754048322728408e-09
    99   2.363235385161033e-09
   100   2.120927655724358e-09
[TRUERES]    100  2.120927655724358e-09  2.120927655724358e-09
   101   1.825307016645183e-09
   102   1.619599898639024e-09
   103   1.472629795884473e-09
   104   1.288609108307526e-09
   105   1.188547704700227e-09
   106   1.098269808430530e-09
   107   9.903818876111359e-10
   108   9.387584043452080e-10
   109   8.673532447822652e-10
   110   7.959412018365697e-10
[TRUERES]    110  7.959412018365697e-10  7.959412018365697e-10
   111   7.632716680916474e-10
   112   7.024699710811433e-10
   113   6.552467457510147e-10
   114   6.279113340390552e-10
   115   5.761714438889953e-10
   116   5.445989215147051e-10
   117   5.180327278253571e-10
   118   4.750563831201760e-10
   119   4.520336605029485e-10
   120   4.212016568860832e-10
[TRUERES]    120  4.212016568860832e-10  4.212016568860832e-10
   121   3.802517190010235e-10
   122   3.544546878231358e-10
   123   3.175021079382390e-10
   124   2.793481279628196e-10
   125   2.513669827841625e-10
   126   2.147717698131046e-10
   127   1.850047198770355e-10
   128   1.612796285410667e-10
   129   1.345495381777084e-10
   130   1.155314524603490e-10
[TRUERES]    130  1.155314524603490e-10  1.155314524603490e-10
   131   9.943065121253980e-11
   132   8.342485730006288e-11
   133   7.303851273787743e-11
   134   6.310632572059660e-11
   135   5.379403172911523e-11
   136   4.759646496377279e-11
   137   4.089199465151516e-11
   138   3.526196001857329e-11
   139   3.125021075245371e-11
   140   2.672801042991058e-11
[TRUERES]    140  2.672801042991058e-11  2.672801042991058e-11
   141   2.322907491358883e-11
   142   2.050237930817378e-11
   143   1.757366127619342e-11
   144   1.559438515819078e-11
   145   1.388602167279318e-11
   146   1.213702662677951e-11
   147   1.105478816126881e-11
   148   9.899085891273973e-12
   149   8.808802645643432e-12
   150   8.148657096307410e-12
[TRUERES]    150  8.148657096307410e-12  8.148657096307410e-12
   151   7.386996396518963e-12
   152   6.783039841612437e-12
   153   6.393280869987361e-12
   154   5.851937424222742e-12
   155   5.461917376714531e-12
   156   5.130857978069558e-12
   157   4.669761105580150e-12
   158   4.349851642077018e-12
   159   4.010710600438339e-12
   160   3.614540524526921e-12
[TRUERES]    160  3.614540524526921e-12  3.614540524526921e-12
   161   3.348365204894344e-12
   162   3.025498037864671e-12
   163   2.699827124016951e-12
   164   2.469696105608654e-12
   165   2.187275317463988e-12
   166   1.944700260200771e-12
   167   1.745252813795117e-12
   168   1.508214126505480e-12
   169   1.320150260809838e-12
   170   1.148665255794323e-12
[TRUERES]    170  1.148665255794323e-12  1.148665255794323e-12
   171   9.683299084448094e-13
   172   8.332079058821773e-13
   173   7.062106433496085e-13
   174   5.898966753438428e-13
   175   5.072123276939067e-13
   176   4.271870942922085e-13
   177   3.603179224171554e-13
   178   3.109084441722115e-13
   179   2.623306574137813e-13
   180   2.255931308729406e-13
[TRUERES]    180  2.255931308729406e-13  2.255931308729406e-13
   181   1.975916446520648e-13
   182   1.699924923048712e-13
   183   1.511549538963861e-13
   184   1.361889930256294e-13
   185   1.210105556341198e-13
   186   1.111955918509967e-13
   187   1.012307032362096e-13
   188   9.173858775499838e-14
   189   8.570480615347278e-14
   190   7.873218000947410e-14
[TRUERES]    190  7.873218000947410e-14  7.873218000947410e-14
   191   7.285341221355962e-14
   192   6.908393263916138e-14
   193   6.406859634836004e-14
   194   6.078249476003730e-14
   195   5.833977371290031e-14
   196   5.499845912894374e-14
   197   5.317083985557566e-14
   198   5.101428380747085e-14
   199   4.791007746237329e-14
   200   4.583114351355486e-14
[TRUERES]    200  4.583114351355486e-14  4.583114351355486e-14
   201   4.272102826661725e-14
   202   3.918017304907831e-14
   203   3.640163393154108e-14
   204   3.272151633307817e-14
   205   2.932373853285763e-14
   206   2.641501722759100e-14
   207   2.302123234068382e-14
   208   2.025226638951647e-14
   209   1.775876571719157e-14
   210   1.518781743436743e-14
[TRUERES]    210  1.518781743436743e-14  1.518781743436743e-14
   211   1.324211414485557e-14
   212   1.141594668595909e-14
   213   9.677287047876390e-15
   214   8.359662923918335e-15
   215   7.067886010345744e-15
   216   5.959866965449343e-15
   217   5.099033310385429e-15
   218   4.251974528626237e-15
   219   3.573332154802565e-15
   220   3.030287473856572e-15
[TRUERES]    220  3.030287473856572e-15  3.030287473856572e-15
   221   2.524159876883710e-15
   222   2.155727438124164e-15
   223   1.851400570395192e-15
   224   1.576472522199523e-15
   225   1.386355765430058e-15
   226   1.218932080108721e-15
   227   1.076104643388872e-15
   228   9.813481263707172e-16
   229   8.889426551767854e-16
   230   8.143033824141574e-16
[TRUERES]    230  8.143033824141574e-16  8.143033824141574e-16
   231   7.670384675013346e-16
   232   7.129080329136605e-16
   233   6.766051007668476e-16
   234   6.515324490720875e-16
   235   6.188730820874482e-16
   236   6.001882234852880e-16
   237   5.777590557397901e-16
   238   5.457477218993596e-16
   239   5.232975371488580e-16
   240   4.914864207213347e-16
[TRUERES]    240  4.914864207213347e-16  4.914864207213347e-16
   241   4.544045888399623e-16
   242   4.234503521177051e-16
   243   3.833216897854998e-16
   244   3.451436384517028e-16
   245   3.106736591329686e-16
   246   2.711392433528214e-16
   247   2.377449164677614e-16
   248   2.079819654113684e-16
   249   1.782001943416786e-16
   250   1.557771940548279e-16
[TRUERES]    250  1.557771940548279e-16  1.557772072897177e-16
   251   1.349867835993609e-16
   252   1.154472555185313e-16
   253   1.005434858184653e-16
   254   8.588525641142951e-17
   255   7.289621792352162e-17
   256   6.258696007015483e-17
   257   5.260061036687159e-17
   258   4.467176655819560e-17
   259   3.852797189396414e-17
   260   3.276801881245934e-17
[TRUERES]    260  3.276801881245934e-17  3.276801881245934e-17
   261   2.848872895359181e-17
   262   2.494194723180939e-17
   263   2.169973010284654e-17
   264   1.936448342832359e-17
   265   1.726845242386730e-17
   266   1.532197732852181e-17
   267   1.398236328957586e-17
   268   1.266317482149568e-17
   269   1.159656595345857e-17
   270   1.087196731739069e-17
[TRUERES]    270  1.087196731739069e-17  1.087196731739069e-17
   271   1.010333620295539e-17
   272   9.565964935455216e-18
   273   9.156548582549645e-18
   274   8.636795434916237e-18
   275   8.280199527205852e-18
   276   7.889675152310380e-18
   277   7.391850562715753e-18
   278   6.993727706713369e-18
   279   6.492071616521397e-18
   280   5.942824516966799e-18
[TRUERES]    280  5.942824516966799e-18  5.942823689786186e-18
   281   5.480180746004665e-18
   282   4.932730696330839e-18
   283   4.427603756288595e-18
   284   3.978741227921901e-18
   285   3.490009421210764e-18
   286   3.092177525988844e-18
   287   2.739419529525552e-18
   288   2.381106808453813e-18
   289   2.091499502265576e-18
   290   1.812916032100832e-18
[TRUERES]    290  1.812916032100832e-18  1.812916032100832e-18
   291   1.547709830199873e-18
   292   1.339834172386469e-18
   293   1.143197417555822e-18
   294   9.737037673454911e-19
   295   8.431356857982567e-19
   296   7.195237279134988e-19
   297   6.191542010729856e-19
   298   5.374466960322812e-19
   299   4.594699306505558e-19
   300   3.988513953268909e-19
[TRUERES]    300  3.988513953268909e-19  3.988514211762850e-19
   301   3.479273392341650e-19
   302   3.012937397317809e-19
   303   2.672828905275619e-19
   304   2.366941133668689e-19
   305   2.090712827653644e-19
   306   1.886470560680878e-19
   307   1.693189600047177e-19
   308   1.538192755360932e-19
   309   1.429706337813984e-19
   310   1.316856671782788e-19
[TRUERES]    310  1.316856671782788e-19  1.316856801029759e-19
   311   1.232335098298178e-19
   312   1.166266502562949e-19
   313   1.087727900599541e-19
   314   1.026977753085601e-19
   315   9.643979208307842e-20
   316   8.927279552553781e-20
   317   8.383085828608241e-20
   318   7.749194060754127e-20
   319   7.078475307300358e-20
   320   6.494949145227921e-20
[TRUERES]    320  6.494949145227921e-20  6.494948498993068e-20
   321   5.804162860866645e-20
   322   5.140590172423510e-20
   323   4.554519460615192e-20
   324   3.922232617019888e-20
   325   3.394670716382918e-20
   326   2.932652862650546e-20
   327   2.488640081290554e-20
   328   2.128566745059087e-20
   329   1.807786588187163e-20
   330   1.515501834065410e-20
[TRUERES]    330  1.515501834065410e-20  1.515501349389270e-20
   331   1.290971007709350e-20
   332   1.089529667994743e-20
   333   9.205391730102174e-21
   334   7.882924608879517e-21
   335   6.663340095827060e-21
   336   5.679666039446306e-21
   337   4.893174392757148e-21
   338   4.163011403181506e-21
   339   3.587383361930530e-21
   340   3.104127322853432e-21
[TRUERES]    340  3.104127322853432e-21  3.104128534543782e-21
   341   2.660834851017086e-21
   342   2.315408993196986e-21
   343   1.997265959203715e-21
   344   1.709902889336975e-21
   345   1.485707963740890e-21
   346   1.283625276323806e-21
   347   1.119095599169510e-21
   348   9.945787646635499e-22
   349   8.787452061312829e-22
   350   7.898335391627131e-22
[TRUERES]    350  7.898335391627131e-22  7.898347508530635e-22
   351   7.212900335750091e-22
   352   6.549902755936943e-22
   353   6.085167504840203e-22
   354   5.695460120241436e-22
   355   5.311227051671669e-22
   356   5.039788218338533e-22
   357   4.743430468078041e-22
   358   4.448772618404992e-22
   359   4.215289985298746e-22
   360   3.939236883649919e-22
[TRUERES]    360  3.939236883649919e-22  3.939241932359713e-22
   361   3.676852154024803e-22
   362   3.445304691382373e-22
   363   3.171982689296294e-22
   364   2.939013509976038e-22
   365   2.718677212300864e-22
   366   2.466811721965817e-22
   367   2.255482574997584e-22
   368   2.043270030033249e-22
   369   1.825937588467412e-22
   370   1.642787184122397e-22
[TRUERES]    370  1.642787184122397e-22  1.642788067646611e-22
   371   1.455479924568976e-22
   372   1.280915356098642e-22
   373   1.138731445194842e-22
   374   9.918623947116247e-23
   375   8.610857911505543e-23
   376   7.462444934193105e-23
   377   6.347826758060336e-23
   378   5.451812667272619e-23
   379   4.683287334010757e-23
   380   3.989738181080358e-23
[TRUERES]    380  3.989738181080358e-23  3.989769104427843e-23
   381   3.459404980528911e-23
   382   3.003900916636194e-23
   383   2.611784824149426e-23
   384   2.329147636950134e-23
   385   2.079121644028318e-23
   386   1.872819686728005e-23
   387   1.717739730181141e-23
   388   1.563484606596776e-23
   389   1.440024246169523e-23
   390   1.341730441884994e-23
[TRUERES]    390  1.341730441884994e-23  1.341812010102594e-23
   391   1.242295708073243e-23
   392   1.166980238666444e-23
   393   1.101937079309161e-23
   394   1.031958963900997e-23
   395   9.827904469699287e-24
   396   9.306834231669126e-24
   397   8.772399901043616e-24
   398   8.373924169711137e-24
   399   7.885739965097829e-24
   400   7.383152738076997e-24
[TRUERES]    400  7.383152738076997e-24  7.383910044546009e-24
   401   6.918598073018679e-24
   402   6.358370357375158e-24
   403   5.849111339248418e-24
   404   5.366093779133856e-24
   405   4.840430004052593e-24
   406   4.381338200762931e-24
   407   3.903420231970170e-24
   408   3.401562306856214e-24
   409   2.964878886440260e-24
   410   2.529878500765595e-24
[TRUERES]    410  2.529878500765595e-24  2.530588278365068e-24
   411   2.134247204642117e-24
   412   1.810514071927065e-24
   413   1.517759211137204e-24
   414   1.277064535534110e-24
   415   1.081943241894153e-24
   416   9.047087776344040e-25
   417   7.629687153746215e-25
   418   6.451268984156700e-25
   419   5.390904835109641e-25
   420   4.559499182155862e-25
[TRUERES]    420  4.559499182155862e-25  4.566462358758635e-25
   421   3.851944937840816e-25
   422   3.238084442795968e-25
   423   2.761873273179265e-25
   424   2.347606913106977e-25
   425   2.004441325979357e-25
   426   1.741516944497588e-25
   427   1.510095476746788e-25
   428   1.328914341378218e-25
   429   1.190865162078738e-25
   430   1.068673073050332e-25
[TRUERES]    430  1.068673073050332e-25  1.075790693827205e-25
   431   9.785795493660945e-26
   432   9.039311826489857e-26
   433   8.350497589275918e-26
   434   7.849612822696165e-26
   435   7.362422188392984e-26
   436   6.872583939676654e-26
   437   6.465105850953309e-26
   438   6.012795194612540e-26
   439   5.577104235171064e-26
   440   5.198378277550279e-26
[TRUERES]    440  5.198378277550279e-26  5.274155146770161e-26
   441   4.772918474270970e-26
   442   4.390337267124708e-26
   443   4.023794280108929e-26
   444   3.627493056187643e-26
   445   3.290824786320408e-26
   446   2.972714161099706e-26
   447   2.660193663098385e-26
   448   2.399295637252024e-26
   449   2.137846025069590e-26
   450   1.884036499939342e-26
[TRUERES]    450  1.884036499939342e-26  1.958063546248952e-26
   451   1.664744723867568e-26
   452   1.443234276499858e-26
   453   1.245289816080463e-26
   454   1.077822580733413e-26
   455   9.192465165304232e-27
   456   7.854434580904933e-27
   457   6.679113491555268e-27
   458   5.599520364905381e-27
   459   4.728213480253062e-27
   460   3.985692375423952e-27
[TRUERES]    460  3.985692375423952e-27  4.725366570609269e-27
   461   3.336860443855492e-27
   462   2.831204648061706e-27
   463   2.389425592954429e-27
   464   2.017904847404387e-27
   465   1.723104291560988e-27
   466   1.456283838542642e-27
   467   1.236921669731400e-27
   468   1.061442585074998e-27
   469   9.065880916000453e-28
   470   7.869247678479193e-28
[TRUERES]    470  7.869247678479193e-28  1.509858105881142e-27
   471   6.913126016860469e-28
   472   6.076161640900983e-28
   473   5.467226407391974e-28
   474   4.962056908909147e-28
   475   4.515598903298478e-28
   476   4.185507992340116e-28
   477   3.870131667639360e-28
   478   3.592334810237215e-28
   479   3.379095365312175e-28
   480   3.156412122904831e-28
[TRUERES]    480  3.156412122904831e-28  1.060846991239697e-27
   481   2.969887492979628e-28
   482   2.815680449003730e-28
   483   2.644134498479756e-28
   484   2.500411735638616e-28
   485   2.352619723566228e-28
   486   2.186020283363170e-28
   487   2.039267069754536e-28
   488   1.880403127173109e-28
   489   1.716993749181685e-28
   490   1.568320022306633e-28
[TRUERES]    490  1.568320022306633e-28  9.113633386006563e-28
   491   1.401813387852770e-28
   492   1.232818692652001e-28
   493   1.073300535742590e-28
   494   9.145774267883469e-29
   495   7.795324829794399e-29
   496   6.626594706048664e-29
   497   5.580501782630432e-29
   498   4.727944355617459e-29
   499   3.998746653587687e-29
   500   3.355141491258237e-29
[TRUERES]    500  3.355141491258237e-29  8.133095266035384e-28
   501   2.838760552716024e-29
   502   2.381110245974791e-29
   503   1.984626571487636e-29
   504   1.667380770663987e-29
   505   1.390198525655346e-29
   506   1.165734399902551e-29
   507   9.881003139904711e-30
   508   8.358092091973733e-30
   509   7.157185998314917e-30
   510   6.180980257753637e-30
[TRUERES]    510  6.180980257753637e-30  7.972740894418244e-28
   511   5.330405334877167e-30
   512   4.687429109045181e-30
   513   4.149981807103463e-30
   514   3.683459508471151e-30
   515   3.332295147292943e-30
   516   3.023152546247026e-30
   517   2.766829702400506e-30
   518   2.569645321067019e-30
   519   2.369768775551504e-30
   520   2.197480424172952e-30
[TRUERES]    520  2.197480424172952e-30  8.243539644626214e-28
   521   2.050080579585490e-30
   522   1.895004662847611e-30
   523   1.766923926856591e-30
   524   1.645674787874358e-30
   525   1.512840916965902e-30
   526   1.396122415330382e-30
   527   1.275101886489497e-30
   528   1.151831837619331e-30
   529   1.045379257287961e-30
   530   9.367109171250646e-31
[TRUERES]    530  9.367109171250646e-31  8.287279439593192e-28
   531   8.350478650162327e-31
   532   7.482893759792170e-31
   533   6.626129530020202e-31
   534   5.857955256503605e-31
   535   5.145786235837585e-31
   536   4.448631099218008e-31
   537   3.834018235517691e-31
   538   3.273997680458263e-31
   539   2.754210300346689e-31
   540   2.324428406787745e-31
[TRUERES]    540  2.324428406787745e-31  8.361459520296183e-28
   541   1.945440094325574e-31
   542   1.623975655865806e-31
   543   1.369863752323974e-31
   544   1.153743356002977e-31
   545   9.772696217234919e-32
   546   8.402970232848861e-32
   547   7.222311935343412e-32
   548   6.324690343123303e-32
   549   5.611536140641859e-32
Error at ASolver_CG<Afield<float,ACCEL> >: not converged
  iter(final):      550   5.611536140641859e-32
converged:
  nconv = -1
    0    0       -1     1.0384e-25     4.5579e-28
ASolver_CGNR<Afield<float,ACCEL> >: solver starts
  mode_prev = D
  snorm =  2.559611129760742e+01
  init:  9.777452945709229e-01
     0   4.811055585741997e-02
[TRUERES]      0  4.811055585741997e-02  4.811055585741997e-02
     1   1.230749022215605e-02
     2   1.052702218294144e-02
     3   3.913269378244877e-03
     4   1.864950754679739e-03
     5   1.611019833944738e-03
     6   7.920583593659103e-04
     7   4.979173536412418e-04
     8   4.261986468918622e-04
     9   2.397708449279889e-04
    10   1.879266346804798e-04
[TRUERES]     10  1.879266346804798e-04  1.879266346804798e-04
    11   1.549901062389836e-04
    12   9.629954001866281e-05
    13   8.288381650345400e-05
    14   6.654780008830130e-05
    15   4.638966129277833e-05
    16   4.345709385233931e-05
    17   3.419913991820067e-05
    18   2.609334114822559e-05
    19   2.436141949146986e-05
    20   1.803586565074511e-05
[TRUERES]     20  1.803586565074511e-05  1.803586565074511e-05
    21   1.443941255274694e-05
    22   1.297087146667764e-05
    23   9.479389518673997e-06
    24   7.988904144440312e-06
    25   6.973445124458522e-06
    26   5.242678525974043e-06
    27   4.736329174193088e-06
    28   4.094210908078821e-06
    29   3.295455371699063e-06
    30   3.151884357066592e-06
[TRUERES]     30  3.151884357066592e-06  3.151884357066592e-06
    31   2.724407750065438e-06
    32   2.344611630178406e-06
    33   2.294277464898187e-06
    34   1.961377165571321e-06
    35   1.762496822266257e-06
    36   1.717829263725434e-06
    37   1.483166556681681e-06
    38   1.425416257916368e-06
    39   1.390476199958357e-06
    40   1.237299443346274e-06
