Bridge++ 2.0.0

input filename : main.yaml

file = main.yaml

Lattice parameters:
  Lx = 16,  Ly = 16,  Lz = 16,  Lt = 16,
  Nx = 16,  Ny = 16,  Nz = 16,  Nt = 16,
  NPEx = 1,  NPEy  = 1,  NPEz  = 1,  NPEt  = 1,
  Lvol = 65536,  Nvol = 65536,  NPE = 1,
  Ndim = 4
  Nc   = 3
  Nd   = 4

ThreadManager: initialization
Warning at ThreadManager: Nthread(env) != Nthread(input)
  Number of threads(env)   = 2
  Number of threads(input) = 1
  reset Nthread = Nthread(input).
  Number of threads = 1
Main: input parameters
  lattice_size     = [16, 16, 16, 16]
  grid_size        = [1, 1, 1, 1]
  number of thread = 1
  number of color  = 3
  logfile          = stdout
  ildg_logfile     = stdout
  vlevel           = General

Alt_Accel code is being setup.
DeviceManager_CUDA: being initialized.
  process_id = 0
  number of devices = 1
  device_id = 0  is used on process = 0
------------------------------------------------
Alt_Accel: Factory entries
------------------------------------------------
AFopr<double, ACCEL> >(void):
AFopr<double, ACCEL>(Parameters&):
	Clover
	CloverTerm
	Clover_dd
	Domainwall
	Domainwall_5din
	Domainwall_5din_dd
	Domainwall_5din_eo
	Domainwall_eo
	Wilson
	Wilson_dd
AFopr<double, ACCEL>(Fopr*):
	Domainwall
AFopr<double, ACCEL>(Fopr*, Director*):
AFopr<float, ACCEL> >(void):
AFopr<float, ACCEL>(Parameters&):
	Clover
	CloverTerm
	Clover_dd
	Domainwall
	Domainwall_5din
	Domainwall_5din_dd
	Domainwall_5din_eo
	Domainwall_eo
	Wilson
	Wilson_dd
AFopr<float, ACCEL>(Fopr*):
	Domainwall
AFopr<float, ACCEL>(Fopr*, Director*):
AEigensolver<AField<float, ACCEL> >, Afopr>(Fopr*):
	IRArnoldi
	IRLanczos
------------------------------------------------
Timer: timestamp: 2026/06/06 11:29:49 +0900
file = test_alt_Spectrum_Domainwall_5din_Hadron2ptFunction.yaml

--------------------------------------------------------------------
test name: Spectrum_Domainwall_alt.hadron_2ptFunction
test file: test_alt_Spectrum_Domainwall_5din_Hadron2ptFunction.yaml
test mode: float_eo
file = test_alt_Spectrum_Domainwall_5din_Hadron2ptFunction.yaml
  vlevel       = General
  source_type  = Local
Smearing parameters (assumes APE-Stout):
   proj_type:  Stout_SU3
   smear_type: APE
   rho_uniform: 0.100000
   number_of_smearing: 0
  vlevel       = General

Configuration setup:
  gconf_status = Continue
  gconf_read   = Text
  readfile     = ./conf_real16.txt
  plaq = 0.596178

Gauge fixing:
  Gauge fixing type = None
Parameters: get_string: key 'filename_output' not found.
Elapsed time: calc_plqauette: total         0.12 sec, count    1, average         0.12 sec
plaquette (before smearing):       0.596178494528857
applying smearing
Smear_APE:
  rho =   0.1000
Director_Smear:
  Nsmear = 0
Parameters: get_string: key 'filename_output' not found.
Elapsed time: calc_plqauette: total         0.11 sec, count    1, average         0.11 sec
Elapsed time: smearig: total         0.12 sec, count    1, average         0.12 sec
plaquette (after smearing):        0.596178494528857
  gmset_type   = Dirac
Gamma matrix: dirac representation.
Fopr_Domainwall: construction
  Imp::Fopr_Wilson: construction
    Gauge group implementation: SU(3)
    Imp::Fopr_Wilson: input parameters
      gamma-matrix type = Dirac
      kappa  =   0.20833333
      boundary[0] =  1
      boundary[1] =  1
      boundary[2] =  1
      boundary[3] = -1
  Imp::Fopr_Wilson: construction finished.
  Fopr_Domainwall: input parameters
    mq   =   0.0250
    M0   =   1.6000
    Ns   =    8
    boundary[0] =  1
    boundary[1] =  1
    boundary[2] =  1
    boundary[3] = -1
    coefficients:
    b[ 0] =     1.5000000000  c[ 0] =     0.5000000000
    b[ 1] =     1.5000000000  c[ 1] =     0.5000000000
    b[ 2] =     1.5000000000  c[ 2] =     0.5000000000
    b[ 3] =     1.5000000000  c[ 3] =     0.5000000000
    b[ 4] =     1.5000000000  c[ 4] =     0.5000000000
    b[ 5] =     1.5000000000  c[ 5] =     0.5000000000
    b[ 6] =     1.5000000000  c[ 6] =     0.5000000000
    b[ 7] =     1.5000000000  c[ 7] =     0.5000000000
Fopr_Domainwall: construction finished.
Fopr_Domainwall: input parameters
  mq   =   0.0250
  M0   =   1.6000
  Ns   =    8
  boundary[0] =  1
  boundary[1] =  1
  boundary[2] =  1
  boundary[3] = -1
  coefficients:
  b[ 0] =     1.5000000000  c[ 0] =     0.5000000000
  b[ 1] =     1.5000000000  c[ 1] =     0.5000000000
  b[ 2] =     1.5000000000  c[ 2] =     0.5000000000
  b[ 3] =     1.5000000000  c[ 3] =     0.5000000000
  b[ 4] =     1.5000000000  c[ 4] =     0.5000000000
  b[ 5] =     1.5000000000  c[ 5] =     0.5000000000
  b[ 6] =     1.5000000000  c[ 6] =     0.5000000000
  b[ 7] =     1.5000000000  c[ 7] =     0.5000000000
Imp::Fopr_Wilson: construction
  Gauge group implementation: SU(3)
  Imp::Fopr_Wilson: input parameters
    gamma-matrix type = Dirac
    kappa  =   0.20833333
    boundary[0] =  1
    boundary[1] =  1
    boundary[2] =  1
    boundary[3] = -1
Imp::Fopr_Wilson: construction finished.
Source for spinor field - local:
  source_position[0] = 0
  source_position[1] = 0
  source_position[2] = 0
  source_position[3] = 0

Check of fermion operator (even-odd)
norm of source vector: 1.000000
AFopr_Domainwall_5din_eo<AField<float,ACCEL> >: construction
  do_comm[0] = 0
  do_comm[1] = 0
  do_comm[2] = 0
  do_comm[3] = 0
    extended_precision = true
    su3_reconstruction = false
  AFopr_Domainwall_5din_eo<AField<float,ACCEL> >: input parameters
    gamma matrix repr.:  Dirac
    code implementation: 5d
    mq   =   0.0250
    M0   =   1.6000
    Ns   =    8
    boundary[0] =  1
    boundary[1] =  1
    boundary[2] =  1
    boundary[3] = -1
    coefficients:
      b[ 0] =     1.5000000000  c[ 0] =     0.5000000000
      b[ 1] =     1.5000000000  c[ 1] =     0.5000000000
      b[ 2] =     1.5000000000  c[ 2] =     0.5000000000
      b[ 3] =     1.5000000000  c[ 3] =     0.5000000000
      b[ 4] =     1.5000000000  c[ 4] =     0.5000000000
      b[ 5] =     1.5000000000  c[ 5] =     0.5000000000
      b[ 6] =     1.5000000000  c[ 6] =     0.5000000000
      b[ 7] =     1.5000000000  c[ 7] =     0.5000000000
    alpha =   1.0000
convert required.
convert performed.

[D check]
norm2(abq) = 1.000000
norm2(y5)  = 113.089776
norm2(z5)  = 113.089769
norm2(axq) = 113.089760
diff2 = 0.000000
Elapsed time: afopr_Domainwall_5din_eo: Deo & dagger   : total         0.00 sec, count    2, average         0.00 sec
Elapsed time: afopr_Domainwall_5din_eo: Dee_inv & dag  : total         0.00 sec, count   18, average         0.00 sec
Elapsed time: afopr_Domainwall_5din_eo: clear          : total         0.00 sec, count    0, average         0.00 sec
Elapsed time: afopr_Domainwall_5din_eo: pack           : total         0.00 sec, count    0, average         0.00 sec
Elapsed time: afopr_Domainwall_5din_eo: bulk           : total         0.00 sec, count    2, average         0.00 sec
Elapsed time: afopr_Domainwall_5din_eo: boundary       : total         0.00 sec, count    0, average         0.00 sec
Elapsed time: afopr_Domainwall_5din_eo: comm           : total         0.00 sec, count    0, average         0.00 sec
Elapsed time: afopr_Domainwall_5din_eo: comm_recv_wait : total         0.00 sec, count    0, average         0.00 sec
Elapsed time: afopr_Domainwall_5din_eo: comm_send_wait : total         0.00 sec, count    0, average         0.00 sec
Elapsed time: afopr_Domainwall_5din_eo: comm_recv_start: total         0.00 sec, count    0, average         0.00 sec
Elapsed time: afopr_Domainwall_5din_eo: comm_send_start: total         0.00 sec, count    0, average         0.00 sec
Elapsed time: afopr_Domainwall_5din_eo: comm_test_all  : total         0.00 sec, count    0, average         0.00 sec

Fprop_alt_Standard_eo<Afield<float,ACCEL> >: being setup (without link smearing).
  AFopr_Domainwall_5din_eo<AField<float,ACCEL> >: construction
    do_comm[0] = 0
    do_comm[1] = 0
    do_comm[2] = 0
    do_comm[3] = 0
      extended_precision = true
      su3_reconstruction = false
    AFopr_Domainwall_5din_eo<AField<float,ACCEL> >: input parameters
      gamma matrix repr.:  Dirac
      code implementation: 5d
      mq   =   0.0250
      M0   =   1.6000
      Ns   =    8
      boundary[0] =  1
      boundary[1] =  1
      boundary[2] =  1
      boundary[3] = -1
      coefficients:
        b[ 0] =     1.5000000000  c[ 0] =     0.5000000000
        b[ 1] =     1.5000000000  c[ 1] =     0.5000000000
        b[ 2] =     1.5000000000  c[ 2] =     0.5000000000
        b[ 3] =     1.5000000000  c[ 3] =     0.5000000000
        b[ 4] =     1.5000000000  c[ 4] =     0.5000000000
        b[ 5] =     1.5000000000  c[ 5] =     0.5000000000
        b[ 6] =     1.5000000000  c[ 6] =     0.5000000000
        b[ 7] =     1.5000000000  c[ 7] =     0.5000000000
      alpha =   1.0000
  ASolver_CGNR<Afield<float,ACCEL> >:
  ASolver_CG<Afield<float,ACCEL> >:
    Precision: float
    Niter     = 550
    Stop_cond =   0.00000000e+00
    init_guess_mode: 0
    true_residual_interval = 10 (logging [TRUERES])
    refinement_iterations = 0
Fprop_alt_Standard_eo<Afield<float,ACCEL> >: setup finished.

Fprop_alt_Standard_eo<Afield<float,ACCEL> >: mult performance:
  mult mode = Dee_inv
  Number of mult =                400
  Elapsed time   =       0.075258 sec
  Flop(Fopr)     =           62914560
  Flop(total)    =        25165824000
  Performance    =     334.394 GFlops

Fprop_alt_Standard_eo<Afield<float,ACCEL> >: mult performance:
  mult mode = Doe
  Number of mult =                400
  Elapsed time   =       0.179799 sec
  Flop(Fopr)     =          390070272
  Flop(total)    =       156028108800
  Performance    =     867.793 GFlops

Fprop_alt_Standard_eo<Afield<float,ACCEL> >: mult performance:
  mult mode = D
  Number of mult =                400
  Elapsed time   =       0.672538 sec
  Flop(Fopr)     =          912261120
  Flop(total)    =       364904448000
  Performance    =     542.578 GFlops

Fprop_alt_Standard_eo<Afield<float,ACCEL> >: mult performance:
  mult mode = Ddag
  Number of mult =                400
  Elapsed time   =       0.683122 sec
  Flop(Fopr)     =          912261120
  Flop(total)    =       364904448000
  Performance    =     534.172 GFlops

Fprop_alt_Standard_eo<Afield<float,ACCEL> >: mult performance:
  mult mode = DdagD
  Number of mult =                400
  Elapsed time   =       1.322737 sec
  Flop(Fopr)     =         1824522240
  Flop(total)    =       729808896000
  Performance    =     551.742 GFlops

Solving quark propagator:
  color spin   Nconv      diff           diff2
ASolver_CGNR<Afield<float,ACCEL> >: solver starts
  mode_prev = D
  snorm =  2.589236640930176e+01
ASolver_CG solve_CG_init: m_x.nin() = 192, m_s.nin() = 192
  init:  9.963474869728088e-01
     0   5.118275433778763e-02
[TRUERES]      0  5.118275433778763e-02  5.118275433778763e-02
     1   1.437817700207233e-02
     2   1.243630237877369e-02
     3   4.497174639254808e-03
     4   2.172883134335279e-03
     5   1.820832956582308e-03
     6   8.597476407885551e-04
     7   5.415045889094472e-04
     8   4.382838087622076e-04
     9   2.320559724466875e-04
    10   1.781470928108320e-04
[TRUERES]     10  1.781470928108320e-04  1.781468599801883e-04
    11   1.417882303940132e-04
    12   8.754198643146083e-05
    13   7.627673039678484e-05
    14   6.073064650991000e-05
    15   4.191486004856415e-05
    16   3.901177115039900e-05
    17   3.023500903509557e-05
    18   2.302010216226336e-05
    19   2.169499202864245e-05
    20   1.612572486919817e-05
[TRUERES]     20  1.612572486919817e-05  1.612572486919817e-05
    21   1.307759248447837e-05
    22   1.191714181913994e-05
    23   8.809497558104340e-06
    24   7.644709512533154e-06
    25   6.773970198992174e-06
    26   5.158628482604399e-06
    27   4.697306394518819e-06
    28   4.037841790704988e-06
    29   3.261103302065749e-06
    30   3.111059641014435e-06
[TRUERES]     30  3.111059641014435e-06  3.111070554950857e-06
    31   2.670159801709815e-06
    32   2.305517682543723e-06
    33   2.272187202834175e-06
    34   1.987471250686212e-06
    35   1.845848828452290e-06
    36   1.860603788372828e-06
    37   1.659695726630162e-06
    38   1.642569941395777e-06
    39   1.634800241845369e-06
    40   1.490549948357511e-06
[TRUERES]     40  1.490549948357511e-06  1.490549607296998e-06
    41   1.526470555290871e-06
    42   1.480198534409283e-06
    43   1.354250912299904e-06
    44   1.365446792078728e-06
    45   1.246238753083162e-06
    46   1.130329792431439e-06
    47   1.093192054213432e-06
    48   9.447967954656633e-07
    49   8.593035545345629e-07
    50   7.961812684698089e-07
[TRUERES]     50  7.961812684698089e-07  7.961801884448505e-07
    51   6.698278980366013e-07
    52   6.124055289546959e-07
    53   5.511869858310092e-07
    54   4.660945478462963e-07
    55   4.311825705372030e-07
    56   3.785339970363566e-07
    57   3.249736550969828e-07
    58   3.026640911230061e-07
    59   2.619667327508068e-07
    60   2.321961858342547e-07
[TRUERES]     60  2.321961858342547e-07  2.321954610806642e-07
    61   2.177164617478411e-07
    62   1.889220584416762e-07
    63   1.723878426673764e-07
    64   1.610436868304532e-07
    65   1.406408216553245e-07
    66   1.327631196090806e-07
    67   1.233242841180981e-07
    68   1.103721629647225e-07
    69   1.066279438077800e-07
    70   9.837978609539277e-08
[TRUERES]     70  9.837978609539277e-08  9.837998504735879e-08
    71   9.024885372355129e-08
    72   8.825220021435598e-08
    73   8.097168802123633e-08
    74   7.565238036022492e-08
    75   7.301298410311574e-08
    76   6.641000993568014e-08
    77   6.344885150610935e-08
    78   6.097847915498278e-08
    79   5.556063342737616e-08
    80   5.346314324583545e-08
[TRUERES]     80  5.346314324583545e-08  5.346317522025856e-08
    81   5.015217752202261e-08
    82   4.546653542547574e-08
    83   4.344114401533261e-08
    84   3.927268465986344e-08
    85   3.518465874208232e-08
    86   3.283824412392278e-08
    87   2.871342985599767e-08
    88   2.571954915708830e-08
    89   2.344788896380123e-08
    90   2.015568156821246e-08
[TRUERES]     90  2.015568156821246e-08  2.015583433490065e-08
    91   1.800931137552197e-08
    92   1.600515631139388e-08
    93   1.355261591839962e-08
    94   1.207904887223776e-08
    95   1.045093078744230e-08
    96   8.857440114695692e-09
    97   7.904835008787359e-09
    98   6.782432393492854e-09
    99   5.867994090635875e-09
   100   5.303069539053240e-09
[TRUERES]    100  5.303069539053240e-09  5.303185446337011e-09
   101   4.592819013993221e-09
   102   4.102515660520112e-09
   103   3.752414823310346e-09
   104   3.304030826711823e-09
   105   3.069299259195191e-09
   106   2.854775082994365e-09
   107   2.594088055474231e-09
   108   2.478578231546180e-09
   109   2.310452051901279e-09
   110   2.142181099173968e-09
[TRUERES]    110  2.142181099173968e-09  2.142463317866827e-09
   111   2.076696370423292e-09
   112   1.934126414582238e-09
   113   1.829452145329924e-09
   114   1.778384550732426e-09
   115   1.657833315071855e-09
   116   1.595883980520796e-09
   117   1.545695238469591e-09
   118   1.446987307751613e-09
   119   1.406112892787803e-09
   120   1.337449373473021e-09
[TRUERES]    120  1.337449373473021e-09  1.337596255979179e-09
   121   1.234573998587507e-09
   122   1.176753694487331e-09
   123   1.076575939507052e-09
   124   9.686780266804362e-10
   125   8.897991787826243e-10
   126   7.754072384180688e-10
   127   6.810533248469142e-10
   128   6.039421740489104e-10
   129   5.118199197795548e-10
   130   4.463407698995780e-10
[TRUERES]    130  4.463407698995780e-10  4.464845992924182e-10
   131   3.895369027340223e-10
   132   3.310801632849802e-10
   133   2.936510201667630e-10
   134   2.565022083622637e-10
   135   2.212276334345731e-10
   136   1.979350849889983e-10
   137   1.718215569823656e-10
   138   1.497799106964237e-10
   139   1.340940136707047e-10
   140   1.156892776021934e-10
[TRUERES]    140  1.156892776021934e-10  1.159064372258101e-10
   141   1.015411921212461e-10
   142   9.038235437852649e-11
   143   7.817085867500850e-11
   144   7.002054491778154e-11
   145   6.287499687562814e-11
   146   5.548513384856513e-11
   147   5.096624511313763e-11
   148   4.603110254075560e-11
   149   4.138504816619815e-11
   150   3.868230735726286e-11
[TRUERES]    150  3.868230735726286e-11  3.891354946605752e-11
   151   3.546078708449585e-11
   152   3.298669670748211e-11
   153   3.146547258858767e-11
   154   2.917597760609958e-11
   155   2.764751101669294e-11
   156   2.634262426248757e-11
   157   2.435791152111122e-11
   158   2.308191485167477e-11
   159   2.161736761818744e-11
   160   1.981829284014580e-11
[TRUERES]    160  1.981829284014580e-11  2.004799104504684e-11
   161   1.869635002371695e-11
   162   1.717571571080434e-11
   163   1.562575589753035e-11
   164   1.455633183433669e-11
   165   1.311572985635001e-11
   166   1.187657350937288e-11
   167   1.084366190590158e-11
   168   9.527929660524403e-12
   169   8.483522911939545e-12
   170   7.491862165365237e-12
[TRUERES]    170  7.491862165365237e-12  7.734602021358672e-12
   171   6.409184381134247e-12
   172   5.591343794214554e-12
   173   4.799434287494631e-12
   174   4.063963141703875e-12
   175   3.542095870084916e-12
   176   3.020889528110304e-12
   177   2.581425307887630e-12
   178   2.255119702088138e-12
   179   1.926399578050519e-12
   180   1.679317600776498e-12
[TRUERES]    180  1.679317600776498e-12  1.934042336004804e-12
   181   1.490146005721227e-12
   182   1.300301988478580e-12
   183   1.174093808287147e-12
   184   1.072348806974155e-12
   185   9.670894727392687e-13
   186   9.021064602786344e-13
   187   8.328599311949181e-13
   188   7.669493295656138e-13
   189   7.275621619930173e-13
   190   6.785559527461293e-13
[TRUERES]    190  6.785559527461293e-13  9.490004268530861e-13
   191   6.389674488301023e-13
   192   6.159335194655391e-13
   193   5.812233290145019e-13
   194   5.619701752557216e-13
   195   5.485021074488894e-13
   196   5.264003751122293e-13
   197   5.183035532881075e-13
   198   5.054153710132292e-13
   199   4.829511356801985e-13
   200   4.701103872503665e-13
[TRUERES]    200  4.701103872503665e-13  7.620049881883195e-13
   201   4.449560836970734e-13
   202   4.150203401429020e-13
   203   3.919732919320518e-13
   204   3.577667133901341e-13
   205   3.257981449726610e-13
   206   2.977406732621035e-13
   207   2.629329588256513e-13
   208   2.346050328831673e-13
   209   2.081714520815042e-13
   210   1.803327317117728e-13
[TRUERES]    210  1.803327317117728e-13  4.954008665965237e-13
   211   1.592490110049680e-13
   212   1.388593152138254e-13
   213   1.191329478643366e-13
   214   1.040928953276177e-13
   215   8.895286579806844e-14
   216   7.588301189666302e-14
   217   6.563362185555213e-14
   218   5.533280336201575e-14
   219   4.706883822047821e-14
   220   4.036028306811552e-14
[TRUERES]    220  4.036028306811552e-14  3.781531836798135e-13
   221   3.401514231957461e-14
   222   2.942518597488439e-14
   223   2.557006459325516e-14
   224   2.206081217497827e-14
   225   1.967518284255211e-14
   226   1.753593675975738e-14
   227   1.571389435131403e-14
   228   1.454532430915020e-14
   229   1.337205408116207e-14
   230   1.244763366274777e-14
[TRUERES]    230  1.244763366274777e-14  3.717925490046015e-13
   231   1.190884871049352e-14
   232   1.125552203388091e-14
   233   1.085869810952059e-14
   234   1.062376251017129e-14
   235   1.025213696895884e-14
   236   1.009754244465661e-14
   237   9.866771706308966e-15
   238   9.453779617051451e-15
   239   9.184313872574387e-15
   240   8.740766763810567e-15
[TRUERES]    240  8.740766763810567e-15  3.933106824168670e-13
   241   8.179469369884191e-15
   242   7.722096142322339e-15
   243   7.084037658100463e-15
   244   6.453630846007608e-15
   245   5.875948023233071e-15
   246   5.184785655416033e-15
   247   4.592251380460812e-15
   248   4.062566103158914e-15
   249   3.518777092010521e-15
   250   3.107516973371903e-15
[TRUERES]    250  3.107516973371903e-15  4.094471344005118e-13
   251   2.720902125366597e-15
   252   2.348396516921943e-15
   253   2.062468898873229e-15
   254   1.778425717373919e-15
   255   1.522338434782264e-15
   256   1.318998329035857e-15
   257   1.120169944283001e-15
   258   9.610063125050500e-16
   259   8.371714191054514e-16
   260   7.190889911484527e-16
[TRUERES]    260  7.190889911484527e-16  4.184315925432475e-13
   261   6.308038587868802e-16
   262   5.578447288146903e-16
   263   4.904728928603857e-16
   264   4.423306900422239e-16
   265   3.987613534084920e-16
   266   3.575579650848986e-16
   267   3.296062484024211e-16
   268   3.018814571404690e-16
   269   2.795404337610448e-16
   270   2.654318824146627e-16
[TRUERES]    270  2.654318824146627e-16  4.243445059313317e-13
   271   2.501249382665934e-16
   272   2.398809218024999e-16
   273   2.327337372029070e-16
   274   2.223621364011333e-16
   275   2.158438472950970e-16
   276   2.084363588829009e-16
   277   1.978386267539899e-16
   278   1.896232541985705e-16
   279   1.784184376744946e-16
   280   1.651522076545977e-16
[TRUERES]    280  1.651522076545977e-16  4.326499011483853e-13
   281   1.540807326452654e-16
   282   1.403771292221199e-16
   283   1.273849011257700e-16
   284   1.159051562358611e-16
   285   1.029683293882175e-16
   286   9.222787220769421e-17
   287   8.271220481656589e-17
   288   7.258853320543150e-17
   289   6.429332117728842e-17
   290   5.626770385438863e-17
[TRUERES]    290  5.626770385438863e-17  4.346945438153671e-13
   291   4.843720189437784e-17
   292   4.229900889725459e-17
   293   3.644576969498851e-17
   294   3.129534946326179e-17
   295   2.734121603138273e-17
   296   2.354217069255123e-17
   297   2.039654509807743e-17
   298   1.783859493287560e-17
   299   1.536347697985360e-17
   300   1.341318775470364e-17
[TRUERES]    300  1.341318775470364e-17  4.444421447622610e-13
   301   1.180901157736117e-17
   302   1.030930169393926e-17
   303   9.201431402586772e-18
   304   8.210758541962638e-18
   305   7.288191597073058e-18
   306   6.618379200926100e-18
   307   5.996400178061246e-18
   308   5.491098702909753e-18
   309   5.152862896075595e-18
   310   4.793348695164122e-18
[TRUERES]    310  4.793348695164122e-18  4.446350514338004e-13
   311   4.521967693388031e-18
   312   4.322534034111190e-18
   313   4.074629658890273e-18
   314   3.891326848738828e-18
   315   3.706768378417528e-18
   316   3.480226769696405e-18
   317   3.312135811009811e-18
   318   3.114492377373687e-18
   319   2.890138040987308e-18
   320   2.693160074153984e-18
[TRUERES]    320  2.693160074153984e-18  4.456132999489798e-13
   321   2.444907042304875e-18
   322   2.195289162445054e-18
   323   1.974016487430741e-18
   324   1.725603085940374e-18
   325   1.511894667435129e-18
   326   1.323315789144091e-18
   327   1.136407298702528e-18
   328   9.824603013099774e-19
   329   8.445863020987333e-19
   330   7.149112137215383e-19
[TRUERES]    330  7.149112137215383e-19  4.472361337607561e-13
   331   6.148659416811458e-19
   332   5.244769693165443e-19
   333   4.473735515653100e-19
   334   3.870267192234746e-19
   335   3.308026843015742e-19
   336   2.841827074299031e-19
   337   2.471727081197200e-19
   338   2.121847905910140e-19
   339   1.843841420072046e-19
   340   1.613541542087183e-19
[TRUERES]    340  1.613541542087183e-19  4.476303767757261e-13
   341   1.396149042079385e-19
   342   1.224180519175083e-19
   343   1.065370630358910e-19
   344   9.193344135286023e-20
   345   8.066194228408883e-20
   346   7.049936283697572e-20
   347   6.194503575816737e-20
   348   5.553523904088810e-20
   349   4.950124081564933e-20
   350   4.484492805648896e-20
[TRUERES]    350  4.484492805648896e-20  4.478326889011119e-13
   351   4.136206146911457e-20
   352   3.797178094920929e-20
   353   3.563924471290912e-20
   354   3.380197317485228e-20
   355   3.187136593689619e-20
   356   3.060288769872039e-20
   357   2.924560063579451e-20
   358   2.780459707876459e-20
   359   2.672700046045820e-20
   360   2.536136404322436e-20
[TRUERES]    360  2.536136404322436e-20  4.482533322389820e-13
   361   2.399088894252452e-20
   362   2.286850178651810e-20
   363   2.142817354491014e-20
   364   2.017713072308331e-20
   365   1.898824600064586e-20
   366   1.750190422187750e-20
   367   1.624331014578686e-20
   368   1.496502852488260e-20
   369   1.357964801728546e-20
   370   1.240983126199578e-20
[TRUERES]    370  1.240983126199578e-20  4.483336174098546e-13
   371   1.118856936560156e-20
   372   9.989831985028072e-21
   373   9.004718036614236e-21
   374   7.951596755592757e-21
   375   6.988256882775959e-21
   376   6.142222368370404e-21
   377   5.294357797638933e-21
   378   4.597326057314811e-21
   379   3.995992813073253e-21
   380   3.442945429295911e-21
[TRUERES]    380  3.442945429295911e-21  4.483930045838525e-13
   381   3.019884955137302e-21
   382   2.655631650703993e-21
   383   2.337815167260160e-21
   384   2.109192422201055e-21
   385   1.905949137376661e-21
   386   1.736248470677754e-21
   387   1.611673273086581e-21
   388   1.487225101033811e-21
   389   1.387778341826421e-21
   390   1.310256513664697e-21
[TRUERES]    390  1.310256513664697e-21  4.483939532607534e-13
   391   1.229059325747562e-21
   392   1.170563560442320e-21
   393   1.121750715649867e-21
   394   1.065652279702930e-21
   395   1.029147078670667e-21
   396   9.896177004721491e-22
   397   9.469733693052903e-22
   398   9.176720713030548e-22
   399   8.763717066832029e-22
   400   8.322142771912578e-22
[TRUERES]    400  8.322142771912578e-22  4.483873938376098e-13
   401   7.907838073200296e-22
   402   7.378725713785769e-22
   403   6.891049125387753e-22
   404   6.420174138311241e-22
   405   5.879019596297462e-22
   406   5.390242389164481e-22
   407   4.859814840848770e-22
   408   4.282077852542888e-22
   409   3.773767187219188e-22
   410   3.255109191173884e-22
[TRUERES]    410  3.255109191173884e-22  4.483899688177695e-13
   411   2.777072356819924e-22
   412   2.384008842385985e-22
   413   2.023772670117551e-22
   414   1.722042209112652e-22
   415   1.473159496523554e-22
   416   1.243972558145035e-22
   417   1.059799537631365e-22
   418   9.049850170018898e-23
   419   7.640923136277549e-23
   420   6.532946537878016e-23
[TRUERES]    420  6.532946537878016e-23  4.483943598365681e-13
   421   5.584279452654780e-23
   422   4.741277445786640e-23
   423   4.082602571298613e-23
   424   3.504716835380444e-23
   425   3.022373830225936e-23
   426   2.654053726945159e-23
   427   2.328787127516448e-23
   428   2.072780148983427e-23
   429   1.882483863905686e-23
   430   1.712722101507392e-23
[TRUERES]    430  1.712722101507392e-23  4.483940616809706e-13
   431   1.587778998122686e-23
   432   1.486386548202449e-23
   433   1.389424656670294e-23
   434   1.320572876862604e-23
   435   1.253292350205934e-23
   436   1.181854763237020e-23
   437   1.124932059151991e-23
   438   1.060893435271417e-23
   439   9.969632797653105e-24
   440   9.423830981383360e-24
[TRUERES]    440  9.423830981383360e-24  4.483940074708620e-13
   441   8.764409528934632e-24
   442   8.144085600670469e-24
   443   7.548235293129882e-24
   444   6.883041745437653e-24
   445   6.317588220727494e-24
   446   5.786062420259534e-24
   447   5.237783975177848e-24
   448   4.773014739953310e-24
   449   4.297217623704236e-24
   450   3.819369863532039e-24
[TRUERES]    450  3.819369863532039e-24  4.483939532607534e-13
   451   3.405555915188895e-24
   452   2.981597018389383e-24
   453   2.596156227439549e-24
   454   2.271994546037736e-24
   455   1.958031850064300e-24
   456   1.688077731840880e-24
   457   1.448370808698737e-24
   458   1.224197049818461e-24
   459   1.044398590401517e-24
   460   8.901909759651691e-25
[TRUERES]    460  8.901909759651691e-25  4.483938719455904e-13
   461   7.538724588841311e-25
   462   6.468696893705295e-25
   463   5.525462318827386e-25
   464   4.716483981409041e-25
   465   4.065165412355904e-25
   466   3.466487284989133e-25
   467   2.975857710177254e-25
   468   2.586117528686352e-25
   469   2.238960058859281e-25
   470   1.969711231588936e-25
[TRUERES]    470  1.969711231588936e-25  4.483939532607534e-13
   471   1.755314491508453e-25
   472   1.566823327257846e-25
   473   1.432867596499365e-25
   474   1.320327960203436e-25
   475   1.218741287797953e-25
   476   1.144473115059305e-25
   477   1.071998368284872e-25
   478   1.007819480004968e-25
   479   9.598176637008190e-26
   480   9.082187649283784e-26
[TRUERES]    480  9.082187649283784e-26  4.483939532607534e-13
   481   8.649688495020542e-26
   482   8.305287847538185e-26
   483   7.895174470353336e-26
   484   7.545357799718572e-26
   485   7.181620815594568e-26
   486   6.749253549013917e-26
   487   6.373075365597963e-26
   488   5.953334187583924e-26
   489   5.498968178806505e-26
   490   5.071529752139531e-26
[TRUERES]    490  5.071529752139531e-26  4.483939532607534e-13
   491   4.570024990192081e-26
   492   4.040022011745940e-26
   493   3.547883124155243e-26
   494   3.053941257987809e-26
   495   2.628896839278906e-26
   496   2.263731123284957e-26
   497   1.928023045050796e-26
   498   1.649853279463170e-26
   499   1.410755856140899e-26
   500   1.194624993331050e-26
[TRUERES]    500  1.194624993331050e-26  4.483939532607534e-13
   501   1.020178958237518e-26
   502   8.654348783262772e-27
   503   7.284547288128884e-27
   504   6.187799518278351e-27
   505   5.223400883834131e-27
   506   4.432158373643890e-27
   507   3.805777007437152e-27
   508   3.263264112518644e-27
   509   2.829231918019670e-27
   510   2.479214758077695e-27
[TRUERES]    510  2.479214758077695e-27  4.483939532607534e-13
   511   2.168968051487317e-27
   512   1.934174465293169e-27
   513   1.739970815641954e-27
   514   1.570706514323096e-27
   515   1.445377008378085e-27
   516   1.333184077990746e-27
   517   1.236544572648289e-27
   518   1.162716840828623e-27
   519   1.087578224792311e-27
   520   1.020974752490539e-27
[TRUERES]    520  1.020974752490539e-27  4.483939532607534e-13
   521   9.652035768644764e-28
   522   9.044687019927444e-28
   523   8.528988462438652e-28
   524   8.028083454335183e-28
   525   7.441479378531344e-28
   526   6.924908374777744e-28
   527   6.382723465728766e-28
   528   5.812169127116478e-28
   529   5.317395316990967e-28
   530   4.806544325172197e-28
[TRUERES]    530  4.806544325172197e-28  4.483939532607534e-13
   531   4.319907087579235e-28
   532   3.908202006332548e-28
   533   3.492152267872566e-28
   534   3.107343279781733e-28
   535   2.752777891831341e-28
   536   2.397290946402561e-28
   537   2.080253266383527e-28
   538   1.791157339109527e-28
   539   1.517612333171483e-28
   540   1.292466067106511e-28
[TRUERES]    540  1.292466067106511e-28  4.483939532607534e-13
   541   1.094000912267351e-28
   542   9.214753254401021e-29
   543   7.854452684646410e-29
   544   6.685020198324082e-29
   545   5.717012900794815e-29
   546   4.979497588817721e-29
   547   4.343538067440934e-29
   548   3.862320998564586e-29
   549   3.487522392471570e-29
Error at ASolver_CG<Afield<float,ACCEL> >: not converged
  iter(final):      550   3.487522392471570e-29
converged:
  nconv = -1
    0    0       -1     1.7318e-14     2.4844e-13
ASolver_CGNR<Afield<float,ACCEL> >: solver starts
  mode_prev = D
  snorm =  2.560584449768066e+01
ASolver_CG solve_CG_init: m_x.nin() = 192, m_s.nin() = 192
  init:  9.766536355018616e-01
     0   4.807674512267113e-02
[TRUERES]      0  4.807674512267113e-02  4.807674884796143e-02
     1   1.231618411839008e-02
     2   1.054662372916937e-02
     3   3.932607360184193e-03
     4   1.870333799161017e-03
     5   1.617593225091696e-03
     6   7.966019329614937e-04
     7   5.007828585803509e-04
     8   4.293919773772359e-04
     9   2.419178781565279e-04
    10   1.898080226965249e-04
[TRUERES]     10  1.898080226965249e-04  1.898078771773726e-04
    11   1.567482104292139e-04
    12   9.755491919349879e-05
    13   8.397641795454547e-05
    14   6.758407835150138e-05
    15   4.722768790088594e-05
    16   4.433353024069220e-05
    17   3.498377918731421e-05
    18   2.678795317478944e-05
    19   2.507222052372526e-05
    20   1.863420220615808e-05
[TRUERES]     20  1.863420220615808e-05  1.863420220615808e-05
    21   1.496906588727143e-05
    22   1.349248123005964e-05
    23   9.890278306556866e-06
    24   8.346574759343639e-06
    25   7.291897418326698e-06
    26   5.482728283823235e-06
    27   4.959261332260212e-06
    28   4.287657247914467e-06
    29   3.453207455095253e-06
    30   3.305254722363316e-06
[TRUERES]     30  3.305254722363316e-06  3.305268137410167e-06
    31   2.857551635315758e-06
    32   2.458013113937341e-06
    33   2.407391775705037e-06
    34   2.060570295725483e-06
    35   1.857012875916553e-06
    36   1.814798338273249e-06
    37   1.572520886838902e-06
    38   1.518748035778117e-06
    39   1.491702278144658e-06
    40   1.338350784862996e-06
[TRUERES]     40  1.338350784862996e-06  1.338350216428807e-06
    41   1.345999407931231e-06
    42   1.284735276385618e-06
    43   1.155837367150525e-06
    44   1.155427639787376e-06
    45   1.062947717400675e-06
    46   9.794130164664239e-07
    47   9.777766081242589e-07
    48   8.802824709164270e-07
    49   8.329780598614889e-07
    50   8.112392606562935e-07
[TRUERES]     50  8.112392606562935e-07  8.112388627523615e-07
    51   7.135324722185032e-07
    52   6.749065164513013e-07
    53   6.265989895837265e-07
    54   5.380758238970884e-07
    55   4.995150106879009e-07
    56   4.381793701213610e-07
    57   3.730476691998774e-07
    58   3.439120348502911e-07
    59   2.935777843049436e-07
    60   2.544149140248919e-07
[TRUERES]     60  2.544149140248919e-07  2.544149424466013e-07
    61   2.330782962189915e-07
    62   1.968732732393619e-07
    63   1.738580834853565e-07
    64   1.567700849136600e-07
    65   1.311897932509964e-07
    66   1.175398196551214e-07
    67   1.033558234553311e-07
    68   8.686412655833919e-08
    69   7.903502563522125e-08
    70   6.890758186273160e-08
[TRUERES]     70  6.890758186273160e-08  6.890772397127876e-08
    71   5.935199354212273e-08
    72   5.488987042667759e-08
    73   4.798570785169431e-08
    74   4.275367615491632e-08
    75   3.980637330869286e-08
    76   3.491050293291664e-08
    77   3.223750155711969e-08
    78   3.035530582451429e-08
    79   2.727569992089229e-08
    80   2.613038674326162e-08
[TRUERES]     80  2.613038674326162e-08  2.613036720333639e-08
    81   2.475097993226427e-08
    82   2.270267351889288e-08
    83   2.222250650163460e-08
    84   2.091745621157770e-08
    85   1.954476047671960e-08
    86   1.921384296110773e-08
    87   1.783735115168383e-08
    88   1.689645579006083e-08
    89   1.642280800240314e-08
    90   1.500663238118705e-08
[TRUERES]     90  1.500663238118705e-08  1.500675317345213e-08
    91   1.420299522436608e-08
    92   1.331838461737789e-08
    93   1.183340980759340e-08
    94   1.100362378991804e-08
    95   9.921891752640022e-09
    96   8.691057651333267e-09
    97   7.939711110793723e-09
    98   6.928027040942197e-09
    99   6.032085053675473e-09
   100   5.454332097087899e-09
[TRUERES]    100  5.454332097087899e-09  5.454561247120182e-09
   101   4.687695565053218e-09
   102   4.128165809191842e-09
   103   3.699580641836064e-09
   104   3.160186112793895e-09
   105   2.810809585085394e-09
   106   2.486876926610648e-09
   107   2.131064880117606e-09
   108   1.917400460627050e-09
   109   1.691961792893437e-09
   110   1.485480183305299e-09
[TRUERES]    110  1.485480183305299e-09  1.485688350122416e-09
   111   1.373868685483615e-09
   112   1.233101842856854e-09
   113   1.125800230816765e-09
   114   1.066122412574089e-09
   115   9.733269745737516e-10
   116   9.217813179418499e-10
   117   8.898237702226197e-10
   118   8.354571479074480e-10
   119   8.199346201998026e-10
   120   7.967448367729446e-10
[TRUERES]    120  7.967448367729446e-10  7.968825599391494e-10
   121   7.553619396638567e-10
   122   7.446521177456589e-10
   123   7.122839540407711e-10
   124   6.745909386651761e-10
   125   6.587722589657119e-10
   126   6.161700594198294e-10
   127   5.806625735793602e-10
   128   5.550464532433352e-10
   129   5.078881759601472e-10
   130   4.752672144725523e-10
[TRUERES]    130  4.752672144725523e-10  4.754126536887782e-10
   131   4.425003974350972e-10
   132   3.954493954516636e-10
   133   3.630415135180698e-10
   134   3.236594880995369e-10
   135   2.817851785241743e-10
   136   2.531450327136753e-10
   137   2.193252385263023e-10
   138   1.899258111892621e-10
   139   1.682622235987807e-10
   140   1.428566293038003e-10
[TRUERES]    140  1.428566293038003e-10  1.430264240376289e-10
   141   1.225398810200673e-10
   142   1.061749022035485e-10
   143   8.870557760554121e-11
   144   7.623637138243211e-11
   145   6.567884430763726e-11
   146   5.548888432072019e-11
   147   4.878234274863225e-11
   148   4.243097193046275e-11
   149   3.679551108248802e-11
   150   3.322632100011269e-11
[TRUERES]    150  3.322632100011269e-11  3.343099061470234e-11
   151   2.929857051414686e-11
   152   2.624615628998850e-11
   153   2.431350260012621e-11
   154   2.211347945035858e-11
   155   2.076961866381843e-11
   156   1.979766177384601e-11
   157   1.843529842671110e-11
   158   1.774607544247075e-11
   159   1.697907613118499e-11
   160   1.594762343015699e-11
[TRUERES]    160  1.594762343015699e-11  1.616346292920845e-11
   161   1.543093951228425e-11
   162   1.459416788807122e-11
   163   1.363984359487036e-11
   164   1.297913252568117e-11
   165   1.190347473367659e-11
   166   1.098718598741000e-11
   167   1.029407722258346e-11
   168   9.338607144526723e-12
   169   8.601744316827364e-12
   170   7.852279590436773e-12
[TRUERES]    170  7.852279590436773e-12  8.065335725671030e-12
   171   6.910907610069295e-12
   172   6.192411600852710e-12
   173   5.435013550325607e-12
   174   4.674136078186564e-12
   175   4.120440967592121e-12
   176   3.531432091197217e-12
   177   3.012153243844851e-12
   178   2.618969711237762e-12
   179   2.216344295591366e-12
   180   1.900005543523098e-12
[TRUERES]    180  1.900005543523098e-12  2.120834107291469e-12
   181   1.652830975383546e-12
   182   1.406174872722876e-12
   183   1.233856116236720e-12
   184   1.088642739323353e-12
   185   9.473873508608621e-13
   186   8.505941177100462e-13
   187   7.547464714839636e-13
   188   6.655007491265796e-13
   189   6.040778771296273e-13
   190   5.381439109435060e-13
[TRUERES]    190  5.381439109435060e-13  7.890555071311811e-13
   191   4.820901165249192e-13
   192   4.429197893868198e-13
   193   4.007140485314670e-13
   194   3.709257022626450e-13
   195   3.487186938950365e-13
   196   3.225455113501502e-13
   197   3.072657959232034e-13
   198   2.927240427049588e-13
   199   2.758714751863872e-13
   200   2.681485675865014e-13
[TRUERES]    200  2.681485675865014e-13  5.579117354735652e-13
   201   2.568577132672917e-13
   202   2.453700762537758e-13
   203   2.394625567714997e-13
   204   2.275071678357193e-13
   205   2.167257936698877e-13
   206   2.068658693779243e-13
   207   1.904599660493625e-13
   208   1.757386147412457e-13
   209   1.604782116654963e-13
   210   1.422850823707550e-13
[TRUERES]    210  1.422850823707550e-13  4.675387681174481e-13
   211   1.279398679013277e-13
   212   1.135017169769277e-13
   213   9.854459235387678e-14
   214   8.710856336377124e-14
   215   7.522717122626296e-14
   216   6.480428173250008e-14
   217   5.660846547376683e-14
   218   4.820412664407851e-14
   219   4.135036632763392e-14
   220   3.575876641776117e-14
[TRUERES]    220  3.575876641776117e-14  3.866596712948089e-13
   221   3.025404837135419e-14
   222   2.610970420175319e-14
   223   2.265395716068846e-14
   224   1.936543136407069e-14
   225   1.696967659979304e-14
   226   1.479522105144685e-14
   227   1.290299518705990e-14
   228   1.161499604043206e-14
   229   1.041656469874573e-14
   230   9.459724094275281e-15
[TRUERES]    230  9.459724094275281e-15  3.743405325301596e-13
   231   8.841428159262268e-15
   232   8.166517389087725e-15
   233   7.719939596438630e-15
   234   7.424414036306341e-15
   235   7.024396374218393e-15
   236   6.796743564149591e-15
   237   6.567120131929002e-15
   238   6.228462383573103e-15
   239   6.000191239452805e-15
   240   5.667565212714304e-15
[TRUERES]    240  5.667565212714304e-15  3.869182806180010e-13
   241   5.294094833742727e-15
   242   5.021058421876513e-15
   243   4.640754181086488e-15
   244   4.268534022745058e-15
   245   3.951053368619938e-15
   246   3.572748125585433e-15
   247   3.255691411450413e-15
   248   2.963956959031798e-15
   249   2.633516700813686e-15
   250   2.373693791166403e-15
[TRUERES]    250  2.373693791166403e-15  4.158289381231417e-13
   251   2.120660274107836e-15
