Bridge++ 2.0.0

input filename : main.yaml

file = main.yaml

Lattice parameters:
  Lx = 16,  Ly = 16,  Lz = 16,  Lt = 16,
  Nx = 16,  Ny = 16,  Nz = 16,  Nt = 16,
  NPEx = 1,  NPEy  = 1,  NPEz  = 1,  NPEt  = 1,
  Lvol = 65536,  Nvol = 65536,  NPE = 1,
  Ndim = 4
  Nc   = 3
  Nd   = 4

ThreadManager: initialization
Warning at ThreadManager: Nthread(env) != Nthread(input)
  Number of threads(env)   = 2
  Number of threads(input) = 1
  reset Nthread = Nthread(input).
  Number of threads = 1
Main: input parameters
  lattice_size     = [16, 16, 16, 16]
  grid_size        = [1, 1, 1, 1]
  number of thread = 1
  number of color  = 3
  logfile          = stdout
  ildg_logfile     = stdout
  vlevel           = General

Alt_Accel code is being setup.
DeviceManager_CUDA: being initialized.
  process_id = 0
  number of devices = 1
  device_id = 0  is used on process = 0
------------------------------------------------
Alt_Accel: Factory entries
------------------------------------------------
AFopr<double, ACCEL> >(void):
AFopr<double, ACCEL>(Parameters&):
	Clover
	CloverTerm
	Clover_dd
	Domainwall
	Domainwall_5din
	Domainwall_5din_dd
	Domainwall_5din_eo
	Domainwall_eo
	Wilson
	Wilson_dd
AFopr<double, ACCEL>(Fopr*):
	Domainwall
AFopr<double, ACCEL>(Fopr*, Director*):
AFopr<float, ACCEL> >(void):
AFopr<float, ACCEL>(Parameters&):
	Clover
	CloverTerm
	Clover_dd
	Domainwall
	Domainwall_5din
	Domainwall_5din_dd
	Domainwall_5din_eo
	Domainwall_eo
	Wilson
	Wilson_dd
AFopr<float, ACCEL>(Fopr*):
	Domainwall
AFopr<float, ACCEL>(Fopr*, Director*):
AEigensolver<AField<float, ACCEL> >, Afopr>(Fopr*):
	IRArnoldi
	IRLanczos
------------------------------------------------
Timer: timestamp: 2026/06/06 11:07:29 +0900
file = test_alt_Spectrum_Domainwall_5din_Hadron2ptFunction.yaml

--------------------------------------------------------------------
test name: Spectrum_Domainwall_alt.hadron_2ptFunction
test file: test_alt_Spectrum_Domainwall_5din_Hadron2ptFunction.yaml
test mode: float_eo
file = test_alt_Spectrum_Domainwall_5din_Hadron2ptFunction.yaml
  vlevel       = General
  source_type  = Local
Smearing parameters (assumes APE-Stout):
   proj_type:  Stout_SU3
   smear_type: APE
   rho_uniform: 0.100000
   number_of_smearing: 0
  vlevel       = General

Configuration setup:
  gconf_status = Continue
  gconf_read   = Text
  readfile     = ./conf_real16.txt
  plaq = 0.596178

Gauge fixing:
  Gauge fixing type = None
Parameters: get_string: key 'filename_output' not found.
Elapsed time: calc_plqauette: total         0.16 sec, count    1, average         0.16 sec
plaquette (before smearing):       0.596178494528857
applying smearing
Smear_APE:
  rho =   0.1000
Director_Smear:
  Nsmear = 0
Parameters: get_string: key 'filename_output' not found.
Elapsed time: calc_plqauette: total         0.12 sec, count    1, average         0.12 sec
Elapsed time: smearig: total         0.12 sec, count    1, average         0.12 sec
plaquette (after smearing):        0.596178494528857
  gmset_type   = Dirac
Gamma matrix: dirac representation.
Fopr_Domainwall: construction
  Imp::Fopr_Wilson: construction
    Gauge group implementation: SU(3)
    Imp::Fopr_Wilson: input parameters
      gamma-matrix type = Dirac
      kappa  =   0.20833333
      boundary[0] =  1
      boundary[1] =  1
      boundary[2] =  1
      boundary[3] = -1
  Imp::Fopr_Wilson: construction finished.
  Fopr_Domainwall: input parameters
    mq   =   0.0500
    M0   =   1.6000
    Ns   =    8
    boundary[0] =  1
    boundary[1] =  1
    boundary[2] =  1
    boundary[3] = -1
    coefficients:
    b[ 0] =     1.5000000000  c[ 0] =     0.5000000000
    b[ 1] =     1.5000000000  c[ 1] =     0.5000000000
    b[ 2] =     1.5000000000  c[ 2] =     0.5000000000
    b[ 3] =     1.5000000000  c[ 3] =     0.5000000000
    b[ 4] =     1.5000000000  c[ 4] =     0.5000000000
    b[ 5] =     1.5000000000  c[ 5] =     0.5000000000
    b[ 6] =     1.5000000000  c[ 6] =     0.5000000000
    b[ 7] =     1.5000000000  c[ 7] =     0.5000000000
Fopr_Domainwall: construction finished.
Fopr_Domainwall: input parameters
  mq   =   0.0500
  M0   =   1.6000
  Ns   =    8
  boundary[0] =  1
  boundary[1] =  1
  boundary[2] =  1
  boundary[3] = -1
  coefficients:
  b[ 0] =     1.5000000000  c[ 0] =     0.5000000000
  b[ 1] =     1.5000000000  c[ 1] =     0.5000000000
  b[ 2] =     1.5000000000  c[ 2] =     0.5000000000
  b[ 3] =     1.5000000000  c[ 3] =     0.5000000000
  b[ 4] =     1.5000000000  c[ 4] =     0.5000000000
  b[ 5] =     1.5000000000  c[ 5] =     0.5000000000
  b[ 6] =     1.5000000000  c[ 6] =     0.5000000000
  b[ 7] =     1.5000000000  c[ 7] =     0.5000000000
Imp::Fopr_Wilson: construction
  Gauge group implementation: SU(3)
  Imp::Fopr_Wilson: input parameters
    gamma-matrix type = Dirac
    kappa  =   0.20833333
    boundary[0] =  1
    boundary[1] =  1
    boundary[2] =  1
    boundary[3] = -1
Imp::Fopr_Wilson: construction finished.
Source for spinor field - local:
  source_position[0] = 0
  source_position[1] = 0
  source_position[2] = 0
  source_position[3] = 0

Check of fermion operator (even-odd)
norm of source vector: 1.000000
AFopr_Domainwall_5din_eo<AField<float,ACCEL> >: construction
  do_comm[0] = 0
  do_comm[1] = 0
  do_comm[2] = 0
  do_comm[3] = 0
    extended_precision = true
    su3_reconstruction = false
  AFopr_Domainwall_5din_eo<AField<float,ACCEL> >: input parameters
    gamma matrix repr.:  Dirac
    code implementation: 5d
    mq   =   0.0500
    M0   =   1.6000
    Ns   =    8
    boundary[0] =  1
    boundary[1] =  1
    boundary[2] =  1
    boundary[3] = -1
    coefficients:
      b[ 0] =     1.5000000000  c[ 0] =     0.5000000000
      b[ 1] =     1.5000000000  c[ 1] =     0.5000000000
      b[ 2] =     1.5000000000  c[ 2] =     0.5000000000
      b[ 3] =     1.5000000000  c[ 3] =     0.5000000000
      b[ 4] =     1.5000000000  c[ 4] =     0.5000000000
      b[ 5] =     1.5000000000  c[ 5] =     0.5000000000
      b[ 6] =     1.5000000000  c[ 6] =     0.5000000000
      b[ 7] =     1.5000000000  c[ 7] =     0.5000000000
    alpha =   1.0000
convert required.
convert performed.

[D check]
norm2(abq) = 1.000000
norm2(y5)  = 113.087402
norm2(z5)  = 113.087394
norm2(axq) = 113.087387
diff2 = 0.000000
Elapsed time: afopr_Domainwall_5din_eo: Deo & dagger   : total         0.00 sec, count    2, average         0.00 sec
Elapsed time: afopr_Domainwall_5din_eo: Dee_inv & dag  : total         0.00 sec, count   18, average         0.00 sec
Elapsed time: afopr_Domainwall_5din_eo: clear          : total         0.00 sec, count    0, average         0.00 sec
Elapsed time: afopr_Domainwall_5din_eo: pack           : total         0.00 sec, count    0, average         0.00 sec
Elapsed time: afopr_Domainwall_5din_eo: bulk           : total         0.00 sec, count    2, average         0.00 sec
Elapsed time: afopr_Domainwall_5din_eo: boundary       : total         0.00 sec, count    0, average         0.00 sec
Elapsed time: afopr_Domainwall_5din_eo: comm           : total         0.00 sec, count    0, average         0.00 sec
Elapsed time: afopr_Domainwall_5din_eo: comm_recv_wait : total         0.00 sec, count    0, average         0.00 sec
Elapsed time: afopr_Domainwall_5din_eo: comm_send_wait : total         0.00 sec, count    0, average         0.00 sec
Elapsed time: afopr_Domainwall_5din_eo: comm_recv_start: total         0.00 sec, count    0, average         0.00 sec
Elapsed time: afopr_Domainwall_5din_eo: comm_send_start: total         0.00 sec, count    0, average         0.00 sec
Elapsed time: afopr_Domainwall_5din_eo: comm_test_all  : total         0.00 sec, count    0, average         0.00 sec

Fprop_alt_Standard_eo<Afield<float,ACCEL> >: being setup (without link smearing).
  AFopr_Domainwall_5din_eo<AField<float,ACCEL> >: construction
    do_comm[0] = 0
    do_comm[1] = 0
    do_comm[2] = 0
    do_comm[3] = 0
      extended_precision = true
      su3_reconstruction = false
    AFopr_Domainwall_5din_eo<AField<float,ACCEL> >: input parameters
      gamma matrix repr.:  Dirac
      code implementation: 5d
      mq   =   0.0500
      M0   =   1.6000
      Ns   =    8
      boundary[0] =  1
      boundary[1] =  1
      boundary[2] =  1
      boundary[3] = -1
      coefficients:
        b[ 0] =     1.5000000000  c[ 0] =     0.5000000000
        b[ 1] =     1.5000000000  c[ 1] =     0.5000000000
        b[ 2] =     1.5000000000  c[ 2] =     0.5000000000
        b[ 3] =     1.5000000000  c[ 3] =     0.5000000000
        b[ 4] =     1.5000000000  c[ 4] =     0.5000000000
        b[ 5] =     1.5000000000  c[ 5] =     0.5000000000
        b[ 6] =     1.5000000000  c[ 6] =     0.5000000000
        b[ 7] =     1.5000000000  c[ 7] =     0.5000000000
      alpha =   1.0000
  ASolver_CGNR<Afield<float,ACCEL> >:
  ASolver_CG<Afield<float,ACCEL> >:
    Precision: float
    Niter     = 550
    Stop_cond =   0.00000000e+00
    init_guess_mode: 0
    true_residual_interval = 10 (logging [TRUERES])
    refinement_iterations = 0
Fprop_alt_Standard_eo<Afield<float,ACCEL> >: setup finished.

Fprop_alt_Standard_eo<Afield<float,ACCEL> >: mult performance:
  mult mode = Dee_inv
  Number of mult =                400
  Elapsed time   =       0.287471 sec
  Flop(Fopr)     =           62914560
  Flop(total)    =        25165824000
  Performance    =      87.542 GFlops

Fprop_alt_Standard_eo<Afield<float,ACCEL> >: mult performance:
  mult mode = Doe
  Number of mult =                400
  Elapsed time   =       1.728966 sec
  Flop(Fopr)     =          390070272
  Flop(total)    =       156028108800
  Performance    =      90.244 GFlops

Fprop_alt_Standard_eo<Afield<float,ACCEL> >: mult performance:
  mult mode = D
  Number of mult =                400
  Elapsed time   =       4.347420 sec
  Flop(Fopr)     =          912261120
  Flop(total)    =       364904448000
  Performance    =      83.936 GFlops

Fprop_alt_Standard_eo<Afield<float,ACCEL> >: mult performance:
  mult mode = Ddag
  Number of mult =                400
  Elapsed time   =       4.358704 sec
  Flop(Fopr)     =          912261120
  Flop(total)    =       364904448000
  Performance    =      83.719 GFlops

Fprop_alt_Standard_eo<Afield<float,ACCEL> >: mult performance:
  mult mode = DdagD
  Number of mult =                400
  Elapsed time   =       8.696199 sec
  Flop(Fopr)     =         1824522240
  Flop(total)    =       729808896000
  Performance    =      83.923 GFlops

Solving quark propagator:
  color spin   Nconv      diff           diff2
ASolver_CGNR<Afield<float,ACCEL> >: solver starts
  mode_prev = D
  b2 size is reset.
  snorm =  2.588466072082520e+01
  init:  9.981092214584351e-01
     0   5.123300477862358e-02
[TRUERES]      0  5.123300477862358e-02  5.123300477862358e-02
     1   1.437178999185562e-02
     2   1.241257321089506e-02
     3   4.474023822695017e-03
     4   2.165598794817924e-03
     5   1.812963862903416e-03
     6   8.551662904210389e-04
     7   5.386075354181230e-04
     8   4.351814568508416e-04
     9   2.300846826983616e-04
    10   1.762323081493378e-04
[TRUERES]     10  1.762323081493378e-04  1.762323081493378e-04
    11   1.401651388732716e-04
    12   8.645870548207313e-05
    13   7.533480675192550e-05
    14   5.991020952933468e-05
    15   4.124319821130484e-05
    16   3.832983202300966e-05
    17   2.965572639368474e-05
    18   2.251819023513235e-05
    19   2.120208228006959e-05
    20   1.573538793309126e-05
[TRUERES]     20  1.573538793309126e-05  1.573538793309126e-05
    21   1.272749250347260e-05
    22   1.156393500423292e-05
    23   8.523072210664395e-06
    24   7.384780928987311e-06
    25   6.536938599310815e-06
    26   4.981344318366610e-06
    27   4.529224952420918e-06
    28   3.895246209140169e-06
    29   3.147257984892349e-06
    30   3.002621951964102e-06
[TRUERES]     30  3.002621951964102e-06  3.002621951964102e-06
    31   2.580300815679948e-06
    32   2.232600763818482e-06
    33   2.199384653067682e-06
    34   1.921541297633667e-06
    35   1.780884304025676e-06
    36   1.788824420145829e-06
    37   1.588407371855283e-06
    38   1.562512920827430e-06
    39   1.540842049507773e-06
    40   1.389114686389803e-06
[TRUERES]     40  1.389114686389803e-06  1.389114686389803e-06
    41   1.403740270689013e-06
    42   1.337207777396543e-06
    43   1.202386442855641e-06
    44   1.190621560454019e-06
    45   1.065027731783630e-06
    46   9.472370265939389e-07
    47   8.983311090560164e-07
    48   7.612767944920051e-07
    49   6.795844456064515e-07
    50   6.188572001519788e-07
[TRUERES]     50  6.188572001519788e-07  6.188572001519788e-07
    51   5.122145125824318e-07
    52   4.612349471244670e-07
    53   4.092376570952183e-07
    54   3.412636431221472e-07
    55   3.117502842542308e-07
    56   2.709224986574554e-07
    57   2.299091192980995e-07
    58   2.119580813086941e-07
    59   1.817922878899481e-07
    60   1.594972616203449e-07
[TRUERES]     60  1.594972616203449e-07  1.594972616203449e-07
    61   1.482760865201271e-07
    62   1.275495833397144e-07
    63   1.154400095515484e-07
    64   1.069639026241020e-07
    65   9.264522304874845e-08
    66   8.660566663820646e-08
    67   7.974328042337220e-08
    68   7.069725427300000e-08
    69   6.758867954204106e-08
    70   6.165958410520034e-08
[TRUERES]     70  6.165958410520034e-08  6.165958410520034e-08
    71   5.590687024437102e-08
    72   5.392908164481014e-08
    73   4.881364290554302e-08
    74   4.495045757835214e-08
    75   4.273827514111872e-08
    76   3.826999517286822e-08
    77   3.592058916979113e-08
    78   3.393922654026937e-08
    79   3.035379592120080e-08
    80   2.868127602084769e-08
[TRUERES]     80  2.868127602084769e-08  2.868127602084769e-08
    81   2.639137264281999e-08
    82   2.345692173832958e-08
    83   2.197878146148469e-08
    84   1.947565664295325e-08
    85   1.709512176262251e-08
    86   1.565160623329120e-08
    87   1.343713940116231e-08
    88   1.181897513191643e-08
    89   1.059654319846004e-08
    90   8.965080233735989e-09
[TRUERES]     90  8.965080233735989e-09  8.965080233735989e-09
    91   7.888982800352551e-09
    92   6.913096317617828e-09
    93   5.782301304435578e-09
    94   5.089539456548664e-09
    95   4.362567196380951e-09
    96   3.659449632209544e-09
    97   3.235684165048269e-09
    98   2.754048322728408e-09
    99   2.363235385161033e-09
   100   2.120927655724358e-09
[TRUERES]    100  2.120927655724358e-09  2.120927655724358e-09
   101   1.825307016645183e-09
   102   1.619599898639024e-09
   103   1.472629795884473e-09
   104   1.288609108307526e-09
   105   1.188547704700227e-09
   106   1.098269808430530e-09
   107   9.903818876111359e-10
   108   9.387584043452080e-10
   109   8.673532447822652e-10
   110   7.959412018365697e-10
[TRUERES]    110  7.959412018365697e-10  7.959412018365697e-10
   111   7.632716680916474e-10
   112   7.024699710811433e-10
   113   6.552467457510147e-10
   114   6.279113340390552e-10
   115   5.761714438889953e-10
   116   5.445989215147051e-10
   117   5.180327278253571e-10
   118   4.750563831201760e-10
   119   4.520336605029485e-10
   120   4.212016568860832e-10
[TRUERES]    120  4.212016568860832e-10  4.212016568860832e-10
   121   3.802517190010235e-10
   122   3.544546878231358e-10
   123   3.175021079382390e-10
   124   2.793481279628196e-10
   125   2.513669827841625e-10
   126   2.147717698131046e-10
   127   1.850047198770355e-10
   128   1.612796285410667e-10
   129   1.345495381777084e-10
   130   1.155314524603490e-10
[TRUERES]    130  1.155314524603490e-10  1.155314524603490e-10
   131   9.943065121253980e-11
   132   8.342485730006288e-11
   133   7.303851273787743e-11
   134   6.310632572059660e-11
   135   5.379403172911523e-11
   136   4.759646496377279e-11
   137   4.089199465151516e-11
   138   3.526196001857329e-11
   139   3.125021075245371e-11
   140   2.672801042991058e-11
[TRUERES]    140  2.672801042991058e-11  2.672801042991058e-11
   141   2.322907491358883e-11
   142   2.050237930817378e-11
   143   1.757366127619342e-11
   144   1.559438515819078e-11
   145   1.388602167279318e-11
   146   1.213702662677951e-11
   147   1.105478816126881e-11
   148   9.899085891273973e-12
   149   8.808802645643432e-12
   150   8.148657096307410e-12
[TRUERES]    150  8.148657096307410e-12  8.148657096307410e-12
   151   7.386996396518963e-12
   152   6.783039841612437e-12
   153   6.393280869987361e-12
   154   5.851937424222742e-12
   155   5.461917376714531e-12
   156   5.130857978069558e-12
   157   4.669761105580150e-12
   158   4.349851642077018e-12
   159   4.010710600438339e-12
   160   3.614540524526921e-12
[TRUERES]    160  3.614540524526921e-12  3.614540524526921e-12
   161   3.348365204894344e-12
   162   3.025498037864671e-12
   163   2.699827124016951e-12
   164   2.469696105608654e-12
   165   2.187275317463988e-12
   166   1.944700260200771e-12
   167   1.745252813795117e-12
   168   1.508214126505480e-12
   169   1.320150260809838e-12
   170   1.148665255794323e-12
[TRUERES]    170  1.148665255794323e-12  1.148665255794323e-12
   171   9.683299084448094e-13
   172   8.332079058821773e-13
   173   7.062106433496085e-13
   174   5.898966753438428e-13
   175   5.072123276939067e-13
   176   4.271870942922085e-13
   177   3.603179224171554e-13
   178   3.109084441722115e-13
   179   2.623306574137813e-13
   180   2.255931308729406e-13
[TRUERES]    180  2.255931308729406e-13  2.255931308729406e-13
   181   1.975916446520648e-13
   182   1.699924923048712e-13
   183   1.511549538963861e-13
   184   1.361889930256294e-13
   185   1.210105556341198e-13
   186   1.111955918509967e-13
   187   1.012307032362096e-13
   188   9.173858775499838e-14
   189   8.570480615347278e-14
   190   7.873218000947410e-14
[TRUERES]    190  7.873218000947410e-14  7.873218000947410e-14
   191   7.285341221355962e-14
   192   6.908393263916138e-14
   193   6.406859634836004e-14
   194   6.078249476003730e-14
   195   5.833977371290031e-14
   196   5.499845912894374e-14
   197   5.317083985557566e-14
   198   5.101428380747085e-14
   199   4.791007746237329e-14
   200   4.583114351355486e-14
[TRUERES]    200  4.583114351355486e-14  4.583114351355486e-14
   201   4.272102826661725e-14
   202   3.918017304907831e-14
   203   3.640163393154108e-14
   204   3.272151633307817e-14
   205   2.932373853285763e-14
   206   2.641501722759100e-14
   207   2.302123234068382e-14
   208   2.025226638951647e-14
   209   1.775876571719157e-14
   210   1.518781743436743e-14
[TRUERES]    210  1.518781743436743e-14  1.518781743436743e-14
   211   1.324211414485557e-14
   212   1.141594668595909e-14
   213   9.677287047876390e-15
   214   8.359662923918335e-15
   215   7.067886010345744e-15
   216   5.959866965449343e-15
   217   5.099033310385429e-15
   218   4.251974528626237e-15
   219   3.573332154802565e-15
   220   3.030287473856572e-15
[TRUERES]    220  3.030287473856572e-15  3.030287473856572e-15
   221   2.524159876883710e-15
   222   2.155727438124164e-15
   223   1.851400570395192e-15
   224   1.576472522199523e-15
   225   1.386355765430058e-15
   226   1.218932080108721e-15
   227   1.076104643388872e-15
   228   9.813481263707172e-16
   229   8.889426551767854e-16
   230   8.143033824141574e-16
[TRUERES]    230  8.143033824141574e-16  8.143033824141574e-16
   231   7.670384675013346e-16
   232   7.129080329136605e-16
   233   6.766051007668476e-16
   234   6.515324490720875e-16
   235   6.188730820874482e-16
   236   6.001882234852880e-16
   237   5.777590557397901e-16
   238   5.457477218993596e-16
   239   5.232975371488580e-16
   240   4.914864207213347e-16
[TRUERES]    240  4.914864207213347e-16  4.914864207213347e-16
   241   4.544045888399623e-16
   242   4.234503521177051e-16
   243   3.833216897854998e-16
   244   3.451436384517028e-16
   245   3.106736591329686e-16
   246   2.711392433528214e-16
   247   2.377449164677614e-16
   248   2.079819654113684e-16
   249   1.782001943416786e-16
   250   1.557771940548279e-16
[TRUERES]    250  1.557771940548279e-16  1.557771940548279e-16
   251   1.349867835993609e-16
   252   1.154472555185313e-16
   253   1.005434858184653e-16
   254   8.588525641142951e-17
   255   7.289621792352162e-17
   256   6.258696007015483e-17
   257   5.260061036687159e-17
   258   4.467176655819560e-17
   259   3.852797189396414e-17
   260   3.276801881245934e-17
[TRUERES]    260  3.276801881245934e-17  3.276801881245934e-17
   261   2.848872895359181e-17
   262   2.494194723180939e-17
   263   2.169973010284654e-17
   264   1.936448342832359e-17
   265   1.726845242386730e-17
   266   1.532197732852181e-17
   267   1.398236328957586e-17
   268   1.266317482149568e-17
   269   1.159656595345857e-17
   270   1.087196731739069e-17
[TRUERES]    270  1.087196731739069e-17  1.087196731739069e-17
   271   1.010333620295539e-17
   272   9.565964935455216e-18
   273   9.156548582549645e-18
   274   8.636795434916237e-18
   275   8.280199527205852e-18
   276   7.889675152310380e-18
   277   7.391850562715753e-18
   278   6.993727706713369e-18
   279   6.492071616521397e-18
   280   5.942824516966799e-18
[TRUERES]    280  5.942824516966799e-18  5.942824516966799e-18
   281   5.480180746004665e-18
   282   4.932730696330839e-18
   283   4.427603756288595e-18
   284   3.978741227921901e-18
   285   3.490009421210764e-18
   286   3.092177525988844e-18
   287   2.739419529525552e-18
   288   2.381106808453813e-18
   289   2.091499502265576e-18
   290   1.812916032100832e-18
[TRUERES]    290  1.812916032100832e-18  1.812916032100832e-18
   291   1.547709830199873e-18
   292   1.339834172386469e-18
   293   1.143197417555822e-18
   294   9.737037673454911e-19
   295   8.431356857982567e-19
   296   7.195237279134988e-19
   297   6.191542010729856e-19
   298   5.374466960322812e-19
   299   4.594699306505558e-19
   300   3.988513953268909e-19
[TRUERES]    300  3.988513953268909e-19  3.988513953268909e-19
   301   3.479273392341650e-19
   302   3.012937397317809e-19
   303   2.672828905275619e-19
   304   2.366941133668689e-19
   305   2.090712827653644e-19
   306   1.886470560680878e-19
   307   1.693189600047177e-19
   308   1.538192755360932e-19
   309   1.429706337813984e-19
   310   1.316856671782788e-19
[TRUERES]    310  1.316856671782788e-19  1.316856671782788e-19
   311   1.232335098298178e-19
   312   1.166266502562949e-19
   313   1.087727900599541e-19
   314   1.026977753085601e-19
   315   9.643979208307842e-20
   316   8.927279552553781e-20
   317   8.383085828608241e-20
   318   7.749194060754127e-20
   319   7.078475307300358e-20
   320   6.494949145227921e-20
[TRUERES]    320  6.494949145227921e-20  6.494949145227921e-20
   321   5.804162860866645e-20
   322   5.140590172423510e-20
   323   4.554519460615192e-20
   324   3.922232617019888e-20
   325   3.394670716382918e-20
   326   2.932652862650546e-20
   327   2.488639758173127e-20
   328   2.128566583500373e-20
   329   1.807786265069736e-20
   330   1.515501834065410e-20
[TRUERES]    330  1.515501834065410e-20  1.515501834065410e-20
   331   1.290970765371280e-20
   332   1.089529587215387e-20
   333   9.205389306721473e-21
   334   7.882922993292383e-21
   335   6.663338076343142e-21
   336   5.679664019962388e-21
   337   4.893171969376447e-21
   338   4.163009383697589e-21
   339   3.587380938549829e-21
   340   3.104124697524339e-21
[TRUERES]    340  3.104124697524339e-21  3.104124697524339e-21
   341   2.660831619842818e-21
   342   2.315405762022719e-21
   343   1.997262324132664e-21
   344   1.709899254265924e-21
   345   1.485703924773056e-21
   346   1.283620631510796e-21
   347   1.119090853382305e-21
   348   9.945735140053648e-22
   349   8.787394506021185e-22
   350   7.898275816851569e-22
[TRUERES]    350  7.898275816851569e-22  7.898275816851569e-22
   351   7.212834197651797e-22
   352   6.549831064257877e-22
   353   6.085092783935260e-22
   354   5.695367728852217e-22
   355   5.311125067733842e-22
   356   5.039675632110140e-22
   357   4.743287589590888e-22
   358   4.448613584046500e-22
   359   4.215104192778349e-22
   360   3.939006157612360e-22
[TRUERES]    360  3.939006157612360e-22  3.939006157612360e-22
   361   3.676608806212761e-22
   362   3.445014895440231e-22
   363   3.171647202530521e-22
   364   2.938649750435423e-22
   365   2.718234440451982e-22
   366   2.466311142389800e-22
   367   2.254938576517344e-22
   368   2.042610920969718e-22
   369   1.825223574684878e-22
   370   1.641990623934742e-22
[TRUERES]    370  1.641990623934742e-22  1.641990623934742e-22
   371   1.454517892917840e-22
   372   1.279884157123337e-22
   373   1.137569358418142e-22
   374   9.905800855329698e-23
   375   8.597834133504707e-23
   376   7.447848483091620e-23
   377   6.332313335042621e-23
   378   5.436455754258501e-23
   379   4.666795407926206e-23
   380   3.973683915026024e-23
[TRUERES]    380  3.973683915026024e-23  3.973683915026024e-23
   381   3.444202684252216e-23
   382   2.988544003622076e-23
   383   2.597808575491625e-23
   384   2.316196434152578e-23
   385   2.066434867406191e-23
   386   1.861961331912000e-23
   387   1.707858931798886e-23
   388   1.554097477369008e-23
   389   1.432266588027580e-23
   390   1.334185618415279e-23
[TRUERES]    390  1.334185618415279e-23  1.334185618415279e-23
   391   1.235698700981151e-23
   392   1.162213783304917e-23
   393   1.096928995852365e-23
   394   1.027636558343019e-23
   395   9.793377605599574e-24
   396   9.266087199331745e-24
   397   8.740871497244648e-24
   398   8.345432880397269e-24
   399   7.852749013180581e-24
   400   7.356871048158653e-24
[TRUERES]    400  7.356871048158653e-24  7.356871048158653e-24
   401   6.890095739652139e-24
   402   6.326389936277498e-24
   403   5.823002015437866e-24
   404   5.337873857971384e-24
   405   4.813645020876718e-24
   406   4.357963463280327e-24
   407   3.876549262955626e-24
   408   3.377170727666780e-24
   409   2.941532153519792e-24
   410   2.505025635161834e-24
[TRUERES]    410  2.505025635161834e-24  2.505025635161834e-24
   411   2.114371854135073e-24
   412   1.793795348332264e-24
   413   1.502835244709393e-24
   414   1.264889059107703e-24
   415   1.070910824919411e-24
   416   8.952621682943824e-25
   417   7.557092721981317e-25
   418   6.385623430890667e-25
   419   5.337316527741846e-25
   420   4.516922386948821e-25
[TRUERES]    420  4.516922386948821e-25  4.516922386948821e-25
   421   3.810936250201934e-25
   422   3.204972252818348e-25
   423   2.734649929859121e-25
   424   2.323459880798162e-25
   425   1.987002692852832e-25
   426   1.726809372476841e-25
   427   1.497147064544684e-25
   428   1.320301829185951e-25
   429   1.183872896230085e-25
   430   1.063176314914655e-25
[TRUERES]    430  1.063176314914655e-25  1.063176314914655e-25
   431   9.748650622083933e-26
   432   8.999387452817105e-26
   433   8.318088348320561e-26
   434   7.823324033029675e-26
   435   7.330545428548651e-26
   436   6.846794351051749e-26
   437   6.440846529225016e-26
   438   5.985124049469167e-26
   439   5.554707364736192e-26
   440   5.171532971167058e-26
[TRUERES]    440  5.171532971167058e-26  5.171532971167058e-26
   441   4.741172061365273e-26
   442   4.360499835979887e-26
   443   3.990718513318418e-26
   444   3.595764515911830e-26
   445   3.264295332448067e-26
   446   2.944000548596035e-26
   447   2.633664825523626e-26
   448   2.374556527855985e-26
   449   2.111814077420483e-26
   450   1.862386890322892e-26
[TRUERES]    450  1.862386890322892e-26  1.862386890322892e-26
   451   1.643765029722973e-26
   452   1.422005135908867e-26
   453   1.227872861221391e-26
   454   1.061368821958128e-26
   455   9.041993799493213e-27
   456   7.730367714631463e-27
   457   6.554324786738641e-27
   458   5.491460672771691e-27
   459   4.642948709755151e-27
   460   3.908049665273947e-27
[TRUERES]    460  3.908049665273947e-27  3.908049665273947e-27
   461   3.274251928037363e-27
   462   2.783433689128131e-27
   463   2.347894069261685e-27
   464   1.984220717863043e-27
   465   1.692722939281274e-27
   466   1.430186428534726e-27
   467   1.218045341456969e-27
   468   1.045292025450859e-27
   469   8.929155297388515e-28
   470   7.766245093193475e-28
[TRUERES]    470  7.766245093193475e-28  7.766245093193475e-28
   471   6.816325407478164e-28
   472   6.002276708961970e-28
   473   5.412524219181544e-28
   474   4.913545141022463e-28
   475   4.480630756263211e-28
   476   4.157961416345546e-28
   477   3.843270722704991e-28
   478   3.573464548642109e-28
   479   3.358634526324248e-28
   480   3.134678725706150e-28
[TRUERES]    480  3.134678725706150e-28  3.134678725706150e-28
   481   2.954432868140893e-28
   482   2.798297968290663e-28
   483   2.627310296709318e-28
   484   2.487787264853157e-28
   485   2.336582745660558e-28
   486   2.171637920020972e-28
   487   2.026266079664950e-28
   488   1.864932011559225e-28
   489   1.702798802897201e-28
   490   1.553353018855692e-28
[TRUERES]    490  1.553353018855692e-28  1.553353018855692e-28
   491   1.383866850407240e-28
   492   1.216659418194863e-28
   493   1.057336382062943e-28
   494   8.996843910843327e-29
   495   7.677926158915630e-29
   496   6.517368598518280e-29
   497   5.485272972823990e-29
   498   4.651183107491813e-29
   499   3.926233585622184e-29
   500   3.295170139275895e-29
[TRUERES]    500  3.295170139275895e-29  3.295170139275895e-29
   501   2.789024314681885e-29
   502   2.335341423626090e-29
   503   1.947589133097747e-29
   504   1.636354340186463e-29
   505   1.363573446953854e-29
   506   1.145162759757511e-29
   507   9.703025395868179e-30
   508   8.207614521057174e-30
   509   7.043270251369951e-30
   510   6.077567223694849e-30
[TRUERES]    510  6.077567223694849e-30  6.077567223694849e-30
   511   5.244560769188029e-30
   512   4.619572428110066e-30
   513   4.088927570917234e-30
   514   3.637405708675992e-30
   515   3.296253550101251e-30
   516   2.988848423745398e-30
   517   2.739946428715845e-30
   518   2.546250162299213e-30
   519   2.346797923224571e-30
   520   2.179762809080070e-30
[TRUERES]    520  2.179762809080070e-30  2.179762809080070e-30
   521   2.032223033645087e-30
   522   1.878087136229673e-30
   523   1.751938348714116e-30
   524   1.627641011820879e-30
   525   1.497206936139513e-30
   526   1.382132716001924e-30
   527   1.259886663770646e-30
   528   1.139035970353568e-30
   529   1.033476953807919e-30
   530   9.247320654528971e-31
[TRUERES]    530  9.247320654528971e-31  9.247320654528971e-31
   531   8.258838991363183e-31
   532   7.396920924159470e-31
   533   6.541486413597152e-31
   534   5.787481078787627e-31
   535   5.075606401907053e-31
   536   4.387884842551694e-31
   537   3.786385793829151e-31
   538   3.228546956284849e-31
   539   2.718998837265547e-31
   540   2.296870352325938e-31
[TRUERES]    540  2.296870352325938e-31  2.296870352325938e-31
   541   1.920462955260432e-31
   542   1.606072524254478e-31
   543   1.355488279259463e-31
   544   1.141184609457662e-31
   545   9.685644395337599e-32
   546   8.332008577625597e-32
   547   7.165935226277975e-32
   548   6.286812388656756e-32
   549   5.578565875089995e-32
Error at ASolver_CG<Afield<float,ACCEL> >: not converged
  iter(final):      550   5.578565875089995e-32
converged:
  nconv = -1
    0    0       -1     2.4209e-33     6.0023e-31
ASolver_CGNR<Afield<float,ACCEL> >: solver starts
  mode_prev = D
  snorm =  2.559611129760742e+01
  init:  9.777452945709229e-01
     0   4.811055585741997e-02
[TRUERES]      0  4.811055585741997e-02  4.811055585741997e-02
     1   1.230749022215605e-02
     2   1.052702218294144e-02
     3   3.913269378244877e-03
     4   1.864950754679739e-03
     5   1.611019833944738e-03
     6   7.920583593659103e-04
     7   4.979173536412418e-04
     8   4.261986468918622e-04
     9   2.397708449279889e-04
    10   1.879266346804798e-04
[TRUERES]     10  1.879266346804798e-04  1.879266346804798e-04
    11   1.549901062389836e-04
    12   9.629954001866281e-05
    13   8.288381650345400e-05
    14   6.654780008830130e-05
    15   4.638966129277833e-05
    16   4.345709385233931e-05
    17   3.419913991820067e-05
    18   2.609334114822559e-05
    19   2.436141949146986e-05
    20   1.803586565074511e-05
[TRUERES]     20  1.803586565074511e-05  1.803586565074511e-05
    21   1.443941255274694e-05
    22   1.297087146667764e-05
    23   9.479389518673997e-06
    24   7.988904144440312e-06
    25   6.973445124458522e-06
    26   5.242678525974043e-06
    27   4.736329174193088e-06
    28   4.094210908078821e-06
    29   3.295455371699063e-06
    30   3.151884357066592e-06
[TRUERES]     30  3.151884357066592e-06  3.151884357066592e-06
    31   2.724407750065438e-06
    32   2.344611630178406e-06
    33   2.294277464898187e-06
    34   1.961377165571321e-06
    35   1.762496822266257e-06
    36   1.717829263725434e-06
    37   1.483166556681681e-06
    38   1.425416257916368e-06
    39   1.390476199958357e-06
    40   1.237299443346274e-06
[TRUERES]     40  1.237299443346274e-06  1.237299443346274e-06
    41   1.232678414453403e-06
    42   1.162421540357172e-06
    43   1.033019998430973e-06
    44   1.019062096929702e-06
    45   9.228219255419390e-07
    46   8.361363370568142e-07
    47   8.198243790502602e-07
    48   7.243606319207174e-07
    49   6.726760375386220e-07
    50   6.422083629331610e-07
[TRUERES]     50  6.422083629331610e-07  6.422083629331610e-07
    51   5.536010121431900e-07
    52   5.134251068739104e-07
    53   4.672054387810931e-07
    54   3.934751759970823e-07
    55   3.585276715512009e-07
    56   3.092642941737722e-07
    57   2.587175060853042e-07
    58   2.346902192584821e-07
    59   1.974893422129753e-07
    60   1.687685795559446e-07
[TRUERES]     60  1.687685795559446e-07  1.687685795559446e-07
    61   1.526985471400621e-07
    62   1.274256220540337e-07
    63   1.112193217522872e-07
    64   9.924579558173718e-08
    65   8.217710956159863e-08
    66   7.286734415856699e-08
    67   6.350683889877473e-08
    68   5.292601201745128e-08
    69   4.775337103524180e-08
    70   4.131879549618134e-08
[TRUERES]     70  4.131879549618134e-08  4.131879549618134e-08
    71   3.534335490940066e-08
    72   3.245540014518156e-08
    73   2.819365541029129e-08
    74   2.494676820674613e-08
    75   2.307771929110913e-08
    76   2.010492750059711e-08
    77   1.841803687341326e-08
    78   1.721138254140442e-08
    79   1.533620519467149e-08
    80   1.455560383334387e-08
[TRUERES]     80  1.455560383334387e-08  1.455560383334387e-08
    81   1.365000734665500e-08
    82   1.237090518912964e-08
    83   1.196042020978894e-08
    84   1.110240521740025e-08
    85   1.021046092120059e-08
    86   9.874817408217496e-09
    87   9.009227142087184e-09
    88   8.376063398429778e-09
    89   7.989378936201774e-09
    90   7.159622672503474e-09
[TRUERES]     90  7.159622672503474e-09  7.159622672503474e-09
    91   6.641208472046856e-09
    92   6.103868077644847e-09
    93   5.313673057116830e-09
    94   4.840368994507571e-09
    95   4.285626076239168e-09
    96   3.682833593643409e-09
    97   3.305153040145115e-09
    98   2.838435708696352e-09
    99   2.431340684339034e-09
   100   2.165831292089138e-09
[TRUERES]    100  2.165831292089138e-09  2.165831292089138e-09
   101   1.835135488015283e-09
   102   1.592839193875761e-09
   103   1.410392025391616e-09
   104   1.190722853650072e-09
   105   1.046877140531421e-09
   106   9.170881276610032e-10
   107   7.780643906940554e-10
   108   6.934303686811916e-10
   109   6.064282964679535e-10
   110   5.275159753459491e-10
[TRUERES]    110  5.275159753459491e-10  5.275159753459491e-10
   111   4.835175593242980e-10
   112   4.302584122317654e-10
   113   3.892964839380397e-10
   114   3.653105318246475e-10
   115   3.303334827897686e-10
   116   3.092464895271263e-10
   117   2.950797939327288e-10
