Bridge++ 2.0.0

input filename : main.yaml

file = main.yaml

Lattice parameters:
  Lx = 16,  Ly = 16,  Lz = 16,  Lt = 16,
  Nx = 16,  Ny = 16,  Nz = 16,  Nt = 16,
  NPEx = 1,  NPEy  = 1,  NPEz  = 1,  NPEt  = 1,
  Lvol = 65536,  Nvol = 65536,  NPE = 1,
  Ndim = 4
  Nc   = 3
  Nd   = 4

ThreadManager: initialization
Warning at ThreadManager: Nthread(env) != Nthread(input)
  Number of threads(env)   = 2
  Number of threads(input) = 1
  reset Nthread = Nthread(input).
  Number of threads = 1
Main: input parameters
  lattice_size     = [16, 16, 16, 16]
  grid_size        = [1, 1, 1, 1]
  number of thread = 1
  number of color  = 3
  logfile          = stdout
  ildg_logfile     = stdout
  vlevel           = General

Alt_Accel code is being setup.
DeviceManager_CUDA: being initialized.
  process_id = 0
  number of devices = 1
  device_id = 0  is used on process = 0
------------------------------------------------
Alt_Accel: Factory entries
------------------------------------------------
AFopr<double, ACCEL> >(void):
AFopr<double, ACCEL>(Parameters&):
	Clover
	CloverTerm
	Clover_dd
	Domainwall
	Domainwall_5din
	Domainwall_5din_dd
	Domainwall_5din_eo
	Domainwall_eo
	Wilson
	Wilson_dd
AFopr<double, ACCEL>(Fopr*):
	Domainwall
AFopr<double, ACCEL>(Fopr*, Director*):
AFopr<float, ACCEL> >(void):
AFopr<float, ACCEL>(Parameters&):
	Clover
	CloverTerm
	Clover_dd
	Domainwall
	Domainwall_5din
	Domainwall_5din_dd
	Domainwall_5din_eo
	Domainwall_eo
	Wilson
	Wilson_dd
AFopr<float, ACCEL>(Fopr*):
	Domainwall
AFopr<float, ACCEL>(Fopr*, Director*):
AEigensolver<AField<float, ACCEL> >, Afopr>(Fopr*):
	IRArnoldi
	IRLanczos
------------------------------------------------
Timer: timestamp: 2026/06/06 11:31:48 +0900
file = test_alt_Spectrum_Domainwall_5din_Hadron2ptFunction.yaml

--------------------------------------------------------------------
test name: Spectrum_Domainwall_alt.hadron_2ptFunction
test file: test_alt_Spectrum_Domainwall_5din_Hadron2ptFunction.yaml
test mode: double_eo
file = test_alt_Spectrum_Domainwall_5din_Hadron2ptFunction.yaml
  vlevel       = General
  source_type  = Local
Smearing parameters (assumes APE-Stout):
   proj_type:  Stout_SU3
   smear_type: APE
   rho_uniform: 0.100000
   number_of_smearing: 0
  vlevel       = General

Configuration setup:
  gconf_status = Continue
  gconf_read   = Text
  readfile     = ./conf_real16.txt
  plaq = 0.596178

Gauge fixing:
  Gauge fixing type = None
Parameters: get_string: key 'filename_output' not found.
Elapsed time: calc_plqauette: total         0.12 sec, count    1, average         0.12 sec
plaquette (before smearing):       0.596178494528857
applying smearing
Smear_APE:
  rho =   0.1000
Director_Smear:
  Nsmear = 0
Parameters: get_string: key 'filename_output' not found.
Elapsed time: calc_plqauette: total         0.11 sec, count    1, average         0.11 sec
Elapsed time: smearig: total         0.12 sec, count    1, average         0.12 sec
plaquette (after smearing):        0.596178494528857
  gmset_type   = Dirac
Gamma matrix: dirac representation.
Fopr_Domainwall: construction
  Imp::Fopr_Wilson: construction
    Gauge group implementation: SU(3)
    Imp::Fopr_Wilson: input parameters
      gamma-matrix type = Dirac
      kappa  =   0.20833333
      boundary[0] =  1
      boundary[1] =  1
      boundary[2] =  1
      boundary[3] = -1
  Imp::Fopr_Wilson: construction finished.
  Fopr_Domainwall: input parameters
    mq   =   0.0250
    M0   =   1.6000
    Ns   =    8
    boundary[0] =  1
    boundary[1] =  1
    boundary[2] =  1
    boundary[3] = -1
    coefficients:
    b[ 0] =     1.5000000000  c[ 0] =     0.5000000000
    b[ 1] =     1.5000000000  c[ 1] =     0.5000000000
    b[ 2] =     1.5000000000  c[ 2] =     0.5000000000
    b[ 3] =     1.5000000000  c[ 3] =     0.5000000000
    b[ 4] =     1.5000000000  c[ 4] =     0.5000000000
    b[ 5] =     1.5000000000  c[ 5] =     0.5000000000
    b[ 6] =     1.5000000000  c[ 6] =     0.5000000000
    b[ 7] =     1.5000000000  c[ 7] =     0.5000000000
Fopr_Domainwall: construction finished.
Fopr_Domainwall: input parameters
  mq   =   0.0250
  M0   =   1.6000
  Ns   =    8
  boundary[0] =  1
  boundary[1] =  1
  boundary[2] =  1
  boundary[3] = -1
  coefficients:
  b[ 0] =     1.5000000000  c[ 0] =     0.5000000000
  b[ 1] =     1.5000000000  c[ 1] =     0.5000000000
  b[ 2] =     1.5000000000  c[ 2] =     0.5000000000
  b[ 3] =     1.5000000000  c[ 3] =     0.5000000000
  b[ 4] =     1.5000000000  c[ 4] =     0.5000000000
  b[ 5] =     1.5000000000  c[ 5] =     0.5000000000
  b[ 6] =     1.5000000000  c[ 6] =     0.5000000000
  b[ 7] =     1.5000000000  c[ 7] =     0.5000000000
Imp::Fopr_Wilson: construction
  Gauge group implementation: SU(3)
  Imp::Fopr_Wilson: input parameters
    gamma-matrix type = Dirac
    kappa  =   0.20833333
    boundary[0] =  1
    boundary[1] =  1
    boundary[2] =  1
    boundary[3] = -1
Imp::Fopr_Wilson: construction finished.
Source for spinor field - local:
  source_position[0] = 0
  source_position[1] = 0
  source_position[2] = 0
  source_position[3] = 0

Check of fermion operator (even-odd)
norm of source vector: 1.000000
AFopr_Domainwall_5din_eo<AField<double,ACCEL> >: construction
  do_comm[0] = 0
  do_comm[1] = 0
  do_comm[2] = 0
  do_comm[3] = 0
    extended_precision = true
    su3_reconstruction = false
  AFopr_Domainwall_5din_eo<AField<double,ACCEL> >: input parameters
    gamma matrix repr.:  Dirac
    code implementation: 5d
    mq   =   0.0250
    M0   =   1.6000
    Ns   =    8
    boundary[0] =  1
    boundary[1] =  1
    boundary[2] =  1
    boundary[3] = -1
    coefficients:
      b[ 0] =     1.5000000000  c[ 0] =     0.5000000000
      b[ 1] =     1.5000000000  c[ 1] =     0.5000000000
      b[ 2] =     1.5000000000  c[ 2] =     0.5000000000
      b[ 3] =     1.5000000000  c[ 3] =     0.5000000000
      b[ 4] =     1.5000000000  c[ 4] =     0.5000000000
      b[ 5] =     1.5000000000  c[ 5] =     0.5000000000
      b[ 6] =     1.5000000000  c[ 6] =     0.5000000000
      b[ 7] =     1.5000000000  c[ 7] =     0.5000000000
    alpha =   1.0000
convert required.
convert performed.

[D check]
norm2(abq) = 1.000000
norm2(y5)  = 113.089776
norm2(z5)  = 113.089776
norm2(axq) = 113.089776
diff2 = 0.000000

[Ddag check]
norm2(abq) = 1.000000
norm2(y5)  = 118.584943
norm2(z5)  = 118.584943
norm2(axq) = 118.584943
diff2 = 0.000000
Elapsed time: afopr_Domainwall_5din_eo: Deo & dagger   : total         0.01 sec, count    4, average         0.00 sec
Elapsed time: afopr_Domainwall_5din_eo: Dee_inv & dag  : total         0.01 sec, count   20, average         0.00 sec
Elapsed time: afopr_Domainwall_5din_eo: clear          : total         0.00 sec, count    0, average         0.00 sec
Elapsed time: afopr_Domainwall_5din_eo: pack           : total         0.00 sec, count    0, average         0.00 sec
Elapsed time: afopr_Domainwall_5din_eo: bulk           : total         0.01 sec, count    4, average         0.00 sec
Elapsed time: afopr_Domainwall_5din_eo: boundary       : total         0.00 sec, count    0, average         0.00 sec
Elapsed time: afopr_Domainwall_5din_eo: comm           : total         0.00 sec, count    0, average         0.00 sec
Elapsed time: afopr_Domainwall_5din_eo: comm_recv_wait : total         0.00 sec, count    0, average         0.00 sec
Elapsed time: afopr_Domainwall_5din_eo: comm_send_wait : total         0.00 sec, count    0, average         0.00 sec
Elapsed time: afopr_Domainwall_5din_eo: comm_recv_start: total         0.00 sec, count    0, average         0.00 sec
Elapsed time: afopr_Domainwall_5din_eo: comm_send_start: total         0.00 sec, count    0, average         0.00 sec
Elapsed time: afopr_Domainwall_5din_eo: comm_test_all  : total         0.00 sec, count    0, average         0.00 sec

Fprop_alt_Standard_eo<Afield<double,ACCEL> >: being setup (without link smearing).
  AFopr_Domainwall_5din_eo<AField<double,ACCEL> >: construction
    do_comm[0] = 0
    do_comm[1] = 0
    do_comm[2] = 0
    do_comm[3] = 0
      extended_precision = true
      su3_reconstruction = false
    AFopr_Domainwall_5din_eo<AField<double,ACCEL> >: input parameters
      gamma matrix repr.:  Dirac
      code implementation: 5d
      mq   =   0.0250
      M0   =   1.6000
      Ns   =    8
      boundary[0] =  1
      boundary[1] =  1
      boundary[2] =  1
      boundary[3] = -1
      coefficients:
        b[ 0] =     1.5000000000  c[ 0] =     0.5000000000
        b[ 1] =     1.5000000000  c[ 1] =     0.5000000000
        b[ 2] =     1.5000000000  c[ 2] =     0.5000000000
        b[ 3] =     1.5000000000  c[ 3] =     0.5000000000
        b[ 4] =     1.5000000000  c[ 4] =     0.5000000000
        b[ 5] =     1.5000000000  c[ 5] =     0.5000000000
        b[ 6] =     1.5000000000  c[ 6] =     0.5000000000
        b[ 7] =     1.5000000000  c[ 7] =     0.5000000000
      alpha =   1.0000
  ASolver_CGNR<Afield<double,ACCEL> >:
  ASolver_CG<Afield<double,ACCEL> >:
    Precision: double
    Niter     = 1200
    Stop_cond =   1.00000000e-90
    init_guess_mode: 0
    true_residual_interval = 10 (logging [TRUERES])
    refinement_iterations = 0
Fprop_alt_Standard_eo<Afield<double,ACCEL> >: setup finished.

Fprop_alt_Standard_eo<Afield<double,ACCEL> >: mult performance:
  mult mode = Dee_inv
  Number of mult =                400
  Elapsed time   =       0.168101 sec
  Flop(Fopr)     =           62914560
  Flop(total)    =        25165824000
  Performance    =     149.707 GFlops

Fprop_alt_Standard_eo<Afield<double,ACCEL> >: mult performance:
  mult mode = Doe
  Number of mult =                400
  Elapsed time   =       0.679738 sec
  Flop(Fopr)     =          390070272
  Flop(total)    =       156028108800
  Performance    =     229.542 GFlops

Fprop_alt_Standard_eo<Afield<double,ACCEL> >: mult performance:
  mult mode = D
  Number of mult =                400
  Elapsed time   =       1.878320 sec
  Flop(Fopr)     =          912261120
  Flop(total)    =       364904448000
  Performance    =     194.272 GFlops

Fprop_alt_Standard_eo<Afield<double,ACCEL> >: mult performance:
  mult mode = Ddag
  Number of mult =                400
  Elapsed time   =       1.874242 sec
  Flop(Fopr)     =          912261120
  Flop(total)    =       364904448000
  Performance    =     194.694 GFlops

Fprop_alt_Standard_eo<Afield<double,ACCEL> >: mult performance:
  mult mode = DdagD
  Number of mult =                400
  Elapsed time   =       3.750436 sec
  Flop(Fopr)     =         1824522240
  Flop(total)    =       729808896000
  Performance    =     194.593 GFlops

Solving quark propagator:
  color spin   Nconv      diff           diff2
ASolver_CGNR<Afield<double,ACCEL> >: solver starts
  mode_prev = D
  snorm =  2.589235934765402e+01
ASolver_CG solve_CG_init: m_x.nin() = 192, m_s.nin() = 192
  init:  9.963477382210185e-01
     0   5.118276481566918e-02
[TRUERES]      0  5.118276481566918e-02  5.118276481566919e-02
     1   1.437817906889713e-02
     2   1.243630710078446e-02
     3   4.497177805013508e-03
     4   2.172883891285698e-03
     5   1.820833844474516e-03
     6   8.597481604004523e-04
     7   5.415048093704643e-04
     8   4.382841265086742e-04
     9   2.320561744913424e-04
    10   1.781471942338211e-04
[TRUERES]     10  1.781471942338211e-04  1.781471942338211e-04
    11   1.417883598063764e-04
    12   8.754207812393451e-05
    13   7.627680412928105e-05
    14   6.073072761971190e-05
    15   4.191490712081696e-05
    16   3.901181597563676e-05
    17   3.023504652426469e-05
    18   2.302012592366051e-05
    19   2.169501866039400e-05
    20   1.612574782244181e-05
[TRUERES]     20  1.612574782244181e-05  1.612574782244182e-05
    21   1.307760433492393e-05
    22   1.191715254667631e-05
    23   8.809506347123362e-06
    24   7.644713502667204e-06
    25   6.773974635375144e-06
    26   5.158632018802681e-06
    27   4.697307913303422e-06
    28   4.037844824316530e-06
    29   3.261105576588980e-06
    30   3.111061355319642e-06
[TRUERES]     30  3.111061355319642e-06  3.111061355319617e-06
    31   2.670161733915626e-06
    32   2.305518649645690e-06
    33   2.272188053591642e-06
    34   1.987472171214429e-06
    35   1.845849066678491e-06
    36   1.860604190364392e-06
    37   1.659696540548896e-06
    38   1.642570419734071e-06
    39   1.634801327207381e-06
    40   1.490550876680919e-06
[TRUERES]     40  1.490550876680919e-06  1.490550876680916e-06
    41   1.526471199569429e-06
    42   1.480199599787986e-06
    43   1.354251375264453e-06
    44   1.365447192736916e-06
    45   1.246239513099584e-06
    46   1.130330046415001e-06
    47   1.093192399515889e-06
    48   9.447974173036321e-07
    49   8.593039804132003e-07
    50   7.961818394274766e-07
[TRUERES]     50  7.961818394274766e-07  7.961818394274829e-07
    51   6.698285392981628e-07
    52   6.124058472775396e-07
    53   5.511873734530331e-07
    54   4.660947964334364e-07
    55   4.311826855141519e-07
    56   3.785342719350524e-07
    57   3.249738015651536e-07
    58   3.026642508704210e-07
    59   2.619668875275575e-07
    60   2.321962834100453e-07
[TRUERES]     60  2.321962834100453e-07  2.321962834100480e-07
    61   2.177165618402124e-07
    62   1.889221901999253e-07
    63   1.723878983822188e-07
    64   1.610437814024591e-07
    65   1.406408640034858e-07
    66   1.327631164569699e-07
    67   1.233243156444895e-07
    68   1.103721881009843e-07
    69   1.066279412794648e-07
    70   9.837980038231785e-08
[TRUERES]     70  9.837980038231785e-08  9.837980038231749e-08
    71   9.024884733792758e-08
    72   8.825218789924688e-08
    73   8.097169569816222e-08
    74   7.565236768728259e-08
    75   7.301299267408210e-08
    76   6.641003392235462e-08
    77   6.344885928723606e-08
    78   6.097849647377184e-08
    79   5.556063391412362e-08
    80   5.346313745166188e-08
[TRUERES]     80  5.346313745166188e-08  5.346313745166096e-08
    81   5.015217098073908e-08
    82   4.546651546489319e-08
    83   4.344111779411491e-08
    84   3.927266300832919e-08
    85   3.518462719003656e-08
    86   3.283821644856313e-08
    87   2.871341035046074e-08
    88   2.571952337969168e-08
    89   2.344786465220144e-08
    90   2.015565912015743e-08
[TRUERES]     90  2.015565912015743e-08  2.015565912015747e-08
    91   1.800928562627047e-08
    92   1.600514057277864e-08
    93   1.355260470132700e-08
    94   1.207903385201380e-08
    95   1.045091809234119e-08
    96   8.857427459722950e-09
    97   7.904823164199862e-09
    98   6.782424267299552e-09
    99   5.867984811326494e-09
   100   5.303062277015093e-09
[TRUERES]    100  5.303062277015093e-09  5.303062277015433e-09
   101   4.592813604925145e-09
   102   4.102509536093559e-09
   103   3.752409796658138e-09
   104   3.304026390102818e-09
   105   3.069294206644517e-09
   106   2.854771217284310e-09
   107   2.594084338650905e-09
   108   2.478574218045342e-09
   109   2.310448551429888e-09
   110   2.142177626941733e-09
[TRUERES]    110  2.142177626941733e-09  2.142177626941888e-09
   111   2.076693222726502e-09
   112   1.934123660702370e-09
   113   1.829448887455539e-09
   114   1.778381735951056e-09
   115   1.657830971694177e-09
   116   1.595881031152644e-09
   117   1.545692575914189e-09
   118   1.446984573882098e-09
   119   1.406109852220533e-09
   120   1.337446725938738e-09
[TRUERES]    120  1.337446725938738e-09  1.337446725938689e-09
   121   1.234571439787184e-09
   122   1.176751244717938e-09
   123   1.076573974507085e-09
   124   9.686760410340752e-10
   125   8.897973396762184e-10
   126   7.754057229070355e-10
   127   6.810518418385229e-10
   128   6.039409164645403e-10
   129   5.118189446042488e-10
   130   4.463399580335703e-10
[TRUERES]    130  4.463399580335703e-10  4.463399580334314e-10
   131   3.895363074102934e-10
   132   3.310796012950705e-10
   133   2.936504147372801e-10
   134   2.565017640284110e-10
   135   2.212272157372149e-10
   136   1.979347302710949e-10
   137   1.718212852302311e-10
   138   1.497796055412954e-10
   139   1.340937686200948e-10
   140   1.156890954025349e-10
[TRUERES]    140  1.156890954025349e-10  1.156890954025077e-10
   141   1.015409696023974e-10
   142   9.038216538283382e-11
   143   7.817069806543518e-11
   144   7.002037809268743e-11
   145   6.287486219363843e-11
   146   5.548500161529458e-11
   147   5.096610861890646e-11
   148   4.603098854028448e-11
   149   4.138493560557665e-11
   150   3.868220543159194e-11
[TRUERES]    150  3.868220543159194e-11  3.868220543161071e-11
   151   3.546070490344308e-11
   152   3.298660897349713e-11
   153   3.146539222012210e-11
   154   2.917590489282224e-11
   155   2.764743263899331e-11
   156   2.634255760204322e-11
   157   2.435785247400795e-11
   158   2.308185740414640e-11
   159   2.161732320218780e-11
   160   1.981824785490100e-11
[TRUERES]    160  1.981824785490100e-11  1.981824785491605e-11
   161   1.869630458565204e-11
   162   1.717567900305476e-11
   163   1.562572205872723e-11
   164   1.455630214892551e-11
   165   1.311570620811427e-11
   166   1.187654724246519e-11
   167   1.084363960873761e-11
   168   9.527910985055862e-12
   169   8.483504858111407e-12
   170   7.491847877164503e-12
[TRUERES]    170  7.491847877164503e-12  7.491847877158550e-12
   171   6.409171575843368e-12
   172   5.591331686757542e-12
   173   4.799425543602204e-12
   174   4.063954643259057e-12
   175   3.542089294482638e-12
   176   3.020884761343713e-12
   177   2.581421124232613e-12
   178   2.255115584185802e-12
   179   1.926396206444123e-12
   180   1.679314346047865e-12
[TRUERES]    180  1.679314346047865e-12  1.679314346044077e-12
   181   1.490142660307386e-12
   182   1.300298655331596e-12
   183   1.174090572792923e-12
   184   1.072345755995997e-12
   185   9.670865448975270e-13
   186   9.021035894076753e-13
   187   8.328571661843697e-13
   188   7.669466271015284e-13
   189   7.275593082709868e-13
   190   6.785528672996433e-13
[TRUERES]    190  6.785528672996433e-13  6.785528672995638e-13
   191   6.389642631911718e-13
   192   6.159298116740032e-13
   193   5.812188729695378e-13
   194   5.619655088212683e-13
   195   5.484962862911844e-13
   196   5.263937976358806e-13
   197   5.182967619387918e-13
   198   5.054062575279164e-13
   199   4.829407523940045e-13
   200   4.700985285437516e-13
[TRUERES]    200  4.700985285437516e-13  4.700985285475193e-13
   201   4.449399610553709e-13
   202   4.150033712878231e-13
   203   3.919534084453082e-13
   204   3.577421880989960e-13
   205   3.257731631620788e-13
   206   2.977103884573169e-13
   207   2.628996134855488e-13
   208   2.345727280910759e-13
   209   2.081329396845884e-13
   210   1.802940330341818e-13
[TRUERES]    210  1.802940330341818e-13  1.802940330351676e-13
   211   1.592108955110963e-13
   212   1.388145325894686e-13
   213   1.190891270507402e-13
   214   1.040477091086072e-13
   215   8.890161781615110e-14
   216   7.583464681693212e-14
   217   6.558228432389608e-14
   218   5.527750027194079e-14
   219   4.701812440780135e-14
   220   4.030426189777938e-14
[TRUERES]    220  4.030426189777938e-14  4.030426189694039e-14
   221   3.395878999966622e-14
   222   2.937365665784630e-14
   223   2.551358577248652e-14
   224   2.200574964165057e-14
   225   1.962366137058748e-14
   226   1.747987601097871e-14
   227   1.566380289515650e-14
   228   1.449521890330866e-14
   229   1.331776966163244e-14
   230   1.240161796480779e-14
[TRUERES]    230  1.240161796480779e-14  1.240161796458669e-14
   231   1.185971639169072e-14
   232   1.120506251870393e-14
   233   1.082145130201917e-14
   234   1.058485625081797e-14
   235   1.021508461464647e-14
   236   1.006846776849542e-14
   237   9.826891156102385e-15
   238   9.417798217453632e-15
   239   9.155865938603227e-15
   240   8.703103208708972e-15
[TRUERES]    240  8.703103208708972e-15  8.703103208883004e-15
   241   8.154035083536371e-15
   242   7.695537384565290e-15
   243   7.049100708281712e-15
   244   6.428079410875170e-15
   245   5.846624957428613e-15
   246   5.154208669777687e-15
   247   4.569778457180107e-15
   248   4.037625753684718e-15
   249   3.497615735198661e-15
   250   3.091061515183750e-15
[TRUERES]    250  3.091061515183750e-15  3.091061515355607e-15
   251   2.702486419380361e-15
   252   2.333845405640140e-15
   253   2.049822525383044e-15
   254   1.764796449042164e-15
   255   1.511856222058980e-15
   256   1.309393804321471e-15
   257   1.110641672092787e-15
   258   9.540882976409089e-16
   259   8.306265606356521e-16
   260   7.132905947367336e-16
[TRUERES]    260  7.132905947367336e-16  7.132905948447079e-16
   261   6.267558875218821e-16
   262   5.536686366283618e-16
   263   4.870339723813517e-16
   264   4.396776942752841e-16
   265   3.959687019254451e-16
   266   3.554676530251713e-16
   267   3.280487383221167e-16
   268   3.003578544839249e-16
   269   2.787335737406714e-16
   270   2.646730081874576e-16
[TRUERES]    270  2.646730081874576e-16  2.646730081479928e-16
   271   2.492109466579833e-16
   272   2.394958753933638e-16
   273   2.322160985948911e-16
   274   2.218323906329151e-16
   275   2.156061160317367e-16
   276   2.078691653722640e-16
   277   1.972683284099052e-16
   278   1.890027054465880e-16
   279   1.774530617635949e-16
   280   1.643863372722882e-16
[TRUERES]    280  1.643863372722882e-16  1.643863372222773e-16
   281   1.532832674612962e-16
   282   1.394205200749012e-16
   283   1.266128317864581e-16
   284   1.150377748216670e-16
   285   1.021161169550738e-16
   286   9.157725549344995e-17
   287   8.196512814269562e-17
   288   7.189983045590041e-17
   289   6.370096172361233e-17
   290   5.560590365646409e-17
[TRUERES]    290  5.560590365646409e-17  5.560590366019995e-17
   291   4.787057026465765e-17
   292   4.179789011224482e-17
   293   3.593639416222049e-17
   294   3.088951359852648e-17
   295   2.696110616427537e-17
   296   2.317360156596724e-17
   297   2.011086054969013e-17
   298   1.756861275013848e-17
   299   1.512702029759283e-17
   300   1.324196780665425e-17
[TRUERES]    300  1.324196780665425e-17  1.324196781534803e-17
   301   1.163851984023253e-17
   302   1.016768130610215e-17
   303   9.096350100123037e-18
   304   8.107064543609528e-18
   305   7.211347005871695e-18
   306   6.555426988448108e-18
   307   5.930530039804547e-18
   308   5.447563919241945e-18
   309   5.116050824223699e-18
   310   4.758917458423915e-18
[TRUERES]    310  4.758917458423915e-18  4.758917456789396e-18
   311   4.501921819195217e-18
   312   4.301182378063172e-18
   313   4.052459123227725e-18
   314   3.874607026615624e-18
   315   3.681576338462988e-18
   316   3.458949987555477e-18
   317   3.296097594164402e-18
   318   3.089476971813448e-18
   319   2.867838708871263e-18
   320   2.670263887118717e-18
[TRUERES]    320  2.670263887118717e-18  2.670263881918318e-18
   321   2.418009894317797e-18
   322   2.173106543355015e-18
   323   1.950288848804915e-18
   324   1.701326478371392e-18
   325   1.492864436340071e-18
   326   1.304131025920725e-18
   327   1.119165842724933e-18
   328   9.684120452398574e-19
   329   8.304454619892952e-19
   330   7.037321281886926e-19
[TRUERES]    330  7.037321281886926e-19  7.037321270701049e-19
   331   6.058663199180962e-19
   332   5.159473001535014e-19
   333   4.406960705372333e-19
   334   3.811863307838054e-19
   335   3.253225656721909e-19
   336   2.802648573400872e-19
   337   2.435019094921186e-19
   338   2.089575753206157e-19
   339   1.818347344872619e-19
   340   1.588249678021760e-19
[TRUERES]    340  1.588249678021760e-19  1.588249675528466e-19
   341   1.375019003119746e-19
   342   1.207730563400435e-19
   343   1.049210607078419e-19
   344   9.064334302875586e-20
   345   7.954789828457861e-20
   346   6.941695614108894e-20
   347   6.121299614174509e-20
   348   5.491231126662845e-20
   349   4.894094158725878e-20
   350   4.446943273408093e-20
[TRUERES]    350  4.446943273408093e-20  4.446943319320497e-20
   351   4.100029767861484e-20
   352   3.766912822026606e-20
   353   3.544842165091681e-20
   354   3.357730376155592e-20
   355   3.170908653037260e-20
   356   3.048612585011201e-20
   357   2.905219063462563e-20
   358   2.765782657088551e-20
   359   2.660629469750540e-20
   360   2.521136298983819e-20
[TRUERES]    360  2.521136298983819e-20  2.521136298775681e-20
   361   2.390012950073521e-20
   362   2.274356084617449e-20
   363   2.128175197081989e-20
   364   2.006029831333212e-20
   365   1.884291244066645e-20
   366   1.736113767669883e-20
   367   1.612963723672951e-20
   368   1.481959079201839e-20
   369   1.344830011760544e-20
   370   1.228482047481366e-20
[TRUERES]    370  1.228482047481366e-20  1.228482012294416e-20
   371   1.104455988037855e-20
   372   9.877633512465827e-21
   373   8.903419064131137e-21
   374   7.849435785970669e-21
   375   6.903230168088268e-21
   376   6.050979371777597e-21
   377   5.210182478347825e-21
   378   4.534136733349385e-21
   379   3.935230555975173e-21
   380   3.392598741659271e-21
[TRUERES]    380  3.392598741659271e-21  3.392598621770030e-21
   381   2.980858761921778e-21
   382   2.618517321858175e-21
   383   2.309574134331934e-21
   384   2.087461888527369e-21
   385   1.885736063986911e-21
   386   1.722036450734877e-21
   387   1.598691962910745e-21
   388   1.473754252775175e-21
   389   1.378388155586123e-21
   390   1.301484863437480e-21
[TRUERES]    390  1.301484863437480e-21  1.301484939816871e-21
   391   1.221884897867152e-21
   392   1.165914107280757e-21
   393   1.115130364128604e-21
   394   1.060329247459111e-21
   395   1.025473904947833e-21
   396   9.842317835848876e-22
   397   9.434901484310747e-22
   398   9.145167084044860e-22
   399   8.715589600027757e-22
   400   8.281608037344534e-22
[TRUERES]    400  8.281608037344534e-22  8.281608174371736e-22
   401   7.859921581768013e-22
   402   7.322721495968894e-22
   403   6.849093398871930e-22
   404   6.368878847082509e-22
   405   5.827960466661736e-22
   406   5.343901842910477e-22
   407   4.802654325768288e-22
   408   4.229593002037357e-22
   409   3.724460064791690e-22
   410   3.204147324238897e-22
[TRUERES]    410  3.204147324238897e-22  3.204147233979330e-22
   411   2.738541247537341e-22
   412   2.350856549217484e-22
   413   1.993172611299316e-22
   414   1.698343373169347e-22
   415   1.452900708867641e-22
   416   1.227024920804095e-22
   417   1.047073439531234e-22
   418   8.930574020714662e-23
   419   7.541192613495711e-23
   420   6.451366301187086e-23
[TRUERES]    420  6.451366301187086e-23  6.451365576244575e-23
   421   5.504237385546587e-23
   422   4.678218832443494e-23
   423   4.029862357526774e-23
   424   3.454846619009470e-23
   425   2.983952385593144e-23
   426   2.620000403695730e-23
   427   2.298107700277533e-23
   428   2.051372000447450e-23
   429   1.862859759458471e-23
   430   1.694924101264591e-23
[TRUERES]    430  1.694924101264591e-23  1.694923596412145e-23
   431   1.574068458625009e-23
   432   1.472632005499260e-23
   433   1.378856490646748e-23
   434   1.312802234837758e-23
   435   1.244678604001942e-23
   436   1.175488004157795e-23
   437   1.118515968098757e-23
   438   1.052778688518950e-23
   439   9.903232038620233e-24
   440   9.350811144067073e-24
[TRUERES]    440  9.350811144067073e-24  9.350819055334775e-24
   441   8.684429249733530e-24
   442   8.080163765738588e-24
   443   7.476901603341017e-24
   444   6.815415334026871e-24
   445   6.262661818251274e-24
   446   5.723509313728814e-24
   447   5.183325887972009e-24
   448   4.723703056818247e-24
   449   4.240664171074121e-24
   450   3.770853588362616e-24
[TRUERES]    450  3.770853588362616e-24  3.770859557953611e-24
   451   3.357295885607428e-24
   452   2.934037957514937e-24
   453   2.559665551168975e-24
   454   2.236291544525701e-24
   455   1.923910738492259e-24
   456   1.659960849284325e-24
   457   1.420852874804286e-24
   458   1.201429631693794e-24
   459   1.027031401581491e-24
   460   8.743612762840295e-25
[TRUERES]    460  8.743612762840295e-25  8.743634635748095e-25
   461   7.410122982765853e-25
   462   6.363530586317598e-25
   463   5.423204018860011e-25
   464   4.630230334944628e-25
   465   3.990457541659026e-25
   466   3.403013765955461e-25
   467   2.926591807128879e-25
   468   2.539899987855055e-25
   469   2.198368685557455e-25
   470   1.940174208323957e-25
[TRUERES]    470  1.940174208323957e-25  1.940178961006536e-25
   471   1.728352551623058e-25
   472   1.545895248427674e-25
   473   1.417377678296415e-25
   474   1.306485702669206e-25
   475   1.208051191903297e-25
   476   1.135349343499605e-25
   477   1.061968669500914e-25
   478   1.000289795829357e-25
   479   9.528570846541324e-26
   480   9.016550635116700e-26
[TRUERES]    480  9.016550635116700e-26  9.016834943727765e-26
   481   8.615631274737541e-26
   482   8.264723964390454e-26
   483   7.853562383823692e-26
   484   7.517982503193648e-26
   485   7.139947675527348e-26
   486   6.708379784253230e-26
   487   6.333367063551711e-26
   488   5.899305295294850e-26
   489   5.446555926084533e-26
   490   5.018224645008251e-26
[TRUERES]    490  5.018224645008251e-26  5.018464156647918e-26
   491   4.509091247462134e-26
   492   3.986152024800596e-26
   493   3.491408656890349e-26
   494   2.999969245428400e-26
   495   2.584754988550010e-26
   496   2.220770115913148e-26
   497   1.890626208789410e-26
   498   1.619879701359696e-26
   499   1.382595130946026e-26
   500   1.171424211176316e-26
[TRUERES]    500  1.171424211176316e-26  1.171674387315025e-26
   501   1.000667465422573e-26
   502   8.471333514403908e-27
   503   7.135728698035232e-27
   504   6.060800390417428e-27
   505   5.110444100256531e-27
   506   4.344530602320630e-27
   507   3.731360683305521e-27
   508   3.200122577820377e-27
   509   2.781694468587418e-27
   510   2.435940094708957e-27
[TRUERES]    510  2.435940094708957e-27  2.438239727985711e-27
   511   2.133697251954124e-27
   512   1.908910614649271e-27
   513   1.716725418444427e-27
   514   1.551357825584865e-27
   515   1.429669744483953e-27
   516   1.318028805736922e-27
   517   1.225467848655254e-27
   518   1.153462929750167e-27
   519   1.077233027630008e-27
   520   1.013254927193909e-27
[TRUERES]    520  1.013254927193909e-27  1.015566146277926e-27
   521   9.573529821958203e-28
   522   8.964504341639907e-28
   523   8.466208398441753e-28
   524   7.954356859474884e-28
   525   7.372447776797712e-28
   526   6.857580988003232e-28
   527   6.304480112746337e-28
   528   5.741190464890368e-28
   529   5.249421968275901e-28
   530   4.734839115760337e-28
[TRUERES]    530  4.734839115760337e-28  4.759660230397385e-28
   531   4.259075592737453e-28
   532   3.851895251241214e-28
   533   3.438058364446264e-28
   534   3.062952381204390e-28
   535   2.705626687450271e-28
   536   2.352639341701148e-28
   537   2.040849155753970e-28
   538   1.752835306731167e-28
   539   1.485084824845384e-28
   540   1.264281582899176e-28
[TRUERES]    540  1.264281582899176e-28  1.289511909451801e-28
   541   1.067550073876663e-28
   542   9.012066516410022e-29
   543   7.684367150132527e-29
   544   6.538778704704212e-29
   545   5.609015713494989e-29
   546   4.888997240954733e-29
   547   4.266958480792600e-29
   548   3.805483169547266e-29
   549   3.436985552369885e-29
   550   3.116281492873674e-29
[TRUERES]    550  3.116281492873674e-29  3.374377759259472e-29
   551   2.877786140627734e-29
   552   2.665661227933310e-29
   553   2.479263460115497e-29
   554   2.335258029325003e-29
   555   2.195335527859396e-29
   556   2.078004038549310e-29
   557   1.992707041959722e-29
   558   1.905292616816253e-29
   559   1.834174549157085e-29
   560   1.768631926476722e-29
[TRUERES]    560  1.768631926476722e-29  2.030932028096943e-29
   561   1.687731442866423e-29
   562   1.616066112555614e-29
   563   1.535576793245473e-29
   564   1.436340996495096e-29
   565   1.342986168553953e-29
   566   1.237427701132811e-29
   567   1.126113261635356e-29
   568   1.022092400712841e-29
   569   9.080572090083796e-30
   570   7.994029867100937e-30
[TRUERES]    570  7.994029867100937e-30  1.085462422625679e-29
   571   7.013010635853931e-30
   572   6.059164535689984e-30
   573   5.252823671782973e-30
   574   4.549241189337504e-30
   575   3.905348789667833e-30
   576   3.369651486873503e-30
   577   2.886696915086109e-30
   578   2.451209129147229e-30
   579   2.097421107447647e-30
   580   1.786818499317918e-30
[TRUERES]    580  1.786818499317918e-30  4.894153063574257e-30
   581   1.522436161387963e-30
   582   1.303181021332686e-30
   583   1.104409579863899e-30
   584   9.372836626746026e-31
   585   8.007201460432880e-31
   586   6.823698271512454e-31
   587   5.892581969974807e-31
   588   5.126703157746217e-31
   589   4.461512633821213e-31
   590   3.936370919063864e-31
[TRUERES]    590  3.936370919063864e-31  3.563360068789210e-30
   591   3.468609337395147e-31
   592   3.055726788532140e-31
   593   2.723014612494823e-31
   594   2.424631978446237e-31
   595   2.168141192631919e-31
   596   1.961986892189121e-31
   597   1.768605721472327e-31
   598   1.605156846670113e-31
   599   1.466513627806564e-31
   600   1.333568832473666e-31
[TRUERES]    600  1.333568832473666e-31  3.373738812369011e-30
   601   1.225490559871608e-31
   602   1.127613507559615e-31
   603   1.034778452086597e-31
   604   9.583987232859350e-32
   605   8.828252091221207e-32
   606   8.091621607677833e-32
   607   7.441343814039236e-32
   608   6.764617604208987e-32
   609   6.131811316246245e-32
   610   5.547318594561455e-32
[TRUERES]    610  5.547318594561455e-32  3.422680049854208e-30
   611   4.948975999366955e-32
   612   4.414970427651594e-32
   613   3.907057272751892e-32
   614   3.401578157972622e-32
   615   2.964565891167904e-32
   616   2.559740775088544e-32
   617   2.188819755180855e-32
   618   1.871407682943613e-32
   619   1.580874551438539e-32
   620   1.327400537857111e-32
[TRUERES]    620  1.327400537857111e-32  3.433243424823393e-30
   621   1.118486679750894e-32
   622   9.316478875246896e-33
   623   7.764423600089180e-33
   624   6.499870526890318e-33
   625   5.417344307435594e-33
   626   4.568606845704521e-33
   627   3.859304309606319e-33
   628   3.238342017050922e-33
   629   2.739466400964095e-33
   630   2.306247636913721e-33
[TRUERES]    630  2.306247636913721e-33  3.457933777664739e-30
   631   1.935293856230661e-33
   632   1.637567906002633e-33
   633   1.378557779292261e-33
   634   1.162599500708434e-33
   635   9.893720593704717e-34
   636   8.385421533490422e-34
   637   7.200337722709762e-34
   638   6.237323422981881e-34
   639   5.402123087692423e-34
   640   4.744612819490104e-34
[TRUERES]    640  4.744612819490104e-34  3.487526105952536e-30
   641   4.187310704140295e-34
   642   3.696560475127843e-34
   643   3.307676419428260e-34
   644   2.966304345992770e-34
   645   2.686233559009999e-34
   646   2.476070571594419e-34
   647   2.286748127728884e-34
   648   2.129237693807726e-34
   649   1.996627088490350e-34
   650   1.856394609513372e-34
[TRUERES]    650  1.856394609513372e-34  3.500496535664212e-30
   651   1.734231875225555e-34
   652   1.619711425884841e-34
   653   1.499043873994808e-34
   654   1.392272852086418e-34
   655   1.282687336849020e-34
   656   1.175113107776220e-34
   657   1.081833598383972e-34
   658   9.849286273888727e-35
   659   8.898579021193548e-35
   660   8.014270260137412e-35
[TRUERES]    660  8.014270260137412e-35  3.514860486544681e-30
   661   7.095015997758549e-35
   662   6.244880299618688e-35
   663   5.475280525640569e-35
   664   4.731994302753634e-35
   665   4.093786532667847e-35
   666   3.520123575201847e-35
   667   2.998510112071908e-35
   668   2.563274362300732e-35
   669   2.179498805105611e-35
   670   1.841592348678276e-35
[TRUERES]    670  1.841592348678276e-35  3.514433075743076e-30
   671   1.560213940163680e-35
   672   1.305261614305198e-35
   673   1.088188432464146e-35
   674   9.093308470137156e-36
   675   7.542710772011348e-36
   676   6.297767697005720e-36
   677   5.300852159073001e-36
   678   4.467484020167306e-36
   679   3.815799472514163e-36
   680   3.266427165204048e-36
[TRUERES]    680  3.266427165204048e-36  3.517356960943355e-30
   681   2.784936229357786e-36
   682   2.398748534757453e-36
   683   2.072979196770268e-36
   684   1.808208253735573e-36
   685   1.608149636055119e-36
   686   1.439181276812899e-36
   687   1.305306995756175e-36
   688   1.203858873241950e-36
   689   1.113340891419282e-36
   690   1.044183891488248e-36
[TRUERES]    690  1.044183891488248e-36  3.519927638447950e-30
   691   9.886618389979752e-37
   692   9.361936945165663e-37
   693   8.964919076534344e-37
   694   8.614131828905589e-37
   695   8.280547206251989e-37
   696   8.030669904671494e-37
   697   7.733991466851784e-37
   698   7.420130801528613e-37
   699   7.108564603615355e-37
   700   6.699674603828872e-37
[TRUERES]    700  6.699674603828872e-37  3.521380856120325e-30
   701   6.264584566547225e-37
   702   5.808253107692324e-37
   703   5.284092707917603e-37
   704   4.788706923982083e-37
   705   4.301892625681664e-37
   706   3.820649607461425e-37
   707   3.396560937140827e-37
   708   2.978599138433771e-37
   709   2.585480882828877e-37
   710   2.241035453039908e-37
[TRUERES]    710  2.241035453039908e-37  3.522950789492643e-30
   711   1.913745680741328e-37
   712   1.621962884460571e-37
   713   1.368939332620912e-37
   714   1.139470568624774e-37
   715   9.489455119053992e-38
   716   7.928827374355958e-38
   717   6.593369337099066e-38
   718   5.511320629390474e-38
   719   4.579933524429321e-38
   720   3.771302346581027e-38
[TRUERES]    720  3.771302346581027e-38  3.523358524463504e-30
   721   3.126829793556837e-38
   722   2.578934694606206e-38
   723   2.127685813466429e-38
   724   1.768051738210384e-38
   725   1.464720076774567e-38
   726   1.218683374846272e-38
   727   1.023218906223236e-38
   728   8.574310011233175e-39
   729   7.260526290854171e-39
   730   6.176393481790343e-39
[TRUERES]    730  6.176393481790343e-39  3.523324305672930e-30
   731   5.239219635025577e-39
   732   4.501019189387354e-39
   733   3.894903478312013e-39
   734   3.371994455780533e-39
   735   2.955481389910757e-39
   736   2.593841677498409e-39
   737   2.290797210755763e-39
   738   2.052334541101742e-39
   739   1.836351052740544e-39
   740   1.652273467412077e-39
[TRUERES]    740  1.652273467412077e-39  3.523342979512577e-30
   741   1.498818372602653e-39
   742   1.360603902526055e-39
   743   1.253069729349978e-39
   744   1.168634007775727e-39
   745   1.096122933640203e-39
   746   1.041807422608827e-39
   747   9.890646009721304e-40
   748   9.375828666783338e-40
   749   8.916186811257841e-40
   750   8.374803030792407e-40
[TRUERES]    750  8.374803030792407e-40  3.523341233973086e-30
   751   7.800371900546086e-40
   752   7.227975089230266e-40
   753   6.574036053539824e-40
   754   5.934330668708145e-40
   755   5.320578409117996e-40
   756   4.692752331125871e-40
   757   4.139088117617227e-40
   758   3.631053813068970e-40
   759   3.158624560915593e-40
   760   2.748955020028196e-40
[TRUERES]    760  2.748955020028196e-40  3.523341539776144e-30
   761   2.374204234462602e-40
   762   2.032841004695535e-40
   763   1.744668222507892e-40
   764   1.487228799467010e-40
   765   1.268390717785101e-40
   766   1.088590788239875e-40
   767   9.331316876077571e-41
   768   8.043582064057833e-41
   769   6.956983581451811e-41
   770   6.011733588501859e-41
[TRUERES]    770  6.011733588501859e-41  3.523340482518582e-30
   771   5.251868079531044e-41
   772   4.600805675119891e-41
   773   4.045617207432860e-41
   774   3.605465982258880e-41
   775   3.211295132929751e-41
   776   2.851425747591620e-41
   777   2.539126075655758e-41
   778   2.245995835566519e-41
   779   1.992396912070117e-41
   780   1.782136226188105e-41
[TRUERES]    780  1.782136226188105e-41  3.523340278810917e-30
   781   1.593892115420510e-41
   782   1.444813490649835e-41
   783   1.323389284307161e-41
   784   1.212319015812447e-41
   785   1.123945251330789e-41
   786   1.044599022370778e-41
   787   9.698927479507709e-42
   788   9.076253492223715e-42
   789   8.449873930271648e-42
   790   7.833398473705068e-42
[TRUERES]    790  7.833398473705068e-42  3.523340450573879e-30
   791   7.235465293365693e-42
   792   6.567398319006837e-42
   793   5.929426171866964e-42
   794   5.341904926630990e-42
   795   4.746257558560311e-42
   796   4.208847732625039e-42
   797   3.697968886186194e-42
   798   3.205961995447874e-42
   799   2.779200824088798e-42
   800   2.391705051849550e-42
[TRUERES]    800  2.391705051849550e-42  3.523340489725930e-30
   801   2.043855588078222e-42
   802   1.755195269565978e-42
   803   1.496537375787239e-42
   804   1.272508001342918e-42
   805   1.085656106542228e-42
   806   9.174205735299541e-43
   807   7.763856729081723e-43
   808   6.574496146025431e-43
   809   5.524013519341672e-43
   810   4.654632180859095e-43
[TRUERES]    810  4.654632180859095e-43  3.523340496744004e-30
   811   3.901249109516248e-43
   812   3.246686200951647e-43
   813   2.717544373754356e-43
   814   2.256740252517968e-43
   815   1.861174475092684e-43
   816   1.543138291071804e-43
   817   1.273167791636996e-43
   818   1.052917736256695e-43
   819   8.782429366124388e-44
   820   7.335759560199178e-44
[TRUERES]    820  7.335759560199178e-44  3.523340496752344e-30
   821   6.192424388112083e-44
   822   5.282753475963283e-44
   823   4.524121350061539e-44
   824   3.940707572503290e-44
   825   3.458744073025605e-44
   826   3.054402602184671e-44
   827   2.738529787957079e-44
   828   2.469231383409990e-44
   829   2.247918288300842e-44
   830   2.071630441728863e-44
[TRUERES]    830  2.071630441728863e-44  3.523340496742626e-30
   831   1.907096060744845e-44
   832   1.763140651643813e-44
   833   1.638318710890064e-44
   834   1.514631603980069e-44
   835   1.411759516358411e-44
   836   1.327701054531438e-44
   837   1.248045794091483e-44
   838   1.185364348133275e-44
   839   1.127323972036272e-44
   840   1.070924910214162e-44
[TRUERES]    840  1.070924910214162e-44  3.523340496605310e-30
   841   1.023547296222244e-44
   842   9.720090315791240e-45
   843   9.171348607061034e-45
   844   8.626810021448368e-45
   845   7.997973786604693e-45
   846   7.379029754146383e-45
   847   6.754371216800209e-45
   848   6.077953205960841e-45
   849   5.445146063556179e-45
   850   4.844350781798492e-45
[TRUERES]    850  4.844350781798492e-45  3.523340496623690e-30
   851   4.257845967031102e-45
   852   3.743426028019024e-45
   853   3.252909327569575e-45
   854   2.797589555725774e-45
   855   2.401051617197991e-45
   856   2.032256481579010e-45
   857   1.708284487888535e-45
   858   1.430645988482484e-45
   859   1.187007960186165e-45
   860   9.896204609704678e-46
[TRUERES]    860  9.896204609704678e-46  3.523340496635660e-30
   861   8.286707602706336e-46
   862   6.917039664125922e-46
   863   5.829472102994922e-46
   864   4.929316815141036e-46
   865   4.176585700848133e-46
   866   3.577411278906274e-46
   867   3.073198876094315e-46
   868   2.645648193421726e-46
   869   2.294592402804021e-46
   870   1.980579709391625e-46
[TRUERES]    870  1.980579709391625e-46  3.523340496635916e-30
   871   1.716190396341676e-46
   872   1.502450523336925e-46
   873   1.318318192803959e-46
   874   1.173585742634512e-46
   875   1.055518874236596e-46
   876   9.545528681935900e-47
   877   8.794497061974995e-47
   878   8.178303488140556e-47
   879   7.633710460887272e-47
   880   7.173735385141634e-47
[TRUERES]    880  7.173735385141634e-47  3.523340496635937e-30
   881   6.721108067312191e-47
   882   6.314489521298991e-47
   883   5.982503243046780e-47
   884   5.654072659175012e-47
   885   5.363064104491868e-47
   886   5.077153932738787e-47
   887   4.748766013339757e-47
   888   4.434863996677936e-47
   889   4.099491940595033e-47
   890   3.740323959576269e-47
[TRUERES]    890  3.740323959576269e-47  3.523340496635926e-30
   891   3.393274672351324e-47
   892   3.037076122225103e-47
   893   2.679193040451971e-47
   894   2.352350466838436e-47
   895   2.037401426976009e-47
   896   1.755883859316284e-47
   897   1.507860810354477e-47
   898   1.278093002667655e-47
   899   1.075314341499241e-47
   900   8.992911456289214e-48
[TRUERES]    900  8.992911456289214e-48  3.523340496635904e-30
   901   7.417456712221066e-48
   902   6.127072803929409e-48
   903   5.044620806516487e-48
   904   4.140750544666568e-48
   905   3.418780948093283e-48
   906   2.807868446884731e-48
   907   2.297163756376702e-48
   908   1.886442348306587e-48
   909   1.538855389990371e-48
   910   1.259175303893347e-48
[TRUERES]    910  1.259175303893347e-48  3.523340496635901e-30
   911   1.036118378069099e-48
   912   8.488555320975633e-49
   913   7.015099464080757e-49
   914   5.849868773073064e-49
   915   4.898685658121198e-49
   916   4.156683263149389e-49
   917   3.551211874348163e-49
   918   3.042080143375168e-49
   919   2.629301151735180e-49
   920   2.273846457097385e-49
[TRUERES]    920  2.273846457097385e-49  3.523340496635903e-30
   921   1.971375186073472e-49
   922   1.728308866115951e-49
   923   1.517963144267163e-49
   924   1.346688075239202e-49
   925   1.210712435391346e-49
   926   1.096130260280295e-49
   927   1.009680824645049e-49
   928   9.441660422490840e-50
   929   8.856569497908101e-50
   930   8.368958486555860e-50
[TRUERES]    930  8.368958486555860e-50  3.523340496635906e-30
   931   7.877586953216753e-50
   932   7.387714042158979e-50
   933   6.975616903360182e-50
   934   6.556070041659998e-50
   935   6.149337034028456e-50
   936   5.781612563991537e-50
   937   5.373563050450047e-50
   938   4.963608877262666e-50
   939   4.543945479405172e-50
   940   4.069122645651953e-50
[TRUERES]    940  4.069122645651953e-50  3.523340496635906e-30
   941   3.615074943276190e-50
   942   3.163870712491990e-50
   943   2.720747593512752e-50
   944   2.328795310801743e-50
   945   1.972707571755191e-50
   946   1.660322272960262e-50
   947   1.399837707783983e-50
   948   1.171176520727376e-50
   949   9.766064110284842e-51
   950   8.127661602560676e-51
[TRUERES]    950  8.127661602560676e-51  3.523340496635906e-30
   951   6.709315115404723e-51
   952   5.548023156124382e-51
   953   4.599859673233050e-51
   954   3.796596801417329e-51
   955   3.157114445349169e-51
   956   2.631922360642835e-51
   957   2.193948846212174e-51
   958   1.843771897717127e-51
   959   1.543757524958990e-51
   960   1.290572281499849e-51
[TRUERES]    960  1.290572281499849e-51  3.523340496635906e-30
   961   1.083154126121014e-51
   962   9.049125176661435e-52
   963   7.601253328983571e-52
   964   6.433877710613648e-52
   965   5.442630553299851e-52
   966   4.643531146538613e-52
   967   3.982231623145550e-52
   968   3.424809169820232e-52
   969   2.980446300452389e-52
   970   2.606975833743017e-52
[TRUERES]    970  2.606975833743017e-52  3.523340496635906e-30
   971   2.287339830509889e-52
   972   2.037918158483978e-52
   973   1.829297040736213e-52
   974   1.658873568665494e-52
   975   1.524225718521018e-52
   976   1.406930224015756e-52
   977   1.315421512505084e-52
   978   1.244280712143765e-52
   979   1.175604781177788e-52
   980   1.114423723346844e-52
[TRUERES]    980  1.114423723346844e-52  3.523340496635906e-30
   981   1.054051633028894e-52
   982   9.889661141306084e-53
   983   9.274086322073204e-53
   984   8.605564138187234e-53
   985   7.885574320760952e-53
   986   7.192181869160099e-53
   987   6.466876683078348e-53
   988   5.766635024152784e-53
   989   5.101757740752625e-53
   990   4.457154442195185e-53
[TRUERES]    990  4.457154442195185e-53  3.523340496635906e-30
   991   3.872864943098898e-53
   992   3.342453959333634e-53
   993   2.847594223598922e-53
   994   2.414406666006174e-53
   995   2.029732581538856e-53
   996   1.696991752705404e-53
   997   1.421006703492625e-53
   998   1.181303504847948e-53
   999   9.781890822999918e-54
  1000   8.101956039776453e-54
[TRUERES]   1000  8.101956039776453e-54  3.523340496635906e-30
  1001   6.649426916507736e-54
  1002   5.440111615027317e-54
  1003   4.442273145323194e-54
  1004   3.596602429159702e-54
  1005   2.921626844015925e-54
  1006   2.369855849444158e-54
  1007   1.914600251794273e-54
  1008   1.559751430251157e-54
  1009   1.267755643576465e-54
  1010   1.027590369661321e-54
[TRUERES]   1010  1.027590369661321e-54  3.523340496635906e-30
  1011   8.372993611034877e-55
  1012   6.780368857086019e-55
  1013   5.498543798278626e-55
  1014   4.484536662594253e-55
  1015   3.650166379348489e-55
  1016   2.987415075812473e-55
  1017   2.462386877910427e-55
  1018   2.032702598566408e-55
  1019   1.693743472025116e-55
  1020   1.423033723979717e-55
[TRUERES]   1020  1.423033723979717e-55  3.523340496635906e-30
  1021   1.199797397373041e-55
  1022   1.020227140708665e-55
  1023   8.701888881057630e-56
  1024   7.444439282926040e-56
  1025   6.439575409694982e-56
  1026   5.586417090307884e-56
  1027   4.888357960910865e-56
  1028   4.333556870025803e-56
  1029   3.852347744603510e-56
  1030   3.453321242090843e-56
[TRUERES]   1030  3.453321242090843e-56  3.523340496635906e-30
  1031   3.119094192660199e-56
  1032   2.820709207288084e-56
  1033   2.567844755861828e-56
  1034   2.342386244523665e-56
  1035   2.138964190750572e-56
  1036   1.966712200609980e-56
  1037   1.809165587928348e-56
  1038   1.661631318693252e-56
  1039   1.534483030959742e-56
  1040   1.410562448669088e-56
[TRUERES]   1040  1.410562448669088e-56  3.523340496635906e-30
  1041   1.298753012721965e-56
  1042   1.203945154466425e-56
  1043   1.111664883034086e-56
  1044   1.027904895169226e-56
  1045   9.483194631086433e-57
  1046   8.673340850515246e-57
  1047   7.901735309682370e-57
  1048   7.113180718212625e-57
  1049   6.313786605785107e-57
  1050   5.572206294547934e-57
[TRUERES]   1050  5.572206294547934e-57  3.523340496635906e-30
  1051   4.836053441994844e-57
  1052   4.154990418820356e-57
  1053   3.559986169258983e-57
  1054   3.011959451354861e-57
  1055   2.538657427729152e-57
  1056   2.126606568120901e-57
  1057   1.763335389727937e-57
  1058   1.461130329588659e-57
  1059   1.206539157150899e-57
  1060   9.898670501836031e-58
[TRUERES]   1060  9.898670501836031e-58  3.523340496635906e-30
  1061   8.136098741613835e-58
  1062   6.660555169219083e-58
  1063   5.439069405983281e-58
  1064   4.464716303187957e-58
  1065   3.653644182057035e-58
  1066   2.997962759551234e-58
  1067   2.468102645077545e-58
  1068   2.015393913459954e-58
  1069   1.647971849806556e-58
  1070   1.348127501739222e-58
[TRUERES]   1070  1.348127501739222e-58  3.523340496635906e-30
  1071   1.097916060647244e-58
  1072   9.008868337770179e-59
  1073   7.403257069162882e-59
  1074   6.067050028693658e-59
  1075   4.980963549875748e-59
  1076   4.076191710083276e-59
  1077   3.338440593059410e-59
  1078   2.753254934502715e-59
  1079   2.268002419540256e-59
  1080   1.879293191731866e-59
[TRUERES]   1080  1.879293191731866e-59  3.523340496635906e-30
  1081   1.573193732961529e-59
  1082   1.319039331897417e-59
  1083   1.115998816607201e-59
  1084   9.514357966654751e-60
  1085   8.137486517384526e-60
  1086   7.065284154849534e-60
  1087   6.190325417292619e-60
  1088   5.461186081182646e-60
  1089   4.896424038818867e-60
  1090   4.428394149849706e-60
[TRUERES]   1090  4.428394149849706e-60  3.523340496635906e-30
  1091   4.028362823651778e-60
  1092   3.703944145552851e-60
  1093   3.405214952886372e-60
  1094   3.148766289013732e-60
  1095   2.930644347734679e-60
  1096   2.739594230064949e-60
  1097   2.578616144774209e-60
  1098   2.432456301721731e-60
  1099   2.273712283597462e-60
  1100   2.116934641739022e-60
[TRUERES]   1100  2.116934641739022e-60  3.523340496635906e-30
  1101   1.951147327484530e-60
  1102   1.781730577661077e-60
  1103   1.625560968951328e-60
  1104   1.469998302400171e-60
  1105   1.316614090366357e-60
  1106   1.170307951155104e-60
  1107   1.024975772400798e-60
  1108   8.913498239062342e-61
  1109   7.690405816276424e-61
  1110   6.563677560125492e-61
[TRUERES]   1110  6.563677560125492e-61  3.523340496635906e-30
  1111   5.588163205801871e-61
  1112   4.726850021208813e-61
  1113   3.964193601247019e-61
  1114   3.318070685111731e-61
  1115   2.752479915797773e-61
  1116   2.268392477822661e-61
  1117   1.874569042162922e-61
  1118   1.540129329532376e-61
  1119   1.265004178832213e-61
  1120   1.043429290335201e-61
[TRUERES]   1120  1.043429290335201e-61  3.523340496635906e-30
  1121   8.560359665475214e-62
  1122   7.009363054006926e-62
  1123   5.737119981755350e-62
  1124   4.666213848310407e-62
  1125   3.814067458705900e-62
  1126   3.124050949020065e-62
  1127   2.553716401842386e-62
  1128   2.097714537789737e-62
  1129   1.716928002838543e-62
  1130   1.403384204280873e-62
[TRUERES]   1130  1.403384204280873e-62  3.523340496635906e-30
  1131   1.147726210026517e-62
  1132   9.332244267607273e-63
  1133   7.563544171866038e-63
  1134   6.121210788502676e-63
  1135   4.927727269473181e-63
  1136   3.985478391567863e-63
  1137   3.235426159025415e-63
  1138   2.614812834227741e-63
  1139   2.127522712964643e-63
  1140   1.725634054235406e-63
[TRUERES]   1140  1.725634054235406e-63  3.523340496635906e-30
  1141   1.393300185663087e-63
  1142   1.130860820422825e-63
  1143   9.151874377434758e-64
  1144   7.405446780791500e-64
  1145   6.019844432481349e-64
  1146   4.877792854260169e-64
  1147   3.951887116444510e-64
  1148   3.206332591917603e-64
  1149   2.586591779048410e-64
  1150   2.085834005059919e-64
[TRUERES]   1150  2.085834005059919e-64  3.523340496635906e-30
  1151   1.680545644515149e-64
  1152   1.346145254263330e-64
  1153   1.078471695976981e-64
  1154   8.626018387646242e-65
  1155   6.883304435178318e-65
  1156   5.500810710557609e-65
  1157   4.378617837689851e-65
  1158   3.491015517419922e-65
  1159   2.800205319364529e-65
  1160   2.233551017270555e-65
[TRUERES]   1160  2.233551017270555e-65  3.523340496635906e-30
  1161   1.777711219551840e-65
  1162   1.417206508724654e-65
  1163   1.122306103708100e-65
  1164   8.905693782563494e-66
  1165   7.097935750747080e-66
  1166   5.663578519644215e-66
  1167   4.554488712990183e-66
  1168   3.668915853308539e-66
  1169   2.962233250746543e-66
  1170   2.414162303047734e-66
[TRUERES]   1170  2.414162303047734e-66  3.523340496635906e-30
  1171   1.966084569592818e-66
  1172   1.606045497564592e-66
  1173   1.322643620503925e-66
  1174   1.092874896995629e-66
  1175   9.125053466813045e-67
  1176   7.728054444426076e-67
  1177   6.617774397880822e-67
  1178   5.773298949153452e-67
  1179   5.117570052132603e-67
  1180   4.580895686352688e-67
[TRUERES]   1180  4.580895686352688e-67  3.523340496635906e-30
  1181   4.191859243857207e-67
  1182   3.899024122366663e-67
  1183   3.680980450213946e-67
  1184   3.556870019248885e-67
  1185   3.482811621053256e-67
  1186   3.463108531738598e-67
  1187   3.501992169798600e-67
  1188   3.572455050006225e-67
  1189   3.687699300007956e-67
  1190   3.834839137499050e-67
[TRUERES]   1190  3.834839137499050e-67  3.523340496635906e-30
  1191   3.985990934869334e-67
  1192   4.148866984149612e-67
  1193   4.289851891497829e-67
  1194   4.375471137750974e-67
  1195   4.416026953170351e-67
  1196   4.383421248145937e-67
  1197   4.272615292827692e-67
  1198   4.118599053604658e-67
  1199   3.895955142058421e-67
Error at ASolver_CG<Afield<double,ACCEL> >: not converged
  iter(final):     1200   3.895955142058421e-67
converged:
  nconv = -1
    0    0       -1     1.3608e-31     2.1218e-30
ASolver_CGNR<Afield<double,ACCEL> >: solver starts
  mode_prev = D
  snorm =  2.560583560137726e+01
ASolver_CG solve_CG_init: m_x.nin() = 192, m_s.nin() = 192
  init:  9.766538062405786e-01
     0   4.807677181556619e-02
[TRUERES]      0  4.807677181556619e-02  4.807677181556620e-02
     1   1.231619261865631e-02
     2   1.054663075427132e-02
     3   3.932610382028230e-03
     4   1.870335258548387e-03
     5   1.617594804558940e-03
     6   7.966027477515528e-04
     7   5.007832818099646e-04
     8   4.293924488231764e-04
     9   2.419181009677183e-04
    10   1.898081789444179e-04
[TRUERES]     10  1.898081789444179e-04  1.898081789444183e-04
    11   1.567483523755367e-04
    12   9.755499451433240e-05
    13   8.397647991644304e-05
    14   6.758414578273374e-05
    15   4.722772802233668e-05
    16   4.433356026652092e-05
    17   3.498380912862094e-05
    18   2.678796894752085e-05
    19   2.507223601503753e-05
    20   1.863421534141237e-05
[TRUERES]     20  1.863421534141237e-05  1.863421534141239e-05
    21   1.496907671171584e-05
    22   1.349249143062940e-05
    23   9.890286817294511e-06
    24   8.346580513342909e-06
    25   7.291904023432738e-06
    26   5.482733738521183e-06
    27   4.959265393331756e-06
    28   4.287661510500535e-06
    29   3.453210905010828e-06
    30   3.305257155184589e-06
[TRUERES]     30  3.305257155184589e-06  3.305257155184582e-06
    31   2.857553603674250e-06
    32   2.458014503701530e-06
    33   2.407392904796506e-06
    34   2.060571578049967e-06
    35   1.857013978134552e-06
    36   1.814799386650368e-06
    37   1.572521756165649e-06
    38   1.518748706089433e-06
    39   1.491703163330870e-06
    40   1.338351666385314e-06
[TRUERES]     40  1.338351666385314e-06  1.338351666385313e-06
    41   1.346000291634478e-06
    42   1.284736236842642e-06
    43   1.155838115273480e-06
    44   1.155428459414885e-06
    45   1.062948515881395e-06
    46   9.794135112682802e-07
    47   9.777772302561787e-07
    48   8.802833210177603e-07
    49   8.329788659953589e-07
    50   8.112401239291954e-07
[TRUERES]     50  8.112401239291954e-07  8.112401239291957e-07
    51   7.135333581856083e-07
    52   6.749073439614837e-07
    53   6.265998045418831e-07
    54   5.380764721883156e-07
    55   4.995154363064721e-07
    56   4.381797514509797e-07
    57   3.730479488186076e-07
    58   3.439122968323588e-07
    59   2.935780272091031e-07
    60   2.544150512936795e-07
[TRUERES]     60  2.544150512936795e-07  2.544150512936815e-07
    61   2.330784790730829e-07
    62   1.968734645212422e-07
    63   1.738582247986773e-07
    64   1.567702224558399e-07
    65   1.311898895670996e-07
    66   1.175398971977332e-07
    67   1.033558708918370e-07
    68   8.686416824811595e-08
    69   7.903507116807615e-08
    70   6.890764673988329e-08
[TRUERES]     70  6.890764673988329e-08  6.890764673988313e-08
    71   5.935204232078424e-08
    72   5.488990702215747e-08
    73   4.798574546451979e-08
    74   4.275370476394065e-08
    75   3.980639809551521e-08
    76   3.491052186887948e-08
    77   3.223751384274873e-08
    78   3.035531775118879e-08
    79   2.727571153079651e-08
    80   2.613039740513656e-08
[TRUERES]     80  2.613039740513656e-08  2.613039740513611e-08
    81   2.475099773112737e-08
    82   2.270268789517603e-08
    83   2.222251275635194e-08
    84   2.091746213563115e-08
    85   1.954476377610376e-08
    86   1.921384741673087e-08
    87   1.783735787288379e-08
    88   1.689645989974181e-08
    89   1.642281422664597e-08
    90   1.500663738749923e-08
[TRUERES]     90  1.500663738749923e-08  1.500663738749906e-08
    91   1.420299700526691e-08
    92   1.331838784669486e-08
    93   1.183341385992014e-08
    94   1.100362762813390e-08
    95   9.921899797031019e-09
    96   8.691063699123645e-09
    97   7.939715443781196e-09
    98   6.928033518894872e-09
    99   6.032089387333825e-09
   100   5.454337028966944e-09
[TRUERES]    100  5.454337028966944e-09  5.454337028967093e-09
   101   4.687699786818442e-09
   102   4.128169434240538e-09
   103   3.699583718537363e-09
   104   3.160188727341537e-09
   105   2.810811622301522e-09
   106   2.486878883884334e-09
   107   2.131066227408441e-09
   108   1.917401322049336e-09
   109   1.691962943161794e-09
   110   1.485481044766921e-09
[TRUERES]    110  1.485481044766921e-09  1.485481044767119e-09
   111   1.373869288672452e-09
   112   1.233102342223814e-09
   113   1.125800563546052e-09
   114   1.066122583051521e-09
   115   9.733272410981076e-10
   116   9.217816117431370e-10
   117   8.898241268543690e-10
   118   8.354575469638528e-10
   119   8.199349092273846e-10
   120   7.967453700617839e-10
[TRUERES]    120  7.967453700617839e-10  7.967453700617819e-10
   121   7.553623919857777e-10
   122   7.446525041762880e-10
   123   7.122844097699857e-10
   124   6.745913879404979e-10
   125   6.587728308908255e-10
   126   6.161708136641633e-10
   127   5.806632896542084e-10
   128   5.550471532769535e-10
   129   5.078888964007430e-10
   130   4.752677838597864e-10
[TRUERES]    130  4.752677838597864e-10  4.752677838597079e-10
   131   4.425009572539257e-10
   132   3.954499770121229e-10
   133   3.630420313403838e-10
   134   3.236600219060996e-10
   135   2.817856548102537e-10
   136   2.531454230304223e-10
   137   2.193256307866198e-10
   138   1.899261287582774e-10
   139   1.682624858183186e-10
   140   1.428568592374592e-10
[TRUERES]    140  1.428568592374592e-10  1.428568592374305e-10
   141   1.225400702844972e-10
   142   1.061750929258725e-10
   143   8.870576371530279e-11
   144   7.623652683701073e-11
   145   6.567899124690114e-11
   146   5.548900878628864e-11
   147   4.878244033467032e-11
   148   4.243106533331376e-11
   149   3.679558261116665e-11
   150   3.322638282365608e-11
[TRUERES]    150  3.322638282365608e-11  3.322638282366291e-11
   151   2.929862493004852e-11
   152   2.624619778516893e-11
   153   2.431353930849549e-11
   154   2.211351504658467e-11
   155   2.076964812772175e-11
   156   1.979768826796612e-11
   157   1.843532144568236e-11
   158   1.774609832510294e-11
   159   1.697910537000289e-11
   160   1.594764793197797e-11
[TRUERES]    160  1.594764793197797e-11  1.594764793197830e-11
   161   1.543095973669486e-11
   162   1.459418603506704e-11
   163   1.363986248617319e-11
   164   1.297915335366871e-11
   165   1.190349555179483e-11
   166   1.098720325911088e-11
   167   1.029409274445403e-11
   168   9.338623584340990e-12
   169   8.601760304807559e-12
   170   7.852297699176811e-12
[TRUERES]    170  7.852297699176811e-12  7.852297699176206e-12
   171   6.910922425439664e-12
   172   6.192425093737954e-12
   173   5.435027144527560e-12
   174   4.674147402633299e-12
   175   4.120450786947740e-12
   176   3.531441317201927e-12
   177   3.012160691954723e-12
   178   2.618975909146222e-12
   179   2.216349401215707e-12
   180   1.900009491588299e-12
[TRUERES]    180  1.900009491588299e-12  1.900009491584425e-12
   181   1.652834271392763e-12
   182   1.406177545173920e-12
   183   1.233858344579574e-12
   184   1.088644824999570e-12
   185   9.473890952369655e-13
   186   8.505954420330603e-13
   187   7.547473969331122e-13
   188   6.655015039111308e-13
   189   6.040785175819583e-13
   190   5.381445001890861e-13
[TRUERES]    190  5.381445001890861e-13  5.381445001907239e-13
   191   4.820905468301505e-13
   192   4.429200899277767e-13
   193   4.007141344648845e-13
   194   3.709256493890141e-13
   195   3.487184773685798e-13
   196   3.225451303005444e-13
   197   3.072653589357871e-13
   198   2.927233388244232e-13
   199   2.758707351682422e-13
   200   2.681477160934408e-13
[TRUERES]    200  2.681477160934408e-13  2.681477160937365e-13
   201   2.568564028169269e-13
   202   2.453686998477364e-13
   203   2.394607485828140e-13
   204   2.275045598694746e-13
   205   2.167231810974841e-13
   206   2.068623487246314e-13
   207   1.904553780332902e-13
   208   1.757337494410439e-13
   209   1.604718944678535e-13
   210   1.422784300607218e-13
[TRUERES]    210  1.422784300607218e-13  1.422784300611137e-13
   211   1.279329779869877e-13
   212   1.134930547651445e-13
   213   9.853577751708772e-14
   214   8.709926721080714e-14
   215   7.521656881917252e-14
   216   6.479445454680627e-14
   217   5.659828322687370e-14
   218   4.819309562920392e-14
   219   4.134008395456295e-14
   220   3.574713193660199e-14
[TRUERES]    220  3.574713193660199e-14  3.574713193624867e-14
   221   3.024172617663466e-14
   222   2.609760610461819e-14
   223   2.263984006726293e-14
   224   1.935080186701958e-14
   225   1.695473295403174e-14
   226   1.477818978231307e-14
   227   1.288656249840963e-14
   228   1.159820018081511e-14
   229   1.039779748587386e-14
   230   9.441967032262336e-15
[TRUERES]    230  9.441967032262336e-15  9.441967032199625e-15
   231   8.821085361063807e-15
   232   8.144414780141960e-15
   233   7.700118050831818e-15
   234   7.401861475356349e-15
   235   7.001040197642079e-15
   236   6.775811843533582e-15
   237   6.541383183370940e-15
   238   6.204039192853584e-15
   239   5.977038240873026e-15
   240   5.640813174113368e-15
[TRUERES]    240  5.640813174113368e-15  5.640813174181187e-15
   241   5.271016350295884e-15
   242   4.998031392440900e-15
   243   4.613370163576282e-15
   244   4.248101170478460e-15
   245   3.930782570620061e-15
   246   3.552369967988494e-15
   247   3.240454047768340e-15
   248   2.946635368268387e-15
   249   2.618283107917220e-15
   250   2.362109694540506e-15
[TRUERES]    250  2.362109694540506e-15  2.362109694619385e-15
   251   2.107213629489018e-15
   252   1.849092693601286e-15
   253   1.641623109207639e-15
   254   1.428767058835281e-15
   255   1.235352055193362e-15
   256   1.079191448080602e-15
   257   9.230400445881421e-16
   258   7.956090851815971e-16
   259   6.910957883953567e-16
   260   5.877149108038676e-16
[TRUERES]    260  5.877149108038676e-16  5.877149107888098e-16
   261   5.073294242824228e-16
   262   4.393158844861691e-16
   263   3.772460180838641e-16
   264   3.315490037800509e-16
   265   2.903092099347805e-16
   266   2.542414267882299e-16
   267   2.283754410572287e-16
   268   2.044911459518494e-16
   269   1.857347542173435e-16
   270   1.731182052727288e-16
[TRUERES]    270  1.731182052727288e-16  1.731182052329963e-16
   271   1.596885462888779e-16
   272   1.494293777733985e-16
   273   1.413320226236867e-16
   274   1.322485285110346e-16
   275   1.264201406725552e-16
   276   1.213136406824979e-16
   277   1.153777737709382e-16
   278   1.116587471160973e-16
   279   1.064874920051895e-16
   280   1.009213830884930e-16
[TRUERES]    280  1.009213830884930e-16  1.009213830691233e-16
   281   9.667344597378484e-17
   282   9.068478000962912e-17
   283   8.492235276197397e-17
   284   7.973822184549918e-17
   285   7.302169322115675e-17
   286   6.745347257594849e-17
   287   6.215211101011296e-17
   288   5.605892542812935e-17
   289   5.109031358523566e-17
   290   4.603247995157047e-17
[TRUERES]    290  4.603247995157047e-17  4.603247995223319e-17
   291   4.088013175160971e-17
   292   3.675085204218313e-17
   293   3.237742599700621e-17
   294   2.836230096556363e-17
   295   2.505358177856146e-17
   296   2.167057291385131e-17
   297   1.879616359302607e-17
   298   1.637795588685693e-17
   299   1.399269161125651e-17
   300   1.213433152745451e-17
[TRUERES]    300  1.213433152745451e-17  1.213433153233416e-17
   301   1.054647157303230e-17
   302   9.104476962256235e-18
   303   8.039991077471400e-18
   304   7.094903482473034e-18
   305   6.268465427680812e-18
   306   5.669268996658734e-18
   307   5.104258441197093e-18
   308   4.653556086401442e-18
   309   4.325532129587471e-18
   310   3.987929144506245e-18
[TRUERES]    310  3.987929144506245e-18  3.987929148482663e-18
   311   3.739409104604051e-18
   312   3.550152510468825e-18
   313   3.339843856494596e-18
   314   3.204065566209933e-18
   315   3.083025065796642e-18
   316   2.954859287819241e-18
   317   2.881077495970724e-18
   318   2.770481406534786e-18
   319   2.639401534060308e-18
   320   2.529494374021549e-18
[TRUERES]    320  2.529494374021549e-18  2.529494370331872e-18
   321   2.362039857643629e-18
   322   2.189586564365506e-18
   323   2.028184929492037e-18
   324   1.831469035967772e-18
   325   1.655278260864446e-18
   326   1.487637451278508e-18
   327   1.307968674881247e-18
   328   1.157646397924105e-18
   329   1.011735219074949e-18
   330   8.721193011520489e-19
[TRUERES]    330  8.721193011520489e-19  8.721193008447264e-19
   331   7.610355717457768e-19
   332   6.530879231796205e-19
   333   5.581000151190852e-19
   334   4.809858407132227e-19
   335   4.066875727378612e-19
   336   3.446870901807370e-19
   337   2.934504339352696e-19
   338   2.458857189303055e-19
   339   2.080925793297665e-19
   340   1.755623526801680e-19
[TRUERES]    340  1.755623526801680e-19  1.755623535951496e-19
   341   1.469297588780691e-19
   342   1.253458451945494e-19
   343   1.064462700524275e-19
   344   9.000724539589049e-20
   345   7.730188763492990e-20
   346   6.597380804896512e-20
   347   5.682244379777551e-20
   348   4.994125895152541e-20
   349   4.361564094234278e-20
   350   3.873134179280823e-20
[TRUERES]    350  3.873134179280823e-20  3.873134181883330e-20
   351   3.478257259590397e-20
   352   3.102827652703995e-20
   353   2.828714319277980e-20
   354   2.602397968225222e-20
   355   2.392921188919893e-20
   356   2.243013069379570e-20
   357   2.087395027240716e-20
   358   1.943453416874514e-20
   359   1.830672037250603e-20
   360   1.697522383771452e-20
[TRUERES]    360  1.697522383771452e-20  1.697522398934469e-20
   361   1.579753087549577e-20
   362   1.480195353328002e-20
   363   1.366113578248210e-20
   364   1.272991932817957e-20
   365   1.183223475554750e-20
   366   1.079660920167548e-20
   367   9.891411663412936e-21
   368   8.959850205805543e-21
   369   7.983154961372782e-21
   370   7.143288438066822e-21
[TRUERES]    370  7.143288438066822e-21  7.143288397646417e-21
   371   6.267769639934395e-21
   372   5.434248491744782e-21
   373   4.718779661883967e-21
   374   4.006710578843850e-21
   375   3.413965124683753e-21
   376   2.931327107214457e-21
   377   2.494553578767404e-21
   378   2.156129558934347e-21
   379   1.866100753452034e-21
   380   1.597923053289768e-21
[TRUERES]    380  1.597923053289768e-21  1.597923063961446e-21
   381   1.389117584286314e-21
   382   1.200382034702009e-21
   383   1.035081188907645e-21
   384   9.067761757203090e-22
   385   7.892683086424807e-22
   386   6.912194897928572e-22
   387   6.132023439072039e-22
   388   5.392270323069927e-22
   389   4.797606815541545e-22
   390   4.309101317632375e-22
[TRUERES]    390  4.309101317632375e-22  4.309101603661743e-22
   391   3.853377915802596e-22
   392   3.505790885160736e-22
   393   3.205934204938984e-22
   394   2.930730811402173e-22
   395   2.731105533163901e-22
   396   2.536264930348015e-22
   397   2.354985345857416e-22
   398   2.222491678702954e-22
   399   2.075995226983098e-22
   400   1.959140760404355e-22
[TRUERES]    400  1.959140760404355e-22  1.959140968580387e-22
   401   1.873191535199255e-22
   402   1.777671872546264e-22
   403   1.698115797593607e-22
   404   1.626577888130905e-22
