Bridge++ 2.0.0

input filename : main.yaml

file = main.yaml

Lattice parameters:
  Lx = 16,  Ly = 16,  Lz = 16,  Lt = 16,
  Nx = 16,  Ny = 16,  Nz = 16,  Nt = 16,
  NPEx = 1,  NPEy  = 1,  NPEz  = 1,  NPEt  = 1,
  Lvol = 65536,  Nvol = 65536,  NPE = 1,
  Ndim = 4
  Nc   = 3
  Nd   = 4

ThreadManager: initialization
Warning at ThreadManager: Nthread(env) != Nthread(input)
  Number of threads(env)   = 2
  Number of threads(input) = 1
  reset Nthread = Nthread(input).
  Number of threads = 1
Main: input parameters
  lattice_size     = [16, 16, 16, 16]
  grid_size        = [1, 1, 1, 1]
  number of thread = 1
  number of color  = 3
  logfile          = stdout
  ildg_logfile     = stdout
  vlevel           = General

Alt_Accel code is being setup.
DeviceManager_CUDA: being initialized.
  process_id = 0
  number of devices = 1
  device_id = 0  is used on process = 0
------------------------------------------------
Alt_Accel: Factory entries
------------------------------------------------
AFopr<double, ACCEL> >(void):
AFopr<double, ACCEL>(Parameters&):
	Clover
	CloverTerm
	Clover_dd
	Domainwall
	Domainwall_5din
	Domainwall_5din_dd
	Domainwall_5din_eo
	Domainwall_eo
	Wilson
	Wilson_dd
AFopr<double, ACCEL>(Fopr*):
	Domainwall
AFopr<double, ACCEL>(Fopr*, Director*):
AFopr<float, ACCEL> >(void):
AFopr<float, ACCEL>(Parameters&):
	Clover
	CloverTerm
	Clover_dd
	Domainwall
	Domainwall_5din
	Domainwall_5din_dd
	Domainwall_5din_eo
	Domainwall_eo
	Wilson
	Wilson_dd
AFopr<float, ACCEL>(Fopr*):
	Domainwall
AFopr<float, ACCEL>(Fopr*, Director*):
AEigensolver<AField<float, ACCEL> >, Afopr>(Fopr*):
	IRArnoldi
	IRLanczos
------------------------------------------------
Timer: timestamp: 2026/06/06 11:09:00 +0900
file = test_alt_Spectrum_Domainwall_5din_Hadron2ptFunction.yaml

--------------------------------------------------------------------
test name: Spectrum_Domainwall_alt.hadron_2ptFunction
test file: test_alt_Spectrum_Domainwall_5din_Hadron2ptFunction.yaml
test mode: double_eo
file = test_alt_Spectrum_Domainwall_5din_Hadron2ptFunction.yaml
  vlevel       = General
  source_type  = Local
Smearing parameters (assumes APE-Stout):
   proj_type:  Stout_SU3
   smear_type: APE
   rho_uniform: 0.100000
   number_of_smearing: 0
  vlevel       = General

Configuration setup:
  gconf_status = Continue
  gconf_read   = Text
  readfile     = ./conf_real16.txt
  plaq = 0.596178

Gauge fixing:
  Gauge fixing type = None
Parameters: get_string: key 'filename_output' not found.
Elapsed time: calc_plqauette: total         0.12 sec, count    1, average         0.12 sec
plaquette (before smearing):       0.596178494528857
applying smearing
Smear_APE:
  rho =   0.1000
Director_Smear:
  Nsmear = 0
Parameters: get_string: key 'filename_output' not found.
Elapsed time: calc_plqauette: total         0.13 sec, count    1, average         0.13 sec
Elapsed time: smearig: total         0.13 sec, count    1, average         0.13 sec
plaquette (after smearing):        0.596178494528857
  gmset_type   = Dirac
Gamma matrix: dirac representation.
Fopr_Domainwall: construction
  Imp::Fopr_Wilson: construction
    Gauge group implementation: SU(3)
    Imp::Fopr_Wilson: input parameters
      gamma-matrix type = Dirac
      kappa  =   0.20833333
      boundary[0] =  1
      boundary[1] =  1
      boundary[2] =  1
      boundary[3] = -1
  Imp::Fopr_Wilson: construction finished.
  Fopr_Domainwall: input parameters
    mq   =   0.0500
    M0   =   1.6000
    Ns   =    8
    boundary[0] =  1
    boundary[1] =  1
    boundary[2] =  1
    boundary[3] = -1
    coefficients:
    b[ 0] =     1.5000000000  c[ 0] =     0.5000000000
    b[ 1] =     1.5000000000  c[ 1] =     0.5000000000
    b[ 2] =     1.5000000000  c[ 2] =     0.5000000000
    b[ 3] =     1.5000000000  c[ 3] =     0.5000000000
    b[ 4] =     1.5000000000  c[ 4] =     0.5000000000
    b[ 5] =     1.5000000000  c[ 5] =     0.5000000000
    b[ 6] =     1.5000000000  c[ 6] =     0.5000000000
    b[ 7] =     1.5000000000  c[ 7] =     0.5000000000
Fopr_Domainwall: construction finished.
Fopr_Domainwall: input parameters
  mq   =   0.0500
  M0   =   1.6000
  Ns   =    8
  boundary[0] =  1
  boundary[1] =  1
  boundary[2] =  1
  boundary[3] = -1
  coefficients:
  b[ 0] =     1.5000000000  c[ 0] =     0.5000000000
  b[ 1] =     1.5000000000  c[ 1] =     0.5000000000
  b[ 2] =     1.5000000000  c[ 2] =     0.5000000000
  b[ 3] =     1.5000000000  c[ 3] =     0.5000000000
  b[ 4] =     1.5000000000  c[ 4] =     0.5000000000
  b[ 5] =     1.5000000000  c[ 5] =     0.5000000000
  b[ 6] =     1.5000000000  c[ 6] =     0.5000000000
  b[ 7] =     1.5000000000  c[ 7] =     0.5000000000
Imp::Fopr_Wilson: construction
  Gauge group implementation: SU(3)
  Imp::Fopr_Wilson: input parameters
    gamma-matrix type = Dirac
    kappa  =   0.20833333
    boundary[0] =  1
    boundary[1] =  1
    boundary[2] =  1
    boundary[3] = -1
Imp::Fopr_Wilson: construction finished.
Source for spinor field - local:
  source_position[0] = 0
  source_position[1] = 0
  source_position[2] = 0
  source_position[3] = 0

Check of fermion operator (even-odd)
norm of source vector: 1.000000
AFopr_Domainwall_5din_eo<AField<double,ACCEL> >: construction
  do_comm[0] = 0
  do_comm[1] = 0
  do_comm[2] = 0
  do_comm[3] = 0
    extended_precision = true
    su3_reconstruction = false
  AFopr_Domainwall_5din_eo<AField<double,ACCEL> >: input parameters
    gamma matrix repr.:  Dirac
    code implementation: 5d
    mq   =   0.0500
    M0   =   1.6000
    Ns   =    8
    boundary[0] =  1
    boundary[1] =  1
    boundary[2] =  1
    boundary[3] = -1
    coefficients:
      b[ 0] =     1.5000000000  c[ 0] =     0.5000000000
      b[ 1] =     1.5000000000  c[ 1] =     0.5000000000
      b[ 2] =     1.5000000000  c[ 2] =     0.5000000000
      b[ 3] =     1.5000000000  c[ 3] =     0.5000000000
      b[ 4] =     1.5000000000  c[ 4] =     0.5000000000
      b[ 5] =     1.5000000000  c[ 5] =     0.5000000000
      b[ 6] =     1.5000000000  c[ 6] =     0.5000000000
      b[ 7] =     1.5000000000  c[ 7] =     0.5000000000
    alpha =   1.0000
convert required.
convert performed.

[D check]
norm2(abq) = 1.000000
norm2(y5)  = 113.087402
norm2(z5)  = 113.087402
norm2(axq) = 113.087402
diff2 = 0.000000

[Ddag check]
norm2(abq) = 1.000000
norm2(y5)  = 118.579156
norm2(z5)  = 118.579156
norm2(axq) = 118.579156
diff2 = 0.000000
Elapsed time: afopr_Domainwall_5din_eo: Deo & dagger   : total         0.01 sec, count    4, average         0.00 sec
Elapsed time: afopr_Domainwall_5din_eo: Dee_inv & dag  : total         0.01 sec, count   20, average         0.00 sec
Elapsed time: afopr_Domainwall_5din_eo: clear          : total         0.00 sec, count    0, average         0.00 sec
Elapsed time: afopr_Domainwall_5din_eo: pack           : total         0.00 sec, count    0, average         0.00 sec
Elapsed time: afopr_Domainwall_5din_eo: bulk           : total         0.01 sec, count    4, average         0.00 sec
Elapsed time: afopr_Domainwall_5din_eo: boundary       : total         0.00 sec, count    0, average         0.00 sec
Elapsed time: afopr_Domainwall_5din_eo: comm           : total         0.00 sec, count    0, average         0.00 sec
Elapsed time: afopr_Domainwall_5din_eo: comm_recv_wait : total         0.00 sec, count    0, average         0.00 sec
Elapsed time: afopr_Domainwall_5din_eo: comm_send_wait : total         0.00 sec, count    0, average         0.00 sec
Elapsed time: afopr_Domainwall_5din_eo: comm_recv_start: total         0.00 sec, count    0, average         0.00 sec
Elapsed time: afopr_Domainwall_5din_eo: comm_send_start: total         0.00 sec, count    0, average         0.00 sec
Elapsed time: afopr_Domainwall_5din_eo: comm_test_all  : total         0.00 sec, count    0, average         0.00 sec

Fprop_alt_Standard_eo<Afield<double,ACCEL> >: being setup (without link smearing).
  AFopr_Domainwall_5din_eo<AField<double,ACCEL> >: construction
    do_comm[0] = 0
    do_comm[1] = 0
    do_comm[2] = 0
    do_comm[3] = 0
      extended_precision = true
      su3_reconstruction = false
    AFopr_Domainwall_5din_eo<AField<double,ACCEL> >: input parameters
      gamma matrix repr.:  Dirac
      code implementation: 5d
      mq   =   0.0500
      M0   =   1.6000
      Ns   =    8
      boundary[0] =  1
      boundary[1] =  1
      boundary[2] =  1
      boundary[3] = -1
      coefficients:
        b[ 0] =     1.5000000000  c[ 0] =     0.5000000000
        b[ 1] =     1.5000000000  c[ 1] =     0.5000000000
        b[ 2] =     1.5000000000  c[ 2] =     0.5000000000
        b[ 3] =     1.5000000000  c[ 3] =     0.5000000000
        b[ 4] =     1.5000000000  c[ 4] =     0.5000000000
        b[ 5] =     1.5000000000  c[ 5] =     0.5000000000
        b[ 6] =     1.5000000000  c[ 6] =     0.5000000000
        b[ 7] =     1.5000000000  c[ 7] =     0.5000000000
      alpha =   1.0000
  ASolver_CGNR<Afield<double,ACCEL> >:
  ASolver_CG<Afield<double,ACCEL> >:
    Precision: double
    Niter     = 2400
    Stop_cond =   1.00000000e-90
    init_guess_mode: 0
    true_residual_interval = 10 (logging [TRUERES])
    refinement_iterations = 0
Fprop_alt_Standard_eo<Afield<double,ACCEL> >: setup finished.

Fprop_alt_Standard_eo<Afield<double,ACCEL> >: mult performance:
  mult mode = Dee_inv
  Number of mult =                400
  Elapsed time   =       1.429778 sec
  Flop(Fopr)     =           62914560
  Flop(total)    =        25165824000
  Performance    =      17.601 GFlops

Fprop_alt_Standard_eo<Afield<double,ACCEL> >: mult performance:
  mult mode = Doe
  Number of mult =                400
  Elapsed time   =      10.832363 sec
  Flop(Fopr)     =          390070272
  Flop(total)    =       156028108800
  Performance    =      14.404 GFlops

Fprop_alt_Standard_eo<Afield<double,ACCEL> >: mult performance:
  mult mode = D
  Number of mult =                400
  Elapsed time   =      25.032441 sec
  Flop(Fopr)     =          912261120
  Flop(total)    =       364904448000
  Performance    =      14.577 GFlops

Fprop_alt_Standard_eo<Afield<double,ACCEL> >: mult performance:
  mult mode = Ddag
  Number of mult =                400
  Elapsed time   =      24.906747 sec
  Flop(Fopr)     =          912261120
  Flop(total)    =       364904448000
  Performance    =      14.651 GFlops

Fprop_alt_Standard_eo<Afield<double,ACCEL> >: mult performance:
  mult mode = DdagD
  Number of mult =                400
  Elapsed time   =      50.251068 sec
  Flop(Fopr)     =         1824522240
  Flop(total)    =       729808896000
  Performance    =      14.523 GFlops

Solving quark propagator:
  color spin   Nconv      diff           diff2
ASolver_CGNR<Afield<double,ACCEL> >: solver starts
  mode_prev = D
  b2 size is reset.
  snorm =  2.588466051258844e+01
  init:  9.981091849324673e-01
     0   5.123300097800466e-02
[TRUERES]      0  5.123300097800466e-02  5.123300097800466e-02
     1   1.437178962578560e-02
     2   1.241257337332784e-02
     3   4.474024162935433e-03
     4   2.165598831506031e-03
     5   1.812963873272062e-03
     6   8.551662728026359e-04
     7   5.386075239967635e-04
     8   4.351814595896696e-04
     9   2.300846864613200e-04
    10   1.762323137873733e-04
[TRUERES]     10  1.762323137873733e-04  1.762323137873733e-04
    11   1.401651351523182e-04
    12   8.645869985219497e-05
    13   7.533480570322637e-05
    14   5.991020650829377e-05
    15   4.124319745150562e-05
    16   3.832983236214985e-05
    17   2.965572664662537e-05
    18   2.251819146693070e-05
    19   2.120208210576728e-05
    20   1.573538800024288e-05
[TRUERES]     20  1.573538800024288e-05  1.573538800024288e-05
    21   1.272749223501103e-05
    22   1.156393547238082e-05
    23   8.523072381225643e-06
    24   7.384780961416349e-06
    25   6.536938195259821e-06
    26   4.981344433973437e-06
    27   4.529224951022943e-06
    28   3.895246095448032e-06
    29   3.147257911719928e-06
    30   3.002621963859242e-06
[TRUERES]     30  3.002621963859242e-06  3.002621963859242e-06
    31   2.580300643002732e-06
    32   2.232600682844982e-06
    33   2.199384576398886e-06
    34   1.921541188695268e-06
    35   1.780884250854701e-06
    36   1.788824324854949e-06
    37   1.588407449279553e-06
    38   1.562512900501602e-06
    39   1.540841981915430e-06
    40   1.389114722406355e-06
[TRUERES]     40  1.389114722406355e-06  1.389114722406355e-06
    41   1.403740334523848e-06
    42   1.337207802732913e-06
    43   1.202386367675605e-06
    44   1.190621599465060e-06
    45   1.065027688680858e-06
    46   9.472370280655101e-07
    47   8.983310777640911e-07
    48   7.612767932586862e-07
    49   6.795844326455994e-07
    50   6.188571945044554e-07
[TRUERES]     50  6.188571945044554e-07  6.188571945044554e-07
    51   5.122144941472726e-07
    52   4.612349493100037e-07
    53   4.092376419471638e-07
    54   3.412636316196573e-07
    55   3.117502823994691e-07
    56   2.709224957489509e-07
    57   2.299091080978689e-07
    58   2.119580713945971e-07
    59   1.817922858189779e-07
    60   1.594972656169805e-07
[TRUERES]     60  1.594972656169805e-07  1.594972656169805e-07
    61   1.482760805835325e-07
    62   1.275495789381736e-07
    63   1.154400053865213e-07
    64   1.069639060448655e-07
    65   9.264522137824882e-08
    66   8.660566835384410e-08
    67   7.974327760691573e-08
    68   7.069725138212368e-08
    69   6.758867847074022e-08
    70   6.165957988437934e-08
[TRUERES]     70  6.165957988437934e-08  6.165957988437934e-08
    71   5.590686838469211e-08
    72   5.392908080971406e-08
    73   4.881364372295266e-08
    74   4.495045947170449e-08
    75   4.273827286972986e-08
    76   3.826999696793104e-08
    77   3.592058826320313e-08
    78   3.393922534632920e-08
    79   3.035379628488062e-08
    80   2.868127527203474e-08
[TRUERES]     80  2.868127527203474e-08  2.868127527203474e-08
    81   2.639137141991352e-08
    82   2.345692121615825e-08
    83   2.197878071821998e-08
    84   1.947565733721290e-08
    85   1.709512159682575e-08
    86   1.565160590884240e-08
    87   1.343713934322256e-08
    88   1.181897465241585e-08
    89   1.059654331345609e-08
    90   8.965080274250465e-09
[TRUERES]     90  8.965080274250465e-09  8.965080274250465e-09
    91   7.888982513818168e-09
    92   6.913096013734540e-09
    93   5.782300923472885e-09
    94   5.089539456986426e-09
    95   4.362567218708586e-09
    96   3.659449526203011e-09
    97   3.235684209960652e-09
    98   2.754048303715713e-09
    99   2.363235194093736e-09
   100   2.120927683170262e-09
[TRUERES]    100  2.120927683170262e-09  2.120927683170262e-09
   101   1.825306986376793e-09
   102   1.619599870396022e-09
   103   1.472629788549007e-09
   104   1.288609085035805e-09
   105   1.188547627644064e-09
   106   1.098269778018470e-09
   107   9.903818773040376e-10
   108   9.387583572963861e-10
   109   8.673531976748014e-10
   110   7.959411895193479e-10
[TRUERES]    110  7.959411895193479e-10  7.959411895193479e-10
   111   7.632716325798901e-10
   112   7.024699720631819e-10
   113   6.552467654958639e-10
   114   6.279113612203232e-10
   115   5.761714357135771e-10
   116   5.445989307515249e-10
   117   5.180327142641835e-10
   118   4.750563935326586e-10
   119   4.520336370500593e-10
   120   4.212016465946626e-10
[TRUERES]    120  4.212016465946626e-10  4.212016465946626e-10
   121   3.802517233304732e-10
   122   3.544546886108693e-10
   123   3.175021138826251e-10
   124   2.793481099045541e-10
   125   2.513669803266860e-10
   126   2.147717785655467e-10
   127   1.850047187498600e-10
   128   1.612796287538657e-10
   129   1.345495305870708e-10
   130   1.155314554613241e-10
[TRUERES]    130  1.155314554613241e-10  1.155314554613241e-10
   131   9.943065244112665e-11
   132   8.342485789002690e-11
   133   7.303851374033761e-11
   134   6.310632535462985e-11
   135   5.379402980231562e-11
   136   4.759646385125742e-11
   137   4.089199452904500e-11
   138   3.526195794266552e-11
   139   3.125021175044701e-11
   140   2.672801057396771e-11
[TRUERES]    140  2.672801057396771e-11  2.672801057396771e-11
   141   2.322907556404446e-11
   142   2.050237991863505e-11
   143   1.757366143371222e-11
   144   1.559438528715664e-11
   145   1.388602193623504e-11
   146   1.213702692568141e-11
   147   1.105478761212175e-11
   148   9.899085568631080e-12
   149   8.808802412460683e-12
   150   8.148656621820730e-12
[TRUERES]    150  8.148656621820730e-12  8.148656621820730e-12
   151   7.386995956607360e-12
   152   6.783039849880764e-12
   153   6.393280717845612e-12
   154   5.851937469905961e-12
   155   5.461917311345409e-12
   156   5.130857911947229e-12
   157   4.669761077938570e-12
   158   4.349851626254901e-12
   159   4.010710495837128e-12
   160   3.614540367133860e-12
[TRUERES]    160  3.614540367133860e-12  3.614540367133860e-12
   161   3.348365202171272e-12
   162   3.025498052216891e-12
   163   2.699827113050579e-12
   164   2.469696025927747e-12
   165   2.187275245311904e-12
   166   1.944700364232235e-12
   167   1.745252768898767e-12
   168   1.508214081455988e-12
   169   1.320150328778652e-12
   170   1.148665187161386e-12
[TRUERES]    170  1.148665187161386e-12  1.148665187161386e-12
   171   9.683298440715734e-13
   172   8.332079567874972e-13
   173   7.062106512919990e-13
   174   5.898966662213100e-13
   175   5.072123312203725e-13
   176   4.271871001219464e-13
   177   3.603179199332819e-13
   178   3.109084409879483e-13
   179   2.623306639794928e-13
   180   2.255931255883723e-13
[TRUERES]    180  2.255931255883723e-13  2.255931255883723e-13
   181   1.975916421649437e-13
   182   1.699924931506588e-13
   183   1.511549455022235e-13
   184   1.361889931860874e-13
   185   1.210105480166380e-13
   186   1.111955867621414e-13
   187   1.012307056693890e-13
   188   9.173858497506390e-14
   189   8.570480540559276e-14
   190   7.873218408414742e-14
[TRUERES]    190  7.873218408414742e-14  7.873218408414742e-14
   191   7.285340810064534e-14
   192   6.908393029772269e-14
   193   6.406859478592204e-14
   194   6.078249495587128e-14
   195   5.833977035172718e-14
   196   5.499846059629580e-14
   197   5.317083645702384e-14
   198   5.101428267828878e-14
   199   4.791007405411196e-14
   200   4.583114486059511e-14
[TRUERES]    200  4.583114486059511e-14  4.583114486059511e-14
   201   4.272103039259529e-14
   202   3.918017396505985e-14
   203   3.640163471499925e-14
   204   3.272151697017751e-14
   205   2.932373802991451e-14
   206   2.641501547300287e-14
   207   2.302123131271195e-14
   208   2.025226690048566e-14
   209   1.775876531811209e-14
   210   1.518781722772205e-14
[TRUERES]    210  1.518781722772205e-14  1.518781722772205e-14
   211   1.324211472466533e-14
   212   1.141594658340742e-14
   213   9.677286787205639e-15
   214   8.359663130712721e-15
   215   7.067885846533619e-15
   216   5.959867190545584e-15
   217   5.099033466413239e-15
   218   4.251974400426836e-15
   219   3.573332135234578e-15
   220   3.030287410069136e-15
[TRUERES]    220  3.030287410069136e-15  3.030287410069136e-15
   221   2.524159687561698e-15
   222   2.155727365495728e-15
   223   1.851400676701901e-15
   224   1.576472490240982e-15
   225   1.386355700019041e-15
   226   1.218932068582240e-15
   227   1.076104705368491e-15
   228   9.813481195194898e-16
   229   8.889427082534895e-16
   230   8.143033837813961e-16
[TRUERES]    230  8.143033837813961e-16  8.143033837813961e-16
   231   7.670384260583669e-16
   232   7.129080030635656e-16
   233   6.766050774120028e-16
   234   6.515324465707390e-16
   235   6.188730564430763e-16
   236   6.001882153795509e-16
   237   5.777590677008493e-16
   238   5.457477101459193e-16
   239   5.232975007704518e-16
   240   4.914864065415585e-16
[TRUERES]    240  4.914864065415585e-16  4.914864065415585e-16
   241   4.544046199633126e-16
   242   4.234503199832255e-16
   243   3.833216894982788e-16
   244   3.451436466195124e-16
   245   3.106736533679360e-16
   246   2.711392202680501e-16
   247   2.377449207263217e-16
   248   2.079819686699113e-16
   249   1.782001939212764e-16
   250   1.557771977028982e-16
[TRUERES]    250  1.557771977028982e-16  1.557771977028982e-16
   251   1.349867918630095e-16
   252   1.154472497188303e-16
   253   1.005434906152000e-16
   254   8.588525932982614e-17
   255   7.289621828930729e-17
   256   6.258696215081913e-17
   257   5.260060956545213e-17
   258   4.467176507541318e-17
   259   3.852797148468098e-17
   260   3.276801900766241e-17
[TRUERES]    260  3.276801900766241e-17  3.276801900766241e-17
   261   2.848872949721271e-17
   262   2.494194555843501e-17
   263   2.169973025242548e-17
   264   1.936448328077600e-17
   265   1.726845239020342e-17
   266   1.532197768097915e-17
   267   1.398236245448731e-17
   268   1.266317436286218e-17
   269   1.159656563492751e-17
   270   1.087196681496733e-17
[TRUERES]    270  1.087196681496733e-17  1.087196681496733e-17
   271   1.010333582732292e-17
   272   9.565964778263757e-18
   273   9.156548889654087e-18
   274   8.636795688077011e-18
   275   8.280199500117333e-18
   276   7.889675553386181e-18
   277   7.391850933366054e-18
   278   6.993728042006039e-18
   279   6.492071546834745e-18
   280   5.942824132461410e-18
[TRUERES]    280  5.942824132461410e-18  5.942824132461410e-18
   281   5.480180713440808e-18
   282   4.932730420238064e-18
   283   4.427603853593922e-18
   284   3.978741113256076e-18
   285   3.490009435907577e-18
   286   3.092177430962575e-18
   287   2.739419605001435e-18
   288   2.381106834566081e-18
   289   2.091499505983178e-18
   290   1.812916129046269e-18
[TRUERES]    290  1.812916129046269e-18  1.812916129046269e-18
   291   1.547709843438615e-18
   292   1.339834195019774e-18
   293   1.143197451096796e-18
   294   9.737037850245165e-19
   295   8.431357156694357e-19
   296   7.195236780148165e-19
   297   6.191541831213469e-19
   298   5.374466811449298e-19
   299   4.594699156292717e-19
   300   3.988513805468693e-19
[TRUERES]    300  3.988513805468693e-19  3.988513805468693e-19
   301   3.479273424785387e-19
   302   3.012937196256904e-19
   303   2.672828881599588e-19
   304   2.366941143721724e-19
   305   2.090712825744316e-19
   306   1.886470409547382e-19
   307   1.693189589779350e-19
   308   1.538192825834150e-19
   309   1.429706344151913e-19
   310   1.316856696808894e-19
[TRUERES]    310  1.316856696808894e-19  1.316856696808894e-19
   311   1.232335171270950e-19
   312   1.166266601283917e-19
   313   1.087727937700612e-19
   314   1.026977718749030e-19
   315   9.643979150211084e-20
   316   8.927278881362910e-20
   317   8.383085791829251e-20
   318   7.749194044167748e-20
   319   7.078475333709085e-20
   320   6.494948681002935e-20
[TRUERES]    320  6.494948681002935e-20  6.494948681002935e-20
   321   5.804162844993722e-20
   322   5.140590326358287e-20
   323   4.554519294605770e-20
   324   3.922232671303185e-20
   325   3.394670808527122e-20
   326   2.932652725772718e-20
   327   2.488639820630926e-20
   328   2.128566499137565e-20
   329   1.807786272814494e-20
   330   1.515501779960022e-20
[TRUERES]    330  1.515501779960022e-20  1.515501779960022e-20
   331   1.290970774848222e-20
   332   1.089529522787526e-20
   333   9.205389614602921e-21
   334   7.882922758190281e-21
   335   6.663337607387121e-21
   336   5.679663763941890e-21
   337   4.893171849026808e-21
   338   4.163009094632231e-21
   339   3.587380987097486e-21
   340   3.104124685642364e-21
[TRUERES]    340  3.104124685642364e-21  3.104124685642364e-21
   341   2.660831708703386e-21
   342   2.315405751513527e-21
   343   1.997262309504373e-21
   344   1.709899184663554e-21
   345   1.485703904404881e-21
   346   1.283620607792302e-21
   347   1.119090834958550e-21
   348   9.945735180874888e-22
   349   8.787394109749567e-22
   350   7.898275843234909e-22
[TRUERES]    350  7.898275843234909e-22  7.898275843234909e-22
   351   7.212833814156392e-22
   352   6.549831136347925e-22
   353   6.085092489002079e-22
   354   5.695367913641332e-22
   355   5.311125305691367e-22
   356   5.039675328932123e-22
   357   4.743287499283620e-22
   358   4.448613624693306e-22
   359   4.215104017695173e-22
   360   3.939005984783398e-22
[TRUERES]    360  3.939005984783398e-22  3.939005984783398e-22
   361   3.676608868958673e-22
   362   3.445014697123165e-22
   363   3.171647171574566e-22
   364   2.938649680139885e-22
   365   2.718234406632084e-22
   366   2.466311180227420e-22
   367   2.254938546054039e-22
   368   2.042610859372999e-22
   369   1.825223560867591e-22
   370   1.641990653425187e-22
[TRUERES]    370  1.641990653425187e-22  1.641990653425187e-22
   371   1.454517882868512e-22
   372   1.279884150934565e-22
   373   1.137569277507766e-22
   374   9.905800837479718e-23
   375   8.597834251334972e-23
   376   7.447848295274016e-23
   377   6.332313039410789e-23
   378   5.436455613370967e-23
   379   4.666795572359243e-23
   380   3.973683809369310e-23
[TRUERES]    380  3.973683809369310e-23  3.973683809369310e-23
   381   3.444202593374228e-23
   382   2.988544231495603e-23
   383   2.597808548388650e-23
   384   2.316196473049531e-23
   385   2.066434881453190e-23
   386   1.861961292373940e-23
   387   1.707858879785043e-23
   388   1.554097439695103e-23
   389   1.432266671603407e-23
   390   1.334185610246593e-23
[TRUERES]    390  1.334185610246593e-23  1.334185610246593e-23
   391   1.235698710615169e-23
   392   1.162213702665163e-23
   393   1.096928971705074e-23
   394   1.027636588106492e-23
   395   9.793377196300521e-24
   396   9.266087590760573e-24
   397   8.740871631497649e-24
   398   8.345432796945690e-24
   399   7.852749244768049e-24
   400   7.356870365681851e-24
[TRUERES]    400  7.356870365681851e-24  7.356870365681851e-24
   401   6.890096126401650e-24
   402   6.326390048666054e-24
   403   5.823002217622899e-24
   404   5.337873819329678e-24
   405   4.813644900228816e-24
   406   4.357963580726649e-24
   407   3.876549551146555e-24
   408   3.377170659040119e-24
   409   2.941532286584231e-24
   410   2.505025514938721e-24
[TRUERES]    410  2.505025514938721e-24  2.505025514938721e-24
   411   2.114371735382588e-24
   412   1.793795281116850e-24
   413   1.502835223658113e-24
   414   1.264889010086106e-24
   415   1.070910851401141e-24
   416   8.952621576956849e-25
   417   7.557092997488921e-25
   418   6.385623428564724e-25
   419   5.337316345680792e-25
   420   4.516922179271049e-25
[TRUERES]    420  4.516922179271049e-25  4.516922179271049e-25
   421   3.810936301024778e-25
   422   3.204972364576310e-25
   423   2.734649898929119e-25
   424   2.323459927662359e-25
   425   1.987002702426285e-25
   426   1.726809285154088e-25
   427   1.497147072328494e-25
   428   1.320301878721589e-25
   429   1.183872812271105e-25
   430   1.063176225731529e-25
[TRUERES]    430  1.063176225731529e-25  1.063176225731529e-25
   431   9.748650957166505e-26
   432   8.999387401789759e-26
   433   8.318088559964480e-26
   434   7.823323776644685e-26
   435   7.330545236669593e-26
   436   6.846794456715999e-26
   437   6.440846672296262e-26
   438   5.985124332243703e-26
   439   5.554707774909522e-26
   440   5.171532980239820e-26
[TRUERES]    440  5.171532980239820e-26  5.171532980239820e-26
   441   4.741171973810748e-26
   442   4.360499679218030e-26
   443   3.990718639291658e-26
   444   3.595764646113433e-26
   445   3.264295195609552e-26
   446   2.944000482276166e-26
   447   2.633664736571769e-26
   448   2.374556437317894e-26
   449   2.111814070929411e-26
   450   1.862386998691000e-26
[TRUERES]    450  1.862386998691000e-26  1.862386998691000e-26
   451   1.643765044174626e-26
   452   1.422005142773470e-26
   453   1.227872843563197e-26
   454   1.061368851808840e-26
   455   9.041993515108822e-27
   456   7.730367247349073e-27
   457   6.554324662923589e-27
   458   5.491460316736579e-27
   459   4.642948530641055e-27
   460   3.908049537738286e-27
[TRUERES]    460  3.908049537738286e-27  3.908049537738286e-27
   461   3.274251871007443e-27
   462   2.783433715371942e-27
   463   2.347894125914740e-27
   464   1.984220605004873e-27
   465   1.692722827269009e-27
   466   1.430186402719302e-27
   467   1.218045328387199e-27
   468   1.045292025226830e-27
   469   8.929154893739774e-28
   470   7.766244706220038e-28
[TRUERES]    470  7.766244706220038e-28  7.766244706220038e-28
   471   6.816325476619646e-28
   472   6.002276758081147e-28
   473   5.412524211163584e-28
   474   4.913545126284591e-28
   475   4.480630539062297e-28
   476   4.157961435727469e-28
   477   3.843270933244737e-28
   478   3.573464430643744e-28
   479   3.358634430129133e-28
   480   3.134678689390548e-28
[TRUERES]    480  3.134678689390548e-28  3.134678689390548e-28
   481   2.954432830746348e-28
   482   2.798297940531670e-28
   483   2.627310211497687e-28
   484   2.487787005341241e-28
   485   2.336582765452561e-28
   486   2.171637815889471e-28
   487   2.026266045643870e-28
   488   1.864931902965415e-28
   489   1.702798750581407e-28
   490   1.553352950511389e-28
[TRUERES]    490  1.553352950511389e-28  1.553352950511389e-28
   491   1.383866673243081e-28
   492   1.216659146379876e-28
   493   1.057336193149489e-28
   494   8.996842130751192e-29
   495   7.677923986970106e-29
   496   6.517366014757975e-29
   497   5.485270381548443e-29
   498   4.651180388600442e-29
   499   3.926230673238261e-29
   500   3.295166878520179e-29
[TRUERES]    500  3.295166878520179e-29  3.295166878520179e-29
   501   2.789020965278997e-29
   502   2.335337458227239e-29
   503   1.947584986802884e-29
   504   1.636349950152694e-29
   505   1.363568965149118e-29
   506   1.145158111817746e-29
   507   9.702974693683209e-30
   508   8.207559601641426e-30
   509   7.043213439229262e-30
   510   6.077504079893395e-30
[TRUERES]    510  6.077504079893395e-30  6.077504079893395e-30
   511   5.244493450701088e-30
   512   4.619498102081782e-30
   513   4.088842081906940e-30
   514   3.637313026835044e-30
   515   3.296149383960794e-30
   516   2.988726725284266e-30
   517   2.739809075984470e-30
   518   2.546086797582934e-30
   519   2.346603203568293e-30
   520   2.179541591420934e-30
[TRUERES]    520  2.179541591420934e-30  2.179541591420934e-30
   521   2.031954930413889e-30
   522   1.877774915607930e-30
   523   1.751569757959206e-30
   524   1.627162119443262e-30
   525   1.496640376310747e-30
   526   1.381451878628164e-30
   527   1.259041990190628e-30
   528   1.138075386565143e-30
   529   1.032345224036591e-30
   530   9.234033354963623e-31
[TRUERES]    530  9.234033354963623e-31  9.234033354963623e-31
   531   8.244680527627013e-31
   532   7.381018875997514e-31
   533   6.523729328244886e-31
   534   5.768508660009764e-31
   535   5.054283253250948e-31
   536   4.365502210353411e-31
   537   3.764050040045053e-31
   538   3.205200865955799e-31
   539   2.697245114732919e-31
   540   2.276864538293031e-31
[TRUERES]    540  2.276864538293031e-31  2.276864538293031e-31
   541   1.901472543954556e-31
   542   1.590132530138168e-31
   543   1.341521537712294e-31
   544   1.128517216885355e-31
   545   9.583962990888832e-32
   546   8.242877260554767e-32
   547   7.091699082855167e-32
   548   6.229839916118634e-32
   549   5.529476759859757e-32
   550   4.931823619742014e-32
[TRUERES]    550  4.931823619742014e-32  4.931823619742014e-32
   551   4.481208816371767e-32
   552   4.081118978966615e-32
   553   3.739284182553425e-32
   554   3.469133098969142e-32
   555   3.213054155504479e-32
   556   3.003031003850007e-32
   557   2.837290485049756e-32
   558   2.671938904667659e-32
   559   2.535604798394981e-32
   560   2.411017485019222e-32
[TRUERES]    560  2.411017485019222e-32  2.411017485019222e-32
   561   2.271909684020802e-32
   562   2.152072053651098e-32
   563   2.020535690942719e-32
   564   1.869020571268699e-32
   565   1.727115749780466e-32
   566   1.573394618613464e-32
   567   1.419590936038326e-32
   568   1.278258013194673e-32
   569   1.126843823067176e-32
   570   9.847530748620289e-33
[TRUERES]    570  9.847530748620289e-33  9.847530748620289e-33
   571   8.546714443257316e-33
   572   7.307825071343073e-33
   573   6.274501897938503e-33
   574   5.383131691254737e-33
   575   4.580782582561215e-33
   576   3.925101109318029e-33
   577   3.337795586791150e-33
   578   2.813017471996389e-33
   579   2.385517670204981e-33
   580   2.008714253723235e-33
[TRUERES]    580  2.008714253723235e-33  2.008714253723235e-33
   581   1.693015618476928e-33
   582   1.435872932489887e-33
   583   1.206648009465867e-33
   584   1.016557806292058e-33
   585   8.595161668119200e-34
   586   7.242881746933912e-34
   587   6.174993869106815e-34
   588   5.297843621103141e-34
   589   4.547589906427297e-34
   590   3.962183331902986e-34
[TRUERES]    590  3.962183331902986e-34  3.962183331902986e-34
   591   3.451602361445987e-34
   592   3.012085015361969e-34
   593   2.656906846380756e-34
   594   2.336186417021907e-34
   595   2.066750114788301e-34
   596   1.846566118792842e-34
   597   1.644561508278152e-34
   598   1.473737041999862e-34
   599   1.327238337160157e-34
   600   1.192632076845998e-34
[TRUERES]    600  1.192632076845998e-34  1.192632076845998e-34
   601   1.083562569981312e-34
   602   9.834698165606441e-35
   603   8.914100525483700e-35
   604   8.161461526680831e-35
   605   7.435547212365303e-35
   606   6.756517314299325e-35
   607   6.151627133779276e-35
   608   5.533370239343616e-35
   609   4.970260252058562e-35
   610   4.452510477234091e-35
[TRUERES]    610  4.452510477234091e-35  4.452510477234091e-35
   611   3.930265419645183e-35
   612   3.475945759845389e-35
   613   3.049968251151064e-35
   614   2.636004254988345e-35
   615   2.277657110340215e-35
   616   1.948884395697680e-35
   617   1.655250037912012e-35
   618   1.406357844869311e-35
   619   1.180063699953377e-35
   620   9.861840452272798e-36
[TRUERES]    620  9.861840452272798e-36  9.861840452272798e-36
   621   8.266440648909617e-36
   622   6.838669427437237e-36
   623   5.665538889492125e-36
   624   4.705088250234704e-36
   625   3.886382417309533e-36
   626   3.249997800422879e-36
   627   2.720502188335494e-36
   628   2.265590654166676e-36
   629   1.903667613419857e-36
   630   1.588615689798241e-36
[TRUERES]    630  1.588615689798241e-36  1.588615689798241e-36
   631   1.322340085293445e-36
   632   1.109651148016751e-36
   633   9.260376421245111e-37
   634   7.752627824576317e-37
   635   6.536617263282178e-37
   636   5.492169538835813e-37
   637   4.669910438280919e-37
   638   3.994114226349664e-37
   639   3.412486461384099e-37
   640   2.956560012719178e-37
[TRUERES]    640  2.956560012719178e-37  2.956560012719178e-37
   641   2.574799480838335e-37
   642   2.245346008527031e-37
   643   1.981989068290756e-37
   644   1.749927158490746e-37
   645   1.557900083848065e-37
   646   1.412272534816844e-37
   647   1.283177648997261e-37
   648   1.177900625423243e-37
   649   1.088858485549824e-37
   650   9.990157845526676e-38
[TRUERES]    650  9.990157845526676e-38  9.990157845526678e-38
   651   9.218289075557942e-38
   652   8.495769930096231e-38
   653   7.764601784014604e-38
   654   7.120269555316131e-38
   655   6.473913358795251e-38
   656   5.855505899741898e-38
   657   5.325147799803332e-38
   658   4.801367757859733e-38
   659   4.309139830396051e-38
   660   3.852127239825424e-38
[TRUERES]    660  3.852127239825424e-38  3.852127239825420e-38
   661   3.382790983968998e-38
   662   2.951425618138182e-38
   663   2.568084560031923e-38
   664   2.203195014046995e-38
   665   1.891929736980290e-38
   666   1.612977556004580e-38
   667   1.363124524844590e-38
   668   1.157296122024492e-38
   669   9.768352918957962e-39
   670   8.197157678864718e-39
[TRUERES]    670  8.197157678864718e-39  8.197157678864698e-39
   671   6.895657228184297e-39
   672   5.731490689929974e-39
   673   4.749702969755175e-39
   674   3.939563899466496e-39
   675   3.237264684077632e-39
   676   2.672527344103056e-39
   677   2.218758967560551e-39
   678   1.842842531070223e-39
   679   1.550946169365148e-39
   680   1.308217786805729e-39
[TRUERES]    680  1.308217786805729e-39  1.308217786805731e-39
   681   1.100228515762713e-39
   682   9.336282071211949e-40
   683   7.915850987646083e-40
   684   6.767540957376059e-40
   685   5.883374604061696e-40
   686   5.143932172797844e-40
   687   4.558069509170951e-40
   688   4.103281732622229e-40
   689   3.703954971996353e-40
   690   3.397385129245867e-40
[TRUERES]    690  3.397385129245867e-40  3.397385129245915e-40
   691   3.147641851934500e-40
   692   2.921093019465946e-40
   693   2.742970473290714e-40
   694   2.586460665323458e-40
   695   2.447809643303252e-40
   696   2.344274273106423e-40
   697   2.232351443477831e-40
   698   2.123749381374639e-40
   699   2.022288028859009e-40
   700   1.899187065445635e-40
[TRUERES]    700  1.899187065445635e-40  1.899187065445625e-40
   701   1.773820869192055e-40
   702   1.645144707091773e-40
   703   1.497217767137961e-40
   704   1.358163529492557e-40
   705   1.219833715150876e-40
   706   1.081122665093169e-40
   707   9.595240571456266e-41
   708   8.402691459384821e-41
   709   7.292159054084543e-41
   710   6.324496578566930e-41
[TRUERES]    710  6.324496578566930e-41  6.324496578566848e-41
   711   5.406914632326618e-41
   712   4.592317750423018e-41
   713   3.882012641017300e-41
   714   3.229191110650683e-41
   715   2.680481099363994e-41
   716   2.228929847078612e-41
   717   1.844233520746935e-41
   718   1.535729785709636e-41
   719   1.272977245907678e-41
   720   1.043879777466141e-41
[TRUERES]    720  1.043879777466141e-41  1.043879777466096e-41
   721   8.609210836090856e-42
   722   7.048997507404990e-42
   723   5.764348224002773e-42
   724   4.744493337205104e-42
   725   3.893798091701500e-42
   726   3.207785407597307e-42
   727   2.666867458817638e-42
   728   2.209275097719565e-42
   729   1.848705609777528e-42
   730   1.553488159944895e-42
[TRUERES]    730  1.553488159944895e-42  1.553488159944913e-42
   731   1.300608767733362e-42
   732   1.100986038448397e-42
   733   9.386027284436618e-43
   734   8.004763762887278e-43
   735   6.905059515616944e-43
   736   5.961669259263975e-43
   737   5.176105300142467e-43
   738   4.561607806219593e-43
   739   4.019166661873584e-43
   740   3.563473745285335e-43
[TRUERES]    740  3.563473745285335e-43  3.563473745285924e-43
   741   3.183750780603809e-43
   742   2.842441589955832e-43
   743   2.571630813500671e-43
   744   2.352168148621805e-43
   745   2.166950560983622e-43
   746   2.028705809888159e-43
   747   1.902665266972910e-43
   748   1.785384505510652e-43
   749   1.683967267459175e-43
   750   1.573109969184014e-43
[TRUERES]    750  1.573109969184014e-43  1.573109969184512e-43
   751   1.458753941354500e-43
   752   1.345869839897964e-43
   753   1.220292215801822e-43
   754   1.098765992568852e-43
   755   9.823108065125996e-44
   756   8.630031511888736e-44
   757   7.560333004565865e-44
   758   6.572322196403676e-44
   759   5.663865199186445e-44
   760   4.896145085827547e-44
[TRUERES]    760  4.896145085827547e-44  4.896145085826167e-44
   761   4.205391089418447e-44
   762   3.584246966172512e-44
   763   3.057059095196298e-44
   764   2.586624906012476e-44
   765   2.184778298806872e-44
   766   1.853976956386586e-44
   767   1.569674260201236e-44
   768   1.338781839412746e-44
   769   1.146226662000700e-44
   770   9.807191063538734e-45
[TRUERES]    770  9.807191063538734e-45  9.807191063518311e-45
   771   8.475671395574475e-45
   772   7.321884758748000e-45
   773   6.336974146167176e-45
   774   5.559780122020236e-45
   775   4.877027231422960e-45
   776   4.283160794094025e-45
   777   3.772484858195975e-45
   778   3.299022564521477e-45
   779   2.894678692971379e-45
   780   2.551538427021882e-45
[TRUERES]    780  2.551538427021882e-45  2.551538427030274e-45
   781   2.244601909557845e-45
   782   1.998582657705243e-45
   783   1.800235622889398e-45
   784   1.626483234728355e-45
   785   1.489880917919956e-45
   786   1.366606369665097e-45
   787   1.253895921671195e-45
   788   1.157590693240291e-45
   789   1.064633337494714e-45
   790   9.791411815030111e-46
[TRUERES]    790  9.791411815030111e-46  9.791411815064862e-46
   791   8.985613136471502e-46
   792   8.117959574434120e-46
   793   7.296713210092937e-46
   794   6.524719843855926e-46
   795   5.752895839002315e-46
   796   5.066032996438108e-46
   797   4.420142383014742e-46
   798   3.815130089062351e-46
   799   3.292550284868470e-46
   800   2.816721880318590e-46
[TRUERES]    800  2.816721880318590e-46  2.816721880345569e-46
   801   2.391085145128971e-46
   802   2.038482751095554e-46
   803   1.726473018664517e-46
   804   1.461020767140549e-46
   805   1.239343594177307e-46
   806   1.042125088871865e-46
   807   8.781101830284544e-47
   808   7.399213696453017e-47
   809   6.181177384987455e-47
   810   5.173707588257669e-47
[TRUERES]    810  5.173707588257669e-47  5.173707588376581e-47
   811   4.303510866895562e-47
   812   3.558839040892875e-47
   813   2.957134333035596e-47
   814   2.440330397104651e-47
   815   1.997666618629240e-47
   816   1.641975221214933e-47
   817   1.342555762876904e-47
   818   1.098390574965421e-47
   819   9.038086617913335e-48
   820   7.439013068561114e-48
[TRUERES]    820  7.439013068561114e-48  7.439013068248306e-48
   821   6.177527304903436e-48
   822   5.179273941065686e-48
   823   4.349170097393176e-48
   824   3.710712935394710e-48
   825   3.187419475449748e-48
   826   2.754130885122935e-48
   827   2.413423876133679e-48
   828   2.123254110643065e-48
   829   1.883730871258215e-48
   830   1.693970804847669e-48
[TRUERES]    830  1.693970804847669e-48  1.693970804945739e-48
   831   1.524617430943960e-48
   832   1.381485421417236e-48
   833   1.259874239496831e-48
   834   1.144123039080354e-48
   835   1.046087037367038e-48
   836   9.641735948633501e-49
   837   8.892193373213679e-49
   838   8.303424148545348e-49
   839   7.775583261856819e-49
   840   7.292511414900075e-49
[TRUERES]    840  7.292511414900075e-49  7.292511416495460e-49
   841   6.898547086088974e-49
   842   6.495339147978988e-49
   843   6.090406926677236e-49
   844   5.697390026805386e-49
   845   5.263392154039378e-49
   846   4.850223252288548e-49
   847   4.442229882144826e-49
   848   4.006208537653957e-49
   849   3.596923360357245e-49
   850   3.197932256576196e-49
[TRUERES]    850  3.197932256576196e-49  3.197932256767370e-49
   851   2.808044842977918e-49
   852   2.463185501823453e-49
   853   2.136337991435480e-49
   854   1.835686271812891e-49
   855   1.572102970495456e-49
   856   1.326233748481748e-49
   857   1.112035960936999e-49
   858   9.272383781993125e-50
   859   7.643694072719203e-50
   860   6.314682381567903e-50
[TRUERES]    860  6.314682381567903e-50  6.314682380628487e-50
   861   5.225156280401481e-50
   862   4.313874383589102e-50
   863   3.595442080848578e-50
   864   3.001355077164911e-50
   865   2.507697355374579e-50
   866   2.114657672243233e-50
   867   1.785827339559057e-50
   868   1.512400099333299e-50
   869   1.289824329212777e-50
   870   1.092999601387372e-50
[TRUERES]    870  1.092999601387372e-50  1.092999603094961e-50
   871   9.282751348603835e-51
   872   7.939854527051176e-51
   873   6.792021190423898e-51
   874   5.890417878877850e-51
   875   5.149545175552716e-51
   876   4.526237710088863e-51
   877   4.051745391561637e-51
   878   3.665599319212989e-51
   879   3.341401712490805e-51
   880   3.078211814266849e-51
[TRUERES]    880  3.078211814266849e-51  3.078211811842650e-51
   881   2.833384264945679e-51
   882   2.619066872930971e-51
   883   2.440559783245701e-51
   884   2.273829809085809e-51
   885   2.135323497980465e-51
   886   2.009931486349105e-51
   887   1.876557906630044e-51
   888   1.754388508222216e-51
   889   1.626963703010328e-51
   890   1.491118638528344e-51
[TRUERES]    890  1.491118638528344e-51  1.491118642400502e-51
   891   1.361113179066421e-51
   892   1.224555224058333e-51
   893   1.089032481525855e-51
   894   9.624768969836696e-52
   895   8.386871798392363e-52
   896   7.266966389282357e-52
   897   6.262754457404077e-52
   898   5.330952554228353e-52
   899   4.514168982872373e-52
   900   3.799436806666956e-52
[TRUERES]    900  3.799436806666956e-52  3.799436801095349e-52
   901   3.149994379266842e-52
   902   2.608430376289485e-52
   903   2.146218196051143e-52
   904   1.759149553249606e-52
   905   1.450357440070795e-52
   906   1.188279547406041e-52
   907   9.717221641525217e-53
   908   7.968589475575906e-53
   909   6.483949010168365e-53
   910   5.286304529631754e-53
[TRUERES]    910  5.286304529631754e-53  5.286304445636053e-53
   911   4.321469000953470e-53
   912   3.515516196559638e-53
   913   2.885521623872706e-53
   914   2.386232848072291e-53
   915   1.981696243128558e-53
   916   1.669132777101796e-53
   917   1.415552498821595e-53
   918   1.204255745377569e-53
   919   1.033337888682118e-53
   920   8.858602802994596e-54
[TRUERES]    920  8.858602802994596e-54  8.858602542872632e-54
   921   7.632783542763488e-54
   922   6.633429640990486e-54
   923   5.774044734817708e-54
   924   5.085288744781203e-54
   925   4.523534995088397e-54
   926   4.042286907255636e-54
   927   3.668479559899751e-54
   928   3.368928032354688e-54
   929   3.120732989808430e-54
   930   2.915243010318226e-54
[TRUERES]    930  2.915243010318226e-54  2.915243136771333e-54
   931   2.715307437487107e-54
   932   2.525043511618766e-54
   933   2.355346511981581e-54
   934   2.184159170784707e-54
   935   2.024891739045174e-54
   936   1.877942464600132e-54
   937   1.726805027602316e-54
   938   1.579384383299269e-54
   939   1.429702319448815e-54
   940   1.268763061941331e-54
[TRUERES]    940  1.268763061941331e-54  1.268763094965717e-54
   941   1.116298332820067e-54
   942   9.677524756663451e-55
   943   8.252182801311776e-55
   944   7.008250233817010e-55
   945   5.882420584841231e-55
   946   4.908216209994358e-55
   947   4.101942001299353e-55
   948   3.399968878006081e-55
   949   2.821197794508837e-55
   950   2.334460894545754e-55
[TRUERES]    950  2.334460894545754e-55  2.334461354871861e-55
   951   1.912549760522619e-55
   952   1.569302113366104e-55
   953   1.288129829552012e-55
   954   1.052819733336890e-55
   955   8.667068538220070e-56
   956   7.144843090206857e-56
   957   5.895449944564917e-56
   958   4.903293890493104e-56
   959   4.062614577014873e-56
   960   3.368172495262125e-56
[TRUERES]    960  3.368172495262125e-56  3.368175239270118e-56
   961   2.796374448354859e-56
   962   2.308097870716449e-56
   963   1.916339217785850e-56
   964   1.598930776495158e-56
   965   1.333777909588547e-56
   966   1.122638016004463e-56
   967   9.492622519431103e-57
   968   8.035848461587588e-57
   969   6.869489108542072e-57
   970   5.893414586833656e-57
[TRUERES]    970  5.893414586833656e-57  5.893439433183551e-57
   971   5.079362092554791e-57
   972   4.440276121078452e-57
   973   3.903378760188283e-57
   974   3.471450030847302e-57
   975   3.125873448686194e-57
   976   2.830656977568687e-57
   977   2.601418386920536e-57
   978   2.415543991792763e-57
   979   2.248998106515304e-57
   980   2.108394887236172e-57
[TRUERES]    980  2.108394887236172e-57  2.108412690193858e-57
   981   1.973842607895497e-57
   982   1.837902879922823e-57
   983   1.712599402867137e-57
   984   1.577699161879294e-57
   985   1.440855096004050e-57
   986   1.309659003641992e-57
   987   1.173945345621766e-57
   988   1.045150635225771e-57
   989   9.228680206031907e-58
   990   8.035934814486003e-58
[TRUERES]    990  8.035934814486003e-58  8.036174563290359e-58
   991   6.974020256370517e-58
   992   6.008347414041517e-58
   993   5.112998981139801e-58
   994   4.340661052272869e-58
   995   3.647921549987845e-58
   996   3.045439882883330e-58
   997   2.541654141114832e-58
   998   2.102912465949044e-58
   999   1.734405693058294e-58
  1000   1.431116290612682e-58
[TRUERES]   1000  1.431116290612682e-58  1.431300561506486e-58
  1001   1.170194210526011e-58
  1002   9.548971167970501e-59
  1003   7.761045325085715e-59
  1004   6.263840556462751e-59
  1005   5.065093912876795e-59
  1006   4.080380012699213e-59
  1007   3.276524967825669e-59
  1008   2.650035057004179e-59
  1009   2.139057434336284e-59
  1010   1.723757060376479e-59
[TRUERES]   1010  1.723757060376479e-59  1.725625165480639e-59
  1011   1.395359122296692e-59
  1012   1.121387480761696e-59
  1013   9.019165636632090e-60
  1014   7.287041315685159e-60
  1015   5.879674622978083e-60
  1016   4.769818327189038e-60
  1017   3.891704441075331e-60
  1018   3.182421552523182e-60
  1019   2.623875413615583e-60
  1020   2.175650885374947e-60
[TRUERES]   1020  2.175650885374947e-60  2.194752235520102e-60
  1021   1.808996800218836e-60
  1022   1.518678922227998e-60
  1023   1.276237191911506e-60
  1024   1.076621681652727e-60
  1025   9.160647085967462e-61
  1026   7.786871992552351e-61
  1027   6.672772422557695e-61
  1028   5.779856667159277e-61
  1029   5.018107712877935e-61
  1030   4.408862036381706e-61
[TRUERES]   1030  4.408862036381706e-61  4.602166045104721e-61
  1031   3.895748734605029e-61
  1032   3.452581179965559e-61
  1033   3.090985826872439e-61
  1034   2.769644998512203e-61
  1035   2.486713385741758e-61
  1036   2.252056927240466e-61
  1037   2.041390308835689e-61
  1038   1.854671794044024e-61
  1039   1.693700024901156e-61
  1040   1.539757372076309e-61
[TRUERES]   1040  1.539757372076309e-61  1.733692052427266e-61
  1041   1.406466569068866e-61
  1042   1.291062432734059e-61
  1043   1.181032370772574e-61
  1044   1.084872188027971e-61
  1045   9.934174032809297e-62
  1046   9.054577961056889e-62
  1047   8.246736752057246e-62
  1048   7.427096586302469e-62
  1049   6.621551088960354e-62
  1050   5.864041013230699e-62
[TRUERES]   1050  5.864041013230699e-62  7.787732965188284e-62
  1051   5.102136737042605e-62
  1052   4.394168258465155e-62
  1053   3.765262149306984e-62
  1054   3.185162591975361e-62
  1055   2.686860674075386e-62
  1056   2.248267088364755e-62
  1057   1.860170577214250e-62
  1058   1.536506756796532e-62
  1059   1.260919776830789e-62
  1060   1.031406213980059e-62
[TRUERES]   1060  1.031406213980059e-62  2.964484580788483e-62
  1061   8.450434237425897e-63
  1062   6.877996644946049e-63
  1063   5.596962860645349e-63
  1064   4.574189888695723e-63
  1065   3.717745724195648e-63
  1066   3.028256234745387e-63
  1067   2.477249541418216e-63
  1068   2.012833675339953e-63
  1069   1.636692275314673e-63
  1070   1.328522285674660e-63
[TRUERES]   1070  1.328522285674660e-63  2.035669540908880e-62
  1071   1.072800589919728e-63
  1072   8.702752187705630e-64
  1073   7.061352638442077e-64
  1074   5.724474300157773e-64
  1075   4.660000952181742e-64
  1076   3.773228027187307e-64
  1077   3.056041891467650e-64
  1078   2.486150925622400e-64
  1079   2.014317166643548e-64
  1080   1.640427275245529e-64
[TRUERES]   1080  1.640427275245529e-64  1.942820492021828e-62
  1081   1.343320237965880e-64
  1082   1.102714318675693e-64
  1083   9.127573973802244e-65
  1084   7.584743182559039e-65
  1085   6.328523370905142e-65
  1086   5.342481797673937e-65
  1087   4.536207625520387e-65
  1088   3.874950356368216e-65
  1089   3.351248770444140e-65
  1090   2.921282630967811e-65
[TRUERES]   1090  2.921282630967811e-65  1.973041218111085e-62
  1091   2.573286921891169e-65
  1092   2.297787590250646e-65
  1093   2.057407672223948e-65
  1094   1.854588461962477e-65
  1095   1.681675648464787e-65
  1096   1.529034975120766e-65
  1097   1.408055623905991e-65
  1098   1.305369861225622e-65
  1099   1.209251496263578e-65
  1100   1.123126869254921e-65
[TRUERES]   1100  1.123126869254921e-65  1.940419944132367e-62
  1101   1.034524179364197e-65
  1102   9.467532404462251e-66
  1103   8.658317966031497e-66
  1104   7.851272293028905e-66
  1105   7.091253677415706e-66
  1106   6.383287534078770e-66
  1107   5.672007096490303e-66
  1108   5.011983317247633e-66
  1109   4.381219559338634e-66
  1110   3.775108974330933e-66
[TRUERES]   1110  3.775108974330933e-66  1.982819722153653e-62
  1111   3.241294207645826e-66
  1112   2.757093760396061e-66
  1113   2.329235204243865e-66
  1114   1.966609304518198e-66
  1115   1.642436080977134e-66
  1116   1.366375570448429e-66
  1117   1.135450733646809e-66
  1118   9.342207373253352e-67
  1119   7.682725361725705e-67
  1120   6.330844324527445e-67
[TRUERES]   1120  6.330844324527445e-67  1.988171310332962e-62
  1121   5.189615486816995e-67
  1122   4.260406851646435e-67
  1123   3.488251674140021e-67
  1124   2.837935049297131e-67
  1125   2.315926651632255e-67
  1126   1.887825273506530e-67
  1127   1.537413947477604e-67
  1128   1.257848176355025e-67
  1129   1.024490983652368e-67
  1130   8.352824966281706e-68
[TRUERES]   1130  8.352824966281706e-68  1.991659417722770e-62
  1131   6.815320155559255e-68
  1132   5.527524118830224e-68
  1133   4.475941561239868e-68
  1134   3.609633117053091e-68
  1135   2.894612087371987e-68
  1136   2.328309895454841e-68
  1137   1.874043460333557e-68
  1138   1.505119589901870e-68
  1139   1.217206841726741e-68
  1140   9.819274718375726e-69
[TRUERES]   1140  9.819274718375726e-69  1.994157941003910e-62
  1141   7.910634102558747e-69
  1142   6.379323686206614e-69
  1143   5.120113837388341e-69
  1144   4.111187097057175e-69
  1145   3.314246937154103e-69
  1146   2.663447523699611e-69
  1147   2.148526783790069e-69
  1148   1.732990758170862e-69
  1149   1.387001743731245e-69
  1150   1.112497095222322e-69
[TRUERES]   1150  1.112497095222322e-69  1.994129930142149e-62
  1151   8.891068725607971e-70
  1152   7.067263331876326e-70
  1153   5.630497414473796e-70
  1154   4.469115869102411e-70
  1155   3.547751698298357e-70
  1156   2.818613708746620e-70
  1157   2.223916385199259e-70
  1158   1.760453743900970e-70
  1159   1.397878500359355e-70
  1160   1.102485196282441e-70
[TRUERES]   1160  1.102485196282441e-70  1.994533034965760e-62
  1161   8.710130073680428e-71
  1162   6.875894834413343e-71
  1163   5.389015270550454e-71
  1164   4.233170708509233e-71
  1165   3.320888692389246e-71
  1166   2.605423260997544e-71
  1167   2.055563111286720e-71
  1168   1.619483297668693e-71
  1169   1.277736944130193e-71
  1170   1.012869365816430e-71
[TRUERES]   1170  1.012869365816430e-71  1.994521351396801e-62
  1171   7.992437052879838e-72
  1172   6.311986681356512e-72
  1173   4.985033074740868e-72
  1174   3.914328840093999e-72
  1175   3.081285757833815e-72
  1176   2.424212154765879e-72
  1177   1.908864375173931e-72
  1178   1.515271308470628e-72
  1179   1.201261493273105e-72
  1180   9.497794382923048e-73
[TRUERES]   1180  9.497794382923048e-73  1.994517970218103e-62
  1181   7.527592113652927e-73
  1182   5.943488295979488e-73
  1183   4.681272866889647e-73
  1184   3.700748105733719e-73
  1185   2.915456873165723e-73
  1186   2.301632257148182e-73
  1187   1.819264760610589e-73
  1188   1.435596345947144e-73
  1189   1.136971737953494e-73
  1190   8.992366816940252e-74
[TRUERES]   1190  8.992366816940252e-74  1.994518481684001e-62
  1191   7.096391972970448e-74
  1192   5.639493644376679e-74
  1193   4.478329425295118e-74
  1194   3.549515858458492e-74
  1195   2.828341036273854e-74
  1196   2.239393290256618e-74
  1197   1.767544798252559e-74
  1198   1.398038053905833e-74
  1199   1.099023062574095e-74
  1200   8.654409387224205e-75
[TRUERES]   1200  8.654409387224205e-75  1.994518451623289e-62
  1201   6.816660354602306e-75
  1202   5.340817589926677e-75
  1203   4.190527616094343e-75
  1204   3.279927613775936e-75
  1205   2.555361774519390e-75
  1206   1.998080751464872e-75
  1207   1.565635274891207e-75
  1208   1.227772268640947e-75
  1209   9.729575292137498e-76
  1210   7.728091541599800e-76
[TRUERES]   1210  7.728091541599800e-76  1.994518416322809e-62
  1211   6.177879710358460e-76
  1212   4.969251050855077e-76
  1213   3.985187276045493e-76
  1214   3.201218770915098e-76
  1215   2.580618017490338e-76
  1216   2.076654289124758e-76
  1217   1.678132404984504e-76
  1218   1.354326962801694e-76
  1219   1.089006173451949e-76
  1220   8.768684569166804e-77
[TRUERES]   1220  8.768684569166804e-77  1.994518411680997e-62
  1221   7.018194257673523e-77
  1222   5.588905299451629e-77
  1223   4.450553323760976e-77
  1224   3.524121193696660e-77
  1225   2.797676555293699e-77
  1226   2.241219759477353e-77
  1227   1.800265110486805e-77
  1228   1.461756884672656e-77
  1229   1.196286000643290e-77
  1230   9.785306323364490e-78
[TRUERES]   1230  9.785306323364490e-78  1.994518411975168e-62
  1231   8.012095790973160e-78
  1232   6.531965525221523e-78
  1233   5.299958027762361e-78
  1234   4.318541290568186e-78
  1235   3.508126415704470e-78
  1236   2.857397191865390e-78
  1237   2.335649544302164e-78
  1238   1.900074452549368e-78
  1239   1.547574555402774e-78
  1240   1.264692443746877e-78
[TRUERES]   1240  1.264692443746877e-78  1.994518411727386e-62
  1241   1.026536420083121e-78
  1242   8.342081119747490e-79
  1243   6.756552563068084e-79
  1244   5.445528616578457e-79
  1245   4.398817403748911e-79
  1246   3.535715919387207e-79
  1247   2.820750961636423e-79
  1248   2.249478553329693e-79
  1249   1.779554410922439e-79
  1250   1.406835751690022e-79
[TRUERES]   1250  1.406835751690022e-79  1.994518411974492e-62
  1251   1.115799059616928e-79
  1252   8.827777033955174e-80
  1253   7.010531228643168e-80
  1254   5.580359415784877e-80
  1255   4.441373820099840e-80
  1256   3.556813755451496e-80
  1257   2.844686458548965e-80
  1258   2.262261105480143e-80
  1259   1.801757062083067e-80
  1260   1.427591195393191e-80
[TRUERES]   1260  1.427591195393191e-80  1.994518411974427e-62
  1261   1.122290988278396e-80
  1262   8.811416162076578e-81
  1263   6.873624949938647e-81
  1264   5.351231753422029e-81
  1265   4.181501510164318e-81
  1266   3.266514035060683e-81
  1267   2.565527552747453e-81
  1268   2.019579330485716e-81
  1269   1.585877417834545e-81
  1270   1.251189418016416e-81
[TRUERES]   1270  1.251189418016416e-81  1.994518411974422e-62
  1271   9.866774657662717e-82
  1272   7.750361754286562e-82
  1273   6.124900343326911e-82
  1274   4.855036046691577e-82
  1275   3.850233783873260e-82
  1276   3.066082805100706e-82
  1277   2.439903190744983e-82
  1278   1.949393882191481e-82
  1279   1.564737879671847e-82
  1280   1.253437906447998e-82
[TRUERES]   1280  1.253437906447998e-82  1.994518411974422e-62
  1281   1.008009634805540e-82
  1282   8.139998838664875e-83
  1283   6.560243491844858e-83
  1284   5.316530120161036e-83
  1285   4.306366592285300e-83
  1286   3.470529811283158e-83
  1287   2.803746542035141e-83
  1288   2.246807542052540e-83
  1289   1.794918494135269e-83
  1290   1.434793579348602e-83
[TRUERES]   1290  1.434793579348602e-83  1.994518411974422e-62
  1291   1.141316374161885e-83
  1292   9.068975818613956e-84
  1293   7.257256024495418e-84
  1294   5.800719461513530e-84
  1295   4.666110721929649e-84
  1296   3.752062010635758e-84
  1297   3.003588573180837e-84
  1298   2.409227883453887e-84
  1299   1.932836939309070e-84
  1300   1.542625292229220e-84
[TRUERES]   1300  1.542625292229220e-84  1.994518411974422e-62
  1301   1.233782750906888e-84
  1302   9.824602357900788e-85
  1303   7.794844850101559e-85
  1304   6.193835402932447e-85
  1305   4.911705403794151e-85
  1306   3.907268205596047e-85
  1307   3.119529305948464e-85
  1308   2.486361616254487e-85
  1309   1.993971999362601e-85
  1310   1.606402787715595e-85
[TRUERES]   1310  1.606402787715595e-85  1.994518411974422e-62
  1311   1.286619015240434e-85
  1312   1.030481515153350e-85
  1313   8.210423938571598e-86
  1314   6.511258932413188e-86
  1315   5.183340239126679e-86
  1316   4.121652669275094e-86
  1317   3.275139774757746e-86
  1318   2.619278821674021e-86
  1319   2.088638871720645e-86
  1320   1.665565900037279e-86
[TRUERES]   1320  1.665565900037279e-86  1.994518411974422e-62
  1321   1.329707952495243e-86
  1322   1.055730597314442e-86
  1323   8.356290507325250e-87
  1324   6.595397912710662e-87
  1325   5.165271778099884e-87
  1326   4.048822103253990e-87
  1327   3.168669807343235e-87
  1328   2.477283723107510e-87
  1329   1.950669984288996e-87
  1330   1.534663153260431e-87
[TRUERES]   1330  1.534663153260431e-87  1.994518411974422e-62
  1331   1.211535850609889e-87
  1332   9.643354064636505e-88
  1333   7.677750926236852e-88
  1334   6.123944377915446e-88
  1335   4.891970581930510e-88
  1336   3.886043649982858e-88
  1337   3.092217006615218e-88
  1338   2.461036233052390e-88
  1339   1.946611775583927e-88
  1340   1.539113757526601e-88
[TRUERES]   1340  1.539113757526601e-88  1.994518411974422e-62
  1341   1.213906921887889e-88
  1342   9.572977091973532e-89
  1343   7.608870001859453e-89
  1344   6.045606164363562e-89
  1345   4.814921814451343e-89
  1346   3.863225060502770e-89
  1347   3.102508770516785e-89
  1348   2.506336130269982e-89
  1349   2.033483343358059e-89
  1350   1.646515182724685e-89
[TRUERES]   1350  1.646515182724685e-89  1.994518411974422e-62
  1351   1.335783391644001e-89
  1352   1.080390743604242e-89
  1353   8.675663356361129e-90
  1354   6.988826254585968e-90
  1355   5.623304369390308e-90
  1356   4.504026982972338e-90
  1357   3.609983145798543e-90
  1358   2.862900534750123e-90
  1359   2.251765656124420e-90
  1360   1.765063854955740e-90
[TRUERES]   1360  1.765063854955740e-90  1.994518411974422e-62
  1361   1.372384105076280e-90
  1362   1.064885396983944e-90
  1363   8.271248867056328e-91
converged:
  nconv = 1363
    0    0     1364     7.7054e-64     4.0672e-32
ASolver_CGNR<Afield<double,ACCEL> >: solver starts
  mode_prev = D
  snorm =  2.559611167531069e+01
  init:  9.777453166943079e-01
     0   4.811055558558971e-02
[TRUERES]      0  4.811055558558971e-02  4.811055558558971e-02
     1   1.230749065471558e-02
     2   1.052702270540323e-02
     3   3.913269096418931e-03
     4   1.864950816684440e-03
     5   1.611019940702408e-03
     6   7.920583777588759e-04
     7   4.979173564253381e-04
     8   4.261986634534083e-04
     9   2.397708470613035e-04
    10   1.879266392443532e-04
[TRUERES]     10  1.879266392443532e-04  1.879266392443532e-04
    11   1.549901117807284e-04
    12   9.629953929710226e-05
    13   8.288382054952392e-05
    14   6.654780393472188e-05
    15   4.638966328036928e-05
