Bridge++ 2.0.0

input filename : main.yaml

file = main.yaml

Lattice parameters:
  Lx = 16,  Ly = 16,  Lz = 16,  Lt = 16,
  Nx = 16,  Ny = 16,  Nz = 16,  Nt = 16,
  NPEx = 1,  NPEy  = 1,  NPEz  = 1,  NPEt  = 1,
  Lvol = 65536,  Nvol = 65536,  NPE = 1,
  Ndim = 4
  Nc   = 3
  Nd   = 4

ThreadManager: initialization
Warning at ThreadManager: Nthread(env) != Nthread(input)
  Number of threads(env)   = 2
  Number of threads(input) = 1
  reset Nthread = Nthread(input).
  Number of threads = 1
Main: input parameters
  lattice_size     = [16, 16, 16, 16]
  grid_size        = [1, 1, 1, 1]
  number of thread = 1
  number of color  = 3
  logfile          = stdout
  ildg_logfile     = stdout
  vlevel           = General

Alt_Accel code is being setup.
DeviceManager_CUDA: being initialized.
  process_id = 0
  number of devices = 1
  device_id = 0  is used on process = 0
------------------------------------------------
Alt_Accel: Factory entries
------------------------------------------------
AFopr<double, ACCEL> >(void):
AFopr<double, ACCEL>(Parameters&):
	Clover
	CloverTerm
	Clover_dd
	Domainwall
	Domainwall_5din
	Domainwall_5din_dd
	Domainwall_5din_eo
	Domainwall_eo
	Wilson
	Wilson_dd
AFopr<double, ACCEL>(Fopr*):
	Domainwall
AFopr<double, ACCEL>(Fopr*, Director*):
AFopr<float, ACCEL> >(void):
AFopr<float, ACCEL>(Parameters&):
	Clover
	CloverTerm
	Clover_dd
	Domainwall
	Domainwall_5din
	Domainwall_5din_dd
	Domainwall_5din_eo
	Domainwall_eo
	Wilson
	Wilson_dd
AFopr<float, ACCEL>(Fopr*):
	Domainwall
AFopr<float, ACCEL>(Fopr*, Director*):
AEigensolver<AField<float, ACCEL> >, Afopr>(Fopr*):
	IRArnoldi
	IRLanczos
------------------------------------------------
Timer: timestamp: 2026/06/06 10:44:38 +0900
file = test_alt_Spectrum_Domainwall_5din_Hadron2ptFunction.yaml

--------------------------------------------------------------------
test name: Spectrum_Domainwall_alt.hadron_2ptFunction
test file: test_alt_Spectrum_Domainwall_5din_Hadron2ptFunction.yaml
test mode: float_eo
file = test_alt_Spectrum_Domainwall_5din_Hadron2ptFunction.yaml
  vlevel       = General
  source_type  = Local
Smearing parameters (assumes APE-Stout):
   proj_type:  Stout_SU3
   smear_type: APE
   rho_uniform: 0.100000
   number_of_smearing: 0
  vlevel       = General

Configuration setup:
  gconf_status = Continue
  gconf_read   = Text
  readfile     = ./conf_real16.txt
  plaq = 0.596178

Gauge fixing:
  Gauge fixing type = None
Parameters: get_string: key 'filename_output' not found.
Elapsed time: calc_plqauette: total         0.16 sec, count    1, average         0.16 sec
plaquette (before smearing):       0.596178494528857
applying smearing
Smear_APE:
  rho =   0.1000
Director_Smear:
  Nsmear = 0
Parameters: get_string: key 'filename_output' not found.
Elapsed time: calc_plqauette: total         0.15 sec, count    1, average         0.15 sec
Elapsed time: smearig: total         0.16 sec, count    1, average         0.16 sec
plaquette (after smearing):        0.596178494528857
  gmset_type   = Dirac
Gamma matrix: dirac representation.
Fopr_Domainwall: construction
  Imp::Fopr_Wilson: construction
    Gauge group implementation: SU(3)
    Imp::Fopr_Wilson: input parameters
      gamma-matrix type = Dirac
      kappa  =   0.20833333
      boundary[0] =  1
      boundary[1] =  1
      boundary[2] =  1
      boundary[3] = -1
  Imp::Fopr_Wilson: construction finished.
  Fopr_Domainwall: input parameters
    mq   =   0.1000
    M0   =   1.6000
    Ns   =    8
    boundary[0] =  1
    boundary[1] =  1
    boundary[2] =  1
    boundary[3] = -1
    coefficients:
    b[ 0] =     1.5000000000  c[ 0] =     0.5000000000
    b[ 1] =     1.5000000000  c[ 1] =     0.5000000000
    b[ 2] =     1.5000000000  c[ 2] =     0.5000000000
    b[ 3] =     1.5000000000  c[ 3] =     0.5000000000
    b[ 4] =     1.5000000000  c[ 4] =     0.5000000000
    b[ 5] =     1.5000000000  c[ 5] =     0.5000000000
    b[ 6] =     1.5000000000  c[ 6] =     0.5000000000
    b[ 7] =     1.5000000000  c[ 7] =     0.5000000000
Fopr_Domainwall: construction finished.
Fopr_Domainwall: input parameters
  mq   =   0.1000
  M0   =   1.6000
  Ns   =    8
  boundary[0] =  1
  boundary[1] =  1
  boundary[2] =  1
  boundary[3] = -1
  coefficients:
  b[ 0] =     1.5000000000  c[ 0] =     0.5000000000
  b[ 1] =     1.5000000000  c[ 1] =     0.5000000000
  b[ 2] =     1.5000000000  c[ 2] =     0.5000000000
  b[ 3] =     1.5000000000  c[ 3] =     0.5000000000
  b[ 4] =     1.5000000000  c[ 4] =     0.5000000000
  b[ 5] =     1.5000000000  c[ 5] =     0.5000000000
  b[ 6] =     1.5000000000  c[ 6] =     0.5000000000
  b[ 7] =     1.5000000000  c[ 7] =     0.5000000000
Imp::Fopr_Wilson: construction
  Gauge group implementation: SU(3)
  Imp::Fopr_Wilson: input parameters
    gamma-matrix type = Dirac
    kappa  =   0.20833333
    boundary[0] =  1
    boundary[1] =  1
    boundary[2] =  1
    boundary[3] = -1
Imp::Fopr_Wilson: construction finished.
Source for spinor field - local:
  source_position[0] = 0
  source_position[1] = 0
  source_position[2] = 0
  source_position[3] = 0

Check of fermion operator (even-odd)
norm of source vector: 1.000000
AFopr_Domainwall_5din_eo<AField<float,ACCEL> >: construction
  do_comm[0] = 0
  do_comm[1] = 0
  do_comm[2] = 0
  do_comm[3] = 0
    extended_precision = true
    su3_reconstruction = false
  AFopr_Domainwall_5din_eo<AField<float,ACCEL> >: input parameters
    gamma matrix repr.:  Dirac
    code implementation: 5d
    mq   =   0.1000
    M0   =   1.6000
    Ns   =    8
    boundary[0] =  1
    boundary[1] =  1
    boundary[2] =  1
    boundary[3] = -1
    coefficients:
      b[ 0] =     1.5000000000  c[ 0] =     0.5000000000
      b[ 1] =     1.5000000000  c[ 1] =     0.5000000000
      b[ 2] =     1.5000000000  c[ 2] =     0.5000000000
      b[ 3] =     1.5000000000  c[ 3] =     0.5000000000
      b[ 4] =     1.5000000000  c[ 4] =     0.5000000000
      b[ 5] =     1.5000000000  c[ 5] =     0.5000000000
      b[ 6] =     1.5000000000  c[ 6] =     0.5000000000
      b[ 7] =     1.5000000000  c[ 7] =     0.5000000000
    alpha =   1.0000
convert required.
convert performed.

[D check]
norm2(abq) = 1.000000
norm2(y5)  = 113.098687
norm2(z5)  = 113.098680
norm2(axq) = 113.098679
diff2 = 0.000000
Elapsed time: afopr_Domainwall_5din_eo: Deo & dagger   : total         0.00 sec, count    2, average         0.00 sec
Elapsed time: afopr_Domainwall_5din_eo: Dee_inv & dag  : total         0.00 sec, count   18, average         0.00 sec
Elapsed time: afopr_Domainwall_5din_eo: clear          : total         0.00 sec, count    0, average         0.00 sec
Elapsed time: afopr_Domainwall_5din_eo: pack           : total         0.00 sec, count    0, average         0.00 sec
Elapsed time: afopr_Domainwall_5din_eo: bulk           : total         0.00 sec, count    2, average         0.00 sec
Elapsed time: afopr_Domainwall_5din_eo: boundary       : total         0.00 sec, count    0, average         0.00 sec
Elapsed time: afopr_Domainwall_5din_eo: comm           : total         0.00 sec, count    0, average         0.00 sec
Elapsed time: afopr_Domainwall_5din_eo: comm_recv_wait : total         0.00 sec, count    0, average         0.00 sec
Elapsed time: afopr_Domainwall_5din_eo: comm_send_wait : total         0.00 sec, count    0, average         0.00 sec
Elapsed time: afopr_Domainwall_5din_eo: comm_recv_start: total         0.00 sec, count    0, average         0.00 sec
Elapsed time: afopr_Domainwall_5din_eo: comm_send_start: total         0.00 sec, count    0, average         0.00 sec
Elapsed time: afopr_Domainwall_5din_eo: comm_test_all  : total         0.00 sec, count    0, average         0.00 sec

Fprop_alt_Standard_eo<Afield<float,ACCEL> >: being setup (without link smearing).
  AFopr_Domainwall_5din_eo<AField<float,ACCEL> >: construction
    do_comm[0] = 0
    do_comm[1] = 0
    do_comm[2] = 0
    do_comm[3] = 0
      extended_precision = true
      su3_reconstruction = false
    AFopr_Domainwall_5din_eo<AField<float,ACCEL> >: input parameters
      gamma matrix repr.:  Dirac
      code implementation: 5d
      mq   =   0.1000
      M0   =   1.6000
      Ns   =    8
      boundary[0] =  1
      boundary[1] =  1
      boundary[2] =  1
      boundary[3] = -1
      coefficients:
        b[ 0] =     1.5000000000  c[ 0] =     0.5000000000
        b[ 1] =     1.5000000000  c[ 1] =     0.5000000000
        b[ 2] =     1.5000000000  c[ 2] =     0.5000000000
        b[ 3] =     1.5000000000  c[ 3] =     0.5000000000
        b[ 4] =     1.5000000000  c[ 4] =     0.5000000000
        b[ 5] =     1.5000000000  c[ 5] =     0.5000000000
        b[ 6] =     1.5000000000  c[ 6] =     0.5000000000
        b[ 7] =     1.5000000000  c[ 7] =     0.5000000000
      alpha =   1.0000
  ASolver_CGNR<Afield<float,ACCEL> >:
  ASolver_CG<Afield<float,ACCEL> >:
    Precision: float
    Niter     = 550
    Stop_cond =   0.00000000e+00
    init_guess_mode: 0
    true_residual_interval = 10 (logging [TRUERES])
    refinement_iterations = 0
Fprop_alt_Standard_eo<Afield<float,ACCEL> >: setup finished.

Fprop_alt_Standard_eo<Afield<float,ACCEL> >: mult performance:
  mult mode = Dee_inv
  Number of mult =                400
  Elapsed time   =       0.078465 sec
  Flop(Fopr)     =           62914560
  Flop(total)    =        25165824000
  Performance    =     320.727 GFlops

Fprop_alt_Standard_eo<Afield<float,ACCEL> >: mult performance:
  mult mode = Doe
  Number of mult =                400
  Elapsed time   =       0.173922 sec
  Flop(Fopr)     =          390070272
  Flop(total)    =       156028108800
  Performance    =     897.116 GFlops

Fprop_alt_Standard_eo<Afield<float,ACCEL> >: mult performance:
  mult mode = D
  Number of mult =                400
  Elapsed time   =       0.609779 sec
  Flop(Fopr)     =          912261120
  Flop(total)    =       364904448000
  Performance    =     598.421 GFlops

Fprop_alt_Standard_eo<Afield<float,ACCEL> >: mult performance:
  mult mode = Ddag
  Number of mult =                400
  Elapsed time   =       0.658793 sec
  Flop(Fopr)     =          912261120
  Flop(total)    =       364904448000
  Performance    =     553.899 GFlops

Fprop_alt_Standard_eo<Afield<float,ACCEL> >: mult performance:
  mult mode = DdagD
  Number of mult =                400
  Elapsed time   =       1.281334 sec
  Flop(Fopr)     =         1824522240
  Flop(total)    =       729808896000
  Performance    =     569.570 GFlops

Solving quark propagator:
  color spin   Nconv      diff           diff2
ASolver_CGNR<Afield<float,ACCEL> >: solver starts
  mode_prev = D
  snorm =  2.585249519348145e+01
ASolver_CG solve_CG_init: m_x.nin() = 192, m_s.nin() = 192
  init:  1.003210783004761e+00
     0   5.135495960712433e-02
[TRUERES]      0  5.135495960712433e-02  5.135495960712433e-02
     1   1.433849707245827e-02
     2   1.233502570539713e-02
     3   4.415067378431559e-03
     4   2.138287061825395e-03
     5   1.783879008144140e-03
     6   8.383892127312720e-04
     7   5.263720522634685e-04
     8   4.230731865391135e-04
     9   2.224406925961375e-04
    10   1.688626507529989e-04
[TRUERES]     10  1.688626507529989e-04  1.688625925453380e-04
    11   1.338549773208797e-04
    12   8.211536624003202e-05
    13   7.126942364266142e-05
    14   5.642969699692912e-05
    15   3.848360574920662e-05
    16   3.548543827491812e-05
    17   2.724087971728295e-05
    18   2.043763015535660e-05
    19   1.908266858663410e-05
    20   1.404650902259164e-05
[TRUERES]     20  1.404650902259164e-05  1.404650447511813e-05
    21   1.121811783377780e-05
    22   1.007017635856755e-05
    23   7.335858754231595e-06
    24   6.287936685112072e-06
    25   5.521915227291174e-06
    26   4.187877038930310e-06
    27   3.771094043258927e-06
    28   3.228088189644041e-06
    29   2.589213409009972e-06
    30   2.449099838486291e-06
[TRUERES]     30  2.449099838486291e-06  2.449096882628510e-06
    31   2.091135911541642e-06
    32   1.794988406800258e-06
    33   1.745002919051331e-06
    34   1.498228243690392e-06
    35   1.358184590571909e-06
    36   1.328415578427666e-06
    37   1.142282371802139e-06
    38   1.082547214537044e-06
    39   1.022098331304733e-06
    40   8.756948659538466e-07
[TRUERES]     40  8.756948659538466e-07  8.756931038078619e-07
    41   8.367813393306278e-07
    42   7.486143545065715e-07
    43   6.312894811344449e-07
    44   5.869958386028884e-07
    45   4.928260750602931e-07
    46   4.116220111427538e-07
    47   3.681189753024228e-07
    48   2.949460622403421e-07
    49   2.487227561687178e-07
    50   2.159162733050835e-07
[TRUERES]     50  2.159162733050835e-07  2.159179075533757e-07
    51   1.707308285858744e-07
    52   1.469329049541557e-07
    53   1.254682899798354e-07
    54   1.005272736165352e-07
    55   8.844546783848273e-08
    56   7.460451456609007e-08
    57   6.114486694741572e-08
    58   5.461441077159179e-08
    59   4.558270916277252e-08
    60   3.868274944807126e-08
[TRUERES]     60  3.868274944807126e-08  3.868310116672546e-08
    61   3.495095413086347e-08
    62   2.922912578640080e-08
    63   2.568935464353217e-08
    64   2.314528479985256e-08
    65   1.947639383104161e-08
    66   1.758608725310751e-08
    67   1.569752150487602e-08
    68   1.342543143323383e-08
    69   1.234356439283602e-08
    70   1.084311218590983e-08
[TRUERES]     70  1.084311218590983e-08  1.084323830724543e-08
    71   9.411443180340484e-09
    72   8.678336271827902e-09
    73   7.511254729308803e-09
    74   6.581911904390836e-09
    75   5.970911320929417e-09
    76   5.087132937120487e-09
    77   4.518356355731612e-09
    78   4.062896685752548e-09
    79   3.441001927839693e-09
    80   3.079429822250290e-09
[TRUERES]     80  3.079429822250290e-09  3.079470012323782e-09
    81   2.690950795525282e-09
    82   2.264024523412900e-09
    83   2.012265909456801e-09
    84   1.696048856913990e-09
    85   1.410994654449382e-09
    86   1.228810719844375e-09
    87   1.008786276734952e-09
    88   8.445624199993063e-10
    89   7.269866930670332e-10
    90   5.914523315553311e-10
[TRUERES]     90  5.914523315553311e-10  5.915787304466846e-10
    91   4.999194946897489e-10
    92   4.239222861635028e-10
    93   3.435154383168992e-10
    94   2.927795783591591e-10
    95   2.453517389255921e-10
    96   2.002667892631038e-10
    97   1.728817367041557e-10
    98   1.442472113977189e-10
    99   1.208760869175762e-10
   100   1.065168439562392e-10
[TRUERES]    100  1.065168439562392e-10  1.066997254439706e-10
   101   9.010048956925587e-11
   102   7.836000598393511e-11
   103   7.007900509892195e-11
   104   6.020263454420416e-11
   105   5.420740245565270e-11
   106   4.913776677217818e-11
   107   4.319725133150598e-11
   108   3.978310042507260e-11
   109   3.580520949175714e-11
   110   3.170158233145592e-11
[TRUERES]    110  3.170158233145592e-11  3.189676300863198e-11
   111   2.932399115196382e-11
   112   2.601523857448385e-11
   113   2.315592509405384e-11
   114   2.121885826766867e-11
   115   1.856674189393281e-11
   116   1.657771836471866e-11
   117   1.495936187423386e-11
   118   1.292682454134830e-11
   119   1.155934115787405e-11
   120   1.018140346337182e-11
[TRUERES]    120  1.018140346337182e-11  1.039872962044219e-11
   121   8.653088662269326e-12
   122   7.601965064385485e-12
   123   6.461942526209130e-12
   124   5.382895518213360e-12
   125   4.609300788271931e-12
   126   3.773448567501170e-12
   127   3.106195856084071e-12
   128   2.612035154142545e-12
   129   2.110526163556781e-12
   130   1.755548722885691e-12
[TRUERES]    130  1.755548722885691e-12  1.993560698465568e-12
   131   1.475555463405220e-12
   132   1.210337060610078e-12
   133   1.036790770424234e-12
   134   8.851614645248584e-13
   135   7.428021414103425e-13
   136   6.497095071146541e-13
   137   5.544818076907987e-13
   138   4.727336144066951e-13
   139   4.170600767950533e-13
   140   3.562755830372605e-13
[TRUERES]    140  3.562755830372605e-13  6.016289354725257e-13
   141   3.083311329778876e-13
   142   2.733233832406118e-13
   143   2.352364180183142e-13
   144   2.089860402787469e-13
   145   1.875763812938386e-13
   146   1.645753032551017e-13
   147   1.503397829404757e-13
   148   1.356821827201010e-13
   149   1.206304072473921e-13
   150   1.111938232462029e-13
[TRUERES]    150  1.111938232462029e-13  3.805802515580853e-13
   151   1.002020122149554e-13
   152   9.042297618132300e-14
   153   8.372040446969972e-14
   154   7.500518083144656e-14
   155   6.773467691682106e-14
   156   6.165039859911195e-14
   157   5.400234499484090e-14
   158   4.807379199041860e-14
   159   4.249468751058375e-14
   160   3.657203663173791e-14
[TRUERES]    160  3.657203663173791e-14  3.175031580964632e-13
   161   3.227722722345255e-14
   162   2.793152468756437e-14
   163   2.374154915902888e-14
   164   2.073139904646033e-14
   165   1.762144473578271e-14
   166   1.502561231903413e-14
   167   1.302276988096639e-14
   168   1.093080517728740e-14
   169   9.299487483511396e-15
   170   7.955455413356793e-15
[TRUERES]    170  7.955455413356793e-15  3.041736513272747e-13
   171   6.619609916637403e-15
   172   5.656041329466909e-15
   173   4.824114791310416e-15
   174   4.059295285433091e-15
   175   3.543942229115209e-15
   176   3.060417706339828e-15
   177   2.648115313659614e-15
   178   2.367323679886577e-15
   179   2.079267256283176e-15
   180   1.856466250936247e-15
[TRUERES]    180  1.856466250936247e-15  3.070088129032700e-13
   181   1.696637168899110e-15
   182   1.516344935526611e-15
   183   1.387938022975529e-15
   184   1.286130380187957e-15
   185   1.163509337941333e-15
   186   1.075532049116528e-15
   187   9.790189975240047e-16
   188   8.717254929139801e-16
   189   7.920848611747298e-16
   190   7.018657937758982e-16
[TRUERES]    190  7.018657937758982e-16  3.166280714179959e-13
   191   6.165103366206415e-16
   192   5.494977485150912e-16
   193   4.745120392770361e-16
   194   4.124892428544221e-16
   195   3.610785251812631e-16
   196   3.070221530369145e-16
   197   2.655358821787178e-16
   198   2.278380191166751e-16
   199   1.902091627700540e-16
   200   1.614555573494330e-16
[TRUERES]    200  1.614555573494330e-16  3.207889412003978e-13
   201   1.343626394312427e-16
   202   1.098262257665436e-16
   203   9.143526774474590e-17
   204   7.428479609164704e-17
   205   6.034065516381603e-17
   206   4.986162345280641e-17
   207   4.023234445890516e-17
   208   3.291332135886041e-17
   209   2.722978487670448e-17
   210   2.207806431705482e-17
[TRUERES]    210  2.207806431705482e-17  3.235556625142549e-13
   211   1.835153459380340e-17
   212   1.527711105209694e-17
   213   1.254199782484034e-17
   214   1.057280834987415e-17
   215   8.822176536356722e-18
   216   7.349091942491662e-18
   217   6.280571873649244e-18
   218   5.283835779135097e-18
   219   4.481758857402135e-18
   220   3.883569962544612e-18
[TRUERES]    220  3.883569962544612e-18  3.245969302807100e-13
   221   3.321368387416821e-18
   222   2.912572006380359e-18
   223   2.596071197321644e-18
   224   2.290036084168103e-18
   225   2.080291825350942e-18
   226   1.894475213317948e-18
   227   1.712613351793571e-18
   228   1.586575014678254e-18
   229   1.450874897815587e-18
   230   1.317503604569987e-18
[TRUERES]    230  1.317503604569987e-18  3.249597043276237e-13
   231   1.215754909154407e-18
   232   1.090826958613865e-18
   233   9.779117385191249e-19
   234   8.808518130082246e-19
   235   7.708403070562753e-19
   236   6.783803846305706e-19
   237   5.922366582659561e-19
   238   5.010616575242760e-19
   239   4.277944708095154e-19
   240   3.598555938599093e-19
[TRUERES]    240  3.598555938599093e-19  3.257327133715515e-13
   241   2.961803159801312e-19
   242   2.468814629959189e-19
   243   2.016164208923068e-19
   244   1.635803815804340e-19
   245   1.347299115523242e-19
   246   1.086503156305080e-19
   247   8.803590201582961e-20
   248   7.230885920102668e-20
   249   5.838539970136466e-20
   250   4.815101709967283e-20
[TRUERES]    250  4.815101709967283e-20  3.258557703181286e-13
   251   4.003137343276110e-20
   252   3.289772905601257e-20
   253   2.771643772004233e-20
   254   2.325626531687220e-20
   255   1.935924296772443e-20
   256   1.644351208783170e-20
   257   1.378384369072528e-20
   258   1.159240394897007e-20
   259   9.992946837022217e-21
   260   8.534878640890550e-21
[TRUERES]    260  8.534878640890550e-21  3.258753672723963e-13
   261   7.420002349469591e-21
   262   6.567959466513090e-21
   263   5.753145365676444e-21
   264   5.141913419065525e-21
   265   4.618841235073643e-21
   266   4.085623163880915e-21
   267   3.686311820590528e-21
   268   3.301303472144884e-21
   269   2.938033656379332e-21
   270   2.662326037941669e-21
[TRUERES]    270  2.662326037941669e-21  3.258769393655464e-13
   271   2.372514747721906e-21
   272   2.112203472721847e-21
   273   1.897354415772744e-21
   274   1.661693668287423e-21
   275   1.458266610426549e-21
   276   1.277957695683915e-21
   277   1.090685196497421e-21
   278   9.363132205248874e-22
   279   7.937550235205519e-22
   280   6.590121283022262e-22
[TRUERES]    280  6.590121283022262e-22  3.258773730464154e-13
   281   5.527074541469518e-22
   282   4.569317632916473e-22
   283   3.755465361782570e-22
   284   3.125089767864081e-22
   285   2.548513982810685e-22
   286   2.086908174479392e-22
   287   1.731068166263574e-22
   288   1.417331873369936e-22
   289   1.176066401681652e-22
   290   9.796027389380211e-23
[TRUERES]    290  9.796027389380211e-23  3.258772104160895e-13
   291   8.027900431055527e-23
   292   6.683566590411122e-23
   293   5.537579518154420e-23
   294   4.548233084859471e-23
   295   3.820678031571167e-23
   296   3.190836654257693e-23
   297   2.674571683545595e-23
   298   2.285737883513270e-23
   299   1.930485418899661e-23
   300   1.641913788882573e-23
[TRUERES]    300  1.641913788882573e-23  3.258771562059809e-13
   301   1.416265491198258e-23
   302   1.206738039428678e-23
   303   1.048631460246752e-23
   304   9.199502605765661e-24
   305   7.998233896765061e-24
   306   7.078315585055157e-24
   307   6.255659878654477e-24
   308   5.493068041577325e-24
   309   4.924842854076672e-24
   310   4.367834479787358e-24
[TRUERES]    310  4.367834479787358e-24  3.258771019958723e-13
   311   3.876636826516106e-24
   312   3.488275080849465e-24
   313   3.086895355309641e-24
   314   2.729225032021529e-24
   315   2.412416125902055e-24
   316   2.076984580393029e-24
   317   1.798391251966081e-24
   318   1.544328933893566e-24
   319   1.299834413917636e-24
   320   1.102542766712190e-24
[TRUERES]    320  1.102542766712190e-24  3.258770748908180e-13
   321   9.215177271952402e-25
   322   7.579173431756519e-25
   323   6.294063303850059e-25
   324   5.120700253548814e-25
   325   4.148367065067630e-25
   326   3.397588420046163e-25
   327   2.743341451401426e-25
   328   2.228216266368237e-25
   329   1.824794278552409e-25
   330   1.469154951620498e-25
[TRUERES]    330  1.469154951620498e-25  3.258770748908180e-13
   331   1.199267763314506e-25
   332   9.813433358734880e-26
   333   7.972818104949714e-26
   334   6.605426949659825e-26
   335   5.451492310859009e-26
   336   4.483915583857759e-26
   337   3.759348383156215e-26
   338   3.124320901131541e-26
   339   2.607013344730009e-26
   340   2.204075520294760e-26
[TRUERES]    340  2.204075520294760e-26  3.258770748908180e-13
   341   1.843360397290697e-26
   342   1.558342795192808e-26
   343   1.325711874251812e-26
   344   1.113368237121804e-26
   345   9.472725720439485e-27
   346   8.054095738239558e-27
   347   6.820993669070364e-27
   348   5.912504010539728e-27
   349   5.123061089289523e-27
   350   4.460429484483539e-27
[TRUERES]    350  4.460429484483539e-27  3.258770748908180e-13
   351   3.974682219117879e-27
   352   3.512787210927466e-27
   353   3.133135959524199e-27
   354   2.833094948302122e-27
   355   2.534250132168505e-27
   356   2.289345798952313e-27
   357   2.068109026229701e-27
   358   1.837250114911937e-27
   359   1.642652997773084e-27
   360   1.456364631303809e-27
[TRUERES]    360  1.456364631303809e-27  3.258770748908180e-13
   361   1.273691620526138e-27
   362   1.123526766465768e-27
   363   9.745089962802750e-28
   364   8.415335484560472e-28
   365   7.312031849179245e-28
   366   6.250379337740308e-28
   367   5.342828184871572e-28
   368   4.580062667432035e-28
   369   3.858923236845512e-28
   370   3.272219494167051e-28
[TRUERES]    370  3.272219494167051e-28  3.258770748908180e-13
   371   2.763014931709489e-28
   372   2.294881306798471e-28
   373   1.931739150952615e-28
   374   1.614057126996562e-28
   375   1.339306729654574e-28
   376   1.121659914422425e-28
   377   9.244493825714113e-29
   378   7.619870806301399e-29
   379   6.354505943889820e-29
   380   5.238406068846219e-29
[TRUERES]    380  5.238406068846219e-29  3.258770748908180e-13
   381   4.374528687658556e-29
   382   3.702417053813190e-29
   383   3.117123633521817e-29
   384   2.681221890677578e-29
   385   2.334674118993015e-29
   386   2.039287923964715e-29
   387   1.822752460588443e-29
   388   1.628370156860762e-29
   389   1.455240038679564e-29
   390   1.320392592967923e-29
[TRUERES]    390  1.320392592967923e-29  3.258770748908180e-13
   391   1.189193355099765e-29
   392   1.074700506256228e-29
   393   9.827523225077893e-30
   394   8.871137259666957e-30
   395   8.080998168908635e-30
   396   7.378183450167815e-30
   397   6.631213778186379e-30
   398   6.008683630894856e-30
   399   5.410482643162527e-30
   400   4.811788888198334e-30
[TRUERES]    400  4.811788888198334e-30  3.258770748908180e-13
   401   4.304050560281558e-30
   402   3.784474910212454e-30
   403   3.290511871454547e-30
   404   2.864756281146040e-30
   405   2.446252644626175e-30
   406   2.090194653445719e-30
   407   1.784995318729297e-30
   408   1.493981379640857e-30
   409   1.251744907778207e-30
   410   1.040294068726304e-30
[TRUERES]    410  1.040294068726304e-30  3.258770748908180e-13
   411   8.468718335527359e-31
   412   6.926021178604244e-31
   413   5.624239237893455e-31
   414   4.551659887683399e-31
   415   3.742689377424904e-31
   416   3.061503096462377e-31
   417   2.508347193312881e-31
   418   2.085675865082062e-31
   419   1.721043512478178e-31
   420   1.428039555493344e-31
[TRUERES]    420  1.428039555493344e-31  3.258770748908180e-13
   421   1.197049038085011e-31
   422   9.943852308944872e-32
   423   8.363391925803850e-32
   424   7.090784109188380e-32
   425   5.995923381107922e-32
   426   5.168818519499292e-32
   427   4.481721500292526e-32
   428   3.893095642854142e-32
   429   3.448914825118389e-32
   430   3.057969207795500e-32
[TRUERES]    430  3.057969207795500e-32  3.258770748908180e-13
   431   2.737310805812092e-32
   432   2.490429661895755e-32
   433   2.249411883801320e-32
   434   2.046721245952239e-32
   435   1.872107878419723e-32
   436   1.689015523197933e-32
   437   1.528824295855657e-32
   438   1.371230176344728e-32
   439   1.209209732855779e-32
   440   1.067538859821089e-32
[TRUERES]    440  1.067538859821089e-32  3.258770748908180e-13
   441   9.290713558291835e-33
   442   8.015000232538286e-33
   443   6.944653116713082e-33
   444   5.926129138711818e-33
   445   5.039641094298729e-33
   446   4.303027844931512e-33
   447   3.622819222620565e-33
   448   3.063634172211502e-33
   449   2.593000213275837e-33
   450   2.164882599312467e-33
[TRUERES]    450  2.164882599312467e-33  3.258770748908180e-13
   451   1.822822192088828e-33
   452   1.522599190014389e-33
   453   1.253855834819474e-33
   454   1.038975926666641e-33
   455   8.513879667685280e-34
   456   6.957683563427444e-34
   457   5.740370541897172e-34
   458   4.676120660168387e-34
   459   3.811654767733984e-34
   460   3.131409273471329e-34
[TRUERES]    460  3.131409273471329e-34  3.258770748908180e-13
   461   2.546952104710045e-34
   462   2.090620146768544e-34
   463   1.726197842148182e-34
   464   1.421329708842576e-34
   465   1.189105634090974e-34
   466   9.957586243110452e-35
   467   8.330171711582094e-35
   468   7.081548181197347e-35
   469   6.007816169695878e-35
   470   5.124100409323059e-35
[TRUERES]    470  5.124100409323059e-35  3.258770748908180e-13
   471   4.446195744460285e-35
   472   3.849207622248244e-35
   473   3.373283077776102e-35
   474   3.004881541107214e-35
   475   2.674609815457199e-35
   476   2.420332536849772e-35
   477   2.203304452948841e-35
   478   1.991377830859486e-35
   479   1.818528647314983e-35
   480   1.647066323255429e-35
[TRUERES]    480  1.647066323255429e-35  3.258770748908180e-13
   481   1.476023859604873e-35
   482   1.329392418776812e-35
   483   1.182170719646492e-35
   484   1.047392156273729e-35
   485   9.315491395044860e-36
   486   8.138967482214864e-36
   487   7.086427228916666e-36
   488   6.133049939919127e-36
   489   5.200899564900732e-36
   490   4.413057192657600e-36
[TRUERES]    490  4.413057192657600e-36  3.258770748908180e-13
   491   3.717348781934973e-36
   492   3.085870332464689e-36
   493   2.557159390519265e-36
   494   2.086223558263221e-36
   495   1.679814538326203e-36
   496   1.355527975898840e-36
   497   1.080030007319530e-36
   498   8.573113512484647e-37
   499   6.837697065389867e-37
   500   5.379537720914571e-37
[TRUERES]    500  5.379537720914571e-37  3.258770748908180e-13
   501   4.233844616377264e-37
   502   3.316371239687228e-37
   503   0.000000000000000e+00
   504   0.000000000000000e+00
   505                     nan
   506                     nan
   507                     nan
   508                     nan
   509                     nan
   510                     nan
[TRUERES]    510                    nan                    nan
   511                     nan
   512                     nan
   513                     nan
   514                     nan
   515                     nan
   516                     nan
   517                     nan
   518                     nan
   519                     nan
   520                     nan
[TRUERES]    520                    nan                    nan
   521                     nan
   522                     nan
   523                     nan
   524                     nan
   525                     nan
   526                     nan
   527                     nan
   528                     nan
   529                     nan
   530                     nan
[TRUERES]    530                    nan                    nan
   531                     nan
   532                     nan
   533                     nan
   534                     nan
   535                     nan
   536                     nan
   537                     nan
   538                     nan
   539                     nan
   540                     nan
[TRUERES]    540                    nan                    nan
   541                     nan
   542                     nan
   543                     nan
   544                     nan
   545                     nan
   546                     nan
   547                     nan
   548                     nan
   549                     nan
Error at ASolver_CG<Afield<float,ACCEL> >: not converged
  iter(final):      550                     nan
converged:
  nconv = -1
    0    0       -1            nan            nan
ASolver_CGNR<Afield<float,ACCEL> >: solver starts
  mode_prev = D
  snorm =  2.556056404113770e+01
ASolver_CG solve_CG_init: m_x.nin() = 192, m_s.nin() = 192
  init:  9.815129637718201e-01
     0   4.820301011204720e-02
[TRUERES]      0  4.820301011204720e-02  4.820301011204720e-02
     1   1.227379404008389e-02
     2   1.046375930309296e-02
     3   3.865182166919112e-03
     4   1.844753045588732e-03
     5   1.587842009030282e-03
     6   7.771640666760504e-04
     7   4.871929995715618e-04
     8   4.148697771597654e-04
     9   2.320939238416031e-04
    10   1.807357330108061e-04
[TRUERES]     10  1.807357330108061e-04  1.807355874916539e-04
    11   1.483087689848617e-04
    12   9.145996591541916e-05
    13   7.831867696950212e-05
    14   6.236659100977704e-05
    15   4.300500950193964e-05
    16   3.986814044765197e-05
    17   3.103002381976694e-05
    18   2.332502117496915e-05
    19   2.151693479390815e-05
    20   1.571430402691476e-05
[TRUERES]     20  1.571430402691476e-05  1.571430948388297e-05
    21   1.239151788468007e-05
    22   1.098462962545455e-05
    23   7.930419997137506e-06
    24   6.613976438529789e-06
    25   5.731428700528340e-06
    26   4.282797817722894e-06
    27   3.831991762126563e-06
    28   3.293737108833739e-06
    29   2.626784635140211e-06
    30   2.486211769792135e-06
[TRUERES]     30  2.486211769792135e-06  2.486212906660512e-06
    31   2.130788061549538e-06
    32   1.814902589103440e-06
    33   1.752160528667446e-06
    34   1.475036015108344e-06
    35   1.296450591325993e-06
    36   1.235528316101409e-06
    37   1.038968889588432e-06
    38   9.675405863163178e-07
    39   9.116471915149305e-07
    40   7.791794018885412e-07
[TRUERES]     40  7.791794018885412e-07  7.791799703227298e-07
    41   7.425422268170223e-07
    42   6.671031655969273e-07
    43   5.633497153212375e-07
    44   5.274253567222331e-07
    45   4.518824709975888e-07
    46   3.858521608890442e-07
    47   3.565734232324758e-07
    48   2.969881336412072e-07
    49   2.593921522020537e-07
    50   2.336836928407138e-07
[TRUERES]     50  2.336836928407138e-07  2.336834370453289e-07
    51   1.901593691400194e-07
    52   1.664756723585015e-07
    53   1.436398093801472e-07
    54   1.147206987184290e-07
    55   9.938585776581021e-08
    56   8.213732627382342e-08
    57   6.557326059919433e-08
    58   5.702830563336647e-08
    59   4.630571837083153e-08
    60   3.808915494118992e-08
[TRUERES]     60  3.808915494118992e-08  3.808895954193758e-08
    61   3.337129683700368e-08
    62   2.702270229804071e-08
    63   2.286328637524093e-08
    64   1.987447895146488e-08
    65   1.602462162964002e-08
    66   1.381361691699112e-08
    67   1.178572084370444e-08
    68   9.596147876322902e-09
    69   8.459116962455937e-09
    70   7.192317408311055e-09
[TRUERES]     70  7.192317408311055e-09  7.192396900279618e-09
    71   6.030626664710326e-09
    72   5.436208372344709e-09
    73   4.650630103242293e-09
    74   4.034729883528598e-09
    75   3.673952253535617e-09
    76   3.144531079968260e-09
    77   2.814937838380160e-09
    78   2.580626379256046e-09
    79   2.245741592687978e-09
    80   2.073666571789090e-09
[TRUERES]     80  2.073666571789090e-09  2.073817118031229e-09
    81   1.894264967106096e-09
    82   1.660293125205214e-09
    83   1.549388284338704e-09
    84   1.386549985937791e-09
    85   1.220086365272266e-09
    86   1.127991478000467e-09
    87   9.838345693680139e-10
    88   8.681689256384573e-10
    89   7.889076059086619e-10
    90   6.739741542638455e-10
[TRUERES]     90  6.739741542638455e-10  6.740958347073445e-10
    91   5.937622615803662e-10
    92   5.213341980336850e-10
    93   4.330601433011338e-10
    94   3.764126232930209e-10
    95   3.212102805960626e-10
    96   2.654305386595723e-10
    97   2.302246171481670e-10
    98   1.926295373211317e-10
    99   1.604683885769731e-10
   100   1.399647203692567e-10
[TRUERES]    100  1.399647203692567e-10  1.401027349690054e-10
   101   1.166790553064345e-10
   102   9.958854574332321e-11
   103   8.750865310158673e-11
   104   7.353957026667857e-11
   105   6.440370459159794e-11
   106   5.666947813787182e-11
   107   4.827773597559926e-11
   108   4.324562583035707e-11
   109   3.821127095293697e-11
   110   3.344685986506057e-11
[TRUERES]    110  3.344685986506057e-11  3.358729960822870e-11
   111   3.086331190615965e-11
   112   2.768498971739142e-11
   113   2.507779053861903e-11
   114   2.353689639023049e-11
   115   2.115934163993138e-11
   116   1.944839948808674e-11
   117   1.815149246187087e-11
   118   1.626299962753652e-11
   119   1.506873792411767e-11
   120   1.376688433391005e-11
[TRUERES]    120  1.376688433391005e-11  1.392159131030635e-11
   121   1.209599434504049e-11
   122   1.097405066124990e-11
   123   9.634724441875964e-12
   124   8.283046991353071e-12
   125   7.342896256312681e-12
   126   6.239997234203098e-12
   127   5.314548280621612e-12
   128   4.612609773302356e-12
   129   3.837952958912760e-12
   130   3.263707446660158e-12
[TRUERES]    130  3.263707446660158e-12  3.457415560445543e-12
   131   2.784720804643870e-12
   132   2.287998783490064e-12
   133   1.936578068045813e-12
   134   1.612847225565539e-12
   135   1.308963788054784e-12
   136   1.102862918177239e-12
   137   9.068377559290353e-13
   138   7.444053511627968e-13
   139   6.338127722313458e-13
   140   5.221686798229097e-13
[TRUERES]    140  5.221686798229097e-13  7.113063393501817e-13
   141   4.349985812095863e-13
   142   3.705991676733467e-13
   143   3.056165075784184e-13
   144   2.595985221492264e-13
   145   2.236711114716669e-13
   146   1.892605131859418e-13
   147   1.671845848609868e-13
   148   1.473664397975971e-13
   149   1.290403873165091e-13
   150   1.179397020583534e-13
[TRUERES]    150  1.179397020583534e-13  3.357816683122877e-13
   151   1.054008158421320e-13
   152   9.444298099646475e-14
   153   8.707341488459197e-14
   154   7.819962667861280e-14
   155   7.149940633045110e-14
   156   6.623074620204852e-14
   157   5.919299338880135e-14
   158   5.381303990739314e-14
   159   4.838280316210412e-14
   160   4.211139154942402e-14
[TRUERES]    160  4.211139154942402e-14  2.733137338412767e-13
   161   3.750686962617281e-14
   162   3.261919136491806e-14
   163   2.782101738113378e-14
   164   2.418836073277142e-14
   165   2.028152460158052e-14
   166   1.699095406742807e-14
   167   1.451256954507988e-14
   168   1.205468406708819e-14
   169   1.017686623313403e-14
   170   8.625372924307272e-15
[TRUERES]    170  8.625372924307272e-15  2.732849753786515e-13
   171   7.080625809388922e-15
   172   5.945990448190950e-15
   173   4.951130769882987e-15
   174   4.043175824930368e-15
   175   3.410048131252696e-15
   176   2.834447950737220e-15
   177   2.346373590485663e-15
   178   2.003619802555079e-15
   179   1.680871238772747e-15
   180   1.429879494633537e-15
[TRUERES]    180  1.429879494633537e-15  2.746083254453330e-13
   181   1.247432515322341e-15
   182   1.065660091874516e-15
   183   9.364746501657893e-16
   184   8.356164254329701e-16
   185   7.325786790477471e-16
   186   6.631131364665075e-16
   187   5.962639198406588e-16
   188   5.283767702170684e-16
   189   4.809811475325724e-16
   190   4.299366392602029e-16
[TRUERES]    190  4.299366392602029e-16  2.800676628545579e-13
   191   3.818240031858562e-16
   192   3.458665810721843e-16
   193   3.060919785119313e-16
   194   2.731261973586228e-16
   195   2.468961545507785e-16
   196   2.171491515365955e-16
   197   1.940808974323943e-16
   198   1.727345819006222e-16
   199   1.497357580283162e-16
   200   1.323026950081897e-16
[TRUERES]    200  1.323026950081897e-16  2.852443758624701e-13
   201   1.148814110399858e-16
   202   9.801088377595454e-17
   203   8.515600074851296e-17
   204   7.182251101864819e-17
   205   6.034519473101772e-17
   206   5.123030958156115e-17
   207   4.212150917269051e-17
   208   3.470482251208286e-17
   209   2.863268154123319e-17
   210   2.302566422882210e-17
[TRUERES]    210  2.302566422882210e-17  2.862582133139613e-13
   211   1.891566349975844e-17
   212   1.557245919853145e-17
   213   1.264531599207066e-17
   214   1.054594235075904e-17
   215   8.731528294568873e-18
   216   7.209582141920306e-18
   217   6.117670646125808e-18
   218   5.122133963499862e-18
   219   4.319123568445634e-18
   220   3.714060802697796e-18
[TRUERES]    220  3.714060802697796e-18  2.873486496489386e-13
   221   3.139180203140792e-18
   222   2.707325128553648e-18
   223   2.375125051854136e-18
   224   2.060007288779610e-18
   225   1.831844199262730e-18
   226   1.633722034847092e-18
   227   1.446038476171566e-18
   228   1.314878340100897e-18
   229   1.190360464349029e-18
   230   1.074807158485704e-18
[TRUERES]    230  1.074807158485704e-18  2.879568057525400e-13
   231   9.931204880566780e-19
   232   8.979373319580840e-19
   233   8.134102267031277e-19
   234   7.447712447625720e-19
   235   6.607489781752146e-19
   236   5.876103404975236e-19
   237   5.201687024936384e-19
   238   4.458570193097706e-19
   239   3.849273606782092e-19
   240   3.270514202236462e-19
[TRUERES]    240  3.270514202236462e-19  2.880777485048808e-13
   241   2.719671367882673e-19
   242   2.298483149185918e-19
   243   1.908221533381902e-19
   244   1.569339336597822e-19
   245   1.310685775166172e-19
   246   1.076457629376991e-19
   247   8.922685468979844e-20
   248   7.498687582121271e-20
   249   6.177806159670530e-20
   250   5.165328365735101e-20
[TRUERES]    250  5.165328365735101e-20  2.881307930961696e-13
   251   4.337919955396194e-20
   252   3.585693215450408e-20
   253   3.019933341971962e-20
   254   2.529932872845715e-20
   255   2.100666363050328e-20
   256   1.781576271879169e-20
   257   1.495009565300403e-20
   258   1.258673159080849e-20
   259   1.085477613904227e-20
   260   9.227809617172068e-21
[TRUERES]    260  9.227809617172068e-21  2.881421501139264e-13
   261   7.930630473562665e-21
   262   6.915661282708061e-21
   263   5.978453531781976e-21
   264   5.288864801383698e-21
   265   4.717492620540178e-21
   266   4.171295730107324e-21
   267   3.766412630688925e-21
   268   3.384321628710307e-21
   269   3.030806324162416e-21
   270   2.773667860344931e-21
[TRUERES]    270  2.773667860344931e-21  2.881623433793890e-13
   271   2.504205899818504e-21
   272   2.251211013102670e-21
   273   2.038795030377209e-21
   274   1.799755989220723e-21
   275   1.589495401680266e-21
   276   1.406826921928582e-21
   277   1.217741027158490e-21
   278   1.059720146669864e-21
   279   9.129146720647204e-22
   280   7.699752469838842e-22
[TRUERES]    280  7.699752469838842e-22  2.881640509978106e-13
   281   6.558222524805511e-22
   282   5.506615149902685e-22
   283   4.569623079858975e-22
   284   3.835785033450512e-22
   285   3.148914124508224e-22
   286   2.590529850582459e-22
   287   2.157635045104356e-22
   288   1.772112788488841e-22
   289   1.468348959614644e-22
   290   1.226604239149220e-22
[TRUERES]    290  1.226604239149220e-22  2.881653249353633e-13
   291   1.006757476997391e-22
   292   8.392651412056721e-23
   293   6.981927037628917e-23
   294   5.733646794070395e-23
   295   4.792989486934411e-23
   296   3.971627512418294e-23
   297   3.279401121453770e-23
   298   2.762332143707071e-23
   299   2.297447734790371e-23
   300   1.922260281785283e-23
[TRUERES]    300  1.922260281785283e-23  2.881660025617211e-13
   301   1.638609092778421e-23
   302   1.383561211333967e-23
   303   1.189876532010031e-23
   304   1.040834359059548e-23
   305   9.043637890390283e-24
   306   8.026074375832121e-24
   307   7.126060602482753e-24
   308   6.295682736680865e-24
   309   5.662005365443572e-24
   310   5.046259985873312e-24
[TRUERES]    310  5.046259985873312e-24  2.881657586162323e-13
   311   4.490361933308096e-24
   312   4.053944753447654e-24
   313   3.595043065636150e-24
   314   3.187678646838867e-24
   315   2.836218236596655e-24
   316   2.471300648172278e-24
   317   2.172403026121073e-24
   318   1.898830008494952e-24
   319   1.623829842883673e-24
   320   1.397717556936430e-24
[TRUERES]    320  1.397717556936430e-24  2.881657315111780e-13
   321   1.184269939784444e-24
   322   9.853438713909934e-25
   323   8.238226288947281e-25
   324   6.750961679392754e-25
   325   5.493675168651505e-25
