Bridge++ 2.0.0

input filename : main.yaml

file = main.yaml

Lattice parameters:
  Lx = 16,  Ly = 16,  Lz = 16,  Lt = 16,
  Nx = 16,  Ny = 16,  Nz = 16,  Nt = 16,
  NPEx = 1,  NPEy  = 1,  NPEz  = 1,  NPEt  = 1,
  Lvol = 65536,  Nvol = 65536,  NPE = 1,
  Ndim = 4
  Nc   = 3
  Nd   = 4

ThreadManager: initialization
Warning at ThreadManager: Nthread(env) != Nthread(input)
  Number of threads(env)   = 2
  Number of threads(input) = 1
  reset Nthread = Nthread(input).
  Number of threads = 1
Main: input parameters
  lattice_size     = [16, 16, 16, 16]
  grid_size        = [1, 1, 1, 1]
  number of thread = 1
  number of color  = 3
  logfile          = stdout
  ildg_logfile     = stdout
  vlevel           = General

Alt_Accel code is being setup.
DeviceManager_CUDA: being initialized.
  process_id = 0
  number of devices = 1
  device_id = 0  is used on process = 0
------------------------------------------------
Alt_Accel: Factory entries
------------------------------------------------
AFopr<double, ACCEL> >(void):
AFopr<double, ACCEL>(Parameters&):
	Clover
	CloverTerm
	Clover_dd
	Domainwall
	Domainwall_5din
	Domainwall_5din_dd
	Domainwall_5din_eo
	Domainwall_eo
	Wilson
	Wilson_dd
AFopr<double, ACCEL>(Fopr*):
	Domainwall
AFopr<double, ACCEL>(Fopr*, Director*):
AFopr<float, ACCEL> >(void):
AFopr<float, ACCEL>(Parameters&):
	Clover
	CloverTerm
	Clover_dd
	Domainwall
	Domainwall_5din
	Domainwall_5din_dd
	Domainwall_5din_eo
	Domainwall_eo
	Wilson
	Wilson_dd
AFopr<float, ACCEL>(Fopr*):
	Domainwall
AFopr<float, ACCEL>(Fopr*, Director*):
AEigensolver<AField<float, ACCEL> >, Afopr>(Fopr*):
	IRArnoldi
	IRLanczos
------------------------------------------------
Timer: timestamp: 2026/06/06 10:45:43 +0900
file = test_alt_Spectrum_Domainwall_5din_Hadron2ptFunction.yaml

--------------------------------------------------------------------
test name: Spectrum_Domainwall_alt.hadron_2ptFunction
test file: test_alt_Spectrum_Domainwall_5din_Hadron2ptFunction.yaml
test mode: float_eo
file = test_alt_Spectrum_Domainwall_5din_Hadron2ptFunction.yaml
  vlevel       = General
  source_type  = Local
Smearing parameters (assumes APE-Stout):
   proj_type:  Stout_SU3
   smear_type: APE
   rho_uniform: 0.100000
   number_of_smearing: 0
  vlevel       = General

Configuration setup:
  gconf_status = Continue
  gconf_read   = Text
  readfile     = ./conf_real16.txt
  plaq = 0.596178

Gauge fixing:
  Gauge fixing type = None
Parameters: get_string: key 'filename_output' not found.
Elapsed time: calc_plqauette: total         0.16 sec, count    1, average         0.16 sec
plaquette (before smearing):       0.596178494528857
applying smearing
Smear_APE:
  rho =   0.1000
Director_Smear:
  Nsmear = 0
Parameters: get_string: key 'filename_output' not found.
Elapsed time: calc_plqauette: total         0.15 sec, count    1, average         0.15 sec
Elapsed time: smearig: total         0.16 sec, count    1, average         0.16 sec
plaquette (after smearing):        0.596178494528857
  gmset_type   = Dirac
Gamma matrix: dirac representation.
Fopr_Domainwall: construction
  Imp::Fopr_Wilson: construction
    Gauge group implementation: SU(3)
    Imp::Fopr_Wilson: input parameters
      gamma-matrix type = Dirac
      kappa  =   0.20833333
      boundary[0] =  1
      boundary[1] =  1
      boundary[2] =  1
      boundary[3] = -1
  Imp::Fopr_Wilson: construction finished.
  Fopr_Domainwall: input parameters
    mq   =   0.1000
    M0   =   1.6000
    Ns   =    8
    boundary[0] =  1
    boundary[1] =  1
    boundary[2] =  1
    boundary[3] = -1
    coefficients:
    b[ 0] =     1.5000000000  c[ 0] =     0.5000000000
    b[ 1] =     1.5000000000  c[ 1] =     0.5000000000
    b[ 2] =     1.5000000000  c[ 2] =     0.5000000000
    b[ 3] =     1.5000000000  c[ 3] =     0.5000000000
    b[ 4] =     1.5000000000  c[ 4] =     0.5000000000
    b[ 5] =     1.5000000000  c[ 5] =     0.5000000000
    b[ 6] =     1.5000000000  c[ 6] =     0.5000000000
    b[ 7] =     1.5000000000  c[ 7] =     0.5000000000
Fopr_Domainwall: construction finished.
Fopr_Domainwall: input parameters
  mq   =   0.1000
  M0   =   1.6000
  Ns   =    8
  boundary[0] =  1
  boundary[1] =  1
  boundary[2] =  1
  boundary[3] = -1
  coefficients:
  b[ 0] =     1.5000000000  c[ 0] =     0.5000000000
  b[ 1] =     1.5000000000  c[ 1] =     0.5000000000
  b[ 2] =     1.5000000000  c[ 2] =     0.5000000000
  b[ 3] =     1.5000000000  c[ 3] =     0.5000000000
  b[ 4] =     1.5000000000  c[ 4] =     0.5000000000
  b[ 5] =     1.5000000000  c[ 5] =     0.5000000000
  b[ 6] =     1.5000000000  c[ 6] =     0.5000000000
  b[ 7] =     1.5000000000  c[ 7] =     0.5000000000
Imp::Fopr_Wilson: construction
  Gauge group implementation: SU(3)
  Imp::Fopr_Wilson: input parameters
    gamma-matrix type = Dirac
    kappa  =   0.20833333
    boundary[0] =  1
    boundary[1] =  1
    boundary[2] =  1
    boundary[3] = -1
Imp::Fopr_Wilson: construction finished.
Source for spinor field - local:
  source_position[0] = 0
  source_position[1] = 0
  source_position[2] = 0
  source_position[3] = 0

Check of fermion operator (even-odd)
norm of source vector: 1.000000
AFopr_Domainwall_5din_eo<AField<float,ACCEL> >: construction
  do_comm[0] = 0
  do_comm[1] = 0
  do_comm[2] = 0
  do_comm[3] = 0
    extended_precision = true
    su3_reconstruction = false
  AFopr_Domainwall_5din_eo<AField<float,ACCEL> >: input parameters
    gamma matrix repr.:  Dirac
    code implementation: 5d
    mq   =   0.1000
    M0   =   1.6000
    Ns   =    8
    boundary[0] =  1
    boundary[1] =  1
    boundary[2] =  1
    boundary[3] = -1
    coefficients:
      b[ 0] =     1.5000000000  c[ 0] =     0.5000000000
      b[ 1] =     1.5000000000  c[ 1] =     0.5000000000
      b[ 2] =     1.5000000000  c[ 2] =     0.5000000000
      b[ 3] =     1.5000000000  c[ 3] =     0.5000000000
      b[ 4] =     1.5000000000  c[ 4] =     0.5000000000
      b[ 5] =     1.5000000000  c[ 5] =     0.5000000000
      b[ 6] =     1.5000000000  c[ 6] =     0.5000000000
      b[ 7] =     1.5000000000  c[ 7] =     0.5000000000
    alpha =   1.0000
convert required.
convert performed.

[D check]
norm2(abq) = 1.000000
norm2(y5)  = 113.098687
norm2(z5)  = 113.098680
norm2(axq) = 113.098679
diff2 = 0.000000
Elapsed time: afopr_Domainwall_5din_eo: Deo & dagger   : total         0.00 sec, count    2, average         0.00 sec
Elapsed time: afopr_Domainwall_5din_eo: Dee_inv & dag  : total         0.00 sec, count   18, average         0.00 sec
Elapsed time: afopr_Domainwall_5din_eo: clear          : total         0.00 sec, count    0, average         0.00 sec
Elapsed time: afopr_Domainwall_5din_eo: pack           : total         0.00 sec, count    0, average         0.00 sec
Elapsed time: afopr_Domainwall_5din_eo: bulk           : total         0.00 sec, count    2, average         0.00 sec
Elapsed time: afopr_Domainwall_5din_eo: boundary       : total         0.00 sec, count    0, average         0.00 sec
Elapsed time: afopr_Domainwall_5din_eo: comm           : total         0.00 sec, count    0, average         0.00 sec
Elapsed time: afopr_Domainwall_5din_eo: comm_recv_wait : total         0.00 sec, count    0, average         0.00 sec
Elapsed time: afopr_Domainwall_5din_eo: comm_send_wait : total         0.00 sec, count    0, average         0.00 sec
Elapsed time: afopr_Domainwall_5din_eo: comm_recv_start: total         0.00 sec, count    0, average         0.00 sec
Elapsed time: afopr_Domainwall_5din_eo: comm_send_start: total         0.00 sec, count    0, average         0.00 sec
Elapsed time: afopr_Domainwall_5din_eo: comm_test_all  : total         0.00 sec, count    0, average         0.00 sec

Fprop_alt_Standard_eo<Afield<float,ACCEL> >: being setup (without link smearing).
  AFopr_Domainwall_5din_eo<AField<float,ACCEL> >: construction
    do_comm[0] = 0
    do_comm[1] = 0
    do_comm[2] = 0
    do_comm[3] = 0
      extended_precision = true
      su3_reconstruction = false
    AFopr_Domainwall_5din_eo<AField<float,ACCEL> >: input parameters
      gamma matrix repr.:  Dirac
      code implementation: 5d
      mq   =   0.1000
      M0   =   1.6000
      Ns   =    8
      boundary[0] =  1
      boundary[1] =  1
      boundary[2] =  1
      boundary[3] = -1
      coefficients:
        b[ 0] =     1.5000000000  c[ 0] =     0.5000000000
        b[ 1] =     1.5000000000  c[ 1] =     0.5000000000
        b[ 2] =     1.5000000000  c[ 2] =     0.5000000000
        b[ 3] =     1.5000000000  c[ 3] =     0.5000000000
        b[ 4] =     1.5000000000  c[ 4] =     0.5000000000
        b[ 5] =     1.5000000000  c[ 5] =     0.5000000000
        b[ 6] =     1.5000000000  c[ 6] =     0.5000000000
        b[ 7] =     1.5000000000  c[ 7] =     0.5000000000
      alpha =   1.0000
  ASolver_CGNR<Afield<float,ACCEL> >:
  ASolver_CG<Afield<float,ACCEL> >:
    Precision: float
    Niter     = 550
    Stop_cond =   0.00000000e+00
    init_guess_mode: 0
    true_residual_interval = 10 (logging [TRUERES])
    refinement_iterations = 0
Fprop_alt_Standard_eo<Afield<float,ACCEL> >: setup finished.

Fprop_alt_Standard_eo<Afield<float,ACCEL> >: mult performance:
  mult mode = Dee_inv
  Number of mult =                400
  Elapsed time   =       0.273730 sec
  Flop(Fopr)     =           62914560
  Flop(total)    =        25165824000
  Performance    =      91.937 GFlops

Fprop_alt_Standard_eo<Afield<float,ACCEL> >: mult performance:
  mult mode = Doe
  Number of mult =                400
  Elapsed time   =       1.650566 sec
  Flop(Fopr)     =          390070272
  Flop(total)    =       156028108800
  Performance    =      94.530 GFlops

Fprop_alt_Standard_eo<Afield<float,ACCEL> >: mult performance:
  mult mode = D
  Number of mult =                400
  Elapsed time   =       4.214981 sec
  Flop(Fopr)     =          912261120
  Flop(total)    =       364904448000
  Performance    =      86.573 GFlops

Fprop_alt_Standard_eo<Afield<float,ACCEL> >: mult performance:
  mult mode = Ddag
  Number of mult =                400
  Elapsed time   =       4.221441 sec
  Flop(Fopr)     =          912261120
  Flop(total)    =       364904448000
  Performance    =      86.441 GFlops

Fprop_alt_Standard_eo<Afield<float,ACCEL> >: mult performance:
  mult mode = DdagD
  Number of mult =                400
  Elapsed time   =       8.995542 sec
  Flop(Fopr)     =         1824522240
  Flop(total)    =       729808896000
  Performance    =      81.130 GFlops

Solving quark propagator:
  color spin   Nconv      diff           diff2
ASolver_CGNR<Afield<float,ACCEL> >: solver starts
  mode_prev = D
  b2 size is reset.
  snorm =  2.585248565673828e+01
  init:  1.003210783004761e+00
     0   5.135495588183403e-02
[TRUERES]      0  5.135495588183403e-02  5.135495588183403e-02
     1   1.433849707245827e-02
     2   1.233502663671970e-02
     3   4.415068775415421e-03
     4   2.138287061825395e-03
     5   1.783879473805428e-03
     6   8.383893873542547e-04
     7   5.263721104711294e-04
     8   4.230733029544353e-04
     9   2.224407508037984e-04
    10   1.688626362010837e-04
[TRUERES]     10  1.688626362010837e-04  1.688626362010837e-04
    11   1.338550064247102e-04
    12   8.211540261982009e-05
    13   7.126944547053427e-05
    14   5.642972610075958e-05
    15   3.848362393910065e-05
    16   3.548545282683335e-05
    17   2.724089790717699e-05
    18   2.043764470727183e-05
    19   1.908268131955992e-05
    20   1.404651993652806e-05
[TRUERES]     20  1.404651993652806e-05  1.404651993652806e-05
    21   1.121812420024071e-05
    22   1.007018454401987e-05
    23   7.335865575441858e-06
    24   6.287941687332932e-06
    25   5.521921139006736e-06
    26   4.187881131656468e-06
    27   3.771096999116708e-06
    28   3.228090690754470e-06
    29   2.589215227999375e-06
    30   2.449101657475694e-06
[TRUERES]     30  2.449101657475694e-06  2.449101657475694e-06
    31   2.091137957904721e-06
    32   1.794990112102823e-06
    33   1.745004624353896e-06
    34   1.498229721619282e-06
    35   1.358185727440286e-06
    36   1.328416828982881e-06
    37   1.142283394983679e-06
    38   1.082548010344908e-06
    39   1.022099354486272e-06
    40   8.756959459788050e-07
[TRUERES]     40  8.756959459788050e-07  8.756959459788050e-07
    41   8.367824193555862e-07
    42   7.486153208446922e-07
    43   6.312902200988901e-07
    44   5.869965207239147e-07
    45   4.928268140247383e-07
    46   4.116225795769424e-07
    47   3.681196005800302e-07
    48   2.949466306745308e-07
    49   2.487231824943592e-07
    50   2.159166569981608e-07
[TRUERES]     50  2.159166569981608e-07  2.159166569981608e-07
    51   1.707311696463876e-07
    52   1.469332033821047e-07
    53   1.254685315643655e-07
    54   1.005274867793560e-07
    55   8.844565968502138e-08
    56   7.460468509634666e-08
    57   6.114500905596287e-08
    58   5.461453866928423e-08
    59   4.558282640232392e-08
    60   3.868284181862691e-08
[TRUERES]     60  3.868284181862691e-08  3.868284181862691e-08
    61   3.495104294870544e-08
    62   2.922920394610173e-08
    63   2.568942569780575e-08
    64   2.314535230141246e-08
    65   1.947645422717414e-08
    66   1.758613699109901e-08
    67   1.569757124286753e-08
    68   1.342547228944113e-08
    69   1.234360169632964e-08
    70   1.084314682486820e-08
[TRUERES]     70  1.084314682486820e-08  1.084314682486820e-08
    71   9.411470713871495e-09
    72   8.678361140823654e-09
    73   7.511278710126135e-09
    74   6.581931000226859e-09
    75   5.970928640408601e-09
    76   5.087147592064412e-09
    77   4.518367902051068e-09
    78   4.062907343893585e-09
    79   3.441011031668495e-09
    80   3.079437815856068e-09
[TRUERES]     80  3.079437815856068e-09  3.079437815856068e-09
    81   2.690958345041849e-09
    82   2.264030962706443e-09
    83   2.012271904661134e-09
    84   1.696054519051415e-09
    85   1.410999539430691e-09
    86   1.228815049714171e-09
    87   1.008790051493236e-09
    88   8.445655286237752e-10
    89   7.269893020911411e-10
    90   5.914545520013803e-10
[TRUERES]     90  5.914545520013803e-10  5.914545520013803e-10
    91   4.999212710465883e-10
    92   4.239238959868885e-10
    93   3.435167428289532e-10
    94   2.927806330710325e-10
    95   2.453526548595875e-10
    96   2.002675247858576e-10
    97   1.728823750823949e-10
    98   1.442477803870190e-10
    99   1.208765448845739e-10
   100   1.065172811065551e-10
[TRUERES]    100  1.065172811065551e-10  1.065172811065551e-10
   101   9.010087814731449e-11
   102   7.836032517305469e-11
   103   7.007929653246592e-11
   104   6.020288434438470e-11
   105   5.420762103081067e-11
   106   4.913797840844225e-11
   107   4.319744215108834e-11
   108   3.978326695852630e-11
   109   3.580536908631693e-11
   110   3.170171070099315e-11
[TRUERES]    110  3.170171070099315e-11  3.170171070099315e-11
   111   2.932410911316019e-11
   112   2.601535306623326e-11
   113   2.315602223856850e-11
   114   2.121895194273637e-11
   115   1.856682342593619e-11
   116   1.657778775365770e-11
   117   1.495942605900247e-11
   118   1.292687918513780e-11
   119   1.155938973013138e-11
   120   1.018144769882046e-11
[TRUERES]    120  1.018144769882046e-11  1.018144769882046e-11
   121   8.653126826185797e-12
   122   7.601998024131529e-12
   123   6.461971582827353e-12
   124   5.382919804342023e-12
   125   4.609321604953642e-12
   126   3.773466782097668e-12
   127   3.106210167552748e-12
   128   2.612046863526007e-12
   129   2.110535270855030e-12
   130   1.755556095460464e-12
[TRUERES]    130  1.755556095460464e-12  1.755556095460464e-12
   131   1.475562077038473e-12
   132   1.210342481620941e-12
   133   1.036795215653141e-12
   134   8.851655302830053e-13
   135   7.428055566471858e-13
   136   6.497124344605198e-13
   137   5.544843013557954e-13
   138   4.727356743908229e-13
   139   4.170619199387465e-13
   140   3.562771551304106e-13
[TRUERES]    140  3.562771551304106e-13  3.562771551304106e-13
   141   3.083324882306032e-13
   142   2.733245216528929e-13
   143   2.352373666952151e-13
   144   2.089868534303763e-13
   145   1.875771673404136e-13
   146   1.645759808814595e-13
   147   1.503404063567249e-13
   148   1.356828061363502e-13
   149   1.206309357959512e-13
   150   1.111943314659712e-13
[TRUERES]    150  1.111943314659712e-13  1.111943314659712e-13
   151   1.002024933296694e-13
   152   9.042338953340126e-14
   153   8.372080426925083e-14
   154   7.500554674967977e-14
   155   6.773499540120922e-14
   156   6.165068997844581e-14
   157   5.400260926912044e-14
   158   4.807402915964383e-14
   159   4.249490773915003e-14
   160   3.657222636711810e-14
[TRUERES]    160  3.657222636711810e-14  3.657222636711810e-14
   161   3.227739324191022e-14
   162   2.793168054162666e-14
   163   2.374168129616865e-14
   164   2.073151593700705e-14
   165   1.762154637973638e-14
   166   1.502569871639475e-14
   167   1.302284272579985e-14
   168   1.093086870475844e-14
   169   9.299539152521179e-15
   170   7.955501153135945e-15
[TRUERES]    170  7.955501153135945e-15  7.955501153135945e-15
   171   6.619648880152977e-15
   172   5.656076057817747e-15
   173   4.824144013947096e-15
   174   4.059319002355614e-15
   175   3.543963193180654e-15
   176   3.060436341064668e-15
   177   2.648131407285612e-15
   178   2.367338291204917e-15
   179   2.079280173535622e-15
   180   1.856477262364561e-15
[TRUERES]    180  1.856477262364561e-15  1.856477262364561e-15
   181   1.696647121536240e-15
   182   1.516353617614320e-15
   183   1.387945540392936e-15
   184   1.286137262330653e-15
   185   1.163515267171963e-15
   186   1.075537237193330e-15
   187   9.790236562052146e-16
   188   8.717295163204796e-16
   189   7.920882493065188e-16
   190   7.018685466329768e-16
[TRUERES]    190  7.018685466329768e-16  7.018685466329768e-16
   191   6.165124012634505e-16
   192   5.494990720040713e-16
   193   4.745126216121874e-16
   194   4.124895075522181e-16
   195   3.610782340136875e-16
   196   3.070213854133061e-16
   197   2.655348233875337e-16
   198   2.278363779903398e-16
   199   1.902072701808125e-16
   200   1.614535059415138e-16
[TRUERES]    200  1.614535059415138e-16  1.614535059415138e-16
   201   1.343599395137233e-16
   202   1.098235324664691e-16
   203   9.143252150511222e-17
   204   7.428175206699285e-17
   205   6.033786260206805e-17
   206   4.985872832066247e-17
   207   4.022936660869996e-17
   208   3.291064460239819e-17
   209   2.722693110359117e-17
   210   2.207530484253135e-17
[TRUERES]    210  2.207530484253135e-17  2.207530484253135e-17
   211   1.834905470632697e-17
   212   1.527445414796942e-17
   213   1.253944266392816e-17
   214   1.057035575935793e-17
   215   8.819494816810825e-18
   216   7.346572350345826e-18
   217   6.278024570952887e-18
   218   5.281109391836122e-18
   219   4.479292618405808e-18
   220   3.880913058417092e-18
[TRUERES]    220  3.880913058417092e-18  3.880913058417092e-18
   221   3.318548321913475e-18
   222   2.909936402153612e-18
   223   2.593115680992992e-18
   224   2.286984821683548e-18
   225   2.077368362271026e-18
   226   1.891059577773564e-18
   227   1.709236800533129e-18
   228   1.583062392207047e-18
   229   1.446577384340644e-18
   230   1.313293772239975e-18
[TRUERES]    230  1.313293772239975e-18  1.313293772239975e-18
   231   1.211244189876578e-18
   232   1.085845676965071e-18
   233   9.733514918021201e-19
   234   8.759452878072897e-19
   235   7.658849265004115e-19
   236   6.739685651347308e-19
   237   5.875380655915017e-19
   238   4.968442771711744e-19
   239   4.243074133891157e-19
   240   3.563867602623799e-19
[TRUERES]    240  3.563867602623799e-19  3.563867602623799e-19
   241   2.934662071433740e-19
   242   2.446740022843504e-19
   243   1.995840898260523e-19
   244   1.621090599152495e-19
   245   1.334915834012411e-19
   246   1.075769324634468e-19
   247   8.727424315507874e-20
   248   7.162430262065369e-20
   249   5.783427769355414e-20
   250   4.777078866771120e-20
[TRUERES]    250  4.777078866771120e-20  4.777078866771120e-20
   251   3.967979905420619e-20
   252   3.261919860295521e-20
   253   2.750644693555324e-20
   254   2.305020202470560e-20
   255   1.919985237226885e-20
   256   1.631162040098211e-20
   257   1.365540774475509e-20
   258   1.150092213530696e-20
   259   9.913653012697200e-21
   260   8.462602927075162e-21
[TRUERES]    260  8.462602927075162e-21  8.462602927075162e-21
   261   7.368953835006419e-21
   262   6.519365028906301e-21
   263   5.710039077563487e-21
   264   5.109889250897505e-21
   265   4.585178457655073e-21
   266   4.058007125207722e-21
   267   3.665584241559469e-21
   268   3.278649305456658e-21
   269   2.921107149977539e-21
   270   2.648056970426737e-21
[TRUERES]    270  2.648056970426737e-21  2.648056970426737e-21
   271   2.356151677333058e-21
   272   2.100267918873432e-21
   273   1.885099581516993e-21
   274   1.649430554147611e-21
   275   1.448466458872356e-21
   276   1.267307543348903e-21
   277   1.081195944492307e-21
   278   9.287037041500572e-22
   279   7.853913813638794e-22
   280   6.520663153168383e-22
[TRUERES]    280  6.520663153168383e-22  6.520663153168383e-22
   281   5.469881747187760e-22
   282   4.515330264482554e-22
   283   3.714553646842616e-22
   284   3.091075852679378e-22
   285   2.518020532964930e-22
   286   2.065474255704686e-22
   287   1.711310545358026e-22
   288   1.400109462087151e-22
   289   1.163637109258990e-22
   290   9.682803130286926e-23
[TRUERES]    290  9.682803130286926e-23  9.682803130286926e-23
   291   7.933262997066697e-23
   292   6.609662945366397e-23
   293   5.465039655842641e-23
   294   4.488804406336827e-23
   295   3.770354385616584e-23
   296   3.144298909559447e-23
   297   2.639495614483667e-23
   298   2.254830155474530e-23
   299   1.900978234512050e-23
   300   1.618894827668224e-23
[TRUERES]    300  1.618894827668224e-23  1.618894827668224e-23
   301   1.395139480612077e-23
   302   1.188643542415171e-23
   303   1.035220509313633e-23
   304   9.075063742271572e-24
   305   7.894209175776282e-24
   306   6.994884866858077e-24
   307   6.165332149563050e-24
   308   5.422834177463687e-24
   309   4.867809788351004e-24
   310   4.311910946924882e-24
[TRUERES]    310  4.311910946924882e-24  4.311910946924882e-24
   311   3.834299056163347e-24
   312   3.448615098839479e-24
   313   3.046719655482866e-24
   314   2.697288195488883e-24
   315   2.377596988836957e-24
   316   2.043565474219472e-24
   317   1.771831685793874e-24
   318   1.518193774888367e-24
   319   1.277585578162009e-24
   320   1.083366051144333e-24
[TRUERES]    320  1.083366051144333e-24  1.083366051144333e-24
   321   9.027831681647595e-25
   322   7.433546257386259e-25
   323   6.174892552088650e-25
   324   5.012706181700189e-25
   325   4.066776167716753e-25
   326   3.326121812856698e-25
   327   2.682168246429931e-25
   328   2.184248364258645e-25
   329   1.786849699232729e-25
   330   1.438759278125718e-25
[TRUERES]    330  1.438759278125718e-25  1.438759278125718e-25
   331   1.175976152049790e-25
   332   9.606147829936415e-26
   333   7.816672949522530e-26
   334   6.482399777407533e-26
   335   5.339787141489385e-26
   336   4.403589205886047e-26
   337   3.692423087960737e-26
   338   3.063517906117676e-26
   339   2.560850190632607e-26
   340   2.162730272546237e-26
[TRUERES]    340  2.162730272546237e-26  2.162730272546237e-26
   341   1.808687187167114e-26
   342   1.532897716916355e-26
   343   1.302296880211138e-26
   344   1.093642015222214e-26
   345   9.318115916363967e-27
   346   7.906903075565864e-27
   347   6.711078536028251e-27
   348   5.828308516346940e-27
   349   5.047373198033071e-27
   350   4.405171858077147e-27
[TRUERES]    350  4.405171858077147e-27  4.405171858077147e-27
   351   3.926159569727009e-27
   352   3.467162700916910e-27
   353   3.101283581952962e-27
   354   2.801256630019479e-27
   355   2.504058676581307e-27
   356   2.266390447352167e-27
   357   2.041863415912564e-27
   358   1.814042081303087e-27
   359   1.623627506224460e-27
   360   1.436205152203930e-27
[TRUERES]    360  1.436205152203930e-27  1.436205152203930e-27
   361   1.257757342834753e-27
   362   1.108979158334342e-27
   363   9.592309792174400e-28
   364   8.296614422033637e-28
   365   7.203348733522557e-28
   366   6.144435375947025e-28
   367   5.262753314091298e-28
   368   4.503090951274655e-28
   369   3.790411890192582e-28
   370   3.217124656989208e-28
[TRUERES]    370  3.217124656989208e-28  3.217124656989208e-28
   371   2.709620209190054e-28
   372   2.251574846068979e-28
   373   1.897470597969647e-28
   374   1.583179775533796e-28
   375   1.315457216929498e-28
   376   1.101143704948597e-28
   377   9.054217363886623e-29
   378   7.472434248674373e-29
   379   6.229054478431081e-29
   380   5.137224931805405e-29
[TRUERES]    380  5.137224931805405e-29  5.137224931805405e-29
   381   4.299142673883824e-29
   382   3.634888834211559e-29
   383   3.063744679553802e-29
   384   2.643236834569739e-29
   385   2.300379626141109e-29
   386   2.012135772404224e-29
   387   1.801397508623834e-29
   388   1.607519256873786e-29
   389   1.439784902265687e-29
   390   1.306266498678950e-29
[TRUERES]    390  1.306266498678950e-29  1.306266498678950e-29
   391   1.174756253217429e-29
   392   1.064013174929286e-29
   393   9.724565718589935e-30
   394   8.771082189790502e-30
   395   8.003884234861924e-30
   396   7.290576207189731e-30
   397   6.551484040070670e-30
   398   5.943335548943943e-30
   399   5.339636633073497e-30
   400   4.749485430655599e-30
[TRUERES]    400  4.749485430655599e-30  4.749485430655599e-30
   401   4.245643725452477e-30
   402   3.722556262500405e-30
   403   3.236444397531413e-30
   404   2.813263610048948e-30
   405   2.396583964603366e-30
   406   2.049717775009053e-30
   407   1.745263797750599e-30
   408   1.457634247957499e-30
   409   1.221514202340596e-30
   410   1.010944513854069e-30
[TRUERES]    410  1.010944513854069e-30  1.010944513854069e-30
   411   8.217547166202978e-31
   412   6.719717688255269e-31
   413   5.445804837811516e-31
   414   4.411100855980435e-31
   415   3.628093254349681e-31
   416   2.962415740555293e-31
   417   2.434554124846791e-31
   418   2.023500912581759e-31
   419   1.666343411005319e-31
   420   1.386600911088722e-31
[TRUERES]    420  1.386600911088722e-31  1.386600911088722e-31
   421   1.160658554169994e-31
   422   9.647670638081460e-32
   423   8.138655038341891e-32
   424   6.887122659942313e-32
   425   5.839008403458181e-32
   426   5.052504528979777e-32
   427   4.373095242827389e-32
   428   3.812693592499424e-32
   429   3.384868309287424e-32
   430   2.999365230808843e-32
[TRUERES]    430  2.999365230808843e-32  2.999365230808843e-32
   431   2.694446110435770e-32
   432   2.448235439109783e-32
   433   2.210830836776187e-32
   434   2.018527895568529e-32
   435   1.843704849231186e-32
   436   1.662467571031787e-32
   437   1.504958087114118e-32
   438   1.343774448666160e-32
   439   1.184620080809706e-32
   440   1.045514724195685e-32
[TRUERES]    440  1.045514724195685e-32  1.045514724195685e-32
   441   9.061597219689094e-33
   442   7.821658595134882e-33
   443   6.771247863499625e-33
   444   5.761573888592114e-33
   445   4.910704057692910e-33
   446   4.185793221930113e-33
   447   3.519742694390851e-33
   448   2.981655012514164e-33
   449   2.515068427565173e-33
   450   2.099995862160054e-33
[TRUERES]    450  2.099995862160054e-33  2.099995862160054e-33
   451   1.771513149372382e-33
   452   1.475264971242652e-33
   453   1.215389894405227e-33
   454   1.006225184684794e-33
   455   8.229870130622038e-34
   456   6.741055566605243e-34
   457   5.551064064359455e-34
   458   4.512703986530049e-34
   459   3.690948946648805e-34
   460   3.031120779069475e-34
[TRUERES]    460  3.031120779069475e-34  3.031120779069475e-34
   461   2.462831708584287e-34
   462   2.027588165214286e-34
   463   1.671089082819325e-34
   464   1.377555975215759e-34
   465   1.155245312685672e-34
   466   9.658972795859426e-35
   467   8.101597753419662e-35
   468   6.894252556642379e-35
   469   5.840420149214645e-35
   470   5.000629880626043e-35
[TRUERES]    470  5.000629880626043e-35  5.000630454597894e-35
   471   4.337362358921227e-35
   472   3.753116698787032e-35
   473   3.303149170318020e-35
   474   2.944985569555196e-35
   475   2.624510682443760e-35
   476   2.381305320841881e-35
   477   2.163134602478596e-35
   478   1.956826590838557e-35
   479   1.785609926731226e-35
   480   1.611233117105320e-35
[TRUERES]    480  1.611233117105320e-35  1.611232830119395e-35
   481   1.445123798021038e-35
   482   1.301125740045308e-35
   483   1.153084839590666e-35
   484   1.023491681412686e-35
   485   9.078055741982070e-36
   486   7.916840375882723e-36
   487   6.890420146593336e-36
   488   5.936874253364569e-36
   489   5.023459754492032e-36
   490   4.265457102584517e-36
[TRUERES]    490  4.265457102584517e-36  4.265461407373399e-36
   491   3.577853891862646e-36
   492   2.968200363293752e-36
   493   2.458475872080384e-36
   494   1.994256048579503e-36
   495   1.606984685084033e-36
   496   1.294224463938618e-36
   497   1.027907892580665e-36
   498   8.170799602338221e-37
   499   6.502767002133858e-37
   500   5.103023194377301e-37
[TRUERES]    500  5.103023194377301e-37  5.103016019729164e-37
   501   4.019666571765790e-37
   502   3.134862731161392e-37
   503   0.000000000000000e+00
   504   0.000000000000000e+00
   505                     nan
   506                     nan
   507                     nan
   508                     nan
   509                     nan
   510                     nan
[TRUERES]    510                    nan                    nan
   511                     nan
   512                     nan
   513                     nan
   514                     nan
   515                     nan
   516                     nan
   517                     nan
   518                     nan
   519                     nan
   520                     nan
[TRUERES]    520                    nan                    nan
   521                     nan
   522                     nan
   523                     nan
   524                     nan
   525                     nan
   526                     nan
   527                     nan
   528                     nan
   529                     nan
   530                     nan
[TRUERES]    530                    nan                    nan
   531                     nan
   532                     nan
   533                     nan
   534                     nan
   535                     nan
   536                     nan
   537                     nan
   538                     nan
   539                     nan
   540                     nan
[TRUERES]    540                    nan                    nan
   541                     nan
   542                     nan
   543                     nan
   544                     nan
   545                     nan
   546                     nan
   547                     nan
   548                     nan
   549                     nan
Error at ASolver_CG<Afield<float,ACCEL> >: not converged
  iter(final):      550                     nan
converged:
  nconv = -1
    0    0       -1            nan            nan
ASolver_CGNR<Afield<float,ACCEL> >: solver starts
  mode_prev = D
  snorm =  2.556055450439453e+01
  init:  9.815130829811096e-01
     0   4.820301011204720e-02
[TRUERES]      0  4.820301011204720e-02  4.820301383733749e-02
     1   1.227379310876131e-02
     2   1.046375744044781e-02
     3   3.865182865411043e-03
     4   1.844752929173410e-03
     5   1.587841776199639e-03
     6   7.771640666760504e-04
     7   4.871929122600704e-04
     8   4.148697189521044e-04
     9   2.320938656339422e-04
    10   1.807356748031452e-04
[TRUERES]     10  1.807356748031452e-04  1.807356748031452e-04
    11   1.483087253291160e-04
    12   9.145992953563109e-05
    13   7.831862603779882e-05
    14   6.236656190594658e-05
    15   4.300498767406680e-05
    16   3.986811134382151e-05
    17   3.103000199189410e-05
    18   2.332500662305392e-05
    19   2.151692206098232e-05
    20   1.571429129398894e-05
[TRUERES]     20  1.571429129398894e-05  1.571429129398894e-05
    21   1.239150697074365e-05
    22   1.098461962101283e-05
    23   7.930412721179891e-06
    24   6.613969617319526e-06
    25   5.731422334065428e-06
    26   4.282792360754684e-06
    27   3.831985850411002e-06
    28   3.293732106612879e-06
    29   2.626780542414053e-06
    30   2.486207904439652e-06
[TRUERES]     30  2.486207904439652e-06  2.486207904439652e-06
    31   2.130784423570731e-06
    32   1.814899519558821e-06
    33   1.752157913870178e-06
    34   1.475034082432103e-06
    35   1.296448999710265e-06
    36   1.235526724485680e-06
    37   1.038967297972704e-06
    38   9.675389947005897e-07
    39   9.116458841162967e-07
    40   7.791784923938394e-07
[TRUERES]     40  7.791784923938394e-07  7.791784923938394e-07
    41   7.425413173223205e-07
    42   6.671024834759010e-07
    43   5.633491468870488e-07
    44   5.274248451314634e-07
    45   4.518820446719474e-07
    46   3.858517914068216e-07
    47   3.565730537502532e-07
    48   2.969878778458224e-07
    49   2.593918679849594e-07
    50   2.336834512561836e-07
[TRUERES]     50  2.336834512561836e-07  2.336834512561836e-07
    51   1.901591843989081e-07
    52   1.664754876173902e-07
    53   1.436396530607453e-07
    54   1.147205779261640e-07
    55   9.938573697354514e-08
    56   8.213724811412249e-08
    57   6.557319665034811e-08
    58   5.702824168452025e-08
    59   4.630567218555370e-08
    60   3.808911586133945e-08
[TRUERES]     60  3.808911586133945e-08  3.808911586133945e-08
    61   3.337126486258057e-08
    62   2.702267742904496e-08
    63   2.286327038802938e-08
    64   1.987446296425333e-08
    65   1.602460741878531e-08
    66   1.381360359431483e-08
    67   1.178571196192024e-08
    68   9.596140770895545e-09
    69   8.459108968850160e-09
    70   7.192312523329747e-09
[TRUERES]     70  7.192312523329747e-09  7.192312523329747e-09
    71   6.030623556085857e-09
    72   5.436205707809449e-09
    73   4.650629215063873e-09
    74   4.034729883528598e-09
    75   3.673951809446407e-09
    76   3.144531079968260e-09
    77   2.814937394290951e-09
    78   2.580626379256046e-09
    79   2.245741592687978e-09
    80   2.073666793833695e-09
[TRUERES]     80  2.073666793833695e-09  2.073666793833695e-09
    81   1.894265189150701e-09
    82   1.660293458272122e-09
    83   1.549388950472519e-09
    84   1.386550763093908e-09
    85   1.220086920383778e-09
    86   1.127992033111980e-09
    87   9.838350134572238e-10
    88   8.681691476830622e-10
    89   7.889079389755693e-10
    90   6.739744318196017e-10
[TRUERES]     90  6.739744318196017e-10  6.739744318196017e-10
    91   5.937625946472735e-10
    92   5.213345866117436e-10
