Bridge++ 2.0.0

input filename : main.yaml

file = main.yaml

Lattice parameters:
  Lx = 16,  Ly = 16,  Lz = 16,  Lt = 16,
  Nx = 16,  Ny = 16,  Nz = 16,  Nt = 16,
  NPEx = 1,  NPEy  = 1,  NPEz  = 1,  NPEt  = 1,
  Lvol = 65536,  Nvol = 65536,  NPE = 1,
  Ndim = 4
  Nc   = 3
  Nd   = 4

ThreadManager: initialization
Warning at ThreadManager: Nthread(env) != Nthread(input)
  Number of threads(env)   = 2
  Number of threads(input) = 1
  reset Nthread = Nthread(input).
  Number of threads = 1
Main: input parameters
  lattice_size     = [16, 16, 16, 16]
  grid_size        = [1, 1, 1, 1]
  number of thread = 1
  number of color  = 3
  logfile          = stdout
  ildg_logfile     = stdout
  vlevel           = General

Alt_Accel code is being setup.
DeviceManager_CUDA: being initialized.
  process_id = 0
  number of devices = 1
  device_id = 0  is used on process = 0
------------------------------------------------
Alt_Accel: Factory entries
------------------------------------------------
AFopr<double, ACCEL> >(void):
AFopr<double, ACCEL>(Parameters&):
	Clover
	CloverTerm
	Clover_dd
	Domainwall
	Domainwall_5din
	Domainwall_5din_dd
	Domainwall_5din_eo
	Domainwall_eo
	Wilson
	Wilson_dd
AFopr<double, ACCEL>(Fopr*):
	Domainwall
AFopr<double, ACCEL>(Fopr*, Director*):
AFopr<float, ACCEL> >(void):
AFopr<float, ACCEL>(Parameters&):
	Clover
	CloverTerm
	Clover_dd
	Domainwall
	Domainwall_5din
	Domainwall_5din_dd
	Domainwall_5din_eo
	Domainwall_eo
	Wilson
	Wilson_dd
AFopr<float, ACCEL>(Fopr*):
	Domainwall
AFopr<float, ACCEL>(Fopr*, Director*):
AEigensolver<AField<float, ACCEL> >, Afopr>(Fopr*):
	IRArnoldi
	IRLanczos
------------------------------------------------
Timer: timestamp: 2026/06/06 10:52:18 +0900
file = test_alt_Spectrum_Domainwall_5din_Hadron2ptFunction.yaml

--------------------------------------------------------------------
test name: Spectrum_Domainwall_alt.hadron_2ptFunction
test file: test_alt_Spectrum_Domainwall_5din_Hadron2ptFunction.yaml
test mode: double_eo
file = test_alt_Spectrum_Domainwall_5din_Hadron2ptFunction.yaml
  vlevel       = General
  source_type  = Local
Smearing parameters (assumes APE-Stout):
   proj_type:  Stout_SU3
   smear_type: APE
   rho_uniform: 0.100000
   number_of_smearing: 0
  vlevel       = General

Configuration setup:
  gconf_status = Continue
  gconf_read   = Text
  readfile     = ./conf_real16.txt
  plaq = 0.596178

Gauge fixing:
  Gauge fixing type = None
Parameters: get_string: key 'filename_output' not found.
Elapsed time: calc_plqauette: total         0.13 sec, count    1, average         0.13 sec
plaquette (before smearing):       0.596178494528857
applying smearing
Smear_APE:
  rho =   0.1000
Director_Smear:
  Nsmear = 0
Parameters: get_string: key 'filename_output' not found.
Elapsed time: calc_plqauette: total         0.12 sec, count    1, average         0.12 sec
Elapsed time: smearig: total         0.12 sec, count    1, average         0.12 sec
plaquette (after smearing):        0.596178494528857
  gmset_type   = Dirac
Gamma matrix: dirac representation.
Fopr_Domainwall: construction
  Imp::Fopr_Wilson: construction
    Gauge group implementation: SU(3)
    Imp::Fopr_Wilson: input parameters
      gamma-matrix type = Dirac
      kappa  =   0.20833333
      boundary[0] =  1
      boundary[1] =  1
      boundary[2] =  1
      boundary[3] = -1
  Imp::Fopr_Wilson: construction finished.
  Fopr_Domainwall: input parameters
    mq   =   0.1000
    M0   =   1.6000
    Ns   =    8
    boundary[0] =  1
    boundary[1] =  1
    boundary[2] =  1
    boundary[3] = -1
    coefficients:
    b[ 0] =     1.5000000000  c[ 0] =     0.5000000000
    b[ 1] =     1.5000000000  c[ 1] =     0.5000000000
    b[ 2] =     1.5000000000  c[ 2] =     0.5000000000
    b[ 3] =     1.5000000000  c[ 3] =     0.5000000000
    b[ 4] =     1.5000000000  c[ 4] =     0.5000000000
    b[ 5] =     1.5000000000  c[ 5] =     0.5000000000
    b[ 6] =     1.5000000000  c[ 6] =     0.5000000000
    b[ 7] =     1.5000000000  c[ 7] =     0.5000000000
Fopr_Domainwall: construction finished.
Fopr_Domainwall: input parameters
  mq   =   0.1000
  M0   =   1.6000
  Ns   =    8
  boundary[0] =  1
  boundary[1] =  1
  boundary[2] =  1
  boundary[3] = -1
  coefficients:
  b[ 0] =     1.5000000000  c[ 0] =     0.5000000000
  b[ 1] =     1.5000000000  c[ 1] =     0.5000000000
  b[ 2] =     1.5000000000  c[ 2] =     0.5000000000
  b[ 3] =     1.5000000000  c[ 3] =     0.5000000000
  b[ 4] =     1.5000000000  c[ 4] =     0.5000000000
  b[ 5] =     1.5000000000  c[ 5] =     0.5000000000
  b[ 6] =     1.5000000000  c[ 6] =     0.5000000000
  b[ 7] =     1.5000000000  c[ 7] =     0.5000000000
Imp::Fopr_Wilson: construction
  Gauge group implementation: SU(3)
  Imp::Fopr_Wilson: input parameters
    gamma-matrix type = Dirac
    kappa  =   0.20833333
    boundary[0] =  1
    boundary[1] =  1
    boundary[2] =  1
    boundary[3] = -1
Imp::Fopr_Wilson: construction finished.
Source for spinor field - local:
  source_position[0] = 0
  source_position[1] = 0
  source_position[2] = 0
  source_position[3] = 0

Check of fermion operator (even-odd)
norm of source vector: 1.000000
AFopr_Domainwall_5din_eo<AField<double,ACCEL> >: construction
  do_comm[0] = 0
  do_comm[1] = 0
  do_comm[2] = 0
  do_comm[3] = 0
    extended_precision = true
    su3_reconstruction = false
  AFopr_Domainwall_5din_eo<AField<double,ACCEL> >: input parameters
    gamma matrix repr.:  Dirac
    code implementation: 5d
    mq   =   0.1000
    M0   =   1.6000
    Ns   =    8
    boundary[0] =  1
    boundary[1] =  1
    boundary[2] =  1
    boundary[3] = -1
    coefficients:
      b[ 0] =     1.5000000000  c[ 0] =     0.5000000000
      b[ 1] =     1.5000000000  c[ 1] =     0.5000000000
      b[ 2] =     1.5000000000  c[ 2] =     0.5000000000
      b[ 3] =     1.5000000000  c[ 3] =     0.5000000000
      b[ 4] =     1.5000000000  c[ 4] =     0.5000000000
      b[ 5] =     1.5000000000  c[ 5] =     0.5000000000
      b[ 6] =     1.5000000000  c[ 6] =     0.5000000000
      b[ 7] =     1.5000000000  c[ 7] =     0.5000000000
    alpha =   1.0000
convert required.
convert performed.

[D check]
norm2(abq) = 1.000000
norm2(y5)  = 113.098687
norm2(z5)  = 113.098687
norm2(axq) = 113.098687
diff2 = 0.000000

[Ddag check]
norm2(abq) = 1.000000
norm2(y5)  = 118.581712
norm2(z5)  = 118.581712
norm2(axq) = 118.581712
diff2 = 0.000000
Elapsed time: afopr_Domainwall_5din_eo: Deo & dagger   : total         0.01 sec, count    4, average         0.00 sec
Elapsed time: afopr_Domainwall_5din_eo: Dee_inv & dag  : total         0.01 sec, count   20, average         0.00 sec
Elapsed time: afopr_Domainwall_5din_eo: clear          : total         0.00 sec, count    0, average         0.00 sec
Elapsed time: afopr_Domainwall_5din_eo: pack           : total         0.00 sec, count    0, average         0.00 sec
Elapsed time: afopr_Domainwall_5din_eo: bulk           : total         0.01 sec, count    4, average         0.00 sec
Elapsed time: afopr_Domainwall_5din_eo: boundary       : total         0.00 sec, count    0, average         0.00 sec
Elapsed time: afopr_Domainwall_5din_eo: comm           : total         0.00 sec, count    0, average         0.00 sec
Elapsed time: afopr_Domainwall_5din_eo: comm_recv_wait : total         0.00 sec, count    0, average         0.00 sec
Elapsed time: afopr_Domainwall_5din_eo: comm_send_wait : total         0.00 sec, count    0, average         0.00 sec
Elapsed time: afopr_Domainwall_5din_eo: comm_recv_start: total         0.00 sec, count    0, average         0.00 sec
Elapsed time: afopr_Domainwall_5din_eo: comm_send_start: total         0.00 sec, count    0, average         0.00 sec
Elapsed time: afopr_Domainwall_5din_eo: comm_test_all  : total         0.00 sec, count    0, average         0.00 sec

Fprop_alt_Standard_eo<Afield<double,ACCEL> >: being setup (without link smearing).
  AFopr_Domainwall_5din_eo<AField<double,ACCEL> >: construction
    do_comm[0] = 0
    do_comm[1] = 0
    do_comm[2] = 0
    do_comm[3] = 0
      extended_precision = true
      su3_reconstruction = false
    AFopr_Domainwall_5din_eo<AField<double,ACCEL> >: input parameters
      gamma matrix repr.:  Dirac
      code implementation: 5d
      mq   =   0.1000
      M0   =   1.6000
      Ns   =    8
      boundary[0] =  1
      boundary[1] =  1
      boundary[2] =  1
      boundary[3] = -1
      coefficients:
        b[ 0] =     1.5000000000  c[ 0] =     0.5000000000
        b[ 1] =     1.5000000000  c[ 1] =     0.5000000000
        b[ 2] =     1.5000000000  c[ 2] =     0.5000000000
        b[ 3] =     1.5000000000  c[ 3] =     0.5000000000
        b[ 4] =     1.5000000000  c[ 4] =     0.5000000000
        b[ 5] =     1.5000000000  c[ 5] =     0.5000000000
        b[ 6] =     1.5000000000  c[ 6] =     0.5000000000
        b[ 7] =     1.5000000000  c[ 7] =     0.5000000000
      alpha =   1.0000
  ASolver_CGNR<Afield<double,ACCEL> >:
  ASolver_CG<Afield<double,ACCEL> >:
    Precision: double
    Niter     = 2400
    Stop_cond =   1.00000000e-90
    init_guess_mode: 0
    true_residual_interval = 10 (logging [TRUERES])
    refinement_iterations = 0
Fprop_alt_Standard_eo<Afield<double,ACCEL> >: setup finished.

Fprop_alt_Standard_eo<Afield<double,ACCEL> >: mult performance:
  mult mode = Dee_inv
  Number of mult =                400
  Elapsed time   =       4.466269 sec
  Flop(Fopr)     =           62914560
  Flop(total)    =        25165824000
  Performance    =       5.635 GFlops

Fprop_alt_Standard_eo<Afield<double,ACCEL> >: mult performance:
  mult mode = Doe
  Number of mult =                400
  Elapsed time   =      30.937786 sec
  Flop(Fopr)     =          390070272
  Flop(total)    =       156028108800
  Performance    =       5.043 GFlops

Fprop_alt_Standard_eo<Afield<double,ACCEL> >: mult performance:
  mult mode = D
  Number of mult =                400
  Elapsed time   =      72.595376 sec
  Flop(Fopr)     =          912261120
  Flop(total)    =       364904448000
  Performance    =       5.027 GFlops

Fprop_alt_Standard_eo<Afield<double,ACCEL> >: mult performance:
  mult mode = Ddag
  Number of mult =                400
  Elapsed time   =      72.812651 sec
  Flop(Fopr)     =          912261120
  Flop(total)    =       364904448000
  Performance    =       5.012 GFlops

Fprop_alt_Standard_eo<Afield<double,ACCEL> >: mult performance:
  mult mode = DdagD
  Number of mult =                400
  Elapsed time   =     145.557979 sec
  Flop(Fopr)     =         1824522240
  Flop(total)    =       729808896000
  Performance    =       5.014 GFlops

Solving quark propagator:
  color spin   Nconv      diff           diff2
ASolver_CGNR<Afield<double,ACCEL> >: solver starts
  mode_prev = D
  b2 size is reset.
  snorm =  2.585248592461554e+01
  init:  1.003210806545592e+00
     0   5.135495720015123e-02
[TRUERES]      0  5.135495720015123e-02  5.135495720015123e-02
     1   1.433849621104631e-02
     2   1.233502693251493e-02
     3   4.415068646956573e-03
     4   2.138287102158893e-03
     5   1.783879430569841e-03
     6   8.383893744609896e-04
     7   5.263720927110455e-04
     8   4.230732832215489e-04
     9   2.224407541859561e-04
    10   1.688626483165353e-04
[TRUERES]     10  1.688626483165353e-04  1.688626483165353e-04
    11   1.338550137195027e-04
    12   8.211540232787220e-05
    13   7.126944812415998e-05
    14   5.642972604849669e-05
    15   3.848362437975588e-05
    16   3.548545437604236e-05
    17   2.724089996137527e-05
    18   2.043764558103152e-05
    19   1.908268175365384e-05
    20   1.404651954653839e-05
[TRUERES]     20  1.404651954653839e-05  1.404651954653839e-05
    21   1.121812453093947e-05
    22   1.007018478134594e-05
    23   7.335865823009241e-06
    24   6.287941226504386e-06
    25   5.521920994926203e-06
    26   4.187880804119025e-06
    27   3.771096999851344e-06
    28   3.228090883233794e-06
    29   2.589215253306196e-06
    30   2.449101698635392e-06
[TRUERES]     30  2.449101698635392e-06  2.449101698635392e-06
    31   2.091137854179739e-06
    32   1.794990115979116e-06
    33   1.745004653702392e-06
    34   1.498229741860195e-06
    35   1.358185732634783e-06
    36   1.328416843241014e-06
    37   1.142283394042353e-06
    38   1.082547956850812e-06
    39   1.022099315653780e-06
    40   8.756959056359699e-07
[TRUERES]     40  8.756959056359699e-07  8.756959056359699e-07
    41   8.367823771553132e-07
    42   7.486153268606736e-07
    43   6.312901952486901e-07
    44   5.869965305102285e-07
    45   4.928268064933883e-07
    46   4.116225817840408e-07
    47   3.681196064833626e-07
    48   2.949466325038982e-07
    49   2.487231909035715e-07
    50   2.159166587024881e-07
[TRUERES]     50  2.159166587024881e-07  2.159166587024881e-07
    51   1.707311684392498e-07
    52   1.469331962210146e-07
    53   1.254685415283931e-07
    54   1.005274866787263e-07
    55   8.844566382022060e-08
    56   7.460468823135681e-08
    57   6.114501169756468e-08
    58   5.461454065572461e-08
    59   4.558282917596581e-08
    60   3.868284164367038e-08
[TRUERES]     60  3.868284164367038e-08  3.868284164367038e-08
    61   3.495104459669399e-08
    62   2.922920460744797e-08
    63   2.568942576208947e-08
    64   2.314535390400976e-08
    65   1.947645442307676e-08
    66   1.758613725898447e-08
    67   1.569757078268878e-08
    68   1.342547220851512e-08
    69   1.234360164752030e-08
    70   1.084314752180552e-08
[TRUERES]     70  1.084314752180552e-08  1.084314752180552e-08
    71   9.411471059321830e-09
    72   8.678361759580120e-09
    73   7.511279156156944e-09
    74   6.581931091173570e-09
    75   5.970928594064733e-09
    76   5.087147807039751e-09
    77   4.518367814917760e-09
    78   4.062907227476643e-09
    79   3.441011041171628e-09
    80   3.079437733595826e-09
[TRUERES]     80  3.079437733595826e-09  3.079437733595826e-09
    81   2.690958429221513e-09
    82   2.264030970039313e-09
    83   2.012271861859100e-09
    84   1.696054447405437e-09
    85   1.410999564904045e-09
    86   1.228815008716235e-09
    87   1.008790088015366e-09
    88   8.445654819529006e-10
    89   7.269893215473110e-10
    90   5.914545555070545e-10
[TRUERES]     90  5.914545555070545e-10  5.914545555070545e-10
    91   4.999212888965180e-10
    92   4.239238888856124e-10
    93   3.435167252855983e-10
    94   2.927806306305668e-10
    95   2.453526773182132e-10
    96   2.002675346678074e-10
    97   1.728823760285993e-10
    98   1.442477806693829e-10
    99   1.208765503465937e-10
   100   1.065172802438657e-10
[TRUERES]    100  1.065172802438657e-10  1.065172802438657e-10
   101   9.010087401660377e-11
   102   7.836033041973469e-11
   103   7.007929772296999e-11
   104   6.020288553827048e-11
   105   5.420761743391279e-11
   106   4.913797950096646e-11
   107   4.319744074625150e-11
   108   3.978326881494194e-11
   109   3.580536855758931e-11
   110   3.170171215668278e-11
[TRUERES]    110  3.170171215668278e-11  3.170171215668278e-11
   111   2.932411003823096e-11
   112   2.601535305304995e-11
   113   2.315602199060005e-11
   114   2.121895115614286e-11
   115   1.856682487889083e-11
   116   1.657778828174337e-11
   117   1.495942528076907e-11
   118   1.292687985605319e-11
   119   1.155939029295141e-11
   120   1.018144810943735e-11
[TRUERES]    120  1.018144810943735e-11  1.018144810943735e-11
   121   8.653126903041680e-12
   122   7.601998363718800e-12
   123   6.461971468374784e-12
   124   5.382919832074658e-12
   125   4.609321702050719e-12
   126   3.773466678343116e-12
   127   3.106209992627107e-12
   128   2.612046866556088e-12
   129   2.110535456343581e-12
   130   1.755556061474646e-12
[TRUERES]    130  1.755556061474646e-12  1.755556061474646e-12
   131   1.475562045625501e-12
   132   1.210342566264271e-12
   133   1.036795234718161e-12
   134   8.851655104730042e-13
   135   7.428055732937595e-13
   136   6.497124404222250e-13
   137   5.544842985619311e-13
   138   4.727356962460536e-13
   139   4.170619244593000e-13
   140   3.562771524067769e-13
[TRUERES]    140  3.562771524067769e-13  3.562771524067769e-13
   141   3.083324994881797e-13
   142   2.733245367793669e-13
   143   2.352373785582913e-13
   144   2.089868543825049e-13
   145   1.875771653058919e-13
   146   1.645759920691173e-13
   147   1.503404137957290e-13
   148   1.356828075548416e-13
   149   1.206309441453599e-13
   150   1.111943353793845e-13
[TRUERES]    150  1.111943353793845e-13  1.111943353793845e-13
   151   1.002024897068542e-13
   152   9.042338748089296e-14
   153   8.372080776211599e-14
   154   7.500554998242429e-14
   155   6.773499317985354e-14
   156   6.165069103234721e-14
   157   5.400261249870928e-14
   158   4.807403014887660e-14
   159   4.249490821511248e-14
   160   3.657222715226053e-14
[TRUERES]    160  3.657222715226053e-14  3.657222715226053e-14
   161   3.227739427597865e-14
   162   2.793168027596132e-14
   163   2.374168112952681e-14
   164   2.073151540267541e-14
   165   1.762154648262046e-14
   166   1.502569866831533e-14
   167   1.302284222166449e-14
   168   1.093086861937687e-14
   169   9.299539785898694e-15
   170   7.955501222731845e-15
[TRUERES]    170  7.955501222731845e-15  7.955501222731845e-15
   171   6.619649210833720e-15
   172   5.656076075635031e-15
   173   4.824144232974927e-15
   174   4.059319005401080e-15
   175   3.543963067494924e-15
   176   3.060436510145526e-15
   177   2.648131304242025e-15
   178   2.367338253142634e-15
   179   2.079280146738535e-15
   180   1.856477353341931e-15
[TRUERES]    180  1.856477353341931e-15  1.856477353341931e-15
   181   1.696647176229844e-15
   182   1.516353668085379e-15
   183   1.387945589790462e-15
   184   1.286137284654335e-15
   185   1.163515308785949e-15
   186   1.075537302725855e-15
   187   9.790237080225214e-16
   188   8.717295255296117e-16
   189   7.920883131194860e-16
   190   7.018685708566208e-16
[TRUERES]    190  7.018685708566208e-16  7.018685708566208e-16
   191   6.165123945065091e-16
   192   5.494990890131408e-16
   193   4.745126599738332e-16
   194   4.124895113037710e-16
   195   3.610782431028989e-16
   196   3.070213742948782e-16
   197   2.655348434914212e-16
   198   2.278363766151719e-16
   199   1.902072733218097e-16
   200   1.614535023790566e-16
[TRUERES]    200  1.614535023790566e-16  1.614535023790566e-16
   201   1.343599368202235e-16
   202   1.098235349377318e-16
   203   9.143251900512732e-17
   204   7.428175145444209e-17
   205   6.033786481673534e-17
   206   4.985872898215173e-17
   207   4.022936726161195e-17
   208   3.291064745769469e-17
   209   2.722693073648443e-17
   210   2.207530550634625e-17
[TRUERES]    210  2.207530550634625e-17  2.207530550634625e-17
   211   1.834905479293079e-17
   212   1.527445453647462e-17
   213   1.253944246506363e-17
   214   1.057035601674444e-17
   215   8.819494857859179e-18
   216   7.346572545682079e-18
   217   6.278024744304490e-18
   218   5.281109602332871e-18
   219   4.479292906276508e-18
   220   3.880913396274286e-18
[TRUERES]    220  3.880913396274286e-18  3.880913396274286e-18
   221   3.318548311799418e-18
   222   2.909936393173653e-18
   223   2.593115786741911e-18
   224   2.286984968449851e-18
   225   2.077368370516706e-18
   226   1.891059602847891e-18
   227   1.709236896851093e-18
   228   1.583062324298535e-18
   229   1.446577345485210e-18
   230   1.313293777961923e-18
[TRUERES]    230  1.313293777961923e-18  1.313293777961923e-18
   231   1.211244174029060e-18
   232   1.085845688414529e-18
   233   9.733514403427643e-19
   234   8.759452836011691e-19
   235   7.658849337416673e-19
   236   6.739685837203263e-19
   237   5.875380396746294e-19
   238   4.968442939147621e-19
   239   4.243074201542981e-19
   240   3.563867520560538e-19
[TRUERES]    240  3.563867520560538e-19  3.563867520560538e-19
   241   2.934662041012576e-19
   242   2.446740195311059e-19
   243   1.995840937138857e-19
   244   1.621090578827982e-19
   245   1.334915826239571e-19
   246   1.075769298382958e-19
   247   8.727424206349518e-20
   248   7.162430563163454e-20
   249   5.783427981569226e-20
   250   4.777078787751257e-20
[TRUERES]    250  4.777078787751257e-20  4.777078787751257e-20
   251   3.967980092672315e-20
   252   3.261919996911921e-20
   253   2.750644859632378e-20
   254   2.305020330751588e-20
   255   1.919985328729320e-20
   256   1.631162047547800e-20
   257   1.365540834168394e-20
   258   1.150092166373861e-20
   259   9.913652801913598e-21
   260   8.462602736186387e-21
[TRUERES]    260  8.462602736186387e-21  8.462602736186387e-21
   261   7.368954283995113e-21
   262   6.519364802598368e-21
   263   5.710039319698750e-21
   264   5.109889425808703e-21
   265   4.585178235802868e-21
   266   4.058007146623426e-21
   267   3.665584205947542e-21
   268   3.278649438003866e-21
   269   2.921107294949866e-21
   270   2.648056969161140e-21
[TRUERES]    270  2.648056969161140e-21  2.648056969161140e-21
   271   2.356151661007243e-21
   272   2.100267968247532e-21
   273   1.885099607180829e-21
   274   1.649430663098463e-21
   275   1.448466537304961e-21
   276   1.267307560337288e-21
   277   1.081195928212704e-21
   278   9.287037598033759e-22
   279   7.853913668599755e-22
   280   6.520663476182830e-22
[TRUERES]    280  6.520663476182830e-22  6.520663476182830e-22
   281   5.469881550235359e-22
   282   4.515330277283021e-22
   283   3.714553876234522e-22
   284   3.091075931132782e-22
   285   2.518020441906130e-22
   286   2.065474217196285e-22
   287   1.711310479738409e-22
   288   1.400109524560491e-22
   289   1.163637171412690e-22
   290   9.682803009225387e-23
[TRUERES]    290  9.682803009225387e-23  9.682803009225387e-23
   291   7.933263197288687e-23
   292   6.609663189887802e-23
   293   5.465039663697153e-23
   294   4.488804157096098e-23
   295   3.770354432000315e-23
   296   3.144298810779868e-23
   297   2.639495617606818e-23
   298   2.254830121808132e-23
   299   1.900978224195815e-23
   300   1.618894748566212e-23
[TRUERES]    300  1.618894748566212e-23  1.618894748566212e-23
   301   1.395139587546696e-23
   302   1.188643578421989e-23
   303   1.035220478389645e-23
   304   9.075063739489077e-24
   305   7.894208882023535e-24
   306   6.994884798571782e-24
   307   6.165331763156435e-24
   308   5.422834041416131e-24
   309   4.867810044895831e-24
   310   4.311910714186292e-24
[TRUERES]    310  4.311910714186292e-24  4.311910714186292e-24
   311   3.834299188370883e-24
   312   3.448615330292754e-24
   313   3.046719507554423e-24
   314   2.697288421948240e-24
   315   2.377597162376221e-24
   316   2.043565646376709e-24
   317   1.771831671148201e-24
   318   1.518193689965610e-24
   319   1.277585538926998e-24
   320   1.083366107381004e-24
[TRUERES]    320  1.083366107381004e-24  1.083366107381004e-24
   321   9.027831220745343e-25
   322   7.433545923191158e-25
   323   6.174892640505825e-25
   324   5.012706334126911e-25
   325   4.066776330863426e-25
   326   3.326121869828375e-25
   327   2.682168291999223e-25
   328   2.184248421204882e-25
   329   1.786849645850794e-25
   330   1.438759219104788e-25
[TRUERES]    330  1.438759219104788e-25  1.438759219104788e-25
   331   1.175976205473096e-25
   332   9.606147506414173e-26
   333   7.816673200668289e-26
   334   6.482399737213337e-26
   335   5.339787017493225e-26
   336   4.403589020548259e-26
   337   3.692423064538453e-26
   338   3.063518004314417e-26
   339   2.560850362699845e-26
   340   2.162730396948964e-26
[TRUERES]    340  2.162730396948964e-26  2.162730396948964e-26
   341   1.808687155202967e-26
   342   1.532897769500498e-26
   343   1.302296926529733e-26
   344   1.093642080898191e-26
   345   9.318116048293377e-27
   346   7.906902930920436e-27
   347   6.711078599523540e-27
   348   5.828309054992488e-27
   349   5.047373098748576e-27
   350   4.405171920328414e-27
[TRUERES]    350  4.405171920328414e-27  4.405171920328414e-27
   351   3.926159345684097e-27
   352   3.467162698961013e-27
   353   3.101283626296324e-27
   354   2.801256729951065e-27
   355   2.504058723301257e-27
   356   2.266390396493074e-27
   357   2.041863318400579e-27
   358   1.814042008329422e-27
   359   1.623627411307420e-27
   360   1.436205126981498e-27
[TRUERES]    360  1.436205126981498e-27  1.436205126981498e-27
   361   1.257757434471236e-27
   362   1.108979179401636e-27
   363   9.592309657931503e-28
   364   8.296614708788889e-28
   365   7.203349284392447e-28
   366   6.144435472767928e-28
   367   5.262752963868596e-28
   368   4.503090920668506e-28
   369   3.790411996443318e-28
   370   3.217124814998425e-28
[TRUERES]    370  3.217124814998425e-28  3.217124814998425e-28
   371   2.709620312630107e-28
   372   2.251574968402902e-28
   373   1.897470647419795e-28
   374   1.583179794138183e-28
   375   1.315457271948264e-28
   376   1.101143733459366e-28
   377   9.054217620761284e-29
   378   7.472434375204083e-29
   379   6.229054571588463e-29
   380   5.137225117752282e-29
[TRUERES]    380  5.137225117752282e-29  5.137225117752282e-29
   381   4.299142824867822e-29
   382   3.634888880299129e-29
   383   3.063744481656428e-29
   384   2.643236814646673e-29
   385   2.300379492514753e-29
   386   2.012135769099652e-29
   387   1.801397577055956e-29
   388   1.607519319791822e-29
   389   1.439784925790992e-29
   390   1.306266430207731e-29
[TRUERES]    390  1.306266430207731e-29  1.306266430207731e-29
   391   1.174756177780741e-29
   392   1.064013151415904e-29
   393   9.724566334792217e-30
   394   8.771082442704818e-30
   395   8.003884850033683e-30
   396   7.290575927131890e-30
   397   6.551483970122206e-30
   398   5.943335459427499e-30
   399   5.339637670402356e-30
   400   4.749486323183299e-30
[TRUERES]    400  4.749486323183299e-30  4.749486323183299e-30
   401   4.245644392301134e-30
   402   3.722557172356171e-30
   403   3.236445016958936e-30
   404   2.813264244220499e-30
   405   2.396584042775526e-30
   406   2.049717952122778e-30
   407   1.745263702982092e-30
   408   1.457634171937172e-30
   409   1.221514291969137e-30
   410   1.010944495010780e-30
[TRUERES]    410  1.010944495010780e-30  1.010944495010780e-30
   411   8.217546976219827e-31
   412   6.719718132398719e-31
   413   5.445805592219214e-31
   414   4.411101846087438e-31
   415   3.628093567484953e-31
   416   2.962416196233780e-31
   417   2.434554475271001e-31
   418   2.023501323667944e-31
   419   1.666343691096742e-31
   420   1.386600944307691e-31
[TRUERES]    420  1.386600944307691e-31  1.386600944307691e-31
   421   1.160658513658450e-31
   422   9.647671796259121e-32
   423   8.138656980625468e-32
   424   6.887124901087186e-32
   425   5.839009213217267e-32
   426   5.052505605965548e-32
   427   4.373095879698440e-32
   428   3.812693757320514e-32
   429   3.384868486693214e-32
   430   2.999365303400079e-32
[TRUERES]    430  2.999365303400079e-32  2.999365303400079e-32
   431   2.694446084219796e-32
   432   2.448235468321721e-32
   433   2.210830486440978e-32
   434   2.018527593412160e-32
   435   1.843704911514532e-32
   436   1.662467654573274e-32
   437   1.504958114869879e-32
   438   1.343774513957807e-32
   439   1.184620204737518e-32
   440   1.045514859163301e-32
[TRUERES]    440  1.045514859163301e-32  1.045514859163301e-32
   441   9.061597438158265e-33
   442   7.821660225369648e-33
   443   6.771249584292062e-33
   444   5.761576307386253e-33
   445   4.910706072244936e-33
   446   4.185795386315750e-33
   447   3.519744335211320e-33
   448   2.981656435228983e-33
   449   2.515069476690439e-33
   450   2.099997156460552e-33
[TRUERES]    450  2.099997156460552e-33  2.099997156460552e-33
   451   1.771514367374713e-33
   452   1.475266325775085e-33
   453   1.215391421434987e-33
   454   1.006226715564017e-33
   455   8.229885425473599e-34
   456   6.741072523387679e-34
   457   5.551082162314155e-34
   458   4.512723249902472e-34
   459   3.690969767307950e-34
   460   3.031142202076372e-34
[TRUERES]    460  3.031142202076372e-34  3.031142202076372e-34
   461   2.462854865262645e-34
   462   2.027612958681504e-34
   463   1.671116733369923e-34
   464   1.377586292852903e-34
   465   1.155278855788740e-34
   466   9.659346504482204e-35
   467   8.102016057395511e-35
   468   6.894709686522750e-35
   469   5.840925067757752e-35
   470   5.001197566932950e-35
[TRUERES]    470  5.001197566932950e-35  5.001197566932950e-35
   471   4.338005477798482e-35
   472   3.753833730321426e-35
   473   3.303945481538204e-35
   474   2.945867661807479e-35
   475   2.625492091282781e-35
   476   2.382400400132389e-35
   477   2.164334976354884e-35
   478   1.958134388086515e-35
   479   1.787042488457815e-35
   480   1.612775226752360e-35
[TRUERES]    480  1.612775226752360e-35  1.612775226752360e-35
   481   1.446775273846411e-35
   482   1.302892623071040e-35
   483   1.154946180590176e-35
   484   1.025464990342590e-35
   485   9.098867011215052e-36
   486   7.938574618704480e-36
   487   6.913076938087351e-36
   488   5.960346900494182e-36
   489   5.047546001636026e-36
   490   4.290613373323288e-36
[TRUERES]    490  4.290613373323288e-36  4.290613373323288e-36
   491   3.604035278158089e-36
   492   2.995430320674070e-36
   493   2.486916546254764e-36
   494   2.023796106579035e-36
   495   1.638040630292327e-36
   496   1.327274329020039e-36
   497   1.063152005975557e-36
   498   8.553850655176837e-37
   499   6.921692838115635e-37
   500   5.560142748804197e-37
[TRUERES]    500  5.560142748804197e-37  5.560142748804197e-37
   501   4.525589629835243e-37
   502   3.694659861976896e-37
   503   2.992997011363152e-37
   504   2.449799329437037e-37
   505   1.995549149996414e-37
   506   1.624608188611833e-37
   507   1.339837967650247e-37
   508   1.102489655367755e-37
   509   9.167204196997199e-38
   510   7.739770425510286e-38
[TRUERES]    510  7.739770425510286e-38  7.739770425510286e-38
   511   6.524388988754075e-38
   512   5.587905119694750e-38
   513   4.851961874403498e-38
   514   4.213112525673093e-38
   515   3.709527496780093e-38
   516   3.278493068878974e-38
   517   2.901924473924030e-38
   518   2.617813075312529e-38
   519   2.358639167230748e-38
   520   2.125740372804968e-38
[TRUERES]    520  2.125740372804968e-38  2.125740372804968e-38
   521   1.930344577664225e-38
   522   1.727866542519219e-38
   523   1.546365825004731e-38
   524   1.384660993250324e-38
   525   1.222315244661990e-38
   526   1.083431843311206e-38
   527   9.557619190278306e-39
   528   8.307037251446633e-39
   529   7.245809631408786e-39
   530   6.249508940605045e-39
[TRUERES]    530  6.249508940605045e-39  6.249508940605045e-39
   531   5.328059579485105e-39
   532   4.558286588969956e-39
   533   3.863580510484541e-39
   534   3.266257809210218e-39
   535   2.763947122235062e-39
   536   2.305848085422358e-39
   537   1.922988596469384e-39
   538   1.600614676165058e-39
   539   1.312806570123641e-39
   540   1.080009933862719e-39
[TRUERES]    540  1.080009933862719e-39  1.080009933862719e-39
   541   8.841290272101613e-40
   542   7.178451780795169e-40
   543   5.893177016345691e-40
   544   4.851181067131863e-40
   545   4.019886631781833e-40
   546   3.394705905137074e-40
   547   2.871785745331155e-40
   548   2.460831756122030e-40
   549   2.139030565744929e-40
   550   1.862956542577431e-40
[TRUERES]    550  1.862956542577431e-40  1.862956542577431e-40
   551   1.644593428569772e-40
   552   1.463317648124299e-40
   553   1.300859889436915e-40
   554   1.168709817268389e-40
   555   1.049256714034605e-40
   556   9.391173008258060e-41
   557   8.491332900473585e-41
   558   7.632318833337726e-41
   559   6.850571422242165e-41
   560   6.168826963527917e-41
[TRUERES]    560  6.168826963527917e-41  6.168826963527917e-41
   561   5.477370444751211e-41
   562   4.852496011359655e-41
   563   4.295746934399487e-41
   564   3.738293904773701e-41
   565   3.240505799018745e-41
   566   2.780085591372180e-41
   567   2.341898456868393e-41
   568   1.975357694581253e-41
   569   1.651828586255282e-41
   570   1.368555910627894e-41
[TRUERES]    570  1.368555910627894e-41  1.368555910627894e-41
   571   1.138348738791765e-41
   572   9.343205630506481e-42
   573   7.621107360368567e-42
   574   6.234012704063714e-42
   575   5.044883310653915e-42
   576   4.104706821835169e-42
   577   3.369198569202945e-42
   578   2.746928140390981e-42
   579   2.252266439024084e-42
   580   1.844273360369503e-42
[TRUERES]    580  1.844273360369503e-42  1.844273360369503e-42
   581   1.497556293398062e-42
   582   1.223231456189051e-42
   583   9.958690204233634e-43
   584   8.084784413442394e-43
   585   6.630211647499459e-43
   586   5.414679046349479e-43
   587   4.441330151434537e-43
   588   3.680113464691843e-43
   589   3.036412828250088e-43
   590   2.532383735448831e-43
[TRUERES]    590  2.532383735448831e-43  2.532383735448831e-43
   591   2.126984533213616e-43
   592   1.782538603279631e-43
   593   1.514104893688896e-43
   594   1.291507784773652e-43
   595   1.101391531900508e-43
   596   9.499574649816120e-44
   597   8.193895455407330e-44
   598   7.061777323195241e-44
   599   6.142640948629031e-44
   600   5.312703287207370e-44
[TRUERES]    600  5.312703287207370e-44  5.312703287207370e-44
   601   4.612462730357342e-44
   602   4.030181784814458e-44
   603   3.496162624992040e-44
   604   3.054494682476178e-44
   605   2.672098195206100e-44
   606   2.325441177402789e-44
   607   2.035595114212992e-44
   608   1.771604948410341e-44
   609   1.530577878774774e-44
   610   1.325802145071805e-44
[TRUERES]    610  1.325802145071805e-44  1.325802145071805e-44
   611   1.131460203594326e-44
   612   9.607158849824694e-45
   613   8.175373290600936e-45
   614   6.863735969682404e-45
   615   5.740837755854639e-45
   616   4.789196888256949e-45
   617   3.940066433258841e-45
   618   3.241742001414336e-45
   619   2.655923296758307e-45
   620   2.151852265130496e-45
[TRUERES]    620  2.151852265130496e-45  2.151852265130496e-45
   621   1.753717717693263e-45
   622   1.425335268508860e-45
   623   1.153277016258563e-45
   624   9.381783815893425e-46
   625   7.560814845213510e-46
   626   6.093091056177646e-46
   627   4.954175236002850e-46
   628   4.008506877374903e-46
   629   3.272403980390451e-46
   630   2.687207273063477e-46
[TRUERES]    630  2.687207273063477e-46  2.687207273063477e-46
   631   2.192274132224149e-46
   632   1.800082111554054e-46
   633   1.475038011168573e-46
   634   1.205883815435975e-46
   635   9.957626951896898e-47
   636   8.205287175528754e-47
   637   6.773798454945811e-47
   638   5.667193448939081e-47
   639   4.731889182650102e-47
   640   3.978427039107516e-47
[TRUERES]    640  3.978427039107516e-47  3.978427039107516e-47
   641   3.380653227748755e-47
   642   2.870328813407540e-47
   643   2.462925853837149e-47
   644   2.127415651264095e-47
   645   1.829052854941166e-47
   646   1.592840002573836e-47
   647   1.393037336603628e-47
   648   1.222170112462922e-47
   649   1.087173023749460e-47
   650   9.644619210254760e-48
[TRUERES]    650  9.644619210254760e-48  9.644619210254760e-48
   651   8.558673746919552e-48
   652   7.636307221537885e-48
   653   6.748540087984388e-48
   654   5.958880625674365e-48
   655   5.239981084141050e-48
   656   4.539020236313405e-48
   657   3.923398260460489e-48
   658   3.375033902947923e-48
   659   2.879586974489723e-48
   660   2.469672269821894e-48
[TRUERES]    660  2.469672269821894e-48  2.469672269821894e-48
   661   2.105278758873765e-48
   662   1.776465474685927e-48
   663   1.498754898223573e-48
   664   1.247550415727588e-48
   665   1.031406394338459e-48
   666   8.534397440851103e-49
   667   6.991052713683186e-49
   668   5.733591111800079e-49
   669   4.716793900574011e-49
   670   3.854650923900735e-49
[TRUERES]    670  3.854650923900735e-49  3.854650923900735e-49
   671   3.170781356704865e-49
   672   2.603929362147517e-49
   673   2.122634304839477e-49
   674   1.738558851144914e-49
   675   1.419317414860918e-49
   676   1.155198514743996e-49
   677   9.467316536117708e-50
   678   7.714773243789442e-50
   679   6.324168292176002e-50
   680   5.264755809143346e-50
[TRUERES]    680  5.264755809143346e-50  5.264755809143346e-50
   681   4.394615008358084e-50
   682   3.718318477386422e-50
   683   3.170018405218242e-50
   684   2.701323768951190e-50
   685   2.329493929508482e-50
   686   2.024243952311358e-50
   687   1.767136646996255e-50
   688   1.571843746822951e-50
   689   1.404255272064227e-50
   690   1.260566962811701e-50
[TRUERES]    690  1.260566962811701e-50  1.260566962811701e-50
   691   1.145386868533241e-50
   692   1.038687509662467e-50
   693   9.439597875130140e-51
   694   8.602674939668814e-51
   695   7.763602519290483e-51
   696   7.020448855090558e-51
   697   6.324565606632221e-51
   698   5.640806598888050e-51
   699   5.032639759898732e-51
   700   4.444019043893806e-51
[TRUERES]    700  4.444019043893806e-51  4.444019043893806e-51
   701   3.872779831834898e-51
   702   3.364359643181901e-51
   703   2.877330211492911e-51
   704   2.436154389576312e-51
   705   2.055617213884782e-51
   706   1.708966288147388e-51
   707   1.417032056930437e-51
   708   1.171616464416482e-51
   709   9.563450205186295e-52
   710   7.811230608852122e-52
[TRUERES]    710  7.811230608852122e-52  7.811230608852122e-52
   711   6.349917793102661e-52
   712   5.117067042776215e-52
   713   4.153298270349883e-52
   714   3.360785581354235e-52
   715   2.701856075504694e-52
   716   2.170892687662603e-52
   717   1.728655144769222e-52
   718   1.374970167041388e-52
   719   1.101322066674193e-52
   720   8.777211589483207e-53
[TRUERES]    720  8.777211589483207e-53  8.777211589483207e-53
   721   7.020750869442617e-53
   722   5.631093112939229e-53
   723   4.487237383943252e-53
   724   3.595866660499089e-53
   725   2.878423484715876e-53
   726   2.294700712911964e-53
   727   1.848949441015595e-53
   728   1.488077795225484e-53
   729   1.204514494664840e-53
   730   9.896958338145209e-54
[TRUERES]    730  9.896958338145209e-54  9.896958338145209e-54
   731   8.124802942927978e-54
   732   6.685790684502297e-54
   733   5.550968685342031e-54
   734   4.601047816025779e-54
   735   3.850069164050705e-54
   736   3.246200075633215e-54
   737   2.732365218817219e-54
   738   2.327178586879397e-54
   739   1.993228874017824e-54
   740   1.712497026077353e-54
[TRUERES]    740  1.712497026077353e-54  1.712497026077353e-54
   741   1.490495732901635e-54
   742   1.299462947948866e-54
   743   1.138010273310568e-54
   744   1.006494789602147e-54
   745   8.880341135145458e-55
   746   7.901178576715029e-55
   747   7.099759957756167e-55
   748   6.371594741298280e-55
   749   5.765184800567489e-55
   750   5.211780937213520e-55
[TRUERES]    750  5.211780937213520e-55  5.211780937213520e-55
   751   4.670028213143038e-55
   752   4.180039331906163e-55
   753   3.688489184444150e-55
   754   3.199735085733876e-55
   755   2.762516579118294e-55
   756   2.347356411284369e-55
   757   1.974513034652448e-55
   758   1.655563589102341e-55
   759   1.368877451293718e-55
   760   1.128854259608410e-55
[TRUERES]    760  1.128854259608410e-55  1.128854259608410e-55
   761   9.294852110688612e-56
   762   7.596993730958294e-56
   763   6.225494317253755e-56
   764   5.099661934353783e-56
   765   4.157835550512952e-56
   766   3.408293138736256e-56
   767   2.786321450402736e-56
   768   2.274805137539458e-56
   769   1.866918665273726e-56
   770   1.527311164665854e-56
[TRUERES]    770  1.527311164665854e-56  1.527311164665854e-56
   771   1.258155724638857e-56
   772   1.045920050905801e-56
   773   8.675688444417060e-57
   774   7.245369926819907e-57
   775   6.088892739660293e-57
   776   5.109018993081201e-57
   777   4.317834703281659e-57
   778   3.649516936468060e-57
   779   3.081023606824082e-57
   780   2.625211205564326e-57
[TRUERES]    780  2.625211205564326e-57  2.625211205564326e-57
   781   2.230660420079565e-57
   782   1.894148876882526e-57
   783   1.621796313889585e-57
   784   1.384385889705330e-57
   785   1.192134927915075e-57
   786   1.038192497966788e-57
   787   9.066855277070484e-58
   788   8.003107092462793e-58
   789   7.085094539013189e-58
   790   6.238047582334887e-58
[TRUERES]    790  6.238047582334887e-58  6.238047582334887e-58
   791   5.525751116206558e-58
   792   4.856920801074816e-58
   793   4.227982582483547e-58
   794   3.678458214420395e-58
   795   3.160402053757749e-58
   796   2.692993996564430e-58
   797   2.289605021315687e-58
   798   1.919835074203735e-58
   799   1.602645074377618e-58
   800   1.338750945101202e-58
[TRUERES]    800  1.338750945101202e-58  1.338750945101202e-58
   801   1.104466143270160e-58
   802   9.124177868822714e-59
   803   7.518910193739061e-59
   804   6.148934176230458e-59
   805   5.066269930926832e-59
   806   4.163601596298361e-59
   807   3.411071861715428e-59
   808   2.805855916786813e-59
   809   2.296028169847957e-59
   810   1.879888597016817e-59
[TRUERES]    810  1.879888597016817e-59  1.879888597016817e-59
   811   1.541902461025531e-59
   812   1.250947030467030e-59
   813   1.014613801778683e-59
   814   8.227826209264551e-60
   815   6.612935406055020e-60
   816   5.329170193931124e-60
   817   4.290577428755205e-60
   818   3.441114625493348e-60
   819   2.775625702597841e-60
   820   2.233862667896005e-60
[TRUERES]    820  2.233862667896005e-60  2.233862667896005e-60
   821   1.797761575048791e-60
   822   1.460772030822198e-60
   823   1.187107981147251e-60
   824   9.715292093005532e-61
   825   8.050645993345856e-61
   826   6.682186526307770e-61
   827   5.623295405201865e-61
   828   4.783070291829035e-61
   829   4.077655013461661e-61
   830   3.523980439084024e-61
[TRUERES]    830  3.523980439084024e-61  3.523980439084024e-61
   831   3.058644924750070e-61
   832   2.657507650498068e-61
   833   2.338402397707962e-61
   834   2.061366103386256e-61
   835   1.816986235292294e-61
   836   1.614671535473750e-61
   837   1.431033980337815e-61
   838   1.270792152875026e-61
   839   1.132706556407605e-61
   840   1.003667368984904e-61
[TRUERES]    840  1.003667368984904e-61  1.003667368984904e-61
   841   8.921450012516943e-62
   842   7.946384155420854e-62
   843   7.064234830497160e-62
   844   6.328390821782198e-62
   845   5.622398871743118e-62
   846   4.947562314738269e-62
   847   4.345786230646550e-62
   848   3.764819567210905e-62
   849   3.240834185513000e-62
   850   2.783145391338671e-62
[TRUERES]    850  2.783145391338671e-62  2.783145391338671e-62
   851   2.360663527254463e-62
   852   1.991817726140205e-62
   853   1.671522344321790e-62
   854   1.383480785888030e-62
   855   1.143076106262710e-62
   856   9.374240954701696e-63
   857   7.623832866230653e-63
   858   6.213276646817912e-63
   859   5.016561914558152e-63
   860   4.013753688195923e-63
[TRUERES]    860  4.013753688195923e-63  4.013753688195923e-63
   861   3.210771144413748e-63
   862   2.548933809816909e-63
   863   2.021097464542311e-63
   864   1.612099893297611e-63
   865   1.283768659851595e-63
   866   1.033381411101639e-63
   867   8.371022358280813e-64
   868   6.767681913051969e-64
   869   5.528024502496269e-64
   870   4.529103079707059e-64
[TRUERES]    870  4.529103079707059e-64  4.529103079707059e-64
   871   3.709710938632631e-64
   872   3.058604970081886e-64
   873   2.504927472440659e-64
   874   2.052868902018409e-64
   875   1.698290359332338e-64
   876   1.403810993496997e-64
   877   1.169527747830333e-64
   878   9.848994299489339e-65
   879   8.351369527764452e-65
   880   7.201094501335077e-65
[TRUERES]    880  7.201094501335077e-65  7.201094501335077e-65
   881   6.285855943907074e-65
   882   5.525356316190671e-65
   883   4.919065848443613e-65
   884   4.390050602988422e-65
   885   3.925711022654754e-65
   886   3.550101951660960e-65
   887   3.212010722860876e-65
   888   2.912514043782104e-65
   889   2.660275350226795e-65
   890   2.414305100479967e-65
[TRUERES]    890  2.414305100479967e-65  2.414305100479967e-65
   891   2.189766131607558e-65
   892   1.977126447681424e-65
   893   1.758790425327758e-65
   894   1.554327580738670e-65
   895   1.359022825563388e-65
   896   1.171537992344019e-65
   897   1.006562318346578e-65
   898   8.549311564838097e-66
   899   7.181895839913629e-66
   900   6.023372921554612e-66
[TRUERES]    900  6.023372921554612e-66  6.023372921554612e-66
   901   5.001254977468407e-66
   902   4.133749316538101e-66
   903   3.412338789828004e-66
   904   2.785493317403556e-66
   905   2.266036900220025e-66
   906   1.838769836761872e-66
   907   1.480344951178612e-66
   908   1.196470938358080e-66
   909   9.655645774591473e-67
   910   7.751813178603010e-67
[TRUERES]    910  7.751813178603010e-67  7.751813178603010e-67
   911   6.272817809146391e-67
   912   5.054434866887930e-67
   913   4.068983151963666e-67
   914   3.284060214015315e-67
   915   2.641603361522035e-67
   916   2.134388926112075e-67
   917   1.743881958241337e-67
   918   1.430930400907501e-67
   919   1.189037318751728e-67
   920   9.976787985502542e-68
[TRUERES]    920  9.976787985502542e-68  9.976787985502542e-68
   921   8.401366131815890e-68
   922   7.143396066225317e-68
   923   6.077860596336397e-68
   924   5.167781811809049e-68
   925   4.440067050164469e-68
   926   3.824502631951816e-68
   927   3.316146511748565e-68
   928   2.903916094960816e-68
   929   2.548286774663764e-68
   930   2.260308678755829e-68
[TRUERES]    930  2.260308678755829e-68  2.260308678755829e-68
   931   2.020645349769499e-68
   932   1.802894883779868e-68
   933   1.617268752995257e-68
   934   1.451211853989221e-68
   935   1.290986184073998e-68
   936   1.147934917500601e-68
   937   1.009992751958242e-68
   938   8.812877860460697e-69
   939   7.687686691463120e-69
   940   6.632936024003613e-69
[TRUERES]    940  6.632936024003613e-69  6.632936024003612e-69
   941   5.673319917989067e-69
   942   4.830423320280008e-69
   943   4.035675217600988e-69
   944   3.340545289511408e-69
   945   2.739506897333129e-69
   946   2.214356626521034e-69
   947   1.787951382047997e-69
   948   1.436146808281240e-69
   949   1.148803219489016e-69
   950   9.254550851041437e-70
[TRUERES]    950  9.254550851041437e-70  9.254550851041439e-70
   951   7.430410451768012e-70
   952   5.950753424948343e-70
   953   4.781297786753955e-70
   954   3.820134218241638e-70
   955   3.045460451630556e-70
   956   2.436178822471972e-70
   957   1.939250181586929e-70
   958   1.549946938258932e-70
   959   1.241293791625928e-70
   960   9.930719015748735e-71
[TRUERES]    960  9.930719015748735e-71  9.930719015748742e-71
   961   8.024136743704499e-71
   962   6.489166967592976e-71
   963   5.237712743835857e-71
   964   4.242651623041411e-71
   965   3.415625953846904e-71
   966   2.749376289642518e-71
   967   2.227205675093992e-71
   968   1.800060237786734e-71
   969   1.464234709656459e-71
   970   1.203167551730618e-71
[TRUERES]    970  1.203167551730618e-71  1.203167551730618e-71
   971   9.888044183926505e-72
   972   8.192000176515073e-72
   973   6.810691292181765e-72
   974   5.672954686214371e-72
   975   4.782553726991329e-72
   976   4.058016195209729e-72
   977   3.464556163020606e-72
   978   3.004161604232289e-72
   979   2.624239159943205e-72
   980   2.317105769039515e-72
[TRUERES]    980  2.317105769039515e-72  2.317105769039516e-72
   981   2.073586987311367e-72
   982   1.856907652133184e-72
   983   1.669721456276018e-72
   984   1.505635163624115e-72
   985   1.348093261493494e-72
   986   1.204213291796967e-72
   987   1.067045301759176e-72
   988   9.332960730965167e-73
   989   8.128545021711604e-73
   990   6.998470819381247e-73
[TRUERES]    990  6.998470819381247e-73  6.998470819381182e-73
   991   5.970598920670644e-73
   992   5.078068560045864e-73
   993   4.272509647783192e-73
   994   3.577069000716511e-73
   995   2.987595915385129e-73
   996   2.467609171402249e-73
   997   2.035952021261604e-73
   998   1.675422862540910e-73
   999   1.366264411568108e-73
  1000   1.114716622864018e-73
[TRUERES]   1000  1.114716622864018e-73  1.114716622864019e-73
  1001   9.047865647414132e-74
  1002   7.290845183429211e-74
  1003   5.891694364048258e-74
  1004   4.721848582971605e-74
  1005   3.763667558164935e-74
  1006   3.005502356298965e-74
  1007   2.382909129225104e-74
  1008   1.887601421693146e-74
  1009   1.496792719830706e-74
  1010   1.178807650976673e-74
[TRUERES]   1010  1.178807650976673e-74  1.178807650976899e-74
  1011   9.318760166751072e-75
  1012   7.386022033500068e-75
  1013   5.839279129397800e-75
  1014   4.630414825877120e-75
  1015   3.671798009158576e-75
  1016   2.898301284388723e-75
  1017   2.294894720448800e-75
  1018   1.815376610808880e-75
  1019   1.441150485841490e-75
  1020   1.155799042102459e-75
[TRUERES]   1020  1.155799042102459e-75  1.155799042102411e-75
  1021   9.291050079035362e-76
  1022   7.511715451063007e-76
  1023   6.122824977392596e-76
  1024   4.978045357783105e-76
  1025   4.077097469813866e-76
  1026   3.357536343453505e-76
  1027   2.759910200338132e-76
  1028   2.281249280715751e-76
  1029   1.886422520459843e-76
  1030   1.562709129723698e-76
[TRUERES]   1030  1.562709129723698e-76  1.562709129723904e-76
  1031   1.305306673070266e-76
  1032   1.090418320298876e-76
  1033   9.176943570715065e-77
  1034   7.811260755411539e-77
  1035   6.671829407132474e-77
  1036   5.737414910156248e-77
  1037   4.967412690855727e-77
  1038   4.296982209230770e-77
  1039   3.748661160343196e-77
  1040   3.289000592096785e-77
[TRUERES]   1040  3.289000592096785e-77  3.289000592108210e-77
  1041   2.872617595608736e-77
  1042   2.525411448544956e-77
  1043   2.224598274876662e-77
  1044   1.962405226908499e-77
  1045   1.739364478917380e-77
  1046   1.532742807609735e-77
  1047   1.347958001469165e-77
  1048   1.184927578952665e-77
  1049   1.031551591711067e-77
  1050   8.963571069541696e-78
[TRUERES]   1050  8.963571069541696e-78  8.963571069540248e-78
  1051   7.768447333167065e-78
  1052   6.646206509949014e-78
  1053   5.661415634534715e-78
  1054   4.759623028847284e-78
  1055   3.949563613553172e-78
  1056   3.263427396913831e-78
  1057   2.669545599270341e-78
  1058   2.167540272732633e-78
  1059   1.756205899305597e-78
  1060   1.407183967890232e-78
[TRUERES]   1060  1.407183967890232e-78  1.407183967897430e-78
  1061   1.124170058775838e-78
  1062   8.972768202998201e-79
  1063   7.112849654410053e-79
  1064   5.648829203429978e-79
  1065   4.491531872518352e-79
  1066   3.559911295979668e-79
  1067   2.836802048068729e-79
  1068   2.258540811022030e-79
  1069   1.793925056159319e-79
  1070   1.434125705755304e-79
[TRUERES]   1070  1.434125705755304e-79  1.434125705724564e-79
  1071   1.143741361330326e-79
  1072   9.096456270872209e-80
  1073   7.239800938205946e-80
  1074   5.718127997960582e-80
  1075   4.513891867204864e-80
  1076   3.568377705608981e-80
  1077   2.808911529138370e-80
  1078   2.219765172886431e-80
  1079   1.755339027293617e-80
  1080   1.382275658300050e-80
[TRUERES]   1080  1.382275658300050e-80  1.382275658155349e-80
  1081   1.090999239206150e-80
  1082   8.598633099760183e-81
  1083   6.784525978312596e-81
  1084   5.400254954690661e-81
  1085   4.301346926554552e-81
  1086   3.437872721515996e-81
  1087   2.773351355296963e-81
  1088   2.241144675022551e-81
  1089   1.825162150663563e-81
  1090   1.503003362806209e-81
[TRUERES]   1090  1.503003362806209e-81  1.503003362968857e-81
  1091   1.238991114381415e-81
  1092   1.029189273846731e-81
  1093   8.598943543501991e-82
  1094   7.232082379215265e-82
  1095   6.167431652461197e-82
  1096   5.301831498557226e-82
  1097   4.574119765921777e-82
  1098   3.991308162499939e-82
  1099   3.486476133045110e-82
  1100   3.057645234265718e-82
[TRUERES]   1100  3.057645234265718e-82  3.057645233537109e-82
  1101   2.699599373933815e-82
  1102   2.378310876273693e-82
  1103   2.103131452358586e-82
  1104   1.865816841994565e-82
  1105   1.649801132248882e-82
  1106   1.461466299003474e-82
  1107   1.286688740876823e-82
  1108   1.124343595066055e-82
  1109   9.829380585403784e-83
  1110   8.538148195589950e-83
[TRUERES]   1110  8.538148195589950e-83  8.538148187651105e-83
  1111   7.383251298542888e-83
  1112   6.376312225520862e-83
  1113   5.428005262454698e-83
  1114   4.588107765715306e-83
  1115   3.849574444571723e-83
  1116   3.184255538208138e-83
  1117   2.621142530431129e-83
  1118   2.156844498234429e-83
  1119   1.761038693888897e-83
  1120   1.441142194998354e-83
[TRUERES]   1120  1.441142194998354e-83  1.441142195110184e-83
  1121   1.177027532110238e-83
  1122   9.547860188837104e-84
  1123   7.748656118371857e-84
  1124   6.262502428419230e-84
  1125   5.035569493223468e-84
  1126   4.062515464078320e-84
  1127   3.256744765226079e-84
  1128   2.610242121166032e-84
  1129   2.095485539527589e-84
  1130   1.675989674491273e-84
[TRUERES]   1130  1.675989674491273e-84  1.675989686002253e-84
  1131   1.342005276403005e-84
  1132   1.072806490276694e-84
  1133   8.534581766334416e-85
  1134   6.793657997487950e-85
  1135   5.390521291210753e-85
  1136   4.255264952279503e-85
  1137   3.368032860470667e-85
  1138   2.653673817791790e-85
  1139   2.083640903933995e-85
  1140   1.639206891712096e-85
[TRUERES]   1140  1.639206891712096e-85  1.639206915984988e-85
  1141   1.280939540762766e-85
  1142   1.002753160026726e-85
  1143   7.885681983297368e-86
  1144   6.187368224771395e-86
  1145   4.876072145961252e-86
  1146   3.838980601027073e-86
  1147   3.001450750281769e-86
  1148   2.347157408614405e-86
  1149   1.831078192209599e-86
  1150   1.424230474430389e-86
[TRUERES]   1150  1.424230474430389e-86  1.424230317057107e-86
  1151   1.111528220457434e-86
  1152   8.659328410757841e-87
  1153   6.759644393555027e-87
  1154   5.283930481958940e-87
  1155   4.104423690510413e-87
  1156   3.192581846259107e-87
  1157   2.489326392729865e-87
  1158   1.927871901938058e-87
  1159   1.497499133039045e-87
  1160   1.165113474655879e-87
[TRUERES]   1160  1.165113474655879e-87  1.165114009355940e-87
  1161   9.020118835466630e-88
  1162   7.003409814089846e-88
  1163   5.417331099228640e-88
  1164   4.178371416424401e-88
  1165   3.230730360141246e-88
  1166   2.481087579740389e-88
  1167   1.900737506579664e-88
  1168   1.461338490972284e-88
  1169   1.117910002861460e-88
  1170   8.601862827748106e-89
[TRUERES]   1170  8.601862827748106e-89  8.601875128568781e-89
  1171   6.642548046541966e-89
  1172   5.116439570663501e-89
  1173   3.949699117126006e-89
  1174   3.049809071596106e-89
  1175   2.350569922501149e-89
  1176   1.823222547706378e-89
  1177   1.413307154670240e-89
  1178   1.092307528480752e-89
  1179   8.458038508148661e-90
  1180   6.522941079113088e-90
[TRUERES]   1180  6.522941079113088e-90  6.522999607227510e-90
  1181   5.035546195219937e-90
  1182   3.910660917737929e-90
  1183   3.034505287418979e-90
  1184   2.363318815778920e-90
  1185   1.844872793131151e-90
  1186   1.434611885525012e-90
  1187   1.114158162855962e-90
  1188   8.611146533232794e-91
converged:
  nconv = 1188
    0    0     1189     3.3312e-92     3.5586e-32
ASolver_CGNR<Afield<double,ACCEL> >: solver starts
  mode_prev = D
  snorm =  2.556055513575415e+01
  init:  9.815131262403564e-01
     0   4.820301376246047e-02
[TRUERES]      0  4.820301376246047e-02  4.820301376246047e-02
     1   1.227379311894489e-02
     2   1.046375821108810e-02
     3   3.865182914745850e-03
     4   1.844753029192658e-03
     5   1.587841878062308e-03
     6   7.771641158943475e-04
     7   4.871929512359244e-04
     8   4.148697049712887e-04
     9   2.320938747165028e-04
    10   1.807356762109705e-04
[TRUERES]     10  1.807356762109705e-04  1.807356762109705e-04
