[08:21:40] START 16^4 sweep -> /home/wlchenhome/Bridge/with_alpha/docs/overnight_16p4_20260605_0821   masses=[0.10 0.05 0.025]  modes=[FP DW TW]  crit=1.0e-30
[08:21:40] lattice_size=[16,16,16,16]  Ns=8(yaml)  maxit=2000 restart=3  per-run timeout=2400s
[08:21:40] RUN mq=0.10 mode=FP ...
[08:22:30]   done mq=0.10 FP: 50s wall, nconv=484, solver=26.556890s, bulk=8.15s (30.7%), floor=3.262515041110858e-13
[08:22:30] RUN mq=0.10 mode=DW ...
[08:24:37]   done mq=0.10 DW: 127s wall, nconv=484, solver=99.295423s, bulk=67.12s (67.6%), floor=9.533240557815071e-28
[08:24:37] RUN mq=0.10 mode=TW ...
[08:27:46]   done mq=0.10 TW: 189s wall, nconv=484, solver=153.261875s, bulk=100.71s (65.7%), floor=1.477421015226473e-30
[08:27:47] PLOT mq=0.10 -> residual_mq0.10.png
[08:27:47] RUN mq=0.05 mode=FP ...
[08:28:48]   done mq=0.05 FP: 61s wall, nconv=741, solver=39.066469s, bulk=11.89s (30.4%), floor=5.858003969058667e-13
[08:28:48] RUN mq=0.05 mode=DW ...
[08:31:49]   done mq=0.05 DW: 181s wall, nconv=741, solver=149.861505s, bulk=97.49s (65.1%), floor=1.517765877936299e-27
[08:31:49] RUN mq=0.05 mode=TW ...
[08:36:13]   done mq=0.05 TW: 264s wall, nconv=741, solver=228.004065s, bulk=144.73s (63.5%), floor=1.004642077382248e-30
[08:36:14] PLOT mq=0.05 -> residual_mq0.05.png
[08:36:14] RUN mq=0.025 mode=FP ...
[08:37:18]   done mq=0.025 FP: 64s wall, nconv=875, solver=44.343868s, bulk=13.51s (30.5%), floor=6.061496248509213e-13
[08:37:18] RUN mq=0.025 mode=DW ...
[08:40:45]   done mq=0.025 DW: 207s wall, nconv=874, solver=176.649594s, bulk=113.52s (64.3%), floor=1.417840639812220e-27
[08:40:45] RUN mq=0.025 mode=TW ...
[08:45:58]   done mq=0.025 TW: 313s wall, nconv=874, solver=277.970166s, bulk=175.12s (63.0%), floor=1.751305086397441e-30
[08:45:59] PLOT mq=0.025 -> residual_mq0.025.png
[08:45:59] DONE. Summary:

mq     mode  nconv  solver_s    Deo_s   bulk_s  Deeinv_s  bulk_pct  resid_floor            RESULT
0.10   FP    484    26.556890   13.06   8.15    5.34      30.7      3.262515041110858e-13  4.23563622989636679e-01
0.10   DW    484    99.295423   78.14   67.12   10.58     67.6      9.533240557815071e-28  4.23563653259883988e-01
0.10   TW    484    153.261875  117.67  100.71  19.71     65.7      1.477421015226473e-30  4.23563653259883655e-01
0.05   FP    741    39.066469   19.05   11.89   7.81      30.4      5.858003969058667e-13  4.26343664817680268e-01
0.05   DW    741    149.861505  113.50  97.49   15.42     65.1      1.517765877936299e-27  4.26343697404966193e-01
0.05   TW    741    228.004065  168.91  144.73  28.25     63.5      1.004642077382248e-30  4.26343697404967470e-01
0.025  FP    875    44.343868   21.43   13.51   8.68      30.5      6.061496248509213e-13  4.27323717126218805e-01
0.025  DW    874    176.649594  131.98  113.52  17.76     64.3      1.417840639812220e-27  4.27323744641633529e-01
0.025  TW    874    277.970166  204.08  175.12  34.03     63.0      1.751305086397441e-30  4.27323744641632919e-01

[08:45:59] All artifacts in: /home/wlchenhome/Bridge/with_alpha/docs/overnight_16p4_20260605_0821
