\BOOKMARK [1][-]{section.1}{\376\377\000L\000a\000t\000t\000i\000c\000e\000\040\000Q\000C\000D\000:\000\040\000B\000a\000c\000k\000g\000r\000o\000u\000n\000d\000\040\000a\000n\000d\000\040\000R\000e\000l\000a\000t\000e\000d\000\040\000W\000o\000r\000k}{}% 1
\BOOKMARK [2][-]{subsection.1.1}{\376\377\000T\000h\000e\000\040\000Q\000u\000a\000r\000k\000\040\000P\000r\000o\000p\000a\000g\000a\000t\000o\000r\000\040\000P\000r\000o\000b\000l\000e\000m}{section.1}% 2
\BOOKMARK [2][-]{subsection.1.2}{\376\377\000W\000i\000l\000s\000o\000n\000\040\000F\000e\000r\000m\000i\000o\000n\000\040\000O\000p\000e\000r\000a\000t\000o\000r}{section.1}% 3
\BOOKMARK [3][-]{subsubsection.1.2.1}{\376\377\000L\000a\000t\000t\000i\000c\000e\000\040\000D\000i\000s\000c\000r\000e\000t\000i\000z\000a\000t\000i\000o\000n\000\040\000a\000n\000d\000\040\000t\000h\000e\000\040\000D\000o\000u\000b\000l\000i\000n\000g\000\040\000P\000r\000o\000b\000l\000e\000m}{subsection.1.2}% 4
\BOOKMARK [3][-]{subsubsection.1.2.2}{\376\377\000O\000p\000e\000r\000a\000t\000o\000r\000\040\000S\000t\000r\000u\000c\000t\000u\000r\000e}{subsection.1.2}% 5
\BOOKMARK [3][-]{subsubsection.1.2.3}{\376\377\000G\000e\000o\000m\000e\000t\000r\000i\000c\000a\000l\000\040\000S\000t\000r\000u\000c\000t\000u\000r\000e\000:\000\040\000N\000e\000a\000r\000e\000s\000t\000-\000N\000e\000i\000g\000h\000b\000o\000u\000r\000\040\000H\000o\000p\000p\000i\000n\000g}{subsection.1.2}% 6
\BOOKMARK [3][-]{subsubsection.1.2.4}{\376\377\000H\000o\000p\000p\000i\000n\000g\000\040\000P\000a\000r\000a\000m\000e\000t\000e\000r\000\040\000a\000n\000d\000\040\000C\000r\000i\000t\000i\000c\000a\000l\000\040\000M\000a\000s\000s}{subsection.1.2}% 7
\BOOKMARK [3][-]{subsubsection.1.2.5}{\376\377\000N\000o\000n\000-\000H\000e\000r\000m\000i\000t\000i\000c\000i\000t\000y\000\040\000a\000n\000d\000\040\000S\000o\000l\000v\000e\000r\000\040\000C\000h\000o\000i\000c\000e}{subsection.1.2}% 8
\BOOKMARK [3][-]{subsubsection.1.2.6}{\376\377\000C\000l\000o\000v\000e\000r\000\040\000\050\000S\000h\000e\000i\000k\000h\000o\000l\000e\000s\000l\000a\000m\000i\040\023\000W\000o\000h\000l\000e\000r\000t\000\051\000\040\000I\000m\000p\000r\000o\000v\000e\000m\000e\000n\000t}{subsection.1.2}% 9
\BOOKMARK [2][-]{subsection.1.3}{\376\377\000D\000o\000m\000a\000i\000n\000-\000W\000a\000l\000l\000\040\000F\000e\000r\000m\000i\000o\000n\000\040\000O\000p\000e\000r\000a\000t\000o\000r}{section.1}% 10
\BOOKMARK [3][-]{subsubsection.1.3.1}{\376\377\000M\000o\000t\000i\000v\000a\000t\000i\000o\000n\000:\000\040\000P\000r\000e\000s\000e\000r\000v\000i\000n\000g\000\040\000C\000h\000i\000r\000a\000l\000\040\000S\000y\000m\000m\000e\000t\000r\000y}{subsection.1.3}% 11
\BOOKMARK [3][-]{subsubsection.1.3.2}{\376\377\000T\000h\000e\000\040\0005\000D\000\040\000O\000p\000e\000r\000a\000t\000o\000r\000:\000\040\000S\000h\000a\000m\000i\000r\000\040\000V\000a\000r\000i\000a\000n\000t}{subsection.1.3}% 12
\BOOKMARK [3][-]{subsubsection.1.3.3}{\376\377\000P\000h\000y\000s\000i\000c\000a\000l\000\040\000S\000o\000l\000u\000t\000i\000o\000n\000\040\000E\000x\000t\000r\000a\000c\000t\000i\000o\000n}{subsection.1.3}% 13
\BOOKMARK [3][-]{subsubsection.1.3.4}{\376\377\000S\000o\000l\000v\000e\000r\000:\000\040\000C\000G\000N\000E\000\040\000a\000n\000d\000\040\000t\000h\000e\000\040\000S\000q\000u\000a\000r\000e\000d\000\040\000C\000o\000n\000d\000i\000t\000i\000o\000n\000\040\000N\000u\000m\000b\000e\000r}{subsection.1.3}% 14
\BOOKMARK [3][-]{subsubsection.1.3.5}{\376\377\000M\000\366\000b\000i\000u\000s\000\040\000D\000o\000m\000a\000i\000n\000-\000W\000a\000l\000l\000\040\000F\000e\000r\000m\000i\000o\000n\000s}{subsection.1.3}% 15
\BOOKMARK [2][-]{subsection.1.4}{\376\377\000E\000v\000e\000n\000-\000O\000d\000d\000\040\000\050\000C\000h\000e\000c\000k\000e\000r\000b\000o\000a\000r\000d\000\051\000\040\000P\000r\000e\000c\000o\000n\000d\000i\000t\000i\000o\000n\000i\000n\000g}{section.1}% 16
\BOOKMARK [3][-]{subsubsection.1.4.1}{\376\377\000S\000i\000t\000e\000\040\000D\000e\000c\000o\000m\000p\000o\000s\000i\000t\000i\000o\000n}{subsection.1.4}% 17
\BOOKMARK [3][-]{subsubsection.1.4.2}{\376\377\000S\000c\000h\000u\000r\000\040\000C\000o\000m\000p\000l\000e\000m\000e\000n\000t}{subsection.1.4}% 18
\BOOKMARK [3][-]{subsubsection.1.4.3}{\376\377\000R\000e\000d\000u\000c\000e\000d\000\040\000S\000y\000s\000t\000e\000m}{subsection.1.4}% 19
\BOOKMARK [2][-]{subsection.1.5}{\376\377\000T\000h\000e\000\040\000B\000r\000i\000d\000g\000e\000+\000+\000\040\000C\000o\000d\000e\000\040\000S\000e\000t}{section.1}% 20
\BOOKMARK [3][-]{subsubsection.1.5.1}{\376\377\000D\000e\000s\000i\000g\000n\000\040\000a\000n\000d\000\040\000G\000P\000U\000\040\000B\000a\000c\000k\000e\000n\000d\000s}{subsection.1.5}% 21
\BOOKMARK [3][-]{subsubsection.1.5.2}{\376\377\000D\000a\000t\000a\000\040\000L\000a\000y\000o\000u\000t\000:\000\040\000A\000o\000S\000o\000A\000\040\000w\000i\000t\000h\000\040\000P\000a\000c\000k\000i\000n\000g\000\040\000W\000i\000d\000t\000h\000\040\000N\000W\000P}{subsection.1.5}% 22
\BOOKMARK [3][-]{subsubsection.1.5.3}{\376\377\000A\000v\000a\000i\000l\000a\000b\000l\000e\000\040\000S\000o\000l\000v\000e\000r\000s}{subsection.1.5}% 23
\BOOKMARK [3][-]{subsubsection.1.5.4}{\376\377\000R\000e\000l\000a\000t\000e\000d\000\040\000P\000r\000e\000c\000i\000s\000i\000o\000n\000\040\000W\000o\000r\000k\000\040\000o\000n\000\040\000B\000r\000i\000d\000g\000e\000+\000+}{subsection.1.5}% 24
\BOOKMARK [1][-]{section.2}{\376\377\000M\000u\000l\000t\000i\000-\000W\000o\000r\000d\000\040\000F\000l\000o\000a\000t\000i\000n\000g\000-\000P\000o\000i\000n\000t\000\040\000A\000r\000i\000t\000h\000m\000e\000t\000i\000c}{}% 25
\BOOKMARK [2][-]{subsection.2.1}{\376\377\000M\000o\000t\000i\000v\000a\000t\000i\000o\000n\000\040\000a\000n\000d\000\040\000H\000i\000s\000t\000o\000r\000i\000c\000a\000l\000\040\000B\000a\000c\000k\000g\000r\000o\000u\000n\000d}{section.2}% 26
\BOOKMARK [2][-]{subsection.2.2}{\376\377\000F\000l\000o\000a\000t\000i\000n\000g\000-\000P\000o\000i\000n\000t\000\040\000N\000o\000t\000a\000t\000i\000o\000n\000\040\000a\000n\000d\000\040\000P\000r\000e\000r\000e\000q\000u\000i\000s\000i\000t\000e\000s}{section.2}% 27
\BOOKMARK [2][-]{subsection.2.3}{\376\377\000B\000a\000s\000i\000c\000\040\000B\000u\000i\000l\000d\000i\000n\000g\000\040\000B\000l\000o\000c\000k\000s\000:\000\040\000T\000w\000o\000S\000u\000m\000\040\000a\000n\000d\000\040\000T\000w\000o\000P\000r\000o\000d}{section.2}% 28
\BOOKMARK [3][-]{subsubsection.2.3.1}{\376\377\000T\000w\000o\000S\000u\000m\000:\000\040\000E\000r\000r\000o\000r\000-\000F\000r\000e\000e\000\040\000A\000d\000d\000i\000t\000i\000o\000n}{subsection.2.3}% 29
\BOOKMARK [3][-]{subsubsection.2.3.2}{\376\377\000T\000w\000o\000P\000r\000o\000d\000:\000\040\000E\000r\000r\000o\000r\000-\000F\000r\000e\000e\000\040\000M\000u\000l\000t\000i\000p\000l\000i\000c\000a\000t\000i\000o\000n}{subsection.2.3}% 30
\BOOKMARK [2][-]{subsection.2.4}{\376\377\000D\000o\000u\000b\000l\000e\000-\000W\000o\000r\000d\000\040\000\050\000D\000W\000\051\000\040\000A\000r\000i\000t\000h\000m\000e\000t\000i\000c}{section.2}% 31
\BOOKMARK [3][-]{subsubsection.2.4.1}{\376\377\000D\000e\000f\000i\000n\000i\000t\000i\000o\000n}{subsection.2.4}% 32
\BOOKMARK [3][-]{subsubsection.2.4.2}{\376\377\000D\000W\000\040\000A\000d\000d\000i\000t\000i\000o\000n}{subsection.2.4}% 33
\BOOKMARK [3][-]{subsubsection.2.4.3}{\376\377\000Q\000u\000a\000s\000i\000\040\000D\000W\000\040\000A\000d\000d\000i\000t\000i\000o\000n\000\040\000\050\000Q\000D\000W\000a\000d\000d\000\051}{subsection.2.4}% 34
\BOOKMARK [3][-]{subsubsection.2.4.4}{\376\377\000D\000W\000\040\000M\000u\000l\000t\000i\000p\000l\000i\000c\000a\000t\000i\000o\000n}{subsection.2.4}% 35
\BOOKMARK [2][-]{subsection.2.5}{\376\377\000T\000r\000i\000p\000l\000e\000-\000W\000o\000r\000d\000\040\000\050\000T\000W\000\051\000\040\000A\000r\000i\000t\000h\000m\000e\000t\000i\000c}{section.2}% 36
\BOOKMARK [3][-]{subsubsection.2.5.1}{\376\377\000D\000e\000f\000i\000n\000i\000t\000i\000o\000n}{subsection.2.5}% 37
\BOOKMARK [3][-]{subsubsection.2.5.2}{\376\377\000T\000h\000e\000\040\000R\000e\000n\000o\000r\000m\000a\000l\000i\000z\000e\000\040\000S\000u\000b\000r\000o\000u\000t\000i\000n\000e}{subsection.2.5}% 38
\BOOKMARK [3][-]{subsubsection.2.5.3}{\376\377\000T\000W\000\040\000A\000d\000d\000i\000t\000i\000o\000n}{subsection.2.5}% 39
\BOOKMARK [3][-]{subsubsection.2.5.4}{\376\377\000T\000W\000\040\000M\000u\000l\000t\000i\000p\000l\000i\000c\000a\000t\000i\000o\000n}{subsection.2.5}% 40
\BOOKMARK [3][-]{subsubsection.2.5.5}{\376\377\000Q\000u\000a\000s\000i\000\040\000T\000W\000\040\000\050\000Q\000T\000W\000\051}{subsection.2.5}% 41
\BOOKMARK [2][-]{subsection.2.6}{\376\377\000Q\000u\000a\000s\000i\000\040\000A\000l\000g\000o\000r\000i\000t\000h\000m\000s\000:\000\040\000D\000r\000i\000f\000t\000\040\000a\000n\000d\000\040\000N\000o\000r\000m\000a\000l\000i\000z\000a\000t\000i\000o\000n}{section.2}% 42
\BOOKMARK [3][-]{subsubsection.2.6.1}{\376\377\000M\000a\000t\000h\000e\000m\000a\000t\000i\000c\000a\000l\000\040\000S\000t\000r\000u\000c\000t\000u\000r\000e\000\040\000o\000f\000\040\000D\000r\000i\000f\000t}{subsection.2.6}% 43
\BOOKMARK [2][-]{subsection.2.7}{\376\377\000N\000u\000m\000e\000r\000i\000c\000a\000l\000\040\000P\000e\000r\000f\000o\000r\000m\000a\000n\000c\000e\000:\000\040\000M\000u\000k\000u\000n\000o\000k\000i\000\040\000\046\000\040\000O\000z\000a\000k\000i\000\040\000\050\0002\0000\0002\0005\000\051}{section.2}% 44
\BOOKMARK [3][-]{subsubsection.2.7.1}{\376\377\000P\000e\000r\000-\000I\000t\000e\000r\000a\000t\000i\000o\000n\000\040\000O\000v\000e\000r\000h\000e\000a\000d}{subsection.2.7}% 45
\BOOKMARK [3][-]{subsubsection.2.7.2}{\376\377\000T\000o\000t\000a\000l\000\040\000T\000i\000m\000e\000\040\000t\000o\000\040\000S\000o\000l\000u\000t\000i\000o\000n\000:\000\040\000W\000h\000e\000n\000\040\000Q\000T\000W\000\040\000B\000e\000a\000t\000s\000\040\000Q\000D\000W}{subsection.2.7}% 46
\BOOKMARK [3][-]{subsubsection.2.7.3}{\376\377\000A\000r\000i\000t\000h\000m\000e\000t\000i\000c\000\040\000M\000o\000d\000e\000\040\000S\000u\000m\000m\000a\000r\000y}{subsection.2.7}% 47
\BOOKMARK [1][-]{section.3}{\376\377\000M\000u\000l\000t\000i\000-\000W\000o\000r\000d\000\040\000A\000r\000i\000t\000h\000m\000e\000t\000i\000c\000\040\000i\000n\000\040\000L\000a\000t\000t\000i\000c\000e\000\040\000Q\000C\000D\000\040\000S\000o\000l\000v\000e\000r\000s}{}% 48
\BOOKMARK [2][-]{subsection.3.1}{\376\377\000C\000G\000N\000E\000\040\000S\000o\000l\000v\000e\000r\000\040\000w\000i\000t\000h\000\040\000Q\000D\000W\000/\000Q\000T\000W\000\040\000P\000r\000e\000c\000i\000s\000i\000o\000n}{section.3}% 49
\BOOKMARK [2][-]{subsection.3.2}{\376\377\000P\000r\000e\000c\000i\000s\000i\000o\000n\000\040\000A\000s\000s\000i\000g\000n\000m\000e\000n\000t\000:\000\040\000W\000h\000i\000c\000h\000\040\000Q\000u\000a\000n\000t\000i\000t\000i\000e\000s\000\040\000N\000e\000e\000d\000\040\000D\000W\000?}{section.3}% 50
\BOOKMARK [3][-]{subsubsection.3.2.1}{\376\377\000T\000h\000e\000\040\000R\000e\000s\000i\000d\000u\000a\000l\000\040\000F\000l\000o\000o\000r\000\040\000I\000s\000\040\000S\000e\000t\000\040\000b\000y\000\040\000t\000h\000e\000\040\000L\000e\000a\000s\000t\000-\000P\000r\000e\000c\000i\000s\000e\000\040\000O\000p\000e\000r\000a\000n\000d}{subsection.3.2}% 51
\BOOKMARK [3][-]{subsubsection.3.2.2}{\376\377\000S\000U\000\050\0003\000\051\000\040\000R\000e\000c\000o\000n\000s\000t\000r\000u\000c\000t\000i\000o\000n\000\040\000M\000u\000s\000t\000\040\000M\000a\000t\000c\000h\000\040\000t\000h\000e\000\040\000T\000a\000r\000g\000e\000t\000\040\000P\000r\000e\000c\000i\000s\000i\000o\000n}{subsection.3.2}% 52
\BOOKMARK [3][-]{subsubsection.3.2.3}{\376\377\000P\000r\000e\000c\000i\000s\000i\000o\000n\000\040\000A\000s\000s\000i\000g\000n\000m\000e\000n\000t\000\040\000T\000a\000b\000l\000e}{subsection.3.2}% 53
\BOOKMARK [2][-]{subsection.3.3}{\376\377\000M\000e\000m\000o\000r\000y\000\040\000L\000a\000y\000o\000u\000t\000\040\000f\000o\000r\000\040\000G\000P\000U\000\040\000I\000m\000p\000l\000e\000m\000e\000n\000t\000a\000t\000i\000o\000n}{section.3}% 54
\BOOKMARK [3][-]{subsubsection.3.3.1}{\376\377\000E\000x\000i\000s\000t\000i\000n\000g\000\040\000S\000p\000i\000n\000o\000r\000\040\000L\000a\000y\000o\000u\000t\000\040\000\050\000A\000o\000S\000o\000A\000\051}{subsection.3.3}% 55
\BOOKMARK [3][-]{subsubsection.3.3.2}{\376\377\000I\000m\000p\000l\000e\000m\000e\000n\000t\000e\000d\000\040\000L\000a\000y\000o\000u\000t}{subsection.3.3}% 56
\BOOKMARK [2][-]{subsection.3.4}{\376\377\000C\000o\000n\000d\000i\000t\000i\000o\000n\000\040\000N\000u\000m\000b\000e\000r\000\040\000A\000n\000a\000l\000y\000s\000i\000s}{section.3}% 57
\BOOKMARK [3][-]{subsubsection.3.4.1}{\376\377\000W\000h\000y\000\040\000L\000a\000t\000t\000i\000c\000e\000\040\000Q\000C\000D\000\040\000D\000i\000f\000f\000e\000r\000s\000\040\000f\000r\000o\000m\000\040\000G\000e\000n\000e\000r\000a\000l\000\040\000S\000p\000M\000V}{subsection.3.4}% 58
\BOOKMARK [3][-]{subsubsection.3.4.2}{\376\377\000E\000f\000f\000e\000c\000t\000i\000v\000e\000\040\000P\000r\000e\000c\000i\000s\000i\000o\000n\000\040\000T\000h\000r\000e\000s\000h\000o\000l\000d\000s}{subsection.3.4}% 59
\BOOKMARK [2][-]{subsection.3.5}{\376\377\000E\000m\000p\000i\000r\000i\000c\000a\000l\000\040\000R\000e\000s\000u\000l\000t\000s\000:\000\040\000Q\000D\000W\000/\000Q\000T\000W\000\040\000i\000n\000\040\000t\000h\000e\000\040\000B\000r\000i\000d\000g\000e\000+\000+\000\040\000D\000W\000F\000\040\000S\000o\000l\000v\000e\000r}{section.3}% 60
\BOOKMARK [3][-]{subsubsection.3.5.1}{\376\377\000F\000P\0003\0002\000-\000b\000a\000s\000e\000\040\000d\000o\000u\000b\000l\000e\000t\000/\000t\000r\000i\000p\000l\000e\000t\000:\000\040\000F\000P\0006\0004\000-\000c\000l\000a\000s\000s\000\040\000a\000c\000c\000u\000r\000a\000c\000y\000\040\000o\000n\000\040\000F\000P\0006\0004\000-\000p\000o\000o\000r\000\040\000h\000a\000r\000d\000w\000a\000r\000e}{subsection.3.5}% 61
\BOOKMARK [3][-]{subsubsection.3.5.2}{\376\377\000F\000P\0006\0004\000-\000b\000a\000s\000e\000:\000\040\000a\000\040\000t\000r\000i\000p\000l\000e\000-\000d\000o\000u\000b\000l\000e\000\040\000p\000r\000e\000c\000i\000s\000i\000o\000n\000\040\000l\000a\000d\000d\000e\000r}{subsection.3.5}% 62
\BOOKMARK [3][-]{subsubsection.3.5.3}{\376\377\000R\000e\000a\000c\000h\000,\000\040\000n\000o\000t\000\040\000r\000a\000t\000e\000:\000\040\000r\000e\000c\000u\000r\000s\000i\000v\000e\000\040\000v\000e\000r\000s\000u\000s\000\040\000t\000r\000u\000e\000\040\000r\000e\000s\000i\000d\000u\000a\000l}{subsection.3.5}% 63
\BOOKMARK [3][-]{subsubsection.3.5.4}{\376\377\000C\000a\000v\000e\000a\000t\000s}{subsection.3.5}% 64
\BOOKMARK [2][-]{subsection.3.6}{\376\377\000F\000u\000t\000u\000r\000e\000\040\000R\000e\000s\000e\000a\000r\000c\000h\000:\000\040\000S\000y\000s\000t\000e\000m\000a\000t\000i\000c\000\040\000W\000i\000l\000s\000o\000n\000\040\000v\000s\000\040\000D\000W\000F\000\040\000B\000e\000n\000c\000h\000m\000a\000r\000k}{section.3}% 65
\BOOKMARK [3][-]{subsubsection.3.6.1}{\376\377\000T\000h\000e\000\040\0002\000\040\0003\000\040\000B\000e\000n\000c\000h\000m\000a\000r\000k\000\040\000M\000a\000t\000r\000i\000x}{subsection.3.6}% 66
\BOOKMARK [3][-]{subsubsection.3.6.2}{\376\377\000H\000y\000p\000o\000t\000h\000e\000s\000e\000s\000\040\000R\000e\000v\000i\000s\000i\000t\000e\000d\000\040\000i\000n\000\040\000L\000i\000g\000h\000t\000\040\000o\000f\000\040\000t\000h\000e\000\040\000M\000e\000a\000s\000u\000r\000e\000m\000e\000n\000t\000s}{subsection.3.6}% 67
\BOOKMARK [3][-]{subsubsection.3.6.3}{\376\377\000I\000m\000p\000l\000e\000m\000e\000n\000t\000a\000t\000i\000o\000n\000\040\000P\000l\000a\000n}{subsection.3.6}% 68
\BOOKMARK [3][-]{subsubsection.3.6.4}{\376\377\000M\000e\000t\000r\000i\000c\000s\000\040\000a\000n\000d\000\040\000A\000n\000a\000l\000y\000s\000i\000s}{subsection.3.6}% 69
\BOOKMARK [1][-]{section*.12}{\376\377\000R\000e\000f\000e\000r\000e\000n\000c\000e\000s}{}% 70
