[21:56:45] START 16^4 6-mode sweep -> /home/wlchenhome/Bridge/with_alpha/docs/sweep16_6mode_20260605_2156   masses=[0.10 0.05 0.025]
[21:56:45] float cap=550  double cap=1200  interval=10  crit=1.0e-90 (first-solve capture)
[21:56:45] === mass 0.10 ===
[21:57:13]   done mq=0.10 float/FP: 28s, 55 pts, floor=3.262515041110858e-13
[21:57:51]   done mq=0.10 float/DW: 38s, 55 pts, floor=9.533240557815071e-28
[21:58:44]   done mq=0.10 float/TW: 53s, 55 pts, floor=6.904047960251330e-34
[21:59:27]   done mq=0.10 double/FP: 43s, 120 pts, floor=3.111777550475465e-30
[22:04:25]   done mq=0.10 double/DW: 298s, 120 pts, floor=2.222081107327691e-62
[22:18:30]   done mq=0.10 double/TW: 845s, 120 pts, floor=3.200866786166550e-76
[22:18:31] PLOT mq=0.10 -> ladder_mq0.10.png
[22:18:31] === mass 0.05 ===
[22:19:05]   done mq=0.05 float/FP: 34s, 55 pts, floor=5.858003969058667e-13
[22:19:58]   done mq=0.05 float/DW: 53s, 55 pts, floor=4.850778596951644e-23
[22:21:01]   done mq=0.05 float/TW: 63s, 55 pts, floor=4.785432515006756e-23
[22:21:49]   done mq=0.05 double/FP: 48s, 120 pts, floor=4.398358701260686e-30
[22:27:12]   done mq=0.05 double/DW: 323s, 120 pts, floor=6.082877672270816e-54
[22:41:21]   done mq=0.05 double/TW: 849s, 120 pts, floor=6.006607044660879e-54
[22:41:22] PLOT mq=0.05 -> ladder_mq0.05.png
[22:41:22] === mass 0.025 ===
[22:41:45]   done mq=0.025 float/FP: 23s, 55 pts, floor=6.061496248509213e-13
[22:42:23]   done mq=0.025 float/DW: 38s, 55 pts, floor=6.042695512391884e-19
[22:43:16]   done mq=0.025 float/TW: 53s, 55 pts, floor=6.020483644993304e-19
[22:43:54]   done mq=0.025 double/FP: 38s, 120 pts, floor=4.252037901851457e-30
[22:48:53]   done mq=0.025 double/DW: 299s, 120 pts, floor=2.149434879314713e-46
[23:02:46]   done mq=0.025 double/TW: 833s, 120 pts, floor=2.128258340033884e-46
[23:02:47] PLOT mq=0.025 -> ladder_mq0.025.png
[23:02:47] DONE. summary:

mq     base    mode  cap   pts  floor                  wall_s
0.10   float   FP    550   55   3.262515041110858e-13  28
0.10   float   DW    550   55   9.533240557815071e-28  38
0.10   float   TW    550   55   6.904047960251330e-34  53
0.10   double  FP    1200  120  3.111777550475465e-30  43
0.10   double  DW    1200  120  2.222081107327691e-62  298
0.10   double  TW    1200  120  3.200866786166550e-76  845
0.05   float   FP    550   55   5.858003969058667e-13  34
0.05   float   DW    550   55   4.850778596951644e-23  53
0.05   float   TW    550   55   4.785432515006756e-23  63
0.05   double  FP    1200  120  4.398358701260686e-30  48
0.05   double  DW    1200  120  6.082877672270816e-54  323
0.05   double  TW    1200  120  6.006607044660879e-54  849
0.025  float   FP    550   55   6.061496248509213e-13  23
0.025  float   DW    550   55   6.042695512391884e-19  38
0.025  float   TW    550   55   6.020483644993304e-19  53
0.025  double  FP    1200  120  4.252037901851457e-30  38
0.025  double  DW    1200  120  2.149434879314713e-46  299
0.025  double  TW    1200  120  2.128258340033884e-46  833
[23:02:47] artifacts in /home/wlchenhome/Bridge/with_alpha/docs/sweep16_6mode_20260605_2156
