Bridge++ 2.0.0

input filename : main.yaml

file = main.yaml

Lattice parameters:
  Lx = 16,  Ly = 16,  Lz = 16,  Lt = 16,
  Nx = 16,  Ny = 16,  Nz = 16,  Nt = 16,
  NPEx = 1,  NPEy  = 1,  NPEz  = 1,  NPEt  = 1,
  Lvol = 65536,  Nvol = 65536,  NPE = 1,
  Ndim = 4
  Nc   = 3
  Nd   = 4

ThreadManager: initialization
Warning at ThreadManager: Nthread(env) != Nthread(input)
  Number of threads(env)   = 2
  Number of threads(input) = 1
  reset Nthread = Nthread(input).
  Number of threads = 1
Main: input parameters
  lattice_size     = [16, 16, 16, 16]
  grid_size        = [1, 1, 1, 1]
  number of thread = 1
  number of color  = 3
  logfile          = stdout
  ildg_logfile     = stdout
  vlevel           = General

Alt_Accel code is being setup.
DeviceManager_CUDA: being initialized.
  process_id = 0
  number of devices = 1
  device_id = 0  is used on process = 0
------------------------------------------------
Alt_Accel: Factory entries
------------------------------------------------
AFopr<double, ACCEL> >(void):
AFopr<double, ACCEL>(Parameters&):
	Clover
	CloverTerm
	Clover_dd
	Domainwall
	Domainwall_5din
	Domainwall_5din_dd
	Domainwall_5din_eo
	Domainwall_eo
	Wilson
	Wilson_dd
AFopr<double, ACCEL>(Fopr*):
	Domainwall
AFopr<double, ACCEL>(Fopr*, Director*):
AFopr<float, ACCEL> >(void):
AFopr<float, ACCEL>(Parameters&):
	Clover
	CloverTerm
	Clover_dd
	Domainwall
	Domainwall_5din
	Domainwall_5din_dd
	Domainwall_5din_eo
	Domainwall_eo
	Wilson
	Wilson_dd
AFopr<float, ACCEL>(Fopr*):
	Domainwall
AFopr<float, ACCEL>(Fopr*, Director*):
AEigensolver<AField<float, ACCEL> >, Afopr>(Fopr*):
	IRArnoldi
	IRLanczos
------------------------------------------------
Timer: timestamp: 2026/06/05 22:43:16 +0900
file = test_alt_Spectrum_Domainwall_5din_Hadron2ptFunction.yaml

--------------------------------------------------------------------
test name: Spectrum_Domainwall_alt.hadron_2ptFunction
test file: test_alt_Spectrum_Domainwall_5din_Hadron2ptFunction.yaml
test mode: double_eo
file = test_alt_Spectrum_Domainwall_5din_Hadron2ptFunction.yaml
  vlevel       = General
  source_type  = Local
Smearing parameters (assumes APE-Stout):
   proj_type:  Stout_SU3
   smear_type: APE
   rho_uniform: 0.100000
   number_of_smearing: 0
  vlevel       = General

Configuration setup:
  gconf_status = Continue
  gconf_read   = Text_4x4x4x8
  readfile     = ./conf_04040408.txt
  plaq = 0.625130

Gauge fixing:
  Gauge fixing type = None
Parameters: get_string: key 'filename_output' not found.
Elapsed time: calc_plqauette: total         0.14 sec, count    1, average         0.14 sec
plaquette (before smearing):       0.625129946974939
applying smearing
Smear_APE:
  rho =   0.1000
Director_Smear:
  Nsmear = 0
Parameters: get_string: key 'filename_output' not found.
Elapsed time: calc_plqauette: total         0.14 sec, count    1, average         0.14 sec
Elapsed time: smearig: total         0.15 sec, count    1, average         0.15 sec
plaquette (after smearing):        0.625129946974939
  gmset_type   = Dirac
Gamma matrix: dirac representation.
Fopr_Domainwall: construction
  Imp::Fopr_Wilson: construction
    Gauge group implementation: SU(3)
    Imp::Fopr_Wilson: input parameters
      gamma-matrix type = Dirac
      kappa  =   0.20833333
      boundary[0] =  1
      boundary[1] =  1
      boundary[2] =  1
      boundary[3] = -1
  Imp::Fopr_Wilson: construction finished.
  Fopr_Domainwall: input parameters
    mq   =   0.0250
    M0   =   1.6000
    Ns   =    8
    boundary[0] =  1
    boundary[1] =  1
    boundary[2] =  1
    boundary[3] = -1
    coefficients:
    b[ 0] =     1.5000000000  c[ 0] =     0.5000000000
    b[ 1] =     1.5000000000  c[ 1] =     0.5000000000
    b[ 2] =     1.5000000000  c[ 2] =     0.5000000000
    b[ 3] =     1.5000000000  c[ 3] =     0.5000000000
    b[ 4] =     1.5000000000  c[ 4] =     0.5000000000
    b[ 5] =     1.5000000000  c[ 5] =     0.5000000000
    b[ 6] =     1.5000000000  c[ 6] =     0.5000000000
    b[ 7] =     1.5000000000  c[ 7] =     0.5000000000
Fopr_Domainwall: construction finished.
Fopr_Domainwall: input parameters
  mq   =   0.0250
  M0   =   1.6000
  Ns   =    8
  boundary[0] =  1
  boundary[1] =  1
  boundary[2] =  1
  boundary[3] = -1
  coefficients:
  b[ 0] =     1.5000000000  c[ 0] =     0.5000000000
  b[ 1] =     1.5000000000  c[ 1] =     0.5000000000
  b[ 2] =     1.5000000000  c[ 2] =     0.5000000000
  b[ 3] =     1.5000000000  c[ 3] =     0.5000000000
  b[ 4] =     1.5000000000  c[ 4] =     0.5000000000
  b[ 5] =     1.5000000000  c[ 5] =     0.5000000000
  b[ 6] =     1.5000000000  c[ 6] =     0.5000000000
  b[ 7] =     1.5000000000  c[ 7] =     0.5000000000
Imp::Fopr_Wilson: construction
  Gauge group implementation: SU(3)
  Imp::Fopr_Wilson: input parameters
    gamma-matrix type = Dirac
    kappa  =   0.20833333
    boundary[0] =  1
    boundary[1] =  1
    boundary[2] =  1
    boundary[3] = -1
Imp::Fopr_Wilson: construction finished.
Source for spinor field - local:
  source_position[0] = 0
  source_position[1] = 0
  source_position[2] = 0
  source_position[3] = 0

Check of fermion operator (even-odd)
norm of source vector: 1.000000
AFopr_Domainwall_5din_eo<AField<double,ACCEL> >: construction
  do_comm[0] = 0
  do_comm[1] = 0
  do_comm[2] = 0
  do_comm[3] = 0
    extended_precision = true
    su3_reconstruction = false
  AFopr_Domainwall_5din_eo<AField<double,ACCEL> >: input parameters
    gamma matrix repr.:  Dirac
    code implementation: 5d
    mq   =   0.0250
    M0   =   1.6000
    Ns   =    8
    boundary[0] =  1
    boundary[1] =  1
    boundary[2] =  1
    boundary[3] = -1
    coefficients:
      b[ 0] =     1.5000000000  c[ 0] =     0.5000000000
      b[ 1] =     1.5000000000  c[ 1] =     0.5000000000
      b[ 2] =     1.5000000000  c[ 2] =     0.5000000000
      b[ 3] =     1.5000000000  c[ 3] =     0.5000000000
      b[ 4] =     1.5000000000  c[ 4] =     0.5000000000
      b[ 5] =     1.5000000000  c[ 5] =     0.5000000000
      b[ 6] =     1.5000000000  c[ 6] =     0.5000000000
      b[ 7] =     1.5000000000  c[ 7] =     0.5000000000
    alpha =   1.0000
convert required.
convert performed.

[D check]
norm2(abq) = 1.000000
norm2(y5)  = 114.964838
norm2(z5)  = 114.964838
norm2(axq) = 114.964838
diff2 = 0.000000

[Ddag check]
norm2(abq) = 1.000000
norm2(y5)  = 120.285893
norm2(z5)  = 120.285893
norm2(axq) = 120.285893
diff2 = 0.000000
Elapsed time: afopr_Domainwall_5din_eo: Deo & dagger   : total         0.01 sec, count    4, average         0.00 sec
Elapsed time: afopr_Domainwall_5din_eo: Dee_inv & dag  : total         0.01 sec, count   20, average         0.00 sec
Elapsed time: afopr_Domainwall_5din_eo: clear          : total         0.00 sec, count    0, average         0.00 sec
Elapsed time: afopr_Domainwall_5din_eo: pack           : total         0.00 sec, count    0, average         0.00 sec
Elapsed time: afopr_Domainwall_5din_eo: bulk           : total         0.01 sec, count    4, average         0.00 sec
Elapsed time: afopr_Domainwall_5din_eo: boundary       : total         0.00 sec, count    0, average         0.00 sec
Elapsed time: afopr_Domainwall_5din_eo: comm           : total         0.00 sec, count    0, average         0.00 sec
Elapsed time: afopr_Domainwall_5din_eo: comm_recv_wait : total         0.00 sec, count    0, average         0.00 sec
Elapsed time: afopr_Domainwall_5din_eo: comm_send_wait : total         0.00 sec, count    0, average         0.00 sec
Elapsed time: afopr_Domainwall_5din_eo: comm_recv_start: total         0.00 sec, count    0, average         0.00 sec
Elapsed time: afopr_Domainwall_5din_eo: comm_send_start: total         0.00 sec, count    0, average         0.00 sec
Elapsed time: afopr_Domainwall_5din_eo: comm_test_all  : total         0.00 sec, count    0, average         0.00 sec

Fprop_alt_Standard_eo<Afield<double,ACCEL> >: being setup (without link smearing).
  AFopr_Domainwall_5din_eo<AField<double,ACCEL> >: construction
    do_comm[0] = 0
    do_comm[1] = 0
    do_comm[2] = 0
    do_comm[3] = 0
      extended_precision = true
      su3_reconstruction = false
    AFopr_Domainwall_5din_eo<AField<double,ACCEL> >: input parameters
      gamma matrix repr.:  Dirac
      code implementation: 5d
      mq   =   0.0250
      M0   =   1.6000
      Ns   =    8
      boundary[0] =  1
      boundary[1] =  1
      boundary[2] =  1
      boundary[3] = -1
      coefficients:
        b[ 0] =     1.5000000000  c[ 0] =     0.5000000000
        b[ 1] =     1.5000000000  c[ 1] =     0.5000000000
        b[ 2] =     1.5000000000  c[ 2] =     0.5000000000
        b[ 3] =     1.5000000000  c[ 3] =     0.5000000000
        b[ 4] =     1.5000000000  c[ 4] =     0.5000000000
        b[ 5] =     1.5000000000  c[ 5] =     0.5000000000
        b[ 6] =     1.5000000000  c[ 6] =     0.5000000000
        b[ 7] =     1.5000000000  c[ 7] =     0.5000000000
      alpha =   1.0000
  ASolver_CGNR<Afield<double,ACCEL> >:
  ASolver_CG<Afield<double,ACCEL> >:
    Precision: double
    Niter     = 1200
    Stop_cond =   1.00000000e-90
    init_guess_mode: 0
    true_residual_interval = 10 (logging [TRUERES])
    refinement_iterations = 0
Fprop_alt_Standard_eo<Afield<double,ACCEL> >: setup finished.

Fprop_alt_Standard_eo<Afield<double,ACCEL> >: mult performance:
  mult mode = Dee_inv
  Number of mult =                400
  Elapsed time   =       0.163239 sec
  Flop(Fopr)     =           62914560
  Flop(total)    =        25165824000
  Performance    =     154.166 GFlops

Fprop_alt_Standard_eo<Afield<double,ACCEL> >: mult performance:
  mult mode = Doe
  Number of mult =                400
  Elapsed time   =       0.668307 sec
  Flop(Fopr)     =          390070272
  Flop(total)    =       156028108800
  Performance    =     233.468 GFlops

Fprop_alt_Standard_eo<Afield<double,ACCEL> >: mult performance:
  mult mode = D
  Number of mult =                400
  Elapsed time   =       1.821101 sec
  Flop(Fopr)     =          912261120
  Flop(total)    =       364904448000
  Performance    =     200.376 GFlops

Fprop_alt_Standard_eo<Afield<double,ACCEL> >: mult performance:
  mult mode = Ddag
  Number of mult =                400
  Elapsed time   =       1.810066 sec
  Flop(Fopr)     =          912261120
  Flop(total)    =       364904448000
  Performance    =     201.597 GFlops

Fprop_alt_Standard_eo<Afield<double,ACCEL> >: mult performance:
  mult mode = DdagD
  Number of mult =                400
  Elapsed time   =       3.599344 sec
  Flop(Fopr)     =         1824522240
  Flop(total)    =       729808896000
  Performance    =     202.762 GFlops

Solving quark propagator:
  color spin   Nconv      diff           diff2
ASolver_CGNR<Afield<double,ACCEL> >: solver starts
  mode_prev = D
  snorm =  2.594312773388891e+01
ASolver_CG solve_CG_init: m_x.nin() = 192, m_s.nin() = 192
  init:  8.328663559650453e-01
     0   4.464929956832416e-02
[TRUERES]      0  4.464929956832416e-02  4.464929956832417e-02
     1   1.506214954741317e-02
     2   1.243712631390587e-02
     3   3.988492041027367e-03
     4   2.221616339530831e-03
     5   1.795768875903059e-03
     6   8.086132689857482e-04
     7   5.852080573264125e-04
     8   4.488916972442441e-04
     9   2.501303034176280e-04
    10   2.150001332866288e-04
[TRUERES]     10  2.150001332866288e-04  2.150001332866288e-04
    11   1.611578613039351e-04
    12   1.065425828456437e-04
    13   9.901765347425872e-05
    14   7.180465809223105e-05
    15   5.362167894064760e-05
    16   5.062610952135599e-05
    17   3.682875642137174e-05
    18   3.112213738898683e-05
    19   2.865174070783998e-05
    20   2.128615876144735e-05
[TRUERES]     20  2.128615876144735e-05  2.128615876144735e-05
    21   1.933132041368281e-05
    22   1.714460032810958e-05
    23   1.359157709926366e-05
    24   1.327254077077393e-05
    25   1.149955811801589e-05
    26   9.628583306447909e-06
    27   9.345933278637829e-06
    28   7.672168933631795e-06
    29   6.692569502138884e-06
    30   6.299693445612067e-06
[TRUERES]     30  6.299693445612067e-06  6.299693445612079e-06
    31   5.113845996461007e-06
    32   4.690606123622514e-06
    33   4.318731977049093e-06
    34   3.601322836744572e-06
    35   3.465309122091582e-06
    36   3.133311206792520e-06
    37   2.753410733467986e-06
    38   2.765975940978448e-06
    39   2.533640354918832e-06
    40   2.400883369454304e-06
[TRUERES]     40  2.400883369454304e-06  2.400883369454309e-06
    41   2.460500494000159e-06
    42   2.244794411044235e-06
    43   2.184840975619051e-06
    44   2.160091321736200e-06
    45   1.933439965067042e-06
    46   1.913481845421629e-06
    47   1.813410596507200e-06
    48   1.630634939466983e-06
    49   1.611416222987999e-06
    50   1.477314201142459e-06
[TRUERES]     50  1.477314201142459e-06  1.477314201142459e-06
    51   1.362019576976228e-06
    52   1.351530689141670e-06
    53   1.224165512003638e-06
    54   1.158786006004059e-06
    55   1.127182742650161e-06
    56   1.012144301379267e-06
    57   9.841870906701136e-07
    58   9.399592267883526e-07
    59   8.495483205269789e-07
    60   8.316080586749632e-07
[TRUERES]     60  8.316080586749632e-07  8.316080586749651e-07
    61   7.698969177420418e-07
    62   7.053964344705241e-07
    63   6.924882095480281e-07
    64   6.296677350072209e-07
    65   5.873127647124507e-07
    66   5.663116280821998e-07
    67   5.078805375449857e-07
    68   4.854670871838342e-07
    69   4.645948617678453e-07
    70   4.239337253609888e-07
[TRUERES]     70  4.239337253609888e-07  4.239337253609898e-07
    71   4.173045887989768e-07
    72   3.971297082741056e-07
    73   3.713180660349841e-07
    74   3.708618642869232e-07
    75   3.502570932356907e-07
    76   3.372922109030996e-07
    77   3.389928595121091e-07
    78   3.213855956787518e-07
    79   3.195205484253178e-07
    80   3.212207690019633e-07
[TRUERES]     80  3.212207690019633e-07  3.212207690019641e-07
    81   3.069427014161269e-07
    82   3.106851743716977e-07
    83   3.061662010022666e-07
    84   2.924176432646494e-07
    85   2.942933542335427e-07
    86   2.811402302119720e-07
    87   2.695133481068460e-07
    88   2.693088923651208e-07
    89   2.536506752082770e-07
    90   2.449350145554979e-07
[TRUERES]     90  2.449350145554979e-07  2.449350145554979e-07
    91   2.388283284365034e-07
    92   2.197831372398348e-07
    93   2.115063193007787e-07
    94   2.006789840351930e-07
    95   1.849045110634380e-07
    96   1.796914803983991e-07
    97   1.681810278699432e-07
    98   1.563878966422865e-07
    99   1.518781592613248e-07
   100   1.405583431701356e-07
[TRUERES]    100  1.405583431701356e-07  1.405583431701357e-07
   101   1.325883851004933e-07
   102   1.276337432716563e-07
   103   1.169885529275207e-07
   104   1.113069111090115e-07
   105   1.051287810099105e-07
   106   9.593632653383887e-08
   107   9.166271405885479e-08
   108   8.525601210587147e-08
   109   7.879527378788844e-08
   110   7.640945174737875e-08
[TRUERES]    110  7.640945174737875e-08  7.640945174737879e-08
   111   7.194354097831850e-08
   112   6.931997403992216e-08
   113   6.910544117672415e-08
   114   6.615676350011235e-08
   115   6.554242407908415e-08
   116   6.494745255525227e-08
   117   6.211426182031286e-08
   118   6.165532410884490e-08
   119   5.972321052335566e-08
   120   5.672444093109323e-08
[TRUERES]    120  5.672444093109323e-08  5.672444093109401e-08
   121   5.581215558258917e-08
   122   5.286075457829607e-08
   123   5.029284670717798e-08
   124   4.913773237830549e-08
   125   4.595683280520684e-08
   126   4.378216481835556e-08
   127   4.166876151429665e-08
   128   3.805975871326011e-08
   129   3.591964760300322e-08
   130   3.341523243567752e-08
[TRUERES]    130  3.341523243567752e-08  3.341523243567746e-08
   131   3.056741960513338e-08
   132   2.924023570554004e-08
   133   2.738562293364026e-08
   134   2.576266055616722e-08
   135   2.500261318149904e-08
   136   2.335324842825564e-08
   137   2.213319184520157e-08
   138   2.111894474768326e-08
   139   1.938384070688660e-08
   140   1.832487886191781e-08
[TRUERES]    140  1.832487886191781e-08  1.832487886191787e-08
   141   1.720973317436175e-08
   142   1.586330044995442e-08
   143   1.518005716881054e-08
   144   1.426630623958287e-08
   145   1.332669835157676e-08
   146   1.287591790800859e-08
   147   1.205565031457300e-08
   148   1.142722394095119e-08
   149   1.098929826792800e-08
   150   1.020331905879992e-08
[TRUERES]    150  1.020331905879992e-08  1.020331905880010e-08
   151   9.714147002947040e-09
   152   9.247458488439458e-09
   153   8.629974574216657e-09
   154   8.334962575199295e-09
   155   7.896654206495848e-09
   156   7.383799186885219e-09
   157   7.097435553327728e-09
   158   6.646708473999145e-09
   159   6.290849699817037e-09
   160   6.062544013624817e-09
[TRUERES]    160  6.062544013624817e-09  6.062544013624785e-09
   161   5.650768927889238e-09
   162   5.364507681806297e-09
   163   5.083119733938646e-09
   164   4.681259774883997e-09
   165   4.420528055511627e-09
   166   4.103001701631797e-09
   167   3.755930299869309e-09
   168   3.537286835498698e-09
   169   3.255327328416282e-09
   170   3.017884752829040e-09
[TRUERES]    170  3.017884752829040e-09  3.017884752828972e-09
   171   2.861289301855496e-09
   172   2.647884663348820e-09
   173   2.516162854930560e-09
   174   2.426720426148217e-09
   175   2.293718654816012e-09
   176   2.243880071993407e-09
   177   2.181289127060268e-09
   178   2.095502015901737e-09
   179   2.069330873237854e-09
   180   1.985483023284373e-09
[TRUERES]    180  1.985483023284373e-09  1.985483023284306e-09
   181   1.889290981110600e-09
   182   1.826360442781686e-09
   183   1.706354505448892e-09
   184   1.606618098836657e-09
   185   1.518777872451770e-09
   186   1.394685450970957e-09
   187   1.309804533829591e-09
   188   1.212388471524926e-09
   189   1.096152673102609e-09
   190   1.012244519831021e-09
[TRUERES]    190  1.012244519831021e-09  1.012244519831004e-09
   191   9.188897852508898e-10
   192   8.364764855456329e-10
   193   7.802134294367494e-10
   194   7.147704438691707e-10
   195   6.657583980722452e-10
   196   6.290751414423296e-10
   197   5.820681175807194e-10
   198   5.525642671152117e-10
   199   5.252126255592216e-10
   200   4.901658464785439e-10
[TRUERES]    200  4.901658464785439e-10  4.901658464785016e-10
   201   4.689632335354339e-10
   202   4.416045045991271e-10
   203   4.121124800155039e-10
   204   3.925578050018065e-10
   205   3.642272174192276e-10
   206   3.393828153217527e-10
   207   3.206204099036279e-10
   208   2.962287319578511e-10
   209   2.793108323210876e-10
   210   2.643003073185539e-10
[TRUERES]    210  2.643003073185539e-10  2.643003073185811e-10
   211   2.452530548082763e-10
   212   2.331573229119334e-10
   213   2.196472989216761e-10
   214   2.053004472568714e-10
   215   1.967907249626567e-10
   216   1.860287322112755e-10
   217   1.774161567681925e-10
   218   1.723840529002678e-10
   219   1.638428133407649e-10
   220   1.580473288975463e-10
[TRUERES]    220  1.580473288975463e-10  1.580473288975790e-10
   221   1.534339002430479e-10
   222   1.463907901370960e-10
   223   1.425692219996569e-10
   224   1.377474902269968e-10
   225   1.310491413953837e-10
   226   1.273535789298708e-10
   227   1.214576055513760e-10
   228   1.155672012243102e-10
   229   1.116756136955877e-10
   230   1.056951399102740e-10
[TRUERES]    230  1.056951399102740e-10  1.056951399102697e-10
   231   1.017115309536406e-10
   232   9.930168726488114e-11
   233   9.565879500642743e-11
   234   9.438979330892890e-11
   235   9.291589102462093e-11
   236   9.018475410197871e-11
   237   8.915939076138850e-11
   238   8.641253144980974e-11
   239   8.280844645129395e-11
   240   7.977975616265934e-11
[TRUERES]    240  7.977975616265934e-11  7.977975616265357e-11
   241   7.424345734106056e-11
   242   6.890891088118035e-11
   243   6.403566749986624e-11
   244   5.810633828341251e-11
   245   5.367756471855114e-11
   246   4.953488487074147e-11
   247   4.511266643987705e-11
   248   4.181914758494145e-11
   249   3.821497297678568e-11
   250   3.484626153114629e-11
[TRUERES]    250  3.484626153114629e-11  3.484626153114172e-11
   251   3.257878322348372e-11
   252   3.007933747653228e-11
   253   2.798387118862817e-11
   254   2.633649623076760e-11
   255   2.433368264137215e-11
   256   2.283747317494093e-11
   257   2.151092273761450e-11
   258   2.001664462106197e-11
   259   1.914482973714283e-11
   260   1.822499643198375e-11
[TRUERES]    260  1.822499643198375e-11  1.822499643198923e-11
   261   1.717635968850780e-11
   262   1.638954534372637e-11
   263   1.530623549798932e-11
   264   1.428740578945372e-11
   265   1.350350251558006e-11
   266   1.253161919340429e-11
   267   1.179840266845129e-11
   268   1.113871240634406e-11
   269   1.035773628835066e-11
   270   9.856666136469655e-12
[TRUERES]    270  9.856666136469655e-12  9.856666136472164e-12
   271   9.325138787081656e-12
   272   8.774990811876287e-12
   273   8.440138524025110e-12
   274   8.027625860383840e-12
   275   7.690101004595977e-12
   276   7.474545710157482e-12
   277   7.103307831828802e-12
   278   6.792414542559921e-12
   279   6.466797538445763e-12
   280   6.008062789252319e-12
[TRUERES]    280  6.008062789252319e-12  6.008062789256877e-12
   281   5.639486720859194e-12
   282   5.254120593584608e-12
   283   4.845602641790893e-12
   284   4.554974806475013e-12
   285   4.232056328417472e-12
   286   3.938475427661847e-12
   287   3.723167316510724e-12
   288   3.463989133567217e-12
   289   3.262205860096740e-12
   290   3.103063060422406e-12
[TRUERES]    290  3.103063060422406e-12  3.103063060420594e-12
   291   2.913761077675612e-12
   292   2.782151131167871e-12
   293   2.658394602384317e-12
   294   2.527344795910854e-12
   295   2.449480751654981e-12
   296   2.341588002159999e-12
   297   2.236200459103886e-12
   298   2.169128153284457e-12
   299   2.073171063019963e-12
   300   1.995394327135981e-12
[TRUERES]    300  1.995394327135981e-12  1.995394327134685e-12
   301   1.932588423756010e-12
   302   1.843290169251591e-12
   303   1.788948045875880e-12
   304   1.742742093721902e-12
   305   1.679217557077698e-12
   306   1.642677800199597e-12
   307   1.585989309165125e-12
   308   1.511944175978686e-12
   309   1.450933192711878e-12
   310   1.359235231164227e-12
[TRUERES]    310  1.359235231164227e-12  1.359235231162131e-12
   311   1.270644178750029e-12
   312   1.192995933949075e-12
   313   1.098511329494399e-12
   314   1.019846217254131e-12
   315   9.413375614604611e-13
   316   8.520341583022796e-13
   317   7.790085621700882e-13
   318   7.073528259795342e-13
   319   6.404066676008916e-13
   320   5.903347684924522e-13
[TRUERES]    320  5.903347684924522e-13  5.903347684939240e-13
   321   5.378996612828595e-13
   322   4.932725199066102e-13
   323   4.585795922433651e-13
   324   4.203204339511278e-13
   325   3.900863486039426e-13
   326   3.639084318872073e-13
   327   3.360926821912784e-13
   328   3.140189160225841e-13
   329   2.915125065373581e-13
   330   2.681683445850430e-13
[TRUERES]    330  2.681683445850430e-13  2.681683445847371e-13
   331   2.500776606404621e-13
   332   2.303359743906313e-13
   333   2.116529209182973e-13
   334   1.966291481170024e-13
   335   1.796161636126396e-13
   336   1.654864429781634e-13
   337   1.529828968910037e-13
   338   1.393895404844508e-13
   339   1.285630959189157e-13
   340   1.182303740449866e-13
[TRUERES]    340  1.182303740449866e-13  1.182303740441465e-13
   341   1.077143891117421e-13
   342   9.958369799408474e-14
   343   9.122305176632873e-14
   344   8.337958932602045e-14
   345   7.703106545215319e-14
   346   6.983341128365463e-14
   347   6.351766436443798e-14
   348   5.794759315627398e-14
   349   5.199859778589490e-14
   350   4.698316771200838e-14
[TRUERES]    350  4.698316771200838e-14  4.698316771182532e-14
   351   4.199777931953034e-14
   352   3.696022571367587e-14
   353   3.287706438235461e-14
   354   2.899382707619582e-14
   355   2.561909034653484e-14
   356   2.306880721497471e-14
   357   2.059579878918253e-14
   358   1.857101225231774e-14
   359   1.693642962372171e-14
   360   1.524306183217074e-14
[TRUERES]    360  1.524306183217074e-14  1.524306183195182e-14
   361   1.383964481023302e-14
   362   1.257079336506318e-14
   363   1.129132510139833e-14
   364   1.029095826129322e-14
   365   9.339218225536287e-15
   366   8.473721314435470e-15
   367   7.814968292722418e-15
   368   7.158618567031350e-15
   369   6.585566978849297e-15
   370   6.120971410208742e-15
[TRUERES]    370  6.120971410208742e-15  6.120971410142286e-15
   371   5.593092539185518e-15
   372   5.157933233357383e-15
   373   4.790787495704450e-15
   374   4.428788589332377e-15
   375   4.179933070017732e-15
   376   3.948679337233049e-15
   377   3.729438719626196e-15
   378   3.586160576181792e-15
   379   3.425992381298692e-15
   380   3.305107950555852e-15
[TRUERES]    380  3.305107950555852e-15  3.305107950631520e-15
   381   3.229933843318593e-15
   382   3.107911560922390e-15
   383   3.004769172107993e-15
   384   2.894342839581667e-15
   385   2.730602257547531e-15
   386   2.588951848058008e-15
   387   2.432689677665055e-15
   388   2.264504017542351e-15
   389   2.130283621620147e-15
   390   1.980613909420640e-15
[TRUERES]    390  1.980613909420640e-15  1.980613909393232e-15
   391   1.841605215697422e-15
   392   1.725652930550821e-15
   393   1.588045787564702e-15
   394   1.467855115822506e-15
   395   1.359211074371939e-15
   396   1.243673158392733e-15
   397   1.154481504926719e-15
   398   1.072711987730258e-15
   399   9.872030368277645e-16
   400   9.200632155216327e-16
[TRUERES]    400  9.200632155216327e-16  9.200632154915686e-16
   401   8.494229058316851e-16
   402   7.827941134470291e-16
   403   7.302928842653323e-16
   404   6.733856305666412e-16
   405   6.228398112412890e-16
   406   5.784699733292480e-16
   407   5.313803079113445e-16
   408   4.935056135551169e-16
   409   4.591140404517730e-16
   410   4.253302578744622e-16
[TRUERES]    410  4.253302578744622e-16  4.253302578426694e-16
   411   4.010958377934635e-16
   412   3.756192500390663e-16
   413   3.521024379426440e-16
   414   3.353858544454587e-16
   415   3.167453488672707e-16
   416   3.001519591181030e-16
   417   2.859361777507586e-16
   418   2.684352704040415e-16
   419   2.529412669552751e-16
   420   2.373958285974273e-16
[TRUERES]    420  2.373958285974273e-16  2.373958286190878e-16
   421   2.204862181469437e-16
   422   2.069885502597748e-16
   423   1.933919342345642e-16
   424   1.797698585232165e-16
   425   1.691475680785057e-16
   426   1.577172122704624e-16
   427   1.471862799069531e-16
   428   1.386453450838993e-16
   429   1.293664203655902e-16
   430   1.212904672757400e-16
[TRUERES]    430  1.212904672757400e-16  1.212904672961747e-16
   431   1.138317379342969e-16
   432   1.051253108555030e-16
   433   9.764926058123210e-17
   434   9.030197946973019e-17
   435   8.298398973189442e-17
   436   7.743770249072836e-17
   437   7.201647295806625e-17
   438   6.726197414270837e-17
   439   6.362944535234388e-17
   440   5.968968831560991e-17
[TRUERES]    440  5.968968831560991e-17  5.968968830983467e-17
   441   5.652848426067352e-17
   442   5.403720540746167e-17
   443   5.141203634792403e-17
   444   4.966964411383014e-17
   445   4.822787153205762e-17
   446   4.680512838995096e-17
   447   4.643247877883510e-17
   448   4.619203225524160e-17
   449   4.624540377973571e-17
   450   4.693192115384213e-17
[TRUERES]    450  4.693192115384213e-17  4.693192114077182e-17
   451   4.729157026411591e-17
   452   4.799829008416248e-17
   453   4.905354317811416e-17
   454   4.977543486190355e-17
   455   5.094383317976952e-17
   456   5.188492970611972e-17
   457   5.208906036132948e-17
   458   5.258283259240878e-17
   459   5.251822842599604e-17
   460   5.187575803799311e-17
[TRUERES]    460  5.187575803799311e-17  5.187575802406667e-17
   461   5.123887814123084e-17
   462   4.949188420863236e-17
   463   4.748873199866295e-17
   464   4.538121957647061e-17
   465   4.244552901987186e-17
   466   3.965021154151229e-17
   467   3.675674414584166e-17
   468   3.361425756343213e-17
   469   3.095127839554778e-17
   470   2.831404891627186e-17
[TRUERES]    470  2.831404891627186e-17  2.831404892345897e-17
   471   2.575609272836672e-17
   472   2.366162550505143e-17
   473   2.153815457933819e-17
   474   1.972169595984640e-17
   475   1.829276456441496e-17
   476   1.686160762235532e-17
   477   1.572029114573951e-17
   478   1.472001924414216e-17
   479   1.370501831541039e-17
   480   1.297414183201288e-17
[TRUERES]    480  1.297414183201288e-17  1.297414183111065e-17
   481   1.232879352822515e-17
   482   1.173764212437196e-17
   483   1.137105061941328e-17
   484   1.097490100679975e-17
   485   1.059010058096572e-17
   486   1.026054940590281e-17
   487   9.783089317953633e-18
   488   9.352956955621405e-18
   489   8.951248500044203e-18
   490   8.459332915138148e-18
[TRUERES]    490  8.459332915138148e-18  8.459332914459691e-18
   491   8.049432191541917e-18
   492   7.632571301546340e-18
   493   7.192978983559667e-18
   494   6.819998219105550e-18
   495   6.383726399355440e-18
   496   5.921342147604064e-18
   497   5.505581308546148e-18
   498   5.050366986268078e-18
   499   4.636923357829099e-18
   500   4.275373758747221e-18
[TRUERES]    500  4.275373758747221e-18  4.275373756162609e-18
   501   3.891534726181536e-18
   502   3.567607064340288e-18
   503   3.262585599793592e-18
   504   2.957308979364940e-18
   505   2.708038694505361e-18
   506   2.471339250183946e-18
   507   2.263176136722325e-18
   508   2.105364749264581e-18
   509   1.953280270804811e-18
   510   1.826788927056276e-18
[TRUERES]    510  1.826788927056276e-18  1.826788924608167e-18
   511   1.724061687258217e-18
   512   1.611301691288024e-18
   513   1.517412134395670e-18
   514   1.437119750267383e-18
   515   1.353207470324097e-18
   516   1.290901966315990e-18
   517   1.229442185435123e-18
   518   1.168039395125186e-18
   519   1.124549814112316e-18
   520   1.078482509938332e-18
[TRUERES]    520  1.078482509938332e-18  1.078482511006198e-18
   521   1.042187343508952e-18
   522   1.022647802567680e-18
   523   1.002542797110098e-18
   524   1.000894699566694e-18
   525   1.006855018748978e-18
   526   1.004132322550995e-18
   527   1.005143588108833e-18
   528   9.944489297812059e-19
   529   9.684894981498256e-19
   530   9.456919162499782e-19
[TRUERES]    530  9.456919162499782e-19  9.456919172642771e-19
   531   9.125011823397855e-19
   532   8.752465722373663e-19
   533   8.433666212345629e-19
   534   8.047533530431143e-19
   535   7.738277032340721e-19
   536   7.484135802619227e-19
   537   7.141320675851404e-19
   538   6.825032459952528e-19
   539   6.469560764349559e-19
   540   6.039159686877781e-19
[TRUERES]    540  6.039159686877781e-19  6.039159681278264e-19
   541   5.650177440793767e-19
   542   5.225365850376799e-19
   543   4.810857877930743e-19
   544   4.464565300305801e-19
   545   4.101486450400147e-19
   546   3.767314526037476e-19
   547   3.454570255387287e-19
   548   3.126460291501296e-19
   549   2.847476194497841e-19
   550   2.584009759615415e-19
[TRUERES]    550  2.584009759615415e-19  2.584009749009850e-19
   551   2.323374828461527e-19
   552   2.109887052002523e-19
   553   1.910067282181469e-19
   554   1.734752039119057e-19
   555   1.597784753774035e-19
   556   1.468243229056271e-19
   557   1.358579154435648e-19
   558   1.267107141297323e-19
   559   1.169389686992126e-19
   560   1.083614940244823e-19
[TRUERES]    560  1.083614940244823e-19  1.083614936082873e-19
   561   1.002605273259477e-19
   562   9.197762801841559e-20
   563   8.536545838898175e-20
   564   7.911816832619111e-20
   565   7.351370725063118e-20
   566   6.905071221913882e-20
   567   6.433164321049212e-20
   568   6.010714574596904e-20
   569   5.666816785416405e-20
   570   5.320151610947716e-20
[TRUERES]    570  5.320151610947716e-20  5.320151548133495e-20
   571   5.030125076965337e-20
   572   4.755648428598237e-20
   573   4.439694223996483e-20
   574   4.160371971788648e-20
   575   3.888565548603427e-20
   576   3.619301545390329e-20
   577   3.399260838973460e-20
   578   3.178257762556074e-20
   579   2.974219587470451e-20
   580   2.802866491907747e-20
[TRUERES]    580  2.802866491907747e-20  2.802866466616885e-20
   581   2.625179736551648e-20
   582   2.480383183544128e-20
   583   2.357904800795830e-20
   584   2.229325367701954e-20
   585   2.118511586650831e-20
   586   2.001704053537671e-20
   587   1.867195620848930e-20
   588   1.748650855213311e-20
   589   1.625540732433572e-20
   590   1.508171362915232e-20
[TRUERES]    590  1.508171362915232e-20  1.508171388836764e-20
   591   1.415102051266857e-20
   592   1.325508337343105e-20
   593   1.251218513062508e-20
   594   1.189599262522653e-20
   595   1.122097476970023e-20
   596   1.062834580085082e-20
   597   1.003690627831605e-20
   598   9.404793442365583e-21
   599   8.886881232149214e-21
   600   8.394272092536151e-21
[TRUERES]    600  8.394272092536151e-21  8.394271969086469e-21
   601   7.978227092521899e-21
   602   7.707715049779664e-21
   603   7.465648616400824e-21
   604   7.326965594514430e-21
   605   7.264584373586753e-21
   606   7.167450589609817e-21
   607   7.129445842274174e-21
   608   7.114877660901615e-21
   609   7.060381263082483e-21
   610   7.081079517504938e-21
[TRUERES]    610  7.081079517504938e-21  7.081079473033514e-21
   611   7.078323205712204e-21
   612   7.048155183306931e-21
   613   7.055587688370454e-21
   614   6.978456745412978e-21
   615   6.858574491165208e-21
   616   6.724753692016630e-21
   617   6.484178256707304e-21
   618   6.244209648821233e-21
   619   5.983547377470725e-21
   620   5.669884210473020e-21
[TRUERES]    620  5.669884210473020e-21  5.669884274495340e-21
   621   5.400694126612927e-21
   622   5.103649776743044e-21
   623   4.779418501917206e-21
   624   4.493423880345062e-21
   625   4.174237281992351e-21
   626   3.846986492308121e-21
   627   3.540395296642815e-21
   628   3.212939807988866e-21
   629   2.919704733610140e-21
   630   2.654741181351370e-21
[TRUERES]    630  2.654741181351370e-21  2.654741299913136e-21
   631   2.404503861613052e-21
   632   2.205766402243701e-21
   633   2.027400074278808e-21
   634   1.863927768636567e-21
   635   1.737208451834218e-21
   636   1.616848800221833e-21
   637   1.503884778480501e-21
   638   1.405595745849025e-21
   639   1.302884292457120e-21
   640   1.214703769590424e-21
[TRUERES]    640  1.214703769590424e-21  1.214703759476043e-21
   641   1.141407574685539e-21
   642   1.069800924205572e-21
   643   1.011089996297266e-21
   644   9.548861722479549e-22
   645   8.961320431622411e-22
   646   8.461164363440287e-22
   647   7.947695309146581e-22
   648   7.439335143811383e-22
   649   7.049144067865463e-22
   650   6.686747807691520e-22
[TRUERES]    650  6.686747807691520e-22  6.686747942961330e-22
   651   6.387769884187516e-22
   652   6.133108305598051e-22
   653   5.840657365507659e-22
   654   5.573605506659311e-22
   655   5.299042589476927e-22
   656   4.976825490125933e-22
   657   4.674328503113101e-22
   658   4.346741969267224e-22
   659   4.015653689549147e-22
   660   3.722813939169665e-22
[TRUERES]    660  3.722813939169665e-22  3.722813989087784e-22
   661   3.403206278895070e-22
   662   3.088971897972036e-22
   663   2.805596883163519e-22
   664   2.523644050897636e-22
   665   2.277332589592659e-22
   666   2.053103691778136e-22
   667   1.836145678248372e-22
   668   1.650175414046882e-22
   669   1.474478552953340e-22
   670   1.313183470529955e-22
[TRUERES]    670  1.313183470529955e-22  1.313183309951827e-22
   671   1.177550421671659e-22
   672   1.049676073013930e-22
   673   9.378494958599365e-23
   674   8.440072098673466e-23
   675   7.537028784899402e-23
   676   6.763225583327339e-23
   677   6.088948219974990e-23
   678   5.467898147666884e-23
   679   4.966124446920971e-23
   680   4.526502720606780e-23
[TRUERES]    680  4.526502720606780e-23  4.526502767508701e-23
   681   4.128577469419866e-23
   682   3.812849818563618e-23
   683   3.515327856894279e-23
   684   3.241391621485250e-23
   685   2.997190208544414e-23
   686   2.745010300652994e-23
   687   2.529529986720840e-23
   688   2.346948344302462e-23
   689   2.180319813856340e-23
   690   2.056288333755600e-23
[TRUERES]    690  2.056288333755600e-23  2.056288244271719e-23
   691   1.947189798277919e-23
   692   1.835752609123554e-23
   693   1.743981542273820e-23
   694   1.643097687011817e-23
   695   1.537729385995523e-23
   696   1.443139673732153e-23
   697   1.344040542382849e-23
   698   1.250372387232261e-23
   699   1.165451520761714e-23
   700   1.076975796077147e-23
[TRUERES]    700  1.076975796077147e-23  1.076976638098991e-23
   701   9.981782273206607e-24
   702   9.192361126983191e-24
   703   8.368665539448002e-24
   704   7.632295528118285e-24
   705   6.919697486003406e-24
   706   6.244529842973073e-24
   707   5.665524263237776e-24
   708   5.099457398171982e-24
   709   4.603714982861644e-24
   710   4.190257382132552e-24
[TRUERES]    710  4.190257382132552e-24  4.190261288980816e-24
   711   3.814444588244210e-24
   712   3.510797596878968e-24
   713   3.269261791665345e-24
   714   3.066636054008355e-24
   715   2.932861116056860e-24
   716   2.821441698468562e-24
   717   2.721749066152503e-24
   718   2.642264980252029e-24
   719   2.540304389640810e-24
   720   2.436778241626656e-24
[TRUERES]    720  2.436778241626656e-24  2.436781801269248e-24
   721   2.344532962073403e-24
   722   2.227554557062667e-24
   723   2.120095771311601e-24
   724   2.011733159643845e-24
   725   1.885028112291332e-24
   726   1.764988222179784e-24
   727   1.640629342328364e-24
   728   1.512775153954795e-24
   729   1.401278258551334e-24
   730   1.288150345600863e-24
[TRUERES]    730  1.288150345600863e-24  1.288153704640711e-24
   731   1.185480421911452e-24
   732   1.095889703083619e-24
   733   1.006348414642764e-24
   734   9.271193463924840e-25
   735   8.534472446942152e-25
   736   7.778073285659448e-25
   737   7.095234413244447e-25
   738   6.427927925113798e-25
   739   5.772852097933945e-25
   740   5.190113322365972e-25
[TRUERES]    740  5.190113322365972e-25  5.190141384225487e-25
   741   4.620263100950590e-25
   742   4.094846176768865e-25
   743   3.643907583698496e-25
   744   3.229602651714157e-25
   745   2.886195713164805e-25
   746   2.591073309021137e-25
   747   2.318687210448383e-25
   748   2.089747251288944e-25
   749   1.885509204368112e-25
   750   1.694012245930561e-25
[TRUERES]    750  1.694012245930561e-25  1.694062817667247e-25
   751   1.539116621372390e-25
   752   1.402697521140203e-25
   753   1.283198452478733e-25
   754   1.180434604474256e-25
   755   1.077879216363813e-25
   756   9.826935238082638e-26
   757   8.957369164977072e-26
   758   8.071999039265148e-26
   759   7.275501463450723e-26
   760   6.545564325716853e-26
[TRUERES]    760  6.545564325716853e-26  6.545919989523022e-26
   761   5.859993350365682e-26
   762   5.286114175037086e-26
   763   4.769224305513357e-26
   764   4.289794655266426e-26
   765   3.882276640723428e-26
   766   3.484518837869515e-26
   767   3.116133809806799e-26
   768   2.774349283269576e-26
   769   2.433520687138860e-26
   770   2.128146124046707e-26
[TRUERES]    770  2.128146124046707e-26  2.128495130287141e-26
   771   1.853864220930812e-26
   772   1.597850203754189e-26
   773   1.388589411513028e-26
   774   1.210787882919420e-26
   775   1.057010573691688e-26
   776   9.358417040907075e-27
   777   8.304230213930718e-27
   778   7.398715857455320e-27
   779   6.660288413585380e-27
   780   5.975022984080802e-27
[TRUERES]    780  5.975022984080802e-27  5.978625861884713e-27
   781   5.383377054543226e-27
   782   4.856829359754496e-27
   783   4.354103014445020e-27
   784   3.918234583854417e-27
   785   3.534210989597106e-27
   786   3.186249073265886e-27
   787   2.903226906431595e-27
   788   2.644264861324524e-27
   789   2.415976966589585e-27
   790   2.231022675141202e-27
[TRUERES]    790  2.231022675141202e-27  2.234958924479167e-27
   791   2.056948122826205e-27
   792   1.903180831765899e-27
   793   1.775942863294276e-27
   794   1.654193493216931e-27
   795   1.557084115671730e-27
   796   1.472984214734429e-27
   797   1.390902716159952e-27
   798   1.321292967817195e-27
   799   1.247125959886145e-27
   800   1.169596593536743e-27
[TRUERES]    800  1.169596593536743e-27  1.173417995899592e-27
   801   1.100710677256574e-27
   802   1.029631689493718e-27
   803   9.682549299125297e-28
   804   9.150468475198614e-28
   805   8.588530527442907e-28
   806   8.086411447753769e-28
   807   7.609531410416199e-28
   808   7.110522837053215e-28
   809   6.666195109589157e-28
   810   6.242389020447732e-28
[TRUERES]    810  6.242389020447732e-28  6.281817035455248e-28
   811   5.820760817778224e-28
   812   5.454178454593170e-28
   813   5.060181249294882e-28
   814   4.678146929420997e-28
   815   4.323873006628130e-28
   816   3.946034538204702e-28
   817   3.598982906204411e-28
   818   3.274201551019036e-28
   819   2.959286329272218e-28
   820   2.691088644662780e-28
[TRUERES]    820  2.691088644662780e-28  2.728517630005304e-28
   821   2.440492247036591e-28
   822   2.205019675730741e-28
   823   2.003600248117684e-28
   824   1.815850255290326e-28
   825   1.647502891665865e-28
   826   1.508032399984951e-28
   827   1.374576221724194e-28
   828   1.262641964055234e-28
   829   1.166934833669609e-28
   830   1.072413801004020e-28
[TRUERES]    830  1.072413801004020e-28  1.111632784371904e-28
   831   9.887697561902446e-29
   832   9.114784466159344e-29
   833   8.386702337056194e-29
   834   7.784832754662070e-29
   835   7.204557520074960e-29
   836   6.664454782592977e-29
   837   6.207645067437779e-29
   838   5.758930457623879e-29
   839   5.360804561883988e-29
   840   4.996460375027198e-29
[TRUERES]    840  4.996460375027198e-29  5.395472277219927e-29
   841   4.626653383255804e-29
   842   4.315376464604600e-29
   843   4.027520141338959e-29
   844   3.742650519575139e-29
   845   3.509492316288393e-29
   846   3.288290475001562e-29
   847   3.081026499602963e-29
   848   2.891658468624320e-29
   849   2.687291151306984e-29
   850   2.492023709285852e-29
[TRUERES]    850  2.492023709285852e-29  2.882572213715813e-29
   851   2.304058415360858e-29
   852   2.100435940411155e-29
   853   1.908195971828014e-29
   854   1.717768722692642e-29
   855   1.525397293826697e-29
   856   1.355512921522035e-29
   857   1.195640775114519e-29
   858   1.048168779990481e-29
   859   9.200654469627640e-30
   860   8.006668654197843e-30
[TRUERES]    860  8.006668654197843e-30  1.205282379902387e-29
   861   6.954222628020831e-30
   862   6.058394315881225e-30
   863   5.235636142692257e-30
   864   4.544306797904995e-30
   865   3.939462381905907e-30
   866   3.371400940532655e-30
   867   2.886000817261397e-30
   868   2.464823831367017e-30
   869   2.097527575240866e-30
   870   1.798805101370675e-30
[TRUERES]    870  1.798805101370675e-30  5.880339466438254e-30
   871   1.541002550245632e-30
   872   1.327040044190598e-30
   873   1.153178949136756e-30
   874   9.980011577492535e-31
   875   8.680542824775454e-31
   876   7.591393565879105e-31
   877   6.628864542188756e-31
   878   5.819697373144497e-31
   879   5.106068949971528e-31
   880   4.458722196475195e-31
[TRUERES]    880  4.458722196475195e-31  4.595555334354828e-30
   881   3.913553851755414e-31
   882   3.417273254851810e-31
   883   2.965785888843371e-31
   884   2.572834190568024e-31
   885   2.219099116545559e-31
   886   1.919620429096459e-31
   887   1.672290478706590e-31
   888   1.458697863450478e-31
   889   1.289327385478066e-31
   890   1.145852943491400e-31
[TRUERES]    890  1.145852943491400e-31  4.257799349487156e-30
   891   1.021213827961903e-31
   892   9.244005603324809e-32
   893   8.413305232832294e-32
   894   7.678812783462519e-32
   895   7.067538859652014e-32
   896   6.506319721340847e-32
   897   6.031565851542279e-32
   898   5.641552871098090e-32
   899   5.263428531835820e-32
   900   4.929990330179636e-32
[TRUERES]    900  4.929990330179636e-32  4.252037901851457e-30
   901   4.610588302992351e-32
   902   4.272291298341511e-32
   903   3.953238828343015e-32
   904   3.632541800349977e-32
   905   3.312828089003599e-32
   906   3.021633346882975e-32
   907   2.729393760872934e-32
   908   2.451685967013099e-32
   909   2.205307537233789e-32
   910   1.977005777328735e-32
[TRUERES]    910  1.977005777328735e-32  4.306239115957133e-30
   911   1.781596425596413e-32
   912   1.607268184007933e-32
   913   1.441708492638001e-32
   914   1.298618166214164e-32
   915   1.164289212273629e-32
   916   1.033819044120953e-32
   917   9.163966636702695e-33
   918   8.056144213536384e-33
   919   7.034434418657597e-33
   920   6.160277592470137e-33
[TRUERES]    920  6.160277592470137e-33  4.360307415153523e-30
   921   5.372032585474648e-33
   922   4.697992831184224e-33
   923   4.119564380647549e-33
   924   3.599595353775209e-33
   925   3.171754212217298e-33
   926   2.813404281692339e-33
   927   2.507495128530502e-33
   928   2.267242367476031e-33
   929   2.054870552573322e-33
   930   1.861069926271543e-33
[TRUERES]    930  1.861069926271543e-33  4.389862887359145e-30
   931   1.689796431214183e-33
   932   1.520780708835313e-33
   933   1.372229068959088e-33
   934   1.245152261577447e-33
   935   1.126579906766711e-33
   936   1.028094637244529e-33
   937   9.364696846607692e-34
   938   8.456808696120326e-34
   939   7.632140595492993e-34
   940   6.869827287141652e-34
[TRUERES]    940  6.869827287141652e-34  4.421081909259557e-30
   941   6.221880421468624e-34
   942   5.687795148881412e-34
   943   5.196155790007000e-34
   944   4.769086237600973e-34
   945   4.402894199874256e-34
   946   4.037760224856421e-34
   947   3.725538831672679e-34
   948   3.449452531261063e-34
   949   3.198402951203546e-34
   950   2.997881963938725e-34
[TRUERES]    950  2.997881963938725e-34  4.445863342728853e-30
   951   2.809228789317291e-34
   952   2.622996819761100e-34
   953   2.449108063421755e-34
   954   2.265991722547227e-34
   955   2.088851590003426e-34
   956   1.929057718906623e-34
   957   1.768557944676142e-34
   958   1.619120117944247e-34
   959   1.471258420292462e-34
   960   1.318453501322708e-34
[TRUERES]    960  1.318453501322708e-34  4.480420861224253e-30
   961   1.176855234987594e-34
   962   1.040968554226045e-34
   963   9.130540306941661e-35
   964   8.005907293784347e-35
   965   6.962254126454279e-35
   966   6.039221256705626e-35
   967   5.257186987566774e-35
   968   4.540641131262637e-35
   969   3.932573392831983e-35
   970   3.421381682121116e-35
[TRUERES]    970  3.421381682121116e-35  4.497389907486847e-30
   971   2.977971456915696e-35
   972   2.614449143018525e-35
   973   2.304419545111543e-35
   974   2.034012416163360e-35
   975   1.815784423128647e-35
   976   1.621576133065237e-35
   977   1.451236158008792e-35
   978   1.301900693773263e-35
   979   1.165396995414022e-35
   980   1.045662668065527e-35
[TRUERES]    980  1.045662668065527e-35  4.505559671670288e-30
   981   9.394220066172528e-36
   982   8.374351097247214e-36
   983   7.479509946881125e-36
   984   6.684057385517500e-36
   985   5.969343080294238e-36
   986   5.401628340729476e-36
   987   4.904618489061010e-36
   988   4.460861925926692e-36
   989   4.072052088380279e-36
   990   3.699625696551632e-36
[TRUERES]    990  3.699625696551632e-36  4.516264763382445e-30
   991   3.368384743567404e-36
   992   3.071995891021214e-36
   993   2.786177078184921e-36
   994   2.536859601171348e-36
   995   2.302455988963129e-36
   996   2.069228689246600e-36
   997   1.857895136061143e-36
   998   1.655805633880389e-36
   999   1.464186674722970e-36
  1000   1.294928569767031e-36
[TRUERES]   1000  1.294928569767031e-36  4.520603649377771e-30
  1001   1.136036480272502e-36
  1002   9.948236780958387e-37
  1003   8.762083759980879e-37
  1004   7.715637357365619e-37
  1005   6.828370556725100e-37
  1006   6.050808222079077e-37
  1007   5.321816958452118e-37
  1008   4.682263518612151e-37
  1009   4.107248617374797e-37
  1010   3.592275216006754e-37
[TRUERES]   1010  3.592275216006754e-37  4.517808780854043e-30
  1011   3.166437052128037e-37
  1012   2.783976279205926e-37
  1013   2.439845125311162e-37
  1014   2.144324361228668e-37
  1015   1.866426287385353e-37
  1016   1.620153600611747e-37
  1017   1.400744659586936e-37
  1018   1.202851612580426e-37
  1019   1.042856713872304e-37
  1020   9.103901086552869e-38
[TRUERES]   1020  9.103901086552869e-38  4.516773968600668e-30
  1021   7.975421658444175e-38
  1022   7.056782342896375e-38
  1023   6.253873276769583e-38
  1024   5.545678200630837e-38
  1025   4.939875661389133e-38
  1026   4.386222117929946e-38
  1027   3.895187516639125e-38
  1028   3.460537656850890e-38
  1029   3.061987426218136e-38
  1030   2.726062822003198e-38
[TRUERES]   1030  2.726062822003198e-38  4.516909022987607e-30
  1031   2.447407780597993e-38
  1032   2.206686814877860e-38
  1033   2.011830691524744e-38
  1034   1.842806287606728e-38
  1035   1.697965670013129e-38
  1036   1.581540108642176e-38
  1037   1.471545507550747e-38
  1038   1.370880807463384e-38
  1039   1.276951949029047e-38
  1040   1.171702759247205e-38
[TRUERES]   1040  1.171702759247205e-38  4.517006604630845e-30
  1041   1.066872270067629e-38
  1042   9.620569067294587e-39
  1043   8.585797558756122e-39
  1044   7.683887776485363e-39
  1045   6.855039554043645e-39
  1046   6.081610320930360e-39
  1047   5.400432131280602e-39
  1048   4.762920117922506e-39
  1049   4.188524311509984e-39
  1050   3.692520993173457e-39
[TRUERES]   1050  3.692520993173457e-39  4.517020274777364e-30
  1051   3.233875942107745e-39
  1052   2.833697724047741e-39
  1053   2.478263563895495e-39
  1054   2.151609403929480e-39
  1055   1.862403458656421e-39
  1056   1.603518490788288e-39
  1057   1.370079029131986e-39
  1058   1.173140915279883e-39
  1059   9.966723725827980e-40
  1060   8.428605309913137e-40
[TRUERES]   1060  8.428605309913137e-40  4.517011330590426e-30
  1061   7.142093626950914e-40
  1062   6.021216485323632e-40
  1063   5.086276180979536e-40
  1064   4.317239457197664e-40
  1065   3.659605050775021e-40
  1066   3.125439200075754e-40
  1067   2.689190312174389e-40
  1068   2.313122546071669e-40
  1069   2.009045589232248e-40
  1070   1.746767887030657e-40
[TRUERES]   1070  1.746767887030657e-40  4.517017117538254e-30
  1071   1.521756854405494e-40
  1072   1.339738163428763e-40
  1073   1.183462990024503e-40
  1074   1.054283160972955e-40
  1075   9.481039657078198e-41
  1076   8.571922302697755e-41
  1077   7.826549385754598e-41
  1078   7.173666811103588e-41
  1079   6.537864513305930e-41
  1080   5.948996093851380e-41
[TRUERES]   1080  5.948996093851380e-41  4.517016978624321e-30
  1081   5.369287518393074e-41
  1082   4.816328347282448e-41
  1083   4.341732450813784e-41
  1084   3.908067852214129e-41
  1085   3.528197188997354e-41
  1086   3.207580842648204e-41
  1087   2.903337163946687e-41
  1088   2.628664819273711e-41
  1089   2.376296672000513e-41
  1090   2.126558250170859e-41
[TRUERES]   1090  2.126558250170859e-41  4.517017363937587e-30
  1091   1.898243270104000e-41
  1092   1.691974853918445e-41
  1093   1.498453577341321e-41
  1094   1.332865937394925e-41
  1095   1.176305277535157e-41
  1096   1.031861910691231e-41
  1097   9.034017625087389e-42
  1098   7.830017247738451e-42
  1099   6.761376274744327e-42
  1100   5.825204155517770e-42
[TRUERES]   1100  5.825204155517770e-42  4.517017525175454e-30
  1101   4.961033077162955e-42
  1102   4.208772542003242e-42
  1103   3.570478101846198e-42
  1104   3.035700865626503e-42
  1105   2.613270862845977e-42
  1106   2.259332024721416e-42
  1107   1.955230000244382e-42
  1108   1.699417563586437e-42
  1109   1.469347650598658e-42
  1110   1.268502391571519e-42
[TRUERES]   1110  1.268502391571519e-42  4.517017533041220e-30
  1111   1.092610058455732e-42
  1112   9.323191051470637e-43
  1113   7.991323770783933e-43
  1114   6.875220984792458e-43
  1115   5.916714193518440e-43
  1116   5.122806690779706e-43
  1117   4.448266330111066e-43
  1118   3.870951713753745e-43
  1119   3.409990344630850e-43
  1120   3.019633685384838e-43
[TRUERES]   1120  3.019633685384838e-43  4.517017534466281e-30
  1121   2.694330188591553e-43
  1122   2.415125127682976e-43
  1123   2.151535170698608e-43
  1124   1.916079488779479e-43
  1125   1.704923915673219e-43
  1126   1.505624067811113e-43
  1127   1.333009424253291e-43
  1128   1.181144314564040e-43
  1129   1.050674613936052e-43
  1130   9.474302917036746e-44
[TRUERES]   1130  9.474302917036746e-44  4.517017532388143e-30
  1131   8.574462558908711e-44
  1132   7.800368340920601e-44
  1133   7.146224014524220e-44
  1134   6.521480628237357e-44
  1135   5.945693286492425e-44
  1136   5.421297017230797e-44
  1137   4.922880489601983e-44
  1138   4.487022617618385e-44
  1139   4.084908032242654e-44
  1140   3.714290597865145e-44
[TRUERES]   1140  3.714290597865145e-44  4.517017532442029e-30
  1141   3.396521438855024e-44
  1142   3.104709948069825e-44
  1143   2.841811743346547e-44
  1144   2.622840708456498e-44
  1145   2.421222481471102e-44
  1146   2.250653068214276e-44
  1147   2.103389416705803e-44
  1148   1.956213265023934e-44
  1149   1.822370438560223e-44
  1150   1.689398706553331e-44
[TRUERES]   1150  1.689398706553331e-44  4.517017532857885e-30
  1151   1.557706441556717e-44
  1152   1.439362479157657e-44
  1153   1.319493031413585e-44
  1154   1.201296342613574e-44
  1155   1.095205402642492e-44
  1156   9.918149555399742e-45
  1157   8.978407714432281e-45
  1158   8.130076813106092e-45
  1159   7.296715780131186e-45
  1160   6.512193627460498e-45
[TRUERES]   1160  6.512193627460498e-45  4.517017532855978e-30
  1161   5.760922941085927e-45
  1162   5.024166238657307e-45
  1163   4.365074359294493e-45
  1164   3.757941393378796e-45
  1165   3.215587768771004e-45
  1166   2.758696350649656e-45
  1167   2.365991105491098e-45
  1168   2.040695375661283e-45
  1169   1.773675169997061e-45
  1170   1.542507378923764e-45
[TRUERES]   1170  1.542507378923764e-45  4.517017532855068e-30
  1171   1.349809826759012e-45
  1172   1.184911935360877e-45
  1173   1.038865575401503e-45
  1174   9.191372820162260e-46
  1175   8.173526213496073e-46
  1176   7.272111937925159e-46
  1177   6.516880003679695e-46
  1178   5.831039708123413e-46
  1179   5.238226670261572e-46
  1180   4.741697497118343e-46
[TRUERES]   1180  4.741697497118343e-46  4.517017532854530e-30
  1181   4.300248877468306e-46
  1182   3.928913699814421e-46
  1183   3.613717328803358e-46
  1184   3.327967300907464e-46
  1185   3.092888369936566e-46
  1186   2.878503704758540e-46
  1187   2.683059981329586e-46
  1188   2.517406245696347e-46
  1189   2.355441879740885e-46
  1190   2.199549989076395e-46
[TRUERES]   1190  2.199549989076395e-46  4.517017532854130e-30
  1191   2.056798245182661e-46
  1192   1.908337410448168e-46
  1193   1.770136041047938e-46
  1194   1.642767133976524e-46
  1195   1.518193183885088e-46
  1196   1.405048163486205e-46
  1197   1.292836725277780e-46
  1198   1.180046969577927e-46
  1199   1.073851059220156e-46
Error at ASolver_CG<Afield<double,ACCEL> >: not converged
  iter(final):     1200   1.073851059220156e-46
converged:
  nconv = -1
    0    0       -1     1.7411e-31     3.0665e-29
ASolver_CGNR<Afield<double,ACCEL> >: solver starts
  mode_prev = D
  snorm =  2.597553604278430e+01
ASolver_CG solve_CG_init: m_x.nin() = 192, m_s.nin() = 192
  init:  8.319459904340024e-01
     0   4.270485473685593e-02
[TRUERES]      0  4.270485473685593e-02  4.270485473685594e-02
     1   1.340081729866050e-02
     2   1.044569390001542e-02
     3   3.299002611450435e-03
     4   1.788336951629482e-03
     5   1.416802386175606e-03
     6   6.190710557051288e-04
     7   4.225019117966403e-04
     8   3.209614993575098e-04
     9   1.729396948556275e-04
    10   1.441793358371009e-04
[TRUERES]     10  1.441793358371009e-04  1.441793358371007e-04
    11   1.089366636295439e-04
    12   6.955620181042992e-05
    13   6.216655665145612e-05
    14   4.515628889741521e-05
    15   3.214369452188777e-05
    16   2.957901186127369e-05
    17   2.141419558870243e-05
    18   1.754437916147374e-05
    19   1.639686098124801e-05
    20   1.243436677325790e-05
[TRUERES]     20  1.243436677325790e-05  1.243436677325793e-05
    21   1.141292220105494e-05
    22   1.047718989805830e-05
    23   8.248603456925663e-06
    24   7.895877237017822e-06
    25   6.879037930132953e-06
    26   5.667959494784740e-06
    27   5.514541107729082e-06
    28   4.637068449206537e-06
    29   4.009475982130284e-06
    30   3.816852748098338e-06
[TRUERES]     30  3.816852748098338e-06  3.816852748098329e-06
    31   3.105605699589988e-06
    32   2.777467914305391e-06
    33   2.575180646976608e-06
    34   2.117878236932619e-06
    35   1.989271697350395e-06
    36   1.809254494596215e-06
    37   1.549806770666232e-06
    38   1.529582082820865e-06
    39   1.391965415641181e-06
    40   1.274596183461016e-06
[TRUERES]     40  1.274596183461016e-06  1.274596183461006e-06
    41   1.288362143166422e-06
    42   1.165891237847235e-06
    43   1.113569022853114e-06
    44   1.109623907625289e-06
    45   9.901555070934569e-07
    46   9.624601502596626e-07
    47   9.118759924842569e-07
    48   8.001623283329135e-07
    49   7.709899230921567e-07
    50   6.957900808244461e-07
[TRUERES]     50  6.957900808244461e-07  6.957900808244478e-07
    51   6.161147368409988e-07
    52   5.929953324483035e-07
    53   5.254540043118878e-07
    54   4.801808664321408e-07
    55   4.589479594878308e-07
    56   4.022358559231474e-07
    57   3.779469962371937e-07
    58   3.565329302437796e-07
    59   3.159704728473396e-07
    60   3.038574064672192e-07
[TRUERES]     60  3.038574064672192e-07  3.038574064672217e-07
    61   2.806505197312212e-07
    62   2.527199084379132e-07
    63   2.456711946857881e-07
    64   2.237812088490732e-07
    65   2.063182734639184e-07
    66   2.001374365360278e-07
    67   1.808759205275566e-07
    68   1.723355620885832e-07
    69   1.674049872871647e-07
    70   1.536446682730775e-07
[TRUERES]     70  1.536446682730775e-07  1.536446682730788e-07
    71   1.511000726127205e-07
    72   1.454524152013162e-07
    73   1.356433013882721e-07
    74   1.352943402750469e-07
    75   1.287112235635889e-07
    76   1.230639541515703e-07
    77   1.240470570527615e-07
    78   1.173272510380689e-07
    79   1.146285091999038e-07
    80   1.146237828391555e-07
[TRUERES]     80  1.146237828391555e-07  1.146237828391544e-07
    81   1.083932967211420e-07
    82   1.080600081278192e-07
    83   1.064543723902009e-07
    84   1.010018096538635e-07
    85   1.016150447606829e-07
    86   9.802750418162402e-08
    87   9.339186543192580e-08
    88   9.295563344138857e-08
    89   8.728894357788503e-08
    90   8.345819008944724e-08
[TRUERES]     90  8.345819008944724e-08  8.345819008944561e-08
    91   8.137248482804368e-08
    92   7.482510331770506e-08
    93   7.152558578079865e-08
    94   6.768043751440625e-08
    95   6.122388657205568e-08
    96   5.814238046343474e-08
    97   5.341185954372801e-08
    98   4.821504667181805e-08
    99   4.554640895449910e-08
   100   4.108610443085099e-08
[TRUERES]    100  4.108610443085099e-08  4.108610443085080e-08
   101   3.754098142670810e-08
   102   3.541557685928859e-08
   103   3.187174765148870e-08
   104   2.960373619490638e-08
   105   2.752757944834773e-08
   106   2.449275321422236e-08
   107   2.277361069965672e-08
   108   2.082742132496744e-08
   109   1.878311671441744e-08
   110   1.781267387720497e-08
[TRUERES]    110  1.781267387720497e-08  1.781267387720509e-08
   111   1.641730807015080e-08
   112   1.527262850229853e-08
   113   1.473680367977213e-08
   114   1.367042729431844e-08
   115   1.304504728591689e-08
   116   1.264212583154619e-08
   117   1.181534770344609e-08
   118   1.147478394312009e-08
