Bridge++ 2.0.0

input filename : main.yaml

file = main.yaml

Lattice parameters:
  Lx = 16,  Ly = 16,  Lz = 16,  Lt = 16,
  Nx = 16,  Ny = 16,  Nz = 16,  Nt = 16,
  NPEx = 1,  NPEy  = 1,  NPEz  = 1,  NPEt  = 1,
  Lvol = 65536,  Nvol = 65536,  NPE = 1,
  Ndim = 4
  Nc   = 3
  Nd   = 4

ThreadManager: initialization
Warning at ThreadManager: Nthread(env) != Nthread(input)
  Number of threads(env)   = 2
  Number of threads(input) = 1
  reset Nthread = Nthread(input).
  Number of threads = 1
Main: input parameters
  lattice_size     = [16, 16, 16, 16]
  grid_size        = [1, 1, 1, 1]
  number of thread = 1
  number of color  = 3
  logfile          = stdout
  ildg_logfile     = stdout
  vlevel           = General

Alt_Accel code is being setup.
DeviceManager_CUDA: being initialized.
  process_id = 0
  number of devices = 1
  device_id = 0  is used on process = 0
------------------------------------------------
Alt_Accel: Factory entries
------------------------------------------------
AFopr<double, ACCEL> >(void):
AFopr<double, ACCEL>(Parameters&):
	Clover
	CloverTerm
	Clover_dd
	Domainwall
	Domainwall_5din
	Domainwall_5din_dd
	Domainwall_5din_eo
	Domainwall_eo
	Wilson
	Wilson_dd
AFopr<double, ACCEL>(Fopr*):
	Domainwall
AFopr<double, ACCEL>(Fopr*, Director*):
AFopr<float, ACCEL> >(void):
AFopr<float, ACCEL>(Parameters&):
	Clover
	CloverTerm
	Clover_dd
	Domainwall
	Domainwall_5din
	Domainwall_5din_dd
	Domainwall_5din_eo
	Domainwall_eo
	Wilson
	Wilson_dd
AFopr<float, ACCEL>(Fopr*):
	Domainwall
AFopr<float, ACCEL>(Fopr*, Director*):
AEigensolver<AField<float, ACCEL> >, Afopr>(Fopr*):
	IRArnoldi
	IRLanczos
------------------------------------------------
Timer: timestamp: 2026/06/05 23:29:36 +0900
file = test_alt_Spectrum_Domainwall_5din_Hadron2ptFunction.yaml

--------------------------------------------------------------------
test name: Spectrum_Domainwall_alt.hadron_2ptFunction
test file: test_alt_Spectrum_Domainwall_5din_Hadron2ptFunction.yaml
test mode: double_eo
file = test_alt_Spectrum_Domainwall_5din_Hadron2ptFunction.yaml
  vlevel       = General
  source_type  = Local
Smearing parameters (assumes APE-Stout):
   proj_type:  Stout_SU3
   smear_type: APE
   rho_uniform: 0.100000
   number_of_smearing: 0
  vlevel       = General

Configuration setup:
  gconf_status = Continue
  gconf_read   = Text_4x4x4x8
  readfile     = ./conf_04040408.txt
  plaq = 0.625130

Gauge fixing:
  Gauge fixing type = None
Parameters: get_string: key 'filename_output' not found.
Elapsed time: calc_plqauette: total         0.16 sec, count    1, average         0.16 sec
plaquette (before smearing):       0.625129946974939
applying smearing
Smear_APE:
  rho =   0.1000
Director_Smear:
  Nsmear = 0
Parameters: get_string: key 'filename_output' not found.
Elapsed time: calc_plqauette: total         0.16 sec, count    1, average         0.16 sec
Elapsed time: smearig: total         0.16 sec, count    1, average         0.16 sec
plaquette (after smearing):        0.625129946974939
  gmset_type   = Dirac
Gamma matrix: dirac representation.
Fopr_Domainwall: construction
  Imp::Fopr_Wilson: construction
    Gauge group implementation: SU(3)
    Imp::Fopr_Wilson: input parameters
      gamma-matrix type = Dirac
      kappa  =   0.20833333
      boundary[0] =  1
      boundary[1] =  1
      boundary[2] =  1
      boundary[3] = -1
  Imp::Fopr_Wilson: construction finished.
  Fopr_Domainwall: input parameters
    mq   =   0.0500
    M0   =   1.6000
    Ns   =    8
    boundary[0] =  1
    boundary[1] =  1
    boundary[2] =  1
    boundary[3] = -1
    coefficients:
    b[ 0] =     1.5000000000  c[ 0] =     0.5000000000
    b[ 1] =     1.5000000000  c[ 1] =     0.5000000000
    b[ 2] =     1.5000000000  c[ 2] =     0.5000000000
    b[ 3] =     1.5000000000  c[ 3] =     0.5000000000
    b[ 4] =     1.5000000000  c[ 4] =     0.5000000000
    b[ 5] =     1.5000000000  c[ 5] =     0.5000000000
    b[ 6] =     1.5000000000  c[ 6] =     0.5000000000
    b[ 7] =     1.5000000000  c[ 7] =     0.5000000000
Fopr_Domainwall: construction finished.
Fopr_Domainwall: input parameters
  mq   =   0.0500
  M0   =   1.6000
  Ns   =    8
  boundary[0] =  1
  boundary[1] =  1
  boundary[2] =  1
  boundary[3] = -1
  coefficients:
  b[ 0] =     1.5000000000  c[ 0] =     0.5000000000
  b[ 1] =     1.5000000000  c[ 1] =     0.5000000000
  b[ 2] =     1.5000000000  c[ 2] =     0.5000000000
  b[ 3] =     1.5000000000  c[ 3] =     0.5000000000
  b[ 4] =     1.5000000000  c[ 4] =     0.5000000000
  b[ 5] =     1.5000000000  c[ 5] =     0.5000000000
  b[ 6] =     1.5000000000  c[ 6] =     0.5000000000
  b[ 7] =     1.5000000000  c[ 7] =     0.5000000000
Imp::Fopr_Wilson: construction
  Gauge group implementation: SU(3)
  Imp::Fopr_Wilson: input parameters
    gamma-matrix type = Dirac
    kappa  =   0.20833333
    boundary[0] =  1
    boundary[1] =  1
    boundary[2] =  1
    boundary[3] = -1
Imp::Fopr_Wilson: construction finished.
Source for spinor field - local:
  source_position[0] = 0
  source_position[1] = 0
  source_position[2] = 0
  source_position[3] = 0

Check of fermion operator (even-odd)
norm of source vector: 1.000000
AFopr_Domainwall_5din_eo<AField<double,ACCEL> >: construction
  do_comm[0] = 0
  do_comm[1] = 0
  do_comm[2] = 0
  do_comm[3] = 0
    extended_precision = true
    su3_reconstruction = false
  AFopr_Domainwall_5din_eo<AField<double,ACCEL> >: input parameters
    gamma matrix repr.:  Dirac
    code implementation: 5d
    mq   =   0.0500
    M0   =   1.6000
    Ns   =    8
    boundary[0] =  1
    boundary[1] =  1
    boundary[2] =  1
    boundary[3] = -1
    coefficients:
      b[ 0] =     1.5000000000  c[ 0] =     0.5000000000
      b[ 1] =     1.5000000000  c[ 1] =     0.5000000000
      b[ 2] =     1.5000000000  c[ 2] =     0.5000000000
      b[ 3] =     1.5000000000  c[ 3] =     0.5000000000
      b[ 4] =     1.5000000000  c[ 4] =     0.5000000000
      b[ 5] =     1.5000000000  c[ 5] =     0.5000000000
      b[ 6] =     1.5000000000  c[ 6] =     0.5000000000
      b[ 7] =     1.5000000000  c[ 7] =     0.5000000000
    alpha =   1.0000
convert required.
convert performed.

[D check]
norm2(abq) = 1.000000
norm2(y5)  = 114.967735
norm2(z5)  = 114.967735
norm2(axq) = 114.967735
diff2 = 0.000000

[Ddag check]
norm2(abq) = 1.000000
norm2(y5)  = 120.286907
norm2(z5)  = 120.286907
norm2(axq) = 120.286907
diff2 = 0.000000
Elapsed time: afopr_Domainwall_5din_eo: Deo & dagger   : total         0.01 sec, count    4, average         0.00 sec
Elapsed time: afopr_Domainwall_5din_eo: Dee_inv & dag  : total         0.01 sec, count   20, average         0.00 sec
Elapsed time: afopr_Domainwall_5din_eo: clear          : total         0.00 sec, count    0, average         0.00 sec
Elapsed time: afopr_Domainwall_5din_eo: pack           : total         0.00 sec, count    0, average         0.00 sec
Elapsed time: afopr_Domainwall_5din_eo: bulk           : total         0.01 sec, count    4, average         0.00 sec
Elapsed time: afopr_Domainwall_5din_eo: boundary       : total         0.00 sec, count    0, average         0.00 sec
Elapsed time: afopr_Domainwall_5din_eo: comm           : total         0.00 sec, count    0, average         0.00 sec
Elapsed time: afopr_Domainwall_5din_eo: comm_recv_wait : total         0.00 sec, count    0, average         0.00 sec
Elapsed time: afopr_Domainwall_5din_eo: comm_send_wait : total         0.00 sec, count    0, average         0.00 sec
Elapsed time: afopr_Domainwall_5din_eo: comm_recv_start: total         0.00 sec, count    0, average         0.00 sec
Elapsed time: afopr_Domainwall_5din_eo: comm_send_start: total         0.00 sec, count    0, average         0.00 sec
Elapsed time: afopr_Domainwall_5din_eo: comm_test_all  : total         0.00 sec, count    0, average         0.00 sec

Fprop_alt_Standard_eo<Afield<double,ACCEL> >: being setup (without link smearing).
  AFopr_Domainwall_5din_eo<AField<double,ACCEL> >: construction
    do_comm[0] = 0
    do_comm[1] = 0
    do_comm[2] = 0
    do_comm[3] = 0
      extended_precision = true
      su3_reconstruction = false
    AFopr_Domainwall_5din_eo<AField<double,ACCEL> >: input parameters
      gamma matrix repr.:  Dirac
      code implementation: 5d
      mq   =   0.0500
      M0   =   1.6000
      Ns   =    8
      boundary[0] =  1
      boundary[1] =  1
      boundary[2] =  1
      boundary[3] = -1
      coefficients:
        b[ 0] =     1.5000000000  c[ 0] =     0.5000000000
        b[ 1] =     1.5000000000  c[ 1] =     0.5000000000
        b[ 2] =     1.5000000000  c[ 2] =     0.5000000000
        b[ 3] =     1.5000000000  c[ 3] =     0.5000000000
        b[ 4] =     1.5000000000  c[ 4] =     0.5000000000
        b[ 5] =     1.5000000000  c[ 5] =     0.5000000000
        b[ 6] =     1.5000000000  c[ 6] =     0.5000000000
        b[ 7] =     1.5000000000  c[ 7] =     0.5000000000
      alpha =   1.0000
  ASolver_CGNR<Afield<double,ACCEL> >:
  ASolver_CG<Afield<double,ACCEL> >:
    Precision: double
    Niter     = 2400
    Stop_cond =   1.00000000e-90
    init_guess_mode: 0
    true_residual_interval = 10 (logging [TRUERES])
    refinement_iterations = 0
Fprop_alt_Standard_eo<Afield<double,ACCEL> >: setup finished.

Fprop_alt_Standard_eo<Afield<double,ACCEL> >: mult performance:
  mult mode = Dee_inv
  Number of mult =                400
  Elapsed time   =       1.374691 sec
  Flop(Fopr)     =           62914560
  Flop(total)    =        25165824000
  Performance    =      18.307 GFlops

Fprop_alt_Standard_eo<Afield<double,ACCEL> >: mult performance:
  mult mode = Doe
  Number of mult =                400
  Elapsed time   =      10.407061 sec
  Flop(Fopr)     =          390070272
  Flop(total)    =       156028108800
  Performance    =      14.993 GFlops

Fprop_alt_Standard_eo<Afield<double,ACCEL> >: mult performance:
  mult mode = D
  Number of mult =                400
  Elapsed time   =      23.851783 sec
  Flop(Fopr)     =          912261120
  Flop(total)    =       364904448000
  Performance    =      15.299 GFlops

Fprop_alt_Standard_eo<Afield<double,ACCEL> >: mult performance:
  mult mode = Ddag
  Number of mult =                400
  Elapsed time   =      23.526022 sec
  Flop(Fopr)     =          912261120
  Flop(total)    =       364904448000
  Performance    =      15.511 GFlops

Fprop_alt_Standard_eo<Afield<double,ACCEL> >: mult performance:
  mult mode = DdagD
  Number of mult =                400
  Elapsed time   =      45.988595 sec
  Flop(Fopr)     =         1824522240
  Flop(total)    =       729808896000
  Performance    =      15.869 GFlops

Solving quark propagator:
  color spin   Nconv      diff           diff2
ASolver_CGNR<Afield<double,ACCEL> >: solver starts
  mode_prev = D
  b2 size is reset.
  snorm =  2.593544072572786e+01
  init:  8.330510306015447e-01
     0   4.465764283060861e-02
[TRUERES]      0  4.465764283060861e-02  4.465764283060861e-02
     1   1.504939112349334e-02
     2   1.241287587215125e-02
     3   3.970550654482199e-03
     4   2.214932602144877e-03
     5   1.787889314115949e-03
     6   8.042348998014820e-04
     7   5.817194269938660e-04
     8   4.452349083921736e-04
     9   2.478116233675306e-04
    10   2.128302184794908e-04
[TRUERES]     10  2.128302184794908e-04  2.128302184794908e-04
    11   1.593963290906042e-04
    12   1.053159732153142e-04
    13   9.784338072874339e-05
    14   7.082792894954416e-05
    15   5.283554234666669e-05
    16   4.984621329069797e-05
    17   3.621274752068189e-05
    18   3.058920849871011e-05
    19   2.814821785696076e-05
    20   2.089283513444582e-05
[TRUERES]     20  2.089283513444582e-05  2.089283513444582e-05
    21   1.896660603556409e-05
    22   1.679877011966290e-05
    23   1.330203004782719e-05
    24   1.297551454333526e-05
    25   1.121728881528383e-05
    26   9.379718759003610e-06
    27   9.085485358787351e-06
    28   7.445623219408079e-06
    29   6.485461129464095e-06
    30   6.097893516473787e-06
[TRUERES]     30  6.097893516473787e-06  6.097893516473787e-06
    31   4.948558899286929e-06
    32   4.541775502063967e-06
    33   4.183470628975446e-06
    34   3.493137373412650e-06
    35   3.365813626934043e-06
    36   3.047092240892121e-06
    37   2.681379295364998e-06
    38   2.695293401735514e-06
    39   2.465722738372869e-06
    40   2.331436486794838e-06
[TRUERES]     40  2.331436486794838e-06  2.331436486794838e-06
    41   2.378205990914815e-06
    42   2.156373884161885e-06
    43   2.084342598414018e-06
    44   2.040461044485658e-06
    45   1.807558758326408e-06
    46   1.769028971539319e-06
    47   1.656097941966426e-06
    48   1.471872639645254e-06
    49   1.437425964702447e-06
    50   1.301213513622785e-06
[TRUERES]     50  1.301213513622785e-06  1.301213513622785e-06
    51   1.185011110977101e-06
    52   1.160993261656514e-06
    53   1.037731521328337e-06
    54   9.699377946633552e-07
    55   9.307815231879364e-07
    56   8.244495050070918e-07
    57   7.910713077561249e-07
    58   7.451201990261506e-07
    59   6.644829142654381e-07
    60   6.419954563947360e-07
[TRUERES]     60  6.419954563947360e-07  6.419954563947360e-07
    61   5.864155655122466e-07
    62   5.304114529798598e-07
    63   5.141871504175031e-07
    64   4.619963297291371e-07
    65   4.261720515955049e-07
    66   4.064755888279976e-07
    67   3.607822520931779e-07
    68   3.414653005530621e-07
    69   3.235761765326282e-07
    70   2.924159076904756e-07
[TRUERES]     70  2.924159076904756e-07  2.924159076904756e-07
    71   2.849618156236006e-07
    72   2.683289537213251e-07
    73   2.481968774006266e-07
    74   2.449424888676234e-07
    75   2.283336578371635e-07
    76   2.167766391511537e-07
    77   2.144366129156091e-07
    78   1.997818693998298e-07
    79   1.948079258232267e-07
    80   1.916880721176152e-07
[TRUERES]     80  1.916880721176152e-07  1.916880721176152e-07
    81   1.789642727437316e-07
    82   1.766751720191513e-07
    83   1.694802239229544e-07
    84   1.573974808986777e-07
    85   1.537936569380706e-07
    86   1.424387154502414e-07
    87   1.323183565152993e-07
    88   1.280646636407960e-07
    89   1.168426864421638e-07
    90   1.093242012717955e-07
[TRUERES]     90  1.093242012717955e-07  1.093242012717955e-07
    91   1.033033092185774e-07
    92   9.218307815450678e-08
    93   8.607797570132475e-08
    94   7.933867309993831e-08
    95   7.109996383207521e-08
    96   6.725322252519747e-08
    97   6.133472486197670e-08
    98   5.560654820885787e-08
    99   5.269919578104410e-08
   100   4.763304463147417e-08
[TRUERES]    100  4.763304463147417e-08  4.763304463147417e-08
   101   4.392234097929977e-08
   102   4.136971088812872e-08
   103   3.712134746930447e-08
   104   3.458545845545548e-08
   105   3.202728553584442e-08
   106   2.868079051252781e-08
   107   2.692049953479059e-08
   108   2.462358251053390e-08
   109   2.238400095903329e-08
   110   2.135013616780988e-08
[TRUERES]    110  2.135013616780988e-08  2.135013616780988e-08
   111   1.976685686501699e-08
   112   1.872158560864329e-08
   113   1.832891398414528e-08
   114   1.720659439291506e-08
   115   1.667653051863774e-08
   116   1.614149264263866e-08
   117   1.504964153896934e-08
   118   1.455034569338996e-08
   119   1.372388429179803e-08
   120   1.267702034458468e-08
[TRUERES]    120  1.267702034458468e-08  1.267702034458468e-08
   121   1.212383759734038e-08
   122   1.115592187960602e-08
   123   1.030403063436275e-08
   124   9.776889989916918e-09
   125   8.882547856705020e-09
   126   8.223729274263989e-09
   127   7.616743101346167e-09
   128   6.777269814200035e-09
   129   6.241327862810737e-09
   130   5.675799641625282e-09
[TRUERES]    130  5.675799641625282e-09  5.675799641625282e-09
   131   5.077846308456041e-09
   132   4.753332059991360e-09
   133   4.362114879106007e-09
   134   4.019854251969691e-09
   135   3.823260437103520e-09
   136   3.500391289696871e-09
   137   3.249967180341975e-09
   138   3.039553138706554e-09
   139   2.733654537504063e-09
   140   2.532278373014402e-09
[TRUERES]    140  2.532278373014402e-09  2.532278373014402e-09
   141   2.332953868565449e-09
   142   2.109802193092502e-09
   143   1.980963201343648e-09
   144   1.827975372019820e-09
   145   1.675297943371161e-09
   146   1.588207611984315e-09
   147   1.459386908154653e-09
   148   1.357053169801301e-09
   149   1.280463440351181e-09
   150   1.166344852895075e-09
[TRUERES]    150  1.166344852895075e-09  1.166344852895075e-09
   151   1.088837658922054e-09
   152   1.017089179826594e-09
   153   9.310022024123352e-10
   154   8.817723382242089e-10
   155   8.201058382526690e-10
   156   7.518038415157194e-10
   157   7.083258560618494e-10
   158   6.499191352567568e-10
   159   6.019036625717146e-10
   160   5.677581900707996e-10
[TRUERES]    160  5.677581900707996e-10  5.677581900707996e-10
   161   5.180927094631734e-10
   162   4.814271079644429e-10
   163   4.469952132497720e-10
   164   4.034715377600003e-10
   165   3.734376644549664e-10
   166   3.401205876094970e-10
   167   3.054292116076351e-10
   168   2.823270284445105e-10
   169   2.553987721681209e-10
   170   2.327223507703313e-10
[TRUERES]    170  2.327223507703313e-10  2.327223507703313e-10
   171   2.171897402912629e-10
   172   1.979270728671165e-10
   173   1.849832875176088e-10
   174   1.755889030599831e-10
   175   1.632057445444684e-10
   176   1.566448829680563e-10
   177   1.492429489145230e-10
   178   1.401407815966764e-10
   179   1.351263414867154e-10
   180   1.265784081782721e-10
[TRUERES]    180  1.265784081782721e-10  1.265784081782721e-10
   181   1.173704845733709e-10
   182   1.105381273268465e-10
   183   1.006611104364135e-10
   184   9.234833000430973e-11
   185   8.519519633466560e-11
   186   7.638471821159528e-11
   187   7.014288814568586e-11
   188   6.365823725705407e-11
   189   5.645062552398133e-11
   190   5.116183586190197e-11
[TRUERES]    190  5.116183586190197e-11  5.116183586190197e-11
   191   4.564006147345266e-11
   192   4.085004169754099e-11
   193   3.756764273577528e-11
   194   3.397893313500261e-11
   195   3.126243893947066e-11
   196   2.922673872620454e-11
   197   2.673899718145695e-11
   198   2.507490496353274e-11
   199   2.354500028964689e-11
   200   2.168042481716954e-11
[TRUERES]    200  2.168042481716954e-11  2.168042481716954e-11
   201   2.046180077505985e-11
   202   1.901396697876057e-11
   203   1.750002150682927e-11
   204   1.645340364565724e-11
   205   1.507173385411173e-11
   206   1.385474737478948e-11
   207   1.292894905737905e-11
   208   1.180090322140027e-11
   209   1.098770953887239e-11
   210   1.028194020558813e-11
[TRUERES]    210  1.028194020558813e-11  1.028194020558813e-11
   211   9.429659987634467e-12
   212   8.859091780697966e-12
   213   8.257265796621047e-12
   214   7.628162663896526e-12
   215   7.226792489115612e-12
   216   6.753666724833286e-12
   217   6.358839344754418e-12
   218   6.102972733667029e-12
   219   5.723414627178611e-12
   220   5.436658020360588e-12
[TRUERES]    220  5.436658020360588e-12  5.436658020360588e-12
   221   5.193470225327290e-12
   222   4.865092709770233e-12
   223   4.650236291661569e-12
   224   4.411570874948200e-12
   225   4.113817309501898e-12
   226   3.915421995321484e-12
   227   3.656287957606413e-12
   228   3.401029743204820e-12
   229   3.216226842291999e-12
   230   2.976345364571167e-12
[TRUERES]    230  2.976345364571167e-12  2.976345364571167e-12
   231   2.795358563069578e-12
   232   2.663985127529540e-12
   233   2.500258136341892e-12
   234   2.398601637983464e-12
   235   2.294411620365518e-12
   236   2.158392296472463e-12
   237   2.066106341808442e-12
   238   1.938111176425632e-12
   239   1.795341875176313e-12
   240   1.674426757480202e-12
[TRUERES]    240  1.674426757480202e-12  1.674426757480202e-12
   241   1.510296821755413e-12
   242   1.358196850835372e-12
   243   1.225124704130519e-12
   244   1.079787936260495e-12
   245   9.704283974271123e-13
   246   8.742191398900961e-13
   247   7.789275220967140e-13
   248   7.081849212641365e-13
   249   6.358653666186898e-13
   250   5.690835452092670e-13
[TRUERES]    250  5.690835452092670e-13  5.690835452092670e-13
   251   5.224062218834421e-13
   252   4.743505951771425e-13
   253   4.342135889532335e-13
   254   4.027731146129936e-13
   255   3.668159631799505e-13
   256   3.389491314118268e-13
   257   3.146500653993568e-13
   258   2.881704832348106e-13
   259   2.710297811206282e-13
   260   2.542682757780136e-13
[TRUERES]    260  2.542682757780136e-13  2.542682757780136e-13
   261   2.361026321621029e-13
   262   2.219364725062241e-13
   263   2.041753308863843e-13
   264   1.874207153230075e-13
   265   1.743957964156596e-13
   266   1.593445165340616e-13
   267   1.476814426844412e-13
   268   1.375237886173761e-13
   269   1.260196560711571e-13
   270   1.180894681847549e-13
[TRUERES]    270  1.180894681847549e-13  1.180894681847549e-13
   271   1.101352063869860e-13
   272   1.019243192435662e-13
   273   9.635773765600804e-14
   274   9.004091549558186e-14
   275   8.453641068272891e-14
   276   8.054969011961753e-14
   277   7.502388930861345e-14
   278   7.021245434375447e-14
   279   6.550303867971082e-14
   280   5.956094560590497e-14
[TRUERES]    280  5.956094560590497e-14  5.956094560590497e-14
   281   5.469502554203104e-14
   282   4.990952482630222e-14
   283   4.508825404464351e-14
   284   4.158969406038121e-14
   285   3.798386564505403e-14
   286   3.473592674533588e-14
   287   3.231651553660380e-14
   288   2.960627988741924e-14
   289   2.742904888699146e-14
   290   2.569685712634984e-14
[TRUERES]    290  2.569685712634984e-14  2.569685712634984e-14
   291   2.375766829104139e-14
   292   2.231426030982934e-14
   293   2.098347857318512e-14
   294   1.959537604779983e-14
   295   1.864240069559845e-14
   296   1.750028599090246e-14
   297   1.636525620030630e-14
   298   1.553151014009008e-14
   299   1.451820743085399e-14
   300   1.364660579591348e-14
[TRUERES]    300  1.364660579591348e-14  1.364660579591348e-14
   301   1.291451644489027e-14
   302   1.201373129695566e-14
   303   1.133635106674152e-14
   304   1.073547568819325e-14
   305   1.003597507400258e-14
   306   9.522940626943758e-15
   307   8.925413465146354e-15
   308   8.249697727276737e-15
   309   7.680707197744412e-15
   310   6.986138342831121e-15
[TRUERES]    310  6.986138342831121e-15  6.986138342831121e-15
   311   6.334669675928142e-15
   312   5.776628096069403e-15
   313   5.173178189631472e-15
   314   4.673574885556401e-15
   315   4.211481759556102e-15
   316   3.723256014773387e-15
   317   3.325199887330922e-15
   318   2.954354752401176e-15
   319   2.617933287970676e-15
   320   2.368934012111649e-15
[TRUERES]    320  2.368934012111649e-15  2.368934012111649e-15
   321   2.122047977031281e-15
   322   1.912005022982320e-15
   323   1.748398825758811e-15
   324   1.576334415143044e-15
   325   1.437649611035343e-15
   326   1.318662342763145e-15
   327   1.198004421078310e-15
   328   1.100659155033817e-15
   329   1.005735072711269e-15
   330   9.103343736747249e-16
[TRUERES]    330  9.103343736747249e-16  9.103343736747249e-16
   331   8.359317817591795e-16
   332   7.591289003406746e-16
   333   6.871678051017349e-16
   334   6.293756778299639e-16
   335   5.664847456169835e-16
   336   5.139090210237905e-16
   337   4.681752500459246e-16
   338   4.205879063136126e-16
   339   3.826470798006175e-16
   340   3.476292893125051e-16
[TRUERES]    340  3.476292893125051e-16  3.476292893125051e-16
   341   3.126115641587310e-16
   342   2.850765080785774e-16
   343   2.579782558532900e-16
   344   2.327662999103829e-16
   345   2.127585920756148e-16
   346   1.910456514938473e-16
   347   1.718024949295550e-16
   348   1.552393220967951e-16
   349   1.379520524556673e-16
   350   1.235552263587258e-16
[TRUERES]    350  1.235552263587258e-16  1.235552263587258e-16
   351   1.098659950521541e-16
   352   9.633954273506889e-17
   353   8.557828594803613e-17
   354   7.555570899696980e-17
   355   6.686477184552066e-17
   356   6.040791988824165e-17
   357   5.417107258127552e-17
   358   4.907564618453986e-17
   359   4.507127524461102e-17
   360   4.092402748554365e-17
[TRUERES]    360  4.092402748554365e-17  4.092402748554365e-17
   361   3.750755921040542e-17
   362   3.446886015627257e-17
   363   3.133800853704597e-17
   364   2.895929951546210e-17
   365   2.668784781797016e-17
   366   2.458461454849703e-17
   367   2.301808986076041e-17
   368   2.145200204019911e-17
   369   2.007688418612556e-17
   370   1.902001089192380e-17
[TRUERES]    370  1.902001089192380e-17  1.902001089192380e-17
   371   1.772987504194402e-17
   372   1.666483940637212e-17
   373   1.579748460186704e-17
   374   1.488727396962175e-17
   375   1.430716689057282e-17
   376   1.377835567538288e-17
   377   1.324046740660249e-17
   378   1.291974413650275e-17
   379   1.248814043475651e-17
   380   1.212397561113717e-17
[TRUERES]    380  1.212397561113717e-17  1.212397561113717e-17
   381   1.190311248356715e-17
   382   1.147338848772435e-17
   383   1.107796268917057e-17
   384   1.063790552095004e-17
   385   9.988008438264785e-18
   386   9.406247093800794e-18
   387   8.783849749187989e-18
   388   8.114572743134433e-18
   389   7.582260603642276e-18
   390   7.015974937242522e-18
[TRUERES]    390  7.015974937242522e-18  7.015974937242522e-18
   391   6.493778361143575e-18
   392   6.072184746353109e-18
   393   5.586715077049247e-18
   394   5.163629653962947e-18
   395   4.789775572688252e-18
   396   4.395124679757705e-18
   397   4.098759045549421e-18
   398   3.833562966342346e-18
   399   3.552593680957223e-18
   400   3.335692385755058e-18
[TRUERES]    400  3.335692385755058e-18  3.335692385755058e-18
   401   3.106504849002690e-18
   402   2.885988043202013e-18
   403   2.715057725848343e-18
   404   2.526928438560649e-18
   405   2.356426407072641e-18
   406   2.210854293392440e-18
   407   2.053722907790743e-18
   408   1.929271731716839e-18
   409   1.815670548517353e-18
   410   1.698800625054665e-18
[TRUERES]    410  1.698800625054665e-18  1.698800625054665e-18
   411   1.618662364626419e-18
   412   1.532172871431263e-18
   413   1.448199232093393e-18
   414   1.388578903597654e-18
   415   1.317970715127866e-18
   416   1.253375363742124e-18
   417   1.195201981749840e-18
   418   1.120731595096860e-18
   419   1.053461234357035e-18
   420   9.850639889950844e-19
[TRUERES]    420  9.850639889950844e-19  9.850639889950844e-19
   421   9.100832516468049e-19
   422   8.504365468990868e-19
   423   7.908347092744891e-19
   424   7.324434414500274e-19
   425   6.863423081987278e-19
   426   6.363930141256103e-19
   427   5.905749720641437e-19
   428   5.522883782827394e-19
   429   5.111902737627420e-19
   430   4.755279998077254e-19
[TRUERES]    430  4.755279998077254e-19  4.755279998077254e-19
   431   4.423863754536353e-19
   432   4.056435408120337e-19
   433   3.747852234343060e-19
   434   3.448144175768553e-19
   435   3.155529928657685e-19
   436   2.938055477803227e-19
   437   2.725400828915448e-19
   438   2.542913158462151e-19
   439   2.398718803521278e-19
   440   2.242736472790993e-19
[TRUERES]    440  2.242736472790993e-19  2.242736472790993e-19
   441   2.113421169019419e-19
   442   2.003332266831999e-19
   443   1.883903729686597e-19
   444   1.792153797655543e-19
   445   1.704436301264285e-19
   446   1.612885240353957e-19
   447   1.549337023736872e-19
   448   1.480026867027864e-19
   449   1.411489153327690e-19
   450   1.353721246004984e-19
[TRUERES]    450  1.353721246004984e-19  1.353721246004984e-19
   451   1.276562555157295e-19
   452   1.202062155613113e-19
   453   1.129644050112457e-19
   454   1.046334191701037e-19
   455   9.737832259011997e-20
   456   8.979106462435520e-20
   457   8.142504288548133e-20
   458   7.408226588978499e-20
   459   6.657476174373647e-20
   460   5.923363163783013e-20
[TRUERES]    460  5.923363163783013e-20  5.923363163783013e-20
   461   5.284685271707562e-20
   462   4.628457201912087e-20
   463   4.047089051236112e-20
   464   3.542942282975655e-20
   465   3.058444799218258e-20
   466   2.659115413161560e-20
   467   2.310567204333790e-20
   468   1.992775936423086e-20
   469   1.741464385405393e-20
   470   1.518644521846810e-20
[TRUERES]    470  1.518644521846810e-20  1.518644521846810e-20
   471   1.323714348633502e-20
   472   1.171440040356693e-20
   473   1.032416283347601e-20
   474   9.187507035380789e-21
   475   8.302846802056305e-21
   476   7.480987666626107e-21
   477   6.836284207655414e-21
   478   6.285322170997531e-21
   479   5.751864352115290e-21
   480   5.349765308923477e-21
[TRUERES]    480  5.349765308923477e-21  5.349765308923477e-21
   481   4.984354522375143e-21
   482   4.645613419014849e-21
   483   4.400660761105197e-21
   484   4.147250380897705e-21
   485   3.906731942992717e-21
   486   3.692164646234798e-21
   487   3.425322384239634e-21
   488   3.182678520567997e-21
   489   2.954249448106601e-21
   490   2.707283984107068e-21
[TRUERES]    490  2.707283984107068e-21  2.707283984107068e-21
   491   2.495291036966896e-21
   492   2.288415314287596e-21
   493   2.088284073537426e-21
   494   1.921048547096710e-21
   495   1.748506104888887e-21
   496   1.579854277043179e-21
   497   1.430882123793560e-21
   498   1.280530926632915e-21
   499   1.149215487062582e-21
   500   1.036138622846410e-21
[TRUERES]    500  1.036138622846410e-21  1.036138622846410e-21
   501   9.252044845505137e-22
   502   8.340044591130885e-22
   503   7.503971661159716e-22
   504   6.717917746446168e-22
   505   6.087729102525015e-22
   506   5.504833607229022e-22
   507   4.999230791693914e-22
   508   4.614700916026995e-22
   509   4.249799717671671e-22
   510   3.954148633566358e-22
[TRUERES]    510  3.954148633566358e-22  3.954148633566358e-22
   511   3.704743506501437e-22
   512   3.435726629321911e-22
   513   3.209830375815484e-22
   514   3.006341869669412e-22
   515   2.796433142583651e-22
   516   2.629009205014389e-22
   517   2.462671517954660e-22
   518   2.304755570979274e-22
   519   2.180017264147807e-22
   520   2.049248354035641e-22
[TRUERES]    520  2.049248354035641e-22  2.049248354035641e-22
   521   1.938067170600970e-22
   522   1.854551241671062e-22
   523   1.766396685825713e-22
   524   1.706644088502762e-22
   525   1.650473090347022e-22
   526   1.577745869803768e-22
   527   1.508527553555964e-22
   528   1.419205788676145e-22
   529   1.314098387824845e-22
   530   1.218813694361084e-22
[TRUERES]    530  1.218813694361084e-22  1.218813694361084e-22
   531   1.115699217221840e-22
   532   1.017617395252034e-22
   533   9.308606921436656e-23
   534   8.434676362395091e-23
   535   7.718333708113605e-23
   536   7.098776243987603e-23
   537   6.465097762686568e-23
   538   5.906824734963471e-23
   539   5.348732509420148e-23
   540   4.783815604650498e-23
[TRUERES]    540  4.783815604650498e-23  4.783815604650498e-23
   541   4.291475841061374e-23
   542   3.811810704857030e-23
   543   3.381923709147689e-23
   544   3.026895125210628e-23
   545   2.690243403010017e-23
   546   2.398861755692332e-23
   547   2.134221457218478e-23
   548   1.875983800983018e-23
   549   1.663130906351817e-23
   550   1.470634149320628e-23
[TRUERES]    550  1.470634149320628e-23  1.470634149320628e-23
   551   1.292511906042586e-23
   552   1.148524985265327e-23
   553   1.017284602471339e-23
   554   9.059258717519449e-24
   555   8.179804194298863e-24
   556   7.358854743871558e-24
   557   6.668640915260389e-24
   558   6.087702119748734e-24
   559   5.504613309059208e-24
   560   5.001347455053554e-24
[TRUERES]    560  5.001347455053554e-24  5.001347455053554e-24
   561   4.532683451662433e-24
   562   4.074194766420047e-24
   563   3.701490651140913e-24
   564   3.353330809266245e-24
   565   3.046830122422798e-24
   566   2.798135963571002e-24
   567   2.546675969641780e-24
   568   2.321187474852566e-24
   569   2.129118861932316e-24
   570   1.944814454431838e-24
[TRUERES]    570  1.944814454431838e-24  1.944814454431838e-24
   571   1.791448488210662e-24
   572   1.647057491935677e-24
   573   1.497768018065715e-24
   574   1.368197083293522e-24
   575   1.243006901153784e-24
   576   1.125671202755979e-24
   577   1.026114030220087e-24
   578   9.296071551202963e-25
   579   8.446319080508516e-25
   580   7.720884931972617e-25
[TRUERES]    580  7.720884931972617e-25  7.720884931972617e-25
   581   7.004973076873797e-25
   582   6.408567016339935e-25
   583   5.869963027900465e-25
   584   5.343716246039644e-25
   585   4.895209212247503e-25
   586   4.450311694245317e-25
   587   4.005344949992657e-25
   588   3.612701338643727e-25
   589   3.222711364761204e-25
   590   2.873537280269977e-25
[TRUERES]    590  2.873537280269977e-25  2.873537280269977e-25
   591   2.587981227986971e-25
   592   2.326569269411449e-25
   593   2.113067751794286e-25
   594   1.928537818383642e-25
   595   1.747458441485244e-25
   596   1.592603195663028e-25
   597   1.444286057801405e-25
   598   1.300805353542337e-25
   599   1.181016963788679e-25
   600   1.068854213755660e-25
[TRUERES]    600  1.068854213755660e-25  1.068854213755660e-25
   601   9.738501621975401e-26
   602   9.016570352064268e-26
   603   8.367703646822868e-26
   604   7.900559293995856e-26
   605   7.544407243761190e-26
   606   7.180095729888058e-26
   607   6.918315951105564e-26
   608   6.687785554396667e-26
   609   6.450745602078963e-26
   610   6.289895577528527e-26
[TRUERES]    610  6.289895577528527e-26  6.289895577528527e-26
   611   6.103823254560972e-26
   612   5.925085500802664e-26
   613   5.791868855827869e-26
   614   5.610312481965271e-26
   615   5.430985980586186e-26
   616   5.243431912789605e-26
   617   5.000365721870662e-26
   618   4.770029966642833e-26
   619   4.520448513090411e-26
   620   4.248923973843803e-26
[TRUERES]    620  4.248923973843803e-26  4.248923973843803e-26
   621   4.019286148115445e-26
   622   3.774391301932820e-26
   623   3.530482770168814e-26
   624   3.315230440412323e-26
   625   3.079429228583144e-26
   626   2.846951583391564e-26
   627   2.623761825673376e-26
   628   2.389360932943069e-26
   629   2.181303003736039e-26
   630   1.988604739270718e-26
[TRUERES]    630  1.988604739270718e-26  1.988604739270718e-26
   631   1.807949679861351e-26
   632   1.666165335479001e-26
   633   1.536449533588330e-26
   634   1.420643446961501e-26
   635   1.329924164254688e-26
   636   1.244495257033733e-26
   637   1.167065460728989e-26
   638   1.096926161040887e-26
   639   1.019563786915199e-26
   640   9.528419910196672e-27
[TRUERES]    640  9.528419910196672e-27  9.528419910196672e-27
   641   8.930567504244190e-27
   642   8.361036333582479e-27
   643   7.902926599844989e-27
   644   7.443459995593579e-27
   645   6.987501554275384e-27
   646   6.592486244095361e-27
   647   6.170946010275985e-27
   648   5.769578674855712e-27
   649   5.427245648210740e-27
   650   5.092737239336726e-27
[TRUERES]    650  5.092737239336726e-27  5.092737239336726e-27
   651   4.817083307390683e-27
   652   4.556861668032933e-27
   653   4.278982051586845e-27
   654   4.034099942573627e-27
   655   3.767544135341940e-27
   656   3.482048726860583e-27
   657   3.210719791490553e-27
   658   2.921396752779349e-27
   659   2.650456472489518e-27
   660   2.411327932820277e-27
[TRUERES]    660  2.411327932820277e-27  2.411327932820277e-27
   661   2.159991249168216e-27
   662   1.932111748921993e-27
   663   1.721763659819976e-27
   664   1.517783771346770e-27
   665   1.346830576376787e-27
   666   1.192844226345865e-27
   667   1.050411327531436e-27
   668   9.311636018571447e-28
   669   8.167849154354496e-28
   670   7.171978963303192e-28
[TRUERES]    670  7.171978963303192e-28  7.171978963303192e-28
   671   6.329030339810780e-28
   672   5.539603141007575e-28
   673   4.876655431412214e-28
   674   4.319676948416123e-28
   675   3.794616476713713e-28
   676   3.358779312216595e-28
   677   2.972470599026367e-28
   678   2.631914422895218e-28
   679   2.357657407814766e-28
   680   2.110760111799462e-28
[TRUERES]    680  2.110760111799462e-28  2.110760111799462e-28
   681   1.891369397033504e-28
   682   1.714980522715346e-28
   683   1.549591901289981e-28
   684   1.406299148846680e-28
   685   1.279054294763511e-28
   686   1.152028281593477e-28
   687   1.045823714385546e-28
   688   9.508968266590567e-29
   689   8.652951628074863e-29
   690   8.005547067470345e-29
[TRUERES]    690  8.005547067470345e-29  8.005547067470345e-29
   691   7.422168002883540e-29
   692   6.874977384522755e-29
   693   6.415510458623199e-29
   694   5.918076575197667e-29
   695   5.440784012829298e-29
   696   5.004453674527527e-29
   697   4.566105640228113e-29
   698   4.176401841526988e-29
   699   3.819363503023757e-29
   700   3.465188234687382e-29
[TRUERES]    700  3.465188234687382e-29  3.465188234687382e-29
   701   3.157517123823640e-29
   702   2.858448739333614e-29
   703   2.566459426764399e-29
   704   2.310690684345732e-29
   705   2.063292496367547e-29
   706   1.840911893231344e-29
   707   1.649266012827274e-29
   708   1.468345249124571e-29
   709   1.316210600484904e-29
   710   1.187884294944852e-29
[TRUERES]    710  1.187884294944852e-29  1.187884294944852e-29
   711   1.073931863456436e-29
   712   9.842845506456038e-30
   713   9.091351633926140e-30
   714   8.465761850840119e-30
   715   8.019136710513359e-30
   716   7.606506162283555e-30
   717   7.246363102146246e-30
   718   6.953764153080836e-30
   719   6.596330072160506e-30
   720   6.245928086354053e-30
[TRUERES]    720  6.245928086354053e-30  6.245928086354053e-30
   721   5.902508263452661e-30
   722   5.522544352054749e-30
   723   5.178750970814742e-30
   724   4.824249353641158e-30
   725   4.447567385508238e-30
   726   4.105671866177302e-30
   727   3.756790960030140e-30
   728   3.416537302659203e-30
   729   3.117844817910512e-30
   730   2.825056800980286e-30
[TRUERES]    730  2.825056800980286e-30  2.825056800980286e-30
   731   2.564077035530348e-30
   732   2.332967446461559e-30
   733   2.108417601360051e-30
   734   1.914649326221978e-30
   735   1.735957362251682e-30
   736   1.561344733127772e-30
   737   1.407852715906793e-30
   738   1.258782688134794e-30
   739   1.116825088669475e-30
   740   9.917671976165059e-31
[TRUERES]    740  9.917671976165059e-31  9.917671976165059e-31
   741   8.707245164148138e-31
   742   7.639980200580752e-31
   743   6.724166464941508e-31
   744   5.890749592231799e-31
   745   5.216569885471755e-31
   746   4.639916322391649e-31
   747   4.124637526678177e-31
   748   3.701839853082516e-31
   749   3.323346355787526e-31
   750   2.971607728552728e-31
[TRUERES]    750  2.971607728552728e-31  2.971607728552728e-31
   751   2.679001673926238e-31
   752   2.412270324858470e-31
   753   2.185237758573897e-31
   754   1.994334679476931e-31
   755   1.805047487200855e-31
   756   1.636734844651181e-31
   757   1.480128503899108e-31
   758   1.320443241485780e-31
   759   1.177586872927649e-31
   760   1.044849003690031e-31
[TRUERES]    760  1.044849003690031e-31  1.044849003690031e-31
   761   9.230994049256977e-32
   762   8.229094839778928e-32
   763   7.318850704437412e-32
   764   6.507691894704443e-32
   765   5.809614879178599e-32
   766   5.145961660413355e-32
   767   4.548029331401623e-32
   768   3.993513726384687e-32
   769   3.457312191597888e-32
   770   2.993229095460700e-32
[TRUERES]    770  2.993229095460700e-32  2.993229095460700e-32
   771   2.577942002884668e-32
   772   2.205383021432948e-32
   773   1.901330441288641e-32
   774   1.642296881812891e-32
   775   1.424983196208327e-32
   776   1.255550944663973e-32
   777   1.106418206234619e-32
   778   9.828980107102280e-33
   779   8.804742906290398e-33
   780   7.840794920978503e-33
[TRUERES]    780  7.840794920978503e-33  7.840794920978503e-33
   781   7.019191904005233e-33
   782   6.278301125512795e-33
   783   5.577261190830156e-33
   784   4.979240339004957e-33
   785   4.441108382666612e-33
   786   3.970584241515116e-33
   787   3.588055848920511e-33
   788   3.233374689291907e-33
   789   2.928659542256209e-33
   790   2.676065572359237e-33
[TRUERES]    790  2.676065572359237e-33  2.676065572359237e-33
   791   2.435455057037065e-33
   792   2.232764319014776e-33
   793   2.054957451469184e-33
   794   1.891630570137264e-33
   795   1.760415853123195e-33
   796   1.639343375096463e-33
   797   1.529745004858038e-33
   798   1.436083089023202e-33
   799   1.339716980674488e-33
   800   1.245460065566374e-33
[TRUERES]    800  1.245460065566374e-33  1.245460065566374e-33
   801   1.157494267650857e-33
   802   1.067660895977403e-33
   803   9.905925885884232e-34
   804   9.213126683761897e-34
   805   8.532999459183016e-34
   806   7.942462033486155e-34
   807   7.357256678689362e-34
   808   6.776234458348282e-34
   809   6.264051299030864e-34
   810   5.759881320479332e-34
[TRUERES]    810  5.759881320479332e-34  5.759881320479332e-34
   811   5.292975146382968e-34
   812   4.878153262327039e-34
   813   4.453531488309894e-34
   814   4.071131555567356e-34
   815   3.708545976955530e-34
   816   3.333468899276378e-34
   817   2.996670118444386e-34
   818   2.674320482875260e-34
   819   2.372715855844773e-34
   820   2.119042098989590e-34
[TRUERES]    820  2.119042098989590e-34  2.119042098989590e-34
   821   1.891098113135216e-34
   822   1.687250266018141e-34
   823   1.512803773739977e-34
   824   1.350811819849512e-34
   825   1.211658853926296e-34
   826   1.094543883148603e-34
   827   9.838937894905377e-35
   828   8.915560391775508e-35
   829   8.116416656932394e-35
   830   7.353134935195351e-35
[TRUERES]    830  7.353134935195351e-35  7.353134935195351e-35
   831   6.702106712362521e-35
   832   6.092686524114650e-35
   833   5.542596794861316e-35
   834   5.086885800382625e-35
   835   4.647547407681439e-35
   836   4.259138446617485e-35
   837   3.926796126255446e-35
   838   3.607297752743305e-35
   839   3.332550798190836e-35
   840   3.080664339058945e-35
[TRUERES]    840  3.080664339058945e-35  3.080664339058945e-35
   841   2.828737447837224e-35
   842   2.614300495454886e-35
   843   2.412363521962298e-35
   844   2.221425836176055e-35
   845   2.059768142989472e-35
   846   1.905024845578225e-35
   847   1.763593151993740e-35
   848   1.633123630579626e-35
   849   1.494265526594434e-35
   850   1.364184240947919e-35
[TRUERES]    850  1.364184240947919e-35  1.364184240947919e-35
   851   1.236858264299214e-35
   852   1.106405286734851e-35
   853   9.853100044688960e-36
   854   8.687553683889847e-36
   855   7.572282004379838e-36
   856   6.607608477113635e-36
   857   5.713532972194064e-36
   858   4.933351391774744e-36
   859   4.268724632879040e-36
   860   3.660091121341919e-36
[TRUERES]    860  3.660091121341919e-36  3.660091121341919e-36
   861   3.136443434760404e-36
   862   2.690999164184755e-36
   863   2.297690471744645e-36
   864   1.973980543221505e-36
   865   1.690704086833739e-36
   866   1.434477601855729e-36
   867   1.220445530526451e-36
   868   1.033072280293119e-36
   869   8.744839318055197e-37
   870   7.458027567247395e-37
[TRUERES]    870  7.458027567247395e-37  7.458027567247396e-37
   871   6.358091404261047e-37
   872   5.467769495651686e-37
   873   4.742380647659898e-37
   874   4.105350380366722e-37
   875   3.587300122571016e-37
   876   3.146629295227668e-37
   877   2.754188767740116e-37
   878   2.429243581048705e-37
   879   2.136607878679635e-37
   880   1.876297567246458e-37
[TRUERES]    880  1.876297567246458e-37  1.876297567246459e-37
   881   1.657842257344506e-37
   882   1.456335669612012e-37
   883   1.276960963579094e-37
   884   1.120882156144619e-37
   885   9.756536779438854e-38
   886   8.547182461645465e-38
   887   7.535003886039420e-38
   888   6.673193541671334e-38
   889   5.999271581394643e-38
   890   5.424461887209197e-38
[TRUERES]    890  5.424461887209197e-38  5.424461887209195e-38
   891   4.933120105840268e-38
   892   4.549652064420022e-38
   893   4.196648697375097e-38
   894   3.881149379200766e-38
   895   3.606744466744651e-38
   896   3.339549809171619e-38
   897   3.107264238380004e-38
   898   2.898487216178351e-38
   899   2.689923814210119e-38
   900   2.504629152731957e-38
[TRUERES]    900  2.504629152731957e-38  2.504629152731955e-38
   901   2.316156704489398e-38
   902   2.113901090731769e-38
   903   1.925013036100501e-38
   904   1.729785020289644e-38
   905   1.543473409272577e-38
   906   1.374928750954768e-38
   907   1.210905976603373e-38
   908   1.065255342557507e-38
   909   9.379771026305360e-39
   910   8.224242209471035e-39
[TRUERES]    910  8.224242209471035e-39  8.224242209471042e-39
   911   7.276205555205769e-39
   912   6.441882998860582e-39
   913   5.677686089347188e-39
   914   5.034501276915869e-39
   915   4.443796894751163e-39
   916   3.901886666975209e-39
   917   3.420086823695534e-39
   918   2.968123581739488e-39
   919   2.567788859974825e-39
   920   2.227782847697278e-39
[TRUERES]    920  2.227782847697278e-39  2.227782847697280e-39
   921   1.924135566389035e-39
   922   1.674822537046816e-39
   923   1.464270411337424e-39
   924   1.279628531178455e-39
   925   1.126144423078717e-39
   926   9.938171686005163e-40
   927   8.804287745150900e-40
   928   7.903188747574027e-40
   929   7.109518558460939e-40
   930   6.403677181775302e-40
[TRUERES]    930  6.403677181775302e-40  6.403677181775322e-40
   931   5.778781494570209e-40
   932   5.176166927608284e-40
   933   4.639278118252235e-40
   934   4.154024472259432e-40
   935   3.709739130408941e-40
   936   3.342417789279466e-40
   937   3.007519287937702e-40
   938   2.688246948363520e-40
   939   2.395823939264554e-40
   940   2.125030391863678e-40
[TRUERES]    940  2.125030391863678e-40  2.125030391863686e-40
   941   1.892909688673815e-40
   942   1.701039131727053e-40
   943   1.530329499708963e-40
   944   1.389518001436292e-40
   945   1.269466375956440e-40
   946   1.152532756538555e-40
   947   1.050637237316098e-40
   948   9.555837907740485e-41
   949   8.685978021081191e-41
   950   7.957525906388495e-41
[TRUERES]    950  7.957525906388495e-41  7.957525906388517e-41
   951   7.282254459387523e-41
   952   6.655349262166324e-41
   953   6.083424921915074e-41
   954   5.489288752583418e-41
   955   4.929905895775048e-41
   956   4.409432271752073e-41
   957   3.913518086509154e-41
   958   3.476071116767098e-41
   959   3.061171319615000e-41
   960   2.663412609723705e-41
[TRUERES]    960  2.663412609723705e-41  2.663412609723705e-41
   961   2.312119541273898e-41
   962   1.987136907331427e-41
   963   1.693828817884876e-41
   964   1.445835265644991e-41
   965   1.225485583520836e-41
   966   1.041279297205496e-41
   967   8.895634744718319e-42
   968   7.558668419786645e-42
   969   6.449321698811285e-42
   970   5.522177767111883e-42
[TRUERES]    970  5.522177767111883e-42  5.522177767111282e-42
   971   4.734871370199306e-42
   972   4.107188421248722e-42
   973   3.580482333548391e-42
   974   3.129938417799131e-42
   975   2.767237223249517e-42
   976   2.444790207367170e-42
   977   2.160909901617705e-42
   978   1.912417087307796e-42
   979   1.683366366852047e-42
   980   1.488335767322652e-42
[TRUERES]    980  1.488335767322652e-42  1.488335767322571e-42
   981   1.316809687949726e-42
   982   1.159700080084867e-42
   983   1.025487074073949e-42
   984   9.059297006649916e-43
   985   7.992782283741217e-43
   986   7.137062721585634e-43
   987   6.385445075034164e-43
   988   5.720155371779862e-43
   989   5.151925054867114e-43
   990   4.619868334114446e-43
[TRUERES]    990  4.619868334114446e-43  4.619868334113652e-43
   991   4.143943965997682e-43
   992   3.715442599970925e-43
   993   3.313701011158853e-43
   994   2.968010169047274e-43
   995   2.648289503325731e-43
   996   2.341802458455331e-43
   997   2.069803284732705e-43
   998   1.814858494614650e-43
   999   1.584276831167367e-43
  1000   1.383035610100691e-43
[TRUERES]   1000  1.383035610100691e-43  1.383035610101059e-43
  1001   1.195077873575099e-43
  1002   1.032205584149760e-43
  1003   8.947694135198429e-44
  1004   7.751801948295386e-44
  1005   6.779749147569723e-44
  1006   5.939733442237205e-44
  1007   5.181506875360085e-44
  1008   4.520445978231700e-44
  1009   3.927092231613654e-44
  1010   3.397879970613523e-44
[TRUERES]   1010  3.397879970613523e-44  3.397879970614934e-44
  1011   2.951962748587876e-44
  1012   2.560259325952112e-44
  1013   2.225687081310956e-44
  1014   1.938781659682429e-44
  1015   1.680500425790723e-44
  1016   1.456528222359859e-44
  1017   1.258421933869145e-44
  1018   1.079084382869564e-44
  1019   9.322360018604335e-45
  1020   8.094277157541070e-45
[TRUERES]   1020  8.094277157541070e-45  8.094277157545211e-45
  1021   7.065487073086537e-45
  1022   6.230424486972334e-45
  1023   5.496278410323687e-45
  1024   4.858328262961266e-45
  1025   4.322868192978367e-45
  1026   3.833813600533871e-45
  1027   3.411828485950617e-45
  1028   3.037230949077378e-45
  1029   2.688469747411985e-45
  1030   2.397003149221937e-45
[TRUERES]   1030  2.397003149221937e-45  2.397003149232431e-45
  1031   2.144023939073235e-45
  1032   1.923184217053076e-45
  1033   1.745180877994381e-45
  1034   1.585436885466188e-45
  1035   1.446434376467329e-45
  1036   1.328704913477857e-45
  1037   1.217904986320642e-45
  1038   1.116860567001516e-45
  1039   1.019794989320805e-45
  1040   9.181142495481675e-46
[TRUERES]   1040  9.181142495481675e-46  9.181142495469837e-46
  1041   8.186291982411957e-46
  1042   7.210200883985939e-46
  1043   6.271398806649046e-46
  1044   5.464452395380613e-46
  1045   4.743178853480730e-46
  1046   4.112315341468272e-46
  1047   3.579818187606164e-46
  1048   3.098119988318142e-46
  1049   2.678908269689703e-46
  1050   2.313352241338575e-46
[TRUERES]   1050  2.313352241338575e-46  2.313352241344293e-46
  1051   1.983971873753625e-46
  1052   1.703040679481243e-46
  1053   1.455189046821190e-46
  1054   1.238690195532438e-46
  1055   1.055150219789755e-46
  1056   8.929407643952374e-47
  1057   7.518941135522822e-47
  1058   6.344031401524247e-47
  1059   5.304122258774051e-47
  1060   4.435436128709957e-47
[TRUERES]   1060  4.435436128709957e-47  4.435436128626369e-47
  1061   3.717133470058171e-47
  1062   3.100447652944294e-47
  1063   2.595012729280877e-47
  1064   2.175649656439152e-47
  1065   1.822342999160999e-47
  1066   1.541111464646772e-47
  1067   1.310698509181901e-47
  1068   1.121329668266102e-47
  1069   9.703027041633385e-48
  1070   8.391884111841950e-48
[TRUERES]   1070  8.391884111841950e-48  8.391884111591297e-48
  1071   7.294616746085994e-48
  1072   6.401129234294150e-48
  1073   5.626876733223030e-48
  1074   4.995028441139476e-48
  1075   4.468122631644163e-48
  1076   4.013569416861205e-48
  1077   3.652846871818076e-48
  1078   3.329243619531793e-48
  1079   3.029468025078516e-48
  1080   2.754946430686970e-48
[TRUERES]   1080  2.754946430686970e-48  2.754946430783361e-48
  1081   2.480337935617691e-48
  1082   2.218336546090791e-48
  1083   1.988295439512607e-48
  1084   1.773626350296242e-48
  1085   1.589339321101345e-48
  1086   1.431945170789787e-48
  1087   1.287549904914676e-48
  1088   1.162602080753199e-48
  1089   1.044690216213140e-48
  1090   9.326328859915244e-49
[TRUERES]   1090  9.326328859915244e-49  9.326328862191034e-49
  1091   8.306939771672457e-49
  1092   7.338616896253469e-49
  1093   6.467842306757689e-49
  1094   5.713653670843604e-49
  1095   5.018728704191296e-49
  1096   4.392201652963713e-49
  1097   3.826852689767997e-49
  1098   3.304780833460266e-49
  1099   2.856086732551842e-49
  1100   2.456642972943283e-49
[TRUERES]   1100  2.456642972943283e-49  2.456642973154965e-49
  1101   2.097149143299740e-49
  1102   1.790312580957717e-49
  1103   1.523585696779126e-49
  1104   1.301926758529727e-49
  1105   1.128094783816769e-49
  1106   9.817777096438771e-50
  1107   8.596725314638449e-50
  1108   7.567454241393819e-50
  1109   6.636516152376714e-50
  1110   5.824195871502107e-50
[TRUERES]   1110  5.824195871502107e-50  5.824195867080043e-50
  1111   5.093729832613023e-50
  1112   4.415863724923272e-50
  1113   3.851114522329862e-50
  1114   3.369813120894693e-50
  1115   2.962608117676001e-50
  1116   2.634147631119330e-50
  1117   2.347247746641347e-50
  1118   2.103293255603939e-50
  1119   1.898658606951491e-50
  1120   1.717882112068408e-50
[TRUERES]   1120  1.717882112068408e-50  1.717882111503869e-50
  1121   1.568965945280739e-50
  1122   1.435721424354062e-50
  1123   1.306021842561239e-50
  1124   1.190751897220531e-50
  1125   1.078219334094875e-50
  1126   9.704482713142360e-51
  1127   8.743696257315558e-51
  1128   7.854694124312814e-51
  1129   7.089980104879034e-51
  1130   6.454091362626326e-51
[TRUERES]   1130  6.454091362626326e-51  6.454091370249343e-51
  1131   5.880475370943175e-51
  1132   5.388596989400629e-51
  1133   4.957400555107578e-51
  1134   4.526546065860252e-51
  1135   4.127464094447404e-51
  1136   3.740360532930235e-51
  1137   3.366146451962002e-51
  1138   3.032981451149196e-51
  1139   2.724662123609956e-51
  1140   2.448036791405441e-51
[TRUERES]   1140  2.448036791405441e-51  2.448036800990407e-51
  1141   2.208949029362391e-51
  1142   1.986662756109922e-51
  1143   1.793184221104049e-51
  1144   1.622671457079690e-51
  1145   1.463036242390984e-51
  1146   1.325110581207037e-51
  1147   1.197653965955921e-51
  1148   1.075113351405024e-51
  1149   9.630688323658904e-52
  1150   8.543301267099248e-52
[TRUERES]   1150  8.543301267099248e-52  8.543301304412456e-52
  1151   7.546727423661926e-52
  1152   6.658783653632332e-52
  1153   5.836196629405058e-52
  1154   5.106182571429129e-52
  1155   4.458209845703959e-52
  1156   3.859149777229393e-52
  1157   3.349249933099371e-52
  1158   2.896133714161430e-52
  1159   2.489910007887504e-52
  1160   2.138242016299422e-52
[TRUERES]   1160  2.138242016299422e-52  2.138242023539060e-52
  1161   1.822804047831557e-52
  1162   1.544221459664699e-52
  1163   1.309501204684478e-52
  1164   1.104395097038699e-52
  1165   9.328209721350201e-53
  1166   7.921456073708475e-53
  1167   6.737457778970480e-53
  1168   5.792487654934077e-53
  1169   5.024881211841407e-53
  1170   4.376518570274399e-53
[TRUERES]   1170  4.376518570274399e-53  4.376518672922848e-53
  1171   3.855065135406978e-53
  1172   3.406420648193741e-53
  1173   3.010433604594523e-53
  1174   2.684017945145127e-53
  1175   2.402270641831948e-53
  1176   2.158744330329646e-53
  1177   1.949094519079662e-53
  1178   1.756122773161989e-53
  1179   1.589426328582042e-53
  1180   1.444442039576461e-53
[TRUERES]   1180  1.444442039576461e-53  1.444442136741787e-53
  1181   1.312911399511255e-53
  1182   1.204200028672885e-53
  1183   1.106772369308188e-53
  1184   1.019375349684814e-53
  1185   9.422860344747778e-54
  1186   8.680297885076598e-54
  1187   7.981765918945571e-54
  1188   7.329299112039791e-54
  1189   6.680145324651146e-54
  1190   6.082877398053093e-54
[TRUERES]   1190  6.082877398053093e-54  6.082877672270816e-54
  1191   5.517651888350518e-54
  1192   4.962539935930432e-54
  1193   4.458721761623535e-54
  1194   3.987069643319800e-54
  1195   3.549728852813973e-54
  1196   3.164393594485740e-54
  1197   2.800976657928388e-54
  1198   2.464167942577753e-54
  1199   2.157544259057181e-54
  1200   1.874246335197397e-54
[TRUERES]   1200  1.874246335197397e-54  1.874246587862816e-54
  1201   1.629512527856596e-54
  1202   1.415947494953154e-54
  1203   1.220321502969122e-54
  1204   1.047826797064278e-54
  1205   8.913295665164644e-55
  1206   7.480879579293773e-55
  1207   6.262729497720636e-55
  1208   5.214008151758525e-55
  1209   4.335273854773187e-55
  1210   3.636823029248451e-55
[TRUERES]   1210  3.636823029248451e-55  3.636822320337044e-55
  1211   3.062022937538622e-55
  1212   2.604613213571653e-55
  1213   2.231571039103249e-55
  1214   1.910584163268402e-55
  1215   1.648905268188696e-55
  1216   1.428366499059614e-55
  1217   1.239185938389961e-55
  1218   1.086554605121829e-55
  1219   9.572891494243808e-56
  1220   8.454272864917274e-56
[TRUERES]   1220  8.454272864917274e-56  8.454274752408866e-56
  1221   7.505941031791619e-56
  1222   6.644457002638260e-56
  1223   5.903740618228136e-56
  1224   5.271410687270809e-56
  1225   4.699644831390769e-56
  1226   4.202328510815537e-56
  1227   3.766650699798942e-56
  1228   3.363693514784104e-56
  1229   3.025447841131477e-56
  1230   2.733965233784411e-56
[TRUERES]   1230  2.733965233784411e-56  2.733969773653524e-56
  1231   2.479200008757775e-56
  1232   2.261519633092452e-56
  1233   2.055558834427165e-56
  1234   1.872533269674046e-56
  1235   1.722438154115800e-56
  1236   1.587789701592741e-56
  1237   1.472773708177728e-56
  1238   1.371311606158221e-56
  1239   1.265965307108534e-56
  1240   1.162345973165346e-56
[TRUERES]   1240  1.162345973165346e-56  1.162350104376638e-56
  1241   1.049519432738006e-56
  1242   9.314985891294817e-57
  1243   8.231153571893885e-57
  1244   7.222415093409144e-57
  1245   6.310594516476774e-57
  1246   5.518527268313398e-57
  1247   4.791778181638955e-57
  1248   4.147246263005402e-57
  1249   3.570374675076950e-57
  1250   3.041859100434972e-57
[TRUERES]   1250  3.041859100434972e-57  3.041887162530345e-57
  1251   2.584410413340977e-57
  1252   2.185432692414730e-57
  1253   1.838615295760252e-57
  1254   1.551993593743099e-57
  1255   1.306811264758477e-57
  1256   1.100146052099727e-57
  1257   9.298134140445278e-58
  1258   7.783200499012452e-58
  1259   6.490249628645112e-58
  1260   5.402021840097563e-58
[TRUERES]   1260  5.402021840097563e-58  5.402377468465865e-58
  1261   4.470121114044269e-58
  1262   3.713609417785180e-58
  1263   3.082766319291323e-58
  1264   2.551373773268816e-58
  1265   2.116990367990763e-58
  1266   1.751184523383566e-58
  1267   1.444971162041612e-58
  1268   1.191085598830203e-58
  1269   9.746359728417759e-59
  1270   7.946578959653521e-59
[TRUERES]   1270  7.946578959653521e-59  7.949393385003214e-59
  1271   6.491961956813805e-59
  1272   5.289252787840177e-59
  1273   4.343721717708463e-59
  1274   3.584687612122785e-59
  1275   2.961693034636299e-59
  1276   2.465581707940017e-59
  1277   2.053998703191424e-59
  1278   1.716157976932838e-59
  1279   1.451651566338599e-59
  1280   1.234300821085412e-59
[TRUERES]   1280  1.234300821085412e-59  1.237374550310127e-59
  1281   1.054921430815618e-59
  1282   9.084147316914459e-60
  1283   7.831183554689157e-60
  1284   6.784588976485816e-60
  1285   5.909160564201159e-60
  1286   5.149723937333077e-60
  1287   4.516144454201126e-60
  1288   3.960409629361817e-60
  1289   3.476921979661598e-60
  1290   3.081696447419695e-60
[TRUERES]   1290  3.081696447419695e-60  3.112553102649802e-60
  1291   2.740904497985939e-60
  1292   2.444459433571072e-60
  1293   2.193969600347538e-60
  1294   1.966735719845088e-60
  1295   1.772581829359829e-60
  1296   1.612109102358884e-60
  1297   1.464513940250236e-60
  1298   1.335554389091585e-60
  1299   1.213062960863131e-60
  1300   1.092280119066203e-60
[TRUERES]   1300  1.092280119066203e-60  1.123908864538036e-60
  1301   9.803472197542497e-61
  1302   8.721602983081999e-61
  1303   7.708275304264337e-61
  1304   6.827132885475038e-61
  1305   6.028870725250847e-61
  1306   5.346213352092067e-61
  1307   4.746219171713823e-61
  1308   4.187767967368923e-61
  1309   3.688622481234222e-61
  1310   3.229789657124657e-61
[TRUERES]   1310  3.229789657124657e-61  3.536239339103099e-61
  1311   2.799169479857069e-61
  1312   2.424292296860249e-61
  1313   2.091554459160919e-61
  1314   1.800138945798018e-61
  1315   1.551558941582424e-61
  1316   1.331962540164422e-61
  1317   1.145713736179215e-61
  1318   9.916702543276982e-62
  1319   8.609671534174704e-62
  1320   7.531619296321653e-62
[TRUERES]   1320  7.531619296321653e-62  1.072657754565505e-61
  1321   6.598629798479613e-62
  1322   5.746678440790408e-62
  1323   4.998429600800642e-62
  1324   4.331681136961333e-62
  1325   3.747653783807155e-62
  1326   3.241802059424328e-62
  1327   2.779191165491420e-62
  1328   2.365370430488075e-62
  1329   2.014051441343481e-62
  1330   1.705165057963354e-62
[TRUERES]   1330  1.705165057963354e-62  4.886660248675032e-62
  1331   1.442725064881036e-62
  1332   1.217502484130331e-62
  1333   1.022279525236292e-62
  1334   8.603889120405079e-63
  1335   7.251062752130819e-63
  1336   6.104652402816955e-63
  1337   5.160467280387822e-63
  1338   4.344604365843276e-63
  1339   3.638890121153380e-63
  1340   3.042584055856857e-63
[TRUERES]   1340  3.042584055856857e-63  3.512314280972995e-62
  1341   2.534614728949791e-63
  1342   2.116057572881307e-63
  1343   1.778079176842370e-63
  1344   1.495893649746316e-63
  1345   1.269228487688833e-63
  1346   1.082054340532922e-63
  1347   9.244563804253682e-64
  1348   7.973209664840403e-64
  1349   6.889301635055147e-64
  1350   5.953852750057202e-64
[TRUERES]   1350  5.953852750057202e-64  3.290336435614331e-62
  1351   5.176630536479622e-64
  1352   4.504280363563613e-64
  1353   3.952221662001287e-64
  1354   3.506752745685036e-64
  1355   3.129084611194389e-64
  1356   2.820303672861943e-64
  1357   2.562960496833483e-64
  1358   2.329776581784633e-64
  1359   2.128314577614191e-64
  1360   1.943667029528208e-64
[TRUERES]   1360  1.943667029528208e-64  3.228127133497710e-62
  1361   1.766826565475224e-64
  1362   1.610956527453882e-64
  1363   1.470091248771079e-64
  1364   1.344676505443467e-64
  1365   1.235388017524799e-64
  1366   1.127409685935565e-64
  1367   1.028988646090657e-64
  1368   9.364173172634880e-65
  1369   8.454004981733124e-65
  1370   7.640353874390906e-65
[TRUERES]   1370  7.640353874390906e-65  3.241849205182983e-62
  1371   6.866706379723194e-65
  1372   6.126117773020475e-65
  1373   5.452262860080250e-65
  1374   4.811442082646043e-65
  1375   4.215860302295314e-65
  1376   3.684058814804563e-65
  1377   3.187259219137253e-65
  1378   2.748051551877538e-65
  1379   2.361750490860484e-65
  1380   2.015619657420527e-65
[TRUERES]   1380  2.015619657420527e-65  3.253505872213183e-62
  1381   1.716114977866418e-65
  1382   1.457189235036699e-65
  1383   1.232482559194406e-65
  1384   1.046107818115880e-65
  1385   8.831119238621872e-66
  1386   7.431312485052501e-66
  1387   6.282264431156233e-66
  1388   5.302272448844096e-66
  1389   4.478118466767928e-66
  1390   3.785329776566835e-66
[TRUERES]   1390  3.785329776566835e-66  3.259826800364810e-62
  1391   3.180480960739688e-66
  1392   2.669510434484169e-66
  1393   2.228740011598745e-66
  1394   1.852369410561646e-66
  1395   1.545503823006315e-66
  1396   1.286111458026868e-66
  1397   1.066166148441843e-66
  1398   8.849822147829542e-67
  1399   7.325650584229813e-67
  1400   6.082503955258916e-67
[TRUERES]   1400  6.082503955258916e-67  3.268666747403209e-62
  1401   5.076733891869988e-67
  1402   4.240388499128197e-67
  1403   3.574466169520182e-67
  1404   3.040522898562296e-67
  1405   2.593411595429367e-67
  1406   2.225932880846367e-67
  1407   1.908281609992267e-67
  1408   1.635040588400589e-67
  1409   1.404563147335172e-67
  1410   1.201664951988110e-67
[TRUERES]   1410  1.201664951988110e-67  3.270568590408590e-62
  1411   1.028724156659449e-67
  1412   8.808690473303050e-68
  1413   7.505289251097929e-68
  1414   6.411364865095339e-68
  1415   5.510986538728145e-68
  1416   4.739357683636424e-68
  1417   4.118561984889429e-68
  1418   3.589682445814157e-68
  1419   3.135942693328903e-68
  1420   2.759937089332415e-68
[TRUERES]   1420  2.759937089332415e-68  3.271822171900607e-62
  1421   2.425969046732932e-68
  1422   2.130569084881134e-68
  1423   1.886230605341734e-68
  1424   1.677854106470226e-68
  1425   1.508143429118392e-68
  1426   1.366995737322925e-68
  1427   1.242580497329076e-68
  1428   1.134706931049780e-68
  1429   1.040579246336616e-68
  1430   9.558685190591189e-69
[TRUERES]   1430  9.558685190591189e-69  3.271930496439165e-62
  1431   8.803615999688066e-69
  1432   8.083683721051706e-69
  1433   7.384979777718827e-69
  1434   6.733622061808653e-69
  1435   6.090605976754261e-69
  1436   5.471172086501790e-69
  1437   4.884183074093920e-69
  1438   4.301331680834515e-69
  1439   3.766664584463691e-69
  1440   3.271206998032892e-69
[TRUERES]   1440  3.271206998032892e-69  3.270226472427051e-62
  1441   2.812844819033227e-69
  1442   2.410040172800647e-69
  1443   2.050193375021723e-69
  1444   1.730708398654051e-69
  1445   1.462148654873176e-69
  1446   1.229072364504892e-69
  1447   1.031676344750230e-69
  1448   8.668357373241896e-70
  1449   7.262018976639773e-70
  1450   6.088547372468469e-70
[TRUERES]   1450  6.088547372468469e-70  3.271706148477940e-62
  1451   5.072988810297499e-70
  1452   4.185894818076881e-70
  1453   3.446405948347256e-70
  1454   2.824840755243484e-70
  1455   2.302129832078807e-70
  1456   1.879080509020204e-70
  1457   1.531722362425764e-70
  1458   1.254869110549844e-70
  1459   1.038745700896850e-70
  1460   8.610786376815265e-71
[TRUERES]   1460  8.610786376815265e-71  3.272182753896187e-62
  1461   7.199392997685834e-71
  1462   6.051563225297431e-71
  1463   5.080720177464163e-71
  1464   4.289104908023723e-71
  1465   3.637676141735114e-71
  1466   3.089080670215717e-71
  1467   2.641039253436916e-71
  1468   2.261597674361531e-71
  1469   1.940277978431030e-71
  1470   1.680695661292733e-71
[TRUERES]   1470  1.680695661292733e-71  3.272182186308937e-62
  1471   1.455456364638317e-71
  1472   1.264644656802333e-71
  1473   1.096027395113122e-71
  1474   9.450035129312842e-72
  1475   8.190361841180473e-72
  1476   7.163538976288106e-72
  1477   6.318370033289223e-72
  1478   5.654930181191635e-72
  1479   5.077406782146624e-72
  1480   4.560774587355815e-72
[TRUERES]   1480  4.560774587355815e-72  3.272247917494065e-62
  1481   4.118850845365620e-72
  1482   3.716429169583618e-72
  1483   3.344140963380515e-72
  1484   3.007373001536167e-72
  1485   2.688326742029423e-72
  1486   2.399935502549296e-72
  1487   2.135966634404125e-72
  1488   1.886759139825971e-72
  1489   1.660234221434365e-72
  1490   1.449439031171825e-72
[TRUERES]   1490  1.449439031171825e-72  3.272262995815216e-62
  1491   1.256492280916039e-72
  1492   1.092690205112231e-72
  1493   9.480129239465176e-73
  1494   8.244755279180765e-73
  1495   7.226493705094701e-73
  1496   6.331134298477432e-73
  1497   5.587605856964122e-73
  1498   4.961413079342141e-73
  1499   4.410496056779484e-73
  1500   3.939047188874116e-73
[TRUERES]   1500  3.939047188874116e-73  3.272262760453297e-62
  1501   3.504987466776299e-73
  1502   3.095448672687596e-73
  1503   2.729954119018410e-73
  1504   2.396621550765880e-73
  1505   2.097735611315799e-73
  1506   1.836754066077873e-73
  1507   1.597355206690294e-73
  1508   1.385062025430573e-73
  1509   1.196968430979035e-73
  1510   1.026809665020873e-73
[TRUERES]   1510  1.026809665020873e-73  3.272263565112384e-62
  1511   8.800675011378761e-74
  1512   7.517929101840582e-74
  1513   6.387975601678718e-74
  1514   5.420251101473024e-74
  1515   4.572661240929043e-74
  1516   3.827803216560777e-74
  1517   3.200792927338738e-74
  1518   2.668761441565870e-74
  1519   2.228525114803763e-74
  1520   1.873670465010465e-74
[TRUERES]   1520  1.873670465010465e-74  3.272263751095598e-62
  1521   1.575460024907767e-74
  1522   1.334053683004987e-74
  1523   1.132342109531508e-74
  1524   9.584044257007686e-75
  1525   8.120710326289937e-75
  1526   6.837212318994329e-75
  1527   5.715375636746699e-75
  1528   4.768071234042868e-75
  1529   3.962753790887816e-75
  1530   3.297358478762285e-75
[TRUERES]   1530  3.297358478762285e-75  3.272263654535803e-62
  1531   2.757775379328158e-75
  1532   2.304613229101764e-75
  1533   1.931382798012272e-75
  1534   1.618285298226588e-75
  1535   1.350807971487122e-75
  1536   1.128428603351974e-75
  1537   9.393500680297404e-76
  1538   7.808516614103623e-76
  1539   6.549783126642233e-76
  1540   5.527021813317863e-76
[TRUERES]   1540  5.527021813317863e-76  3.272263598926140e-62
  1541   4.693127167299603e-76
  1542   4.020067336891770e-76
  1543   3.449181534366510e-76
  1544   2.973596961778578e-76
  1545   2.577668502945635e-76
  1546   2.242129579637688e-76
  1547   1.970257086776859e-76
  1548   1.739350157218298e-76
  1549   1.545657729555619e-76
  1550   1.392554623773499e-76
[TRUERES]   1550  1.392554623773499e-76  3.272263590199849e-62
  1551   1.261103002011220e-76
  1552   1.146118545307082e-76
  1553   1.045945566109442e-76
  1554   9.531190001543212e-77
  1555   8.700028542290193e-77
  1556   7.949628608287439e-77
  1557   7.250442684682887e-77
  1558   6.630882629394213e-77
  1559   6.049550706524870e-77
  1560   5.502822248438016e-77
[TRUERES]   1560  5.502822248438016e-77  3.272263590171624e-62
  1561   5.010347184125682e-77
  1562   4.526846086183917e-77
  1563   4.060050938897732e-77
  1564   3.623348848318231e-77
  1565   3.192613404483671e-77
  1566   2.789024597958215e-77
  1567   2.424918935842403e-77
  1568   2.092522011001289e-77
  1569   1.800304556922431e-77
  1570   1.539473086983261e-77
[TRUERES]   1570  1.539473086983261e-77  3.272263590272235e-62
  1571   1.303808846798307e-77
  1572   1.098060849885328e-77
  1573   9.172125358684046e-78
  1574   7.597986992164894e-78
  1575   6.288612352912326e-78
  1576   5.174871881478748e-78
  1577   4.257674476463794e-78
  1578   3.511580694695986e-78
  1579   2.887886651139840e-78
  1580   2.385146729566552e-78
[TRUERES]   1580  2.385146729566552e-78  3.272263590273784e-62
  1581   1.978873550882281e-78
  1582   1.633549101898675e-78
  1583   1.350272933727623e-78
  1584   1.112090293963837e-78
  1585   9.146177763535891e-79
  1586   7.560290737931654e-79
  1587   6.283192389729390e-79
  1588   5.245337226108501e-79
  1589   4.417466805297240e-79
  1590   3.709287426044553e-79
[TRUERES]   1590  3.709287426044553e-79  3.272263590273424e-62
  1591   3.116031228296491e-79
  1592   2.618666702619109e-79
  1593   2.192965069733142e-79
  1594   1.844566079390565e-79
  1595   1.554070422450497e-79
  1596   1.309950048604376e-79
  1597   1.108872385773200e-79
  1598   9.371147121204306e-80
  1599   7.905505158860644e-80
  1600   6.681721148295108e-80
[TRUERES]   1600  6.681721148295108e-80  3.272263590273352e-62
  1601   5.648436755259099e-80
  1602   4.796673150066914e-80
  1603   4.096184039705680e-80
  1604   3.497757879741036e-80
  1605   2.993983055263224e-80
  1606   2.560330573607945e-80
  1607   2.188139061269758e-80
  1608   1.877816082972163e-80
  1609   1.618433916651372e-80
  1610   1.402372221180761e-80
[TRUERES]   1610  1.402372221180761e-80  3.272263590273352e-62
  1611   1.227919327244096e-80
  1612   1.081993491754936e-80
  1613   9.639011919549302e-81
  1614   8.704442261143020e-81
  1615   7.939626173134205e-81
  1616   7.315049939258400e-81
  1617   6.784680810912011e-81
  1618   6.275747770921659e-81
  1619   5.821780798191319e-81
  1620   5.375300315881223e-81
[TRUERES]   1620  5.375300315881223e-81  3.272263590273355e-62
  1621   4.936076769027722e-81
  1622   4.531509371333575e-81
  1623   4.139860508939310e-81
  1624   3.774488124790910e-81
  1625   3.441097131361029e-81
  1626   3.110111165625797e-81
  1627   2.804875729854567e-81
  1628   2.513730820365761e-81
  1629   2.219804166500127e-81
  1630   1.936564297703515e-81
[TRUERES]   1630  1.936564297703515e-81  3.272263590273359e-62
  1631   1.671128679083464e-81
  1632   1.422577018766237e-81
  1633   1.203807628608514e-81
  1634   1.010356460781093e-81
  1635   8.455373037344902e-82
  1636   7.085986274698921e-82
  1637   5.891226355655766e-82
  1638   4.887971677191856e-82
  1639   4.053028007447241e-82
  1640   3.340429081394777e-82
[TRUERES]   1640  3.340429081394777e-82  3.272263590273357e-62
  1641   2.750176237610490e-82
  1642   2.258937023471302e-82
  1643   1.847849476197551e-82
  1644   1.514712868764073e-82
  1645   1.237752794406970e-82
  1646   1.007868003912806e-82
  1647   8.221993120549788e-83
  1648   6.698334798867736e-83
  1649   5.460597824181747e-83
  1650   4.449228810965310e-83
[TRUERES]   1650  4.449228810965310e-83  3.272263590273357e-62
  1651   3.604735959781239e-83
  1652   2.916392542009879e-83
  1653   2.358501088133590e-83
  1654   1.911281256673325e-83
  1655   1.566221314938317e-83
  1656   1.286036196497970e-83
  1657   1.052801132116257e-83
  1658   8.618777938590278e-84
  1659   7.002434487327056e-84
  1660   5.666029507240630e-84
[TRUERES]   1660  5.666029507240630e-84  3.272263590273357e-62
  1661   4.578651598620621e-84
  1662   3.691821326081508e-84
  1663   2.989500413467782e-84
  1664   2.423198255126541e-84
  1665   1.960068746417716e-84
  1666   1.591065484809624e-84
  1667   1.292019467616706e-84
  1668   1.049102009825056e-84
  1669   8.533415155398140e-85
  1670   6.942841689144758e-85
[TRUERES]   1670  6.942841689144758e-85  3.272263590273357e-62
  1671   5.672798498960084e-85
  1672   4.667518298389728e-85
  1673   3.868480264189198e-85
  1674   3.232891814813816e-85
  1675   2.727499605964995e-85
  1676   2.306986321726690e-85
  1677   1.963884294543189e-85
  1678   1.674220952212609e-85
  1679   1.428134525544094e-85
  1680   1.224674028813565e-85
[TRUERES]   1680  1.224674028813565e-85  3.272263590273357e-62
  1681   1.051759760865838e-85
  1682   9.058213100433099e-86
  1683   7.856050401524830e-86
  1684   6.855036339619276e-86
  1685   6.036018042625744e-86
  1686   5.378326868303235e-86
  1687   4.815245034186936e-86
  1688   4.332201775476405e-86
  1689   3.906857748488402e-86
  1690   3.514976997077458e-86
[TRUERES]   1690  3.514976997077458e-86  3.272263590273357e-62
  1691   3.166103950149205e-86
  1692   2.832718449372845e-86
  1693   2.509994226373869e-86
  1694   2.218548449632182e-86
  1695   1.950820022571909e-86
  1696   1.716774896730305e-86
  1697   1.523913923921421e-86
  1698   1.354489257936519e-86
  1699   1.209834510182707e-86
  1700   1.083594309072062e-86
[TRUERES]   1700  1.083594309072062e-86  3.272263590273357e-62
  1701   9.684096583285475e-87
  1702   8.664818534762204e-87
  1703   7.709932517844984e-87
  1704   6.823923777124123e-87
  1705   6.043861031186558e-87
  1706   5.318321603551759e-87
  1707   4.677319377239097e-87
  1708   4.126351534806652e-87
  1709   3.623609152697762e-87
  1710   3.174814916585171e-87
[TRUERES]   1710  3.174814916585171e-87  3.272263590273357e-62
  1711   2.776078016361771e-87
  1712   2.417974513595761e-87
  1713   2.112364645171584e-87
  1714   1.851918114383919e-87
  1715   1.627953834434544e-87
  1716   1.434345293245810e-87
  1717   1.255008080980565e-87
  1718   1.089690811271279e-87
  1719   9.423674008547199e-88
  1720   8.078492544580389e-88
[TRUERES]   1720  8.078492544580389e-88  3.272263590273357e-62
  1721   6.896041970573425e-88
  1722   5.856758102330073e-88
  1723   4.930977543379079e-88
  1724   4.155533947543513e-88
  1725   3.505119928801341e-88
  1726   2.952194678740109e-88
  1727   2.489167788383091e-88
  1728   2.096994858407225e-88
  1729   1.763962714584707e-88
  1730   1.483705641543798e-88
[TRUERES]   1730  1.483705641543798e-88  3.272263590273357e-62
  1731   1.242604358227563e-88
  1732   1.037391054018020e-88
  1733   8.652123148162080e-89
  1734   7.140812022336575e-89
  1735   5.877993886272173e-89
  1736   4.818761300153385e-89
  1737   3.923421923244393e-89
  1738   3.203322996511241e-89
  1739   2.613605558278325e-89
  1740   2.133577829060262e-89
[TRUERES]   1740  2.133577829060262e-89  3.272263590273357e-62
  1741   1.755429885728588e-89
  1742   1.445579092444652e-89
  1743   1.196013523280172e-89
  1744   9.979672144383621e-90
  1745   8.309322284469499e-90
  1746   6.904908045634665e-90
  1747   5.714567346843215e-90
  1748   4.685832219322056e-90
  1749   3.829924184965925e-90
  1750   3.119948757546340e-90
[TRUERES]   1750  3.119948757546340e-90  3.272263590273357e-62
  1751   2.536465460509061e-90
  1752   2.074021656793798e-90
  1753   1.704110542331005e-90
  1754   1.406189731504333e-90
  1755   1.168264806381380e-90
  1756   9.726217947143254e-91
converged:
  nconv = 1756
    0    0     1757     1.2617e-63     4.0994e-32
ASolver_CGNR<Afield<double,ACCEL> >: solver starts
  mode_prev = D
  snorm =  2.596889751132917e+01
  init:  8.328338526825060e-01
     0   4.272562510090409e-02
[TRUERES]      0  4.272562510090409e-02  4.272562510090409e-02
     1   1.339295854837603e-02
     2   1.042450857802881e-02
     3   3.283625387016561e-03
     4   1.782056135650515e-03
     5   1.409698326514208e-03
     6   6.156459131510968e-04
     7   4.198581641016975e-04
     8   3.184597373221860e-04
     9   1.713375526341005e-04
    10   1.426985187707692e-04
[TRUERES]     10  1.426985187707692e-04  1.426985187707692e-04
