Bridge++ 2.0.0

input filename : main.yaml

file = main.yaml

Lattice parameters:
  Lx = 16,  Ly = 16,  Lz = 16,  Lt = 16,
  Nx = 16,  Ny = 16,  Nz = 16,  Nt = 16,
  NPEx = 1,  NPEy  = 1,  NPEz  = 1,  NPEt  = 1,
  Lvol = 65536,  Nvol = 65536,  NPE = 1,
  Ndim = 4
  Nc   = 3
  Nd   = 4

ThreadManager: initialization
Warning at ThreadManager: Nthread(env) != Nthread(input)
  Number of threads(env)   = 2
  Number of threads(input) = 1
  reset Nthread = Nthread(input).
  Number of threads = 1
Main: input parameters
  lattice_size     = [16, 16, 16, 16]
  grid_size        = [1, 1, 1, 1]
  number of thread = 1
  number of color  = 3
  logfile          = stdout
  ildg_logfile     = stdout
  vlevel           = General

Alt_Accel code is being setup.
DeviceManager_CUDA: being initialized.
  process_id = 0
  number of devices = 1
  device_id = 0  is used on process = 0
------------------------------------------------
Alt_Accel: Factory entries
------------------------------------------------
AFopr<double, ACCEL> >(void):
AFopr<double, ACCEL>(Parameters&):
	Clover
	CloverTerm
	Clover_dd
	Domainwall
	Domainwall_5din
	Domainwall_5din_dd
	Domainwall_5din_eo
	Domainwall_eo
	Wilson
	Wilson_dd
AFopr<double, ACCEL>(Fopr*):
	Domainwall
AFopr<double, ACCEL>(Fopr*, Director*):
AFopr<float, ACCEL> >(void):
AFopr<float, ACCEL>(Parameters&):
	Clover
	CloverTerm
	Clover_dd
	Domainwall
	Domainwall_5din
	Domainwall_5din_dd
	Domainwall_5din_eo
	Domainwall_eo
	Wilson
	Wilson_dd
AFopr<float, ACCEL>(Fopr*):
	Domainwall
AFopr<float, ACCEL>(Fopr*, Director*):
AEigensolver<AField<float, ACCEL> >, Afopr>(Fopr*):
	IRArnoldi
	IRLanczos
------------------------------------------------
Timer: timestamp: 2026/06/05 23:35:34 +0900
file = test_alt_Spectrum_Domainwall_5din_Hadron2ptFunction.yaml

--------------------------------------------------------------------
test name: Spectrum_Domainwall_alt.hadron_2ptFunction
test file: test_alt_Spectrum_Domainwall_5din_Hadron2ptFunction.yaml
test mode: double_eo
file = test_alt_Spectrum_Domainwall_5din_Hadron2ptFunction.yaml
  vlevel       = General
  source_type  = Local
Smearing parameters (assumes APE-Stout):
   proj_type:  Stout_SU3
   smear_type: APE
   rho_uniform: 0.100000
   number_of_smearing: 0
  vlevel       = General

Configuration setup:
  gconf_status = Continue
  gconf_read   = Text_4x4x4x8
  readfile     = ./conf_04040408.txt
  plaq = 0.625130

Gauge fixing:
  Gauge fixing type = None
Parameters: get_string: key 'filename_output' not found.
Elapsed time: calc_plqauette: total         0.14 sec, count    1, average         0.14 sec
plaquette (before smearing):       0.625129946974939
applying smearing
Smear_APE:
  rho =   0.1000
Director_Smear:
  Nsmear = 0
Parameters: get_string: key 'filename_output' not found.
Elapsed time: calc_plqauette: total         0.14 sec, count    1, average         0.14 sec
Elapsed time: smearig: total         0.15 sec, count    1, average         0.15 sec
plaquette (after smearing):        0.625129946974939
  gmset_type   = Dirac
Gamma matrix: dirac representation.
Fopr_Domainwall: construction
  Imp::Fopr_Wilson: construction
    Gauge group implementation: SU(3)
    Imp::Fopr_Wilson: input parameters
      gamma-matrix type = Dirac
      kappa  =   0.20833333
      boundary[0] =  1
      boundary[1] =  1
      boundary[2] =  1
      boundary[3] = -1
  Imp::Fopr_Wilson: construction finished.
  Fopr_Domainwall: input parameters
    mq   =   0.0500
    M0   =   1.6000
    Ns   =    8
    boundary[0] =  1
    boundary[1] =  1
    boundary[2] =  1
    boundary[3] = -1
    coefficients:
    b[ 0] =     1.5000000000  c[ 0] =     0.5000000000
    b[ 1] =     1.5000000000  c[ 1] =     0.5000000000
    b[ 2] =     1.5000000000  c[ 2] =     0.5000000000
    b[ 3] =     1.5000000000  c[ 3] =     0.5000000000
    b[ 4] =     1.5000000000  c[ 4] =     0.5000000000
    b[ 5] =     1.5000000000  c[ 5] =     0.5000000000
    b[ 6] =     1.5000000000  c[ 6] =     0.5000000000
    b[ 7] =     1.5000000000  c[ 7] =     0.5000000000
Fopr_Domainwall: construction finished.
Fopr_Domainwall: input parameters
  mq   =   0.0500
  M0   =   1.6000
  Ns   =    8
  boundary[0] =  1
  boundary[1] =  1
  boundary[2] =  1
  boundary[3] = -1
  coefficients:
  b[ 0] =     1.5000000000  c[ 0] =     0.5000000000
  b[ 1] =     1.5000000000  c[ 1] =     0.5000000000
  b[ 2] =     1.5000000000  c[ 2] =     0.5000000000
  b[ 3] =     1.5000000000  c[ 3] =     0.5000000000
  b[ 4] =     1.5000000000  c[ 4] =     0.5000000000
  b[ 5] =     1.5000000000  c[ 5] =     0.5000000000
  b[ 6] =     1.5000000000  c[ 6] =     0.5000000000
  b[ 7] =     1.5000000000  c[ 7] =     0.5000000000
Imp::Fopr_Wilson: construction
  Gauge group implementation: SU(3)
  Imp::Fopr_Wilson: input parameters
    gamma-matrix type = Dirac
    kappa  =   0.20833333
    boundary[0] =  1
    boundary[1] =  1
    boundary[2] =  1
    boundary[3] = -1
Imp::Fopr_Wilson: construction finished.
Source for spinor field - local:
  source_position[0] = 0
  source_position[1] = 0
  source_position[2] = 0
  source_position[3] = 0

Check of fermion operator (even-odd)
norm of source vector: 1.000000
AFopr_Domainwall_5din_eo<AField<double,ACCEL> >: construction
  do_comm[0] = 0
  do_comm[1] = 0
  do_comm[2] = 0
  do_comm[3] = 0
    extended_precision = true
    su3_reconstruction = false
  AFopr_Domainwall_5din_eo<AField<double,ACCEL> >: input parameters
    gamma matrix repr.:  Dirac
    code implementation: 5d
    mq   =   0.0500
    M0   =   1.6000
    Ns   =    8
    boundary[0] =  1
    boundary[1] =  1
    boundary[2] =  1
    boundary[3] = -1
    coefficients:
      b[ 0] =     1.5000000000  c[ 0] =     0.5000000000
      b[ 1] =     1.5000000000  c[ 1] =     0.5000000000
      b[ 2] =     1.5000000000  c[ 2] =     0.5000000000
      b[ 3] =     1.5000000000  c[ 3] =     0.5000000000
      b[ 4] =     1.5000000000  c[ 4] =     0.5000000000
      b[ 5] =     1.5000000000  c[ 5] =     0.5000000000
      b[ 6] =     1.5000000000  c[ 6] =     0.5000000000
      b[ 7] =     1.5000000000  c[ 7] =     0.5000000000
    alpha =   1.0000
convert required.
convert performed.

[D check]
norm2(abq) = 1.000000
norm2(y5)  = 114.967735
norm2(z5)  = 114.967735
norm2(axq) = 114.967735
diff2 = 0.000000

[Ddag check]
norm2(abq) = 1.000000
norm2(y5)  = 120.286907
norm2(z5)  = 120.286907
norm2(axq) = 120.286907
diff2 = 0.000000
Elapsed time: afopr_Domainwall_5din_eo: Deo & dagger   : total         0.01 sec, count    4, average         0.00 sec
Elapsed time: afopr_Domainwall_5din_eo: Dee_inv & dag  : total         0.01 sec, count   20, average         0.00 sec
Elapsed time: afopr_Domainwall_5din_eo: clear          : total         0.00 sec, count    0, average         0.00 sec
Elapsed time: afopr_Domainwall_5din_eo: pack           : total         0.00 sec, count    0, average         0.00 sec
Elapsed time: afopr_Domainwall_5din_eo: bulk           : total         0.01 sec, count    4, average         0.00 sec
Elapsed time: afopr_Domainwall_5din_eo: boundary       : total         0.00 sec, count    0, average         0.00 sec
Elapsed time: afopr_Domainwall_5din_eo: comm           : total         0.00 sec, count    0, average         0.00 sec
Elapsed time: afopr_Domainwall_5din_eo: comm_recv_wait : total         0.00 sec, count    0, average         0.00 sec
Elapsed time: afopr_Domainwall_5din_eo: comm_send_wait : total         0.00 sec, count    0, average         0.00 sec
Elapsed time: afopr_Domainwall_5din_eo: comm_recv_start: total         0.00 sec, count    0, average         0.00 sec
Elapsed time: afopr_Domainwall_5din_eo: comm_send_start: total         0.00 sec, count    0, average         0.00 sec
Elapsed time: afopr_Domainwall_5din_eo: comm_test_all  : total         0.00 sec, count    0, average         0.00 sec

Fprop_alt_Standard_eo<Afield<double,ACCEL> >: being setup (without link smearing).
  AFopr_Domainwall_5din_eo<AField<double,ACCEL> >: construction
    do_comm[0] = 0
    do_comm[1] = 0
    do_comm[2] = 0
    do_comm[3] = 0
      extended_precision = true
      su3_reconstruction = false
    AFopr_Domainwall_5din_eo<AField<double,ACCEL> >: input parameters
      gamma matrix repr.:  Dirac
      code implementation: 5d
      mq   =   0.0500
      M0   =   1.6000
      Ns   =    8
      boundary[0] =  1
      boundary[1] =  1
      boundary[2] =  1
      boundary[3] = -1
      coefficients:
        b[ 0] =     1.5000000000  c[ 0] =     0.5000000000
        b[ 1] =     1.5000000000  c[ 1] =     0.5000000000
        b[ 2] =     1.5000000000  c[ 2] =     0.5000000000
        b[ 3] =     1.5000000000  c[ 3] =     0.5000000000
        b[ 4] =     1.5000000000  c[ 4] =     0.5000000000
        b[ 5] =     1.5000000000  c[ 5] =     0.5000000000
        b[ 6] =     1.5000000000  c[ 6] =     0.5000000000
        b[ 7] =     1.5000000000  c[ 7] =     0.5000000000
      alpha =   1.0000
  ASolver_CGNR<Afield<double,ACCEL> >:
  ASolver_CG<Afield<double,ACCEL> >:
    Precision: double
    Niter     = 2400
    Stop_cond =   1.00000000e-90
    init_guess_mode: 0
    true_residual_interval = 10 (logging [TRUERES])
    refinement_iterations = 0
Fprop_alt_Standard_eo<Afield<double,ACCEL> >: setup finished.

Fprop_alt_Standard_eo<Afield<double,ACCEL> >: mult performance:
  mult mode = Dee_inv
  Number of mult =                400
  Elapsed time   =       4.084309 sec
  Flop(Fopr)     =           62914560
  Flop(total)    =        25165824000
  Performance    =       6.162 GFlops

Fprop_alt_Standard_eo<Afield<double,ACCEL> >: mult performance:
  mult mode = Doe
  Number of mult =                400
  Elapsed time   =      28.724418 sec
  Flop(Fopr)     =          390070272
  Flop(total)    =       156028108800
  Performance    =       5.432 GFlops

Fprop_alt_Standard_eo<Afield<double,ACCEL> >: mult performance:
  mult mode = D
  Number of mult =                400
  Elapsed time   =      66.842630 sec
  Flop(Fopr)     =          912261120
  Flop(total)    =       364904448000
  Performance    =       5.459 GFlops

Fprop_alt_Standard_eo<Afield<double,ACCEL> >: mult performance:
  mult mode = Ddag
  Number of mult =                400
  Elapsed time   =      68.841261 sec
  Flop(Fopr)     =          912261120
  Flop(total)    =       364904448000
  Performance    =       5.301 GFlops

Fprop_alt_Standard_eo<Afield<double,ACCEL> >: mult performance:
  mult mode = DdagD
  Number of mult =                400
  Elapsed time   =     134.406300 sec
  Flop(Fopr)     =         1824522240
  Flop(total)    =       729808896000
  Performance    =       5.430 GFlops

Solving quark propagator:
  color spin   Nconv      diff           diff2
ASolver_CGNR<Afield<double,ACCEL> >: solver starts
  mode_prev = D
  b2 size is reset.
  snorm =  2.593544072572786e+01
  init:  8.330510306015450e-01
     0   4.465764283060861e-02
[TRUERES]      0  4.465764283060861e-02  4.465764283060861e-02
     1   1.504939112349334e-02
     2   1.241287587215125e-02
     3   3.970550654482201e-03
     4   2.214932602144878e-03
     5   1.787889314115950e-03
     6   8.042348998014825e-04
     7   5.817194269938661e-04
     8   4.452349083921737e-04
     9   2.478116233675308e-04
    10   2.128302184794908e-04
[TRUERES]     10  2.128302184794908e-04  2.128302184794908e-04
    11   1.593963290906043e-04
    12   1.053159732153142e-04
    13   9.784338072874340e-05
    14   7.082792894954420e-05
    15   5.283554234666669e-05
    16   4.984621329069798e-05
    17   3.621274752068191e-05
    18   3.058920849871011e-05
    19   2.814821785696077e-05
    20   2.089283513444584e-05
[TRUERES]     20  2.089283513444584e-05  2.089283513444584e-05
    21   1.896660603556410e-05
    22   1.679877011966291e-05
    23   1.330203004782719e-05
    24   1.297551454333526e-05
    25   1.121728881528384e-05
    26   9.379718759003612e-06
    27   9.085485358787351e-06
    28   7.445623219408084e-06
    29   6.485461129464096e-06
    30   6.097893516473790e-06
[TRUERES]     30  6.097893516473790e-06  6.097893516473790e-06
    31   4.948558899286931e-06
    32   4.541775502063968e-06
    33   4.183470628975450e-06
    34   3.493137373412652e-06
    35   3.365813626934044e-06
    36   3.047092240892123e-06
    37   2.681379295364998e-06
    38   2.695293401735515e-06
    39   2.465722738372870e-06
    40   2.331436486794838e-06
[TRUERES]     40  2.331436486794838e-06  2.331436486794838e-06
    41   2.378205990914815e-06
    42   2.156373884161886e-06
    43   2.084342598414018e-06
    44   2.040461044485659e-06
    45   1.807558758326409e-06
    46   1.769028971539319e-06
    47   1.656097941966427e-06
    48   1.471872639645255e-06
    49   1.437425964702448e-06
    50   1.301213513622785e-06
[TRUERES]     50  1.301213513622785e-06  1.301213513622785e-06
    51   1.185011110977101e-06
    52   1.160993261656514e-06
    53   1.037731521328337e-06
    54   9.699377946633554e-07
    55   9.307815231879368e-07
    56   8.244495050070923e-07
    57   7.910713077561249e-07
    58   7.451201990261511e-07
    59   6.644829142654384e-07
    60   6.419954563947362e-07
[TRUERES]     60  6.419954563947362e-07  6.419954563947362e-07
    61   5.864155655122469e-07
    62   5.304114529798599e-07
    63   5.141871504175033e-07
    64   4.619963297291373e-07
    65   4.261720515955049e-07
    66   4.064755888279978e-07
    67   3.607822520931781e-07
    68   3.414653005530621e-07
    69   3.235761765326284e-07
    70   2.924159076904757e-07
[TRUERES]     70  2.924159076904757e-07  2.924159076904757e-07
    71   2.849618156236006e-07
    72   2.683289537213253e-07
    73   2.481968774006267e-07
    74   2.449424888676235e-07
    75   2.283336578371636e-07
    76   2.167766391511537e-07
    77   2.144366129156092e-07
    78   1.997818693998299e-07
    79   1.948079258232267e-07
    80   1.916880721176153e-07
[TRUERES]     80  1.916880721176153e-07  1.916880721176153e-07
    81   1.789642727437317e-07
    82   1.766751720191513e-07
    83   1.694802239229545e-07
    84   1.573974808986777e-07
    85   1.537936569380707e-07
    86   1.424387154502415e-07
    87   1.323183565152993e-07
    88   1.280646636407960e-07
    89   1.168426864421639e-07
    90   1.093242012717955e-07
[TRUERES]     90  1.093242012717955e-07  1.093242012717955e-07
    91   1.033033092185775e-07
    92   9.218307815450685e-08
    93   8.607797570132479e-08
    94   7.933867309993837e-08
    95   7.109996383207526e-08
    96   6.725322252519751e-08
    97   6.133472486197677e-08
    98   5.560654820885790e-08
    99   5.269919578104414e-08
   100   4.763304463147421e-08
[TRUERES]    100  4.763304463147421e-08  4.763304463147421e-08
   101   4.392234097929979e-08
   102   4.136971088812875e-08
   103   3.712134746930450e-08
   104   3.458545845545549e-08
   105   3.202728553584445e-08
   106   2.868079051252783e-08
   107   2.692049953479061e-08
   108   2.462358251053392e-08
   109   2.238400095903330e-08
   110   2.135013616780990e-08
[TRUERES]    110  2.135013616780990e-08  2.135013616780990e-08
   111   1.976685686501701e-08
   112   1.872158560864330e-08
   113   1.832891398414529e-08
   114   1.720659439291508e-08
   115   1.667653051863774e-08
   116   1.614149264263868e-08
   117   1.504964153896935e-08
   118   1.455034569338997e-08
   119   1.372388429179804e-08
   120   1.267702034458469e-08
[TRUERES]    120  1.267702034458469e-08  1.267702034458469e-08
   121   1.212383759734038e-08
   122   1.115592187960604e-08
   123   1.030403063436276e-08
   124   9.776889989916927e-09
   125   8.882547856705030e-09
   126   8.223729274263995e-09
   127   7.616743101346176e-09
   128   6.777269814200043e-09
   129   6.241327862810742e-09
   130   5.675799641625289e-09
[TRUERES]    130  5.675799641625289e-09  5.675799641625289e-09
   131   5.077846308456046e-09
   132   4.753332059991364e-09
   133   4.362114879106011e-09
   134   4.019854251969694e-09
   135   3.823260437103523e-09
   136   3.500391289696875e-09
   137   3.249967180341977e-09
   138   3.039553138706557e-09
   139   2.733654537504067e-09
   140   2.532278373014404e-09
[TRUERES]    140  2.532278373014404e-09  2.532278373014404e-09
   141   2.332953868565452e-09
   142   2.109802193092504e-09
   143   1.980963201343649e-09
   144   1.827975372019822e-09
   145   1.675297943371163e-09
   146   1.588207611984316e-09
   147   1.459386908154655e-09
   148   1.357053169801302e-09
   149   1.280463440351182e-09
   150   1.166344852895076e-09
[TRUERES]    150  1.166344852895076e-09  1.166344852895076e-09
   151   1.088837658922055e-09
   152   1.017089179826595e-09
   153   9.310022024123362e-10
   154   8.817723382242096e-10
   155   8.201058382526699e-10
   156   7.518038415157201e-10
   157   7.083258560618501e-10
   158   6.499191352567577e-10
   159   6.019036625717151e-10
   160   5.677581900708003e-10
[TRUERES]    160  5.677581900708003e-10  5.677581900708003e-10
   161   5.180927094631741e-10
   162   4.814271079644434e-10
   163   4.469952132497726e-10
   164   4.034715377600009e-10
   165   3.734376644549668e-10
   166   3.401205876094976e-10
   167   3.054292116076354e-10
   168   2.823270284445108e-10
   169   2.553987721681213e-10
   170   2.327223507703316e-10
[TRUERES]    170  2.327223507703316e-10  2.327223507703316e-10
   171   2.171897402912631e-10
   172   1.979270728671168e-10
   173   1.849832875176090e-10
   174   1.755889030599833e-10
   175   1.632057445444686e-10
   176   1.566448829680564e-10
   177   1.492429489145232e-10
   178   1.401407815966766e-10
   179   1.351263414867155e-10
   180   1.265784081782723e-10
[TRUERES]    180  1.265784081782723e-10  1.265784081782723e-10
   181   1.173704845733710e-10
   182   1.105381273268467e-10
   183   1.006611104364137e-10
   184   9.234833000430983e-11
   185   8.519519633466573e-11
   186   7.638471821159538e-11
   187   7.014288814568596e-11
   188   6.365823725705417e-11
   189   5.645062552398143e-11
   190   5.116183586190204e-11
[TRUERES]    190  5.116183586190204e-11  5.116183586190204e-11
   191   4.564006147345274e-11
   192   4.085004169754105e-11
   193   3.756764273577533e-11
   194   3.397893313500266e-11
   195   3.126243893947069e-11
   196   2.922673872620458e-11
   197   2.673899718145698e-11
   198   2.507490496353277e-11
   199   2.354500028964692e-11
   200   2.168042481716957e-11
[TRUERES]    200  2.168042481716957e-11  2.168042481716957e-11
   201   2.046180077505988e-11
   202   1.901396697876060e-11
   203   1.750002150682929e-11
   204   1.645340364565727e-11
   205   1.507173385411176e-11
   206   1.385474737478950e-11
   207   1.292894905737907e-11
   208   1.180090322140030e-11
   209   1.098770953887240e-11
   210   1.028194020558815e-11
[TRUERES]    210  1.028194020558815e-11  1.028194020558815e-11
   211   9.429659987634481e-12
   212   8.859091780697978e-12
   213   8.257265796621062e-12
   214   7.628162663896537e-12
   215   7.226792489115621e-12
   216   6.753666724833298e-12
   217   6.358839344754426e-12
   218   6.102972733667038e-12
   219   5.723414627178621e-12
   220   5.436658020360594e-12
[TRUERES]    220  5.436658020360594e-12  5.436658020360594e-12
   221   5.193470225327298e-12
   222   4.865092709770242e-12
   223   4.650236291661576e-12
   224   4.411570874948207e-12
   225   4.113817309501904e-12
   226   3.915421995321489e-12
   227   3.656287957606420e-12
   228   3.401029743204825e-12
   229   3.216226842292004e-12
   230   2.976345364571172e-12
[TRUERES]    230  2.976345364571172e-12  2.976345364571172e-12
   231   2.795358563069581e-12
   232   2.663985127529544e-12
   233   2.500258136341896e-12
   234   2.398601637983467e-12
   235   2.294411620365522e-12
   236   2.158392296472467e-12
   237   2.066106341808445e-12
   238   1.938111176425636e-12
   239   1.795341875176316e-12
   240   1.674426757480205e-12
[TRUERES]    240  1.674426757480205e-12  1.674426757480205e-12
   241   1.510296821755417e-12
   242   1.358196850835375e-12
   243   1.225124704130522e-12
   244   1.079787936260498e-12
   245   9.704283974271143e-13
   246   8.742191398900984e-13
   247   7.789275220967158e-13
   248   7.081849212641382e-13
   249   6.358653666186916e-13
   250   5.690835452092682e-13
[TRUERES]    250  5.690835452092682e-13  5.690835452092682e-13
   251   5.224062218834432e-13
   252   4.743505951771436e-13
   253   4.342135889532343e-13
   254   4.027731146129945e-13
   255   3.668159631799513e-13
   256   3.389491314118274e-13
   257   3.146500653993575e-13
   258   2.881704832348111e-13
   259   2.710297811206286e-13
   260   2.542682757780141e-13
[TRUERES]    260  2.542682757780141e-13  2.542682757780141e-13
   261   2.361026321621033e-13
   262   2.219364725062245e-13
   263   2.041753308863848e-13
   264   1.874207153230079e-13
   265   1.743957964156600e-13
   266   1.593445165340620e-13
   267   1.476814426844414e-13
   268   1.375237886173764e-13
   269   1.260196560711574e-13
   270   1.180894681847551e-13
[TRUERES]    270  1.180894681847551e-13  1.180894681847551e-13
   271   1.101352063869862e-13
   272   1.019243192435664e-13
   273   9.635773765600822e-14
   274   9.004091549558205e-14
   275   8.453641068272905e-14
   276   8.054969011961768e-14
   277   7.502388930861361e-14
   278   7.021245434375461e-14
   279   6.550303867971099e-14
   280   5.956094560590512e-14
[TRUERES]    280  5.956094560590512e-14  5.956094560590512e-14
   281   5.469502554203117e-14
   282   4.990952482630237e-14
   283   4.508825404464362e-14
   284   4.158969406038131e-14
   285   3.798386564505413e-14
   286   3.473592674533596e-14
   287   3.231651553660387e-14
   288   2.960627988741932e-14
   289   2.742904888699152e-14
   290   2.569685712634990e-14
[TRUERES]    290  2.569685712634990e-14  2.569685712634990e-14
   291   2.375766829104144e-14
   292   2.231426030982938e-14
   293   2.098347857318517e-14
   294   1.959537604779987e-14
   295   1.864240069559849e-14
   296   1.750028599090250e-14
   297   1.636525620030634e-14
   298   1.553151014009011e-14
   299   1.451820743085403e-14
   300   1.364660579591350e-14
[TRUERES]    300  1.364660579591350e-14  1.364660579591350e-14
   301   1.291451644489030e-14
   302   1.201373129695569e-14
   303   1.133635106674154e-14
   304   1.073547568819327e-14
   305   1.003597507400260e-14
   306   9.522940626943777e-15
   307   8.925413465146377e-15
   308   8.249697727276756e-15
   309   7.680707197744431e-15
   310   6.986138342831143e-15
[TRUERES]    310  6.986138342831143e-15  6.986138342831143e-15
   311   6.334669675928158e-15
   312   5.776628096069421e-15
   313   5.173178189631489e-15
   314   4.673574885556414e-15
   315   4.211481759556116e-15
   316   3.723256014773399e-15
   317   3.325199887330933e-15
   318   2.954354752401187e-15
   319   2.617933287970684e-15
   320   2.368934012111656e-15
[TRUERES]    320  2.368934012111656e-15  2.368934012111656e-15
   321   2.122047977031288e-15
   322   1.912005022982325e-15
   323   1.748398825758816e-15
   324   1.576334415143049e-15
   325   1.437649611035347e-15
   326   1.318662342763149e-15
   327   1.198004421078313e-15
   328   1.100659155033820e-15
   329   1.005735072711272e-15
   330   9.103343736747276e-16
[TRUERES]    330  9.103343736747276e-16  9.103343736747276e-16
   331   8.359317817591820e-16
   332   7.591289003406773e-16
   333   6.871678051017372e-16
   334   6.293756778299661e-16
   335   5.664847456169857e-16
   336   5.139090210237921e-16
   337   4.681752500459264e-16
   338   4.205879063136142e-16
   339   3.826470798006189e-16
   340   3.476292893125066e-16
[TRUERES]    340  3.476292893125066e-16  3.476292893125066e-16
   341   3.126115641587322e-16
   342   2.850765080785785e-16
   343   2.579782558532911e-16
   344   2.327662999103838e-16
   345   2.127585920756157e-16
   346   1.910456514938483e-16
   347   1.718024949295558e-16
   348   1.552393220967959e-16
   349   1.379520524556680e-16
   350   1.235552263587264e-16
[TRUERES]    350  1.235552263587264e-16  1.235552263587264e-16
   351   1.098659950521547e-16
   352   9.633954273506947e-17
   353   8.557828594803662e-17
   354   7.555570899697028e-17
   355   6.686477184552108e-17
   356   6.040791988824202e-17
   357   5.417107258127589e-17
   358   4.907564618454016e-17
   359   4.507127524461132e-17
   360   4.092402748554395e-17
[TRUERES]    360  4.092402748554395e-17  4.092402748554395e-17
   361   3.750755921040569e-17
   362   3.446886015627284e-17
   363   3.133800853704622e-17
   364   2.895929951546233e-17
   365   2.668784781797040e-17
   366   2.458461454849725e-17
   367   2.301808986076062e-17
   368   2.145200204019932e-17
   369   2.007688418612576e-17
   370   1.902001089192400e-17
[TRUERES]    370  1.902001089192400e-17  1.902001089192400e-17
   371   1.772987504194422e-17
   372   1.666483940637230e-17
   373   1.579748460186722e-17
   374   1.488727396962192e-17
   375   1.430716689057299e-17
   376   1.377835567538306e-17
   377   1.324046740660266e-17
   378   1.291974413650291e-17
   379   1.248814043475668e-17
   380   1.212397561113733e-17
[TRUERES]    380  1.212397561113733e-17  1.212397561113733e-17
   381   1.190311248356731e-17
   382   1.147338848772451e-17
   383   1.107796268917073e-17
   384   1.063790552095020e-17
   385   9.988008438264937e-18
   386   9.406247093800938e-18
   387   8.783849749188128e-18
   388   8.114572743134559e-18
   389   7.582260603642395e-18
   390   7.015974937242633e-18
[TRUERES]    390  7.015974937242633e-18  7.015974937242633e-18
   391   6.493778361143675e-18
   392   6.072184746353205e-18
   393   5.586715077049338e-18
   394   5.163629653963029e-18
   395   4.789775572688329e-18
   396   4.395124679757776e-18
   397   4.098759045549486e-18
   398   3.833562966342408e-18
   399   3.552593680957280e-18
   400   3.335692385755111e-18
[TRUERES]    400  3.335692385755111e-18  3.335692385755111e-18
   401   3.106504849002741e-18
   402   2.885988043202059e-18
   403   2.715057725848387e-18
   404   2.526928438560691e-18
   405   2.356426407072679e-18
   406   2.210854293392476e-18
   407   2.053722907790777e-18
   408   1.929271731716869e-18
   409   1.815670548517382e-18
   410   1.698800625054692e-18
[TRUERES]    410  1.698800625054692e-18  1.698800625054692e-18
   411   1.618662364626444e-18
   412   1.532172871431287e-18
   413   1.448199232093415e-18
   414   1.388578903597675e-18
   415   1.317970715127886e-18
   416   1.253375363742142e-18
   417   1.195201981749858e-18
   418   1.120731595096876e-18
   419   1.053461234357051e-18
   420   9.850639889950989e-19
[TRUERES]    420  9.850639889950989e-19  9.850639889950989e-19
   421   9.100832516468182e-19
   422   8.504365468990987e-19
   423   7.908347092745005e-19
   424   7.324434414500374e-19
   425   6.863423081987369e-19
   426   6.363930141256190e-19
   427   5.905749720641512e-19
   428   5.522883782827465e-19
   429   5.111902737627485e-19
   430   4.755279998077309e-19
[TRUERES]    430  4.755279998077309e-19  4.755279998077309e-19
   431   4.423863754536406e-19
   432   4.056435408120385e-19
   433   3.747852234343102e-19
   434   3.448144175768593e-19
   435   3.155529928657720e-19
   436   2.938055477803258e-19
   437   2.725400828915477e-19
   438   2.542913158462176e-19
   439   2.398718803521301e-19
   440   2.242736472791014e-19
[TRUERES]    440  2.242736472791014e-19  2.242736472791014e-19
   441   2.113421169019438e-19
   442   2.003332266832016e-19
   443   1.883903729686613e-19
   444   1.792153797655557e-19
   445   1.704436301264298e-19
   446   1.612885240353969e-19
   447   1.549337023736882e-19
   448   1.480026867027874e-19
   449   1.411489153327699e-19
   450   1.353721246004993e-19
[TRUERES]    450  1.353721246004993e-19  1.353721246004993e-19
   451   1.276562555157304e-19
   452   1.202062155613120e-19
   453   1.129644050112464e-19
   454   1.046334191701043e-19
   455   9.737832259012050e-20
   456   8.979106462435574e-20
   457   8.142504288548180e-20
   458   7.408226588978539e-20
   459   6.657476174373687e-20
   460   5.923363163783046e-20
[TRUERES]    460  5.923363163783046e-20  5.923363163783046e-20
   461   5.284685271707593e-20
   462   4.628457201912115e-20
   463   4.047089051236135e-20
   464   3.542942282975676e-20
   465   3.058444799218277e-20
   466   2.659115413161575e-20
   467   2.310567204333804e-20
   468   1.992775936423097e-20
   469   1.741464385405402e-20
   470   1.518644521846818e-20
[TRUERES]    470  1.518644521846818e-20  1.518644521846818e-20
   471   1.323714348633508e-20
   472   1.171440040356699e-20
   473   1.032416283347606e-20
   474   9.187507035380822e-21
   475   8.302846802056335e-21
   476   7.480987666626132e-21
   477   6.836284207655432e-21
   478   6.285322170997550e-21
   479   5.751864352115305e-21
   480   5.349765308923486e-21
[TRUERES]    480  5.349765308923486e-21  5.349765308923486e-21
   481   4.984354522375154e-21
   482   4.645613419014856e-21
   483   4.400660761105203e-21
   484   4.147250380897711e-21
   485   3.906731942992720e-21
   486   3.692164646234803e-21
   487   3.425322384239640e-21
   488   3.182678520568001e-21
   489   2.954249448106605e-21
   490   2.707283984107073e-21
[TRUERES]    490  2.707283984107073e-21  2.707283984107073e-21
   491   2.495291036966899e-21
   492   2.288415314287600e-21
   493   2.088284073537429e-21
   494   1.921048547096713e-21
   495   1.748506104888891e-21
   496   1.579854277043182e-21
   497   1.430882123793563e-21
   498   1.280530926632918e-21
   499   1.149215487062584e-21
   500   1.036138622846412e-21
[TRUERES]    500  1.036138622846412e-21  1.036138622846412e-21
   501   9.252044845505158e-22
   502   8.340044591130900e-22
   503   7.503971661159731e-22
   504   6.717917746446179e-22
   505   6.087729102525023e-22
   506   5.504833607229029e-22
   507   4.999230791693918e-22
   508   4.614700916026997e-22
   509   4.249799717671674e-22
   510   3.954148633566357e-22
[TRUERES]    510  3.954148633566357e-22  3.954148633566357e-22
   511   3.704743506501436e-22
   512   3.435726629321910e-22
   513   3.209830375815481e-22
   514   3.006341869669411e-22
   515   2.796433142583648e-22
   516   2.629009205014386e-22
   517   2.462671517954658e-22
   518   2.304755570979270e-22
   519   2.180017264147803e-22
   520   2.049248354035638e-22
[TRUERES]    520  2.049248354035638e-22  2.049248354035638e-22
   521   1.938067170600966e-22
   522   1.854551241671058e-22
   523   1.766396685825710e-22
   524   1.706644088502758e-22
   525   1.650473090347018e-22
   526   1.577745869803764e-22
   527   1.508527553555961e-22
   528   1.419205788676144e-22
   529   1.314098387824844e-22
   530   1.218813694361083e-22
[TRUERES]    530  1.218813694361083e-22  1.218813694361083e-22
   531   1.115699217221840e-22
   532   1.017617395252034e-22
   533   9.308606921436658e-23
   534   8.434676362395095e-23
   535   7.718333708113604e-23
   536   7.098776243987605e-23
   537   6.465097762686570e-23
   538   5.906824734963472e-23
   539   5.348732509420153e-23
   540   4.783815604650502e-23
[TRUERES]    540  4.783815604650502e-23  4.783815604650502e-23
   541   4.291475841061379e-23
   542   3.811810704857036e-23
   543   3.381923709147693e-23
   544   3.026895125210632e-23
   545   2.690243403010021e-23
   546   2.398861755692334e-23
   547   2.134221457218481e-23
   548   1.875983800983021e-23
   549   1.663130906351819e-23
   550   1.470634149320630e-23
[TRUERES]    550  1.470634149320630e-23  1.470634149320630e-23
   551   1.292511906042587e-23
   552   1.148524985265327e-23
   553   1.017284602471339e-23
   554   9.059258717519446e-24
   555   8.179804194298857e-24
   556   7.358854743871553e-24
   557   6.668640915260380e-24
   558   6.087702119748725e-24
   559   5.504613309059199e-24
   560   5.001347455053544e-24
[TRUERES]    560  5.001347455053544e-24  5.001347455053544e-24
   561   4.532683451662426e-24
   562   4.074194766420038e-24
   563   3.701490651140903e-24
   564   3.353330809266236e-24
   565   3.046830122422787e-24
   566   2.798135963570991e-24
   567   2.546675969641770e-24
   568   2.321187474852555e-24
   569   2.129118861932305e-24
   570   1.944814454431827e-24
[TRUERES]    570  1.944814454431827e-24  1.944814454431827e-24
   571   1.791448488210651e-24
   572   1.647057491935666e-24
   573   1.497768018065704e-24
   574   1.368197083293512e-24
   575   1.243006901153774e-24
   576   1.125671202755970e-24
   577   1.026114030220078e-24
   578   9.296071551202872e-25
   579   8.446319080508426e-25
   580   7.720884931972528e-25
[TRUERES]    580  7.720884931972528e-25  7.720884931972528e-25
   581   7.004973076873713e-25
   582   6.408567016339850e-25
   583   5.869963027900384e-25
   584   5.343716246039563e-25
   585   4.895209212247424e-25
   586   4.450311694245243e-25
   587   4.005344949992588e-25
   588   3.612701338643660e-25
   589   3.222711364761142e-25
   590   2.873537280269917e-25
[TRUERES]    590  2.873537280269917e-25  2.873537280269917e-25
   591   2.587981227986913e-25
   592   2.326569269411394e-25
   593   2.113067751794231e-25
   594   1.928537818383589e-25
   595   1.747458441485193e-25
   596   1.592603195662978e-25
   597   1.444286057801358e-25
   598   1.300805353542292e-25
   599   1.181016963788635e-25
   600   1.068854213755618e-25
[TRUERES]    600  1.068854213755618e-25  1.068854213755618e-25
   601   9.738501621974985e-26
   602   9.016570352063855e-26
   603   8.367703646822460e-26
   604   7.900559293995442e-26
   605   7.544407243760774e-26
   606   7.180095729887643e-26
   607   6.918315951105142e-26
   608   6.687785554396245e-26
   609   6.450745602078538e-26
   610   6.289895577528097e-26
[TRUERES]    610  6.289895577528097e-26  6.289895577528097e-26
   611   6.103823254560544e-26
   612   5.925085500802232e-26
   613   5.791868855827435e-26
   614   5.610312481964838e-26
   615   5.430985980585752e-26
   616   5.243431912789170e-26
   617   5.000365721870225e-26
   618   4.770029966642394e-26
   619   4.520448513089957e-26
   620   4.248923973843332e-26
[TRUERES]    620  4.248923973843332e-26  4.248923973843332e-26
   621   4.019286148114942e-26
   622   3.774391301932251e-26
   623   3.530482770168181e-26
   624   3.315230440411587e-26
   625   3.079429228582276e-26
   626   2.846951583390574e-26
   627   2.623761825672174e-26
   628   2.389360932941644e-26
   629   2.181303003734385e-26
   630   1.988604739268689e-26
[TRUERES]    630  1.988604739268689e-26  1.988604739268689e-26
   631   1.807949679858956e-26
   632   1.666165335476171e-26
   633   1.536449533584922e-26
   634   1.420643446957745e-26
   635   1.329924164250451e-26
   636   1.244495257028712e-26
   637   1.167065460723079e-26
   638   1.096926161033471e-26
   639   1.019563786906077e-26
   640   9.528419910089248e-27
[TRUERES]    640  9.528419910089248e-27  9.528419910089248e-27
   641   8.930567504110262e-27
   642   8.361036333424249e-27
   643   7.902926599655934e-27
   644   7.443459995351708e-27
   645   6.987501553988097e-27
   646   6.592486243740972e-27
   647   6.170946009821540e-27
   648   5.769578674318853e-27
   649   5.427245647566395e-27
   650   5.092737238570129e-27
[TRUERES]    650  5.092737238570129e-27  5.092737238570129e-27
   651   4.817083306514076e-27
   652   4.556861666932268e-27
   653   4.278982050215786e-27
   654   4.034099940930788e-27
   655   3.767544133258446e-27
   656   3.482048724360644e-27
   657   3.210719788455276e-27
   658   2.921396749004403e-27
   659   2.650456468133636e-27
   660   2.411327927588909e-27
[TRUERES]    660  2.411327927588909e-27  2.411327927588909e-27
   661   2.159991242761630e-27
   662   1.932111741453760e-27
   663   1.721763650845836e-27
   664   1.517783760764348e-27
   665   1.346830563805183e-27
   666   1.192844210932953e-27
   667   1.050411309464088e-27
   668   9.311635807640621e-28
   669   8.167848906216749e-28
   670   7.171978684639401e-28
[TRUERES]    670  7.171978684639401e-28  7.171978684639401e-28
   671   6.329030019127875e-28
   672   5.539602772156917e-28
   673   4.876655020980144e-28
   674   4.319676471421267e-28
   675   3.794615931409014e-28
   676   3.358778683973367e-28
   677   2.972469825615275e-28
   678   2.631913515676953e-28
   679   2.357656352012597e-28
   680   2.110758888406748e-28
[TRUERES]    680  2.110758888406748e-28  2.110758888406748e-28
   681   1.891368059815025e-28
   682   1.714979008334940e-28
   683   1.549590117986128e-28
   684   1.406297118638478e-28
   685   1.279051877646586e-28
   686   1.152025502442098e-28
   687   1.045820667419437e-28
   688   9.508934153487425e-29
   689   8.652915047482004e-29
   690   8.005506731228441e-29
[TRUERES]    690  8.005506731228441e-29  8.005506731228441e-29
   691   7.422118668424164e-29
   692   6.874919031926066e-29
   693   6.415437779077607e-29
   694   5.917983495430903e-29
   695   5.440671773934493e-29
   696   5.004313664456054e-29
   697   4.565931239771910e-29
   698   4.176192200453409e-29
   699   3.819103025841768e-29
   700   3.464882891021551e-29
[TRUERES]    700  3.464882891021551e-29  3.464882891021551e-29
   701   3.157158490340644e-29
   702   2.858011146488724e-29
   703   2.565958568095145e-29
   704   2.310124416648662e-29
   705   2.062639678419703e-29
   706   1.840196621368113e-29
   707   1.648435569514259e-29
   708   1.467394962070485e-29
   709   1.315186419678434e-29
   710   1.186723385338382e-29
[TRUERES]    710  1.186723385338382e-29  1.186723385338382e-29
   711   1.072629016247240e-29
   712   9.828520320747595e-30
   713   9.074725190901283e-30
   714   8.447659341981077e-30
   715   7.999283346998683e-30
   716   7.583891145277542e-30
   717   7.220921770398667e-30
   718   6.924050233450854e-30
   719   6.563370654634584e-30
   720   6.214765740422122e-30
[TRUERES]    720  6.214765740422122e-30  6.214765740422122e-30
   721   5.870123298135262e-30
   722   5.490817507951140e-30
   723   5.150611128527350e-30
   724   4.796168811600727e-30
   725   4.421579696206928e-30
   726   4.081082107090804e-30
   727   3.731580910491040e-30
   728   3.394164941017193e-30
   729   3.096280345445442e-30
   730   2.804074737903535e-30
[TRUERES]    730  2.804074737903535e-30  2.804074737903535e-30
   731   2.547262803077783e-30
   732   2.317375322711417e-30
   733   2.093908165295483e-30
   734   1.902525494268093e-30
   735   1.723085187604907e-30
   736   1.549124050489660e-30
   737   1.396367911600896e-30
   738   1.247455926800468e-30
   739   1.107188645152730e-30
   740   9.834182538131142e-31
[TRUERES]    740  9.834182538131142e-31  9.834182538131142e-31
   741   8.627217548086655e-31
   742   7.571672952567593e-31
   743   6.662943899945429e-31
   744   5.837700788137995e-31
   745   5.174340546038930e-31
   746   4.601047213529236e-31
   747   4.092458844220395e-31
   748   3.673997407990254e-31
   749   3.294274130896429e-31
   750   2.946953335244902e-31
[TRUERES]    750  2.946953335244902e-31  2.946953335244902e-31
   751   2.658468132651139e-31
   752   2.395306810982961e-31
   753   2.172711053052087e-31
   754   1.983361924885352e-31
   755   1.794275436895884e-31
   756   1.626596523420725e-31
   757   1.469058448194708e-31
   758   1.309878457360048e-31
   759   1.168594976873127e-31
   760   1.036777869988798e-31
[TRUERES]    760  1.036777869988798e-31  1.036777869988798e-31
   761   9.163728791634617e-32
   762   8.170158079630925e-32
   763   7.262337577729017e-32
   764   6.461626338538492e-32
   765   5.764272634832273e-32
   766   5.103033192621444e-32
   767   4.511336416941749e-32
   768   3.958414495515315e-32
   769   3.426866986091214e-32
   770   2.968601864155884e-32
[TRUERES]    770  2.968601864155884e-32  2.968601864155884e-32
   771   2.553530720275757e-32
   772   2.184233877335277e-32
   773   1.882980023091195e-32
   774   1.625495895502022e-32
   775   1.411826885593002e-32
   776   1.245142764038475e-32
   777   1.097523849288450e-32
   778   9.757224550054043e-33
   779   8.737167390589334e-33
   780   7.782505277869035e-33
[TRUERES]    780  7.782505277869035e-33  7.782505277869035e-33
   781   6.970513932474029e-33
   782   6.230878713374316e-33
   783   5.534065024709790e-33
   784   4.941299173749738e-33
   785   4.405169810696951e-33
   786   3.940372654515705e-33
   787   3.559877567879249e-33
   788   3.207662967108718e-33
   789   2.908002302442152e-33
   790   2.657696955770224e-33
[TRUERES]    790  2.657696955770224e-33  2.657696955770224e-33
   791   2.419641549768281e-33
   792   2.221914987775347e-33
   793   2.045542619060857e-33
   794   1.883708858849215e-33
   795   1.754142434313415e-33
   796   1.632493005328796e-33
   797   1.523467555422715e-33
   798   1.429592662465083e-33
   799   1.331934506332270e-33
   800   1.237921377581709e-33
[TRUERES]    800  1.237921377581709e-33  1.237921377581709e-33
   801   1.149461234664057e-33
   802   1.059976098150381e-33
   803   9.839256931856817e-34
   804   9.140307217382358e-34
   805   8.459688721772678e-34
   806   7.874476553042768e-34
   807   7.286046427308182e-34
   808   6.705840124586878e-34
   809   6.195221164910761e-34
   810   5.687274192044778e-34
[TRUERES]    810  5.687274192044778e-34  5.687274192044778e-34
   811   5.230069877138275e-34
   812   4.818900749847346e-34
   813   4.393589813806871e-34
   814   4.015449224140762e-34
   815   3.651910230482315e-34
   816   3.279670922796554e-34
   817   2.947991834361406e-34
   818   2.627314151290549e-34
   819   2.333287490286483e-34
   820   2.084714245388985e-34
[TRUERES]    820  2.084714245388985e-34  2.084714245388985e-34
   821   1.858576526265771e-34
   822   1.659780473282615e-34
   823   1.489033271213908e-34
   824   1.330041440165186e-34
   825   1.195412702037843e-34
   826   1.078850642118575e-34
   827   9.695901229385918e-35
   828   8.801480676366640e-35
   829   8.014559519605874e-35
   830   7.269137027537228e-35
[TRUERES]    830  7.269137027537228e-35  7.269137027537228e-35
   831   6.631951075984582e-35
   832   6.023582078921249e-35
   833   5.482189243793199e-35
   834   5.030391407522811e-35
   835   4.592991206840456e-35
   836   4.215426539127371e-35
   837   3.885414797442189e-35
   838   3.570534684717776e-35
   839   3.303017651402771e-35
   840   3.049483316193291e-35
[TRUERES]    840  3.049483316193291e-35  3.049483316193291e-35
   841   2.802485080319739e-35
   842   2.592267245843986e-35
   843   2.387542531845518e-35
   844   2.199852301226590e-35
   845   2.040710207094464e-35
   846   1.885896431928899e-35
   847   1.746499569962707e-35
   848   1.614952653234800e-35
   849   1.475558532343192e-35
   850   1.346561715976141e-35
[TRUERES]    850  1.346561715976141e-35  1.346561715976141e-35
   851   1.217713588454679e-35
   852   1.089163116877310e-35
   853   9.702441412868535e-36
   854   8.533742829366898e-36
   855   7.433154286756072e-36
   856   6.484048822413348e-36
   857   5.601483973753964e-36
   858   4.840117969179548e-36
   859   4.183713879104599e-36
   860   3.584799960475199e-36
[TRUERES]    860  3.584799960475199e-36  3.584799960475199e-36
   861   3.077198790200521e-36
   862   2.635135867526497e-36
   863   2.247908902091816e-36
   864   1.932151740475345e-36
   865   1.652679985979697e-36
   866   1.402480422044228e-36
   867   1.194049047806268e-36
   868   1.010530600968465e-36
   869   8.569015168067221e-37
   870   7.303391507406659e-37
[TRUERES]    870  7.303391507406659e-37  7.303391507406659e-37
   871   6.223182322120359e-37
   872   5.363797458783306e-37
   873   4.655411508102584e-37
   874   4.034270701194499e-37
   875   3.526993673130975e-37
   876   3.089262410032096e-37
   877   2.705954272431737e-37
   878   2.390211468741106e-37
   879   2.102282059227773e-37
   880   1.847503494506997e-37
[TRUERES]    880  1.847503494506997e-37  1.847503494506997e-37
   881   1.631862232058655e-37
   882   1.431430091703984e-37
   883   1.254452510670787e-37
   884   1.099492464068958e-37
   885   9.573628323695280e-38
   886   8.397364183770328e-38
   887   7.401801593515471e-38
   888   6.569685770604913e-38
   889   5.917846889167792e-38
   890   5.345037169996333e-38
[TRUERES]    890  5.345037169996333e-38  5.345037169996333e-38
   891   4.861062382581229e-38
   892   4.482109902528553e-38
   893   4.135791023009566e-38
   894   3.832708738054560e-38
   895   3.558921814623766e-38
   896   3.290740787658125e-38
   897   3.061660888522449e-38
   898   2.851425011301311e-38
   899   2.644620976817520e-38
   900   2.461509325877539e-38
[TRUERES]    900  2.461509325877539e-38  2.461509325877539e-38
   901   2.273472837784121e-38
   902   2.075912088643628e-38
   903   1.889095864076188e-38
   904   1.691795395666471e-38
   905   1.507747842335052e-38
   906   1.341397266514648e-38
   907   1.180218892380229e-38
   908   1.038387521965351e-38
   909   9.140126646896639e-39
   910   8.031409324590190e-39
[TRUERES]    910  8.031409324590190e-39  8.031409324590190e-39
   911   7.111547910589328e-39
   912   6.286678533457420e-39
   913   5.547183501708296e-39
   914   4.921114333523231e-39
   915   4.332676141075283e-39
   916   3.803207492943495e-39
   917   3.331877672847884e-39
   918   2.886085251732993e-39
   919   2.498444938929577e-39
   920   2.164664481043339e-39
[TRUERES]    920  2.164664481043339e-39  2.164664481043339e-39
   921   1.869393074072795e-39
   922   1.631353339334254e-39
   923   1.425681319711453e-39
   924   1.247098518121586e-39
   925   1.098496260508209e-39
   926   9.693346251844193e-40
   927   8.612010544189899e-40
   928   7.728088814543354e-40
   929   6.945818036952124e-40
   930   6.276533779521612e-40
[TRUERES]    930  6.276533779521612e-40  6.276533779521612e-40
   931   5.659218730173693e-40
   932   5.065578163187919e-40
   933   4.549341014765371e-40
   934   4.065287594739561e-40
   935   3.632229532756565e-40
   936   3.277542202202102e-40
   937   2.944655284331553e-40
   938   2.632747146157377e-40
   939   2.345542467560571e-40
   940   2.078276047908469e-40
[TRUERES]    940  2.078276047908469e-40  2.078276047908469e-40
   941   1.854700344983099e-40
   942   1.667522977414646e-40
   943   1.500886010700544e-40
   944   1.366574304551830e-40
   945   1.246428472797122e-40
   946   1.132237755778554e-40
   947   1.032155029669166e-40
   948   9.372045100882347e-41
   949   8.527362461985136e-41
   950   7.818868329807436e-41
[TRUERES]    950  7.818868329807436e-41  7.818868329807436e-41
   951   7.152223478167197e-41
   952   6.544152777045920e-41
   953   5.968377822718514e-41
   954   5.366539846734007e-41
   955   4.820251773857754e-41
   956   4.304789274991276e-41
   957   3.818232433210542e-41
   958   3.391341742022735e-41
   959   2.975981547989884e-41
   960   2.586635812720079e-41
[TRUERES]    960  2.586635812720079e-41  2.586635812720079e-41
   961   2.240691369207741e-41
   962   1.918511523584401e-41
   963   1.634716850042689e-41
   964   1.393093063514097e-41
   965   1.179003745339212e-41
   966   1.003315197182682e-41
   967   8.548796177958826e-42
   968   7.255192808541069e-42
   969   6.200781156570327e-42
   970   5.305933749286927e-42
[TRUERES]    970  5.305933749286927e-42  5.305933749286927e-42
   971   4.560993339512686e-42
   972   3.961904551885966e-42
   973   3.451983181555095e-42
   974   3.029568527845443e-42
   975   2.680206458597361e-42
   976   2.368099670514376e-42
   977   2.094675592341173e-42
   978   1.852844800585486e-42
   979   1.631192930347268e-42
   980   1.444612914884498e-42
[TRUERES]    980  1.444612914884498e-42  1.444612914884498e-42
   981   1.275646585223874e-42
   982   1.123887341382742e-42
   983   9.958028555269156e-43
   984   8.786039702885868e-43
   985   7.769526732323314e-43
   986   6.932837460475098e-43
   987   6.200602185362010e-43
   988   5.571573840098420e-43
   989   5.014149849613667e-43
   990   4.491820295201796e-43
[TRUERES]    990  4.491820295201796e-43  4.491820295201796e-43
   991   4.034986715868549e-43
   992   3.610495972115846e-43
   993   3.224208179878411e-43
   994   2.890212369022943e-43
   995   2.572774971342792e-43
   996   2.279108142231315e-43
   997   2.013738756203314e-43
   998   1.760763164119277e-43
   999   1.537545626009356e-43
  1000   1.341635838065016e-43
[TRUERES]   1000  1.341635838065016e-43  1.341635838065016e-43
  1001   1.159263408079399e-43
  1002   1.003310649139325e-43
  1003   8.701913190525367e-44
  1004   7.548865704876070e-44
  1005   6.618812770294883e-44
  1006   5.796318915683015e-44
  1007   5.060529040400175e-44
  1008   4.414166041322070e-44
  1009   3.825125065051466e-44
  1010   3.315672710097057e-44
[TRUERES]   1010  3.315672710097057e-44  3.315672710097057e-44
  1011   2.883788947880587e-44
  1012   2.498000963705625e-44
  1013   2.171931553846853e-44
  1014   1.887370865369037e-44
  1015   1.635448635833843e-44
  1016   1.417881703578124e-44
  1017   1.221561754555811e-44
  1018   1.048737518671027e-44
  1019   9.086810830758925e-45
  1020   7.885954948906750e-45
[TRUERES]   1020  7.885954948906750e-45  7.885954948906750e-45
  1021   6.892757814401690e-45
  1022   6.081042613515316e-45
  1023   5.365719637469963e-45
  1024   4.755562285851940e-45
  1025   4.228413126487625e-45
  1026   3.748218445033322e-45
  1027   3.337735829312750e-45
  1028   2.970446881423746e-45
  1029   2.631750001121163e-45
  1030   2.349086514779173e-45
[TRUERES]   1030  2.349086514779173e-45  2.349086514779173e-45
  1031   2.101726381906456e-45
  1032   1.888930464529020e-45
  1033   1.714382612696337e-45
  1034   1.555959943446711e-45
  1035   1.423021472573004e-45
  1036   1.307763928030158e-45
  1037   1.197766076283599e-45
  1038   1.099177167477702e-45
  1039   1.000610204459023e-45
  1040   8.997375811611683e-46
[TRUERES]   1040  8.997375811611683e-46  8.997375811611683e-46
  1041   8.008552779613134e-46
  1042   7.023685442683731e-46
  1043   6.104251054355848e-46
  1044   5.318234764313349e-46
  1045   4.616035923513871e-46
  1046   4.011736997298606e-46
  1047   3.491472748808109e-46
  1048   3.017191561803925e-46
  1049   2.610775229962918e-46
  1050   2.249819826558090e-46
[TRUERES]   1050  2.249819826558090e-46  2.249819826558090e-46
  1051   1.926945058607601e-46
  1052   1.654496431384698e-46
  1053   1.412571665194099e-46
  1054   1.202748276476995e-46
  1055   1.024736766027364e-46
  1056   8.649888206497616e-47
  1057   7.284783516843972e-47
  1058   6.141869217108319e-47
  1059   5.135188939410809e-47
  1060   4.299478860536464e-47
[TRUERES]   1060  4.299478860536464e-47  4.299478860536464e-47
  1061   3.600186375155534e-47
  1062   3.001200633491810e-47
  1063   2.514419635146368e-47
  1064   2.106988751349351e-47
  1065   1.766637206835496e-47
  1066   1.498325997919834e-47
  1067   1.274527013317956e-47
  1068   1.092626309250244e-47
  1069   9.457406818030287e-48
  1070   8.182958967322268e-48
[TRUERES]   1070  8.182958967322268e-48  8.182958967322268e-48
  1071   7.128007405456705e-48
  1072   6.254123549563118e-48
  1073   5.501165361101621e-48
  1074   4.891679195559948e-48
  1075   4.379052512182137e-48
  1076   3.940992127549022e-48
  1077   3.591353018096089e-48
  1078   3.268517959841629e-48
  1079   2.973760597953411e-48
  1080   2.700903219114075e-48
[TRUERES]   1080  2.700903219114075e-48  2.700903219114075e-48
  1081   2.427942553952208e-48
  1082   2.174544147150901e-48
  1083   1.946801347526940e-48
  1084   1.736209054805408e-48
  1085   1.558809700344094e-48
  1086   1.403484580403276e-48
  1087   1.262546145458029e-48
  1088   1.141400859769868e-48
  1089   1.024384854970654e-48
  1090   9.128773876678470e-49
[TRUERES]   1090  9.128773876678470e-49  9.128773876678470e-49
  1091   8.126075658221176e-49
  1092   7.170255452189354e-49
  1093   6.333857176394380e-49
  1094   5.591107432371612e-49
  1095   4.898796597602960e-49
  1096   4.289563843862185e-49
  1097   3.732693706635017e-49
  1098   3.220457230332571e-49
  1099   2.784210182893078e-49
  1100   2.392717167044406e-49
[TRUERES]   1100  2.392717167044406e-49  2.392717167044406e-49
  1101   2.041782641240517e-49
  1102   1.743977065279651e-49
  1103   1.483638822341056e-49
  1104   1.271650989964618e-49
  1105   1.104652456174320e-49
  1106   9.634067254227645e-50
  1107   8.458384274308894e-50
  1108   7.444428109581735e-50
  1109   6.532383515601397e-50
  1110   5.737204218927794e-50
[TRUERES]   1110  5.737204218927794e-50  5.737204218927794e-50
  1111   5.005602175435835e-50
  1112   4.344934276185808e-50
  1113   3.793007412736555e-50
  1114   3.321534230290689e-50
  1115   2.923344264263173e-50
  1116   2.599160729728539e-50
  1117   2.313552598906362e-50
  1118   2.075683125781694e-50
  1119   1.875364605548266e-50
  1120   1.698446993375932e-50
[TRUERES]   1120  1.698446993375932e-50  1.698446993375932e-50
  1121   1.552842677644950e-50
  1122   1.420095383599395e-50
  1123   1.291219736237972e-50
  1124   1.177110429532827e-50
  1125   1.064028051605217e-50
  1126   9.573486771632811e-51
  1127   8.621604557882309e-51
  1128   7.741804342983392e-51
  1129   7.002563335396086e-51
  1130   6.380397035077372e-51
[TRUERES]   1130  6.380397035077372e-51  6.380397035077372e-51
  1131   5.815170423207631e-51
  1132   5.333590469888451e-51
  1133   4.900810432648073e-51
  1134   4.471462018282983e-51
  1135   4.075941967831688e-51
  1136   3.688167305505734e-51
  1137   3.321428754569496e-51
  1138   2.994037171953568e-51
  1139   2.687624257193884e-51
  1140   2.416105345727997e-51
[TRUERES]   1140  2.416105345727997e-51  2.416105345727997e-51
  1141   2.181205894810800e-51
  1142   1.961986250290651e-51
  1143   1.772053522173032e-51
  1144   1.602092384550085e-51
  1145   1.444710120052817e-51
  1146   1.309876132350829e-51
  1147   1.182146099937615e-51
  1148   1.061041100458833e-51
  1149   9.497627872171011e-52
  1150   8.414989474821725e-52
[TRUERES]   1150  8.414989474821725e-52  8.414989474821725e-52
  1151   7.440613879753472e-52
  1152   6.560033341767832e-52
  1153   5.739289862966073e-52
  1154   5.020067024369692e-52
  1155   4.381302155074618e-52
  1156   3.791145246428273e-52
  1157   3.289942855836062e-52
  1158   2.841874131278657e-52
  1159   2.441299349674350e-52
  1160   2.096914444177358e-52
[TRUERES]   1160  2.096914444177358e-52  2.096914444177358e-52
  1161   1.785859507554666e-52
  1162   1.513706204406210e-52
  1163   1.283616481768508e-52
  1164   1.081542771437145e-52
  1165   9.134719220063682e-53
  1166   7.751875163135855e-53
  1167   6.600720247583449e-53
  1168   5.685023671821673e-53
  1169   4.933798971048011e-53
  1170   4.303675911208941e-53
[TRUERES]   1170  4.303675911208941e-53  4.303675911208941e-53
  1171   3.796224452852910e-53
  1172   3.353654036125066e-53
  1173   2.967868738071483e-53
  1174   2.647053532638557e-53
  1175   2.366361495319115e-53
  1176   2.128618036963356e-53
  1177   1.921256368797175e-53
  1178   1.731590379933920e-53
  1179   1.569139252308299e-53
  1180   1.425750604438440e-53
[TRUERES]   1180  1.425750604438440e-53  1.425750604438440e-53
  1181   1.296653974491405e-53
  1182   1.190619331235454e-53
  1183   1.095020127381042e-53
  1184   1.010061429214350e-53
  1185   9.330173672496981e-54
  1186   8.573122623991901e-54
  1187   7.882069704715467e-54
  1188   7.238713951698301e-54
  1189   6.596759927734635e-54
  1190   6.006607044660879e-54
[TRUERES]   1190  6.006607044660879e-54  6.006607044660879e-54
  1191   5.437798660951108e-54
  1192   4.883362176886884e-54
  1193   4.387731087879603e-54
  1194   3.918375678352942e-54
  1195   3.489358932038579e-54
  1196   3.110874424368985e-54
  1197   2.750227133234975e-54
  1198   2.415520972517639e-54
  1199   2.110720270373827e-54
  1200   1.830431899777101e-54
[TRUERES]   1200  1.830431899777101e-54  1.830431899777101e-54
  1201   1.592729958376591e-54
  1202   1.382874682195062e-54
  1203   1.190993905669869e-54
  1204   1.021591801445292e-54
  1205   8.669325939458609e-55
  1206   7.267005730810723e-55
  1207   6.075129150150485e-55
  1208   5.053625001871465e-55
  1209   4.214288129481773e-55
  1210   3.541146031826623e-55
[TRUERES]   1210  3.541146031826623e-55  3.541146031826623e-55
  1211   2.981132941906187e-55
  1212   2.539731248120984e-55
  1213   2.177009931540534e-55
  1214   1.865826588612107e-55
  1215   1.613168948158962e-55
  1216   1.399106282244397e-55
  1217   1.215906231556537e-55
  1218   1.068539435830208e-55
  1219   9.425287898813450e-56
  1220   8.338266238834139e-56
[TRUERES]   1220  8.338266238834139e-56  8.338266238834139e-56
  1221   7.409044885663194e-56
  1222   6.556009964065885e-56
  1223   5.834806931573778e-56
  1224   5.212436007309027e-56
  1225   4.650259478782055e-56
  1226   4.163651046801515e-56
  1227   3.727321727970848e-56
  1228   3.329612225764756e-56
  1229   2.999812534829110e-56
  1230   2.710225532757014e-56
[TRUERES]   1230  2.710225532757014e-56  2.710225532757014e-56
  1231   2.457825586658703e-56
  1232   2.241266778780310e-56
  1233   2.036489890654941e-56
  1234   1.857781497979824e-56
  1235   1.708951920502844e-56
  1236   1.577055553789281e-56
  1237   1.464108625818552e-56
  1238   1.361264108120312e-56
  1239   1.255156181238278e-56
  1240   1.150505893915080e-56
[TRUERES]   1240  1.150505893915080e-56  1.150505893915080e-56
  1241   1.036655055755088e-56
  1242   9.187728092878338e-57
  1243   8.113626198363319e-57
  1244   7.118462913746071e-57
  1245   6.225600608614187e-57
  1246   5.440955394539617e-57
  1247   4.717831482175768e-57
  1248   4.081674391679694e-57
  1249   3.509365985945424e-57
  1250   2.987041740501141e-57
[TRUERES]   1250  2.987041740501141e-57  2.987041740501141e-57
  1251   2.537721174172505e-57
  1252   2.144305980150529e-57
  1253   1.805295268324657e-57
  1254   1.525109107965722e-57
  1255   1.282844664953047e-57
  1256   1.079287133847029e-57
  1257   9.113649101329247e-58
  1258   7.621274361730354e-58
  1259   6.353591838630369e-58
  1260   5.285699690716154e-58
[TRUERES]   1260  5.285699690716154e-58  5.285699690716154e-58
  1261   4.372870046063931e-58
  1262   3.633540653335941e-58
  1263   3.014320364618348e-58
  1264   2.492591394224871e-58
  1265   2.069282593685421e-58
  1266   1.711009663986932e-58
  1267   1.411637931703880e-58
  1268   1.162856479554651e-58
  1269   9.506270684809788e-59
  1270   7.754658723273640e-59
[TRUERES]   1270  7.754658723273640e-59  7.754658723273640e-59
  1271   6.335361902884152e-59
  1272   5.162217954195130e-59
  1273   4.242919757685609e-59
  1274   3.499099432748129e-59
  1275   2.893364217201482e-59
  1276   2.412515081613110e-59
  1277   2.012483068297258e-59
  1278   1.685630673736869e-59
  1279   1.428291791192311e-59
  1280   1.213898762879912e-59
[TRUERES]   1280  1.213898762879912e-59  1.213898762879912e-59
  1281   1.038395140684722e-59
  1282   8.944713461904462e-60
  1283   7.706481072492790e-60
  1284   6.689384039461784e-60
  1285   5.834298769938288e-60
  1286   5.095581243564328e-60
  1287   4.479186219606396e-60
  1288   3.930494657129302e-60
  1289   3.454860929493221e-60
  1290   3.067336968320379e-60
[TRUERES]   1290  3.067336968320379e-60  3.067336968320379e-60
  1291   2.728724437050320e-60
  1292   2.434716848554999e-60
  1293   2.183961254631285e-60
  1294   1.957795885126130e-60
  1295   1.766328285068494e-60
  1296   1.606749088099340e-60
  1297   1.460112179747126e-60
  1298   1.332166862822538e-60
  1299   1.209135422463760e-60
  1300   1.088164170676630e-60
[TRUERES]   1300  1.088164170676630e-60  1.088164170676630e-60
  1301   9.767148739357490e-61
  1302   8.687869310883658e-61
  1303   7.678638941125420e-61
  1304   6.802108238727261e-61
  1305   6.004891434308277e-61
  1306   5.326625004064454e-61
  1307   4.728063357238881e-61
  1308   4.168687763056804e-61
  1309   3.668478315639809e-61
  1310   3.208063533895557e-61
[TRUERES]   1310  3.208063533895557e-61  3.208063533895557e-61
  1311   2.778880749114906e-61
  1312   2.406512789683275e-61
  1313   2.075622281657408e-61
  1314   1.786312455887992e-61
  1315   1.539525683075146e-61
  1316   1.321541011135707e-61
  1317   1.136870219465040e-61
  1318   9.839113689230054e-62
  1319   8.539678502214575e-62
  1320   7.469381474368717e-62
[TRUERES]   1320  7.469381474368717e-62  7.469381474368717e-62
  1321   6.538549907422131e-62
  1322   5.689429478826588e-62
  1323   4.942581204083656e-62
  1324   4.272536805693027e-62
  1325   3.689609070007512e-62
  1326   3.187585442474653e-62
  1327   2.729605511697170e-62
  1328   2.321288630231031e-62
  1329   1.974133567523218e-62
  1330   1.669151275849804e-62
[TRUERES]   1330  1.669151275849804e-62  1.669151275849804e-62
  1331   1.412355848885540e-62
  1332   1.191720646794815e-62
  1333   1.000849254538045e-62
  1334   8.424288134224343e-63
  1335   7.087478259573593e-63
  1336   5.961160106208997e-63
  1337   5.038959185731753e-63
  1338   4.238306998824351e-63
  1339   3.550062003104344e-63
  1340   2.968934608099465e-63
[TRUERES]   1340  2.968934608099465e-63  2.968934608099465e-63
  1341   2.473915337259606e-63
  1342   2.067306143911691e-63
  1343   1.737481175767747e-63
  1344   1.462889860614436e-63
  1345   1.242566672980813e-63
  1346   1.059919739511866e-63
  1347   9.068867241377064e-64
  1348   7.826358669661216e-64
  1349   6.756485206721319e-64
  1350   5.843032999995760e-64
[TRUERES]   1350  5.843032999995760e-64  5.843032999995760e-64
  1351   5.087598884376128e-64
  1352   4.430440018330612e-64
  1353   3.894823126664170e-64
  1354   3.457128276804719e-64
  1355   3.086445637154305e-64
  1356   2.788185820343508e-64
  1357   2.536037793301763e-64
  1358   2.306710728406067e-64
  1359   2.107420398038492e-64
  1360   1.922866710583913e-64
[TRUERES]   1360  1.922866710583913e-64  1.922866710583913e-64
  1361   1.748283489317307e-64
  1362   1.593928588267426e-64
  1363   1.455307167064599e-64
  1364   1.332876949542445e-64
  1365   1.223879442229276e-64
  1366   1.115799979616514e-64
  1367   1.018863423326121e-64
  1368   9.270728211032361e-65
  1369   8.368601676684412e-65
  1370   7.553157515326487e-65
[TRUERES]   1370  7.553157515326487e-65  7.553157515326487e-65
  1371   6.776921137224846e-65
  1372   6.046016086934044e-65
  1373   5.378085096425369e-65
  1374   4.739940910210358e-65
  1375   4.153079470284165e-65
  1376   3.626623433625823e-65
  1377   3.134884903249688e-65
  1378   2.701890727269476e-65
  1379   2.321270721794234e-65
  1380   1.980126838901733e-65
[TRUERES]   1380  1.980126838901733e-65  1.980126838901733e-65
  1381   1.686414099779408e-65
  1382   1.430147556662705e-65
  1383   1.209300292979830e-65
  1384   1.025562074120600e-65
  1385   8.647678826040354e-66
  1386   7.277276976087221e-66
  1387   6.154693916277327e-66
  1388   5.198498326602024e-66
  1389   4.394662259733437e-66
  1390   3.709515711375116e-66
[TRUERES]   1390  3.709515711375116e-66  3.709515711375116e-66
  1391   3.111571083076983e-66
  1392   2.610370554358568e-66
  1393   2.178691235307683e-66
  1394   1.810868448226068e-66
  1395   1.510482108189054e-66
  1396   1.256225689553678e-66
  1397   1.042223998947966e-66
  1398   8.651785183617701e-67
  1399   7.159301391668347e-67
  1400   5.949001373050307e-67
[TRUERES]   1400  5.949001373050307e-67  5.949001373050307e-67
  1401   4.964071156409627e-67
  1402   4.150358385978527e-67
  1403   3.506278237734135e-67
  1404   2.981515128064505e-67
  1405   2.543834130781669e-67
  1406   2.185821183630208e-67
  1407   1.873602718068416e-67
  1408   1.605515600836209e-67
  1409   1.378429247921743e-67
  1410   1.177748191809444e-67
[TRUERES]   1410  1.177748191809444e-67  1.177748191809444e-67
  1411   1.008836423497698e-67
  1412   8.642120807858179e-68
  1413   7.371956133285769e-68
  1414   6.306148973076909e-68
  1415   5.419734055349047e-68
  1416   4.658612700309047e-68
  1417   4.050364933155839e-68
  1418   3.529058929892348e-68
  1419   3.084923220084270e-68
  1420   2.718077133985135e-68
[TRUERES]   1420  2.718077133985135e-68  2.718077133985136e-68
  1421   2.389716124149571e-68
  1422   2.101647864131182e-68
  1423   1.860982897157557e-68
  1424   1.654664753249225e-68
  1425   1.487926450683403e-68
  1426   1.349191813929473e-68
  1427   1.228130371003897e-68
  1428   1.122808781424539e-68
  1429   1.028665805815537e-68
  1430   9.444224820318941e-69
[TRUERES]   1430  9.444224820318941e-69  9.444224820318941e-69
  1431   8.697848930891496e-69
  1432   7.984673598237793e-69
  1433   7.300138885226679e-69
  1434   6.651287445316825e-69
  1435   6.007678713357567e-69
  1436   5.390588842960330e-69
  1437   4.797422237968365e-69
  1438   4.219595363397203e-69
  1439   3.695678978631535e-69
  1440   3.204701015734753e-69
[TRUERES]   1440  3.204701015734753e-69  3.204701015734753e-69
  1441   2.752007424863385e-69
  1442   2.355092824371418e-69
  1443   1.999791119053906e-69
  1444   1.687618168322856e-69
  1445   1.424197121388882e-69
  1446   1.195730325923569e-69
  1447   1.005225879284247e-69
  1448   8.451891996270242e-70
  1449   7.068419712572525e-70
  1450   5.920684058750637e-70
[TRUERES]   1450  5.920684058750637e-70  5.920684058750638e-70
  1451   4.924282206198490e-70
  1452   4.060530468220186e-70
  1453   3.340592096882636e-70
  1454   2.732269536771767e-70
  1455   2.227074816013404e-70
  1456   1.819268274309799e-70
  1457   1.483063105991485e-70
  1458   1.216386102914833e-70
  1459   1.006624926565762e-70
  1460   8.350204265397339e-71
[TRUERES]   1460  8.350204265397339e-71  8.350204265397337e-71
  1461   6.995995283903972e-71
  1462   5.877575915424232e-71
  1463   4.938013243156102e-71
  1464   4.168116249618168e-71
  1465   3.529118690193754e-71
  1466   2.995951026813735e-71
  1467   2.561105705370721e-71
  1468   2.191091510788544e-71
  1469   1.881400935972417e-71
  1470   1.629566336458078e-71
[TRUERES]   1470  1.629566336458078e-71  1.629566336458083e-71
  1471   1.410424157793297e-71
  1472   1.224076476474848e-71
  1473   1.058081800781705e-71
  1474   9.118093593227160e-72
  1475   7.923538989916691e-72
  1476   6.938054802419253e-72
  1477   6.139105110536188e-72
  1478   5.501439458375013e-72
  1479   4.939425825562900e-72
  1480   4.444493168985075e-72
[TRUERES]   1480  4.444493168985075e-72  4.444493168985081e-72
  1481   4.013184449303185e-72
  1482   3.616883433224341e-72
  1483   3.258207661002914e-72
  1484   2.927032043862825e-72
  1485   2.612984580659990e-72
  1486   2.332012411567928e-72
  1487   2.071536902827914e-72
  1488   1.829460610937025e-72
  1489   1.608894494014862e-72
  1490   1.401515205565493e-72
[TRUERES]   1490  1.401515205565493e-72  1.401515205565482e-72
  1491   1.216052891598096e-72
  1492   1.057104032182023e-72
  1493   9.160927593887598e-73
  1494   7.981925480722316e-73
  1495   7.002611151454696e-73
  1496   6.141476151401588e-73
  1497   5.432300223661271e-73
  1498   4.823054940755276e-73
  1499   4.294399090253822e-73
  1500   3.841375408310639e-73
[TRUERES]   1500  3.841375408310639e-73  3.841375408310648e-73
  1501   3.409622877751864e-73
  1502   3.008484406104395e-73
  1503   2.650321484039207e-73
  1504   2.323214547879456e-73
  1505   2.035374052191393e-73
  1506   1.780351710203704e-73
  1507   1.546644337525353e-73
  1508   1.340213669409604e-73
  1509   1.155152024983785e-73
  1510   9.899355148889477e-74
[TRUERES]   1510  9.899355148889477e-74  9.899355148889480e-74
  1511   8.483926936572123e-74
  1512   7.230173839150446e-74
  1513   6.142695703900916e-74
  1514   5.210594090566549e-74
  1515   4.382597607782242e-74
  1516   3.668335726421351e-74
  1517   3.068058308351612e-74
  1518   2.557088688818573e-74
  1519   2.139514494965600e-74
  1520   1.797241472379407e-74
[TRUERES]   1520  1.797241472379407e-74  1.797241472379194e-74
  1521   1.513650441705429e-74
  1522   1.282012227735382e-74
  1523   1.087439675698109e-74
  1524   9.214826291613209e-75
  1525   7.805051330201885e-75
  1526   6.554792891075965e-75
  1527   5.474866506624757e-75
  1528   4.565960227250877e-75
  1529   3.791106110511401e-75
  1530   3.158218265491141e-75
[TRUERES]   1530  3.158218265491141e-75  3.158218265490721e-75
  1531   2.646193313458411e-75
  1532   2.212120724491656e-75
  1533   1.856269387647832e-75
  1534   1.554840291624517e-75
  1535   1.297212713686331e-75
  1536   1.082407161755169e-75
  1537   9.001653434747681e-76
  1538   7.506046460941471e-76
  1539   6.308136443603895e-76
  1540   5.321325087165079e-76
[TRUERES]   1540  5.321325087165079e-76  5.321325087165808e-76
  1541   4.528821603529651e-76
  1542   3.880324064793403e-76
  1543   3.331069900926727e-76
  1544   2.878227157934396e-76
  1545   2.498134357759505e-76
  1546   2.175689729475339e-76
  1547   1.915062691148985e-76
  1548   1.693477125799033e-76
  1549   1.507962220313702e-76
  1550   1.361123246484693e-76
[TRUERES]   1550  1.361123246484693e-76  1.361123246485077e-76
  1551   1.233410570931701e-76
  1552   1.122329440833310e-76
  1553   1.023997512645645e-76
  1554   9.334554612172355e-77
  1555   8.525125703374063e-77
  1556   7.783033296118546e-77
  1557   7.095095374432828e-77
  1558   6.497505721066700e-77
  1559   5.919383766267102e-77
  1560   5.382831918245480e-77
[TRUERES]   1560  5.382831918245480e-77  5.382831918242078e-77
  1561   4.898981095862874e-77
  1562   4.419503708483437e-77
  1563   3.959523915500673e-77
  1564   3.521249029850234e-77
  1565   3.094239981387311e-77
  1566   2.704108781259415e-77
  1567   2.346118252200762e-77
  1568   2.019401836761563e-77
  1569   1.735946371585783e-77
  1570   1.480240510384383e-77
[TRUERES]   1570  1.480240510384383e-77  1.480240510387177e-77
  1571   1.252446146369064e-77
  1572   1.054004988712728e-77
  1573   8.783777918063684e-78
  1574   7.279494408207914e-78
  1575   6.014554553578525e-78
  1576   4.939797832237849e-78
  1577   4.070473698033885e-78
  1578   3.357218277105478e-78
  1579   2.766471569140937e-78
  1580   2.289903542493965e-78
[TRUERES]   1580  2.289903542493965e-78  2.289903542481343e-78
  1581   1.895954013667868e-78
  1582   1.565304023121794e-78
  1583   1.293288001285695e-78
  1584   1.063682843090423e-78
  1585   8.764014454155401e-79
  1586   7.265053691557226e-79
  1587   6.033790038444821e-79
  1588   5.047369884350288e-79
  1589   4.252056703722245e-79
  1590   3.573091598001771e-79
[TRUERES]   1590  3.573091598001771e-79  3.573091598041063e-79
  1591   3.005509027407693e-79
  1592   2.521561374234883e-79
  1593   2.109695798117662e-79
  1594   1.776172645237353e-79
  1595   1.496672579010911e-79
  1596   1.263935541947860e-79
  1597   1.070377158857344e-79
  1598   9.030380549645633e-80
  1599   7.620024107809323e-80
  1600   6.438133171060282e-80
[TRUERES]   1600  6.438133171060282e-80  6.438133171182969e-80
  1601   5.434881603975192e-80
  1602   4.619649222882056e-80
  1603   3.941554672104789e-80
  1604   3.369033189721852e-80
  1605   2.880850263439679e-80
  1606   2.457558958967571e-80
  1607   2.101206939562892e-80
  1608   1.807704996719321e-80
  1609   1.557624468142483e-80
  1610   1.353115048993432e-80
[TRUERES]   1610  1.353115048993432e-80  1.353115049041690e-80
  1611   1.186671296654673e-80
  1612   1.047962844729644e-80
  1613   9.380595825133296e-81
  1614   8.488781158436764e-81
  1615   7.758870919188980e-81
  1616   7.173531309005908e-81
  1617   6.655229081357454e-81
  1618   6.156976627102795e-81
  1619   5.711749438501892e-81
  1620   5.262628685442766e-81
[TRUERES]   1620  5.262628685442766e-81  5.262628686071112e-81
  1621   4.831892628413006e-81
  1622   4.433177600352412e-81
  1623   4.046711289167197e-81
  1624   3.690345898304951e-81
  1625   3.360599211623055e-81
  1626   3.034365573942675e-81
  1627   2.733041647569691e-81
  1628   2.439546216022541e-81
  1629   2.148795779838232e-81
  1630   1.870954492231905e-81
[TRUERES]   1630  1.870954492231905e-81  1.870954492108744e-81
  1631   1.607865889388902e-81
  1632   1.366117149108544e-81
  1633   1.154631406993127e-81
  1634   9.677646519502472e-82
  1635   8.101544305419147e-82
  1636   6.778967161238776e-82
  1637   5.628107869627815e-82
  1638   4.679239356901677e-82
  1639   3.870674081003598e-82
  1640   3.184953596813401e-82
[TRUERES]   1640  3.184953596813401e-82  3.184953596007563e-82
  1641   2.620479390166739e-82
  1642   2.152244703495715e-82
  1643   1.761459769178465e-82
  1644   1.441828131719900e-82
  1645   1.176059047178508e-82
  1646   9.584507809155049e-83
  1647   7.819473457693918e-83
  1648   6.365780084696660e-83
  1649   5.196112871419998e-83
  1650   4.230024977168053e-83
[TRUERES]   1650  4.230024977168053e-83  4.230024977362370e-83
  1651   3.420378282981702e-83
  1652   2.767390403122432e-83
  1653   2.240380503170720e-83
  1654   1.818352493224839e-83
  1655   1.491678001488566e-83
  1656   1.223914945803917e-83
  1657   1.002995564459510e-83
  1658   8.188432864115114e-84
  1659   6.622935203230743e-84
  1660   5.353367685817615e-84
[TRUERES]   1660  5.353367685817615e-84  5.353367688598108e-84
  1661   4.324108333045811e-84
  1662   3.487187507127712e-84
  1663   2.822694090612355e-84
  1664   2.285176852410167e-84
  1665   1.847012330706568e-84
  1666   1.498463020676393e-84
  1667   1.212864963470150e-84
  1668   9.834388876614544e-85
  1669   7.995347302553469e-85
  1670   6.502228039464029e-85
[TRUERES]   1670  6.502228039464029e-85  6.502228083917787e-85
  1671   5.315883817184232e-85
  1672   4.380194907573088e-85
  1673   3.636068177104830e-85
  1674   3.051845575809008e-85
  1675   2.581062104272517e-85
  1676   2.185817173850436e-85
  1677   1.864488524001852e-85
  1678   1.589221464474433e-85
  1679   1.356969093122793e-85
  1680   1.164936161976706e-85
[TRUERES]   1680  1.164936161976706e-85  1.164936169253763e-85
  1681   9.998485641071029e-86
  1682   8.623139327161198e-86
  1683   7.497960923696243e-86
  1684   6.557117978954604e-86
  1685   5.803703249564041e-86
  1686   5.175081888712729e-86
  1687   4.641034193525823e-86
  1688   4.183660113950946e-86
  1689   3.769638304341084e-86
  1690   3.393734425599513e-86
[TRUERES]   1690  3.393734425599513e-86  3.393734512934240e-86
  1691   3.052192870385515e-86
  1692   2.717765182453181e-86
  1693   2.404049667105545e-86
  1694   2.120951849898141e-86
  1695   1.864542482493347e-86
  1696   1.645800469618958e-86
  1697   1.460711116825366e-86
  1698   1.300178144748795e-86
  1699   1.165310970387735e-86
  1700   1.043347109059676e-86
[TRUERES]   1700  1.043347109059676e-86  1.043347130682287e-86
  1701   9.324834693971469e-87
  1702   8.326860149324220e-87
  1703   7.392800206036422e-87
  1704   6.542603977402668e-87
  1705   5.779464235043382e-87
  1706   5.077461868620409e-87
  1707   4.468790421702260e-87
  1708   3.935457894910196e-87
  1709   3.453019776870662e-87
  1710   3.024802387295895e-87
[TRUERES]   1710  3.024802387295895e-87  3.024802479656630e-87
  1711   2.639399695261407e-87
  1712   2.301885083536756e-87
  1713   2.014067247307387e-87
  1714   1.767547661955997e-87
  1715   1.557093421565504e-87
  1716   1.369730238304665e-87
  1717   1.194070882377296e-87
  1718   1.035040486235516e-87
  1719   8.926442961356628e-88
  1720   7.636315969781740e-88
[TRUERES]   1720  7.636315969781740e-88  7.636316160614387e-88
  1721   6.508930027748043e-88
  1722   5.510330806080348e-88
  1723   4.635554025609320e-88
  1724   3.914217942887982e-88
  1725   3.298235164065088e-88
  1726   2.775206969686719e-88
  1727   2.341097572578250e-88
  1728   1.968828009980275e-88
  1729   1.658127980396718e-88
  1730   1.391820129099217e-88
[TRUERES]   1730  1.391820129099217e-88  1.391821592865201e-88
  1731   1.162116730663157e-88
  1732   9.713795802643707e-89
  1733   8.066216005803098e-89
  1734   6.651288507578662e-89
  1735   5.464334079448643e-89
  1736   4.465139593698851e-89
  1737   3.633203102387300e-89
  1738   2.968639948572390e-89
  1739   2.418091060510301e-89
  1740   1.978922668116331e-89
[TRUERES]   1740  1.978922668116331e-89  1.978941434342885e-89
  1741   1.626585611325358e-89
  1742   1.339408407877539e-89
  1743   1.112478703224134e-89
  1744   9.272652953010429e-90
  1745   7.707023621873547e-90
  1746   6.397517759223226e-90
  1747   5.276491066512874e-90
  1748   4.315096935913615e-90
  1749   3.522071875654756e-90
  1750   2.864090376877241e-90
[TRUERES]   1750  2.864090376877241e-90  2.864189815241132e-90
  1751   2.332681458179741e-90
  1752   1.913909522684347e-90
  1753   1.574226884718029e-90
  1754   1.303203147012289e-90
  1755   1.084336400995435e-90
  1756   9.034357814559070e-91
converged:
  nconv = 1756
    0    0     1757     3.4839e-92     3.7706e-32
ASolver_CGNR<Afield<double,ACCEL> >: solver starts
  mode_prev = D
  snorm =  2.596889751132917e+01
  init:  8.328338526825062e-01
     0   4.272562510090411e-02
[TRUERES]      0  4.272562510090411e-02  4.272562510090411e-02
     1   1.339295854837603e-02
     2   1.042450857802881e-02
     3   3.283625387016563e-03
     4   1.782056135650515e-03
