Bridge++ 2.0.0

input filename : main.yaml

file = main.yaml

Lattice parameters:
  Lx = 16,  Ly = 16,  Lz = 16,  Lt = 16,
  Nx = 16,  Ny = 16,  Nz = 16,  Nt = 16,
  NPEx = 1,  NPEy  = 1,  NPEz  = 1,  NPEt  = 1,
  Lvol = 65536,  Nvol = 65536,  NPE = 1,
  Ndim = 4
  Nc   = 3
  Nd   = 4

ThreadManager: initialization
Warning at ThreadManager: Nthread(env) != Nthread(input)
  Number of threads(env)   = 2
  Number of threads(input) = 1
  reset Nthread = Nthread(input).
  Number of threads = 1
Main: input parameters
  lattice_size     = [16, 16, 16, 16]
  grid_size        = [1, 1, 1, 1]
  number of thread = 1
  number of color  = 3
  logfile          = stdout
  ildg_logfile     = stdout
  vlevel           = General

Alt_Accel code is being setup.
DeviceManager_CUDA: being initialized.
  process_id = 0
  number of devices = 1
  device_id = 0  is used on process = 0
------------------------------------------------
Alt_Accel: Factory entries
------------------------------------------------
AFopr<double, ACCEL> >(void):
AFopr<double, ACCEL>(Parameters&):
	Clover
	CloverTerm
	Clover_dd
	Domainwall
	Domainwall_5din
	Domainwall_5din_dd
	Domainwall_5din_eo
	Domainwall_eo
	Wilson
	Wilson_dd
AFopr<double, ACCEL>(Fopr*):
	Domainwall
AFopr<double, ACCEL>(Fopr*, Director*):
AFopr<float, ACCEL> >(void):
AFopr<float, ACCEL>(Parameters&):
	Clover
	CloverTerm
	Clover_dd
	Domainwall
	Domainwall_5din
	Domainwall_5din_dd
	Domainwall_5din_eo
	Domainwall_eo
	Wilson
	Wilson_dd
AFopr<float, ACCEL>(Fopr*):
	Domainwall
AFopr<float, ACCEL>(Fopr*, Director*):
AEigensolver<AField<float, ACCEL> >, Afopr>(Fopr*):
	IRArnoldi
	IRLanczos
------------------------------------------------
Timer: timestamp: 2026/06/05 22:19:05 +0900
file = test_alt_Spectrum_Domainwall_5din_Hadron2ptFunction.yaml

--------------------------------------------------------------------
test name: Spectrum_Domainwall_alt.hadron_2ptFunction
test file: test_alt_Spectrum_Domainwall_5din_Hadron2ptFunction.yaml
test mode: float_eo
file = test_alt_Spectrum_Domainwall_5din_Hadron2ptFunction.yaml
  vlevel       = General
  source_type  = Local
Smearing parameters (assumes APE-Stout):
   proj_type:  Stout_SU3
   smear_type: APE
   rho_uniform: 0.100000
   number_of_smearing: 0
  vlevel       = General

Configuration setup:
  gconf_status = Continue
  gconf_read   = Text_4x4x4x8
  readfile     = ./conf_04040408.txt
  plaq = 0.625130

Gauge fixing:
  Gauge fixing type = None
Parameters: get_string: key 'filename_output' not found.
Elapsed time: calc_plqauette: total         0.30 sec, count    1, average         0.30 sec
plaquette (before smearing):       0.625129946974939
applying smearing
Smear_APE:
  rho =   0.1000
Director_Smear:
  Nsmear = 0
Parameters: get_string: key 'filename_output' not found.
Elapsed time: calc_plqauette: total         0.26 sec, count    1, average         0.26 sec
Elapsed time: smearig: total         0.27 sec, count    1, average         0.27 sec
plaquette (after smearing):        0.625129946974939
  gmset_type   = Dirac
Gamma matrix: dirac representation.
Fopr_Domainwall: construction
  Imp::Fopr_Wilson: construction
    Gauge group implementation: SU(3)
    Imp::Fopr_Wilson: input parameters
      gamma-matrix type = Dirac
      kappa  =   0.20833333
      boundary[0] =  1
      boundary[1] =  1
      boundary[2] =  1
      boundary[3] = -1
  Imp::Fopr_Wilson: construction finished.
  Fopr_Domainwall: input parameters
    mq   =   0.0500
    M0   =   1.6000
    Ns   =    8
    boundary[0] =  1
    boundary[1] =  1
    boundary[2] =  1
    boundary[3] = -1
    coefficients:
    b[ 0] =     1.5000000000  c[ 0] =     0.5000000000
    b[ 1] =     1.5000000000  c[ 1] =     0.5000000000
    b[ 2] =     1.5000000000  c[ 2] =     0.5000000000
    b[ 3] =     1.5000000000  c[ 3] =     0.5000000000
    b[ 4] =     1.5000000000  c[ 4] =     0.5000000000
    b[ 5] =     1.5000000000  c[ 5] =     0.5000000000
    b[ 6] =     1.5000000000  c[ 6] =     0.5000000000
    b[ 7] =     1.5000000000  c[ 7] =     0.5000000000
Fopr_Domainwall: construction finished.
Fopr_Domainwall: input parameters
  mq   =   0.0500
  M0   =   1.6000
  Ns   =    8
  boundary[0] =  1
  boundary[1] =  1
  boundary[2] =  1
  boundary[3] = -1
  coefficients:
  b[ 0] =     1.5000000000  c[ 0] =     0.5000000000
  b[ 1] =     1.5000000000  c[ 1] =     0.5000000000
  b[ 2] =     1.5000000000  c[ 2] =     0.5000000000
  b[ 3] =     1.5000000000  c[ 3] =     0.5000000000
  b[ 4] =     1.5000000000  c[ 4] =     0.5000000000
  b[ 5] =     1.5000000000  c[ 5] =     0.5000000000
  b[ 6] =     1.5000000000  c[ 6] =     0.5000000000
  b[ 7] =     1.5000000000  c[ 7] =     0.5000000000
Imp::Fopr_Wilson: construction
  Gauge group implementation: SU(3)
  Imp::Fopr_Wilson: input parameters
    gamma-matrix type = Dirac
    kappa  =   0.20833333
    boundary[0] =  1
    boundary[1] =  1
    boundary[2] =  1
    boundary[3] = -1
Imp::Fopr_Wilson: construction finished.
Source for spinor field - local:
  source_position[0] = 0
  source_position[1] = 0
  source_position[2] = 0
  source_position[3] = 0

Check of fermion operator (even-odd)
norm of source vector: 1.000000
AFopr_Domainwall_5din_eo<AField<float,ACCEL> >: construction
  do_comm[0] = 0
  do_comm[1] = 0
  do_comm[2] = 0
  do_comm[3] = 0
    extended_precision = true
    su3_reconstruction = false
  AFopr_Domainwall_5din_eo<AField<float,ACCEL> >: input parameters
    gamma matrix repr.:  Dirac
    code implementation: 5d
    mq   =   0.0500
    M0   =   1.6000
    Ns   =    8
    boundary[0] =  1
    boundary[1] =  1
    boundary[2] =  1
    boundary[3] = -1
    coefficients:
      b[ 0] =     1.5000000000  c[ 0] =     0.5000000000
      b[ 1] =     1.5000000000  c[ 1] =     0.5000000000
      b[ 2] =     1.5000000000  c[ 2] =     0.5000000000
      b[ 3] =     1.5000000000  c[ 3] =     0.5000000000
      b[ 4] =     1.5000000000  c[ 4] =     0.5000000000
      b[ 5] =     1.5000000000  c[ 5] =     0.5000000000
      b[ 6] =     1.5000000000  c[ 6] =     0.5000000000
      b[ 7] =     1.5000000000  c[ 7] =     0.5000000000
    alpha =   1.0000
convert required.
convert performed.

[D check]
norm2(abq) = 1.000000
norm2(y5)  = 114.967735
norm2(z5)  = 114.967728
norm2(axq) = 114.967728
diff2 = 0.000000
Elapsed time: afopr_Domainwall_5din_eo: Deo & dagger   : total         0.00 sec, count    2, average         0.00 sec
Elapsed time: afopr_Domainwall_5din_eo: Dee_inv & dag  : total         0.00 sec, count   18, average         0.00 sec
Elapsed time: afopr_Domainwall_5din_eo: clear          : total         0.00 sec, count    0, average         0.00 sec
Elapsed time: afopr_Domainwall_5din_eo: pack           : total         0.00 sec, count    0, average         0.00 sec
Elapsed time: afopr_Domainwall_5din_eo: bulk           : total         0.00 sec, count    2, average         0.00 sec
Elapsed time: afopr_Domainwall_5din_eo: boundary       : total         0.00 sec, count    0, average         0.00 sec
Elapsed time: afopr_Domainwall_5din_eo: comm           : total         0.00 sec, count    0, average         0.00 sec
Elapsed time: afopr_Domainwall_5din_eo: comm_recv_wait : total         0.00 sec, count    0, average         0.00 sec
Elapsed time: afopr_Domainwall_5din_eo: comm_send_wait : total         0.00 sec, count    0, average         0.00 sec
Elapsed time: afopr_Domainwall_5din_eo: comm_recv_start: total         0.00 sec, count    0, average         0.00 sec
Elapsed time: afopr_Domainwall_5din_eo: comm_send_start: total         0.00 sec, count    0, average         0.00 sec
Elapsed time: afopr_Domainwall_5din_eo: comm_test_all  : total         0.00 sec, count    0, average         0.00 sec

Fprop_alt_Standard_eo<Afield<float,ACCEL> >: being setup (without link smearing).
  AFopr_Domainwall_5din_eo<AField<float,ACCEL> >: construction
    do_comm[0] = 0
    do_comm[1] = 0
    do_comm[2] = 0
    do_comm[3] = 0
      extended_precision = true
      su3_reconstruction = false
    AFopr_Domainwall_5din_eo<AField<float,ACCEL> >: input parameters
      gamma matrix repr.:  Dirac
      code implementation: 5d
      mq   =   0.0500
      M0   =   1.6000
      Ns   =    8
      boundary[0] =  1
      boundary[1] =  1
      boundary[2] =  1
      boundary[3] = -1
      coefficients:
        b[ 0] =     1.5000000000  c[ 0] =     0.5000000000
        b[ 1] =     1.5000000000  c[ 1] =     0.5000000000
        b[ 2] =     1.5000000000  c[ 2] =     0.5000000000
        b[ 3] =     1.5000000000  c[ 3] =     0.5000000000
        b[ 4] =     1.5000000000  c[ 4] =     0.5000000000
        b[ 5] =     1.5000000000  c[ 5] =     0.5000000000
        b[ 6] =     1.5000000000  c[ 6] =     0.5000000000
        b[ 7] =     1.5000000000  c[ 7] =     0.5000000000
      alpha =   1.0000
  ASolver_CGNR<Afield<float,ACCEL> >:
  ASolver_CG<Afield<float,ACCEL> >:
    Precision: float
    Niter     = 550
    Stop_cond =   0.00000000e+00
    init_guess_mode: 0
    true_residual_interval = 10 (logging [TRUERES])
    refinement_iterations = 0
Fprop_alt_Standard_eo<Afield<float,ACCEL> >: setup finished.

Fprop_alt_Standard_eo<Afield<float,ACCEL> >: mult performance:
  mult mode = Dee_inv
  Number of mult =                400
  Elapsed time   =       0.143213 sec
  Flop(Fopr)     =           62914560
  Flop(total)    =        25165824000
  Performance    =     175.723 GFlops

Fprop_alt_Standard_eo<Afield<float,ACCEL> >: mult performance:
  mult mode = Doe
  Number of mult =                400
  Elapsed time   =       1.231481 sec
  Flop(Fopr)     =          390070272
  Flop(total)    =       156028108800
  Performance    =     126.700 GFlops

Fprop_alt_Standard_eo<Afield<float,ACCEL> >: mult performance:
  mult mode = D
  Number of mult =                400
  Elapsed time   =       3.121803 sec
  Flop(Fopr)     =          912261120
  Flop(total)    =       364904448000
  Performance    =     116.889 GFlops

Fprop_alt_Standard_eo<Afield<float,ACCEL> >: mult performance:
  mult mode = Ddag
  Number of mult =                400
  Elapsed time   =       2.930294 sec
  Flop(Fopr)     =          912261120
  Flop(total)    =       364904448000
  Performance    =     124.528 GFlops

Fprop_alt_Standard_eo<Afield<float,ACCEL> >: mult performance:
  mult mode = DdagD
  Number of mult =                400
  Elapsed time   =       6.010025 sec
  Flop(Fopr)     =         1824522240
  Flop(total)    =       729808896000
  Performance    =     121.432 GFlops

Solving quark propagator:
  color spin   Nconv      diff           diff2
ASolver_CGNR<Afield<float,ACCEL> >: solver starts
  mode_prev = D
  b2 size is reset.
  snorm =  2.593544006347656e+01
  init:  8.330509662628174e-01
     0   4.465764015913010e-02
[TRUERES]      0  4.465764015913010e-02  4.465764015913010e-02
     1   1.504939049482346e-02
     2   1.241287495940924e-02
     3   3.970550838857889e-03
     4   2.214932581409812e-03
     5   1.787889283150434e-03
     6   8.042348781600595e-04
     7   5.817194469273090e-04
     8   4.452348803170025e-04
     9   2.478116075508296e-04
    10   2.128302148776129e-04
[TRUERES]     10  2.128302148776129e-04  2.128302148776129e-04
    11   1.593963243067265e-04
    12   1.053159721777774e-04
    13   9.784338180907071e-05
    14   7.082792581059039e-05
    15   5.283554128254764e-05
    16   4.984621045878157e-05
    17   3.621274663601071e-05
    18   3.058920628973283e-05
    19   2.814821709762327e-05
    20   2.089283407258336e-05
[TRUERES]     20  2.089283407258336e-05  2.089283407258336e-05
    21   1.896660614875145e-05
    22   1.679876913840417e-05
    23   1.330203031102428e-05
    24   1.297551443713019e-05
    25   1.121728837460978e-05
    26   9.379717994306702e-06
    27   9.085484634852037e-06
    28   7.445622941304464e-06
    29   6.485461199190468e-06
    30   6.097893219703110e-06
[TRUERES]     30  6.097893219703110e-06  6.097893219703110e-06
    31   4.948558853357099e-06
    32   4.541775524558034e-06
    33   4.183470537100220e-06
    34   3.493137000987190e-06
    35   3.365813427080866e-06
    36   3.047092150154640e-06
    37   2.681379328350886e-06
    38   2.695293233045959e-06
    39   2.465722673150594e-06
    40   2.331436462554848e-06
[TRUERES]     40  2.331436462554848e-06  2.331436462554848e-06
    41   2.378206090725143e-06
    42   2.156373966499814e-06
    43   2.084342440866749e-06
    44   2.040460913121933e-06
    45   1.807558646760299e-06
    46   1.769028926901228e-06
    47   1.656097879276786e-06
    48   1.471872678848740e-06
    49   1.437425908079604e-06
    50   1.301213501392340e-06
[TRUERES]     50  1.301213501392340e-06  1.301213501392340e-06
    51   1.185011115012458e-06
    52   1.160993178928038e-06
    53   1.037731522046670e-06
    54   9.699377869765158e-07
    55   9.307814821113425e-07
    56   8.244494438258698e-07
    57   7.910712724878977e-07
    58   7.451201895491977e-07
    59   6.644829113611195e-07
    60   6.419954274861084e-07
[TRUERES]     60  6.419954274861084e-07  6.419954274861084e-07
    61   5.864155241397384e-07
    62   5.304113983584102e-07
    63   5.141871497471584e-07
    64   4.619963078766887e-07
    65   4.261720505382982e-07
    66   4.064755785293528e-07
    67   3.607822520734771e-07
    68   3.414652951505559e-07
    69   3.235761596442899e-07
    70   2.924159048234287e-07
[TRUERES]     70  2.924159048234287e-07  2.924159048234287e-07
    71   2.849618283562450e-07
    72   2.683289608285122e-07
    73   2.481968692791270e-07
    74   2.449424698625080e-07
    75   2.283336613118081e-07
    76   2.167766410821059e-07
    77   2.144366106904272e-07
    78   1.997818657173411e-07
    79   1.948079244584733e-07
    80   1.916880734142978e-07
[TRUERES]     80  1.916880734142978e-07  1.916880734142978e-07
    81   1.789642709582040e-07
    82   1.766751580589698e-07
    83   1.694802307383725e-07
    84   1.573974799384814e-07
    85   1.537936498152703e-07
    86   1.424387079396183e-07
    87   1.323183624890589e-07
    88   1.280646557688669e-07
    89   1.168426777553577e-07
    90   1.093241976946047e-07
[TRUERES]     90  1.093241976946047e-07  1.093241976946047e-07
    91   1.033033001363037e-07
    92   9.218307894798272e-08
    93   8.607797497006686e-08
    94   7.933866896792097e-08
    95   7.109996147391939e-08
    96   6.725322521106136e-08
    97   6.133472396641082e-08
    98   5.560654869896098e-08
    99   5.269919256534195e-08
   100   4.763304417565450e-08
[TRUERES]    100  4.763304417565450e-08  4.763304417565450e-08
   101   4.392233776684407e-08
   102   4.136970943591223e-08
   103   3.712134599709316e-08
   104   3.458545805301583e-08
   105   3.202728393603138e-08
   106   2.868078929907369e-08
   107   2.692049783092898e-08
   108   2.462358139609933e-08
   109   2.238400043097499e-08
   110   2.135013588144830e-08
[TRUERES]    110  2.135013588144830e-08  2.135013588144830e-08
   111   1.976685481963614e-08
   112   1.872158428284365e-08
   113   1.832891349806687e-08
   114   1.720659525972223e-08
   115   1.667653037884520e-08
   116   1.614149347517468e-08
   117   1.504964153298260e-08
   118   1.455034581709924e-08
   119   1.372388336307040e-08
   120   1.267702032237139e-08
[TRUERES]    120  1.267702032237139e-08  1.267702032237139e-08
   121   1.212383704540798e-08
   122   1.115592151990086e-08
   123   1.030403051771600e-08
   124   9.776889520196619e-09
   125   8.882548030442194e-09
   126   8.223729253131751e-09
   127   7.616742792038167e-09
   128   6.777269856428347e-09
   129   6.241327454858947e-09
   130   5.675799386040126e-09
[TRUERES]    130  5.675799386040126e-09  5.675799386040126e-09
   131   5.077846143564102e-09
   132   4.753331950269057e-09
   133   4.362114669476114e-09
   134   4.019854227266251e-09
   135   3.823260374957727e-09
   136   3.500391310140571e-09
   137   3.249967184260072e-09
   138   3.039553053696409e-09
   139   2.733654413944464e-09
   140   2.532278164935065e-09
[TRUERES]    140  2.532278164935065e-09  2.532278164935065e-09
   141   2.332953830119777e-09
   142   2.109802110794590e-09
   143   1.980963171277494e-09
   144   1.827975215640265e-09
   145   1.675297900405326e-09
   146   1.588207454439328e-09
   147   1.459386833602139e-09
   148   1.357053136530340e-09
   149   1.280463401975851e-09
   150   1.166344798519958e-09
[TRUERES]    150  1.166344798519958e-09  1.166344798519958e-09
   151   1.088837575657919e-09
   152   1.017089079624611e-09
   153   9.310021642505717e-10
   154   8.817723218257356e-10
   155   8.201058165901998e-10
   156   7.518038414033867e-10
   157   7.083258424245287e-10
   158   6.499191185227460e-10
   159   6.019036380422449e-10
   160   5.677581738083859e-10
[TRUERES]    160  5.677581738083859e-10  5.677581738083859e-10
   161   5.180926798686869e-10
   162   4.814271203912313e-10
   163   4.469951908614433e-10
   164   4.034715339606976e-10
   165   3.734376696762354e-10
   166   3.401205983522004e-10
   167   3.054292097015576e-10
   168   2.823270228713426e-10
   169   2.553987576980887e-10
   170   2.327223552756053e-10
[TRUERES]    170  2.327223552756053e-10  2.327223552756053e-10
   171   2.171897245384358e-10
   172   1.979270636276453e-10
   173   1.849832925726602e-10
   174   1.755889045274017e-10
   175   1.632057405887011e-10
   176   1.566448776246787e-10
   177   1.492429374527759e-10
   178   1.401407878631744e-10
   179   1.351263406723646e-10
   180   1.265784005388682e-10
[TRUERES]    180  1.265784005388682e-10  1.265784005388682e-10
   181   1.173704744505955e-10
   182   1.105381272625827e-10
   183   1.006611044518380e-10
   184   9.234833037163881e-11
   185   8.519519811844845e-11
   186   7.638471799520374e-11
   187   7.014288455620132e-11
   188   6.365823840281948e-11
   189   5.645062542414259e-11
   190   5.116183518505402e-11
[TRUERES]    190  5.116183518505402e-11  5.116183518505402e-11
   191   4.564006117480091e-11
   192   4.085004209897214e-11
   193   3.756763997109225e-11
   194   3.397893078016523e-11
   195   3.126243708351240e-11
   196   2.922673908445361e-11
   197   2.673899643368394e-11
   198   2.507490395875500e-11
   199   2.354499928358678e-11
   200   2.168042308181573e-11
[TRUERES]    200  2.168042308181573e-11  2.168042308181573e-11
   201   2.046179892190025e-11
   202   1.901396748382744e-11
   203   1.750002226463820e-11
   204   1.645340287625974e-11
   205   1.507173379156068e-11
   206   1.385474807796827e-11
   207   1.292894871024464e-11
   208   1.180090313662729e-11
   209   1.098770900653800e-11
   210   1.028193936242205e-11
[TRUERES]    210  1.028193936242205e-11  1.028193936242205e-11
   211   9.429659310333793e-12
   212   8.859091411850262e-12
   213   8.257265531053104e-12
   214   7.628162858319687e-12
   215   7.226792515108160e-12
   216   6.753666202674591e-12
   217   6.358838802733580e-12
   218   6.102972727878297e-12
   219   5.723414363972834e-12
   220   5.436658068180833e-12
[TRUERES]    220  5.436658068180833e-12  5.436658068180833e-12
   221   5.193469786168858e-12
   222   4.865092703698615e-12
   223   4.650235925496293e-12
   224   4.411570501267059e-12
   225   4.113817359679972e-12
   226   3.915421806222064e-12
   227   3.656287946018910e-12
   228   3.401029891741958e-12
   229   3.216226980920500e-12
   230   2.976345298694172e-12
[TRUERES]    230  2.976345298694172e-12  2.976345298694172e-12
   231   2.795358562679429e-12
   232   2.663984918077622e-12
   233   2.500258030127545e-12
   234   2.398601499711828e-12
   235   2.294411622499881e-12
   236   2.158392171588974e-12
   237   2.066106183709615e-12
   238   1.938111129917708e-12
   239   1.795341869961775e-12
   240   1.674426764776415e-12
[TRUERES]    240  1.674426764776415e-12  1.674426764776415e-12
   241   1.510296770458608e-12
   242   1.358196866606265e-12
   243   1.225124602460825e-12
   244   1.079787951760447e-12
   245   9.704283817496551e-13
   246   8.742190998889399e-13
   247   7.789274867470164e-13
   248   7.081848670854873e-13
   249   6.358653837842954e-13
   250   5.690835172891817e-13
[TRUERES]    250  5.690835172891817e-13  5.690835172891817e-13
   251   5.224062285189013e-13
   252   4.743505935267400e-13
   253   4.342135646265982e-13
   254   4.027731381923971e-13
   255   3.668159526126757e-13
   256   3.389491378541498e-13
   257   3.146500529745133e-13
   258   2.881704748956826e-13
   259   2.710297806497730e-13
   260   2.542682590086359e-13
[TRUERES]    260  2.542682590086359e-13  2.542682590086359e-13
   261   2.361026142389672e-13
   262   2.219364693108530e-13
   263   2.041753403717386e-13
   264   1.874207169669240e-13
   265   1.743957896930409e-13
   266   1.593445156638368e-13
   267   1.476814411862856e-13
   268   1.375237949777577e-13
   269   1.260196509861658e-13
   270   1.180894710359551e-13
[TRUERES]    270  1.180894710359551e-13  1.180894710359551e-13
   271   1.101352014687244e-13
   272   1.019243147997936e-13
   273   9.635772946691920e-14
   274   9.004091688826626e-14
   275   8.453640890603020e-14
   276   8.054968909758375e-14
   277   7.502389009518551e-14
   278   7.021245157544723e-14
   279   6.550303648013983e-14
   280   5.956094450108862e-14
[TRUERES]    280  5.956094450108862e-14  5.956094450108862e-14
   281   5.469502482218294e-14
   282   4.990952245128959e-14
   283   4.508825496123137e-14
   284   4.158969379281473e-14
   285   3.798386437195780e-14
   286   3.473592670010656e-14
   287   3.231651599967800e-14
   288   2.960627823087557e-14
   289   2.742904780259417e-14
   290   2.569685695512965e-14
[TRUERES]    290  2.569685695512965e-14  2.569685695512965e-14
   291   2.375766650194924e-14
   292   2.231425967938981e-14
   293   2.098347774562911e-14
   294   1.959537539826181e-14
   295   1.864239895809673e-14
   296   1.750028514300745e-14
   297   1.636525591148900e-14
   298   1.553150952304534e-14
   299   1.451820739637680e-14
   300   1.364660541145445e-14
[TRUERES]    300  1.364660541145445e-14  1.364660541145445e-14
   301   1.291451568217550e-14
   302   1.201373171815434e-14
   303   1.133635015287265e-14
   304   1.073547599151877e-14
   305   1.003597500785249e-14
   306   9.522940704227711e-15
   307   8.925413170048427e-15
   308   8.249697718573992e-15
   309   7.680707571420652e-15
   310   6.986138437089758e-15
[TRUERES]    310  6.986138437089758e-15  6.986138437089758e-15
   311   6.334669303730478e-15
   312   5.776627480936873e-15
   313   5.173178339423334e-15
   314   4.673575013726698e-15
   315   4.211481695066271e-15
   316   3.723255715917155e-15
   317   3.325199782135049e-15
   318   2.954354570025249e-15
   319   2.617933200408339e-15
   320   2.368933889519307e-15
[TRUERES]    320  2.368933889519307e-15  2.368933889519307e-15
   321   2.122047925833676e-15
   322   1.912004930738290e-15
   323   1.748398822910228e-15
   324   1.576334455829121e-15
   325   1.437649539616937e-15
   326   1.318662268714034e-15
   327   1.198004437080909e-15
   328   1.100659175617708e-15
   329   1.005735051955116e-15
   330   9.103343663805744e-16
[TRUERES]    330  9.103343663805744e-16  9.103343663805744e-16
   331   8.359317863871447e-16
   332   7.591288738398739e-16
   333   6.871677604377863e-16
   334   6.293756553586911e-16
   335   5.664847295744802e-16
   336   5.139090239614913e-16
   337   4.681752799195083e-16
   338   4.205879101515776e-16
   339   3.826470809825710e-16
   340   3.476292831052001e-16
[TRUERES]    340  3.476292831052001e-16  3.476292831052001e-16
   341   3.126115646371680e-16
   342   2.850765087554009e-16
   343   2.579782571766209e-16
   344   2.327662950318170e-16
   345   2.127585959591722e-16
   346   1.910456475101371e-16
   347   1.718025015515077e-16
   348   1.552393281333215e-16
   349   1.379520606592410e-16
   350   1.235552269432169e-16
[TRUERES]    350  1.235552269432169e-16  1.235552269432169e-16
   351   1.098660032278400e-16
   352   9.633955542212379e-17
   353   8.557829961227843e-17
   354   7.555572270688781e-17
   355   6.686478747369937e-17
   356   6.040793472611864e-17
   357   5.417108886041987e-17
   358   4.907566290453812e-17
   359   4.507129810278116e-17
   360   4.092405604817915e-17
[TRUERES]    360  4.092405604817915e-17  4.092405604817915e-17
   361   3.750758836009833e-17
   362   3.446889736649293e-17
   363   3.133805183520422e-17
   364   2.895934840002018e-17
   365   2.668790712922712e-17
   366   2.458468296216406e-17
   367   2.301817162683359e-17
   368   2.145210862339512e-17
   369   2.007700853617064e-17
   370   1.902016453526472e-17
[TRUERES]    370  1.902016453526472e-17  1.902016453526472e-17
   371   1.773006718214741e-17
   372   1.666506221731804e-17
   373   1.579776996250109e-17
   374   1.488760493653552e-17
   375   1.430754784070516e-17
   376   1.377884790756638e-17
   377   1.324103327125787e-17
   378   1.292042716481906e-17
   379   1.248902683277367e-17
   380   1.212498050928602e-17
[TRUERES]    380  1.212498050928602e-17  1.212498050928602e-17
   381   1.190432677216505e-17
   382   1.147485873403058e-17
   383   1.107963514607519e-17
   384   1.064013837019413e-17
   385   9.990809861146126e-18
   386   9.409577341665328e-18
   387   8.788056163269522e-18
   388   8.119169795818317e-18
   389   7.587437418553917e-18
   390   7.022214979829082e-18
[TRUERES]    390  7.022214979829082e-18  7.022214979829082e-18
   391   6.500571724495992e-18
   392   6.080201018738381e-18
   393   5.596261069315763e-18
   394   5.173852190528821e-18
   395   4.801658965188136e-18
   396   4.407748526455178e-18
   397   4.111669979539785e-18
   398   3.847816734928233e-18
   399   3.567252787581884e-18
   400   3.350900389646190e-18
[TRUERES]    400  3.350900389646190e-18  3.350900389646190e-18
   401   3.124105250067319e-18
   402   2.902782737421100e-18
   403   2.732155849771571e-18
   404   2.544477667770027e-18
   405   2.371803921694736e-18
   406   2.225470294660123e-18
   407   2.066099267195910e-18
   408   1.938633629933632e-18
   409   1.826219371097369e-18
   410   1.708902102577775e-18
[TRUERES]    410  1.708902102577775e-18  1.708902102577775e-18
   411   1.626889729782557e-18
   412   1.540186105540820e-18
   413   1.453327488331807e-18
   414   1.392157171840781e-18
   415   1.322211399628756e-18
   416   1.255923316687864e-18
   417   1.198645195171630e-18
   418   1.125263521490213e-18
   419   1.057669216964524e-18
   420   9.899385310353396e-19
[TRUERES]    420  9.899385310353396e-19  9.899386344329162e-19
   421   9.149896602858646e-19
   422   8.547630534761850e-19
   423   7.954655772895555e-19
   424   7.360188467011485e-19
   425   6.890692642047691e-19
   426   6.391369718171002e-19
   427   5.923362818309804e-19
   428   5.539483805660430e-19
   429   5.128783461649023e-19
   430   4.767315356733124e-19
[TRUERES]    430  4.767315356733124e-19  4.767314839745241e-19
   431   4.441720007032118e-19
   432   4.075792106144851e-19
   433   3.764246677642000e-19
   434   3.466408665864919e-19
   435   3.170647652907169e-19
   436   2.950439507642424e-19
   437   2.738674032998489e-19
   438   2.552374864475647e-19
   439   2.408543924083103e-19
   440   2.253002949650163e-19
[TRUERES]    440  2.253002949650163e-19  2.253002949650163e-19
   441   2.120278976932674e-19
   442   2.010760005336711e-19
   443   1.889952991059727e-19
   444   1.796279181085100e-19
   445   1.709909117425376e-19
   446   1.617197034159814e-19
   447   1.552992438236184e-19
   448   1.485054414316584e-19
   449   1.415625138848917e-19
   450   1.357738134853661e-19
[TRUERES]    450  1.357738134853661e-19  1.357738393347602e-19
   451   1.281252362526062e-19
   452   1.205986810848950e-19
   453   1.134424572623632e-19
   454   1.051432313919965e-19
   455   9.780517646871936e-20
   456   9.029988889003871e-20
   457   8.188034055228822e-20
   458   7.449302960847295e-20
   459   6.704505013660574e-20
   460   5.966572019323190e-20
[TRUERES]    460  5.966572019323190e-20  5.966572019323190e-20
   461   5.324886659135178e-20
   462   4.668291045288472e-20
   463   4.079678691801114e-20
   464   3.574021890877741e-20
   465   3.085722635003484e-20
   466   2.680590573607752e-20
   467   2.330582345220436e-20
   468   2.009428018368302e-20
   469   1.755118447622263e-20
   470   1.532451928039358e-20
[TRUERES]    470  1.532451928039358e-20  1.532451928039358e-20
   471   1.335713562471513e-20
   472   1.182576420135092e-20
   473   1.042850428155827e-20
   474   9.267581333440670e-21
   475   8.376475976967346e-21
   476   7.549351909964004e-21
   477   6.890473471497108e-21
   478   6.339314709079286e-21
   479   5.799877031317855e-21
   480   5.386988697651017e-21
[TRUERES]    480  5.386988697651017e-21  5.386988697651017e-21
   481   5.026373897391626e-21
   482   4.682757901058270e-21
   483   4.433558432416733e-21
   484   4.182505885332622e-21
   485   3.937851063298725e-21
   486   3.723548276749269e-21
   487   3.459015674516741e-21
   488   3.210087826462089e-21
   489   2.983844437354425e-21
   490   2.735813038210692e-21
[TRUERES]    490  2.735813038210692e-21  2.735813442107476e-21
   491   2.518560795399924e-21
   492   2.315370219105773e-21
   493   2.113699506407832e-21
   494   1.943341497693822e-21
   495   1.770736409224960e-21
   496   1.597405114339413e-21
   497   1.447347159911156e-21
   498   1.296249878084827e-21
   499   1.161783955085768e-21
   500   1.048596021459446e-21
[TRUERES]    500  1.048596021459446e-21  1.048598242891755e-21
   501   9.359199260319804e-22
   502   8.424142865610889e-22
   503   7.593011132773535e-22
   504   6.796389855729066e-22
   505   6.157397881241646e-22
   506   5.574245141940369e-22
   507   5.052368593401763e-22
   508   4.659542115892625e-22
   509   4.291844581638249e-22
   510   3.981241644260148e-22
[TRUERES]    510  3.981241644260148e-22  3.981247450276411e-22
   511   3.731591275346962e-22
   512   3.464143194670030e-22
   513   3.233154371766242e-22
   514   3.030488558368018e-22
   515   2.816786770232370e-22
   516   2.646749506051537e-22
   517   2.484128796557229e-22
   518   2.321898352329952e-22
   519   2.195853020934035e-22
   520   2.066489803679631e-22
[TRUERES]    520  2.066489803679631e-22  2.066510250954294e-22
   521   1.950963837791528e-22
   522   1.865769889253534e-22
   523   1.775654332191176e-22
   524   1.710843034831156e-22
   525   1.657349682650522e-22
   526   1.586014821148686e-22
   527   1.517770401129144e-22
   528   1.433122344337564e-22
   529   1.327575405791634e-22
   530   1.231352424492182e-22
[TRUERES]    530  1.231352424492182e-22  1.231367823057052e-22
   531   1.128735252239371e-22
   532   1.028609744487354e-22
   533   9.419793749042620e-23
   534   8.544262904975510e-23
   535   7.799960650213726e-23
   536   7.181634433305944e-23
   537   6.538912850676383e-23
   538   5.969813447520565e-23
   539   5.421290061127808e-23
   540   4.850670680779810e-23
[TRUERES]    540  4.850670680779810e-23  4.850778596951644e-23
   541   4.353054381867137e-23
   542   3.872405849937043e-23
   543   3.427749885668564e-23
   544   3.068623167377233e-23
   545   2.731548897919174e-23
   546   2.432915662600355e-23
   547   2.169250737943810e-23
   548   1.909023353567856e-23
   549   1.690843675389811e-23
Error at ASolver_CG<Afield<float,ACCEL> >: not converged
  iter(final):      550   1.690843675389811e-23
converged:
  nconv = -1
    0    0       -1     6.7678e-24     1.4466e-22
ASolver_CGNR<Afield<float,ACCEL> >: solver starts
  mode_prev = D
  snorm =  2.596889686584473e+01
  init:  8.328338265419006e-01
     0   4.272562265396118e-02
[TRUERES]      0  4.272562265396118e-02  4.272562265396118e-02
     1   1.339295879006386e-02
     2   1.042450871318579e-02
     3   3.283625468611717e-03
     4   1.782056177034974e-03
     5   1.409698277711868e-03
     6   6.156458985060453e-04
     7   4.198581445962191e-04
     8   3.184597298968583e-04
     9   1.713375386316329e-04
    10   1.426985108992085e-04
[TRUERES]     10  1.426985108992085e-04  1.426985108992085e-04
    11   1.076546031981707e-04
    12   6.866591138532385e-05
    13   6.133338320069015e-05
    14   4.447799437912181e-05
    15   3.163099609082565e-05
    16   2.908957503677811e-05
    17   2.104135455738287e-05
    18   1.723673267406411e-05
    19   1.609941136848647e-05
    20   1.219356636283919e-05
[TRUERES]     20  1.219356636283919e-05  1.219356636283919e-05
    21   1.118387626775075e-05
    22   1.024518132908270e-05
    23   8.049075404414907e-06
    24   7.686511708016042e-06
    25   6.673989901173627e-06
    26   5.483299446495948e-06
    27   5.317886007105699e-06
    28   4.454745976545382e-06
    29   3.837458280031569e-06
    30   3.639400574684259e-06
[TRUERES]     30  3.639400574684259e-06  3.639400574684259e-06
    31   2.950320322270272e-06
    32   2.631964207466808e-06
    33   2.433462213957682e-06
    34   1.997359277083888e-06
    35   1.872773964350927e-06
    36   1.699882886896376e-06
    37   1.453439494980557e-06
    38   1.431260329809447e-06
    39   1.297851326853561e-06
    40   1.183431209028640e-06
[TRUERES]     40  1.183431209028640e-06  1.183431209028640e-06
    41   1.188967871712521e-06
    42   1.067850348590582e-06
    43   1.011545236906386e-06
    44   9.972388852474978e-07
    45   8.798611474958307e-07
    46   8.452290671812079e-07
    47   7.903013852228469e-07
    48   6.846078122180188e-07
    49   6.515013524222013e-07
    50   5.806939498143038e-07
[TRUERES]     50  5.806939498143038e-07  5.806939498143038e-07
    51   5.084708618596778e-07
    52   4.839498046749213e-07
    53   4.242831437295536e-07
    54   3.839257374238514e-07
    55   3.635546761415753e-07
    56   3.157297783218382e-07
    57   2.941928300970176e-07
    58   2.751332317529886e-07
    59   2.418663882508554e-07
    60   2.307714197513633e-07
[TRUERES]     60  2.307714197513633e-07  2.307714197513633e-07
    61   2.114323507385052e-07
    62   1.889136456156848e-07
    63   1.822650119720493e-07
    64   1.647833016704681e-07
    65   1.508695675056515e-07
    66   1.453205840107330e-07
    67   1.303965717625033e-07
    68   1.233322564075934e-07
    69   1.188487814829386e-07
    70   1.081401705960161e-07
[TRUERES]     70  1.081401705960161e-07  1.081401705960161e-07
    71   1.053445402021680e-07
    72   1.003341125738189e-07
    73   9.245833609838883e-08
    74   9.104137177473604e-08
    75   8.537391238405689e-08
    76   8.034695753167398e-08
    77   7.959619097164250e-08
    78   7.388022993382037e-08
    79   7.071583496554013e-08
    80   6.917622386026778e-08
[TRUERES]     80  6.917622386026778e-08  6.917622386026778e-08
    81   6.390035878212075e-08
    82   6.216104253553567e-08
    83   5.964571414551756e-08
    84   5.505106059899845e-08
    85   5.379407141958836e-08
    86   5.034855021790463e-08
    87   4.650119223015281e-08
    88   4.483334592464416e-08
    89   4.076174420220013e-08
    90   3.773361356707028e-08
[TRUERES]     90  3.773361356707028e-08  3.773361356707028e-08
    91   3.563722117405632e-08
    92   3.176819163286382e-08
    93   2.945862398462396e-08
    94   2.708036994647500e-08
    95   2.382077468610078e-08
    96   2.202433257991743e-08
    97   1.973218566320156e-08
    98   1.739062760464094e-08
    99   1.607078026211184e-08
   100   1.420782780314767e-08
[TRUERES]    100  1.420782780314767e-08  1.420782780314767e-08
   101   1.273571026416676e-08
   102   1.180120445809507e-08
   103   1.044153297158346e-08
   104   9.544648627013430e-09
   105   8.748059165952782e-09
   106   7.677513735870889e-09
   107   7.046272898492134e-09
   108   6.371841276830992e-09
   109   5.684123838278765e-09
   110   5.336308284142888e-09
[TRUERES]    110  5.336308284142888e-09  5.336308284142888e-09
   111   4.871305137044146e-09
   112   4.487424654087135e-09
   113   4.288283061981701e-09
   114   3.939266246533180e-09
   115   3.718423347010003e-09
   116   3.564347261786338e-09
   117   3.290542061051838e-09
   118   3.155715244673729e-09
   119   2.995546477535527e-09
   120   2.762592821170529e-09
[TRUERES]    120  2.762592821170529e-09  2.762592821170529e-09
   121   2.647805308342299e-09
   122   2.464314974304216e-09
   123   2.289563427737562e-09
   124   2.210076122111104e-09
   125   2.050342340353950e-09
   126   1.926737880353357e-09
   127   1.830147366987944e-09
   128   1.665835469566446e-09
   129   1.560987894499988e-09
   130   1.457426179740651e-09
[TRUERES]    130  1.457426179740651e-09  1.457426179740651e-09
   131   1.325402454455116e-09
   132   1.260274662406857e-09
   133   1.177347774827808e-09
   134   1.094959456438005e-09
   135   1.053333531508827e-09
   136   9.784422161374096e-10
   137   9.159124014779252e-10
   138   8.708709309246387e-10
   139   7.923755540595323e-10
   140   7.354616360366606e-10
[TRUERES]    140  7.354616360366606e-10  7.354616360366606e-10
   141   6.803250185427601e-10
   142   6.096044224968011e-10
   143   5.644262834891833e-10
   144   5.142036241245762e-10
   145   4.632700889573016e-10
   146   4.323390534466398e-10
   147   3.924351399398063e-10
   148   3.596440090181119e-10
   149   3.374933388311518e-10
   150   3.073822030241757e-10
[TRUERES]    150  3.073822030241757e-10  3.073822030241757e-10
   151   2.876830440534661e-10
   152   2.724993841685119e-10
   153   2.528454667860558e-10
   154   2.443829305587286e-10
   155   2.356824180260730e-10
   156   2.248668334869919e-10
   157   2.213203648127049e-10
   158   2.122284015193543e-10
   159   2.035602797434422e-10
   160   1.989738512842010e-10
[TRUERES]    160  1.989738512842010e-10  1.989738512842010e-10
   161   1.869912003016339e-10
   162   1.772830632296163e-10
   163   1.680896394296028e-10
   164   1.537155680519930e-10
   165   1.437216040622857e-10
   166   1.328608473238901e-10
   167   1.202809102318625e-10
   168   1.117466050248872e-10
   169   1.012934736088766e-10
   170   9.129173111910305e-11
[TRUERES]    170  9.129173111910305e-11  9.129173111910305e-11
   171   8.412429780557673e-11
   172   7.532201251603254e-11
   173   6.864109974857868e-11
   174   6.355566073423802e-11
   175   5.776492478792861e-11
   176   5.415443440903722e-11
   177   5.098230171363127e-11
   178   4.733833464110049e-11
   179   4.539763009958619e-11
   180   4.288227065107897e-11
[TRUERES]    180  4.288227065107897e-11  4.288227065107897e-11
   181   4.015473717422502e-11
   182   3.833481448944909e-11
   183   3.552298732945047e-11
   184   3.309069684931387e-11
   185   3.112867949517373e-11
   186   2.843236236726998e-11
   187   2.647119155818611e-11
   188   2.461439038703439e-11
   189   2.233303646181906e-11
   190   2.076512746473913e-11
[TRUERES]    190  2.076512746473913e-11  2.076512746473913e-11
   191   1.906773003379492e-11
   192   1.735467151930958e-11
   193   1.618066097774928e-11
   194   1.475174669918200e-11
   195   1.347298054371615e-11
   196   1.247656231800898e-11
   197   1.123443525707923e-11
   198   1.028035555988849e-11
   199   9.452757153416425e-12
   200   8.483555004323851e-12
[TRUERES]    200  8.483555004323851e-12  8.483555004323851e-12
   201   7.772582057141708e-12
   202   7.039902948785537e-12
   203   6.288214306898743e-12
   204   5.755703205712059e-12
   205   5.164191123341322e-12
   206   4.635097861083182e-12
   207   4.238162338437990e-12
   208   3.789282689709017e-12
   209   3.436264077102957e-12
   210   3.148157515925343e-12
[TRUERES]    210  3.148157515925343e-12  3.148157515925343e-12
   211   2.819462545378126e-12
   212   2.570849566216338e-12
   213   2.331509551395383e-12
   214   2.082334955508247e-12
   215   1.903015071913483e-12
   216   1.714061618335316e-12
   217   1.543767934666929e-12
   218   1.428390283657321e-12
   219   1.305773306321811e-12
   220   1.212905101875827e-12
[TRUERES]    220  1.212905101875827e-12  1.212905101875827e-12
   221   1.146276541567903e-12
   222   1.062724452709218e-12
   223   1.007409325230746e-12
   224   9.544635047598060e-13
   225   8.916572450008708e-13
   226   8.535687347904775e-13
   227   8.064267569690697e-13
   228   7.562825691219410e-13
   229   7.232331595587171e-13
   230   6.776352482612547e-13
[TRUERES]    230  6.776352482612547e-13  6.776352482612547e-13
   231   6.410784446700402e-13
   232   6.162939082676733e-13
   233   5.812940732062566e-13
   234   5.592299084748731e-13
   235   5.419115677030018e-13
   236   5.209336651282315e-13
   237   5.151004405998250e-13
   238   5.077071575654291e-13
