Bridge++ 2.0.0

input filename : main.yaml

file = main.yaml

Lattice parameters:
  Lx = 16,  Ly = 16,  Lz = 16,  Lt = 16,
  Nx = 16,  Ny = 16,  Nz = 16,  Nt = 16,
  NPEx = 1,  NPEy  = 1,  NPEz  = 1,  NPEt  = 1,
  Lvol = 65536,  Nvol = 65536,  NPE = 1,
  Ndim = 4
  Nc   = 3
  Nd   = 4

ThreadManager: initialization
Warning at ThreadManager: Nthread(env) != Nthread(input)
  Number of threads(env)   = 2
  Number of threads(input) = 1
  reset Nthread = Nthread(input).
  Number of threads = 1
Main: input parameters
  lattice_size     = [16, 16, 16, 16]
  grid_size        = [1, 1, 1, 1]
  number of thread = 1
  number of color  = 3
  logfile          = stdout
  ildg_logfile     = stdout
  vlevel           = General

Alt_Accel code is being setup.
DeviceManager_CUDA: being initialized.
  process_id = 0
  number of devices = 1
  device_id = 0  is used on process = 0
------------------------------------------------
Alt_Accel: Factory entries
------------------------------------------------
AFopr<double, ACCEL> >(void):
AFopr<double, ACCEL>(Parameters&):
	Clover
	CloverTerm
	Clover_dd
	Domainwall
	Domainwall_5din
	Domainwall_5din_dd
	Domainwall_5din_eo
	Domainwall_eo
	Wilson
	Wilson_dd
AFopr<double, ACCEL>(Fopr*):
	Domainwall
AFopr<double, ACCEL>(Fopr*, Director*):
AFopr<float, ACCEL> >(void):
AFopr<float, ACCEL>(Parameters&):
	Clover
	CloverTerm
	Clover_dd
	Domainwall
	Domainwall_5din
	Domainwall_5din_dd
	Domainwall_5din_eo
	Domainwall_eo
	Wilson
	Wilson_dd
AFopr<float, ACCEL>(Fopr*):
	Domainwall
AFopr<float, ACCEL>(Fopr*, Director*):
AEigensolver<AField<float, ACCEL> >, Afopr>(Fopr*):
	IRArnoldi
	IRLanczos
------------------------------------------------
Timer: timestamp: 2026/06/05 21:58:44 +0900
file = test_alt_Spectrum_Domainwall_5din_Hadron2ptFunction.yaml

--------------------------------------------------------------------
test name: Spectrum_Domainwall_alt.hadron_2ptFunction
test file: test_alt_Spectrum_Domainwall_5din_Hadron2ptFunction.yaml
test mode: double_eo
file = test_alt_Spectrum_Domainwall_5din_Hadron2ptFunction.yaml
  vlevel       = General
  source_type  = Local
Smearing parameters (assumes APE-Stout):
   proj_type:  Stout_SU3
   smear_type: APE
   rho_uniform: 0.100000
   number_of_smearing: 0
  vlevel       = General

Configuration setup:
  gconf_status = Continue
  gconf_read   = Text_4x4x4x8
  readfile     = ./conf_04040408.txt
  plaq = 0.625130

Gauge fixing:
  Gauge fixing type = None
Parameters: get_string: key 'filename_output' not found.
Elapsed time: calc_plqauette: total         0.17 sec, count    1, average         0.17 sec
plaquette (before smearing):       0.625129946974939
applying smearing
Smear_APE:
  rho =   0.1000
Director_Smear:
  Nsmear = 0
Parameters: get_string: key 'filename_output' not found.
Elapsed time: calc_plqauette: total         0.22 sec, count    1, average         0.22 sec
Elapsed time: smearig: total         0.23 sec, count    1, average         0.23 sec
plaquette (after smearing):        0.625129946974939
  gmset_type   = Dirac
Gamma matrix: dirac representation.
Fopr_Domainwall: construction
  Imp::Fopr_Wilson: construction
    Gauge group implementation: SU(3)
    Imp::Fopr_Wilson: input parameters
      gamma-matrix type = Dirac
      kappa  =   0.20833333
      boundary[0] =  1
      boundary[1] =  1
      boundary[2] =  1
      boundary[3] = -1
  Imp::Fopr_Wilson: construction finished.
  Fopr_Domainwall: input parameters
    mq   =   0.1000
    M0   =   1.6000
    Ns   =    8
    boundary[0] =  1
    boundary[1] =  1
    boundary[2] =  1
    boundary[3] = -1
    coefficients:
    b[ 0] =     1.5000000000  c[ 0] =     0.5000000000
    b[ 1] =     1.5000000000  c[ 1] =     0.5000000000
    b[ 2] =     1.5000000000  c[ 2] =     0.5000000000
    b[ 3] =     1.5000000000  c[ 3] =     0.5000000000
    b[ 4] =     1.5000000000  c[ 4] =     0.5000000000
    b[ 5] =     1.5000000000  c[ 5] =     0.5000000000
    b[ 6] =     1.5000000000  c[ 6] =     0.5000000000
    b[ 7] =     1.5000000000  c[ 7] =     0.5000000000
Fopr_Domainwall: construction finished.
Fopr_Domainwall: input parameters
  mq   =   0.1000
  M0   =   1.6000
  Ns   =    8
  boundary[0] =  1
  boundary[1] =  1
  boundary[2] =  1
  boundary[3] = -1
  coefficients:
  b[ 0] =     1.5000000000  c[ 0] =     0.5000000000
  b[ 1] =     1.5000000000  c[ 1] =     0.5000000000
  b[ 2] =     1.5000000000  c[ 2] =     0.5000000000
  b[ 3] =     1.5000000000  c[ 3] =     0.5000000000
  b[ 4] =     1.5000000000  c[ 4] =     0.5000000000
  b[ 5] =     1.5000000000  c[ 5] =     0.5000000000
  b[ 6] =     1.5000000000  c[ 6] =     0.5000000000
  b[ 7] =     1.5000000000  c[ 7] =     0.5000000000
Imp::Fopr_Wilson: construction
  Gauge group implementation: SU(3)
  Imp::Fopr_Wilson: input parameters
    gamma-matrix type = Dirac
    kappa  =   0.20833333
    boundary[0] =  1
    boundary[1] =  1
    boundary[2] =  1
    boundary[3] = -1
Imp::Fopr_Wilson: construction finished.
Source for spinor field - local:
  source_position[0] = 0
  source_position[1] = 0
  source_position[2] = 0
  source_position[3] = 0

Check of fermion operator (even-odd)
norm of source vector: 1.000000
AFopr_Domainwall_5din_eo<AField<double,ACCEL> >: construction
  do_comm[0] = 0
  do_comm[1] = 0
  do_comm[2] = 0
  do_comm[3] = 0
    extended_precision = true
    su3_reconstruction = false
  AFopr_Domainwall_5din_eo<AField<double,ACCEL> >: input parameters
    gamma matrix repr.:  Dirac
    code implementation: 5d
    mq   =   0.1000
    M0   =   1.6000
    Ns   =    8
    boundary[0] =  1
    boundary[1] =  1
    boundary[2] =  1
    boundary[3] = -1
    coefficients:
      b[ 0] =     1.5000000000  c[ 0] =     0.5000000000
      b[ 1] =     1.5000000000  c[ 1] =     0.5000000000
      b[ 2] =     1.5000000000  c[ 2] =     0.5000000000
      b[ 3] =     1.5000000000  c[ 3] =     0.5000000000
      b[ 4] =     1.5000000000  c[ 4] =     0.5000000000
      b[ 5] =     1.5000000000  c[ 5] =     0.5000000000
      b[ 6] =     1.5000000000  c[ 6] =     0.5000000000
      b[ 7] =     1.5000000000  c[ 7] =     0.5000000000
    alpha =   1.0000
convert required.
convert performed.

[D check]
norm2(abq) = 1.000000
norm2(y5)  = 114.990748
norm2(z5)  = 114.990748
norm2(axq) = 114.990748
diff2 = 0.000000

[Ddag check]
norm2(abq) = 1.000000
norm2(y5)  = 120.304000
norm2(z5)  = 120.304000
norm2(axq) = 120.304000
diff2 = 0.000000
Elapsed time: afopr_Domainwall_5din_eo: Deo & dagger   : total         0.01 sec, count    4, average         0.00 sec
Elapsed time: afopr_Domainwall_5din_eo: Dee_inv & dag  : total         0.01 sec, count   20, average         0.00 sec
Elapsed time: afopr_Domainwall_5din_eo: clear          : total         0.00 sec, count    0, average         0.00 sec
Elapsed time: afopr_Domainwall_5din_eo: pack           : total         0.00 sec, count    0, average         0.00 sec
Elapsed time: afopr_Domainwall_5din_eo: bulk           : total         0.01 sec, count    4, average         0.00 sec
Elapsed time: afopr_Domainwall_5din_eo: boundary       : total         0.00 sec, count    0, average         0.00 sec
Elapsed time: afopr_Domainwall_5din_eo: comm           : total         0.00 sec, count    0, average         0.00 sec
Elapsed time: afopr_Domainwall_5din_eo: comm_recv_wait : total         0.00 sec, count    0, average         0.00 sec
Elapsed time: afopr_Domainwall_5din_eo: comm_send_wait : total         0.00 sec, count    0, average         0.00 sec
Elapsed time: afopr_Domainwall_5din_eo: comm_recv_start: total         0.00 sec, count    0, average         0.00 sec
Elapsed time: afopr_Domainwall_5din_eo: comm_send_start: total         0.00 sec, count    0, average         0.00 sec
Elapsed time: afopr_Domainwall_5din_eo: comm_test_all  : total         0.00 sec, count    0, average         0.00 sec

Fprop_alt_Standard_eo<Afield<double,ACCEL> >: being setup (without link smearing).
  AFopr_Domainwall_5din_eo<AField<double,ACCEL> >: construction
    do_comm[0] = 0
    do_comm[1] = 0
    do_comm[2] = 0
    do_comm[3] = 0
      extended_precision = true
      su3_reconstruction = false
    AFopr_Domainwall_5din_eo<AField<double,ACCEL> >: input parameters
      gamma matrix repr.:  Dirac
      code implementation: 5d
      mq   =   0.1000
      M0   =   1.6000
      Ns   =    8
      boundary[0] =  1
      boundary[1] =  1
      boundary[2] =  1
      boundary[3] = -1
      coefficients:
        b[ 0] =     1.5000000000  c[ 0] =     0.5000000000
        b[ 1] =     1.5000000000  c[ 1] =     0.5000000000
        b[ 2] =     1.5000000000  c[ 2] =     0.5000000000
        b[ 3] =     1.5000000000  c[ 3] =     0.5000000000
        b[ 4] =     1.5000000000  c[ 4] =     0.5000000000
        b[ 5] =     1.5000000000  c[ 5] =     0.5000000000
        b[ 6] =     1.5000000000  c[ 6] =     0.5000000000
        b[ 7] =     1.5000000000  c[ 7] =     0.5000000000
      alpha =   1.0000
  ASolver_CGNR<Afield<double,ACCEL> >:
  ASolver_CG<Afield<double,ACCEL> >:
    Precision: double
    Niter     = 1200
    Stop_cond =   1.00000000e-90
    init_guess_mode: 0
    true_residual_interval = 10 (logging [TRUERES])
    refinement_iterations = 0
Fprop_alt_Standard_eo<Afield<double,ACCEL> >: setup finished.

Fprop_alt_Standard_eo<Afield<double,ACCEL> >: mult performance:
  mult mode = Dee_inv
  Number of mult =                400
  Elapsed time   =       0.156918 sec
  Flop(Fopr)     =           62914560
  Flop(total)    =        25165824000
  Performance    =     160.376 GFlops

Fprop_alt_Standard_eo<Afield<double,ACCEL> >: mult performance:
  mult mode = Doe
  Number of mult =                400
  Elapsed time   =       0.657412 sec
  Flop(Fopr)     =          390070272
  Flop(total)    =       156028108800
  Performance    =     237.337 GFlops

Fprop_alt_Standard_eo<Afield<double,ACCEL> >: mult performance:
  mult mode = D
  Number of mult =                400
  Elapsed time   =       1.748128 sec
  Flop(Fopr)     =          912261120
  Flop(total)    =       364904448000
  Performance    =     208.740 GFlops

Fprop_alt_Standard_eo<Afield<double,ACCEL> >: mult performance:
  mult mode = Ddag
  Number of mult =                400
  Elapsed time   =       1.749866 sec
  Flop(Fopr)     =          912261120
  Flop(total)    =       364904448000
  Performance    =     208.533 GFlops

Fprop_alt_Standard_eo<Afield<double,ACCEL> >: mult performance:
  mult mode = DdagD
  Number of mult =                400
  Elapsed time   =       3.455061 sec
  Flop(Fopr)     =         1824522240
  Flop(total)    =       729808896000
  Performance    =     211.229 GFlops

Solving quark propagator:
  color spin   Nconv      diff           diff2
ASolver_CGNR<Afield<double,ACCEL> >: solver starts
  mode_prev = D
  snorm =  2.590304838456720e+01
ASolver_CG solve_CG_init: m_x.nin() = 192, m_s.nin() = 192
  init:  8.347144281346087e-01
     0   4.468798186430416e-02
[TRUERES]      0  4.468798186430416e-02  4.468798186430416e-02
     1   1.499956599856904e-02
     2   1.233440344648410e-02
     3   3.921582718271585e-03
     4   2.187424811723295e-03
     5   1.758618823419034e-03
     6   7.879704900510946e-04
     7   5.676183558316508e-04
     8   4.319992777356781e-04
     9   2.392171368556053e-04
    10   2.044368972273797e-04
[TRUERES]     10  2.044368972273797e-04  2.044368972273798e-04
    11   1.526332942581444e-04
    12   1.003737015650667e-04
    13   9.289157736720553e-05
    14   6.684535702314090e-05
    15   4.951628704555556e-05
    16   4.645754388261990e-05
    17   3.352434335844392e-05
    18   2.812916983676724e-05
    19   2.574421904131383e-05
    20   1.896804018291060e-05
[TRUERES]     20  1.896804018291060e-05  1.896804018291059e-05
    21   1.707829169663325e-05
    22   1.499018052296129e-05
    23   1.173813692631109e-05
    24   1.131156909209077e-05
    25   9.644409803617797e-06
    26   7.947936188254762e-06
    27   7.577312130683820e-06
    28   6.118000554261409e-06
    29   5.241615255044062e-06
    30   4.857610548316558e-06
[TRUERES]     30  4.857610548316558e-06  4.857610548316563e-06
    31   3.888597997289978e-06
    32   3.521141786961989e-06
    33   3.203090311430171e-06
    34   2.639672254399273e-06
    35   2.507427819929518e-06
    36   2.236462566033407e-06
    37   1.932275894659233e-06
    38   1.900869314916424e-06
    39   1.692366733930715e-06
    40   1.547619161144735e-06
[TRUERES]     40  1.547619161144735e-06  1.547619161144746e-06
    41   1.518356066754161e-06
    42   1.317812326363746e-06
    43   1.214687371964166e-06
    44   1.129284431436899e-06
    45   9.483373386807868e-07
    46   8.782691458614012e-07
    47   7.791614529556733e-07
    48   6.560599859551950e-07
    49   6.079819199212396e-07
    50   5.227977421632226e-07
[TRUERES]     50  5.227977421632226e-07  5.227977421632220e-07
    51   4.514840141145367e-07
    52   4.203158988711400e-07
    53   3.570517908429894e-07
    54   3.169569093264422e-07
    55   2.894873097985099e-07
    56   2.438340642884452e-07
    57   2.223451848985868e-07
    58   1.996020376929402e-07
    59   1.694222749885955e-07
    60   1.559496605163386e-07
[TRUERES]     60  1.559496605163386e-07  1.559496605163347e-07
    61   1.360394538908993e-07
    62   1.172196361730849e-07
    63   1.085328980941123e-07
    64   9.342759634316464e-08
    65   8.246043224925717e-08
    66   7.551788887608798e-08
    67   6.435170869726465e-08
    68   5.832724689287304e-08
    69   5.308418786631509e-08
    70   4.593881553133937e-08
[TRUERES]     70  4.593881553133937e-08  4.593881553133826e-08
    71   4.277431596207290e-08
    72   3.853543632412543e-08
    73   3.395048327233138e-08
    74   3.186261004367117e-08
    75   2.822294676138376e-08
    76   2.530457885437071e-08
    77   2.362561158473575e-08
    78   2.071148909111183e-08
    79   1.889118370486703e-08
    80   1.739870242525927e-08
[TRUERES]     80  1.739870242525927e-08  1.739870242525950e-08
    81   1.514642742891687e-08
    82   1.390379847076362e-08
    83   1.242691969061329e-08
    84   1.071701217678713e-08
    85   9.728045546799337e-09
    86   8.387134610635208e-09
    87   7.228966800465434e-09
    88   6.518609244470604e-09
    89   5.559346756091875e-09
    90   4.858291866084971e-09
[TRUERES]     90  4.858291866084971e-09  4.858291866085205e-09
    91   4.317327451895852e-09
    92   3.626159132925080e-09
    93   3.185468084770375e-09
    94   2.781515448233822e-09
    95   2.358355148496567e-09
    96   2.114952731322869e-09
    97   1.839973808014896e-09
    98   1.585734991297141e-09
    99   1.433650906693970e-09
   100   1.239525141174414e-09
[TRUERES]    100  1.239525141174414e-09  1.239525141174454e-09
   101   1.089984685317632e-09
   102   9.845079051714775e-10
   103   8.467793285655303e-10
   104   7.541459357202284e-10
   105   6.713013421671917e-10
   106   5.763284320544492e-10
   107   5.187950243548883e-10
   108   4.574401486269591e-10
   109   3.986863084536957e-10
   110   3.645841512921371e-10
[TRUERES]    110  3.645841512921371e-10  3.645841512920960e-10
   111   3.236219954251912e-10
   112   2.919948412295897e-10
   113   2.726573234153642e-10
   114   2.434641450466600e-10
   115   2.227428032137382e-10
   116   2.037138681360719e-10
   117   1.782406963416217e-10
   118   1.612579779115019e-10
   119   1.429887298548127e-10
   120   1.235608196526626e-10
[TRUERES]    120  1.235608196526626e-10  1.235608196526362e-10
   121   1.107170642335600e-10
   122   9.575845172353048e-11
   123   8.267857995020760e-11
   124   7.368228533107316e-11
   125   6.307356480616514e-11
   126   5.496593232406579e-11
   127   4.833343963874595e-11
   128   4.083804498399413e-11
   129   3.574855638760788e-11
   130   3.115266170156537e-11
[TRUERES]    130  3.115266170156537e-11  3.115266170156838e-11
   131   2.660410673998085e-11
   132   2.378896408296797e-11
   133   2.096457593188875e-11
   134   1.845452625003872e-11
   135   1.681133745965781e-11
   136   1.475934259300613e-11
   137   1.306355244801494e-11
   138   1.169882337033268e-11
   139   1.004461503391392e-11
   140   8.845597550799590e-12
[TRUERES]    140  8.845597550799590e-12  8.845597550808143e-12
   141   7.791738001096704e-12
   142   6.711079352723314e-12
   143   6.006243334767928e-12
   144   5.310011448802495e-12
   145   4.634915200733522e-12
   146   4.190282951132506e-12
   147   3.679725334578200e-12
   148   3.252945500116923e-12
   149   2.931269933335890e-12
   150   2.547053874879771e-12
[TRUERES]    150  2.547053874879771e-12  2.547053874882752e-12
   151   2.257599642148859e-12
   152   2.011750404049651e-12
   153   1.750601678075568e-12
   154   1.574810290093471e-12
   155   1.400349107885587e-12
   156   1.219545176565374e-12
   157   1.091243109522706e-12
   158   9.514536958173700e-13
   159   8.313476333523315e-13
   160   7.431695352912063e-13
[TRUERES]    160  7.431695352912063e-13  7.431695352877245e-13
   161   6.432014226874374e-13
   162   5.650831610119093e-13
   163   4.996464723931917e-13
   164   4.289091839687630e-13
   165   3.772560853770947e-13
   166   3.287203457759054e-13
   167   2.814137635084324e-13
   168   2.482765075596009e-13
   169   2.154996935593716e-13
   170   1.876111991815868e-13
[TRUERES]    170  1.876111991815868e-13  1.876111991800304e-13
   171   1.681647150863693e-13
   172   1.474220602102740e-13
   173   1.316094419497914e-13
   174   1.198421601945522e-13
   175   1.064413546621203e-13
   176   9.691301481715578e-14
   177   8.777605585371393e-14
   178   7.763096268569586e-14
   179   7.036023853396952e-14
   180   6.223993259389703e-14
[TRUERES]    180  6.223993259389703e-14  6.223993259416092e-14
   181   5.413029660208290e-14
   182   4.794801724496757e-14
   183   4.121023559205434e-14
   184   3.558066596291587e-14
   185   3.115244177273402e-14
   186   2.655149502773886e-14
   187   2.320110851258438e-14
   188   2.029839502759135e-14
   189   1.735652760928315e-14
   190   1.517200255887845e-14
[TRUERES]    190  1.517200255887845e-14  1.517200255913017e-14
   191   1.312380494529593e-14
   192   1.131984538475925e-14
   193   1.009275750121332e-14
   194   8.891355411933578e-15
   195   7.932949507399351e-15
   196   7.246939307591358e-15
   197   6.459764135234158e-15
   198   5.861524708529274e-15
   199   5.346843507412424e-15
   200   4.749474260092551e-15
[TRUERES]    200  4.749474260092551e-15  4.749474260047673e-15
   201   4.306487859389631e-15
   202   3.861628909204327e-15
   203   3.408339270319164e-15
   204   3.081456558504095e-15
   205   2.725064277604045e-15
   206   2.400835490836619e-15
   207   2.157339421823688e-15
   208   1.896770272237553e-15
   209   1.693825130506257e-15
   210   1.532453804732958e-15
[TRUERES]    210  1.532453804732958e-15  1.532453804728490e-15
   211   1.353511162576920e-15
   212   1.219657256889458e-15
   213   1.096666622755157e-15
   214   9.700714808958393e-16
   215   8.789350025769642e-16
   216   7.873280573486932e-16
   217   7.040504775388560e-16
   218   6.437580981023994e-16
   219   5.750283483141204e-16
   220   5.158919152260199e-16
[TRUERES]    220  5.158919152260199e-16  5.158919152176741e-16
   221   4.668609771412737e-16
   222   4.115960410135808e-16
   223   3.682344129571766e-16
   224   3.291352520060215e-16
   225   2.878735674244072e-16
   226   2.567021253093388e-16
   227   2.258506506587536e-16
   228   1.963341654670283e-16
   229   1.742861281585653e-16
   230   1.516967029618712e-16
[TRUERES]    230  1.516967029618712e-16  1.516967029418107e-16
   231   1.328399689685336e-16
   232   1.185735559746908e-16
   233   1.040021106480662e-16
   234   9.268817220714329e-17
   235   8.285353393402809e-17
   236   7.239183507271044e-17
   237   6.423754522937501e-17
   238   5.623299813661156e-17
   239   4.835364268349929e-17
   240   4.215275532895653e-17
[TRUERES]    240  4.215275532895653e-17  4.215275533046770e-17
   241   3.583312048860287e-17
   242   3.024979237569027e-17
   243   2.582576728323412e-17
   244   2.156863006234776e-17
   245   1.831835614006714e-17
   246   1.577750973019428e-17
   247   1.347412867185161e-17
   248   1.180584859647328e-17
   249   1.031766581437275e-17
   250   8.919996316229009e-18
[TRUERES]    250  8.919996316229009e-18  8.919996319855086e-18
   251   7.900155381175922e-18
   252   6.940965978045989e-18
   253   6.116168091246976e-18
   254   5.501076550937306e-18
   255   4.866717733819784e-18
   256   4.340028489585403e-18
   257   3.902710832721279e-18
   258   3.435843247035321e-18
   259   3.082894899956104e-18
   260   2.780190060503740e-18
[TRUERES]    260  2.780190060503740e-18  2.780190061313473e-18
   261   2.475496394162682e-18
   262   2.237399852840195e-18
   263   1.989130374044248e-18
   264   1.746096726630845e-18
   265   1.555738190732573e-18
   266   1.360978651243196e-18
   267   1.201177858800623e-18
   268   1.072971718353827e-18
   269   9.411693419565911e-19
   270   8.405417266207990e-19
[TRUERES]    270  8.405417266207990e-19  8.405417244601455e-19
   271   7.519309815354764e-19
   272   6.620959313272420e-19
   273   5.935661912161959e-19
   274   5.270190742893381e-19
   275   4.653249629956901e-19
   276   4.178471812469462e-19
   277   3.681068327995310e-19
   278   3.237810904221358e-19
   279   2.862977019932956e-19
   280   2.468755356587592e-19
[TRUERES]    280  2.468755356587592e-19  2.468755358883709e-19
   281   2.142911953964428e-19
   282   1.861476813553180e-19
   283   1.595565173570653e-19
   284   1.399647437778750e-19
   285   1.228094982268349e-19
   286   1.075975618946511e-19
   287   9.647182218931602e-20
   288   8.547676599334106e-20
   289   7.590162120078964e-20
   290   6.843072504357922e-20
[TRUERES]    290  6.843072504357922e-20  6.843072548498591e-20
   291   6.079564768275012e-20
   292   5.454072948902601e-20
   293   4.921017670799490e-20
   294   4.381519043347171e-20
   295   3.957969334116445e-20
   296   3.544546549316010e-20
   297   3.133549070879170e-20
   298   2.807196137994361e-20
   299   2.482702105081047e-20
   300   2.189747326356911e-20
[TRUERES]    300  2.189747326356911e-20  2.189747351305252e-20
   301   1.952990517033339e-20
   302   1.711256959504670e-20
   303   1.507499081326252e-20
   304   1.339824010081912e-20
   305   1.171511639260182e-20
   306   1.037538325918402e-20
   307   9.155394434564979e-21
   308   7.950864719405244e-21
   309   6.981657907773369e-21
   310   6.032242664218990e-21
[TRUERES]    310  6.032242664218990e-21  6.032242520756532e-21
   311   5.164600948718996e-21
   312   4.470257876442408e-21
   313   3.814595369266053e-21
   314   3.276270140654722e-21
   315   2.844966271525579e-21
   316   2.433069639720275e-21
   317   2.099175542203032e-21
   318   1.813218317893318e-21
   319   1.553076767701904e-21
   320   1.364095327438145e-21
[TRUERES]    320  1.364095327438145e-21  1.364095257920627e-21
   321   1.197026996268526e-21
   322   1.052114659856908e-21
   323   9.436102094348478e-22
   324   8.362175107820982e-22
   325   7.432353771733211e-22
   326   6.671415266227455e-22
   327   5.916486708887446e-22
   328   5.293068338599797e-22
   329   4.743293729697248e-22
   330   4.186783239308365e-22
[TRUERES]    330  4.186783239308365e-22  4.186783407532332e-22
   331   3.746101729221866e-22
   332   3.337694065625092e-22
   333   2.949200867457673e-22
   334   2.646886892635790e-22
   335   2.341410537131143e-22
   336   2.076909588703066e-22
   337   1.857958570236007e-22
   338   1.636432527104599e-22
   339   1.453316235668390e-22
   340   1.298873427632489e-22
[TRUERES]    340  1.298873427632489e-22  1.298873545228030e-22
   341   1.147155701417383e-22
   342   1.025622424549615e-22
   343   9.143221523170492e-23
   344   8.074524964652903e-23
   345   7.250329819219255e-23
   346   6.442070573421306e-23
   347   5.703125877378010e-23
   348   5.109810366986573e-23
   349   4.507017197135542e-23
   350   3.996049185832075e-23
[TRUERES]    350  3.996049185832075e-23  3.996049582884409e-23
   351   3.556709573660144e-23
   352   3.124612139244337e-23
   353   2.783246814593460e-23
   354   2.488912542902985e-23
   355   2.218539148453458e-23
   356   2.021461312921753e-23
   357   1.832066450806000e-23
   358   1.658520941591400e-23
   359   1.520167476057271e-23
   360   1.373395408216934e-23
[TRUERES]    360  1.373395408216934e-23  1.373395713611044e-23
   361   1.241297874940956e-23
   362   1.125530414311446e-23
   363   1.001413078988130e-23
   364   8.991368869328144e-24
   365   8.054006297314879e-24
   366   7.139942497177973e-24
   367   6.398548334037027e-24
   368   5.689671837001320e-24
   369   5.029211304839359e-24
   370   4.501929643237892e-24
[TRUERES]    370  4.501929643237892e-24  4.501932389992486e-24
   371   3.966474013573610e-24
   372   3.482941126765809e-24
   373   3.084944378667268e-24
   374   2.701302605556153e-24
   375   2.393674138842687e-24
   376   2.125648019723523e-24
   377   1.869611466453196e-24
   378   1.662990999651476e-24
   379   1.461621448066074e-24
   380   1.271753825256971e-24
[TRUERES]    380  1.271753825256971e-24  1.271754068295285e-24
   381   1.116717839966521e-24
   382   9.637600052668676e-25
   383   8.294715412433690e-25
   384   7.170304811701249e-25
   385   6.087517271219614e-25
   386   5.177795130767774e-25
   387   4.408150105530097e-25
   388   3.709342080198624e-25
   389   3.174877989067563e-25
   390   2.720660907686152e-25
[TRUERES]    390  2.720660907686152e-25  2.720676960894971e-25
   391   2.328237961081609e-25
   392   2.033704535646806e-25
   393   1.763589544403843e-25
   394   1.531057528068345e-25
   395   1.340844472486963e-25
   396   1.158451141832114e-25
   397   1.010191226113095e-25
   398   8.911927910531823e-26
   399   7.791060678404772e-26
   400   6.896675209711530e-26
[TRUERES]    400  6.896675209711530e-26  6.896912833507888e-26
   401   6.088253639120765e-26
   402   5.316998875361397e-26
   403   4.699906254440151e-26
   404   4.129210128780242e-26
   405   3.608676534637355e-26
   406   3.182939564451715e-26
   407   2.779897647647900e-26
   408   2.446222802695408e-26
   409   2.174736417183110e-26
   410   1.916776866305125e-26
[TRUERES]    410  1.916776866305125e-26  1.916960054431035e-26
   411   1.713236871172027e-26
   412   1.534636237900464e-26
   413   1.358430996719923e-26
   414   1.216249884822647e-26
   415   1.081515491035713e-26
   416   9.549081310145798e-27
   417   8.494875863477300e-27
   418   7.446271058748783e-27
   419   6.490775290430517e-27
   420   5.652101195408377e-27
[TRUERES]    420  5.652101195408377e-27  5.654365374548116e-27
   421   4.841944125334402e-27
   422   4.172629974388764e-27
   423   3.609690672127753e-27
   424   3.100158390906704e-27
   425   2.698356087005061e-27
   426   2.347009382581807e-27
   427   2.028496500141113e-27
   428   1.772226957704721e-27
   429   1.537905218616403e-27
   430   1.332434169436204e-27
[TRUERES]    430  1.332434169436204e-27  1.334667779837435e-27
   431   1.167310056772234e-27
   432   1.012968705742746e-27
   433   8.832870574674501e-28
   434   7.750251113345778e-28
   435   6.722082152478918e-28
   436   5.902631835132022e-28
   437   5.202581260527452e-28
   438   4.580632187762445e-28
   439   4.100364933679090e-28
   440   3.661174815394239e-28
[TRUERES]    440  3.661174815394239e-28  3.684048780647601e-28
   441   3.263567922220633e-28
   442   2.940961828954510e-28
   443   2.620139328674109e-28
   444   2.341604329119367e-28
   445   2.105555565215182e-28
   446   1.869730317642686e-28
   447   1.674716375036577e-28
   448   1.500715473865403e-28
   449   1.330097062334615e-28
   450   1.185871367633216e-28
[TRUERES]    450  1.185871367633216e-28  1.209345406410542e-28
   451   1.045990977591092e-28
   452   9.110093435360181e-29
   453   7.946019809548509e-29
   454   6.820370785108277e-29
   455   5.843922669544474e-29
   456   5.029342800111230e-29
   457   4.264165632780231e-29
   458   3.624271670529768e-29
   459   3.080205258633473e-29
   460   2.586337640237972e-29
[TRUERES]    460  2.586337640237972e-29  2.842198759335748e-29
   461   2.187718689987751e-29
   462   1.839252549848696e-29
   463   1.538175422650722e-29
   464   1.302282091322431e-29
   465   1.094917118283356e-29
   466   9.234323593848007e-30
   467   7.875820017129320e-30
   468   6.680573862194543e-30
   469   5.725263884153135e-30
   470   4.954783971882975e-30
[TRUERES]    470  4.954783971882975e-30  7.721649975616016e-30
   471   4.265989746817846e-30
   472   3.726952028960786e-30
   473   3.265163833807107e-30
   474   2.855404831914904e-30
   475   2.543279281115975e-30
   476   2.263267533110426e-30
   477   2.023499382421997e-30
   478   1.833439877403904e-30
   479   1.647354974563020e-30
   480   1.486278472325967e-30
[TRUERES]    480  1.486278472325967e-30  4.356311922500618e-30
   481   1.349365031911810e-30
   482   1.209744384708782e-30
   483   1.090978338284880e-30
   484   9.808748623065533e-31
   485   8.726274654018421e-31
   486   7.810279390432045e-31
   487   6.893276899410303e-31
   488   6.014596750631453e-31
   489   5.268484465911666e-31
   490   4.553569041315064e-31
[TRUERES]    490  4.553569041315064e-31  3.430567568601863e-30
   491   3.928323375078951e-31
   492   3.398519214271014e-31
   493   2.910950885730417e-31
   494   2.511632795030612e-31
   495   2.171758016233021e-31
   496   1.861486255193940e-31
   497   1.606044244173624e-31
   498   1.379467370660263e-31
   499   1.178248926128540e-31
   500   1.018044735914708e-31
[TRUERES]    500  1.018044735914708e-31  3.111777550475465e-30
   501   8.762330417930703e-32
   502   7.587126218979937e-32
   503   6.639476951462426e-32
   504   5.775625384209366e-32
   505   5.075930213553306e-32
   506   4.494657298886009e-32
   507   3.951647956895015e-32
   508   3.522243830409959e-32
   509   3.140418190039360e-32
   510   2.794693770347623e-32
[TRUERES]    510  2.794693770347623e-32  3.148100289120816e-30
   511   2.520371025902035e-32
   512   2.263146031916607e-32
   513   2.028222139718639e-32
   514   1.829535483785355e-32
   515   1.631986373521511e-32
   516   1.456648895672608e-32
   517   1.301490320860125e-32
   518   1.150694378521188e-32
   519   1.026020996785898e-32
   520   9.150370008456086e-33
[TRUERES]    520  9.150370008456086e-33  3.180439091523645e-30
   521   8.118711383219903e-33
   522   7.287941729022932e-33
   523   6.503819737075830e-33
   524   5.803896610962864e-33
   525   5.247855458314998e-33
   526   4.698493141095848e-33
   527   4.201141499569958e-33
   528   3.741814653210335e-33
   529   3.257412883186086e-33
   530   2.823072493926799e-33
[TRUERES]    530  2.823072493926799e-33  3.214815799928380e-30
   531   2.432973476154475e-33
   532   2.080651986640142e-33
   533   1.799786269212036e-33
   534   1.555269874679746e-33
   535   1.344048085886279e-33
   536   1.179286498055293e-33
   537   1.031592702090326e-33
   538   9.061566655731992e-34
   539   8.015127510584760e-34
   540   7.010100779763516e-34
[TRUERES]    540  7.010100779763516e-34  3.234224279071501e-30
   541   6.137558226376241e-34
   542   5.360251567604548e-34
   543   4.623030172491066e-34
   544   4.015537107088761e-34
   545   3.497159002297294e-34
   546   3.049303266524776e-34
   547   2.692761560148741e-34
   548   2.358998539480195e-34
   549   2.057564172510476e-34
   550   1.806655786194029e-34
[TRUERES]    550  1.806655786194029e-34  3.257202086218117e-30
   551   1.573380124194052e-34
   552   1.378239009892146e-34
   553   1.215846506724474e-34
   554   1.068435304997619e-34
   555   9.544364444204552e-35
   556   8.571451832116866e-35
   557   7.688201680885490e-35
   558   6.984103265187349e-35
   559   6.316524708745147e-35
   560   5.690562829588170e-35
[TRUERES]    560  5.690562829588170e-35  3.259315978642954e-30
   561   5.144616407072603e-35
   562   4.589207182258913e-35
   563   4.097805027435175e-35
   564   3.662839593122457e-35
   565   3.246824837995095e-35
   566   2.911790408131667e-35
   567   2.619363199400205e-35
   568   2.340919423817442e-35
   569   2.100454033341650e-35
   570   1.870774827630281e-35
[TRUERES]    570  1.870774827630281e-35  3.272357564525004e-30
   571   1.654167555056583e-35
   572   1.475526054014444e-35
   573   1.304146872710283e-35
   574   1.153566461962927e-35
   575   1.024793426294134e-35
   576   9.027002360829770e-36
   577   7.976641141399748e-36
   578   7.047514086216507e-36
   579   6.176979438475041e-36
   580   5.448612185547402e-36
[TRUERES]    580  5.448612185547402e-36  3.275161623879841e-30
   581   4.789840502205336e-36
   582   4.194812806448590e-36
   583   3.699319279735296e-36
   584   3.238006388661515e-36
   585   2.837037089146607e-36
   586   2.501247008582580e-36
   587   2.183582506196890e-36
   588   1.913663566029725e-36
   589   1.678874707997156e-36
   590   1.461042538039757e-36
[TRUERES]    590  1.461042538039757e-36  3.273809137062230e-30
   591   1.283427239347284e-36
   592   1.131572943949113e-36
   593   1.001594743739609e-36
   594   9.033281434104162e-37
   595   8.143181055711096e-37
   596   7.343848732501988e-37
   597   6.654050585644204e-37
   598   5.950180779222433e-37
   599   5.310900113627453e-37
   600   4.735087781354222e-37
[TRUERES]    600  4.735087781354222e-37  3.276267272528548e-30
   601   4.183464721866329e-37
   602   3.728226278510512e-37
   603   3.332521865495585e-37
   604   2.982293148326981e-37
   605   2.704688936554774e-37
   606   2.443766206507444e-37
   607   2.191204247856845e-37
   608   1.964884988250320e-37
   609   1.732088895643562e-37
   610   1.518013461854304e-37
[TRUERES]    610  1.518013461854304e-37  3.276933390828248e-30
   611   1.324305270645960e-37
   612   1.137069630283467e-37
   613   9.765914672299284e-38
   614   8.350751814724897e-38
   615   7.075937619566822e-38
   616   6.027506066816011e-38
   617   5.110792474628149e-38
   618   4.324532516219045e-38
   619   3.683113617911279e-38
   620   3.113400481099116e-38
[TRUERES]    620  3.113400481099116e-38  3.278383165497913e-30
   621   2.633184306388212e-38
   622   2.244515498730632e-38
   623   1.901719076614479e-38
   624   1.622513129064421e-38
   625   1.391786018879051e-38
   626   1.188582721187020e-38
   627   1.024209853847502e-38
   628   8.793749081213003e-39
   629   7.521896561376160e-39
   630   6.478944091583117e-39
[TRUERES]    630  6.478944091583117e-39  3.278418383999672e-30
   631   5.552849891210264e-39
   632   4.786901437045810e-39
   633   4.182348361767605e-39
   634   3.642176275304587e-39
   635   3.189398954783624e-39
   636   2.811299761600481e-39
   637   2.473752594605310e-39
   638   2.196783806690015e-39
   639   1.945179799629257e-39
   640   1.706783721211713e-39
[TRUERES]    640  1.706783721211713e-39  3.278407265810871e-30
   641   1.497287642512556e-39
   642   1.300064257165204e-39
   643   1.123589436708286e-39
   644   9.785524160042082e-40
   645   8.463095860279087e-40
   646   7.352481900517484e-40
   647   6.422922299176347e-40
   648   5.574221429362858e-40
   649   4.848388049244297e-40
   650   4.204827512856752e-40
[TRUERES]    650  4.204827512856752e-40  3.278403998098969e-30
   651   3.621672207526320e-40
   652   3.143759311479365e-40
   653   2.713260809371856e-40
   654   2.331283208046864e-40
   655   2.013967503446433e-40
   656   1.725607050715820e-40
   657   1.476864069347624e-40
   658   1.262351935293745e-40
   659   1.061366001896752e-40
   660   8.929571414662124e-41
[TRUERES]    660  8.929571414662124e-41  3.278402461870542e-30
   661   7.527629429093332e-41
   662   6.300997176887519e-41
   663   5.313015464829678e-41
   664   4.469600832924502e-41
   665   3.734370786205733e-41
   666   3.136424735440148e-41
   667   2.613180503328122e-41
   668   2.181844277016267e-41
   669   1.831734079039068e-41
   670   1.529170114672599e-41
[TRUERES]    670  1.529170114672599e-41  3.278402305687887e-30
   671   1.283818542418760e-41
   672   1.082119299416070e-41
   673   9.046224392705871e-42
   674   7.622831280136492e-42
   675   6.424955658692700e-42
   676   5.410963943489506e-42
   677   4.598476811751129e-42
   678   3.893171037629803e-42
   679   3.306911677493221e-42
   680   2.834511443307078e-42
[TRUERES]    680  2.834511443307078e-42  3.278402310591855e-30
   681   2.419865994282541e-42
   682   2.076109418469430e-42
   683   1.791387681849647e-42
   684   1.536117123721885e-42
   685   1.328723617120056e-42
   686   1.148709277932585e-42
   687   9.907374231800549e-43
   688   8.624656629388262e-43
   689   7.462581675163097e-43
   690   6.445857893597822e-43
[TRUERES]    690  6.445857893597822e-43  3.278402318403225e-30
   691   5.627876088975403e-43
   692   4.902522475659599e-43
   693   4.301630088390967e-43
   694   3.807928991559082e-43
   695   3.340770405199592e-43
   696   2.931086327678506e-43
   697   2.552878105965533e-43
   698   2.202587938349243e-43
   699   1.906689414015310e-43
   700   1.643862892476741e-43
[TRUERES]    700  1.643862892476741e-43  3.278402342250740e-30
   701   1.412731859202255e-43
   702   1.222058786493152e-43
   703   1.051368074233784e-43
   704   9.027056512732330e-44
   705   7.774491444096331e-44
   706   6.648992046375148e-44
   707   5.716036034319730e-44
   708   4.929484909244731e-44
   709   4.225291972668096e-44
   710   3.652254340195220e-44
[TRUERES]    710  3.652254340195220e-44  3.278402349607873e-30
   711   3.165131873780305e-44
   712   2.750735624095651e-44
   713   2.424589419941744e-44
   714   2.143851711771453e-44
   715   1.913630395539442e-44
   716   1.728079035155880e-44
   717   1.556355091046677e-44
   718   1.409827236173049e-44
   719   1.279639982397641e-44
   720   1.149098681495831e-44
[TRUERES]    720  1.149098681495831e-44  3.278402349608129e-30
   721   1.034039666094892e-44
   722   9.246633645197509e-45
   723   8.193478712850815e-45
   724   7.287750942037510e-45
   725   6.427621621184177e-45
   726   5.636066207736128e-45
   727   4.954443084938038e-45
   728   4.312176614622765e-45
   729   3.743429000308723e-45
   730   3.256409322770243e-45
[TRUERES]    730  3.256409322770243e-45  3.278402349610724e-30
   731   2.814271040922509e-45
   732   2.452247701942361e-45
   733   2.137800499819925e-45
   734   1.856191132248807e-45
   735   1.621887476882178e-45
   736   1.407891044796273e-45
   737   1.216684564598991e-45
   738   1.055416921954471e-45
   739   9.082396375416306e-46
   740   7.802831119655242e-46
[TRUERES]    740  7.802831119655242e-46  3.278402349611012e-30
   741   6.717826742115502e-46
   742   5.736625547111323e-46
   743   4.914567467944281e-46
   744   4.209878454023780e-46
   745   3.597697100902901e-46
   746   3.107608253268690e-46
   747   2.682421519279807e-46
   748   2.320126744768454e-46
   749   2.036034973294866e-46
   750   1.787448644275382e-46
[TRUERES]    750  1.787448644275382e-46  3.278402349611028e-30
   751   1.575061604350113e-46
   752   1.393782132549489e-46
   753   1.222508044276584e-46
   754   1.073393224977763e-46
   755   9.423081575923090e-47
   756   8.209070596775636e-47
   757   7.190999347816679e-47
   758   6.301772300350158e-47
   759   5.480191299883565e-47
   760   4.764969699940080e-47
[TRUERES]    760  4.764969699940080e-47  3.278402349611096e-30
   761   4.090481099014192e-47
   762   3.486238635806517e-47
   763   2.980492547899287e-47
   764   2.533207780004432e-47
   765   2.163634728849461e-47
   766   1.853889035069253e-47
   767   1.581545885712491e-47
   768   1.354622804991025e-47
   769   1.153705451366420e-47
   770   9.717002530195748e-48
[TRUERES]    770  9.717002530195748e-48  3.278402349611103e-30
   771   8.207118157058035e-48
   772   6.885037239732825e-48
   773   5.760546273729688e-48
   774   4.862615902927940e-48
   775   4.103610186331713e-48
   776   3.478840127327503e-48
   777   2.987686491938957e-48
   778   2.567168539004835e-48
   779   2.225975108559820e-48
   780   1.935266595938419e-48
[TRUERES]    780  1.935266595938419e-48  3.278402349611101e-30
   781   1.669634943709518e-48
   782   1.446273217207251e-48
   783   1.246871165773944e-48
   784   1.068800942613693e-48
   785   9.149058398113344e-49
   786   7.767932112760739e-49
   787   6.600650102744367e-49
   788   5.638998085771867e-49
   789   4.804369200033958e-49
   790   4.118013910345688e-49
[TRUERES]    790  4.118013910345688e-49  3.278402349611101e-30
   791   3.549782572461248e-49
   792   3.046822474697686e-49
   793   2.636434052181767e-49
   794   2.285305804922156e-49
   795   1.981217326971208e-49
   796   1.737072459846592e-49
   797   1.522376278386976e-49
   798   1.337355650843738e-49
   799   1.183337394829683e-49
   800   1.042594572752892e-49
[TRUERES]    800  1.042594572752892e-49  3.278402349611101e-30
   801   9.201027275560666e-50
   802   8.112075256766469e-50
   803   7.066272349882284e-50
   804   6.153644069873980e-50
   805   5.336932105818121e-50
   806   4.603829940982827e-50
   807   4.007181531170710e-50
   808   3.487678149111619e-50
   809   3.032025818965354e-50
   810   2.654195871464510e-50
[TRUERES]    810  2.654195871464510e-50  3.278402349611101e-30
   811   2.307845967129011e-50
   812   2.004624537709357e-50
   813   1.739343076876113e-50
   814   1.491624360552718e-50
   815   1.280440198852638e-50
   816   1.093459589993215e-50
   817   9.273132158966252e-51
   818   7.882765134246958e-51
   819   6.639670648997843e-51
   820   5.533396786914397e-51
[TRUERES]    820  5.533396786914397e-51  3.278402349611101e-30
   821   4.605932161149878e-51
   822   3.806718312310877e-51
   823   3.150615431166339e-51
   824   2.619344611631882e-51
   825   2.163783262626005e-51
   826   1.799777919572667e-51
   827   1.502638231371724e-51
   828   1.248623031030909e-51
   829   1.044948234922117e-51
   830   8.756514753057884e-52
[TRUERES]    830  8.756514753057884e-52  3.278402349611101e-30
   831   7.346611679590512e-52
   832   6.217621565362394e-52
   833   5.255839686413675e-52
   834   4.462554974014794e-52
   835   3.822229087352583e-52
   836   3.264772116381841e-52
   837   2.799199933303548e-52
   838   2.407100624594037e-52
   839   2.066039152390084e-52
   840   1.797115234291277e-52
[TRUERES]    840  1.797115234291277e-52  3.278402349611101e-30
   841   1.571780986255403e-52
   842   1.377492370351958e-52
   843   1.224964706440501e-52
   844   1.089492869964669e-52
   845   9.687061133001912e-53
   846   8.651057989066713e-53
   847   7.703220011300457e-53
   848   6.908605030044017e-53
   849   6.234924226221365e-53
   850   5.596362000579051e-53
[TRUERES]    850  5.596362000579051e-53  3.278402349611101e-30
   851   5.043493746524589e-53
   852   4.512016198214573e-53
   853   3.989877828373338e-53
   854   3.513588012613038e-53
   855   3.064995523653300e-53
   856   2.644202241811473e-53
   857   2.276228830552586e-53
   858   1.935850809928474e-53
   859   1.644873354040059e-53
   860   1.403704243904689e-53
[TRUERES]    860  1.403704243904689e-53  3.278402349611101e-30
   861   1.192168485412662e-53
   862   1.016261099948217e-53
   863   8.640158609270166e-54
   864   7.279296426177471e-54
   865   6.165813364765763e-54
   866   5.221234198640326e-54
   867   4.412738458582518e-54
   868   3.742985574750453e-54
   869   3.159111004321739e-54
   870   2.666636035690614e-54
[TRUERES]    870  2.666636035690614e-54  3.278402349611101e-30
   871   2.265860883741972e-54
   872   1.921026084753306e-54
   873   1.644106205911923e-54
   874   1.421964162987699e-54
   875   1.232569745507806e-54
   876   1.082312454183223e-54
   877   9.540066165730289e-55
   878   8.392560890059314e-55
   879   7.437810885312998e-55
   880   6.570303524318043e-55
[TRUERES]    880  6.570303524318043e-55  3.278402349611101e-30
   881   5.790040864826261e-55
   882   5.132709180238520e-55
   883   4.544240681332401e-55
   884   4.037629959070082e-55
   885   3.606022756725032e-55
   886   3.209797387879358e-55
   887   2.867878322127749e-55
   888   2.560690682066493e-55
   889   2.278868115071755e-55
   890   2.047005469312489e-55
[TRUERES]    890  2.047005469312489e-55  3.278402349611101e-30
   891   1.839560181507542e-55
   892   1.659040555718347e-55
   893   1.509700212811966e-55
   894   1.371675069645385e-55
   895   1.247073294785300e-55
   896   1.134958740138592e-55
   897   1.022920481531727e-55
   898   9.193437198078904e-56
   899   8.200357810158001e-56
   900   7.222478375114420e-56
[TRUERES]    900  7.222478375114420e-56  3.278402349611101e-30
   901   6.347600614810941e-56
   902   5.534646858648248e-56
   903   4.788186683730980e-56
   904   4.142983425527852e-56
   905   3.541188630744235e-56
   906   3.004937958475455e-56
   907   2.542176075581568e-56
   908   2.134819512815923e-56
   909   1.797914531478741e-56
   910   1.514615563194028e-56
[TRUERES]    910  1.514615563194028e-56  3.278402349611101e-30
   911   1.274170522806484e-56
   912   1.082105929874086e-56
   913   9.235258711406337e-57
   914   7.887172342330790e-57
   915   6.793333555026130e-57
   916   5.833267026048186e-57
   917   5.007507145050971e-57
   918   4.309665974064153e-57
   919   3.676810315001372e-57
   920   3.128085575143428e-57
[TRUERES]    920  3.128085575143428e-57  3.278402349611101e-30
   921   2.653879508974097e-57
   922   2.230897840135939e-57
   923   1.880152915483635e-57
   924   1.587182422632963e-57
   925   1.343950495483976e-57
   926   1.152562184363309e-57
   927   9.892678197475739e-58
   928   8.532861690887313e-58
   929   7.402708102633871e-58
   930   6.396973801016615e-58
[TRUERES]    930  6.396973801016615e-58  3.278402349611101e-30
   931   5.544406957995140e-58
   932   4.821418685964080e-58
   933   4.174858211448170e-58
   934   3.643776440973445e-58
   935   3.176151131361740e-58
   936   2.737171770128639e-58
   937   2.358277544513914e-58
   938   2.021171381039750e-58
   939   1.734718522803139e-58
   940   1.494283408568606e-58
[TRUERES]    940  1.494283408568606e-58  3.278402349611101e-30
   941   1.282830031041121e-58
   942   1.105176327574918e-58
   943   9.577009189615525e-59
   944   8.246708472706932e-59
   945   7.156954022769577e-59
   946   6.261875532205761e-59
   947   5.505826440065501e-59
   948   4.893374609099816e-59
   949   4.337746305534968e-59
   950   3.816490431908894e-59
[TRUERES]    950  3.816490431908894e-59  3.278402349611101e-30
   951   3.346101591531026e-59
   952   2.890841994956914e-59
   953   2.475618899577359e-59
   954   2.122547383634151e-59
   955   1.806526566963806e-59
   956   1.536595033779172e-59
   957   1.300007632099748e-59
   958   1.086141495444616e-59
   959   9.057216091531996e-60
   960   7.472498169143648e-60
[TRUERES]    960  7.472498169143648e-60  3.278402349611101e-30
   961   6.091592229944080e-60
   962   4.972547336036927e-60
   963   4.041825715015384e-60
   964   3.279162060953776e-60
   965   2.675434561705772e-60
   966   2.167980411537085e-60
   967   1.765117799472821e-60
   968   1.447672084331192e-60
   969   1.186213620238079e-60
   970   9.841508324788269e-61
[TRUERES]    970  9.841508324788269e-61  3.278402349611101e-30
   971   8.231304537201171e-61
   972   6.912901792749849e-61
   973   5.861909880168008e-61
   974   4.985618336355237e-61
   975   4.242184412839597e-61
   976   3.642578470727990e-61
   977   3.127050581500775e-61
   978   2.699601754110579e-61
   979   2.337026005147712e-61
   980   2.001435904624211e-61
[TRUERES]    980  2.001435904624211e-61  3.278402349611101e-30
   981   1.708464773319595e-61
   982   1.450049820107777e-61
   983   1.220138643474232e-61
   984   1.034544145846465e-61
   985   8.817799732839898e-62
   986   7.542287364874300e-62
   987   6.523358122673187e-62
   988   5.647537276499963e-62
   989   4.885123037666745e-62
   990   4.244636053876391e-62
[TRUERES]    990  4.244636053876391e-62  3.278402349611101e-30
   991   3.666732396934483e-62
   992   3.169618234952418e-62
   993   2.725352565606298e-62
   994   2.318443165580687e-62
   995   1.974227018774584e-62
   996   1.676421063661871e-62
   997   1.422385815807395e-62
   998   1.212555033321612e-62
   999   1.026329857984666e-62
  1000   8.620081342545091e-63
[TRUERES]   1000  8.620081342545091e-63  3.278402349611101e-30
  1001   7.248352242441250e-63
  1002   6.047833995361447e-63
  1003   5.043647141891353e-63
  1004   4.209447284152128e-63
  1005   3.494181027313635e-63
  1006   2.914074779102413e-63
  1007   2.444792376174312e-63
  1008   2.053874995050144e-63
  1009   1.740856784442774e-63
  1010   1.476749812689895e-63
[TRUERES]   1010  1.476749812689895e-63  3.278402349611101e-30
  1011   1.250308480289668e-63
  1012   1.061180772840417e-63
  1013   8.964853517377265e-64
  1014   7.565983200680592e-64
  1015   6.376122181295633e-64
  1016   5.347345785904903e-64
  1017   4.519606454119711e-64
  1018   3.846715346336938e-64
  1019   3.271550082447667e-64
  1020   2.802757789749588e-64
[TRUERES]   1020  2.802757789749588e-64  3.278402349611101e-30
  1021   2.400546257879190e-64
  1022   2.047846322433467e-64
  1023   1.760558782579207e-64
  1024   1.510159014706604e-64
  1025   1.298409574780553e-64
  1026   1.123081701958889e-64
  1027   9.686829894255789e-65
  1028   8.396167428673407e-65
  1029   7.310642872631319e-65
  1030   6.325958948997669e-65
[TRUERES]   1030  6.325958948997669e-65  3.278402349611101e-30
  1031   5.493738643307116e-65
  1032   4.758964376668508e-65
  1033   4.109133899890960e-65
  1034   3.571912931479074e-65
  1035   3.092789375705078e-65
  1036   2.669133889088883e-65
  1037   2.307827592037865e-65
  1038   1.983502595888678e-65
  1039   1.709938237288156e-65
  1040   1.473119290990103e-65
[TRUERES]   1040  1.473119290990103e-65  3.278402349611101e-30
  1041   1.260345536928281e-65
  1042   1.079661049533382e-65
  1043   9.190694187358480e-66
  1044   7.726217662797668e-66
  1045   6.490740704141359e-66
  1046   5.409749689227237e-66
  1047   4.494382945185719e-66
  1048   3.754038737044568e-66
  1049   3.132878413811314e-66
  1050   2.630278750163448e-66
[TRUERES]   1050  2.630278750163448e-66  3.278402349611101e-30
  1051   2.218495681460495e-66
  1052   1.866834084245372e-66
  1053   1.574510080940830e-66
  1054   1.321299541978950e-66
  1055   1.098381273069606e-66
  1056   9.134164215011203e-67
  1057   7.541459864439831e-67
  1058   6.197619100629924e-67
  1059   5.126428242265050e-67
  1060   4.224042999086697e-67
[TRUERES]   1060  4.224042999086697e-67  3.278402349611101e-30
  1061   3.487010384474751e-67
  1062   2.901907498594208e-67
  1063   2.411995150984200e-67
  1064   2.020833142371277e-67
  1065   1.710198828544633e-67
  1066   1.452311878780752e-67
  1067   1.248396161369195e-67
  1068   1.079709733196682e-67
  1069   9.383752951322986e-68
  1070   8.244272793246550e-68
[TRUERES]   1070  8.244272793246550e-68  3.278402349611101e-30
  1071   7.269145340269822e-68
  1072   6.454470501372531e-68
  1073   5.794146754050882e-68
  1074   5.217328852722747e-68
  1075   4.733164893502602e-68
  1076   4.305898498692607e-68
  1077   3.883477926953295e-68
  1078   3.500492288511736e-68
  1079   3.136409196292506e-68
  1080   2.783835394781538e-68
[TRUERES]   1080  2.783835394781538e-68  3.278402349611101e-30
  1081   2.473073151016125e-68
  1082   2.176649915550330e-68
  1083   1.896795367850144e-68
  1084   1.647094501454199e-68
  1085   1.413233241427956e-68
  1086   1.207931920258708e-68
  1087   1.030674211879018e-68
  1088   8.714340384418987e-69
  1089   7.381085381467014e-69
  1090   6.259599344489624e-69
[TRUERES]   1090  6.259599344489624e-69  3.278402349611101e-30
  1091   5.294130598108953e-69
  1092   4.504578730902932e-69
  1093   3.818007462648748e-69
  1094   3.211706035766353e-69
  1095   2.699032711931913e-69
  1096   2.252301851106805e-69
  1097   1.877141933008753e-69
  1098   1.569106111141896e-69
  1099   1.305242964959269e-69
  1100   1.085559058748780e-69
[TRUERES]   1100  1.085559058748780e-69  3.278402349611101e-30
  1101   9.026462332657243e-70
  1102   7.463414311022461e-70
  1103   6.218990616980163e-70
  1104   5.192263054346369e-70
  1105   4.335358420634762e-70
  1106   3.646513226188886e-70
  1107   3.076416632616604e-70
  1108   2.612701973213334e-70
  1109   2.238656447641885e-70
  1110   1.914230525631631e-70
[TRUERES]   1110  1.914230525631631e-70  3.278402349611101e-30
  1111   1.645863753559359e-70
  1112   1.420162903996246e-70
  1113   1.218109580210940e-70
  1114   1.042978442618996e-70
  1115   8.906222881711617e-71
  1116   7.546790942088060e-71
  1117   6.413724808236676e-71
  1118   5.445282836272123e-71
  1119   4.649358206715335e-71
  1120   4.011321729863358e-71
[TRUERES]   1120  4.011321729863358e-71  3.278402349611101e-30
  1121   3.466740720974233e-71
  1122   3.006959277881165e-71
  1123   2.616574995881266e-71
  1124   2.258510804694894e-71
  1125   1.945192525730160e-71
  1126   1.670842158140017e-71
  1127   1.428082296205368e-71
  1128   1.225387534223921e-71
  1129   1.046438810312667e-71
  1130   8.908073731029811e-72
[TRUERES]   1130  8.908073731029811e-72  3.278402349611101e-30
  1131   7.643055544337768e-72
  1132   6.548133413543532e-72
  1133   5.620873892937628e-72
  1134   4.854290796043165e-72
  1135   4.186954149715028e-72
  1136   3.628874736940726e-72
  1137   3.149581572477343e-72
  1138   2.722656799194144e-72
  1139   2.353718635206304e-72
  1140   2.027930494257784e-72
[TRUERES]   1140  2.027930494257784e-72  3.278402349611101e-30
  1141   1.736100077609325e-72
  1142   1.487497344189845e-72
  1143   1.270705765988715e-72
  1144   1.085233767495084e-72
  1145   9.316555164144274e-73
  1146   7.964438021052226e-73
  1147   6.815019148606491e-73
  1148   5.810335865510295e-73
  1149   4.902065326688093e-73
  1150   4.125319451141358e-73
[TRUERES]   1150  4.125319451141358e-73  3.278402349611101e-30
  1151   3.440642474859432e-73
  1152   2.840872487269299e-73
  1153   2.340062398437377e-73
  1154   1.912358390879958e-73
  1155   1.557250513996852e-73
  1156   1.272978221191397e-73
  1157   1.037965088639949e-73
  1158   8.474921980553574e-74
  1159   6.918519591756853e-74
  1160   5.601685012520696e-74
[TRUERES]   1160  5.601685012520696e-74  3.278402349611101e-30
  1161   4.530545017461352e-74
  1162   3.655131604368997e-74
  1163   2.929792644555644e-74
  1164   2.351684210409709e-74
  1165   1.889243309023778e-74
  1166   1.521188255357437e-74
  1167   1.236512570812167e-74
  1168   1.004070548104500e-74
  1169   8.211968231770749e-75
  1170   6.776119340110124e-75
[TRUERES]   1170  6.776119340110124e-75  3.278402349611101e-30
  1171   5.594802653896054e-75
  1172   4.648120794000653e-75
  1173   3.887339661704775e-75
  1174   3.254608058075605e-75
  1175   2.745393150499404e-75
  1176   2.319872814962536e-75
  1177   1.962736667860985e-75
  1178   1.672765695102254e-75
  1179   1.426648291583731e-75
  1180   1.222302074841002e-75
[TRUERES]   1180  1.222302074841002e-75  3.278402349611101e-30
  1181   1.055335681925037e-75
  1182   9.141722717370375e-76
  1183   7.976527355826029e-76
  1184   6.990952154017293e-76
  1185   6.132550619483264e-76
  1186   5.430237105567808e-76
  1187   4.817993586577209e-76
  1188   4.283764771127803e-76
  1189   3.825986103806642e-76
  1190   3.405125415318116e-76
[TRUERES]   1190  3.405125415318116e-76  3.278402349611101e-30
  1191   3.021011572748547e-76
  1192   2.678463712851562e-76
  1193   2.356537754957377e-76
  1194   2.066291678054419e-76
  1195   1.805147903306605e-76
  1196   1.561936684141608e-76
  1197   1.349667377974350e-76
  1198   1.161965527557170e-76
  1199   9.992364881864079e-77
Error at ASolver_CG<Afield<double,ACCEL> >: not converged
  iter(final):     1200   9.992364881864079e-77
converged:
  nconv = -1
    0    0       -1     1.2656e-31     2.8333e-29
ASolver_CGNR<Afield<double,ACCEL> >: solver starts
  mode_prev = D
  snorm =  2.593852413240673e+01
ASolver_CG solve_CG_init: m_x.nin() = 192, m_s.nin() = 192
  init:  8.359325480005464e-01
     0   4.277684353581886e-02
[TRUERES]      0  4.277684353581886e-02  4.277684353581886e-02
     1   1.335097047549100e-02
     2   1.035174094388497e-02
     3   3.240403241208591e-03
     4   1.756479809573138e-03
     5   1.383415234471280e-03
     6   6.024198052568704e-04
     7   4.089216945897834e-04
     8   3.088378100610492e-04
     9   1.651935618010706e-04
    10   1.367918000003451e-04
[TRUERES]     10  1.367918000003451e-04  1.367918000003449e-04
    11   1.027152945047058e-04
    12   6.513188429616404e-05
    13   5.791587928916142e-05
    14   4.178700832107771e-05
    15   2.954046101718226e-05
    16   2.705253991074057e-05
    17   1.948185775980843e-05
    18   1.587676303718493e-05
    19   1.475446576006782e-05
    20   1.108949830795254e-05
[TRUERES]     20  1.108949830795254e-05  1.108949830795252e-05
    21   1.007739323044440e-05
    22   9.130108113121947e-06
    23   7.076575035737458e-06
    24   6.654608107617742e-06
    25   5.683064093202795e-06
    26   4.585042862107610e-06
    27   4.363903244417201e-06
    28   3.585080147901893e-06
    29   3.021967880511921e-06
    30   2.808711211822186e-06
[TRUERES]     30  2.808711211822186e-06  2.808711211822188e-06
    31   2.231286836388938e-06
    32   1.952005003042585e-06
    33   1.772460439552472e-06
    34   1.429178201973006e-06
    35   1.315328621413118e-06
    36   1.172661235104859e-06
    37   9.820948355577084e-07
    38   9.453658948612187e-07
    39   8.356535260630919e-07
    40   7.386633582336521e-07
[TRUERES]     40  7.386633582336521e-07  7.386633582336554e-07
    41   7.167289097622032e-07
    42   6.189866314564852e-07
    43   5.613690937955175e-07
    44   5.280396627805300e-07
    45   4.435822966134649e-07
    46   4.049877080170629e-07
    47   3.601585142244685e-07
    48   2.965449637630923e-07
    49   2.688183007275047e-07
    50   2.290159691642341e-07
[TRUERES]     50  2.290159691642341e-07  2.290159691642333e-07
    51   1.917129370679263e-07
    52   1.749230389737883e-07
    53   1.473856325743499e-07
    54   1.280750672748993e-07
    55   1.170129465820949e-07
    56   9.800721765547489e-08
    57   8.799485263753528e-08
    58   7.948992989878947e-08
    59   6.738119081694464e-08
    60   6.196775170126395e-08
[TRUERES]     60  6.196775170126395e-08  6.196775170126330e-08
    61   5.484787343710990e-08
    62   4.718141930329656e-08
    63   4.387872804074678e-08
    64   3.830007673576521e-08
    65   3.374982700220990e-08
    66   3.134892559703341e-08
    67   2.709349246423875e-08
    68   2.457115527339851e-08
    69   2.273231632482421e-08
    70   1.978033777340967e-08
[TRUERES]     70  1.978033777340967e-08  1.978033777340964e-08
    71   1.835911801852022e-08
    72   1.667222406485764e-08
    73   1.455781803201278e-08
    74   1.356511551650523e-08
    75   1.203384558226787e-08
    76   1.064843641276647e-08
    77   9.921107406439658e-09
    78   8.652282279468202e-09
    79   7.736800064684587e-09
    80   7.082893809469500e-09
[TRUERES]     80  7.082893809469500e-09  7.082893809469566e-09
    81   6.106187794638355e-09
    82   5.530135380346615e-09
    83   4.951560048701455e-09
    84   4.250288062785228e-09
    85   3.857646387557871e-09
    86   3.365662613588873e-09
    87   2.887705062812348e-09
    88   2.594124754791411e-09
    89   2.204236628608879e-09
    90   1.902438979506107e-09
[TRUERES]     90  1.902438979506107e-09  1.902438979506300e-09
    91   1.686340980037447e-09
    92   1.413805839852618e-09
    93   1.232653855712626e-09
    94   1.074458274229859e-09
    95   8.955484670486842e-10
    96   7.861661273100024e-10
    97   6.736074650518374e-10
    98   5.663746974033252e-10
    99   5.016434223640177e-10
   100   4.272706408364023e-10
[TRUERES]    100  4.272706408364023e-10  4.272706408364201e-10
   101   3.677863837007708e-10
   102   3.289013850360763e-10
   103   2.811993695549716e-10
   104   2.478169978974050e-10
   105   2.205859756107825e-10
   106   1.876750680601681e-10
   107   1.666891541199591e-10
   108   1.467534657510488e-10
   109   1.268164640351871e-10
   110   1.154766633695056e-10
[TRUERES]    110  1.154766633695056e-10  1.154766633694683e-10
   111   1.025378125063987e-10
   112   9.128750461365834e-11
   113   8.448694804690990e-11
   114   7.509085189024145e-11
   115   6.807446926309748e-11
   116   6.284241887151564e-11
   117   5.555530643043838e-11
   118   5.080237647807469e-11
   119   4.610532518181064e-11
   120   4.043220561401108e-11
[TRUERES]    120  4.043220561401108e-11  4.043220561399284e-11
   121   3.678068841019712e-11
   122   3.253212353780297e-11
   123   2.850676204278656e-11
   124   2.600353948292694e-11
   125   2.286803688274564e-11
   126   2.027560019028223e-11
   127   1.826491934580910e-11
   128   1.575621589192574e-11
   129   1.394386611473999e-11
   130   1.237053773279140e-11
[TRUERES]    130  1.237053773279140e-11  1.237053773279845e-11
   131   1.065077762910103e-11
   132   9.583454991187442e-12
   133   8.509709568946558e-12
   134   7.478509663424252e-12
   135   6.814110276229685e-12
   136   6.003456952816199e-12
   137   5.294193135191193e-12
   138   4.762760054071810e-12
   139   4.102686696554584e-12
   140   3.592167296659974e-12
[TRUERES]    140  3.592167296659974e-12  3.592167296667621e-12
   141   3.155278806586283e-12
   142   2.681077321345059e-12
   143   2.353706306245118e-12
   144   2.048973208298300e-12
   145   1.759507483812775e-12
   146   1.571765561131699e-12
   147   1.372780878906951e-12
   148   1.205857161368361e-12
   149   1.089166061288741e-12
   150   9.548506750891258e-13
[TRUERES]    150  9.548506750891258e-13  9.548506750908809e-13
   151   8.554974428575417e-13
   152   7.792834035772523e-13
   153   6.916417129980613e-13
   154   6.354556108121381e-13
   155   5.834144133380257e-13
   156   5.252425069567277e-13
   157   4.860524835232776e-13
   158   4.378956713122452e-13
   159   3.903836728630572e-13
   160   3.552602236106658e-13
[TRUERES]    160  3.552602236106658e-13  3.552602236095752e-13
   161   3.104754444517704e-13
   162   2.721084798980549e-13
   163   2.397544318499063e-13
   164   2.036475167716921e-13
   165   1.766250675418285e-13
   166   1.528383033471077e-13
   167   1.294159204594473e-13
   168   1.128567015792086e-13
   169   9.682273742669435e-14
   170   8.236285486687154e-14
[TRUERES]    170  8.236285486687154e-14  8.236285486654890e-14
   171   7.204979172329351e-14
   172   6.151781805950656e-14
   173   5.320217775726005e-14
   174   4.708029114052371e-14
   175   4.086363112816084e-14
   176   3.644149201647027e-14
   177   3.279164766117291e-14
   178   2.892143923962105e-14
   179   2.622427854784921e-14
   180   2.348604521110950e-14
[TRUERES]    180  2.348604521110950e-14  2.348604521130331e-14
   181   2.071489568226993e-14
   182   1.864564819256081e-14
   183   1.630957784517401e-14
   184   1.423684299587459e-14
   185   1.261586900402140e-14
   186   1.085274266835009e-14
   187   9.483453225340305e-15
   188   8.354504818615674e-15
   189   7.165496527393065e-15
   190   6.289477276409074e-15
[TRUERES]    190  6.289477276409074e-15  6.289477276435098e-15
   191   5.484544861247449e-15
   192   4.712292333968822e-15
   193   4.159386613399526e-15
   194   3.610548854080410e-15
   195   3.126686798496852e-15
   196   2.760409671395055e-15
   197   2.373602967716359e-15
   198   2.061752274662087e-15
   199   1.814471904928168e-15
   200   1.557179389067481e-15
[TRUERES]    200  1.557179389067481e-15  1.557179389091848e-15
   201   1.361132914040147e-15
   202   1.184953868079575e-15
   203   1.011675205067607e-15
   204   8.868964545408806e-16
   205   7.673140170747858e-16
   206   6.604003729542963e-16
   207   5.819524057660619e-16
   208   5.032002466921606e-16
   209   4.388898327005884e-16
   210   3.899183322405677e-16
[TRUERES]    210  3.899183322405677e-16  3.899183322510012e-16
   211   3.390663914842052e-16
   212   2.994245149573350e-16
   213   2.652088708645698e-16
   214   2.305862232630127e-16
   215   2.052227606892459e-16
   216   1.811382748171051e-16
   217   1.584851561853037e-16
   218   1.425355140787376e-16
   219   1.269997511586128e-16
   220   1.142639897911310e-16
[TRUERES]    220  1.142639897911310e-16  1.142639897987586e-16
   221   1.050706172506857e-16
   222   9.465301546618692e-17
   223   8.653014165580912e-17
   224   7.941415892662471e-17
   225   7.129632297056689e-17
   226   6.522585875828989e-17
   227   5.913442283901218e-17
   228   5.277290210050431e-17
   229   4.811050335425422e-17
   230   4.302501006938536e-17
[TRUERES]    230  4.302501006938536e-17  4.302501006642447e-17
   231   3.851051049967528e-17
   232   3.519195421012251e-17
   233   3.151615981946077e-17
   234   2.855796787297647e-17
   235   2.613155721991821e-17
   236   2.349333909917428e-17
   237   2.151396027381072e-17
   238   1.967890971380164e-17
   239   1.769349407619946e-17
   240   1.609243932392553e-17
[TRUERES]    240  1.609243932392553e-17  1.609243931662221e-17
   241   1.420841015653711e-17
   242   1.232837110741903e-17
   243   1.073759263314166e-17
   244   9.065527435567433e-18
   245   7.688843411893722e-18
   246   6.595264122723144e-18
   247   5.562749126445417e-18
   248   4.791187861297310e-18
   249   4.130901183214073e-18
   250   3.515973985887784e-18
[TRUERES]    250  3.515973985887784e-18  3.515973986974366e-18
   251   3.062275179799667e-18
   252   2.639820396674293e-18
   253   2.270961987509101e-18
   254   1.999855881072878e-18
   255   1.737343429237271e-18
   256   1.521671038515563e-18
   257   1.350501842503771e-18
   258   1.177336976502364e-18
   259   1.040994278992253e-18
   260   9.256746620579051e-19
[TRUERES]    260  9.256746620579051e-19  9.256746626479875e-19
   261   8.143035813291495e-19
   262   7.342021663448072e-19
   263   6.609752545695083e-19
   264   5.923420195998789e-19
   265   5.416095333456170e-19
   266   4.864231094755186e-19
   267   4.366172298956530e-19
   268   3.963785135608603e-19
   269   3.532170445184747e-19
   270   3.183494685119306e-19
[TRUERES]    270  3.183494685119306e-19  3.183494673083704e-19
   271   2.884964871563177e-19
   272   2.575025254733510e-19
   273   2.337499564627382e-19
   274   2.107448670841672e-19
   275   1.886056376684807e-19
   276   1.722265749368250e-19
   277   1.547211530926534e-19
   278   1.380547905645251e-19
   279   1.235243883023287e-19
   280   1.073550459931617e-19
[TRUERES]    280  1.073550459931617e-19  1.073550461267813e-19
   281   9.309851260288294e-20
   282   8.029826383848837e-20
   283   6.755322633296973e-20
   284   5.743322696381150e-20
   285   4.863999364251522e-20
   286   4.088477525380595e-20
   287   3.521497473289574e-20
   288   3.025695620259812e-20
   289   2.626011746568304e-20
   290   2.331243555590061e-20
[TRUERES]    290  2.331243555590061e-20  2.331243549107383e-20
   291   2.041759364336391e-20
   292   1.801679333736992e-20
   293   1.604656204578995e-20
   294   1.407767238885812e-20
   295   1.253222664549058e-20
   296   1.115681004942302e-20
   297   9.834442095411242e-21
   298   8.827789292405120e-21
   299   7.844716797599948e-21
   300   6.944540979695350e-21
[TRUERES]    300  6.944540979695350e-21  6.944540734514127e-21
   301   6.263810334346766e-21
   302   5.581703580662753e-21
   303   5.006651619910114e-21
   304   4.559531998195211e-21
   305   4.091253610446646e-21
   306   3.721386075554658e-21
   307   3.394143421064837e-21
   308   3.057739390518223e-21
   309   2.786694585842221e-21
   310   2.509854565873707e-21
[TRUERES]    310  2.509854565873707e-21  2.509854518826800e-21
   311   2.229902431814604e-21
   312   1.993593492307105e-21
   313   1.737256283774949e-21
   314   1.499941315044107e-21
   315   1.294031445940290e-21
   316   1.088717692526579e-21
   317   9.220707535827795e-22
   318   7.845768089214483e-22
   319   6.618429361384029e-22
   320   5.702061436223179e-22
[TRUERES]    320  5.702061436223179e-22  5.702061461971486e-22
   321   4.898500351955714e-22
   322   4.184888244248676e-22
   323   3.631744690826815e-22
   324   3.114583040864477e-22
   325   2.676582152386691e-22
   326   2.332899586407305e-22
   327   2.011475289194015e-22
   328   1.753593527496084e-22
   329   1.536599590339029e-22
   330   1.325798736045039e-22
[TRUERES]    330  1.325798736045039e-22  1.325798813189493e-22
   331   1.157235211575417e-22
   332   1.006009918344668e-22
   333   8.633435236530202e-23
   334   7.516562990914119e-23
   335   6.499026773116254e-23
   336   5.631096266254345e-23
   337   4.969601815700602e-23
   338   4.340875807769975e-23
   339   3.836628487706010e-23
   340   3.426328781652770e-23
[TRUERES]    340  3.426328781652770e-23  3.426328121685089e-23
   341   3.015254251475580e-23
   342   2.688647408110497e-23
   343   2.397148704484010e-23
   344   2.108714627586273e-23
   345   1.876659692477255e-23
   346   1.652169577481028e-23
   347   1.444101329334514e-23
   348   1.280155414223143e-23
   349   1.120615331767380e-23
   350   9.844304008031591e-24
[TRUERES]    350  9.844304008031591e-24  9.844308121354671e-24
   351   8.708022583486560e-24
   352   7.582627636490657e-24
   353   6.651091852113767e-24
   354   5.826616837502088e-24
   355   5.033205606622882e-24
   356   4.419471473497488e-24
   357   3.879878593308493e-24
   358   3.411409235612159e-24
   359   3.062788629082770e-24
   360   2.725033644964223e-24
[TRUERES]    360  2.725033644964223e-24  2.725038359540044e-24
   361   2.427753144331895e-24
   362   2.189119945487503e-24
   363   1.946952537472864e-24
   364   1.749693135258631e-24
   365   1.573576087450841e-24
   366   1.396706939821289e-24
   367   1.251088231064290e-24
   368   1.111447329320423e-24
   369   9.758899197087464e-25
   370   8.623045662970148e-25
[TRUERES]    370  8.623045662970148e-25  8.623082644902205e-25
   371   7.528040362997553e-25
   372   6.584139712574975e-25
   373   5.844102705684646e-25
   374   5.159002172166127e-25
   375   4.624389223392764e-25
   376   4.201204547403882e-25
   377   3.786685490729736e-25
