Bridge++ 2.0.0

input filename : main.yaml

file = main.yaml

Lattice parameters:
  Lx = 16,  Ly = 16,  Lz = 16,  Lt = 16,
  Nx = 16,  Ny = 16,  Nz = 16,  Nt = 16,
  NPEx = 1,  NPEy  = 1,  NPEz  = 1,  NPEt  = 1,
  Lvol = 65536,  Nvol = 65536,  NPE = 1,
  Ndim = 4
  Nc   = 3
  Nd   = 4

ThreadManager: initialization
Warning at ThreadManager: Nthread(env) != Nthread(input)
  Number of threads(env)   = 2
  Number of threads(input) = 1
  reset Nthread = Nthread(input).
  Number of threads = 1
Main: input parameters
  lattice_size     = [16, 16, 16, 16]
  grid_size        = [1, 1, 1, 1]
  number of thread = 1
  number of color  = 3
  logfile          = stdout
  ildg_logfile     = stdout
  vlevel           = General

Alt_Accel code is being setup.
DeviceManager_CUDA: being initialized.
  process_id = 0
  number of devices = 1
  device_id = 0  is used on process = 0
------------------------------------------------
Alt_Accel: Factory entries
------------------------------------------------
AFopr<double, ACCEL> >(void):
AFopr<double, ACCEL>(Parameters&):
	Clover
	CloverTerm
	Clover_dd
	Domainwall
	Domainwall_5din
	Domainwall_5din_dd
	Domainwall_5din_eo
	Domainwall_eo
	Wilson
	Wilson_dd
AFopr<double, ACCEL>(Fopr*):
	Domainwall
AFopr<double, ACCEL>(Fopr*, Director*):
AFopr<float, ACCEL> >(void):
AFopr<float, ACCEL>(Parameters&):
	Clover
	CloverTerm
	Clover_dd
	Domainwall
	Domainwall_5din
	Domainwall_5din_dd
	Domainwall_5din_eo
	Domainwall_eo
	Wilson
	Wilson_dd
AFopr<float, ACCEL>(Fopr*):
	Domainwall
AFopr<float, ACCEL>(Fopr*, Director*):
AEigensolver<AField<float, ACCEL> >, Afopr>(Fopr*):
	IRArnoldi
	IRLanczos
------------------------------------------------
Timer: timestamp: 2026/06/05 22:04:26 +0900
file = test_alt_Spectrum_Domainwall_5din_Hadron2ptFunction.yaml

--------------------------------------------------------------------
test name: Spectrum_Domainwall_alt.hadron_2ptFunction
test file: test_alt_Spectrum_Domainwall_5din_Hadron2ptFunction.yaml
test mode: double_eo
file = test_alt_Spectrum_Domainwall_5din_Hadron2ptFunction.yaml
  vlevel       = General
  source_type  = Local
Smearing parameters (assumes APE-Stout):
   proj_type:  Stout_SU3
   smear_type: APE
   rho_uniform: 0.100000
   number_of_smearing: 0
  vlevel       = General

Configuration setup:
  gconf_status = Continue
  gconf_read   = Text_4x4x4x8
  readfile     = ./conf_04040408.txt
  plaq = 0.625130

Gauge fixing:
  Gauge fixing type = None
Parameters: get_string: key 'filename_output' not found.
Elapsed time: calc_plqauette: total         0.17 sec, count    1, average         0.17 sec
plaquette (before smearing):       0.625129946974939
applying smearing
Smear_APE:
  rho =   0.1000
Director_Smear:
  Nsmear = 0
Parameters: get_string: key 'filename_output' not found.
Elapsed time: calc_plqauette: total         0.23 sec, count    1, average         0.23 sec
Elapsed time: smearig: total         0.24 sec, count    1, average         0.24 sec
plaquette (after smearing):        0.625129946974939
  gmset_type   = Dirac
Gamma matrix: dirac representation.
Fopr_Domainwall: construction
  Imp::Fopr_Wilson: construction
    Gauge group implementation: SU(3)
    Imp::Fopr_Wilson: input parameters
      gamma-matrix type = Dirac
      kappa  =   0.20833333
      boundary[0] =  1
      boundary[1] =  1
      boundary[2] =  1
      boundary[3] = -1
  Imp::Fopr_Wilson: construction finished.
  Fopr_Domainwall: input parameters
    mq   =   0.1000
    M0   =   1.6000
    Ns   =    8
    boundary[0] =  1
    boundary[1] =  1
    boundary[2] =  1
    boundary[3] = -1
    coefficients:
    b[ 0] =     1.5000000000  c[ 0] =     0.5000000000
    b[ 1] =     1.5000000000  c[ 1] =     0.5000000000
    b[ 2] =     1.5000000000  c[ 2] =     0.5000000000
    b[ 3] =     1.5000000000  c[ 3] =     0.5000000000
    b[ 4] =     1.5000000000  c[ 4] =     0.5000000000
    b[ 5] =     1.5000000000  c[ 5] =     0.5000000000
    b[ 6] =     1.5000000000  c[ 6] =     0.5000000000
    b[ 7] =     1.5000000000  c[ 7] =     0.5000000000
Fopr_Domainwall: construction finished.
Fopr_Domainwall: input parameters
  mq   =   0.1000
  M0   =   1.6000
  Ns   =    8
  boundary[0] =  1
  boundary[1] =  1
  boundary[2] =  1
  boundary[3] = -1
  coefficients:
  b[ 0] =     1.5000000000  c[ 0] =     0.5000000000
  b[ 1] =     1.5000000000  c[ 1] =     0.5000000000
  b[ 2] =     1.5000000000  c[ 2] =     0.5000000000
  b[ 3] =     1.5000000000  c[ 3] =     0.5000000000
  b[ 4] =     1.5000000000  c[ 4] =     0.5000000000
  b[ 5] =     1.5000000000  c[ 5] =     0.5000000000
  b[ 6] =     1.5000000000  c[ 6] =     0.5000000000
  b[ 7] =     1.5000000000  c[ 7] =     0.5000000000
Imp::Fopr_Wilson: construction
  Gauge group implementation: SU(3)
  Imp::Fopr_Wilson: input parameters
    gamma-matrix type = Dirac
    kappa  =   0.20833333
    boundary[0] =  1
    boundary[1] =  1
    boundary[2] =  1
    boundary[3] = -1
Imp::Fopr_Wilson: construction finished.
Source for spinor field - local:
  source_position[0] = 0
  source_position[1] = 0
  source_position[2] = 0
  source_position[3] = 0

Check of fermion operator (even-odd)
norm of source vector: 1.000000
AFopr_Domainwall_5din_eo<AField<double,ACCEL> >: construction
  do_comm[0] = 0
  do_comm[1] = 0
  do_comm[2] = 0
  do_comm[3] = 0
    extended_precision = true
    su3_reconstruction = false
  AFopr_Domainwall_5din_eo<AField<double,ACCEL> >: input parameters
    gamma matrix repr.:  Dirac
    code implementation: 5d
    mq   =   0.1000
    M0   =   1.6000
    Ns   =    8
    boundary[0] =  1
    boundary[1] =  1
    boundary[2] =  1
    boundary[3] = -1
    coefficients:
      b[ 0] =     1.5000000000  c[ 0] =     0.5000000000
      b[ 1] =     1.5000000000  c[ 1] =     0.5000000000
      b[ 2] =     1.5000000000  c[ 2] =     0.5000000000
      b[ 3] =     1.5000000000  c[ 3] =     0.5000000000
      b[ 4] =     1.5000000000  c[ 4] =     0.5000000000
      b[ 5] =     1.5000000000  c[ 5] =     0.5000000000
      b[ 6] =     1.5000000000  c[ 6] =     0.5000000000
      b[ 7] =     1.5000000000  c[ 7] =     0.5000000000
    alpha =   1.0000
convert required.
convert performed.

[D check]
norm2(abq) = 1.000000
norm2(y5)  = 114.990748
norm2(z5)  = 114.990748
norm2(axq) = 114.990748
diff2 = 0.000000

[Ddag check]
norm2(abq) = 1.000000
norm2(y5)  = 120.304000
norm2(z5)  = 120.304000
norm2(axq) = 120.304000
diff2 = 0.000000
Elapsed time: afopr_Domainwall_5din_eo: Deo & dagger   : total         0.01 sec, count    4, average         0.00 sec
Elapsed time: afopr_Domainwall_5din_eo: Dee_inv & dag  : total         0.01 sec, count   20, average         0.00 sec
Elapsed time: afopr_Domainwall_5din_eo: clear          : total         0.00 sec, count    0, average         0.00 sec
Elapsed time: afopr_Domainwall_5din_eo: pack           : total         0.00 sec, count    0, average         0.00 sec
Elapsed time: afopr_Domainwall_5din_eo: bulk           : total         0.01 sec, count    4, average         0.00 sec
Elapsed time: afopr_Domainwall_5din_eo: boundary       : total         0.00 sec, count    0, average         0.00 sec
Elapsed time: afopr_Domainwall_5din_eo: comm           : total         0.00 sec, count    0, average         0.00 sec
Elapsed time: afopr_Domainwall_5din_eo: comm_recv_wait : total         0.00 sec, count    0, average         0.00 sec
Elapsed time: afopr_Domainwall_5din_eo: comm_send_wait : total         0.00 sec, count    0, average         0.00 sec
Elapsed time: afopr_Domainwall_5din_eo: comm_recv_start: total         0.00 sec, count    0, average         0.00 sec
Elapsed time: afopr_Domainwall_5din_eo: comm_send_start: total         0.00 sec, count    0, average         0.00 sec
Elapsed time: afopr_Domainwall_5din_eo: comm_test_all  : total         0.00 sec, count    0, average         0.00 sec

Fprop_alt_Standard_eo<Afield<double,ACCEL> >: being setup (without link smearing).
  AFopr_Domainwall_5din_eo<AField<double,ACCEL> >: construction
    do_comm[0] = 0
    do_comm[1] = 0
    do_comm[2] = 0
    do_comm[3] = 0
      extended_precision = true
      su3_reconstruction = false
    AFopr_Domainwall_5din_eo<AField<double,ACCEL> >: input parameters
      gamma matrix repr.:  Dirac
      code implementation: 5d
      mq   =   0.1000
      M0   =   1.6000
      Ns   =    8
      boundary[0] =  1
      boundary[1] =  1
      boundary[2] =  1
      boundary[3] = -1
      coefficients:
        b[ 0] =     1.5000000000  c[ 0] =     0.5000000000
        b[ 1] =     1.5000000000  c[ 1] =     0.5000000000
        b[ 2] =     1.5000000000  c[ 2] =     0.5000000000
        b[ 3] =     1.5000000000  c[ 3] =     0.5000000000
        b[ 4] =     1.5000000000  c[ 4] =     0.5000000000
        b[ 5] =     1.5000000000  c[ 5] =     0.5000000000
        b[ 6] =     1.5000000000  c[ 6] =     0.5000000000
        b[ 7] =     1.5000000000  c[ 7] =     0.5000000000
      alpha =   1.0000
  ASolver_CGNR<Afield<double,ACCEL> >:
  ASolver_CG<Afield<double,ACCEL> >:
    Precision: double
    Niter     = 1200
    Stop_cond =   1.00000000e-90
    init_guess_mode: 0
    true_residual_interval = 10 (logging [TRUERES])
    refinement_iterations = 0
Fprop_alt_Standard_eo<Afield<double,ACCEL> >: setup finished.

Fprop_alt_Standard_eo<Afield<double,ACCEL> >: mult performance:
  mult mode = Dee_inv
  Number of mult =                400
  Elapsed time   =       4.431244 sec
  Flop(Fopr)     =           62914560
  Flop(total)    =        25165824000
  Performance    =       5.679 GFlops

Fprop_alt_Standard_eo<Afield<double,ACCEL> >: mult performance:
  mult mode = Doe
  Number of mult =                400
  Elapsed time   =      30.560603 sec
  Flop(Fopr)     =          390070272
  Flop(total)    =       156028108800
  Performance    =       5.106 GFlops

Fprop_alt_Standard_eo<Afield<double,ACCEL> >: mult performance:
  mult mode = D
  Number of mult =                400
  Elapsed time   =      70.807591 sec
  Flop(Fopr)     =          912261120
  Flop(total)    =       364904448000
  Performance    =       5.153 GFlops

Fprop_alt_Standard_eo<Afield<double,ACCEL> >: mult performance:
  mult mode = Ddag
  Number of mult =                400
  Elapsed time   =      70.848890 sec
  Flop(Fopr)     =          912261120
  Flop(total)    =       364904448000
  Performance    =       5.150 GFlops

Fprop_alt_Standard_eo<Afield<double,ACCEL> >: mult performance:
  mult mode = DdagD
  Number of mult =                400
  Elapsed time   =     142.548547 sec
  Flop(Fopr)     =         1824522240
  Flop(total)    =       729808896000
  Performance    =       5.120 GFlops

Solving quark propagator:
  color spin   Nconv      diff           diff2
ASolver_CGNR<Afield<double,ACCEL> >: solver starts
  mode_prev = D
  b2 size is reset.
  snorm =  2.590304838456721e+01
  init:  8.347144281346087e-01
     0   4.468798186430416e-02
[TRUERES]      0  4.468798186430416e-02  4.468798186430416e-02
     1   1.499956599856903e-02
     2   1.233440344648411e-02
     3   3.921582718271590e-03
     4   2.187424811723296e-03
     5   1.758618823419036e-03
     6   7.879704900510952e-04
     7   5.676183558316510e-04
     8   4.319992777356786e-04
     9   2.392171368556056e-04
    10   2.044368972273798e-04
[TRUERES]     10  2.044368972273798e-04  2.044368972273798e-04
    11   1.526332942581445e-04
    12   1.003737015650667e-04
    13   9.289157736720551e-05
    14   6.684535702314090e-05
    15   4.951628704555554e-05
    16   4.645754388261991e-05
    17   3.352434335844393e-05
    18   2.812916983676724e-05
    19   2.574421904131383e-05
    20   1.896804018291059e-05
[TRUERES]     20  1.896804018291059e-05  1.896804018291059e-05
    21   1.707829169663323e-05
    22   1.499018052296128e-05
    23   1.173813692631108e-05
    24   1.131156909209076e-05
    25   9.644409803617789e-06
    26   7.947936188254754e-06
    27   7.577312130683810e-06
    28   6.118000554261400e-06
    29   5.241615255044052e-06
    30   4.857610548316548e-06
[TRUERES]     30  4.857610548316548e-06  4.857610548316548e-06
    31   3.888597997289971e-06
    32   3.521141786961982e-06
    33   3.203090311430164e-06
    34   2.639672254399268e-06
    35   2.507427819929512e-06
    36   2.236462566033402e-06
    37   1.932275894659229e-06
    38   1.900869314916420e-06
    39   1.692366733930711e-06
    40   1.547619161144731e-06
[TRUERES]     40  1.547619161144731e-06  1.547619161144731e-06
    41   1.518356066754157e-06
    42   1.317812326363743e-06
    43   1.214687371964163e-06
    44   1.129284431436897e-06
    45   9.483373386807847e-07
    46   8.782691458613993e-07
    47   7.791614529556720e-07
    48   6.560599859551938e-07
    49   6.079819199212386e-07
    50   5.227977421632218e-07
[TRUERES]     50  5.227977421632218e-07  5.227977421632218e-07
    51   4.514840141145359e-07
    52   4.203158988711393e-07
    53   3.570517908429890e-07
    54   3.169569093264419e-07
    55   2.894873097985097e-07
    56   2.438340642884450e-07
    57   2.223451848985866e-07
    58   1.996020376929401e-07
    59   1.694222749885955e-07
    60   1.559496605163385e-07
[TRUERES]     60  1.559496605163385e-07  1.559496605163385e-07
    61   1.360394538908992e-07
    62   1.172196361730848e-07
    63   1.085328980941123e-07
    64   9.342759634316464e-08
    65   8.246043224925718e-08
    66   7.551788887608798e-08
    67   6.435170869726465e-08
    68   5.832724689287298e-08
    69   5.308418786631504e-08
    70   4.593881553133932e-08
[TRUERES]     70  4.593881553133932e-08  4.593881553133932e-08
    71   4.277431596207285e-08
    72   3.853543632412540e-08
    73   3.395048327233135e-08
    74   3.186261004367113e-08
    75   2.822294676138373e-08
    76   2.530457885437068e-08
    77   2.362561158473572e-08
    78   2.071148909111181e-08
    79   1.889118370486702e-08
    80   1.739870242525926e-08
[TRUERES]     80  1.739870242525926e-08  1.739870242525926e-08
    81   1.514642742891687e-08
    82   1.390379847076364e-08
    83   1.242691969061330e-08
    84   1.071701217678715e-08
    85   9.728045546799352e-09
    86   8.387134610635222e-09
    87   7.228966800465448e-09
    88   6.518609244470614e-09
    89   5.559346756091885e-09
    90   4.858291866084981e-09
[TRUERES]     90  4.858291866084981e-09  4.858291866084981e-09
    91   4.317327451895860e-09
    92   3.626159132925088e-09
    93   3.185468084770383e-09
    94   2.781515448233827e-09
    95   2.358355148496571e-09
    96   2.114952731322874e-09
    97   1.839973808014899e-09
    98   1.585734991297143e-09
    99   1.433650906693972e-09
   100   1.239525141174416e-09
[TRUERES]    100  1.239525141174416e-09  1.239525141174416e-09
   101   1.089984685317634e-09
   102   9.845079051714783e-10
   103   8.467793285655312e-10
   104   7.541459357202292e-10
   105   6.713013421671922e-10
   106   5.763284320544497e-10
   107   5.187950243548887e-10
   108   4.574401486269595e-10
   109   3.986863084536960e-10
   110   3.645841512921374e-10
[TRUERES]    110  3.645841512921374e-10  3.645841512921374e-10
   111   3.236219954251915e-10
   112   2.919948412295900e-10
   113   2.726573234153645e-10
   114   2.434641450466602e-10
   115   2.227428032137384e-10
   116   2.037138681360721e-10
   117   1.782406963416219e-10
   118   1.612579779115021e-10
   119   1.429887298548128e-10
   120   1.235608196526628e-10
[TRUERES]    120  1.235608196526628e-10  1.235608196526628e-10
   121   1.107170642335602e-10
   122   9.575845172353067e-11
   123   8.267857995020777e-11
   124   7.368228533107333e-11
   125   6.307356480616531e-11
   126   5.496593232406594e-11
   127   4.833343963874609e-11
   128   4.083804498399427e-11
   129   3.574855638760803e-11
   130   3.115266170156552e-11
[TRUERES]    130  3.115266170156552e-11  3.115266170156552e-11
   131   2.660410673998101e-11
   132   2.378896408296811e-11
   133   2.096457593188889e-11
   134   1.845452625003885e-11
   135   1.681133745965793e-11
   136   1.475934259300624e-11
   137   1.306355244801504e-11
   138   1.169882337033277e-11
   139   1.004461503391401e-11
   140   8.845597550799669e-12
[TRUERES]    140  8.845597550799669e-12  8.845597550799669e-12
   141   7.791738001096780e-12
   142   6.711079352723382e-12
   143   6.006243334767988e-12
   144   5.310011448802551e-12
   145   4.634915200733571e-12
   146   4.190282951132553e-12
   147   3.679725334578240e-12
   148   3.252945500116958e-12
   149   2.931269933335920e-12
   150   2.547053874879796e-12
[TRUERES]    150  2.547053874879796e-12  2.547053874879796e-12
   151   2.257599642148880e-12
   152   2.011750404049669e-12
   153   1.750601678075583e-12
   154   1.574810290093484e-12
   155   1.400349107885599e-12
   156   1.219545176565384e-12
   157   1.091243109522716e-12
   158   9.514536958173789e-13
   159   8.313476333523395e-13
   160   7.431695352912138e-13
[TRUERES]    160  7.431695352912138e-13  7.431695352912138e-13
   161   6.432014226874443e-13
   162   5.650831610119159e-13
   163   4.996464723931976e-13
   164   4.289091839687687e-13
   165   3.772560853771000e-13
   166   3.287203457759103e-13
   167   2.814137635084367e-13
   168   2.482765075596048e-13
   169   2.154996935593751e-13
   170   1.876111991815899e-13
[TRUERES]    170  1.876111991815899e-13  1.876111991815899e-13
   171   1.681647150863720e-13
   172   1.474220602102764e-13
   173   1.316094419497934e-13
   174   1.198421601945540e-13
   175   1.064413546621219e-13
   176   9.691301481715732e-14
   177   8.777605585371537e-14
   178   7.763096268569713e-14
   179   7.036023853397069e-14
   180   6.223993259389813e-14
[TRUERES]    180  6.223993259389813e-14  6.223993259389813e-14
   181   5.413029660208386e-14
   182   4.794801724496848e-14
   183   4.121023559205519e-14
   184   3.558066596291661e-14
   185   3.115244177273473e-14
   186   2.655149502773950e-14
   187   2.320110851258497e-14
   188   2.029839502759192e-14
   189   1.735652760928367e-14
   190   1.517200255887889e-14
[TRUERES]    190  1.517200255887889e-14  1.517200255887889e-14
   191   1.312380494529636e-14
   192   1.131984538475961e-14
   193   1.009275750121364e-14
   194   8.891355411933873e-15
   195   7.932949507399584e-15
   196   7.246939307591572e-15
   197   6.459764135234350e-15
   198   5.861524708529423e-15
   199   5.346843507412566e-15
   200   4.749474260092673e-15
[TRUERES]    200  4.749474260092673e-15  4.749474260092673e-15
   201   4.306487859389728e-15
   202   3.861628909204422e-15
   203   3.408339270319240e-15
   204   3.081456558504158e-15
   205   2.725064277604104e-15
   206   2.400835490836665e-15
   207   2.157339421823729e-15
   208   1.896770272237590e-15
   209   1.693825130506288e-15
   210   1.532453804732987e-15
[TRUERES]    210  1.532453804732987e-15  1.532453804732987e-15
   211   1.353511162576945e-15
   212   1.219657256889478e-15
   213   1.096666622755176e-15
   214   9.700714808958556e-16
   215   8.789350025769779e-16
   216   7.873280573487056e-16
   217   7.040504775388666e-16
   218   6.437580981024089e-16
   219   5.750283483141288e-16
   220   5.158919152260274e-16
[TRUERES]    220  5.158919152260274e-16  5.158919152260274e-16
   221   4.668609771412805e-16
   222   4.115960410135867e-16
   223   3.682344129571817e-16
   224   3.291352520060258e-16
   225   2.878735674244107e-16
   226   2.567021253093417e-16
   227   2.258506506587559e-16
   228   1.963341654670300e-16
   229   1.742861281585667e-16
   230   1.516967029618723e-16
[TRUERES]    230  1.516967029618723e-16  1.516967029618723e-16
   231   1.328399689685344e-16
   232   1.185735559746915e-16
   233   1.040021106480668e-16
   234   9.268817220714380e-17
   235   8.285353393402854e-17
   236   7.239183507271081e-17
   237   6.423754522937538e-17
   238   5.623299813661190e-17
   239   4.835364268349963e-17
   240   4.215275532895684e-17
[TRUERES]    240  4.215275532895684e-17  4.215275532895684e-17
   241   3.583312048860315e-17
   242   3.024979237569048e-17
   243   2.582576728323429e-17
   244   2.156863006234790e-17
   245   1.831835614006725e-17
   246   1.577750973019436e-17
   247   1.347412867185168e-17
   248   1.180584859647334e-17
   249   1.031766581437281e-17
   250   8.919996316229059e-18
[TRUERES]    250  8.919996316229059e-18  8.919996316229059e-18
   251   7.900155381175969e-18
   252   6.940965978046035e-18
   253   6.116168091247020e-18
   254   5.501076550937351e-18
   255   4.866717733819825e-18
   256   4.340028489585441e-18
   257   3.902710832721317e-18
   258   3.435843247035354e-18
   259   3.082894899956137e-18
   260   2.780190060503773e-18
[TRUERES]    260  2.780190060503773e-18  2.780190060503773e-18
   261   2.475496394162714e-18
   262   2.237399852840226e-18
   263   1.989130374044279e-18
   264   1.746096726630873e-18
   265   1.555738190732600e-18
   266   1.360978651243220e-18
   267   1.201177858800645e-18
   268   1.072971718353846e-18
   269   9.411693419566081e-19
   270   8.405417266208142e-19
[TRUERES]    270  8.405417266208142e-19  8.405417266208142e-19
   271   7.519309815354902e-19
   272   6.620959313272542e-19
   273   5.935661912162069e-19
   274   5.270190742893483e-19
   275   4.653249629956997e-19
   276   4.178471812469553e-19
   277   3.681068327995394e-19
   278   3.237810904221435e-19
   279   2.862977019933024e-19
   280   2.468755356587653e-19
[TRUERES]    280  2.468755356587653e-19  2.468755356587653e-19
   281   2.142911953964480e-19
   282   1.861476813553226e-19
   283   1.595565173570693e-19
   284   1.399647437778786e-19
   285   1.228094982268380e-19
   286   1.075975618946538e-19
   287   9.647182218931847e-20
   288   8.547676599334322e-20
   289   7.590162120079160e-20
   290   6.843072504358100e-20
[TRUERES]    290  6.843072504358100e-20  6.843072504358100e-20
   291   6.079564768275170e-20
   292   5.454072948902743e-20
   293   4.921017670799617e-20
   294   4.381519043347280e-20
   295   3.957969334116539e-20
   296   3.544546549316088e-20
   297   3.133549070879235e-20
   298   2.807196137994414e-20
   299   2.482702105081084e-20
   300   2.189747326356936e-20
[TRUERES]    300  2.189747326356936e-20  2.189747326356936e-20
   301   1.952990517033350e-20
   302   1.711256959504664e-20
   303   1.507499081326235e-20
   304   1.339824010081879e-20
   305   1.171511639260136e-20
   306   1.037538325918347e-20
   307   9.155394434564230e-21
   308   7.950864719404377e-21
   309   6.981657907772374e-21
   310   6.032242664217746e-21
[TRUERES]    310  6.032242664217746e-21  6.032242664217746e-21
   311   5.164600948717670e-21
   312   4.470257876440927e-21
   313   3.814595369264345e-21
   314   3.276270140652962e-21
   315   2.844966271523533e-21
   316   2.433069639718012e-21
   317   2.099175542200705e-21
   318   1.813218317890656e-21
   319   1.553076767699091e-21
   320   1.364095327435183e-21
[TRUERES]    320  1.364095327435183e-21  1.364095327435183e-21
   321   1.197026996265084e-21
   322   1.052114659853280e-21
   323   9.436102094308145e-22
   324   8.362175107773947e-22
   325   7.432353771684805e-22
   326   6.671415266172261e-22
   327   5.916486708825154e-22
   328   5.293068338533723e-22
   329   4.743293729616149e-22
   330   4.186783239216154e-22
[TRUERES]    330  4.186783239216154e-22  4.186783239216154e-22
   331   3.746101729121651e-22
   332   3.337694065505425e-22
   333   2.949200867329561e-22
   334   2.646886892495165e-22
   335   2.341410536962948e-22
   336   2.076909588520815e-22
   337   1.857958570025775e-22
   338   1.636432526859669e-22
   339   1.453316235406299e-22
   340   1.298873427319463e-22
[TRUERES]    340  1.298873427319463e-22  1.298873427319463e-22
   341   1.147155701064681e-22
   342   1.025622424178498e-22
   343   9.143221518958235e-23
   344   8.074524960265014e-23
   345   7.250329814377936e-23
   346   6.442070567608203e-23
   347   5.703125870930786e-23
   348   5.109810359383859e-23
   349   4.507017188155797e-23
   350   3.996049176237013e-23
[TRUERES]    350  3.996049176237013e-23  3.996049176237013e-23
   351   3.556709562430988e-23
   352   3.124612126944159e-23
   353   2.783246801810108e-23
   354   2.488912527644738e-23
   355   2.218539131780969e-23
   356   2.021461294736670e-23
   357   1.832066429136141e-23
   358   1.658520917770290e-23
   359   1.520167448281111e-23
   360   1.373395373397195e-23
[TRUERES]    360  1.373395373397195e-23  1.373395373397195e-23
   361   1.241297836414088e-23
   362   1.125530369419997e-23
   363   1.001413027747425e-23
   364   8.991368310832230e-24
   365   8.054005608207981e-24
   366   7.139941703036287e-24
   367   6.398547434285677e-24
   368   5.689670715780896e-24
   369   5.029210032135671e-24
   370   4.501928159479873e-24
[TRUERES]    370  4.501928159479873e-24  4.501928159479873e-24
   371   3.966472238397236e-24
   372   3.482939180594597e-24
   373   3.084942047384716e-24
   374   2.701299932164906e-24
   375   2.393671343686910e-24
   376   2.125644756269441e-24
   377   1.869607745994215e-24
   378   1.662986846390070e-24
   379   1.461616519193266e-24
   380   1.271748632555040e-24
[TRUERES]    380  1.271748632555040e-24  1.271748632555040e-24
   381   1.116712254460073e-24
   382   9.637537456167360e-25
   383   8.294650433061645e-25
   384   7.170231973382240e-25
   385   6.087435699459321e-25
   386   5.177709796158977e-25
   387   4.408053595643255e-25
   388   3.709240874123778e-25
   389   3.174774066073336e-25
   390   2.720548590028091e-25
[TRUERES]    390  2.720548590028091e-25  2.720548590028091e-25
   391   2.328122079532240e-25
   392   2.033578381244841e-25
   393   1.763443065969361e-25
   394   1.530901784852343e-25
   395   1.340670469444844e-25
   396   1.158259227154887e-25
   397   1.009991399016070e-25
   398   8.909685423346533e-26
   399   7.788561938664341e-26
   400   6.893998912842817e-26
[TRUERES]    400  6.893998912842817e-26  6.893998912842817e-26
   401   6.085034315433238e-26
   402   5.313401264268184e-26
   403   4.695802741299526e-26
   404   4.124403634726546e-26
   405   3.603569254997547e-26
   406   3.177335665927613e-26
   407   2.773839694747849e-26
   408   2.440099799284431e-26
   409   2.167775456608406e-26
   410   1.909120950707172e-26
[TRUERES]    410  1.909120950707172e-26  1.909120950707172e-26
   411   1.705397243867142e-26
   412   1.526125075457204e-26
   413   1.350262143588619e-26
   414   1.208765785997149e-26
   415   1.073877400346287e-26
   416   9.481324611947131e-27
   417   8.431608929206630e-27
   418   7.382897857119246e-27
   419   6.435132371290210e-27
   420   5.598110974740123e-27
[TRUERES]    420  5.598110974740123e-27  5.598110974740123e-27
   421   4.790131539552387e-27
   422   4.129503160884842e-27
   423   3.571285329279169e-27
   424   3.068950666458540e-27
   425   2.675236762649960e-27
   426   2.326463163288630e-27
   427   2.012828863451639e-27
   428   1.759315003117565e-27
   429   1.525957169084148e-27
   430   1.323795563402696e-27
[TRUERES]    430  1.323795563402696e-27  1.323795563402696e-27
   431   1.159268521272150e-27
   432   1.004843230586997e-27
   433   8.766312716713028e-28
   434   7.685697929367230e-28
   435   6.666621061868919e-28
   436   5.861095489846485e-28
   437   5.161988329348958e-28
   438   4.548120008302452e-28
   439   4.072649640377809e-28
   440   3.632816879250525e-28
[TRUERES]    440  3.632816879250525e-28  3.632816879250525e-28
   441   3.242108119205090e-28
   442   2.921754462211704e-28
   443   2.602883381769347e-28
   444   2.328283994435770e-28
   445   2.091843793189827e-28
   446   1.856735649697084e-28
   447   1.664016588268167e-28
   448   1.489703157812444e-28
   449   1.320753073415826e-28
   450   1.177625116912469e-28
[TRUERES]    450  1.177625116912469e-28  1.177625116912469e-28
   451   1.037514228055657e-28
   452   9.038773708227327e-29
   453   7.877743554818114e-29
   454   6.753674744074144e-29
   455   5.792185654933908e-29
   456   4.982676796091206e-29
   457   4.222915277104956e-29
   458   3.591327056600313e-29
   459   3.048314387191427e-29
   460   2.558567108199186e-29
[TRUERES]    460  2.558567108199186e-29  2.558567108199186e-29
   461   2.165635828210587e-29
   462   1.819358100863776e-29
   463   1.522594626190852e-29
   464   1.289124480444977e-29
   465   1.083374864539522e-29
   466   9.150530016995942e-30
   467   7.805203672841174e-30
   468   6.620716429906284e-30
   469   5.680327276968417e-30
   470   4.911908712183213e-30
[TRUERES]    470  4.911908712183213e-30  4.911908712183213e-30
   471   4.228367710707145e-30
   472   3.694992278001153e-30
   473   3.234298186847288e-30
   474   2.831537645881006e-30
   475   2.524112555765811e-30
   476   2.245617551484767e-30
   477   2.009878337917983e-30
   478   1.820467252172573e-30
   479   1.635033756867927e-30
   480   1.477420720338420e-30
[TRUERES]    480  1.477420720338420e-30  1.477420720338420e-30
   481   1.340521709090271e-30
   482   1.200741956720803e-30
   483   1.082905109286881e-30
   484   9.723533271804943e-31
   485   8.649441565761983e-31
   486   7.740971372315496e-31
   487   6.819099185872358e-31
   488   5.951524999445423e-31
   489   5.207893603132678e-31
   490   4.491407592446631e-31
[TRUERES]    490  4.491407592446631e-31  4.491407592446631e-31
   491   3.874657422711590e-31
   492   3.345936175231163e-31
   493   2.861681743399922e-31
   494   2.469888933249653e-31
   495   2.133092301846674e-31
   496   1.829427644652258e-31
   497   1.579744419700899e-31
   498   1.355024647497997e-31
   499   1.159653770947995e-31
   500   1.002389979239702e-31
[TRUERES]    500  1.002389979239702e-31  1.002389979239702e-31
   501   8.617478198795584e-32
   502   7.476684259648514e-32
   503   6.542702128985715e-32
   504   5.690657474602638e-32
   505   5.003978358695035e-32
   506   4.425684322701388e-32
   507   3.892844775936981e-32
   508   3.476650008034262e-32
   509   3.096946471103082e-32
   510   2.760526051002114e-32
[TRUERES]    510  2.760526051002114e-32  2.760526051002114e-32
   511   2.492401246365689e-32
   512   2.235446180795900e-32
   513   2.005283721260990e-32
   514   1.807680717703809e-32
   515   1.609673006911182e-32
   516   1.438817362166266e-32
   517   1.283729258402998e-32
   518   1.134367120573153e-32
   519   1.012352579032540e-32
   520   9.012954319434877e-33
[TRUERES]    520  9.012954319434877e-33  9.012954319434877e-33
   521   8.001476450757819e-33
   522   7.193691185063565e-33
   523   6.418305572086667e-33
   524   5.739943020026082e-33
   525   5.184835611415977e-33
   526   4.634603154358701e-33
   527   4.145593426669537e-33
   528   3.682775198989031e-33
   529   3.199057910661554e-33
   530   2.772521342030519e-33
[TRUERES]    530  2.772521342030519e-33  2.772521342030519e-33
   531   2.385982360839268e-33
   532   2.042351573987080e-33
   533   1.769064826715649e-33
   534   1.525994444592432e-33
   535   1.321191631894133e-33
   536   1.160198355526967e-33
   537   1.014121517729267e-33
   538   8.925982790305769e-34
   539   7.891826069057680e-34
   540   6.894348561965441e-34
[TRUERES]    540  6.894348561965441e-34  6.894348561965441e-34
   541   6.039990522324773e-34
   542   5.260553293008511e-34
   543   4.538698980040666e-34
   544   3.949867229217961e-34
   545   3.437645664021759e-34
   546   3.002405956111823e-34
   547   2.648413901216734e-34
   548   2.313313587155905e-34
   549   2.021558782459971e-34
   550   1.773460437079763e-34
[TRUERES]    550  1.773460437079763e-34  1.773460437079763e-34
   551   1.543954494246820e-34
   552   1.355677982437508e-34
   553   1.195669911599424e-34
   554   1.051936998198230e-34
   555   9.411224426389983e-35
   556   8.440574050843677e-35
   557   7.574640424404091e-35
   558   6.878142705429878e-35
   559   6.204751459366599e-35
   560   5.590879709317760e-35
[TRUERES]    560  5.590879709317760e-35  5.590879709317760e-35
   561   5.047872519280276e-35
   562   4.495740213264052e-35
   563   4.018667071877854e-35
   564   3.587309013696222e-35
   565   3.180720623180211e-35
   566   2.855570603850828e-35
   567   2.563590327737031e-35
   568   2.290241517475461e-35
   569   2.054316645490012e-35
   570   1.826299089510901e-35
[TRUERES]    570  1.826299089510901e-35  1.826299089510901e-35
   571   1.619576213588864e-35
   572   1.444206276695102e-35
   573   1.274088334444093e-35
   574   1.128539376987869e-35
   575   1.001518772062919e-35
   576   8.822965213348958e-36
   577   7.807856356853203e-36
   578   6.881064349579788e-36
   579   6.031135615705171e-36
   580   5.326242159389103e-36
[TRUERES]    580  5.326242159389103e-36  5.326242159389103e-36
   581   4.673209149098871e-36
   582   4.101335199234544e-36
   583   3.619082801251543e-36
   584   3.161426385445618e-36
   585   2.771711243575079e-36
   586   2.439305541312905e-36
   587   2.125927480488539e-36
   588   1.867051543756546e-36
   589   1.637571264964213e-36
   590   1.425960281333265e-36
[TRUERES]    590  1.425960281333265e-36  1.425960281333265e-36
   591   1.255577157240783e-36
   592   1.106403046104798e-36
   593   9.823584247495310e-37
   594   8.872364110969497e-37
   595   7.992802028733380e-37
   596   7.218046977267404e-37
   597   6.527611284496257e-37
   598   5.826919598865380e-37
   599   5.208252547670519e-37
   600   4.634871153089693e-37
[TRUERES]    600  4.634871153089693e-37  4.634871153089693e-37
   601   4.096212832990087e-37
   602   3.660273380623644e-37
   603   3.268393873584741e-37
   604   2.928834366874896e-37
   605   2.657743238201698e-37
   606   2.392488475311811e-37
   607   2.148682940263269e-37
   608   1.923542734738799e-37
   609   1.691084755083063e-37
   610   1.482882692802557e-37
[TRUERES]    610  1.482882692802557e-37  1.482882692802557e-37
   611   1.289725699452767e-37
   612   1.105631815508752e-37
   613   9.501053030973439e-38
   614   8.100297168650078e-38
   615   6.868961036971087e-38
   616   5.857831586161314e-38
   617   4.956610529417108e-38
   618   4.200421661052000e-38
   619   3.572525740316665e-38
   620   3.013283983853332e-38
[TRUERES]    620  3.013283983853332e-38  3.013283983853332e-38
   621   2.554993973692186e-38
   622   2.174381884107914e-38
   623   1.841875086267083e-38
   624   1.575777684281151e-38
   625   1.348596740849851e-38
   626   1.153147443025312e-38
   627   9.945027647861414e-39
   628   8.512291457662541e-39
   629   7.281150857434578e-39
   630   6.270349893414296e-39
[TRUERES]    630  6.270349893414296e-39  6.270349893414296e-39
   631   5.372776940780762e-39
   632   4.649243997373806e-39
   633   4.061029157756102e-39
   634   3.537128491380698e-39
   635   3.104956072812596e-39
   636   2.730178277626364e-39
   637   2.401009168830880e-39
   638   2.134495025797342e-39
   639   1.884478009009045e-39
   640   1.653798102299099e-39
[TRUERES]    640  1.653798102299099e-39  1.653798102299099e-39
   641   1.448338355358122e-39
   642   1.252736667627471e-39
   643   1.085122127138520e-39
   644   9.435294110806477e-40
   645   8.151426059772958e-40
   646   7.103242075180184e-40
   647   6.205074300419385e-40
   648   5.384811260820585e-40
   649   4.689359504573934e-40
   650   4.054224332314157e-40
[TRUERES]    650  4.054224332314157e-40  4.054224332314157e-40
   651   3.494844588092435e-40
   652   3.034860140081563e-40
   653   2.614791718091644e-40
   654   2.249974888518709e-40
   655   1.940276812663353e-40
   656   1.659237576162087e-40
   657   1.421720819711635e-40
   658   1.210133480629200e-40
   659   1.015540259078972e-40
   660   8.563189842067477e-41
[TRUERES]    660  8.563189842067477e-41  8.563189842067477e-41
   661   7.194140698110144e-41
   662   6.031594019339084e-41
   663   5.093280219436515e-41
   664   4.268556763333065e-41
   665   3.571640053204862e-41
   666   2.997836222078715e-41
   667   2.493900636648031e-41
   668   2.089851979211556e-41
   669   1.752200181742007e-41
   670   1.461733160729168e-41
[TRUERES]    670  1.461733160729168e-41  1.461733160729168e-41
   671   1.231175191932729e-41
   672   1.035159319857995e-41
   673   8.661747384507845e-42
   674   7.318154384760081e-42
   675   6.153629001595695e-42
   676   5.189409386007461e-42
   677   4.411637915609407e-42
   678   3.730813732968584e-42
   679   3.179592577048555e-42
   680   2.729353427185117e-42
[TRUERES]    680  2.729353427185117e-42  2.729353427185117e-42
   681   2.328782371942745e-42
   682   2.002030752211483e-42
   683   1.723587839581103e-42
   684   1.479558313343002e-42
   685   1.284296025188249e-42
   686   1.110383240533654e-42
   687   9.593131639455804e-43
   688   8.346116562290897e-43
   689   7.198535482533236e-43
   690   6.235269509911537e-43
[TRUERES]    690  6.235269509911537e-43  6.235269509911537e-43
   691   5.444785054704827e-43
   692   4.741709678163268e-43
   693   4.175590925861594e-43
   694   3.692411046831821e-43
   695   3.233465548887917e-43
   696   2.834073265875911e-43
   697   2.461025267566880e-43
   698   2.122916685281990e-43
   699   1.840108864726048e-43
   700   1.582781056685261e-43
[TRUERES]    700  1.582781056685261e-43  1.582781056685261e-43
   701   1.363633115148713e-43
   702   1.179730112633582e-43
   703   1.012203832134885e-43
   704   8.712589385267366e-44
   705   7.492547067719824e-44
   706   6.407010116105695e-44
   707   5.518496909249407e-44
   708   4.746362094921877e-44
   709   4.071426678233872e-44
   710   3.524805374166857e-44
[TRUERES]    710  3.524805374166857e-44  3.524805374166857e-44
   711   3.053817170459387e-44
   712   2.664533210551855e-44
   713   2.352462847166351e-44
   714   2.079886694205239e-44
   715   1.864613777606746e-44
   716   1.685541664877483e-44
   717   1.518761238389776e-44
   718   1.379023415697314e-44
   719   1.248359649801413e-44
   720   1.121449568541897e-44
[TRUERES]    720  1.121449568541897e-44  1.121449568541897e-44
   721   1.009374990533065e-44
   722   8.993980676683787e-45
   723   7.978979290414803e-45
   724   7.088607415524455e-45
   725   6.232777549033228e-45
   726   5.473871740466259e-45
   727   4.798991062593474e-45
   728   4.166887916790613e-45
   729   3.624020432696093e-45
   730   3.143452875714452e-45
[TRUERES]    730  3.143452875714452e-45  3.143452875714452e-45
   731   2.718216046943385e-45
   732   2.373430498149963e-45
   733   2.064374324993617e-45
   734   1.792773432780111e-45
   735   1.566015978159950e-45
   736   1.355725647858041e-45
   737   1.174436003489398e-45
   738   1.016156268081402e-45
   739   8.719765387557694e-46
   740   7.506510441558453e-46
[TRUERES]    740  7.506510441558453e-46  7.506510441558453e-46
   741   6.437844788069789e-46
   742   5.489573470206727e-46
   743   4.708121995425272e-46
   744   4.022598985476424e-46
   745   3.442901114931309e-46
   746   2.976114710510977e-46
   747   2.565737879235063e-46
   748   2.224942406662843e-46
   749   1.953080223840727e-46
   750   1.715575830225108e-46
[TRUERES]    750  1.715575830225108e-46  1.715575830225108e-46
   751   1.516912928667397e-46
   752   1.339673537134662e-46
   753   1.172761443279371e-46
   754   1.031474742591026e-46
   755   9.017666528092421e-47
   756   7.864522531773636e-47
   757   6.903987610146387e-47
   758   6.027482451906084e-47
   759   5.237676242488399e-47
   760   4.542194964895673e-47
[TRUERES]    760  4.542194964895673e-47  4.542194964895673e-47
   761   3.883148043419075e-47
   762   3.313492013814409e-47
   763   2.825988167827213e-47
   764   2.402457682983040e-47
   765   2.058394670942826e-47
   766   1.760470531906600e-47
   767   1.500763838680546e-47
   768   1.285774350450172e-47
   769   1.090348543016847e-47
   770   9.185320417451112e-48
[TRUERES]    770  9.185320417451112e-48  9.185320417451112e-48
   771   7.744948260860296e-48
   772   6.477016327463609e-48
   773   5.435399149344553e-48
   774   4.590032970223380e-48
   775   3.866310803118312e-48
   776   3.300509281500708e-48
   777   2.835395399945462e-48
   778   2.441036372791937e-48
   779   2.122531022471712e-48
   780   1.839298339587938e-48
[TRUERES]    780  1.839298339587938e-48  1.839298339587938e-48
   781   1.587884117513689e-48
   782   1.376019670385415e-48
   783   1.181579927439391e-48
   784   1.011760421270828e-48
   785   8.650130272045008e-49
   786   7.322995611236239e-49
   787   6.240540387961902e-49
   788   5.335552635519406e-49
   789   4.545546833019373e-49
   790   3.910597302442379e-49
[TRUERES]    790  3.910597302442379e-49  3.910597302442379e-49
   791   3.365342333734912e-49
   792   2.897461026876462e-49
   793   2.512779393762377e-49
   794   2.174291676058917e-49
   795   1.892615854829107e-49
   796   1.659981426495178e-49
   797   1.454303530772144e-49
   798   1.281473471392928e-49
   799   1.132195202031156e-49
   800   9.970911966579950e-50
[TRUERES]    800  9.970911966579950e-50  9.970911966579950e-50
   801   8.825102246100147e-50
   802   7.736008578135298e-50
   803   6.732411267539904e-50
   804   5.863927863001829e-50
   805   5.063261574558189e-50
   806   4.382775594474643e-50
   807   3.813338048694824e-50
   808   3.311860267148825e-50
   809   2.890837762158058e-50
   810   2.525006290296397e-50
[TRUERES]    810  2.525006290296397e-50  2.525006290296397e-50
   811   2.190295587296671e-50
   812   1.906790932479342e-50
   813   1.647944958166801e-50
   814   1.410867967622313e-50
   815   1.210867784776835e-50
   816   1.030206827855289e-50
   817   8.747212950922304e-51
   818   7.422387795431095e-51
   819   6.215753853523279e-51
   820   5.176590840397398e-51
[TRUERES]    820  5.176590840397398e-51  5.176590840397398e-51
   821   4.299442161331767e-51
   822   3.550331935021831e-51
   823   2.946162776844793e-51
   824   2.444220163021430e-51
   825   2.019829129409250e-51
   826   1.685840965278447e-51
   827   1.404635924880134e-51
   828   1.168819199239106e-51
   829   9.810685440707300e-52
   830   8.217717635939097e-52
[TRUERES]    830  8.217717635939097e-52  8.217717635939097e-52
   831   6.914344512592337e-52
   832   5.860465602828706e-52
   833   4.951050950257182e-52
   834   4.227783353986203e-52
   835   3.615387166829377e-52
   836   3.084797419486984e-52
   837   2.652674930009132e-52
   838   2.279335158431234e-52
   839   1.963665009582236e-52
   840   1.713322000148162e-52
[TRUERES]    840  1.713322000148162e-52  1.713322000148162e-52
   841   1.497526445416513e-52
   842   1.320833118586110e-52
   843   1.176001904076128e-52
   844   1.043002483000021e-52
   845   9.293189619822510e-53
   846   8.293830710914856e-53
   847   7.394215173373693e-53
   848   6.648009199323526e-53
   849   5.986057414262586e-53
   850   5.380257735871578e-53
[TRUERES]    850  5.380257735871578e-53  5.380257735871578e-53
   851   4.850827285990685e-53
   852   4.311003979930885e-53
   853   3.805507336723197e-53
   854   3.346354544603304e-53
   855   2.899434494500200e-53
   856   2.503407305086473e-53
   857   2.144705659071504e-53
   858   1.817890058478297e-53
   859   1.549182112901287e-53
   860   1.319519438211988e-53
[TRUERES]    860  1.319519438211988e-53  1.319519438211988e-53
   861   1.119954540108718e-53
   862   9.555488264217236e-54
   863   8.074497847807810e-54
   864   6.799542820903855e-54
   865   5.763307983114317e-54
   866   4.863340826348873e-54
   867   4.117604206644478e-54
   868   3.487184412621607e-54
   869   2.934951838156153e-54
   870   2.487127462792271e-54
[TRUERES]    870  2.487127462792271e-54  2.487127462792271e-54
   871   2.109165159294084e-54
   872   1.791996800337223e-54
   873   1.543416244113329e-54
   874   1.334913527080234e-54
   875   1.164257311436676e-54
   876   1.025760422897094e-54
   877   9.027062512486071e-55
   878   7.968807425445964e-55
   879   7.065011277208842e-55
   880   6.219346394688687e-55
[TRUERES]    880  6.219346394688687e-55  6.219346394688687e-55
   881   5.502843049009356e-55
   882   4.876829424858076e-55
   883   4.312597760504419e-55
   884   3.847501690472384e-55
   885   3.429011101891213e-55
   886   3.055628492851670e-55
   887   2.737418165541235e-55
   888   2.436831665203605e-55
   889   2.176823573426996e-55
   890   1.957201539967269e-55
[TRUERES]    890  1.957201539967269e-55  1.957201539967269e-55
   891   1.756620237790484e-55
   892   1.591071632655209e-55
   893   1.448882239764883e-55
   894   1.315295380815768e-55
   895   1.199943091808415e-55
   896   1.087131033222379e-55
   897   9.773651286787653e-56
   898   8.764215998644682e-56
   899   7.760748424501735e-56
   900   6.822287619492028e-56
[TRUERES]    900  6.822287619492028e-56  6.822287619492028e-56
   901   5.988946765837999e-56
   902   5.198572347146706e-56
   903   4.504055022548296e-56
   904   3.882893570654105e-56
   905   3.300096798334045e-56
   906   2.797911301598888e-56
   907   2.358115669188262e-56
   908   1.980186151939252e-56
   909   1.671560201172615e-56
   910   1.406111633679048e-56
[TRUERES]    910  1.406111633679048e-56  1.406111633679048e-56
   911   1.187721575274959e-56
   912   1.013518705862512e-56
   913   8.640678866064455e-57
   914   7.407854352425679e-57
   915   6.376245282303601e-57
   916   5.467070357704282e-57
   917   4.701511838759824e-57
   918   4.034440857335191e-57
   919   3.429616426488414e-57
   920   2.920692153632137e-57
[TRUERES]    920  2.920692153632137e-57  2.920692153632137e-57
   921   2.465887063105069e-57
   922   2.071059926733397e-57
   923   1.746621012749185e-57
   924   1.476240449317638e-57
   925   1.256583242789434e-57
   926   1.079303054290306e-57
   927   9.275318797085411e-58
   928   8.022377185016977e-58
   929   6.948251086621256e-58
   930   6.007249937972829e-58
[TRUERES]    930  6.007249937972829e-58  6.007249937972829e-58
   931   5.224105379844504e-58
   932   4.532272636553626e-58
   933   3.939838268339009e-58
   934   3.445944094770297e-58
   935   2.983260665880641e-58
   936   2.568288522574757e-58
   937   2.207642926897607e-58
   938   1.892759485335763e-58
   939   1.627506604708024e-58
   940   1.400965982776304e-58
[TRUERES]    940  1.400965982776304e-58  1.400965982776304e-58
   941   1.202857056534308e-58
   942   1.041019787759113e-58
   943   8.985911152969630e-59
   944   7.747701793243931e-59
   945   6.758500810415741e-59
   946   5.918479128442838e-59
   947   5.230274903770082e-59
   948   4.647419213731479e-59
   949   4.102485921905044e-59
   950   3.608294229139004e-59
[TRUERES]    950  3.608294229139004e-59  3.608294229139004e-59
   951   3.144004972285814e-59
   952   2.698985728263492e-59
   953   2.316149474317599e-59
   954   1.977240467495251e-59
   955   1.679863621717927e-59
   956   1.428099062481916e-59
   957   1.200292492538060e-59
   958   1.001683624353109e-59
   959   8.325890045173057e-60
   960   6.816063290914918e-60
[TRUERES]    960  6.816063290914918e-60  6.816063290914918e-60
   961   5.560058831663963e-60
   962   4.531097759569964e-60
   963   3.669785596996944e-60
   964   2.987418784969172e-60
   965   2.428230989665716e-60
   966   1.968899189728193e-60
   967   1.609543631174406e-60
   968   1.316754308335570e-60
   969   1.083696572876016e-60
   970   9.038821729865682e-61
[TRUERES]    970  9.038821729865682e-61  9.038821729865682e-61
   971   7.558535764173433e-61
   972   6.374727264133332e-61
   973   5.420846622284213e-61
   974   4.601443602417455e-61
   975   3.936253005227267e-61
   976   3.376054335901988e-61
   977   2.905987805536357e-61
   978   2.516930273774166e-61
   979   2.165701269244173e-61
   980   1.849639954851102e-61
[TRUERES]    980  1.849639954851102e-61  1.849639954851102e-61
   981   1.576583445691222e-61
   982   1.328934014548244e-61
   983   1.121245680456705e-61
   984   9.541588401869749e-62
   985   8.125545614631703e-62
   986   6.993616909622244e-62
   987   6.055385739096102e-62
   988   5.228103644338623e-62
   989   4.543883216827129e-62
   990   3.937091508392441e-62
[TRUERES]    990  3.937091508392441e-62  3.937091508392441e-62
   991   3.402949818473188e-62
   992   2.940700649045574e-62
   993   2.514438421244871e-62
   994   2.139071878678375e-62
   995   1.821832854123222e-62
   996   1.544755628758306e-62
   997   1.316858394338389e-62
   998   1.120974950119976e-62
   999   9.439208866809093e-63
  1000   7.947699560640417e-63
[TRUERES]   1000  7.947699560640417e-63  7.947699560640417e-63
  1001   6.658914201110249e-63
  1002   5.552396199440711e-63
  1003   4.645967430254500e-63
  1004   3.867952375640072e-63
  1005   3.215404028120449e-63
  1006   2.693515845262390e-63
  1007   2.256813295261478e-63
  1008   1.904106567538371e-63
  1009   1.617135522316295e-63
  1010   1.368390241322075e-63
[TRUERES]   1010  1.368390241322075e-63  1.368390241322075e-63
  1011   1.161569912074211e-63
  1012   9.839052804729588e-64
  1013   8.290482563540099e-64
  1014   6.994875099701078e-64
  1015   5.877138726367435e-64
  1016   4.940313838768690e-64
  1017   4.198518058890800e-64
  1018   3.568999000760562e-64
  1019   3.049995559435695e-64
  1020   2.614774795370072e-64
[TRUERES]   1020  2.614774795370072e-64  2.614774795370072e-64
  1021   2.230668909156171e-64
  1022   1.910964225366395e-64
  1023   1.641012979734581e-64
  1024   1.407717606774680e-64
  1025   1.214949767798208e-64
  1026   1.048559198495575e-64
  1027   9.057997142904493e-65
  1028   7.878726053038587e-65
  1029   6.832707824131725e-65
  1030   5.924415628965707e-65
[TRUERES]   1030  5.924415628965707e-65  5.924415628965707e-65
  1031   5.143349337420075e-65
  1032   4.439903280807215e-65
  1033   3.846598144256117e-65
  1034   3.341756584991806e-65
  1035   2.884951344535170e-65
  1036   2.494545691426887e-65
  1037   2.152131199727222e-65
  1038   1.851192804774250e-65
  1039   1.596707359762905e-65
  1040   1.370221746992626e-65
[TRUERES]   1040  1.370221746992626e-65  1.370221746992626e-65
  1041   1.172589055088155e-65
  1042   1.002238994553781e-65
  1043   8.459875179187327e-66
  1044   7.111914842901359e-66
  1045   5.951845255976929e-66
  1046   4.945106641802234e-66
  1047   4.121065902665997e-66
  1048   3.440557823302660e-66
  1049   2.872858452130430e-66
  1050   2.415206617779764e-66
[TRUERES]   1050  2.415206617779764e-66  2.415206617779764e-66
  1051   2.032406045256686e-66
  1052   1.709469996983881e-66
  1053   1.439566728126756e-66
  1054   1.201070508426613e-66
  1055   9.981606775661004e-67
  1056   8.270657191828395e-67
  1057   6.793318527763781e-67
  1058   5.610238864938305e-67
  1059   4.633383469374742e-67
  1060   3.822380622844760e-67
[TRUERES]   1060  3.822380622844760e-67  3.822380622844760e-67
  1061   3.175479258450465e-67
  1062   2.639901722228846e-67
  1063   2.200042326381639e-67
  1064   1.854196942312296e-67
  1065   1.571171334478670e-67
  1066   1.341176270087217e-67
  1067   1.158315461696736e-67
  1068   1.002369081762733e-67
  1069   8.754605724472628e-68
  1070   7.712454886196475e-68
[TRUERES]   1070  7.712454886196475e-68  7.712454886196475e-68
  1071   6.810615615616620e-68
  1072   6.087266872630860e-68
  1073   5.470231067630175e-68
  1074   4.942142298966408e-68
  1075   4.495535310847156e-68
  1076   4.063828400123452e-68
  1077   3.660398850467756e-68
  1078   3.288426082779243e-68
  1079   2.923900003707973e-68
  1080   2.596745426412580e-68
[TRUERES]   1080  2.596745426412580e-68  2.596745426412580e-68
  1081   2.296193731239190e-68
  1082   2.007412301573952e-68
  1083   1.747135816327211e-68
  1084   1.506604177912760e-68
  1085   1.287579933144439e-68
  1086   1.101064207136241e-68
  1087   9.332903027388696e-69
  1088   7.900284600709283e-69
  1089   6.703784585837427e-69
  1090   5.670554363861659e-69
[TRUERES]   1090  5.670554363861659e-69  5.670554363861660e-69
  1091   4.814260391096449e-69
  1092   4.094075043689488e-69
  1093   3.453105916362988e-69
  1094   2.905618361721272e-69
  1095   2.434513885361712e-69
  1096   2.026747498881699e-69
  1097   1.694109810983939e-69
  1098   1.411168509625039e-69
  1099   1.172885743370248e-69
  1100   9.766612387460782e-70
[TRUERES]   1100  9.766612387460782e-70  9.766612387460779e-70
  1101   8.085437986532117e-70
  1102   6.713931252739444e-70
  1103   5.603046049695399e-70
  1104   4.673060857029076e-70
  1105   3.920071571450283e-70
  1106   3.308881409367953e-70
  1107   2.803698554624750e-70
  1108   2.399026340347297e-70
  1109   2.053665598198500e-70
  1110   1.759785719952013e-70
[TRUERES]   1110  1.759785719952013e-70  1.759785719952012e-70
  1111   1.521767096252931e-70
  1112   1.310774965517848e-70
  1113   1.123961560007265e-70
  1114   9.627399535990204e-71
  1115   8.167232846263419e-71
  1116   6.931016675885354e-71
  1117   5.884953222972075e-71
  1118   5.005213632029339e-71
  1119   4.299396335517762e-71
  1120   3.715544061590718e-71
[TRUERES]   1120  3.715544061590718e-71  3.715544061590713e-71
  1121   3.210779352726039e-71
  1122   2.797181947328217e-71
  1123   2.421772010487702e-71
  1124   2.085939019770111e-71
  1125   1.795273461298122e-71
  1126   1.535922077160441e-71
  1127   1.316898979015180e-71
  1128   1.128592429394607e-71
  1129   9.610589119165769e-72
  1130   8.220682433300768e-72
[TRUERES]   1130  8.220682433300768e-72  8.220682433300748e-72
  1131   7.052214993879014e-72
  1132   6.036963056982151e-72
  1133   5.205182656768924e-72
  1134   4.493450932784278e-72
  1135   3.883465228296621e-72
  1136   3.374087531175919e-72
  1137   2.919436088042427e-72
  1138   2.521441594646019e-72
  1139   2.179969129703982e-72
  1140   1.867895954010275e-72
[TRUERES]   1140  1.867895954010275e-72  1.867895954010280e-72
  1141   1.601220896777494e-72
  1142   1.370074681590332e-72
  1143   1.168033995954681e-72
  1144   1.001350371594813e-72
  1145   8.579855806512116e-73
  1146   7.334513192269820e-73
  1147   6.276574561264700e-73
  1148   5.314155118383545e-73
  1149   4.476909887781191e-73
  1150   3.753719303286861e-73
[TRUERES]   1150  3.753719303286861e-73  3.753719303286911e-73
  1151   3.109730549887760e-73
  1152   2.566569896698947e-73
  1153   2.106941970475495e-73
  1154   1.715531681787540e-73
  1155   1.399900268167582e-73
  1156   1.142565134637510e-73
  1157   9.319447285898889e-74
  1158   7.619833367464542e-74
  1159   6.195418125188110e-74
  1160   5.005019892587135e-74
[TRUERES]   1160  5.005019892587135e-74  5.005019892587200e-74
  1161   4.049382519923373e-74
  1162   3.251754506212947e-74
  1163   2.609099401983289e-74
  1164   2.096600942652185e-74
  1165   1.682991542532958e-74
  1166   1.362701454945401e-74
  1167   1.106476623640058e-74
  1168   9.006367956627012e-75
  1169   7.411619045542763e-75
  1170   6.118783537621802e-75
[TRUERES]   1170  6.118783537621802e-75  6.118783537621500e-75
  1171   5.062458632485184e-75
  1172   4.224659670150917e-75
  1173   3.533202416574579e-75
  1174   2.968532389230467e-75
  1175   2.509214669375170e-75
  1176   2.118405052044666e-75
  1177   1.800194253916192e-75
  1178   1.536334465624652e-75
  1179   1.311480745431052e-75
  1180   1.128631879147434e-75
[TRUERES]   1180  1.128631879147434e-75  1.128631879147731e-75
  1181   9.766286758979039e-76
  1182   8.489813350051383e-76
  1183   7.441607110649405e-76
  1184   6.523233635441904e-76
  1185   5.754660346124728e-76
  1186   5.102837809957398e-76
  1187   4.528264375011070e-76
  1188   4.038120480447613e-76
  1189   3.606058385828233e-76
  1190   3.200866786167846e-76
[TRUERES]   1190  3.200866786167846e-76  3.200866786166550e-76
  1191   2.841454751081834e-76
  1192   2.508585077246300e-76
  1193   2.199638957060687e-76
  1194   1.928200918467751e-76
  1195   1.677194209815367e-76
  1196   1.450677393818174e-76
  1197   1.251090757240602e-76
  1198   1.075463879606771e-76
  1199   9.264229067052476e-77
Error at ASolver_CG<Afield<double,ACCEL> >: not converged
  iter(final):     1200   9.264229067052476e-77
converged:
  nconv = -1
    0    0       -1     2.3507e-77     3.6066e-32
ASolver_CGNR<Afield<double,ACCEL> >: solver starts
  mode_prev = D
  snorm =  2.593852413240675e+01
  init:  8.359325480005455e-01
     0   4.277684353581885e-02
[TRUERES]      0  4.277684353581885e-02  4.277684353581885e-02
     1   1.335097047549101e-02
     2   1.035174094388497e-02
     3   3.240403241208592e-03
     4   1.756479809573139e-03
