Bridge++ 2.0.0

input filename : main.yaml

file = main.yaml

Lattice parameters:
  Lx = 16,  Ly = 16,  Lz = 16,  Lt = 16,
  Nx = 16,  Ny = 16,  Nz = 16,  Nt = 16,
  NPEx = 1,  NPEy  = 1,  NPEz  = 1,  NPEt  = 1,
  Lvol = 65536,  Nvol = 65536,  NPE = 1,
  Ndim = 4
  Nc   = 3
  Nd   = 4

ThreadManager: initialization
Warning at ThreadManager: Nthread(env) != Nthread(input)
  Number of threads(env)   = 2
  Number of threads(input) = 1
  reset Nthread = Nthread(input).
  Number of threads = 1
Main: input parameters
  lattice_size     = [16, 16, 16, 16]
  grid_size        = [1, 1, 1, 1]
  number of thread = 1
  number of color  = 3
  logfile          = stdout
  ildg_logfile     = stdout
  vlevel           = General

Alt_Accel code is being setup.
DeviceManager_CUDA: being initialized.
  process_id = 0
  number of devices = 1
  device_id = 0  is used on process = 0
------------------------------------------------
Alt_Accel: Factory entries
------------------------------------------------
AFopr<double, ACCEL> >(void):
AFopr<double, ACCEL>(Parameters&):
	Clover
	CloverTerm
	Clover_dd
	Domainwall
	Domainwall_5din
	Domainwall_5din_dd
	Domainwall_5din_eo
	Domainwall_eo
	Wilson
	Wilson_dd
AFopr<double, ACCEL>(Fopr*):
	Domainwall
AFopr<double, ACCEL>(Fopr*, Director*):
AFopr<float, ACCEL> >(void):
AFopr<float, ACCEL>(Parameters&):
	Clover
	CloverTerm
	Clover_dd
	Domainwall
	Domainwall_5din
	Domainwall_5din_dd
	Domainwall_5din_eo
	Domainwall_eo
	Wilson
	Wilson_dd
AFopr<float, ACCEL>(Fopr*):
	Domainwall
AFopr<float, ACCEL>(Fopr*, Director*):
AEigensolver<AField<float, ACCEL> >, Afopr>(Fopr*):
	IRArnoldi
	IRLanczos
------------------------------------------------
Timer: timestamp: 2026/06/05 21:57:51 +0900
file = test_alt_Spectrum_Domainwall_5din_Hadron2ptFunction.yaml

--------------------------------------------------------------------
test name: Spectrum_Domainwall_alt.hadron_2ptFunction
test file: test_alt_Spectrum_Domainwall_5din_Hadron2ptFunction.yaml
test mode: float_eo
file = test_alt_Spectrum_Domainwall_5din_Hadron2ptFunction.yaml
  vlevel       = General
  source_type  = Local
Smearing parameters (assumes APE-Stout):
   proj_type:  Stout_SU3
   smear_type: APE
   rho_uniform: 0.100000
   number_of_smearing: 0
  vlevel       = General

Configuration setup:
  gconf_status = Continue
  gconf_read   = Text_4x4x4x8
  readfile     = ./conf_04040408.txt
  plaq = 0.625130

Gauge fixing:
  Gauge fixing type = None
Parameters: get_string: key 'filename_output' not found.
Elapsed time: calc_plqauette: total         0.14 sec, count    1, average         0.14 sec
plaquette (before smearing):       0.625129946974939
applying smearing
Smear_APE:
  rho =   0.1000
Director_Smear:
  Nsmear = 0
Parameters: get_string: key 'filename_output' not found.
Elapsed time: calc_plqauette: total         0.17 sec, count    1, average         0.17 sec
Elapsed time: smearig: total         0.18 sec, count    1, average         0.18 sec
plaquette (after smearing):        0.625129946974939
  gmset_type   = Dirac
Gamma matrix: dirac representation.
Fopr_Domainwall: construction
  Imp::Fopr_Wilson: construction
    Gauge group implementation: SU(3)
    Imp::Fopr_Wilson: input parameters
      gamma-matrix type = Dirac
      kappa  =   0.20833333
      boundary[0] =  1
      boundary[1] =  1
      boundary[2] =  1
      boundary[3] = -1
  Imp::Fopr_Wilson: construction finished.
  Fopr_Domainwall: input parameters
    mq   =   0.1000
    M0   =   1.6000
    Ns   =    8
    boundary[0] =  1
    boundary[1] =  1
    boundary[2] =  1
    boundary[3] = -1
    coefficients:
    b[ 0] =     1.5000000000  c[ 0] =     0.5000000000
    b[ 1] =     1.5000000000  c[ 1] =     0.5000000000
    b[ 2] =     1.5000000000  c[ 2] =     0.5000000000
    b[ 3] =     1.5000000000  c[ 3] =     0.5000000000
    b[ 4] =     1.5000000000  c[ 4] =     0.5000000000
    b[ 5] =     1.5000000000  c[ 5] =     0.5000000000
    b[ 6] =     1.5000000000  c[ 6] =     0.5000000000
    b[ 7] =     1.5000000000  c[ 7] =     0.5000000000
Fopr_Domainwall: construction finished.
Fopr_Domainwall: input parameters
  mq   =   0.1000
  M0   =   1.6000
  Ns   =    8
  boundary[0] =  1
  boundary[1] =  1
  boundary[2] =  1
  boundary[3] = -1
  coefficients:
  b[ 0] =     1.5000000000  c[ 0] =     0.5000000000
  b[ 1] =     1.5000000000  c[ 1] =     0.5000000000
  b[ 2] =     1.5000000000  c[ 2] =     0.5000000000
  b[ 3] =     1.5000000000  c[ 3] =     0.5000000000
  b[ 4] =     1.5000000000  c[ 4] =     0.5000000000
  b[ 5] =     1.5000000000  c[ 5] =     0.5000000000
  b[ 6] =     1.5000000000  c[ 6] =     0.5000000000
  b[ 7] =     1.5000000000  c[ 7] =     0.5000000000
Imp::Fopr_Wilson: construction
  Gauge group implementation: SU(3)
  Imp::Fopr_Wilson: input parameters
    gamma-matrix type = Dirac
    kappa  =   0.20833333
    boundary[0] =  1
    boundary[1] =  1
    boundary[2] =  1
    boundary[3] = -1
Imp::Fopr_Wilson: construction finished.
Source for spinor field - local:
  source_position[0] = 0
  source_position[1] = 0
  source_position[2] = 0
  source_position[3] = 0

Check of fermion operator (even-odd)
norm of source vector: 1.000000
AFopr_Domainwall_5din_eo<AField<float,ACCEL> >: construction
  do_comm[0] = 0
  do_comm[1] = 0
  do_comm[2] = 0
  do_comm[3] = 0
    extended_precision = true
    su3_reconstruction = false
  AFopr_Domainwall_5din_eo<AField<float,ACCEL> >: input parameters
    gamma matrix repr.:  Dirac
    code implementation: 5d
    mq   =   0.1000
    M0   =   1.6000
    Ns   =    8
    boundary[0] =  1
    boundary[1] =  1
    boundary[2] =  1
    boundary[3] = -1
    coefficients:
      b[ 0] =     1.5000000000  c[ 0] =     0.5000000000
      b[ 1] =     1.5000000000  c[ 1] =     0.5000000000
      b[ 2] =     1.5000000000  c[ 2] =     0.5000000000
      b[ 3] =     1.5000000000  c[ 3] =     0.5000000000
      b[ 4] =     1.5000000000  c[ 4] =     0.5000000000
      b[ 5] =     1.5000000000  c[ 5] =     0.5000000000
      b[ 6] =     1.5000000000  c[ 6] =     0.5000000000
      b[ 7] =     1.5000000000  c[ 7] =     0.5000000000
    alpha =   1.0000
convert required.
convert performed.

[D check]
norm2(abq) = 1.000000
norm2(y5)  = 114.990748
norm2(z5)  = 114.990741
norm2(axq) = 114.990738
diff2 = 0.000000
Elapsed time: afopr_Domainwall_5din_eo: Deo & dagger   : total         0.00 sec, count    2, average         0.00 sec
Elapsed time: afopr_Domainwall_5din_eo: Dee_inv & dag  : total         0.00 sec, count   18, average         0.00 sec
Elapsed time: afopr_Domainwall_5din_eo: clear          : total         0.00 sec, count    0, average         0.00 sec
Elapsed time: afopr_Domainwall_5din_eo: pack           : total         0.00 sec, count    0, average         0.00 sec
Elapsed time: afopr_Domainwall_5din_eo: bulk           : total         0.00 sec, count    2, average         0.00 sec
Elapsed time: afopr_Domainwall_5din_eo: boundary       : total         0.00 sec, count    0, average         0.00 sec
Elapsed time: afopr_Domainwall_5din_eo: comm           : total         0.00 sec, count    0, average         0.00 sec
Elapsed time: afopr_Domainwall_5din_eo: comm_recv_wait : total         0.00 sec, count    0, average         0.00 sec
Elapsed time: afopr_Domainwall_5din_eo: comm_send_wait : total         0.00 sec, count    0, average         0.00 sec
Elapsed time: afopr_Domainwall_5din_eo: comm_recv_start: total         0.00 sec, count    0, average         0.00 sec
Elapsed time: afopr_Domainwall_5din_eo: comm_send_start: total         0.00 sec, count    0, average         0.00 sec
Elapsed time: afopr_Domainwall_5din_eo: comm_test_all  : total         0.00 sec, count    0, average         0.00 sec

Fprop_alt_Standard_eo<Afield<float,ACCEL> >: being setup (without link smearing).
  AFopr_Domainwall_5din_eo<AField<float,ACCEL> >: construction
    do_comm[0] = 0
    do_comm[1] = 0
    do_comm[2] = 0
    do_comm[3] = 0
      extended_precision = true
      su3_reconstruction = false
    AFopr_Domainwall_5din_eo<AField<float,ACCEL> >: input parameters
      gamma matrix repr.:  Dirac
      code implementation: 5d
      mq   =   0.1000
      M0   =   1.6000
      Ns   =    8
      boundary[0] =  1
      boundary[1] =  1
      boundary[2] =  1
      boundary[3] = -1
      coefficients:
        b[ 0] =     1.5000000000  c[ 0] =     0.5000000000
        b[ 1] =     1.5000000000  c[ 1] =     0.5000000000
        b[ 2] =     1.5000000000  c[ 2] =     0.5000000000
        b[ 3] =     1.5000000000  c[ 3] =     0.5000000000
        b[ 4] =     1.5000000000  c[ 4] =     0.5000000000
        b[ 5] =     1.5000000000  c[ 5] =     0.5000000000
        b[ 6] =     1.5000000000  c[ 6] =     0.5000000000
        b[ 7] =     1.5000000000  c[ 7] =     0.5000000000
      alpha =   1.0000
  ASolver_CGNR<Afield<float,ACCEL> >:
  ASolver_CG<Afield<float,ACCEL> >:
    Precision: float
    Niter     = 550
    Stop_cond =   0.00000000e+00
    init_guess_mode: 0
    true_residual_interval = 10 (logging [TRUERES])
    refinement_iterations = 0
Fprop_alt_Standard_eo<Afield<float,ACCEL> >: setup finished.

Fprop_alt_Standard_eo<Afield<float,ACCEL> >: mult performance:
  mult mode = Dee_inv
  Number of mult =                400
  Elapsed time   =       0.314463 sec
  Flop(Fopr)     =           62914560
  Flop(total)    =        25165824000
  Performance    =      80.028 GFlops

Fprop_alt_Standard_eo<Afield<float,ACCEL> >: mult performance:
  mult mode = Doe
  Number of mult =                400
  Elapsed time   =       1.641711 sec
  Flop(Fopr)     =          390070272
  Flop(total)    =       156028108800
  Performance    =      95.040 GFlops

Fprop_alt_Standard_eo<Afield<float,ACCEL> >: mult performance:
  mult mode = D
  Number of mult =                400
  Elapsed time   =       4.094337 sec
  Flop(Fopr)     =          912261120
  Flop(total)    =       364904448000
  Performance    =      89.124 GFlops

Fprop_alt_Standard_eo<Afield<float,ACCEL> >: mult performance:
  mult mode = Ddag
  Number of mult =                400
  Elapsed time   =       4.059569 sec
  Flop(Fopr)     =          912261120
  Flop(total)    =       364904448000
  Performance    =      89.887 GFlops

Fprop_alt_Standard_eo<Afield<float,ACCEL> >: mult performance:
  mult mode = DdagD
  Number of mult =                400
  Elapsed time   =       8.164122 sec
  Flop(Fopr)     =         1824522240
  Flop(total)    =       729808896000
  Performance    =      89.392 GFlops

Solving quark propagator:
  color spin   Nconv      diff           diff2
ASolver_CGNR<Afield<float,ACCEL> >: solver starts
  mode_prev = D
  b2 size is reset.
  snorm =  2.590304756164551e+01
  init:  8.347143530845642e-01
     0   4.468797892332077e-02
[TRUERES]      0  4.468797892332077e-02  4.468797892332077e-02
     1   1.499956473708153e-02
     2   1.233440265059471e-02
     3   3.921582829207182e-03
     4   2.187424805015326e-03
     5   1.758618862368166e-03
     6   7.879704935476184e-04
     7   5.676183500327170e-04
     8   4.319992731325328e-04
     9   2.392171154497191e-04
    10   2.044368884526193e-04
[TRUERES]     10  2.044368884526193e-04  2.044368884526193e-04
    11   1.526332926005125e-04
    12   1.003736979328096e-04
    13   9.289157605962828e-05
    14   6.684535037493333e-05
    15   4.951628579874523e-05
    16   4.645754233933985e-05
    17   3.352434214320965e-05
    18   2.812916864058934e-05
    19   2.574421705503482e-05
    20   1.896803951240145e-05
[TRUERES]     20  1.896803951240145e-05  1.896803951240145e-05
    21   1.707829142105766e-05
    22   1.499018071626779e-05
    23   1.173813689092640e-05
    24   1.131156841438496e-05
    25   9.644409146858379e-06
    26   7.947935955598950e-06
    27   7.577312317152973e-06
    28   6.118000328569906e-06
    29   5.241615326667670e-06
    30   4.857610292674508e-06
[TRUERES]     30  4.857610292674508e-06  4.857610292674508e-06
    31   3.888597802870208e-06
    32   3.521141707096831e-06
    33   3.203090273018461e-06
    34   2.639672175064334e-06
    35   2.507427780074067e-06
    36   2.236462478322210e-06
    37   1.932275836225017e-06
    38   1.900869278870232e-06
    39   1.692366595307249e-06
    40   1.547619149278034e-06
[TRUERES]     40  1.547619149278034e-06  1.547619149278034e-06
    41   1.518356043561653e-06
    42   1.317812234447047e-06
    43   1.214687358697120e-06
    44   1.129284441958589e-06
    45   9.483372878094087e-07
    46   8.782691338637960e-07
    47   7.791614393681812e-07
    48   6.560599672411627e-07
    49   6.079819172555290e-07
    50   5.227977339927747e-07
[TRUERES]     50  5.227977339927747e-07  5.227977339927747e-07
    51   4.514840270530840e-07
    52   4.203158709970012e-07
    53   3.570517890238989e-07
    54   3.169569140482054e-07
    55   2.894873034620105e-07
    56   2.438340516164317e-07
    57   2.223451787131125e-07
    58   1.996020415617750e-07
    59   1.694222646619892e-07
    60   1.559496638492419e-07
[TRUERES]     60  1.559496638492419e-07  1.559496638492419e-07
    61   1.360394463745251e-07
    62   1.172196277821058e-07
    63   1.085328946714981e-07
    64   9.342759454966654e-08
    65   8.246043137205561e-08
    66   7.551788883120025e-08
    67   6.435170973873028e-08
    68   5.832724170318215e-08
    69   5.308418593585884e-08
    70   4.593881186565341e-08
[TRUERES]     70  4.593881186565341e-08  4.593881186565341e-08
    71   4.277431386867647e-08
    72   3.853543262266612e-08
    73   3.395048153720381e-08
    74   3.186260855159162e-08
    75   2.822294398185932e-08
    76   2.530457798854968e-08
    77   2.362560991286955e-08
    78   2.071148941240608e-08
    79   1.889118372844223e-08
    80   1.739870292283285e-08
[TRUERES]     80  1.739870292283285e-08  1.739870292283285e-08
    81   1.514642633537733e-08
    82   1.390379811283537e-08
    83   1.242691993752487e-08
    84   1.071701127841607e-08
    85   9.728045036183630e-09
    86   8.387134542431340e-09
    87   7.228966758532351e-09
    88   6.518609207972759e-09
    89   5.559346760719563e-09
    90   4.858291546838700e-09
[TRUERES]     90  4.858291546838700e-09  4.858291546838700e-09
    91   4.317327384484315e-09
    92   3.626159150726949e-09
    93   3.185468111510659e-09
    94   2.781515240357635e-09
    95   2.358355066789386e-09
    96   2.114952657450431e-09
    97   1.839973617911994e-09
    98   1.585734987763487e-09
    99   1.433650864690605e-09
   100   1.239525149188125e-09
[TRUERES]    100  1.239525149188125e-09  1.239525149188125e-09
   101   1.089984658086962e-09
   102   9.845078086101466e-10
   103   8.467793688460290e-10
   104   7.541459123849847e-10
   105   6.713012923320605e-10
   106   5.763283739135261e-10
   107   5.187950069540648e-10
   108   4.574401413215412e-10
   109   3.986862784355338e-10
   110   3.645841406552108e-10
[TRUERES]    110  3.645841406552108e-10  3.645841406552108e-10
   111   3.236219625613046e-10
   112   2.919948172142028e-10
   113   2.726573133937649e-10
   114   2.434641377391245e-10
   115   2.227427964296425e-10
   116   2.037138652211112e-10
   117   1.782406860995067e-10
   118   1.612579791920865e-10
   119   1.429887319659429e-10
   120   1.235608143579370e-10
[TRUERES]    120  1.235608143579370e-10  1.235608143579370e-10
   121   1.107170605196828e-10
   122   9.575844978071402e-11
   123   8.267857232180376e-11
   124   7.368228249760023e-11
   125   6.307356720247626e-11
   126   5.496593111220527e-11
   127   4.833344141585982e-11
   128   4.083804475141228e-11
   129   3.574855342303174e-11
   130   3.115266031250563e-11
[TRUERES]    130  3.115266031250563e-11  3.115266031250563e-11
   131   2.660410607091546e-11
   132   2.378896385435425e-11
   133   2.096457556166609e-11
   134   1.845452610171883e-11
   135   1.681133704467541e-11
   136   1.475934131855983e-11
   137   1.306355110891610e-11
   138   1.169882333368344e-11
   139   1.004461444575888e-11
   140   8.845596997930638e-12
[TRUERES]    140  8.845596997930638e-12  8.845596997930638e-12
   141   7.791737741125182e-12
   142   6.711078741339360e-12
   143   6.006243679496093e-12
   144   5.310011111370194e-12
   145   4.634914847756466e-12
   146   4.190283103139292e-12
   147   3.679725361221964e-12
   148   3.252945222215198e-12
   149   2.931269810213522e-12
   150   2.547053713775060e-12
[TRUERES]    150  2.547053713775060e-12  2.547053713775060e-12
   151   2.257599706137481e-12
   152   2.011750358313358e-12
   153   1.750601508372640e-12
   154   1.574810269168447e-12
   155   1.400349020769243e-12
   156   1.219545081240780e-12
   157   1.091243089813843e-12
   158   9.514536511087690e-13
   159   8.313475775845180e-13
   160   7.431695233164892e-13
[TRUERES]    160  7.431695233164892e-13  7.431695233164892e-13
   161   6.432014209439840e-13
   162   5.650831365333620e-13
   163   4.996464938837597e-13
   164   4.289091597078215e-13
   165   3.772560605921904e-13
   166   3.287203408780526e-13
   167   2.814137540618072e-13
   168   2.482764970175577e-13
   169   2.154996829855510e-13
   170   1.876111841835754e-13
[TRUERES]    170  1.876111841835754e-13  1.876111841835754e-13
   171   1.681647036249137e-13
   172   1.474220593690456e-13
   173   1.316094314692678e-13
   174   1.198421516104137e-13
   175   1.064413517721206e-13
   176   9.691301716208481e-14
   177   8.777605243126194e-14
   178   7.763096263914415e-14
   179   7.036023510782058e-14
   180   6.223992675413736e-14
[TRUERES]    180  6.223992675413736e-14  6.223992675413736e-14
   181   5.413029440372134e-14
   182   4.794801437401491e-14
   183   4.121023319684017e-14
   184   3.558066249400790e-14
   185   3.115243862026641e-14
   186   2.655149456418440e-14
   187   2.320110656329685e-14
   188   2.029839410975804e-14
   189   1.735652671119945e-14
   190   1.517200163517630e-14
[TRUERES]    190  1.517200163517630e-14  1.517200163517630e-14
   191   1.312380397091488e-14
   192   1.131984486886246e-14
   193   1.009275755553757e-14
   194   8.891354822272279e-15
   195   7.932948900915299e-15
   196   7.246938610999936e-15
   197   6.459763788062203e-15
   198   5.861524322690751e-15
   199   5.346843387016515e-15
   200   4.749474247998367e-15
[TRUERES]    200  4.749474247998367e-15  4.749474247998367e-15
   201   4.306487451529156e-15
   202   3.861628712246512e-15
   203   3.408339242281610e-15
   204   3.081456522441967e-15
   205   2.725064021752931e-15
   206   2.400835479653509e-15
   207   2.157339341822789e-15
   208   1.896770196148975e-15
   209   1.693825019514225e-15
   210   1.532453702238375e-15
[TRUERES]    210  1.532453702238375e-15  1.532453702238375e-15
   211   1.353511109988207e-15
   212   1.219657246190689e-15
   213   1.096666579941707e-15
   214   9.700714708648023e-16
   215   8.789349609049759e-16
   216   7.873280300220681e-16
   217   7.040504505655446e-16
   218   6.437580630448323e-16
   219   5.750283273969607e-16
   220   5.158918751514544e-16
[TRUERES]    220  5.158918751514544e-16  5.158918751514544e-16
   221   4.668609494831656e-16
   222   4.115960201417628e-16
   223   3.682343918685654e-16
   224   3.291352451441885e-16
   225   2.878735703659122e-16
   226   2.567021226322435e-16
   227   2.258506415944001e-16
   228   1.963341638907683e-16
   229   1.742861212668655e-16
   230   1.516966922407691e-16
[TRUERES]    230  1.516966922407691e-16  1.516966922407691e-16
   231   1.328399653596551e-16
   232   1.185735482477285e-16
   233   1.040021066305618e-16
   234   9.268817505752282e-17
   235   8.285353358730425e-17
   236   7.239182965576639e-17
   237   6.423754273422275e-17
   238   5.623299535588590e-17
   239   4.835364010889773e-17
   240   4.215275343878787e-17
[TRUERES]    240  4.215275343878787e-17  4.215275343878787e-17
   241   3.583312002866234e-17
   242   3.024979316899476e-17
   243   2.582576655526515e-17
   244   2.156862859320179e-17
   245   1.831835637943390e-17
   246   1.577750900057722e-17
   247   1.347412863197225e-17
   248   1.180584843869877e-17
   249   1.031766531711278e-17
   250   8.919996434055405e-18
[TRUERES]    250  8.919996434055405e-18  8.919996434055405e-18
   251   7.900154703490814e-18
   252   6.940965991341674e-18
   253   6.116168072543105e-18
   254   5.501076569048674e-18
   255   4.866717547546045e-18
   256   4.340028490476380e-18
   257   3.902710921919089e-18
   258   3.435843153158954e-18
   259   3.082894905154774e-18
   260   2.780190021147372e-18
[TRUERES]    260  2.780190021147372e-18  2.780190021147372e-18
   261   2.475496388152239e-18
   262   2.237399893454363e-18
   263   1.989130317993004e-18
   264   1.746096589013952e-18
   265   1.555738031635006e-18
   266   1.360978666602126e-18
   267   1.201177815412114e-18
   268   1.072971644706449e-18
   269   9.411693062877085e-19
   270   8.405416990960787e-19
[TRUERES]    270  8.405416990960787e-19  8.405416990960787e-19
   271   7.519309065545248e-19
   272   6.620959384051806e-19
   273   5.935661443054819e-19
   274   5.270190504352846e-19
   275   4.653249735201476e-19
   276   4.178471586544707e-19
   277   3.681068238677023e-19
   278   3.237810841237354e-19
   279   2.862977048586246e-19
   280   2.468755434846603e-19
[TRUERES]    280  2.468755434846603e-19  2.468755434846603e-19
   281   2.142911801714861e-19
   282   1.861476652237735e-19
   283   1.595565097918815e-19
   284   1.399647369835631e-19
   285   1.228094892930049e-19
   286   1.075975602799723e-19
   287   9.647181948242070e-20
   288   8.547676675930393e-20
   289   7.590162125642272e-20
   290   6.843072629664838e-20
[TRUERES]    290  6.843072629664838e-20  6.843072629664838e-20
   291   6.079564244763080e-20
   292   5.454072883770355e-20
   293   4.921017663760723e-20
   294   4.381518836026275e-20
   295   3.957969081304166e-20
   296   3.544546472972150e-20
   297   3.133549184045534e-20
   298   2.807196059355248e-20
   299   2.482701829221218e-20
   300   2.189747252673754e-20
[TRUERES]    300  2.189747252673754e-20  2.189747252673754e-20
   301   1.952990389902604e-20
   302   1.711256872524212e-20
   303   1.507499023197673e-20
   304   1.339823939257563e-20
   305   1.171511586972488e-20
   306   1.037538296880231e-20
   307   9.155394155069599e-21
   308   7.950864086827537e-21
   309   6.981658017127575e-21
   310   6.032242889817797e-21
[TRUERES]    310  6.032242889817797e-21  6.032242889817797e-21
   311   5.164601109186779e-21
   312   4.470257705853455e-21
   313   3.814595093576572e-21
   314   3.276270151453609e-21
   315   2.844966345892705e-21
   316   2.433069578829294e-21
   317   2.099175580022529e-21
   318   1.813218272910667e-21
   319   1.553076735533863e-21
   320   1.364095248082298e-21
[TRUERES]    320  1.364095248082298e-21  1.364095248082298e-21
   321   1.197026978669677e-21
   322   1.052114568288672e-21
   323   9.436102217635052e-22
   324   8.362174496735540e-22
   325   7.432353614082397e-22
   326   6.671415103244843e-22
   327   5.916486576545370e-22
   328   5.293068357157695e-22
   329   4.743293648042640e-22
   330   4.186782950321211e-22
[TRUERES]    330  4.186782950321211e-22  4.186782950321211e-22
   331   3.746101772164214e-22
   332   3.337693966490640e-22
   333   2.949200796597190e-22
   334   2.646886830957917e-22
   335   2.341410353504050e-22
   336   2.076909457169024e-22
   337   1.857958399243419e-22
   338   1.636432499323172e-22
   339   1.453316173769263e-22
   340   1.298873364398328e-22
[TRUERES]    340  1.298873364398328e-22  1.298873364398328e-22
   341   1.147155596138388e-22
   342   1.025622359793718e-22
   343   9.143221008938305e-23
   344   8.074524634908985e-23
   345   7.250329072021314e-23
   346   6.442070392685279e-23
   347   5.703126081191757e-23
   348   5.109810225967464e-23
   349   4.507017311372208e-23
   350   3.996049068322126e-23
[TRUERES]    350  3.996049068322126e-23  3.996049068322126e-23
   351   3.556709395466112e-23
   352   3.124612096808751e-23
   353   2.783246739570652e-23
   354   2.488912480640925e-23
   355   2.218539082846381e-23
   356   2.021461276110817e-23
   357   1.832066343503382e-23
   358   1.658520888659286e-23
   359   1.520167465430185e-23
   360   1.373395318620565e-23
[TRUERES]    360  1.373395318620565e-23  1.373395318620565e-23
   361   1.241297799028139e-23
   362   1.125530331262511e-23
   363   1.001413007473391e-23
   364   8.991367966810338e-24
   365   8.054004785042376e-24
   366   7.139941398971022e-24
   367   6.398547437708516e-24
   368   5.689670322959221e-24
   369   5.029209546267865e-24
   370   4.501927817469993e-24
[TRUERES]    370  4.501927817469993e-24  4.501927817469993e-24
   371   3.966472306402675e-24
   372   3.482939225686550e-24
   373   3.084941938493088e-24
   374   2.701299750407158e-24
   375   2.393671213072193e-24
   376   2.125644676470682e-24
   377   1.869607642337171e-24
   378   1.662986827458968e-24
   379   1.461616572158303e-24
   380   1.271748599109052e-24
[TRUERES]    380  1.271748599109052e-24  1.271748599109052e-24
   381   1.116712286291770e-24
   382   9.637537344912258e-25
   383   8.294649565193214e-25
   384   7.170231882794472e-25
   385   6.087435487831322e-25
   386   5.177709752054939e-25
   387   4.408053665571533e-25
   388   3.709240739643433e-25
   389   3.174773917809389e-25
   390   2.720548548140230e-25
[TRUERES]    390  2.720548548140230e-25  2.720548548140230e-25
   391   2.328122048748018e-25
   392   2.033578273292244e-25
   393   1.763443086839174e-25
   394   1.530901683121992e-25
   395   1.340670464277790e-25
   396   1.158259198935141e-25
   397   1.009991374314413e-25
   398   8.909684723429743e-26
   399   7.788561767905463e-26
   400   6.893999048063076e-26
[TRUERES]    400  6.893999048063076e-26  6.893999048063076e-26
   401   6.085034515710572e-26
   402   5.313400976804906e-26
   403   4.695802390404958e-26
   404   4.124403319659763e-26
   405   3.603569308492860e-26
   406   3.177335435450304e-26
   407   2.773839553554369e-26
   408   2.440099621648976e-26
   409   2.167775284554159e-26
   410   1.909120890055811e-26
[TRUERES]    410  1.909120890055811e-26  1.909120890055811e-26
   411   1.705397099059298e-26
   412   1.526124914636725e-26
   413   1.350262088438905e-26
   414   1.208765787280323e-26
   415   1.073877351760934e-26
   416   9.481323842083207e-27
   417   8.431608822218566e-27
   418   7.382897597040940e-27
   419   6.435132449154415e-27
   420   5.598110969372078e-27
[TRUERES]    420  5.598110969372078e-27  5.598110969372078e-27
   421   4.790131357593134e-27
   422   4.129503105115302e-27
   423   3.571285021872295e-27
   424   3.068950492267605e-27
   425   2.675236678189406e-27
   426   2.326463091212522e-27
   427   2.012828866442960e-27
   428   1.759314856003379e-27
   429   1.525957146879270e-27
   430   1.323795554697847e-27
[TRUERES]    430  1.323795554697847e-27  1.323795554697847e-27
   431   1.159268463263198e-27
   432   1.004843163276352e-27
   433   8.766312142800741e-28
   434   7.685697888094340e-28
   435   6.666620946971000e-28
   436   5.861095451423691e-28
   437   5.161988177918472e-28
   438   4.548120156339401e-28
   439   4.072649460563997e-28
   440   3.632816894703263e-28
[TRUERES]    440  3.632816894703263e-28  3.632816894703263e-28
   441   3.242108060969042e-28
   442   2.921754170327017e-28
   443   2.602883245742169e-28
   444   2.328283913530194e-28
   445   2.091843753530092e-28
   446   1.856735614827777e-28
   447   1.664016471977696e-28
   448   1.489703080494260e-28
   449   1.320753042794077e-28
   450   1.177625031193887e-28
[TRUERES]    450  1.177625031193887e-28  1.177625031193887e-28
   451   1.037514229592824e-28
   452   9.038773813145068e-29
   453   7.877743196205128e-29
   454   6.753674786016626e-29
   455   5.792185557642895e-29
   456   4.982676576932175e-29
   457   4.222914968538085e-29
   458   3.591327007208504e-29
   459   3.048314369580615e-29
   460   2.558566935683400e-29
[TRUERES]    460  2.558566935683400e-29  2.558566935683400e-29
   461   2.165635849627255e-29
   462   1.819358009061461e-29
   463   1.522594623659646e-29
   464   1.289124518467688e-29
   465   1.083374789401454e-29
   466   9.150530261603167e-30
   467   7.805204248555998e-30
   468   6.620716707673084e-30
   469   5.680326869388138e-30
   470   4.911907904967474e-30
[TRUERES]    470  4.911907904967474e-30  4.911907904967474e-30
   471   4.228367531998216e-30
   472   3.694992518645939e-30
   473   3.234298415044552e-30
   474   2.831537751187283e-30
   475   2.524112876526336e-30
   476   2.245617952274154e-30
   477   2.009878672787368e-30
   478   1.820467788576094e-30
   479   1.635034213010715e-30
   480   1.477421015226473e-30
[TRUERES]    480  1.477421015226473e-30  1.477421015226473e-30
   481   1.340522096773777e-30
   482   1.200742370805633e-30
   483   1.082905456824967e-30
   484   9.723535985538615e-31
   485   8.649445419791142e-31
   486   7.740975425306165e-31
   487   6.819104325024073e-31
   488   5.951529308806463e-31
   489   5.207897946741814e-31
   490   4.491411570424094e-31
[TRUERES]    490  4.491411570424094e-31  4.491411570424094e-31
   491   3.874660717598501e-31
   492   3.345939345321808e-31
   493   2.861684573348019e-31
   494   2.469891365823470e-31
   495   2.133094366798753e-31
   496   1.829429616447441e-31
   497   1.579746035224027e-31
   498   1.355026192430154e-31
   499   1.159655269741568e-31
   500   1.002391170269633e-31
[TRUERES]    500  1.002391170269633e-31  1.002391170269633e-31
   501   8.617488547919122e-32
   502   7.476693027091583e-32
   503   6.542710455864664e-32
   504   5.690665130614637e-32
   505   5.003985411902412e-32
   506   4.425691268186994e-32
   507   3.892851727776347e-32
   508   3.476655904050620e-32
   509   3.096951539204645e-32
   510   2.760531227344648e-32
[TRUERES]    510  2.760531227344648e-32  2.760531227344648e-32
   511   2.492406255646663e-32
   512   2.235450831270191e-32
   513   2.005288743505599e-32
   514   1.807685939080465e-32
   515   1.609678764598648e-32
   516   1.438823305568918e-32
   517   1.283735633887530e-32
   518   1.134373942125792e-32
   519   1.012360052967537e-32
   520   9.013041221476471e-33
[TRUERES]    520  9.013041221476471e-33  9.013041221476471e-33
   521   8.001574617683957e-33
   522   7.193803552473682e-33
   523   6.418433519675885e-33
   524   5.740079607045344e-33
   525   5.184995011539736e-33
   526   4.634789084932025e-33
   527   4.145802536773154e-33
   528   3.683027675927698e-33
   529   3.199351423498666e-33
   530   2.772851583635616e-33
[TRUERES]    530  2.772851583635616e-33  2.772851216293631e-33
   531   2.386362816409672e-33
   532   2.042763062599432e-33
   533   1.769512972266060e-33
   534   1.526510739302246e-33
   535   1.321747153899689e-33
   536   1.160822252778606e-33
   537   1.014833384917163e-33
   538   8.933674414302843e-34
   539   7.900545286334596e-34
   540   6.904047960251330e-34
[TRUERES]    540  6.904047960251330e-34  6.904047960251330e-34
   541   6.050402125974262e-34
   542   5.272553636806153e-34
   543   4.551353414265621e-34
   544   3.962657578179165e-34
   545   3.451017463087774e-34
   546   3.015347114249379e-34
   547   2.662098204857819e-34
   548   2.328443546515269e-34
   549   2.036253303454273e-34
Error at ASolver_CG<Afield<float,ACCEL> >: not converged
  iter(final):      550   2.036253303454273e-34
converged:
  nconv = -1
    0    0       -1     3.2280e-35     3.8577e-32
ASolver_CGNR<Afield<float,ACCEL> >: solver starts
  mode_prev = D
  snorm =  2.593852424621582e+01
  init:  8.359325528144836e-01
     0   4.277684539556503e-02
[TRUERES]      0  4.277684539556503e-02  4.277684539556503e-02
     1   1.335097104310989e-02
     2   1.035174075514078e-02
     3   3.240403020754457e-03
     4   1.756479847244918e-03
     5   1.383415190503001e-03
     6   6.024198373779655e-04
     7   4.089217109140009e-04
     8   3.088377998210490e-04
     9   1.651935599511489e-04
    10   1.367918011965230e-04
[TRUERES]     10  1.367918011965230e-04  1.367918011965230e-04
    11   1.027152902679518e-04
    12   6.513188418466598e-05
    13   5.791587682324462e-05
    14   4.178700692136772e-05
    15   2.954046067316085e-05
    16   2.705253973545041e-05
    17   1.948185854416806e-05
    18   1.587676342751365e-05
    19   1.475446606491460e-05
    20   1.108949800254777e-05
[TRUERES]     20  1.108949800254777e-05  1.108949800254777e-05
    21   1.007739319902612e-05
    22   9.130108082899824e-06
    23   7.076575002429308e-06
    24   6.654608114331495e-06
    25   5.683064046024811e-06
    26   4.585042916005477e-06
    27   4.363903371995548e-06
    28   3.585080321499845e-06
    29   3.021968041139189e-06
    30   2.808711315083201e-06
[TRUERES]     30  2.808711315083201e-06  2.808711315083201e-06
    31   2.231286771348095e-06
    32   1.952005050043226e-06
    33   1.772460564097855e-06
    34   1.429178155376576e-06
    35   1.315328631790180e-06
    36   1.172661313830758e-06
    37   9.820948889682768e-07
    38   9.453658549318789e-07
    39   8.356535659004294e-07
    40   7.386633456007985e-07
[TRUERES]     40  7.386633456007985e-07  7.386633456007985e-07
    41   7.167288913478842e-07
    42   6.189866326167248e-07
    43   5.613691200778703e-07
    44   5.280396635498619e-07
    45   4.435823086623714e-07
    46   4.049877020406711e-07
    47   3.601585376600269e-07
    48   2.965449823477684e-07
    49   2.688182973997755e-07
    50   2.290159670792491e-07
[TRUERES]     50  2.290159670792491e-07  2.290159670792491e-07
    51   1.917129424100494e-07
    52   1.749230449377137e-07
    53   1.473856343636726e-07
    54   1.280750581145185e-07
    55   1.170129451111279e-07
    56   9.800722011732432e-08
    57   8.799485584631839e-08
    58   7.948992930550958e-08
    59   6.738119395777176e-08
    60   6.196775359512685e-08
[TRUERES]     60  6.196775359512685e-08  6.196775359512685e-08
    61   5.484787024556681e-08
    62   4.718141966009171e-08
    63   4.387872820643679e-08
    64   3.830007955230030e-08
    65   3.374982782133884e-08
    66   3.134892523348753e-08
    67   2.709349189444765e-08
    68   2.457115577669811e-08
    69   2.273231736182879e-08
    70   1.978033736804719e-08
[TRUERES]     70  1.978033736804719e-08  1.978033736804719e-08
    71   1.835911866976403e-08
    72   1.667222448986649e-08
    73   1.455781806214418e-08
    74   1.356511614147848e-08
    75   1.203384503156713e-08
    76   1.064843679898786e-08
    77   9.921107491095427e-09
    78   8.652281557885999e-09
    79   7.736799645385872e-09
    80   7.082894271093210e-09
[TRUERES]     80  7.082894271093210e-09  7.082894271093210e-09
    81   6.106187999677104e-09
    82   5.530135460674046e-09
    83   4.951560050869830e-09
    84   4.250288121454560e-09
    85   3.857646202476417e-09
    86   3.365662637477840e-09
    87   2.887705186083167e-09
    88   2.594124692834043e-09
    89   2.204236571046181e-09
    90   1.902439095147201e-09
[TRUERES]     90  1.902439095147201e-09  1.902439095147201e-09
    91   1.686340955764365e-09
    92   1.413805850170036e-09
    93   1.232653867866418e-09
    94   1.074458300109882e-09
    95   8.955484687156456e-10
    96   7.861660766828038e-10
    97   6.736074475988119e-10
    98   5.663747248974005e-10
    99   5.016433934912357e-10
   100   4.272706355390454e-10
[TRUERES]    100  4.272706355390454e-10  4.272706355390454e-10
   101   3.677863846807128e-10
   102   3.289014061103046e-10
   103   2.811993693452308e-10
   104   2.478169891517723e-10
   105   2.205859661597032e-10
   106   1.876750699292273e-10
   107   1.666891485951894e-10
   108   1.467534704868712e-10
   109   1.268164601109234e-10
   110   1.154766698929777e-10
[TRUERES]    110  1.154766698929777e-10  1.154766698929777e-10
   111   1.025378185137704e-10
   112   9.128750533271557e-11
   113   8.448694521767663e-11
   114   7.509085020451778e-11
   115   6.807446967238562e-11
   116   6.284241876874930e-11
   117   5.555530341316839e-11
   118   5.080237619470296e-11
   119   4.610532441939874e-11
   120   4.043220619420751e-11
[TRUERES]    120  4.043220619420751e-11  4.043220619420751e-11
   121   3.678068960510927e-11
   122   3.253212629839020e-11
   123   2.850676118770767e-11
   124   2.600354133408533e-11
   125   2.286803559015116e-11
   126   2.027560064288281e-11
   127   1.826492082579456e-11
   128   1.575621577654118e-11
   129   1.394386602709963e-11
   130   1.237053775388075e-11
[TRUERES]    130  1.237053775388075e-11  1.237053775388075e-11
   131   1.065077800260772e-11
   132   9.583455556905207e-12
   133   8.509709430171153e-12
