Bridge++ 2.0.0

input filename : main.yaml

file = main.yaml

Lattice parameters:
  Lx = 16,  Ly = 16,  Lz = 16,  Lt = 16,
  Nx = 16,  Ny = 16,  Nz = 16,  Nt = 16,
  NPEx = 1,  NPEy  = 1,  NPEz  = 1,  NPEt  = 1,
  Lvol = 65536,  Nvol = 65536,  NPE = 1,
  Ndim = 4
  Nc   = 3
  Nd   = 4

ThreadManager: initialization
Warning at ThreadManager: Nthread(env) != Nthread(input)
  Number of threads(env)   = 2
  Number of threads(input) = 1
  reset Nthread = Nthread(input).
  Number of threads = 1
Main: input parameters
  lattice_size     = [16, 16, 16, 16]
  grid_size        = [1, 1, 1, 1]
  number of thread = 1
  number of color  = 3
  logfile          = stdout
  ildg_logfile     = stdout
  vlevel           = General

Alt_Accel code is being setup.
DeviceManager_CUDA: being initialized.
  process_id = 0
  number of devices = 1
  device_id = 0  is used on process = 0
------------------------------------------------
Alt_Accel: Factory entries
------------------------------------------------
AFopr<double, ACCEL> >(void):
AFopr<double, ACCEL>(Parameters&):
	Clover
	CloverTerm
	Clover_dd
	Domainwall
	Domainwall_5din
	Domainwall_5din_dd
	Domainwall_5din_eo
	Domainwall_eo
	Wilson
	Wilson_dd
AFopr<double, ACCEL>(Fopr*):
	Domainwall
AFopr<double, ACCEL>(Fopr*, Director*):
AFopr<float, ACCEL> >(void):
AFopr<float, ACCEL>(Parameters&):
	Clover
	CloverTerm
	Clover_dd
	Domainwall
	Domainwall_5din
	Domainwall_5din_dd
	Domainwall_5din_eo
	Domainwall_eo
	Wilson
	Wilson_dd
AFopr<float, ACCEL>(Fopr*):
	Domainwall
AFopr<float, ACCEL>(Fopr*, Director*):
AEigensolver<AField<float, ACCEL> >, Afopr>(Fopr*):
	IRArnoldi
	IRLanczos
------------------------------------------------
Timer: timestamp: 2026/06/05 21:59:27 +0900
file = test_alt_Spectrum_Domainwall_5din_Hadron2ptFunction.yaml

--------------------------------------------------------------------
test name: Spectrum_Domainwall_alt.hadron_2ptFunction
test file: test_alt_Spectrum_Domainwall_5din_Hadron2ptFunction.yaml
test mode: double_eo
file = test_alt_Spectrum_Domainwall_5din_Hadron2ptFunction.yaml
  vlevel       = General
  source_type  = Local
Smearing parameters (assumes APE-Stout):
   proj_type:  Stout_SU3
   smear_type: APE
   rho_uniform: 0.100000
   number_of_smearing: 0
  vlevel       = General

Configuration setup:
  gconf_status = Continue
  gconf_read   = Text_4x4x4x8
  readfile     = ./conf_04040408.txt
  plaq = 0.625130

Gauge fixing:
  Gauge fixing type = None
Parameters: get_string: key 'filename_output' not found.
Elapsed time: calc_plqauette: total         0.15 sec, count    1, average         0.15 sec
plaquette (before smearing):       0.625129946974939
applying smearing
Smear_APE:
  rho =   0.1000
Director_Smear:
  Nsmear = 0
Parameters: get_string: key 'filename_output' not found.
Elapsed time: calc_plqauette: total         0.15 sec, count    1, average         0.15 sec
Elapsed time: smearig: total         0.17 sec, count    1, average         0.17 sec
plaquette (after smearing):        0.625129946974939
  gmset_type   = Dirac
Gamma matrix: dirac representation.
Fopr_Domainwall: construction
  Imp::Fopr_Wilson: construction
    Gauge group implementation: SU(3)
    Imp::Fopr_Wilson: input parameters
      gamma-matrix type = Dirac
      kappa  =   0.20833333
      boundary[0] =  1
      boundary[1] =  1
      boundary[2] =  1
      boundary[3] = -1
  Imp::Fopr_Wilson: construction finished.
  Fopr_Domainwall: input parameters
    mq   =   0.1000
    M0   =   1.6000
    Ns   =    8
    boundary[0] =  1
    boundary[1] =  1
    boundary[2] =  1
    boundary[3] = -1
    coefficients:
    b[ 0] =     1.5000000000  c[ 0] =     0.5000000000
    b[ 1] =     1.5000000000  c[ 1] =     0.5000000000
    b[ 2] =     1.5000000000  c[ 2] =     0.5000000000
    b[ 3] =     1.5000000000  c[ 3] =     0.5000000000
    b[ 4] =     1.5000000000  c[ 4] =     0.5000000000
    b[ 5] =     1.5000000000  c[ 5] =     0.5000000000
    b[ 6] =     1.5000000000  c[ 6] =     0.5000000000
    b[ 7] =     1.5000000000  c[ 7] =     0.5000000000
Fopr_Domainwall: construction finished.
Fopr_Domainwall: input parameters
  mq   =   0.1000
  M0   =   1.6000
  Ns   =    8
  boundary[0] =  1
  boundary[1] =  1
  boundary[2] =  1
  boundary[3] = -1
  coefficients:
  b[ 0] =     1.5000000000  c[ 0] =     0.5000000000
  b[ 1] =     1.5000000000  c[ 1] =     0.5000000000
  b[ 2] =     1.5000000000  c[ 2] =     0.5000000000
  b[ 3] =     1.5000000000  c[ 3] =     0.5000000000
  b[ 4] =     1.5000000000  c[ 4] =     0.5000000000
  b[ 5] =     1.5000000000  c[ 5] =     0.5000000000
  b[ 6] =     1.5000000000  c[ 6] =     0.5000000000
  b[ 7] =     1.5000000000  c[ 7] =     0.5000000000
Imp::Fopr_Wilson: construction
  Gauge group implementation: SU(3)
  Imp::Fopr_Wilson: input parameters
    gamma-matrix type = Dirac
    kappa  =   0.20833333
    boundary[0] =  1
    boundary[1] =  1
    boundary[2] =  1
    boundary[3] = -1
Imp::Fopr_Wilson: construction finished.
Source for spinor field - local:
  source_position[0] = 0
  source_position[1] = 0
  source_position[2] = 0
  source_position[3] = 0

Check of fermion operator (even-odd)
norm of source vector: 1.000000
AFopr_Domainwall_5din_eo<AField<double,ACCEL> >: construction
  do_comm[0] = 0
  do_comm[1] = 0
  do_comm[2] = 0
  do_comm[3] = 0
    extended_precision = true
    su3_reconstruction = false
  AFopr_Domainwall_5din_eo<AField<double,ACCEL> >: input parameters
    gamma matrix repr.:  Dirac
    code implementation: 5d
    mq   =   0.1000
    M0   =   1.6000
    Ns   =    8
    boundary[0] =  1
    boundary[1] =  1
    boundary[2] =  1
    boundary[3] = -1
    coefficients:
      b[ 0] =     1.5000000000  c[ 0] =     0.5000000000
      b[ 1] =     1.5000000000  c[ 1] =     0.5000000000
      b[ 2] =     1.5000000000  c[ 2] =     0.5000000000
      b[ 3] =     1.5000000000  c[ 3] =     0.5000000000
      b[ 4] =     1.5000000000  c[ 4] =     0.5000000000
      b[ 5] =     1.5000000000  c[ 5] =     0.5000000000
      b[ 6] =     1.5000000000  c[ 6] =     0.5000000000
      b[ 7] =     1.5000000000  c[ 7] =     0.5000000000
    alpha =   1.0000
convert required.
convert performed.

[D check]
norm2(abq) = 1.000000
norm2(y5)  = 114.990748
norm2(z5)  = 114.990748
norm2(axq) = 114.990748
diff2 = 0.000000

[Ddag check]
norm2(abq) = 1.000000
norm2(y5)  = 120.304000
norm2(z5)  = 120.304000
norm2(axq) = 120.304000
diff2 = 0.000000
Elapsed time: afopr_Domainwall_5din_eo: Deo & dagger   : total         0.01 sec, count    4, average         0.00 sec
Elapsed time: afopr_Domainwall_5din_eo: Dee_inv & dag  : total         0.01 sec, count   20, average         0.00 sec
Elapsed time: afopr_Domainwall_5din_eo: clear          : total         0.00 sec, count    0, average         0.00 sec
Elapsed time: afopr_Domainwall_5din_eo: pack           : total         0.00 sec, count    0, average         0.00 sec
Elapsed time: afopr_Domainwall_5din_eo: bulk           : total         0.01 sec, count    4, average         0.00 sec
Elapsed time: afopr_Domainwall_5din_eo: boundary       : total         0.00 sec, count    0, average         0.00 sec
Elapsed time: afopr_Domainwall_5din_eo: comm           : total         0.00 sec, count    0, average         0.00 sec
Elapsed time: afopr_Domainwall_5din_eo: comm_recv_wait : total         0.00 sec, count    0, average         0.00 sec
Elapsed time: afopr_Domainwall_5din_eo: comm_send_wait : total         0.00 sec, count    0, average         0.00 sec
Elapsed time: afopr_Domainwall_5din_eo: comm_recv_start: total         0.00 sec, count    0, average         0.00 sec
Elapsed time: afopr_Domainwall_5din_eo: comm_send_start: total         0.00 sec, count    0, average         0.00 sec
Elapsed time: afopr_Domainwall_5din_eo: comm_test_all  : total         0.00 sec, count    0, average         0.00 sec

Fprop_alt_Standard_eo<Afield<double,ACCEL> >: being setup (without link smearing).
  AFopr_Domainwall_5din_eo<AField<double,ACCEL> >: construction
    do_comm[0] = 0
    do_comm[1] = 0
    do_comm[2] = 0
    do_comm[3] = 0
      extended_precision = true
      su3_reconstruction = false
    AFopr_Domainwall_5din_eo<AField<double,ACCEL> >: input parameters
      gamma matrix repr.:  Dirac
      code implementation: 5d
      mq   =   0.1000
      M0   =   1.6000
      Ns   =    8
      boundary[0] =  1
      boundary[1] =  1
      boundary[2] =  1
      boundary[3] = -1
      coefficients:
        b[ 0] =     1.5000000000  c[ 0] =     0.5000000000
        b[ 1] =     1.5000000000  c[ 1] =     0.5000000000
        b[ 2] =     1.5000000000  c[ 2] =     0.5000000000
        b[ 3] =     1.5000000000  c[ 3] =     0.5000000000
        b[ 4] =     1.5000000000  c[ 4] =     0.5000000000
        b[ 5] =     1.5000000000  c[ 5] =     0.5000000000
        b[ 6] =     1.5000000000  c[ 6] =     0.5000000000
        b[ 7] =     1.5000000000  c[ 7] =     0.5000000000
      alpha =   1.0000
  ASolver_CGNR<Afield<double,ACCEL> >:
  ASolver_CG<Afield<double,ACCEL> >:
    Precision: double
    Niter     = 1200
    Stop_cond =   1.00000000e-90
    init_guess_mode: 0
    true_residual_interval = 10 (logging [TRUERES])
    refinement_iterations = 0
Fprop_alt_Standard_eo<Afield<double,ACCEL> >: setup finished.

Fprop_alt_Standard_eo<Afield<double,ACCEL> >: mult performance:
  mult mode = Dee_inv
  Number of mult =                400
  Elapsed time   =       1.332110 sec
  Flop(Fopr)     =           62914560
  Flop(total)    =        25165824000
  Performance    =      18.892 GFlops

Fprop_alt_Standard_eo<Afield<double,ACCEL> >: mult performance:
  mult mode = Doe
  Number of mult =                400
  Elapsed time   =      10.347572 sec
  Flop(Fopr)     =          390070272
  Flop(total)    =       156028108800
  Performance    =      15.079 GFlops

Fprop_alt_Standard_eo<Afield<double,ACCEL> >: mult performance:
  mult mode = D
  Number of mult =                400
  Elapsed time   =      24.489009 sec
  Flop(Fopr)     =          912261120
  Flop(total)    =       364904448000
  Performance    =      14.901 GFlops

Fprop_alt_Standard_eo<Afield<double,ACCEL> >: mult performance:
  mult mode = Ddag
  Number of mult =                400
  Elapsed time   =      24.705141 sec
  Flop(Fopr)     =          912261120
  Flop(total)    =       364904448000
  Performance    =      14.770 GFlops

Fprop_alt_Standard_eo<Afield<double,ACCEL> >: mult performance:
  mult mode = DdagD
  Number of mult =                400
  Elapsed time   =      50.512037 sec
  Flop(Fopr)     =         1824522240
  Flop(total)    =       729808896000
  Performance    =      14.448 GFlops

Solving quark propagator:
  color spin   Nconv      diff           diff2
ASolver_CGNR<Afield<double,ACCEL> >: solver starts
  mode_prev = D
  b2 size is reset.
  snorm =  2.590304838456721e+01
  init:  8.347144281346085e-01
     0   4.468798186430414e-02
[TRUERES]      0  4.468798186430414e-02  4.468798186430414e-02
     1   1.499956599856903e-02
     2   1.233440344648410e-02
     3   3.921582718271587e-03
     4   2.187424811723295e-03
     5   1.758618823419035e-03
     6   7.879704900510948e-04
     7   5.676183558316510e-04
     8   4.319992777356784e-04
     9   2.392171368556055e-04
    10   2.044368972273798e-04
[TRUERES]     10  2.044368972273798e-04  2.044368972273798e-04
    11   1.526332942581444e-04
    12   1.003737015650666e-04
    13   9.289157736720548e-05
    14   6.684535702314084e-05
    15   4.951628704555552e-05
    16   4.645754388261989e-05
    17   3.352434335844391e-05
    18   2.812916983676724e-05
    19   2.574421904131382e-05
    20   1.896804018291058e-05
[TRUERES]     20  1.896804018291058e-05  1.896804018291058e-05
    21   1.707829169663323e-05
    22   1.499018052296127e-05
    23   1.173813692631107e-05
    24   1.131156909209076e-05
    25   9.644409803617782e-06
    26   7.947936188254752e-06
    27   7.577312130683807e-06
    28   6.118000554261397e-06
    29   5.241615255044050e-06
    30   4.857610548316546e-06
[TRUERES]     30  4.857610548316546e-06  4.857610548316546e-06
    31   3.888597997289969e-06
    32   3.521141786961982e-06
    33   3.203090311430162e-06
    34   2.639672254399267e-06
    35   2.507427819929512e-06
    36   2.236462566033401e-06
    37   1.932275894659229e-06
    38   1.900869314916420e-06
    39   1.692366733930710e-06
    40   1.547619161144730e-06
[TRUERES]     40  1.547619161144730e-06  1.547619161144730e-06
    41   1.518356066754157e-06
    42   1.317812326363742e-06
    43   1.214687371964162e-06
    44   1.129284431436896e-06
    45   9.483373386807840e-07
    46   8.782691458613991e-07
    47   7.791614529556715e-07
    48   6.560599859551936e-07
    49   6.079819199212384e-07
    50   5.227977421632214e-07
[TRUERES]     50  5.227977421632214e-07  5.227977421632214e-07
    51   4.514840141145357e-07
    52   4.203158988711391e-07
    53   3.570517908429887e-07
    54   3.169569093264418e-07
    55   2.894873097985095e-07
    56   2.438340642884448e-07
    57   2.223451848985865e-07
    58   1.996020376929399e-07
    59   1.694222749885953e-07
    60   1.559496605163385e-07
[TRUERES]     60  1.559496605163385e-07  1.559496605163385e-07
    61   1.360394538908991e-07
    62   1.172196361730848e-07
    63   1.085328980941122e-07
    64   9.342759634316456e-08
    65   8.246043224925716e-08
    66   7.551788887608792e-08
    67   6.435170869726460e-08
    68   5.832724689287296e-08
    69   5.308418786631499e-08
    70   4.593881553133928e-08
[TRUERES]     70  4.593881553133928e-08  4.593881553133928e-08
    71   4.277431596207283e-08
    72   3.853543632412536e-08
    73   3.395048327233133e-08
    74   3.186261004367112e-08
    75   2.822294676138371e-08
    76   2.530457885437067e-08
    77   2.362561158473571e-08
    78   2.071148909111179e-08
    79   1.889118370486701e-08
    80   1.739870242525925e-08
[TRUERES]     80  1.739870242525925e-08  1.739870242525925e-08
    81   1.514642742891686e-08
    82   1.390379847076363e-08
    83   1.242691969061329e-08
    84   1.071701217678714e-08
    85   9.728045546799345e-09
    86   8.387134610635212e-09
    87   7.228966800465442e-09
    88   6.518609244470609e-09
    89   5.559346756091878e-09
    90   4.858291866084978e-09
[TRUERES]     90  4.858291866084978e-09  4.858291866084978e-09
    91   4.317327451895855e-09
    92   3.626159132925083e-09
    93   3.185468084770380e-09
    94   2.781515448233824e-09
    95   2.358355148496568e-09
    96   2.114952731322872e-09
    97   1.839973808014897e-09
    98   1.585734991297142e-09
    99   1.433650906693971e-09
   100   1.239525141174414e-09
[TRUERES]    100  1.239525141174414e-09  1.239525141174414e-09
   101   1.089984685317632e-09
   102   9.845079051714772e-10
   103   8.467793285655299e-10
   104   7.541459357202284e-10
   105   6.713013421671914e-10
   106   5.763284320544491e-10
   107   5.187950243548883e-10
   108   4.574401486269588e-10
   109   3.986863084536956e-10
   110   3.645841512921370e-10
[TRUERES]    110  3.645841512921370e-10  3.645841512921370e-10
   111   3.236219954251911e-10
   112   2.919948412295897e-10
   113   2.726573234153642e-10
   114   2.434641450466599e-10
   115   2.227428032137382e-10
   116   2.037138681360718e-10
   117   1.782406963416217e-10
   118   1.612579779115020e-10
   119   1.429887298548126e-10
   120   1.235608196526627e-10
[TRUERES]    120  1.235608196526627e-10  1.235608196526627e-10
   121   1.107170642335601e-10
   122   9.575845172353051e-11
   123   8.267857995020767e-11
   124   7.368228533107323e-11
   125   6.307356480616521e-11
   126   5.496593232406587e-11
   127   4.833343963874602e-11
   128   4.083804498399419e-11
   129   3.574855638760797e-11
   130   3.115266170156547e-11
[TRUERES]    130  3.115266170156547e-11  3.115266170156547e-11
   131   2.660410673998096e-11
   132   2.378896408296809e-11
   133   2.096457593188885e-11
   134   1.845452625003883e-11
   135   1.681133745965791e-11
   136   1.475934259300621e-11
   137   1.306355244801502e-11
   138   1.169882337033275e-11
   139   1.004461503391399e-11
   140   8.845597550799658e-12
[TRUERES]    140  8.845597550799658e-12  8.845597550799658e-12
   141   7.791738001096765e-12
   142   6.711079352723372e-12
   143   6.006243334767982e-12
   144   5.310011448802541e-12
   145   4.634915200733564e-12
   146   4.190282951132547e-12
   147   3.679725334578234e-12
   148   3.252945500116953e-12
   149   2.931269933335915e-12
   150   2.547053874879791e-12
[TRUERES]    150  2.547053874879791e-12  2.547053874879791e-12
   151   2.257599642148877e-12
   152   2.011750404049665e-12
   153   1.750601678075580e-12
   154   1.574810290093481e-12
   155   1.400349107885596e-12
   156   1.219545176565382e-12
   157   1.091243109522714e-12
   158   9.514536958173764e-13
   159   8.313476333523379e-13
   160   7.431695352912124e-13
[TRUERES]    160  7.431695352912124e-13  7.431695352912124e-13
   161   6.432014226874428e-13
   162   5.650831610119148e-13
   163   4.996464723931966e-13
   164   4.289091839687678e-13
   165   3.772560853770994e-13
   166   3.287203457759094e-13
   167   2.814137635084361e-13
   168   2.482765075596043e-13
   169   2.154996935593746e-13
   170   1.876111991815895e-13
[TRUERES]    170  1.876111991815895e-13  1.876111991815895e-13
   171   1.681647150863716e-13
   172   1.474220602102761e-13
   173   1.316094419497932e-13
   174   1.198421601945538e-13
   175   1.064413546621217e-13
   176   9.691301481715716e-14
   177   8.777605585371517e-14
   178   7.763096268569697e-14
   179   7.036023853397055e-14
   180   6.223993259389797e-14
[TRUERES]    180  6.223993259389797e-14  6.223993259389797e-14
   181   5.413029660208374e-14
   182   4.794801724496837e-14
   183   4.121023559205506e-14
   184   3.558066596291652e-14
   185   3.115244177273464e-14
   186   2.655149502773943e-14
   187   2.320110851258491e-14
   188   2.029839502759186e-14
   189   1.735652760928362e-14
   190   1.517200255887885e-14
[TRUERES]    190  1.517200255887885e-14  1.517200255887885e-14
   191   1.312380494529632e-14
   192   1.131984538475958e-14
   193   1.009275750121362e-14
   194   8.891355411933848e-15
   195   7.932949507399566e-15
   196   7.246939307591554e-15
   197   6.459764135234331e-15
   198   5.861524708529408e-15
   199   5.346843507412551e-15
   200   4.749474260092660e-15
[TRUERES]    200  4.749474260092660e-15  4.749474260092660e-15
   201   4.306487859389717e-15
   202   3.861628909204410e-15
   203   3.408339270319230e-15
   204   3.081456558504149e-15
   205   2.725064277604094e-15
   206   2.400835490836657e-15
   207   2.157339421823722e-15
   208   1.896770272237584e-15
   209   1.693825130506283e-15
   210   1.532453804732982e-15
[TRUERES]    210  1.532453804732982e-15  1.532453804732982e-15
   211   1.353511162576940e-15
   212   1.219657256889475e-15
   213   1.096666622755172e-15
   214   9.700714808958523e-16
   215   8.789350025769752e-16
   216   7.873280573487028e-16
   217   7.040504775388644e-16
   218   6.437580981024069e-16
   219   5.750283483141268e-16
   220   5.158919152260257e-16
[TRUERES]    220  5.158919152260257e-16  5.158919152260257e-16
   221   4.668609771412788e-16
   222   4.115960410135852e-16
   223   3.682344129571805e-16
   224   3.291352520060246e-16
   225   2.878735674244097e-16
   226   2.567021253093408e-16
   227   2.258506506587551e-16
   228   1.963341654670293e-16
   229   1.742861281585661e-16
   230   1.516967029618718e-16
[TRUERES]    230  1.516967029618718e-16  1.516967029618718e-16
   231   1.328399689685339e-16
   232   1.185735559746911e-16
   233   1.040021106480664e-16
   234   9.268817220714349e-17
   235   8.285353393402824e-17
   236   7.239183507271055e-17
   237   6.423754522937516e-17
   238   5.623299813661169e-17
   239   4.835364268349945e-17
   240   4.215275532895668e-17
[TRUERES]    240  4.215275532895668e-17  4.215275532895668e-17
   241   3.583312048860300e-17
   242   3.024979237569037e-17
   243   2.582576728323417e-17
   244   2.156863006234780e-17
   245   1.831835614006718e-17
   246   1.577750973019430e-17
   247   1.347412867185163e-17
   248   1.180584859647329e-17
   249   1.031766581437276e-17
   250   8.919996316229025e-18
[TRUERES]    250  8.919996316229025e-18  8.919996316229025e-18
   251   7.900155381175940e-18
   252   6.940965978046006e-18
   253   6.116168091246999e-18
   254   5.501076550937331e-18
   255   4.866717733819806e-18
   256   4.340028489585427e-18
   257   3.902710832721302e-18
   258   3.435843247035341e-18
   259   3.082894899956126e-18
   260   2.780190060503762e-18
[TRUERES]    260  2.780190060503762e-18  2.780190060503762e-18
   261   2.475496394162705e-18
   262   2.237399852840218e-18
   263   1.989130374044270e-18
   264   1.746096726630867e-18
   265   1.555738190732594e-18
   266   1.360978651243214e-18
   267   1.201177858800640e-18
   268   1.072971718353842e-18
   269   9.411693419566042e-19
   270   8.405417266208112e-19
[TRUERES]    270  8.405417266208112e-19  8.405417266208112e-19
   271   7.519309815354871e-19
   272   6.620959313272516e-19
   273   5.935661912162047e-19
   274   5.270190742893461e-19
   275   4.653249629956980e-19
   276   4.178471812469537e-19
   277   3.681068327995377e-19
   278   3.237810904221422e-19
   279   2.862977019933012e-19
   280   2.468755356587641e-19
[TRUERES]    280  2.468755356587641e-19  2.468755356587641e-19
   281   2.142911953964471e-19
   282   1.861476813553218e-19
   283   1.595565173570686e-19
   284   1.399647437778780e-19
   285   1.228094982268375e-19
   286   1.075975618946534e-19
   287   9.647182218931812e-20
   288   8.547676599334287e-20
   289   7.590162120079133e-20
   290   6.843072504358075e-20
[TRUERES]    290  6.843072504358075e-20  6.843072504358075e-20
   291   6.079564768275146e-20
   292   5.454072948902723e-20
   293   4.921017670799598e-20
   294   4.381519043347263e-20
   295   3.957969334116525e-20
   296   3.544546549316074e-20
   297   3.133549070879223e-20
   298   2.807196137994403e-20
   299   2.482702105081073e-20
   300   2.189747326356927e-20
[TRUERES]    300  2.189747326356927e-20  2.189747326356927e-20
   301   1.952990517033342e-20
   302   1.711256959504657e-20
   303   1.507499081326229e-20
   304   1.339824010081874e-20
   305   1.171511639260131e-20
   306   1.037538325918343e-20
   307   9.155394434564190e-21
   308   7.950864719404343e-21
   309   6.981657907772344e-21
   310   6.032242664217717e-21
[TRUERES]    310  6.032242664217717e-21  6.032242664217717e-21
   311   5.164600948717647e-21
   312   4.470257876440907e-21
   313   3.814595369264326e-21
   314   3.276270140652948e-21
   315   2.844966271523520e-21
   316   2.433069639718000e-21
   317   2.099175542200695e-21
   318   1.813218317890647e-21
   319   1.553076767699084e-21
   320   1.364095327435177e-21
[TRUERES]    320  1.364095327435177e-21  1.364095327435177e-21
   321   1.197026996265079e-21
   322   1.052114659853276e-21
   323   9.436102094308107e-22
   324   8.362175107773908e-22
   325   7.432353771684775e-22
   326   6.671415266172231e-22
   327   5.916486708825127e-22
   328   5.293068338533700e-22
   329   4.743293729616127e-22
   330   4.186783239216134e-22
[TRUERES]    330  4.186783239216134e-22  4.186783239216134e-22
   331   3.746101729121635e-22
   332   3.337694065505409e-22
   333   2.949200867329547e-22
   334   2.646886892495153e-22
   335   2.341410536962935e-22
   336   2.076909588520805e-22
   337   1.857958570025766e-22
   338   1.636432526859660e-22
   339   1.453316235406292e-22
   340   1.298873427319456e-22
[TRUERES]    340  1.298873427319456e-22  1.298873427319456e-22
   341   1.147155701064675e-22
   342   1.025622424178493e-22
   343   9.143221518958188e-23
   344   8.074524960264975e-23
   345   7.250329814377903e-23
   346   6.442070567608171e-23
   347   5.703125870930759e-23
   348   5.109810359383835e-23
   349   4.507017188155774e-23
   350   3.996049176236995e-23
[TRUERES]    350  3.996049176236995e-23  3.996049176236995e-23
   351   3.556709562430971e-23
   352   3.124612126944144e-23
   353   2.783246801810096e-23
   354   2.488912527644727e-23
   355   2.218539131780960e-23
   356   2.021461294736662e-23
   357   1.832066429136133e-23
   358   1.658520917770284e-23
   359   1.520167448281106e-23
   360   1.373395373397189e-23
[TRUERES]    360  1.373395373397189e-23  1.373395373397189e-23
   361   1.241297836414083e-23
   362   1.125530369419993e-23
   363   1.001413027747421e-23
   364   8.991368310832195e-24
   365   8.054005608207946e-24
   366   7.139941703036259e-24
   367   6.398547434285652e-24
   368   5.689670715780871e-24
   369   5.029210032135652e-24
   370   4.501928159479855e-24
[TRUERES]    370  4.501928159479855e-24  4.501928159479855e-24
   371   3.966472238397220e-24
   372   3.482939180594583e-24
   373   3.084942047384703e-24
   374   2.701299932164895e-24
   375   2.393671343686902e-24
   376   2.125644756269433e-24
   377   1.869607745994208e-24
   378   1.662986846390064e-24
   379   1.461616519193259e-24
   380   1.271748632555035e-24
[TRUERES]    380  1.271748632555035e-24  1.271748632555035e-24
   381   1.116712254460069e-24
   382   9.637537456167314e-25
   383   8.294650433061612e-25
   384   7.170231973382208e-25
   385   6.087435699459290e-25
   386   5.177709796158954e-25
   387   4.408053595643233e-25
   388   3.709240874123760e-25
   389   3.174774066073322e-25
   390   2.720548590028079e-25
[TRUERES]    390  2.720548590028079e-25  2.720548590028079e-25
   391   2.328122079532230e-25
   392   2.033578381244833e-25
   393   1.763443065969353e-25
   394   1.530901784852337e-25
   395   1.340670469444838e-25
   396   1.158259227154882e-25
   397   1.009991399016066e-25
   398   8.909685423346497e-26
   399   7.788561938664309e-26
   400   6.893998912842793e-26
[TRUERES]    400  6.893998912842793e-26  6.893998912842793e-26
   401   6.085034315433212e-26
   402   5.313401264268162e-26
   403   4.695802741299508e-26
   404   4.124403634726529e-26
   405   3.603569254997533e-26
   406   3.177335665927601e-26
   407   2.773839694747837e-26
   408   2.440099799284422e-26
   409   2.167775456608397e-26
   410   1.909120950707165e-26
[TRUERES]    410  1.909120950707165e-26  1.909120950707165e-26
   411   1.705397243867136e-26
   412   1.526125075457198e-26
   413   1.350262143588615e-26
   414   1.208765785997145e-26
   415   1.073877400346283e-26
   416   9.481324611947100e-27
   417   8.431608929206599e-27
   418   7.382897857119216e-27
   419   6.435132371290186e-27
   420   5.598110974740100e-27
[TRUERES]    420  5.598110974740100e-27  5.598110974740100e-27
   421   4.790131539552365e-27
   422   4.129503160884825e-27
   423   3.571285329279153e-27
   424   3.068950666458527e-27
   425   2.675236762649950e-27
   426   2.326463163288620e-27
   427   2.012828863451631e-27
   428   1.759315003117559e-27
   429   1.525957169084142e-27
   430   1.323795563402692e-27
[TRUERES]    430  1.323795563402692e-27  1.323795563402692e-27
   431   1.159268521272146e-27
   432   1.004843230586993e-27
   433   8.766312716713001e-28
   434   7.685697929367202e-28
   435   6.666621061868896e-28
   436   5.861095489846469e-28
   437   5.161988329348941e-28
   438   4.548120008302439e-28
   439   4.072649640377799e-28
   440   3.632816879250514e-28
[TRUERES]    440  3.632816879250514e-28  3.632816879250514e-28
   441   3.242108119205082e-28
   442   2.921754462211697e-28
   443   2.602883381769340e-28
   444   2.328283994435765e-28
   445   2.091843793189822e-28
   446   1.856735649697079e-28
   447   1.664016588268163e-28
   448   1.489703157812439e-28
   449   1.320753073415822e-28
   450   1.177625116912466e-28
[TRUERES]    450  1.177625116912466e-28  1.177625116912466e-28
   451   1.037514228055653e-28
   452   9.038773708227293e-29
   453   7.877743554818081e-29
   454   6.753674744074110e-29
   455   5.792185654933882e-29
   456   4.982676796091181e-29
   457   4.222915277104934e-29
   458   3.591327056600294e-29
   459   3.048314387191410e-29
   460   2.558567108199172e-29
[TRUERES]    460  2.558567108199172e-29  2.558567108199172e-29
   461   2.165635828210574e-29
   462   1.819358100863765e-29
   463   1.522594626190843e-29
   464   1.289124480444969e-29
   465   1.083374864539515e-29
   466   9.150530016995887e-30
   467   7.805203672841127e-30
   468   6.620716429906244e-30
   469   5.680327276968385e-30
   470   4.911908712183184e-30
[TRUERES]    470  4.911908712183184e-30  4.911908712183184e-30
   471   4.228367710707120e-30
   472   3.694992278001132e-30
   473   3.234298186847269e-30
   474   2.831537645880990e-30
   475   2.524112555765798e-30
   476   2.245617551484755e-30
   477   2.009878337917973e-30
   478   1.820467252172563e-30
   479   1.635033756867918e-30
   480   1.477420720338412e-30
[TRUERES]    480  1.477420720338412e-30  1.477420720338412e-30
   481   1.340521709090263e-30
   482   1.200741956720796e-30
   483   1.082905109286875e-30
   484   9.723533271804881e-31
   485   8.649441565761925e-31
   486   7.740971372315444e-31
   487   6.819099185872306e-31
   488   5.951524999445378e-31
   489   5.207893603132636e-31
   490   4.491407592446592e-31
[TRUERES]    490  4.491407592446592e-31  4.491407592446592e-31
   491   3.874657422711556e-31
   492   3.345936175231132e-31
   493   2.861681743399895e-31
   494   2.469888933249630e-31
   495   2.133092301846654e-31
   496   1.829427644652240e-31
   497   1.579744419700884e-31
   498   1.355024647497983e-31
   499   1.159653770947983e-31
   500   1.002389979239692e-31
[TRUERES]    500  1.002389979239692e-31  1.002389979239692e-31
   501   8.617478198795486e-32
   502   7.476684259648433e-32
   503   6.542702128985640e-32
   504   5.690657474602573e-32
   505   5.003978358694978e-32
   506   4.425684322701334e-32
   507   3.892844775936933e-32
   508   3.476650008034219e-32
   509   3.096946471103042e-32
   510   2.760526051002078e-32
[TRUERES]    510  2.760526051002078e-32  2.760526051002078e-32
   511   2.492401246365657e-32
   512   2.235446180795869e-32
   513   2.005283721260962e-32
   514   1.807680717703783e-32
   515   1.609673006911158e-32
   516   1.438817362166244e-32
   517   1.283729258402979e-32
   518   1.134367120573135e-32
   519   1.012352579032524e-32
   520   9.012954319434732e-33
[TRUERES]    520  9.012954319434732e-33  9.012954319434732e-33
   521   8.001476450757692e-33
   522   7.193691185063450e-33
   523   6.418305572086561e-33
   524   5.739943020025990e-33
   525   5.184835611415892e-33
   526   4.634603154358622e-33
   527   4.145593426669468e-33
   528   3.682775198988966e-33
   529   3.199057910661496e-33
   530   2.772521342030469e-33
[TRUERES]    530  2.772521342030469e-33  2.772521342030469e-33
   531   2.385982360839224e-33
   532   2.042351573987042e-33
   533   1.769064826715617e-33
   534   1.525994444592403e-33
   535   1.321191631894108e-33
   536   1.160198355526946e-33
   537   1.014121517729248e-33
   538   8.925982790305603e-34
   539   7.891826069057529e-34
   540   6.894348561965305e-34
[TRUERES]    540  6.894348561965305e-34  6.894348561965305e-34
   541   6.039990522324654e-34
   542   5.260553293008404e-34
   543   4.538698980040572e-34
   544   3.949867229217880e-34
   545   3.437645664021686e-34
   546   3.002405956111761e-34
   547   2.648413901216678e-34
   548   2.313313587155854e-34
   549   2.021558782459927e-34
   550   1.773460437079723e-34
[TRUERES]    550  1.773460437079723e-34  1.773460437079723e-34
   551   1.543954494246784e-34
   552   1.355677982437477e-34
   553   1.195669911599396e-34
   554   1.051936998198204e-34
   555   9.411224426389759e-35
   556   8.440574050843471e-35
   557   7.574640424403908e-35
   558   6.878142705429710e-35
   559   6.204751459366443e-35
   560   5.590879709317619e-35
[TRUERES]    560  5.590879709317619e-35  5.590879709317619e-35
   561   5.047872519280148e-35
   562   4.495740213263935e-35
   563   4.018667071877751e-35
   564   3.587309013696129e-35
   565   3.180720623180129e-35
   566   2.855570603850756e-35
   567   2.563590327736965e-35
   568   2.290241517475404e-35
   569   2.054316645489961e-35
   570   1.826299089510855e-35
[TRUERES]    570  1.826299089510855e-35  1.826299089510855e-35
   571   1.619576213588825e-35
   572   1.444206276695067e-35
   573   1.274088334444063e-35
   574   1.128539376987842e-35
   575   1.001518772062895e-35
   576   8.822965213348755e-36
   577   7.807856356853029e-36
   578   6.881064349579634e-36
   579   6.031135615705040e-36
   580   5.326242159388990e-36
[TRUERES]    580  5.326242159388990e-36  5.326242159388990e-36
   581   4.673209149098772e-36
   582   4.101335199234460e-36
   583   3.619082801251470e-36
   584   3.161426385445554e-36
   585   2.771711243575025e-36
   586   2.439305541312858e-36
   587   2.125927480488498e-36
   588   1.867051543756511e-36
   589   1.637571264964183e-36
   590   1.425960281333239e-36
[TRUERES]    590  1.425960281333239e-36  1.425960281333239e-36
   591   1.255577157240761e-36
   592   1.106403046104778e-36
   593   9.823584247495144e-37
   594   8.872364110969354e-37
   595   7.992802028733250e-37
   596   7.218046977267293e-37
   597   6.527611284496154e-37
   598   5.826919598865289e-37
   599   5.208252547670443e-37
   600   4.634871153089624e-37
[TRUERES]    600  4.634871153089624e-37  4.634871153089623e-37
   601   4.096212832990028e-37
   602   3.660273380623596e-37
   603   3.268393873584700e-37
   604   2.928834366874862e-37
   605   2.657743238201671e-37
   606   2.392488475311788e-37
   607   2.148682940263250e-37
   608   1.923542734738784e-37
   609   1.691084755083051e-37
   610   1.482882692802550e-37
[TRUERES]    610  1.482882692802550e-37  1.482882692802551e-37
   611   1.289725699452763e-37
   612   1.105631815508752e-37
   613   9.501053030973468e-38
   614   8.100297168650137e-38
   615   6.868961036971178e-38
   616   5.857831586161431e-38
   617   4.956610529417252e-38
   618   4.200421661052167e-38
   619   3.572525740316862e-38
   620   3.013283983853568e-38
[TRUERES]    620  3.013283983853568e-38  3.013283983853570e-38
   621   2.554993973692453e-38
   622   2.174381884108233e-38
   623   1.841875086267456e-38
   624   1.575777684281573e-38
   625   1.348596740850353e-38
   626   1.153147443025876e-38
   627   9.945027647867794e-39
   628   8.512291457669912e-39
   629   7.281150857442878e-39
   630   6.270349893423987e-39
[TRUERES]    630  6.270349893423987e-39  6.270349893423985e-39
   631   5.372776940791864e-39
   632   4.649243997385937e-39
   633   4.061029157770057e-39
   634   3.537128491396131e-39
   635   3.104956072828867e-39
   636   2.730178277644432e-39
   637   2.401009168850822e-39
   638   2.134495025820235e-39
   639   1.884478009036579e-39
   640   1.653798102330571e-39
[TRUERES]    640  1.653798102330571e-39  1.653798102330577e-39
   641   1.448338355394684e-39
   642   1.252736667669805e-39
   643   1.085122127184302e-39
   644   9.435294111331284e-40
   645   8.151426060366631e-40
   646   7.103242075846834e-40
   647   6.205074301194411e-40
   648   5.384811261688057e-40
   649   4.689359505531806e-40
   650   4.054224333397147e-40
[TRUERES]    650  4.054224333397147e-40  4.054224333397157e-40
   651   3.494844589263168e-40
   652   3.034860141407959e-40
   653   2.614791719593649e-40
   654   2.249974890137679e-40
   655   1.940276814499809e-40
   656   1.659237578217872e-40
   657   1.421720821967793e-40
   658   1.210133483243585e-40
   659   1.015540261953795e-40
   660   8.563189872888005e-41
[TRUERES]    660  8.563189872888005e-41  8.563189872888117e-41
   661   7.194140733031243e-41
   662   6.031594057147790e-41
   663   5.093280261148768e-41
   664   4.268556811269647e-41
   665   3.571640106249585e-41
   666   2.997836283109880e-41
   667   2.493900705421710e-41
   668   2.089852053795111e-41
   669   1.752200264465876e-41
   670   1.461733250100915e-41
[TRUERES]    670  1.461733250100915e-41  1.461733250100972e-41
   671   1.231175287292188e-41
   672   1.035159427077341e-41
   673   8.661748537417634e-42
   674   7.318155632939127e-42
   675   6.153630385787062e-42
   676   5.189410898250875e-42
   677   4.411639652403365e-42
   678   3.730815720765730e-42
   679   3.179594787684954e-42
   680   2.729355897538814e-42
[TRUERES]    680  2.729355897538814e-42  2.729355897539313e-42
   681   2.328785005005946e-42
   682   2.002033502737428e-42
   683   1.723590928239006e-42
   684   1.479561712948192e-42
   685   1.284299841101566e-42
   686   1.110387456834233e-42
   687   9.593175141195680e-43
   688   8.346163274910737e-43
   689   7.198586423789551e-43
   690   6.235322771429136e-43
[TRUERES]    690  6.235322771429136e-43  6.235322771429954e-43
   691   5.444844927371943e-43
   692   4.741777315102749e-43
   693   4.175666816524909e-43
   694   3.692501822125600e-43
   695   3.233571163537834e-43
   696   2.834198515522050e-43
   697   2.461174978842577e-43
   698   2.123088165678413e-43
   699   1.840305091807121e-43
   700   1.583006136329022e-43
[TRUERES]    700  1.583006136329022e-43  1.583006136328626e-43
   701   1.363877624674117e-43
   702   1.180001300539668e-43
   703   1.012507006889212e-43
   704   8.715847956503860e-44
   705   7.496165699916946e-44
   706   6.410863704084169e-44
   707   5.522558474604647e-44
   708   4.750875099434847e-44
   709   4.076226552128726e-44
   710   3.530017865188098e-44
[TRUERES]    710  3.530017865188098e-44  3.530017865188637e-44
   711   3.059549320943849e-44
   712   2.670451977081301e-44
   713   2.358752702561988e-44
   714   2.086603584976394e-44
   715   1.871637918793990e-44
   716   1.693223928220896e-44
   717   1.526776305952546e-44
   718   1.387093950082816e-44
   719   1.256887907023866e-44
   720   1.129505327633614e-44
[TRUERES]    720  1.129505327633614e-44  1.129505327631809e-44
   721   1.016820358756168e-44
   722   9.064936354331351e-45
   723   8.038728987761807e-45
   724   7.142707602088548e-45
   725   6.283808929112770e-45
   726   5.517076313865781e-45
   727   4.840381622100635e-45
   728   4.205850037916352e-45
   729   3.656855741413205e-45
   730   3.174052451954956e-45
[TRUERES]    730  3.174052451954956e-45  3.174052451957577e-45
   731   2.743784475569324e-45
   732   2.394436251668679e-45
   733   2.083192150224439e-45
   734   1.808781762144007e-45
   735   1.580992690557966e-45
   736   1.370225317239945e-45
   737   1.186441449369131e-45
   738   1.027102193715950e-45
   739   8.818094014347890e-46
   740   7.584226907945784e-46
[TRUERES]    740  7.584226907945784e-46  7.584226907946643e-46
   741   6.507861203182349e-46
   742   5.549315553463147e-46
   743   4.758133141723648e-46
   744   4.067466293731213e-46
   745   3.479054336213806e-46
   746   3.007209269759812e-46
   747   2.592525061037823e-46
   748   2.245730657071981e-46
   749   1.972199791935435e-46
   750   1.732823215518841e-46
[TRUERES]    750  1.732823215518841e-46  1.732823215543527e-46
   751   1.530789625964728e-46
   752   1.351788212378629e-46
   753   1.182668599052261e-46
   754   1.039393586588084e-46
   755   9.096728838817849e-47
   756   7.934984373091608e-47
   757   6.965336800891847e-47
   758   6.085488883659071e-47
   759   5.286706393061061e-47
   760   4.587074869438997e-47
[TRUERES]    760  4.587074869438997e-47  4.587074869389799e-47
   761   3.922882153001692e-47
   762   3.345149955699040e-47
   763   2.855305654797775e-47
   764   2.428161357184439e-47
   765   2.079939380037676e-47
   766   1.779026691553821e-47
   767   1.515686793959051e-47
   768   1.298545027813143e-47
   769   1.102003884494364e-47
   770   9.278749993954839e-48
[TRUERES]    770  9.278749993954839e-48  9.278749994076460e-48
   771   7.827911067428547e-48
   772   6.551808095292545e-48
   773   5.496106740686565e-48
   774   4.642081506185634e-48
   775   3.911897355307725e-48
   776   3.335663998164218e-48
   777   2.864703593426858e-48
   778   2.463748022406343e-48
   779   2.141159338337524e-48
   780   1.857281258533827e-48
[TRUERES]    780  1.857281258533827e-48  1.857281258882825e-48
   781   1.603416245602704e-48
   782   1.389727905534251e-48
   783   1.193696014829025e-48
   784   1.022276204437158e-48
   785   8.746071358316529e-49
   786   7.408404891388501e-49
   787   6.315016105389240e-49
   788   5.401359646151574e-49
   789   4.598471041445415e-49
   790   3.951804075860938e-49
[TRUERES]    790  3.951804075860938e-49  3.951804075888122e-49
   791   3.401635879276306e-49
   792   2.925546449605767e-49
   793   2.535298959051984e-49
   794   2.193894426054623e-49
   795   1.907961955975795e-49
   796   1.674298368840059e-49
   797   1.467750817653448e-49
   798   1.293235018988090e-49
   799   1.144012037924050e-49
   800   1.008480497276972e-49
[TRUERES]    800  1.008480497276972e-49  1.008480497137380e-49
   801   8.928030292800579e-50
   802   7.839403449340744e-50
   803   6.827941084216251e-50
   804   5.952915182360986e-50
   805   5.149929781492642e-50
   806   4.456251796136630e-50
   807   3.879704984252463e-50
   808   3.374340604033691e-50
   809   2.942952683948036e-50
   810   2.572715036022521e-50
[TRUERES]    810  2.572715036022521e-50  2.572715035003680e-50
   811   2.233615124540352e-50
   812   1.944533330517281e-50
   813   1.683042107932075e-50
   814   1.440868109359561e-50
   815   1.237691518463215e-50
   816   1.054818060515387e-50
   817   8.950434944579544e-51
   818   7.598737913405528e-51
   819   6.374330492477215e-51
   820   5.310135687196653e-51
[TRUERES]    820  5.310135687196653e-51  5.310135675410802e-51
   821   4.416810755271777e-51
   822   3.647155424437056e-51
   823   3.021848940736583e-51
   824   2.508446569156986e-51
   825   2.070993638152003e-51
   826   1.727381670742934e-51
   827   1.441012710062407e-51
   828   1.197959984967541e-51
   829   1.004310402494978e-51
   830   8.402915657199751e-52
[TRUERES]    830  8.402915657199751e-52  8.402915684278418e-52
   831   7.057337403167485e-52
   832   5.983727106768084e-52
   833   5.058165408927588e-52
   834   4.311950586739704e-52
   835   3.688090530555256e-52
   836   3.147244558630418e-52
   837   2.705341116101986e-52
   838   2.324935531522236e-52
   839   1.997382362421557e-52
   840   1.740625071436253e-52
[TRUERES]    840  1.740625071436253e-52  1.740625084746467e-52
   841   1.522525038115758e-52
   842   1.339746351143296e-52
   843   1.192251122812967e-52
   844   1.058235583962159e-52
   845   9.427626377120219e-53
   846   8.420244493463785e-53
   847   7.498017208769025e-53
   848   6.734618535479520e-53
   849   6.076270493526543e-53
   850   5.461627981520900e-53
[TRUERES]    850  5.461627981520900e-53  5.461628028704010e-53
   851   4.924590766446717e-53
   852   4.382164058063702e-53
   853   3.869650288024134e-53
   854   3.405160297314390e-53
   855   2.957651485402027e-53
   856   2.553542842769961e-53
   857   2.191008189729441e-53
   858   1.858006262394906e-53
   859   1.581703717969106e-53
   860   1.348067666733933e-53
[TRUERES]    860  1.348067666733933e-53  1.348067624546034e-53
   861   1.143871978772115e-53
   862   9.761736205571264e-54
   863   8.266750600177038e-54
   864   6.960918730346876e-54
   865   5.900320030597868e-54
   866   4.980788048413528e-54
   867   4.210396251386037e-54
   868   3.564381426110916e-54
   869   3.000178192464424e-54
   870   2.539979458213995e-54
[TRUERES]    870  2.539979458213995e-54  2.539979080708264e-54
   871   2.156672688666450e-54
   872   1.830778531190026e-54
   873   1.573182946395679e-54
   874   1.360233976735483e-54
   875   1.183819427058081e-54
   876   1.042718667859930e-54
   877   9.188498507584207e-55
   878   8.099962037476463e-55
   879   7.177280101297090e-55
   880   6.319346751912803e-55
[TRUERES]    880  6.319346751912803e-55  6.319346381330467e-55
   881   5.586199873786543e-55
   882   4.953712734067406e-55
   883   4.384473432235345e-55
   884   3.911707151647777e-55
   885   3.489179836609894e-55
   886   3.106628443207283e-55
   887   2.780697580866243e-55
   888   2.476773680816276e-55
   889   2.210808720032776e-55
   890   1.990729651841927e-55
[TRUERES]    890  1.990729651841927e-55  1.990729895893396e-55
   891   1.789032104446377e-55
   892   1.619225703921544e-55
   893   1.474407481201775e-55
   894   1.337987150559790e-55
   895   1.219875120270159e-55
   896   1.108227745752898e-55
   897   9.985225852741348e-56
   898   8.974804225929393e-56
   899   7.969736169912057e-56
   900   7.003822599234096e-56
[TRUERES]    900  7.003822599234096e-56  7.003829639298785e-56
   901   6.149771770810655e-56
   902   5.344478664170974e-56
   903   4.627930520566994e-56
   904   3.999594144586272e-56
   905   3.406623658530759e-56
   906   2.891120270579134e-56
   907   2.441228626163509e-56
   908   2.048142726769735e-56
   909   1.727313786284587e-56
   910   1.453587544427355e-56
[TRUERES]    910  1.453587544427355e-56  1.453589895657985e-56
   911   1.225735464251439e-56
   912   1.044316062548704e-56
   913   8.904361201500212e-57
   914   7.619519575668619e-57
   915   6.567094272917948e-57
   916   5.634137063786477e-57
   917   4.839208279082769e-57
   918   4.157937462808678e-57
   919   3.538654664711353e-57
   920   3.015151305647684e-57
[TRUERES]    920  3.015151305647684e-57  3.015172954042651e-57
   921   2.551314893159022e-57
   922   2.142171806984619e-57
   923   1.807399634770399e-57
   924   1.526872889572385e-57
   925   1.294582658008796e-57
   926   1.111990246427517e-57
   927   9.554971506729483e-58
   928   8.262122648441298e-58
   929   7.169565558216883e-58
   930   6.189654140963993e-58
[TRUERES]    930  6.189654140963993e-58  6.189883217088447e-58
   931   5.365038878675494e-58
   932   4.657195436969091e-58
   933   4.041823250049690e-58
   934   3.535791772632810e-58
   935   3.072180751193215e-58
   936   2.644444661885896e-58
   937   2.274399279917307e-58
   938   1.946588977840603e-58
   939   1.671457011115873e-58
   940   1.441622308518076e-58
[TRUERES]    940  1.441622308518076e-58  1.441846377989883e-58
   941   1.238666517331182e-58
   942   1.069566012109997e-58
   943   9.241905940664459e-59
   944   7.957763314177340e-59
   945   6.932444173160332e-59
   946   6.071019387187680e-59
   947   5.352217106433479e-59
   948   4.758106020475345e-59
   949   4.208906017429577e-59
   950   3.700895593892736e-59
[TRUERES]    950  3.700895593892736e-59  3.703001828028589e-59
   951   3.233869808279038e-59
   952   2.784613973444695e-59
   953   2.387696359554938e-59
   954   2.041982932919899e-59
   955   1.736428150996081e-59
   956   1.477971046071305e-59
   957   1.245864906122672e-59
   958   1.039220071594659e-59
   959   8.656626355764359e-60
   960   7.120685807898459e-60
[TRUERES]    960  7.120685807898459e-60  7.141563091910401e-60
   961   5.812715543210456e-60
   962   4.742592281976485e-60
   963   3.847549289566474e-60
   964   3.129999774237001e-60
   965   2.553780625640427e-60
   966   2.070232986654579e-60
   967   1.688370291956513e-60
   968   1.384246217909551e-60
   969   1.137478567596638e-60
   970   9.464314525968027e-61
[TRUERES]    970  9.464314525968027e-61  9.669032007994898e-61
   971   7.904394168702292e-61
   972   6.650682904115488e-61
   973   5.651283878706473e-61
   974   4.800990535413908e-61
   975   4.091733893191283e-61
   976   3.510401761877763e-61
   977   3.016910274105557e-61
   978   2.607138997627980e-61
   979   2.251028824334620e-61
   980   1.924861234085848e-61
[TRUERES]    980  1.924861234085848e-61  2.121533335342769e-61
   981   1.641293325242254e-61
   982   1.386668781063005e-61
   983   1.167439773275883e-61
   984   9.921858848687599e-62
   985   8.453547220475184e-62
   986   7.252744414671017e-62
   987   6.273789487104423e-62
   988   5.425675566372443e-62
   989   4.708697258875049e-62
   990   4.082546982683481e-62
[TRUERES]    990  4.082546982683481e-62  6.163988257792376e-62
   991   3.523807660251870e-62
   992   3.049207838348406e-62
   993   2.615128047220223e-62
   994   2.220600173589439e-62
   995   1.890514003978621e-62
   996   1.602937045739074e-62
   997   1.362995522446357e-62
   998   1.160304199364660e-62
   999   9.786300019329537e-63
  1000   8.229984831252676e-63
[TRUERES]   1000  8.229984831252676e-63  2.957019868836760e-62
  1001   6.908131081206498e-63
  1002   5.757596304077985e-63
  1003   4.806223402768675e-63
  1004   4.001843749021912e-63
  1005   3.324841108563489e-63
  1006   2.782768325110982e-63
  1007   2.332442606976792e-63
  1008   1.962321379038371e-63
  1009   1.663685019858373e-63
  1010   1.408577265700376e-63
[TRUERES]   1010  1.408577265700376e-63  2.306209179075983e-62
  1011   1.195511787769552e-63
  1012   1.013835372140357e-63
  1013   8.549043072074904e-64
  1014   7.222455592838437e-64
  1015   6.080843167457757e-64
  1016   5.102183712304912e-64
  1017   4.325495128075726e-64
  1018   3.680150791784628e-64
  1019   3.139902613307909e-64
  1020   2.690576582235125e-64
[TRUERES]   1020  2.690576582235125e-64  2.244797786353971e-62
  1021   2.299745746880995e-64
  1022   1.966211680278506e-64
  1023   1.689257723905607e-64
  1024   1.448364192198291e-64
  1025   1.247538472515690e-64
  1026   1.078267534495852e-64
  1027   9.310301157520834e-65
  1028   8.080713525348672e-65
  1029   7.016269472327454e-65
  1030   6.074401861854507e-65
[TRUERES]   1030  6.074401861854507e-65  2.244245178183337e-62
  1031   5.275132132796918e-65
  1032   4.562756474651381e-65
  1033   3.949247550997356e-65
  1034   3.433119916047435e-65
  1035   2.965240008790448e-65
  1036   2.562427631113132e-65
  1037   2.214766566441569e-65
  1038   1.902804818223520e-65
  1039   1.640783402577024e-65
  1040   1.410856737010279e-65
[TRUERES]   1040  1.410856737010279e-65  2.247432928006975e-62
  1041   1.206445842716402e-65
  1042   1.032078137639924e-65
  1043   8.747959611228115e-66
  1044   7.353865478163706e-66
  1045   6.158169924623799e-66
  1046   5.115651915899699e-66
  1047   4.254938555166756e-66
  1048   3.554040328059889e-66
  1049   2.964985843715680e-66
  1050   2.492684009251975e-66
[TRUERES]   1050  2.492684009251975e-66  2.234151495720159e-62
  1051   2.100518712132817e-66
  1052   1.764803937036877e-66
  1053   1.486868477458963e-66
  1054   1.242839256413769e-66
  1055   1.031779702350521e-66
  1056   8.563933030873115e-67
  1057   7.049983151509684e-67
  1058   5.809372950248221e-67
  1059   4.796912495411500e-67
  1060   3.955215263434122e-67
[TRUERES]   1060  3.955215263434122e-67  2.233473429951839e-62
  1061   3.278583340324662e-67
  1062   2.728880593379143e-67
  1063   2.272586459021089e-67
  1064   1.911215496367857e-67
  1065   1.617888949910889e-67
  1066   1.376999211146140e-67
  1067   1.188521171419798e-67
  1068   1.027607827675333e-67
  1069   8.955826505658917e-68
  1070   7.887728803830947e-68
[TRUERES]   1070  7.887728803830947e-68  2.228606505978285e-62
  1071   6.955937883553090e-68
  1072   6.206225386846957e-68
  1073   5.579454472093283e-68
  1074   5.033189977520017e-68
  1075   4.572024818703277e-68
  1076   4.144201249822933e-68
  1077   3.735524628921937e-68
  1078   3.358870206587604e-68
  1079   2.992843683357802e-68
  1080   2.656655385740395e-68
[TRUERES]   1080  2.656655385740395e-68  2.222081107327691e-62
  1081   2.353958955889555e-68
  1082   2.061394433270788e-68
  1083   1.792736130914543e-68
  1084   1.550161527926970e-68
  1085   1.326489463918653e-68
  1086   1.134510789463273e-68
  1087   9.632202813146913e-69
  1088   8.148591489149682e-69
  1089   6.908406348931401e-69
  1090   5.848942437313336e-69
[TRUERES]   1090  5.848942437313336e-69  2.222858643146858e-62
  1091   4.958369319610831e-69
  1092   4.220441175095828e-69
  1093   3.563977304524361e-69
  1094   2.998138031601313e-69
  1095   2.516443643652449e-69
  1096   2.094540715082317e-69
  1097   1.750512320718097e-69
  1098   1.460759353128950e-69
  1099   1.214249923671724e-69
  1100   1.010303507110137e-69
[TRUERES]   1100  1.010303507110137e-69  2.223424005548777e-62
  1101   8.374127590473505e-70
  1102   6.939438269427034e-70
  1103   5.792674429696788e-70
  1104   4.834686366531408e-70
  1105   4.046241283773004e-70
  1106   3.409617001769165e-70
  1107   2.879992170218552e-70
  1108   2.456784364679962e-70
  1109   2.104633739857526e-70
  1110   1.800998654578961e-70
[TRUERES]   1110  1.800998654578961e-70  2.223460872690765e-62
  1111   1.554188024778282e-70
  1112   1.336220170605596e-70
  1113   1.144565840751651e-70
  1114   9.809036234563454e-71
  1115   8.333899928396832e-71
  1116   7.065235503609056e-71
  1117   6.000390367698079e-71
  1118   5.102651402628076e-71
  1119   4.378531392102261e-71
  1120   3.782855681802802e-71
[TRUERES]   1120  3.782855681802802e-71  2.223437632625027e-62
  1121   3.265757348473086e-71
  1122   2.843996338995037e-71
  1123   2.464871828604664e-71
  1124   2.124133755968959e-71
  1125   1.830298224306420e-71
  1126   1.568634268755612e-71
  1127   1.343886281208632e-71
  1128   1.151921135180879e-71
  1129   9.813252082690869e-72
  1130   8.381407305931545e-72
[TRUERES]   1130  8.381407305931545e-72  2.223467236264210e-62
  1131   7.192459188609357e-72
  1132   6.156454607042151e-72
  1133   5.305967238111952e-72
  1134   4.582651512990645e-72
  1135   3.956059855253408e-72
  1136   3.436439405169527e-72
  1137   2.975440812805995e-72
  1138   2.570437585733892e-72
  1139   2.221989052791050e-72
  1140   1.903535528010061e-72
[TRUERES]   1140  1.903535528010061e-72  2.223487924831935e-62
  1141   1.631565324071299e-72
  1142   1.396842500065263e-72
  1143   1.191116933327974e-72
  1144   1.020311862459216e-72
  1145   8.748588598295438e-73
  1146   7.474596560980770e-73
  1147   6.397836089706945e-73
  1148   5.424452539692801e-73
  1149   4.570915500713823e-73
  1150   3.836933805096028e-73
[TRUERES]   1150  3.836933805096028e-73  2.223485642555663e-62
  1151   3.182562450094237e-73
  1152   2.626781542210586e-73
  1153   2.158227596153392e-73
  1154   1.758104351583543e-73
  1155   1.434742413811803e-73
  1156   1.172725441680091e-73
  1157   9.562229582298256e-74
  1158   7.810657807031135e-74
  1159   6.356434860689640e-74
  1160   5.137855633519331e-74
[TRUERES]   1160  5.137855633519331e-74  2.223485353400808e-62
  1161   4.160758809049102e-74
  1162   3.341659340426438e-74
  1163   2.678322137000408e-74
  1164   2.152311088991403e-74
  1165   1.729572813574565e-74
  1166   1.399545399283786e-74
  1167   1.136892852596473e-74
  1168   9.243273822757407e-75
  1169   7.598341301844410e-75
  1170   6.272217522165757e-75
[TRUERES]   1170  6.272217522165757e-75  2.223485422363328e-62
  1171   5.180821599253370e-75
  1172   4.318537159643844e-75
  1173   3.613734142411945e-75
  1174   3.034334448208550e-75
  1175   2.565950020469954e-75
  1176   2.167141654036862e-75
  1177   1.840845685473903e-75
  1178   1.571126409120290e-75
  1179   1.339118261257990e-75
  1180   1.151524959235756e-75
[TRUERES]   1180  1.151524959235756e-75  2.223485395454199e-62
  1181   9.969284897464074e-76
  1182   8.652474389650181e-76
  1183   7.573808264425215e-76
  1184   6.639490657543867e-76
  1185   5.851961822318313e-76
  1186   5.193133806012889e-76
  1187   4.609965418493409e-76
  1188   4.107738373409269e-76
  1189   3.668554377647149e-76
  1190   3.255588758335761e-76
[TRUERES]   1190  3.255588758335761e-76  2.223485331651827e-62
  1191   2.890293322178970e-76
  1192   2.556138785007116e-76
  1193   2.243207614096992e-76
  1194   1.967373249304121e-76
  1195   1.712214546517055e-76
  1196   1.478491481511287e-76
  1197   1.276082304232883e-76
  1198   1.098505817609155e-76
  1199   9.452872409360286e-77
Error at ASolver_CG<Afield<double,ACCEL> >: not converged
  iter(final):     1200   9.452872409360286e-77
converged:
  nconv = -1
    0    0       -1     8.5839e-64     4.5299e-32
ASolver_CGNR<Afield<double,ACCEL> >: solver starts
  mode_prev = D
  snorm =  2.593852413240675e+01
  init:  8.359325480005452e-01
     0   4.277684353581884e-02
[TRUERES]      0  4.277684353581884e-02  4.277684353581884e-02
     1   1.335097047549100e-02
     2   1.035174094388497e-02
     3   3.240403241208591e-03
     4   1.756479809573139e-03
     5   1.383415234471280e-03
     6   6.024198052568703e-04
     7   4.089216945897837e-04
     8   3.088378100610493e-04
     9   1.651935618010707e-04
    10   1.367918000003452e-04
[TRUERES]     10  1.367918000003452e-04  1.367918000003452e-04
    11   1.027152945047058e-04
