Bridge++ 2.0.0

input filename : main.yaml

file = main.yaml

Lattice parameters:
  Lx = 16,  Ly = 16,  Lz = 16,  Lt = 16,
  Nx = 16,  Ny = 16,  Nz = 16,  Nt = 16,
  NPEx = 1,  NPEy  = 1,  NPEz  = 1,  NPEt  = 1,
  Lvol = 65536,  Nvol = 65536,  NPE = 1,
  Ndim = 4
  Nc   = 3
  Nd   = 4

ThreadManager: initialization
Warning at ThreadManager: Nthread(env) != Nthread(input)
  Number of threads(env)   = 2
  Number of threads(input) = 1
  reset Nthread = Nthread(input).
  Number of threads = 1
Main: input parameters
  lattice_size     = [16, 16, 16, 16]
  grid_size        = [1, 1, 1, 1]
  number of thread = 1
  number of color  = 3
  logfile          = stdout
  ildg_logfile     = stdout
  vlevel           = General

Alt_Accel code is being setup.
DeviceManager_CUDA: being initialized.
  process_id = 0
  number of devices = 1
  device_id = 0  is used on process = 0
------------------------------------------------
Alt_Accel: Factory entries
------------------------------------------------
AFopr<double, ACCEL> >(void):
AFopr<double, ACCEL>(Parameters&):
	Clover
	CloverTerm
	Clover_dd
	Domainwall
	Domainwall_5din
	Domainwall_5din_dd
	Domainwall_5din_eo
	Domainwall_eo
	Wilson
	Wilson_dd
AFopr<double, ACCEL>(Fopr*):
	Domainwall
AFopr<double, ACCEL>(Fopr*, Director*):
AFopr<float, ACCEL> >(void):
AFopr<float, ACCEL>(Parameters&):
	Clover
	CloverTerm
	Clover_dd
	Domainwall
	Domainwall_5din
	Domainwall_5din_dd
	Domainwall_5din_eo
	Domainwall_eo
	Wilson
	Wilson_dd
AFopr<float, ACCEL>(Fopr*):
	Domainwall
AFopr<float, ACCEL>(Fopr*, Director*):
AEigensolver<AField<float, ACCEL> >, Afopr>(Fopr*):
	IRArnoldi
	IRLanczos
------------------------------------------------
Timer: timestamp: 2026/06/05 22:21:01 +0900
file = test_alt_Spectrum_Domainwall_5din_Hadron2ptFunction.yaml

--------------------------------------------------------------------
test name: Spectrum_Domainwall_alt.hadron_2ptFunction
test file: test_alt_Spectrum_Domainwall_5din_Hadron2ptFunction.yaml
test mode: double_eo
file = test_alt_Spectrum_Domainwall_5din_Hadron2ptFunction.yaml
  vlevel       = General
  source_type  = Local
Smearing parameters (assumes APE-Stout):
   proj_type:  Stout_SU3
   smear_type: APE
   rho_uniform: 0.100000
   number_of_smearing: 0
  vlevel       = General

Configuration setup:
  gconf_status = Continue
  gconf_read   = Text_4x4x4x8
  readfile     = ./conf_04040408.txt
  plaq = 0.625130

Gauge fixing:
  Gauge fixing type = None
Parameters: get_string: key 'filename_output' not found.
Elapsed time: calc_plqauette: total         0.17 sec, count    1, average         0.17 sec
plaquette (before smearing):       0.625129946974939
applying smearing
Smear_APE:
  rho =   0.1000
Director_Smear:
  Nsmear = 0
Parameters: get_string: key 'filename_output' not found.
Elapsed time: calc_plqauette: total         0.19 sec, count    1, average         0.19 sec
Elapsed time: smearig: total         0.20 sec, count    1, average         0.20 sec
plaquette (after smearing):        0.625129946974939
  gmset_type   = Dirac
Gamma matrix: dirac representation.
Fopr_Domainwall: construction
  Imp::Fopr_Wilson: construction
    Gauge group implementation: SU(3)
    Imp::Fopr_Wilson: input parameters
      gamma-matrix type = Dirac
      kappa  =   0.20833333
      boundary[0] =  1
      boundary[1] =  1
      boundary[2] =  1
      boundary[3] = -1
  Imp::Fopr_Wilson: construction finished.
  Fopr_Domainwall: input parameters
    mq   =   0.0500
    M0   =   1.6000
    Ns   =    8
    boundary[0] =  1
    boundary[1] =  1
    boundary[2] =  1
    boundary[3] = -1
    coefficients:
    b[ 0] =     1.5000000000  c[ 0] =     0.5000000000
    b[ 1] =     1.5000000000  c[ 1] =     0.5000000000
    b[ 2] =     1.5000000000  c[ 2] =     0.5000000000
    b[ 3] =     1.5000000000  c[ 3] =     0.5000000000
    b[ 4] =     1.5000000000  c[ 4] =     0.5000000000
    b[ 5] =     1.5000000000  c[ 5] =     0.5000000000
    b[ 6] =     1.5000000000  c[ 6] =     0.5000000000
    b[ 7] =     1.5000000000  c[ 7] =     0.5000000000
Fopr_Domainwall: construction finished.
Fopr_Domainwall: input parameters
  mq   =   0.0500
  M0   =   1.6000
  Ns   =    8
  boundary[0] =  1
  boundary[1] =  1
  boundary[2] =  1
  boundary[3] = -1
  coefficients:
  b[ 0] =     1.5000000000  c[ 0] =     0.5000000000
  b[ 1] =     1.5000000000  c[ 1] =     0.5000000000
  b[ 2] =     1.5000000000  c[ 2] =     0.5000000000
  b[ 3] =     1.5000000000  c[ 3] =     0.5000000000
  b[ 4] =     1.5000000000  c[ 4] =     0.5000000000
  b[ 5] =     1.5000000000  c[ 5] =     0.5000000000
  b[ 6] =     1.5000000000  c[ 6] =     0.5000000000
  b[ 7] =     1.5000000000  c[ 7] =     0.5000000000
Imp::Fopr_Wilson: construction
  Gauge group implementation: SU(3)
  Imp::Fopr_Wilson: input parameters
    gamma-matrix type = Dirac
    kappa  =   0.20833333
    boundary[0] =  1
    boundary[1] =  1
    boundary[2] =  1
    boundary[3] = -1
Imp::Fopr_Wilson: construction finished.
Source for spinor field - local:
  source_position[0] = 0
  source_position[1] = 0
  source_position[2] = 0
  source_position[3] = 0

Check of fermion operator (even-odd)
norm of source vector: 1.000000
AFopr_Domainwall_5din_eo<AField<double,ACCEL> >: construction
  do_comm[0] = 0
  do_comm[1] = 0
  do_comm[2] = 0
  do_comm[3] = 0
    extended_precision = true
    su3_reconstruction = false
  AFopr_Domainwall_5din_eo<AField<double,ACCEL> >: input parameters
    gamma matrix repr.:  Dirac
    code implementation: 5d
    mq   =   0.0500
    M0   =   1.6000
    Ns   =    8
    boundary[0] =  1
    boundary[1] =  1
    boundary[2] =  1
    boundary[3] = -1
    coefficients:
      b[ 0] =     1.5000000000  c[ 0] =     0.5000000000
      b[ 1] =     1.5000000000  c[ 1] =     0.5000000000
      b[ 2] =     1.5000000000  c[ 2] =     0.5000000000
      b[ 3] =     1.5000000000  c[ 3] =     0.5000000000
      b[ 4] =     1.5000000000  c[ 4] =     0.5000000000
      b[ 5] =     1.5000000000  c[ 5] =     0.5000000000
      b[ 6] =     1.5000000000  c[ 6] =     0.5000000000
      b[ 7] =     1.5000000000  c[ 7] =     0.5000000000
    alpha =   1.0000
convert required.
convert performed.

[D check]
norm2(abq) = 1.000000
norm2(y5)  = 114.967735
norm2(z5)  = 114.967735
norm2(axq) = 114.967735
diff2 = 0.000000

[Ddag check]
norm2(abq) = 1.000000
norm2(y5)  = 120.286907
norm2(z5)  = 120.286907
norm2(axq) = 120.286907
diff2 = 0.000000
Elapsed time: afopr_Domainwall_5din_eo: Deo & dagger   : total         0.01 sec, count    4, average         0.00 sec
Elapsed time: afopr_Domainwall_5din_eo: Dee_inv & dag  : total         0.01 sec, count   20, average         0.00 sec
Elapsed time: afopr_Domainwall_5din_eo: clear          : total         0.00 sec, count    0, average         0.00 sec
Elapsed time: afopr_Domainwall_5din_eo: pack           : total         0.00 sec, count    0, average         0.00 sec
Elapsed time: afopr_Domainwall_5din_eo: bulk           : total         0.01 sec, count    4, average         0.00 sec
Elapsed time: afopr_Domainwall_5din_eo: boundary       : total         0.00 sec, count    0, average         0.00 sec
Elapsed time: afopr_Domainwall_5din_eo: comm           : total         0.00 sec, count    0, average         0.00 sec
Elapsed time: afopr_Domainwall_5din_eo: comm_recv_wait : total         0.00 sec, count    0, average         0.00 sec
Elapsed time: afopr_Domainwall_5din_eo: comm_send_wait : total         0.00 sec, count    0, average         0.00 sec
Elapsed time: afopr_Domainwall_5din_eo: comm_recv_start: total         0.00 sec, count    0, average         0.00 sec
Elapsed time: afopr_Domainwall_5din_eo: comm_send_start: total         0.00 sec, count    0, average         0.00 sec
Elapsed time: afopr_Domainwall_5din_eo: comm_test_all  : total         0.00 sec, count    0, average         0.00 sec

Fprop_alt_Standard_eo<Afield<double,ACCEL> >: being setup (without link smearing).
  AFopr_Domainwall_5din_eo<AField<double,ACCEL> >: construction
    do_comm[0] = 0
    do_comm[1] = 0
    do_comm[2] = 0
    do_comm[3] = 0
      extended_precision = true
      su3_reconstruction = false
    AFopr_Domainwall_5din_eo<AField<double,ACCEL> >: input parameters
      gamma matrix repr.:  Dirac
      code implementation: 5d
      mq   =   0.0500
      M0   =   1.6000
      Ns   =    8
      boundary[0] =  1
      boundary[1] =  1
      boundary[2] =  1
      boundary[3] = -1
      coefficients:
        b[ 0] =     1.5000000000  c[ 0] =     0.5000000000
        b[ 1] =     1.5000000000  c[ 1] =     0.5000000000
        b[ 2] =     1.5000000000  c[ 2] =     0.5000000000
        b[ 3] =     1.5000000000  c[ 3] =     0.5000000000
        b[ 4] =     1.5000000000  c[ 4] =     0.5000000000
        b[ 5] =     1.5000000000  c[ 5] =     0.5000000000
        b[ 6] =     1.5000000000  c[ 6] =     0.5000000000
        b[ 7] =     1.5000000000  c[ 7] =     0.5000000000
      alpha =   1.0000
  ASolver_CGNR<Afield<double,ACCEL> >:
  ASolver_CG<Afield<double,ACCEL> >:
    Precision: double
    Niter     = 1200
    Stop_cond =   1.00000000e-90
    init_guess_mode: 0
    true_residual_interval = 10 (logging [TRUERES])
    refinement_iterations = 0
Fprop_alt_Standard_eo<Afield<double,ACCEL> >: setup finished.

Fprop_alt_Standard_eo<Afield<double,ACCEL> >: mult performance:
  mult mode = Dee_inv
  Number of mult =                400
  Elapsed time   =       0.183778 sec
  Flop(Fopr)     =           62914560
  Flop(total)    =        25165824000
  Performance    =     136.936 GFlops

Fprop_alt_Standard_eo<Afield<double,ACCEL> >: mult performance:
  mult mode = Doe
  Number of mult =                400
  Elapsed time   =       0.752808 sec
  Flop(Fopr)     =          390070272
  Flop(total)    =       156028108800
  Performance    =     207.261 GFlops

Fprop_alt_Standard_eo<Afield<double,ACCEL> >: mult performance:
  mult mode = D
  Number of mult =                400
  Elapsed time   =       1.900864 sec
  Flop(Fopr)     =          912261120
  Flop(total)    =       364904448000
  Performance    =     191.968 GFlops

Fprop_alt_Standard_eo<Afield<double,ACCEL> >: mult performance:
  mult mode = Ddag
  Number of mult =                400
  Elapsed time   =       1.907344 sec
  Flop(Fopr)     =          912261120
  Flop(total)    =       364904448000
  Performance    =     191.316 GFlops

Fprop_alt_Standard_eo<Afield<double,ACCEL> >: mult performance:
  mult mode = DdagD
  Number of mult =                400
  Elapsed time   =       3.847840 sec
  Flop(Fopr)     =         1824522240
  Flop(total)    =       729808896000
  Performance    =     189.667 GFlops

Solving quark propagator:
  color spin   Nconv      diff           diff2
ASolver_CGNR<Afield<double,ACCEL> >: solver starts
  mode_prev = D
  snorm =  2.593544072572784e+01
ASolver_CG solve_CG_init: m_x.nin() = 192, m_s.nin() = 192
  init:  8.330510306015447e-01
     0   4.465764283060859e-02
[TRUERES]      0  4.465764283060859e-02  4.465764283060859e-02
     1   1.504939112349334e-02
     2   1.241287587215125e-02
     3   3.970550654482197e-03
     4   2.214932602144877e-03
     5   1.787889314115949e-03
     6   8.042348998014822e-04
     7   5.817194269938662e-04
     8   4.452349083921736e-04
     9   2.478116233675306e-04
    10   2.128302184794907e-04
[TRUERES]     10  2.128302184794907e-04  2.128302184794907e-04
    11   1.593963290906041e-04
    12   1.053159732153142e-04
    13   9.784338072874335e-05
    14   7.082792894954416e-05
    15   5.283554234666669e-05
    16   4.984621329069799e-05
    17   3.621274752068192e-05
    18   3.058920849871013e-05
    19   2.814821785696079e-05
    20   2.089283513444585e-05
[TRUERES]     20  2.089283513444585e-05  2.089283513444581e-05
    21   1.896660603556413e-05
    22   1.679877011966293e-05
    23   1.330203004782722e-05
    24   1.297551454333529e-05
    25   1.121728881528386e-05
    26   9.379718759003639e-06
    27   9.085485358787383e-06
    28   7.445623219408109e-06
    29   6.485461129464122e-06
    30   6.097893516473816e-06
[TRUERES]     30  6.097893516473816e-06  6.097893516473815e-06
    31   4.948558899286955e-06
    32   4.541775502063990e-06
    33   4.183470628975468e-06
    34   3.493137373412666e-06
    35   3.365813626934061e-06
    36   3.047092240892137e-06
    37   2.681379295365010e-06
    38   2.695293401735527e-06
    39   2.465722738372880e-06
    40   2.331436486794847e-06
[TRUERES]     40  2.331436486794847e-06  2.331436486794854e-06
    41   2.378205990914824e-06
    42   2.156373884161893e-06
    43   2.084342598414026e-06
    44   2.040461044485666e-06
    45   1.807558758326415e-06
    46   1.769028971539325e-06
    47   1.656097941966433e-06
    48   1.471872639645260e-06
    49   1.437425964702453e-06
    50   1.301213513622790e-06
[TRUERES]     50  1.301213513622790e-06  1.301213513622789e-06
    51   1.185011110977105e-06
    52   1.160993261656518e-06
    53   1.037731521328341e-06
    54   9.699377946633588e-07
    55   9.307815231879397e-07
    56   8.244495050070945e-07
    57   7.910713077561268e-07
    58   7.451201990261529e-07
    59   6.644829142654400e-07
    60   6.419954563947380e-07
[TRUERES]     60  6.419954563947380e-07  6.419954563947356e-07
    61   5.864155655122485e-07
    62   5.304114529798611e-07
    63   5.141871504175044e-07
    64   4.619963297291382e-07
    65   4.261720515955057e-07
    66   4.064755888279986e-07
    67   3.607822520931789e-07
    68   3.414653005530630e-07
    69   3.235761765326293e-07
    70   2.924159076904765e-07
[TRUERES]     70  2.924159076904765e-07  2.924159076904753e-07
    71   2.849618156236013e-07
    72   2.683289537213258e-07
    73   2.481968774006272e-07
    74   2.449424888676240e-07
    75   2.283336578371642e-07
    76   2.167766391511543e-07
    77   2.144366129156098e-07
    78   1.997818693998304e-07
    79   1.948079258232272e-07
    80   1.916880721176157e-07
[TRUERES]     80  1.916880721176157e-07  1.916880721176150e-07
    81   1.789642727437320e-07
    82   1.766751720191517e-07
    83   1.694802239229547e-07
    84   1.573974808986779e-07
    85   1.537936569380707e-07
    86   1.424387154502415e-07
    87   1.323183565152993e-07
    88   1.280646636407960e-07
    89   1.168426864421639e-07
    90   1.093242012717954e-07
[TRUERES]     90  1.093242012717954e-07  1.093242012717957e-07
    91   1.033033092185774e-07
    92   9.218307815450681e-08
    93   8.607797570132479e-08
    94   7.933867309993840e-08
    95   7.109996383207528e-08
    96   6.725322252519752e-08
    97   6.133472486197678e-08
    98   5.560654820885791e-08
    99   5.269919578104416e-08
   100   4.763304463147424e-08
[TRUERES]    100  4.763304463147424e-08  4.763304463147410e-08
   101   4.392234097929981e-08
   102   4.136971088812877e-08
   103   3.712134746930453e-08
   104   3.458545845545552e-08
   105   3.202728553584448e-08
   106   2.868079051252785e-08
   107   2.692049953479064e-08
   108   2.462358251053395e-08
   109   2.238400095903333e-08
   110   2.135013616780993e-08
[TRUERES]    110  2.135013616780993e-08  2.135013616780963e-08
   111   1.976685686501705e-08
   112   1.872158560864334e-08
   113   1.832891398414534e-08
   114   1.720659439291513e-08
   115   1.667653051863780e-08
   116   1.614149264263873e-08
   117   1.504964153896940e-08
   118   1.455034569339001e-08
   119   1.372388429179809e-08
   120   1.267702034458473e-08
[TRUERES]    120  1.267702034458473e-08  1.267702034458445e-08
   121   1.212383759734042e-08
   122   1.115592187960607e-08
   123   1.030403063436279e-08
   124   9.776889989916953e-09
   125   8.882547856705056e-09
   126   8.223729274264017e-09
   127   7.616743101346197e-09
   128   6.777269814200062e-09
   129   6.241327862810756e-09
   130   5.675799641625296e-09
[TRUERES]    130  5.675799641625296e-09  5.675799641625425e-09
   131   5.077846308456049e-09
   132   4.753332059991365e-09
   133   4.362114879106011e-09
   134   4.019854251969692e-09
   135   3.823260437103521e-09
   136   3.500391289696872e-09
   137   3.249967180341970e-09
   138   3.039553138706549e-09
   139   2.733654537504058e-09
   140   2.532278373014394e-09
[TRUERES]    140  2.532278373014394e-09  2.532278373014526e-09
   141   2.332953868565442e-09
   142   2.109802193092493e-09
   143   1.980963201343639e-09
   144   1.827975372019812e-09
   145   1.675297943371152e-09
   146   1.588207611984306e-09
   147   1.459386908154645e-09
   148   1.357053169801292e-09
   149   1.280463440351173e-09
   150   1.166344852895068e-09
[TRUERES]    150  1.166344852895068e-09  1.166344852895088e-09
   151   1.088837658922048e-09
   152   1.017089179826589e-09
   153   9.310022024123305e-10
   154   8.817723382242047e-10
   155   8.201058382526658e-10
   156   7.518038415157162e-10
   157   7.083258560618466e-10
   158   6.499191352567542e-10
   159   6.019036625717116e-10
   160   5.677581900707967e-10
[TRUERES]    160  5.677581900707967e-10  5.677581900707408e-10
   161   5.180927094631706e-10
   162   4.814271079644396e-10
   163   4.469952132497688e-10
   164   4.034715377599972e-10
   165   3.734376644549630e-10
   166   3.401205876094938e-10
   167   3.054292116076317e-10
   168   2.823270284445070e-10
   169   2.553987721681177e-10
   170   2.327223507703282e-10
[TRUERES]    170  2.327223507703282e-10  2.327223507702957e-10
   171   2.171897402912598e-10
   172   1.979270728671137e-10
   173   1.849832875176060e-10
   174   1.755889030599804e-10
   175   1.632057445444658e-10
   176   1.566448829680537e-10
   177   1.492429489145206e-10
   178   1.401407815966741e-10
   179   1.351263414867131e-10
   180   1.265784081782698e-10
[TRUERES]    180  1.265784081782698e-10  1.265784081782624e-10
   181   1.173704845733687e-10
   182   1.105381273268444e-10
   183   1.006611104364115e-10
   184   9.234833000430776e-11
   185   8.519519633466369e-11
   186   7.638471821159349e-11
   187   7.014288814568416e-11
   188   6.365823725705240e-11
   189   5.645062552397980e-11
   190   5.116183586190052e-11
[TRUERES]    190  5.116183586190052e-11  5.116183586191501e-11
   191   4.564006147345126e-11
   192   4.085004169753977e-11
   193   3.756764273577416e-11
   194   3.397893313500152e-11
   195   3.126243893946976e-11
   196   2.922673872620369e-11
   197   2.673899718145617e-11
   198   2.507490496353212e-11
   199   2.354500028964626e-11
   200   2.168042481716898e-11
[TRUERES]    200  2.168042481716898e-11  2.168042481718221e-11
   201   2.046180077505938e-11
   202   1.901396697876009e-11
   203   1.750002150682887e-11
   204   1.645340364565688e-11
   205   1.507173385411137e-11
   206   1.385474737478917e-11
   207   1.292894905737875e-11
   208   1.180090322139999e-11
   209   1.098770953887213e-11
   210   1.028194020558788e-11
[TRUERES]    210  1.028194020558788e-11  1.028194020559168e-11
   211   9.429659987634237e-12
   212   8.859091780697760e-12
   213   8.257265796620850e-12
   214   7.628162663896346e-12
   215   7.226792489115441e-12
   216   6.753666724833126e-12
   217   6.358839344754265e-12
   218   6.102972733666880e-12
   219   5.723414627178470e-12
   220   5.436658020360450e-12
[TRUERES]    220  5.436658020360450e-12  5.436658020357979e-12
   221   5.193470225327157e-12
   222   4.865092709770109e-12
   223   4.650236291661450e-12
   224   4.411570874948090e-12
   225   4.113817309501795e-12
   226   3.915421995321386e-12
   227   3.656287957606328e-12
   228   3.401029743204744e-12
   229   3.216226842291931e-12
   230   2.976345364571108e-12
[TRUERES]    230  2.976345364571108e-12  2.976345364568410e-12
   231   2.795358563069526e-12
   232   2.663985127529494e-12
   233   2.500258136341852e-12
   234   2.398601637983427e-12
   235   2.294411620365486e-12
   236   2.158392296472436e-12
   237   2.066106341808417e-12
   238   1.938111176425611e-12
   239   1.795341875176295e-12
   240   1.674426757480186e-12
[TRUERES]    240  1.674426757480186e-12  1.674426757480689e-12
   241   1.510296821755400e-12
   242   1.358196850835362e-12
   243   1.225124704130511e-12
   244   1.079787936260490e-12
   245   9.704283974271086e-13
   246   8.742191398900942e-13
   247   7.789275220967132e-13
   248   7.081849212641361e-13
   249   6.358653666186903e-13
   250   5.690835452092675e-13
[TRUERES]    250  5.690835452092675e-13  5.690835452096389e-13
   251   5.224062218834429e-13
   252   4.743505951771436e-13
   253   4.342135889532346e-13
   254   4.027731146129948e-13
   255   3.668159631799517e-13
   256   3.389491314118280e-13
   257   3.146500653993583e-13
   258   2.881704832348121e-13
   259   2.710297811206294e-13
   260   2.542682757780149e-13
[TRUERES]    260  2.542682757780149e-13  2.542682757785655e-13
   261   2.361026321621040e-13
   262   2.219364725062250e-13
   263   2.041753308863852e-13
   264   1.874207153230081e-13
   265   1.743957964156601e-13
   266   1.593445165340621e-13
   267   1.476814426844417e-13
   268   1.375237886173767e-13
   269   1.260196560711576e-13
   270   1.180894681847554e-13
[TRUERES]    270  1.180894681847554e-13  1.180894681845098e-13
   271   1.101352063869866e-13
   272   1.019243192435668e-13
   273   9.635773765600853e-14
   274   9.004091549558226e-14
   275   8.453641068272916e-14
   276   8.054969011961774e-14
   277   7.502388930861361e-14
   278   7.021245434375456e-14
   279   6.550303867971092e-14
   280   5.956094560590503e-14
[TRUERES]    280  5.956094560590503e-14  5.956094560569395e-14
   281   5.469502554203110e-14
   282   4.990952482630226e-14
   283   4.508825404464354e-14
   284   4.158969406038123e-14
   285   3.798386564505403e-14
   286   3.473592674533584e-14
   287   3.231651553660375e-14
   288   2.960627988741919e-14
   289   2.742904888699140e-14
   290   2.569685712634977e-14
[TRUERES]    290  2.569685712634977e-14  2.569685712651797e-14
   291   2.375766829104134e-14
   292   2.231426030982928e-14
   293   2.098347857318508e-14
   294   1.959537604779979e-14
   295   1.864240069559842e-14
   296   1.750028599090245e-14
   297   1.636525620030630e-14
   298   1.553151014009010e-14
   299   1.451820743085406e-14
   300   1.364660579591359e-14
[TRUERES]    300  1.364660579591359e-14  1.364660579602011e-14
   301   1.291451644489045e-14
   302   1.201373129695591e-14
   303   1.133635106674182e-14
   304   1.073547568819368e-14
   305   1.003597507400310e-14
   306   9.522940626944403e-15
   307   8.925413465147212e-15
   308   8.249697727277719e-15
   309   7.680707197745608e-15
   310   6.986138342832631e-15
[TRUERES]    310  6.986138342832631e-15  6.986138342836497e-15
   311   6.334669675929771e-15
   312   5.776628096071374e-15
   313   5.173178189633849e-15
   314   4.673574885558996e-15
   315   4.211481759559266e-15
   316   3.723256014776885e-15
   317   3.325199887334704e-15
   318   2.954354752405724e-15
   319   2.617933287975527e-15
   320   2.368934012117083e-15
[TRUERES]    320  2.368934012117083e-15  2.368934012124621e-15
   321   2.122047977037697e-15
   322   1.912005022989115e-15
   323   1.748398825766774e-15
   324   1.576334415152268e-15
   325   1.437649611044986e-15
   326   1.318662342774641e-15
   327   1.198004421091298e-15
   328   1.100659155048011e-15
   329   1.005735072729292e-15
   330   9.103343736950552e-16
[TRUERES]    330  9.103343736950552e-16  9.103343736497884e-16
   331   8.359317817823679e-16
   332   7.591289003693363e-16
   333   6.871678051327420e-16
   334   6.293756778660202e-16
   335   5.664847456589693e-16
   336   5.139090210694751e-16
   337   4.681752501021870e-16
   338   4.205879063795999e-16
   339   3.826470798740827e-16
   340   3.476292894024786e-16
[TRUERES]    340  3.476292894024786e-16  3.476292894182411e-16
   341   3.126115642571568e-16
   342   2.850765081858395e-16
   343   2.579782559793836e-16
   344   2.327663000433193e-16
   345   2.127585922290691e-16
   346   1.910456516782276e-16
   347   1.718024951342084e-16
   348   1.552393223493412e-16
   349   1.379520527554015e-16
   350   1.235552266850965e-16
[TRUERES]    350  1.235552266850965e-16  1.235552267221077e-16
   351   1.098659954409553e-16
   352   9.633954315528388e-17
   353   8.557828640110405e-17
   354   7.555570953128683e-17
   355   6.686477241410378e-17
   356   6.040792050862561e-17
   357   5.417107330593486e-17
   358   4.907564696813960e-17
   359   4.507127618471263e-17
   360   4.092402859406942e-17
[TRUERES]    360  4.092402859406942e-17  4.092402860192616e-17
   361   3.750756041418704e-17
   362   3.446886162812773e-17
   363   3.133801021030267e-17
   364   2.895930137898601e-17
   365   2.668785013659560e-17
   366   2.458461716608690e-17
   367   2.301809305336683e-17
   368   2.145200620933200e-17
   369   2.007688897405580e-17
   370   1.902001686653604e-17
[TRUERES]    370  1.902001686653604e-17  1.902001686707063e-17
   371   1.772988249245426e-17
   372   1.666484806326476e-17
   373   1.579749561312755e-17
   374   1.488728678836950e-17
   375   1.430718159819340e-17
   376   1.377837470051592e-17
   377   1.324048927608394e-17
   378   1.291977059795302e-17
   379   1.248817480297447e-17
   380   1.212401465153251e-17
[TRUERES]    380  1.212401465153251e-17  1.212401465329125e-17
   381   1.190315980879695e-17
   382   1.147344598118654e-17
   383   1.107802838534095e-17
   384   1.063799354341127e-17
   385   9.988119427198088e-18
   386   9.406380001908231e-18
   387   8.784018993520978e-18
   388   8.114760045793414e-18
   389   7.582474815724021e-18
   390   7.016237205391123e-18
[TRUERES]    390  7.016237205391123e-18  7.016237204924678e-18
   391   6.494070781106248e-18
   392   6.072539050460230e-18
   393   5.587149704491768e-18
   394   5.164116689263167e-18
   395   4.790369548015842e-18
   396   4.395797360316177e-18
   397   4.099508483341151e-18
   398   3.834465026442337e-18
   399   3.553626470550569e-18
   400   3.336908617094882e-18
[TRUERES]    400  3.336908617094882e-18  3.336908620890735e-18
   401   3.108073345455917e-18
   402   2.887775562000307e-18
   403   2.717237339254993e-18
   404   2.529602179416330e-18
   405   2.359446073338588e-18
   406   2.214449444573730e-18
   407   2.057692256972257e-18
   408   1.933467874845566e-18
   409   1.820834145649427e-18
   410   1.704715387552823e-18
[TRUERES]    410  1.704715387552823e-18  1.704715386747992e-18
   411   1.625122376971788e-18
   412   1.539439556030001e-18
   413   1.455046194688892e-18
   414   1.395149768963893e-18
   415   1.324875380617505e-18
   416   1.259239509040282e-18
   417   1.201343183589846e-18
   418   1.127256890634903e-18
   419   1.059519811054314e-18
   420   9.913608042368628e-19
[TRUERES]    420  9.913608042368628e-19  9.913608025391215e-19
   421   9.161327319924509e-19
   422   8.558109115029562e-19
   423   7.962672250640004e-19
   424   7.367355835048289e-19
   425   6.896810231577936e-19
   426   6.395716611292148e-19
   427   5.926868842292703e-19
   428   5.541994733928298e-19
   429   5.130487626333482e-19
   430   4.768608397780443e-19
[TRUERES]    430  4.768608397780443e-19  4.768608419166747e-19
   431   4.442517531479701e-19
   432   4.076316980874269e-19
   433   3.764658276601988e-19
   434   3.466680974530273e-19
   435   3.170860350307852e-19
   436   2.950612807174126e-19
   437   2.738793952544418e-19
   438   2.552477307830484e-19
   439   2.408618911218542e-19
   440   2.253056102897648e-19
[TRUERES]    440  2.253056102897648e-19  2.253056102127060e-19
   441   2.120324720973363e-19
   442   2.010791905970923e-19
   443   1.889976594326736e-19
   444   1.796297108718531e-19
   445   1.709919207270975e-19
   446   1.617203007928876e-19
   447   1.552995081187106e-19
   448   1.485052466027290e-19
   449   1.415620854225818e-19
   450   1.357730964956851e-19
[TRUERES]    450  1.357730964956851e-19  1.357730970268922e-19
   451   1.281241352635854e-19
   452   1.205973141939486e-19
   453   1.134406570260196e-19
   454   1.051409920244136e-19
   455   9.780265408620761e-20
   456   9.029674398630629e-20
   457   8.187676368866624e-20
   458   7.448896902963682e-20
   459   6.704010821777296e-20
   460   5.966020355557321e-20
[TRUERES]    460  5.966020355557321e-20  5.966020365927055e-20
   461   5.324273134695492e-20
   462   4.667590902575881e-20
   463   4.078940360406007e-20
   464   3.573196624423123e-20
   465   3.084829152822631e-20
   466   2.679662661788975e-20
   467   2.329550545763050e-20
   468   2.008330582809462e-20
   469   1.753961731214801e-20
   470   1.531141308969454e-20
[TRUERES]    470  1.531141308969454e-20  1.531141315670723e-20
   471   1.334337742586907e-20
   472   1.181119160303380e-20
   473   1.041313706337740e-20
   474   9.252841944677612e-21
   475   8.361158232619454e-21
   476   7.533394500599922e-21
   477   6.875156391305621e-21
   478   6.323031456187667e-21
   479   5.783500149314160e-21
   480   5.371689351457701e-21
[TRUERES]    480  5.371689351457701e-21  5.371689256215543e-21
   481   5.009567926083158e-21
   482   4.666807656596527e-21
   483   4.419025378048404e-21
   484   4.167986980404370e-21
   485   3.925362147321052e-21
   486   3.712325571466009e-21
   487   3.448242789536427e-21
   488   3.202423397943033e-21
   489   2.976993797958702e-21
   490   2.730513835678174e-21
[TRUERES]    490  2.730513835678174e-21  2.730513819444195e-21
   491   2.515932551594963e-21
   492   2.312966900358835e-21
   493   2.112825590669216e-21
   494   1.944113327700251e-21
   495   1.771787555080032e-21
   496   1.598946968726439e-21
   497   1.448654808550527e-21
   498   1.297172659129212e-21
   499   1.162642315433566e-21
   500   1.049202277243453e-21
[TRUERES]    500  1.049202277243453e-21  1.049202235233659e-21
   501   9.363900246254862e-22
   502   8.428361285381349e-22
   503   7.595620498631946e-22
   504   6.798483643998878e-22
   505   6.159278678399596e-22
   506   5.575679627723454e-22
   507   5.053770203829644e-22
   508   4.660768936857571e-22
   509   4.292775937725581e-22
   510   3.982074184814256e-22
[TRUERES]    510  3.982074184814256e-22  3.982074118271106e-22
   511   3.732192681469202e-22
   512   3.464549027423824e-22
   513   3.233479974482914e-22
   514   3.030726594897763e-22
   515   2.816967519960837e-22
   516   2.646891589724641e-22
   517   2.484226441701766e-22
   518   2.321979654378146e-22
   519   2.195918101993523e-22
   520   2.066536689502239e-22
[TRUERES]    520  2.066536689502239e-22  2.066536378181172e-22
   521   1.951003757819162e-22
   522   1.865801562095963e-22
   523   1.775677896550945e-22
   524   1.710862337861165e-22
   525   1.657361413431353e-22
   526   1.586021274447757e-22
   527   1.517773566592217e-22
   528   1.433121325983653e-22
   529   1.327572350629308e-22
   530   1.231347782392118e-22
[TRUERES]    530  1.231347782392118e-22  1.231347998407230e-22
   531   1.128728337312759e-22
   532   1.028601411924518e-22
   533   9.419691281745872e-23
   534   8.544141668893007e-23
   535   7.799834325762573e-23
   536   7.181485956319892e-23
   537   6.538743436985579e-23
   538   5.969622726878639e-23
   539   5.421057798417623e-23
   540   4.850410839506447e-23
[TRUERES]    540  4.850410839506447e-23  4.850411517968060e-23
   541   4.352769139200210e-23
   542   3.872083934591274e-23
   543   3.427415245036445e-23
   544   3.068251370925670e-23
   545   2.731127300840782e-23
   546   2.432473123416187e-23
   547   2.168750215701157e-23
   548   1.908477475918188e-23
   549   1.690284177191332e-23
   550   1.497216607363698e-23
[TRUERES]    550  1.497216607363698e-23  1.497217012333710e-23
   551   1.314612278393013e-23
   552   1.166343571752522e-23
   553   1.033688086441258e-23
   554   9.183988924908402e-24
   555   8.286485190675148e-24
   556   7.462159121746362e-24
   557   6.758513852809148e-24
   558   6.180321762216394e-24
   559   5.595743841626290e-24
   560   5.084112977539348e-24
[TRUERES]    560  5.084112977539348e-24  5.084113105229700e-24
   561   4.615440057408331e-24
   562   4.146555178640375e-24
   563   3.764664252265567e-24
   564   3.413830492373708e-24
   565   3.096648190826809e-24
   566   2.845072103804954e-24
   567   2.594329212031801e-24
   568   2.363272890722216e-24
   569   2.169207180190563e-24
   570   1.980791327964312e-24
[TRUERES]    570  1.980791327964312e-24  1.980790212846026e-24
   571   1.818033361183654e-24
   572   1.675112178392586e-24
   573   1.524243064944682e-24
   574   1.391833406929645e-24
   575   1.266995434337925e-24
   576   1.145326832668162e-24
   577   1.043248036578260e-24
   578   9.468166315740270e-25
   579   8.595476472116445e-25
   580   7.858019255341235e-25
[TRUERES]    580  7.858019255341235e-25  7.858034687866751e-25
   581   7.129284521277107e-25
   582   6.501666285223229e-25
   583   5.960559811385336e-25
   584   5.432259442040876e-25
   585   4.975962402029028e-25
   586   4.542276447722341e-25
   587   4.086827841737093e-25
   588   3.684951356036554e-25
   589   3.294400686925892e-25
   590   2.932013280040523e-25
[TRUERES]    590  2.932013280040523e-25  2.932051071496159e-25
   591   2.637313473179216e-25
   592   2.369957370080689e-25
   593   2.145262706679017e-25
   594   1.960633216068207e-25
   595   1.778040876316814e-25
   596   1.619007537579653e-25
   597   1.471987505802050e-25
   598   1.325016291953245e-25
   599   1.200911897318602e-25
   600   1.087333271287054e-25
[TRUERES]    600  1.087333271287054e-25  1.087370176468826e-25
   601   9.878270324332809e-26
   602   9.129368887948542e-26
   603   8.471933297063774e-26
   604   7.971007693588181e-26
   605   7.607289261261325e-26
   606   7.244668149955020e-26
   607   6.963531388053098e-26
   608   6.741183300662196e-26
   609   6.488627004862198e-26
   610   6.313262725244558e-26
[TRUERES]    610  6.313262725244558e-26  6.313505891345210e-26
   611   6.139684098139665e-26
   612   5.952472575518469e-26
   613   5.821075421436836e-26
   614   5.650810381026666e-26
   615   5.458693648947549e-26
   616   5.283281219804161e-26
   617   5.045654373682616e-26
   618   4.808780597763238e-26
   619   4.572067738199637e-26
   620   4.299370916217012e-26
[TRUERES]    620  4.299370916217012e-26  4.299736257392620e-26
   621   4.064398165839711e-26
   622   3.828971767312700e-26
   623   3.576682077960380e-26
   624   3.359356476073812e-26
   625   3.127644430777890e-26
   626   2.890324578525651e-26
   627   2.672885114556869e-26
   628   2.438309282642912e-26
   629   2.223278599514738e-26
   630   2.031171129604314e-26
[TRUERES]    630  2.031171129604314e-26  2.031480122782584e-26
   631   1.844924212915572e-26
   632   1.695163890388312e-26
   633   1.563791521234072e-26
   634   1.441759933321876e-26
   635   1.348459844170928e-26
   636   1.264722295331912e-26
   637   1.185779142753144e-26
   638   1.115875177139230e-26
   639   1.039039439168331e-26
   640   9.688368687632015e-27
[TRUERES]    640  9.688368687632015e-27  9.691788329525406e-27
   641   9.092980304275144e-27
   642   8.505132509213725e-27
   643   8.027063107194958e-27
   644   7.583368922046050e-27
   645   7.106646233302594e-27
   646   6.701767382851708e-27
   647   6.290576369033822e-27
   648   5.864673701120560e-27
   649   5.509753791790938e-27
   650   5.172487374693209e-27
[TRUERES]    650  5.172487374693209e-27  5.176363019495726e-27
   651   4.877345686535028e-27
   652   4.626524435051264e-27
   653   4.350648876319776e-27
   654   4.090873196374268e-27
   655   3.837346531999980e-27
   656   3.551855750937715e-27
   657   3.279618619856819e-27
   658   2.997807803906598e-27
   659   2.714780182185399e-27
   660   2.471352876261377e-27
[TRUERES]    660  2.471352876261377e-27  2.474648676399289e-27
   661   2.224870825562996e-27
   662   1.987092995420429e-27
   663   1.774207114484446e-27
   664   1.567607859514295e-27
   665   1.388611645065672e-27
   666   1.231477488001937e-27
   667   1.084155200231106e-27
   668   9.594318689474394e-28
   669   8.447591301376125e-28
   670   7.404277300577275e-28
[TRUERES]    670  7.404277300577275e-28  7.440134883308893e-28
   671   6.530552612970805e-28
   672   5.728029789453411e-28
   673   5.026915154936264e-28
   674   4.451268955241224e-28
   675   3.916732253096281e-28
   676   3.461129975135616e-28
   677   3.070386640795619e-28
   678   2.712123460891617e-28
   679   2.421172110776381e-28
   680   2.169153945001494e-28
[TRUERES]    680  2.169153945001494e-28  2.207734226741289e-28
   681   1.940894949490697e-28
   682   1.757124654697278e-28
   683   1.590447250244780e-28
   684   1.438636682301795e-28
   685   1.308783159118534e-28
   686   1.180395720772177e-28
   687   1.067978218766603e-28
   688   9.717756454082837e-29
   689   8.834108357949298e-29
   690   8.145827493257263e-29
[TRUERES]    690  8.145827493257263e-29  8.536876883276742e-29
   691   7.566894427358512e-29
   692   6.999495033683294e-29
   693   6.526763122229467e-29
   694   6.044213155331637e-29
   695   5.552446580840976e-29
   696   5.114325921873325e-29
   697   4.677478888625739e-29
   698   4.269979274039425e-29
   699   3.909493083052800e-29
   700   3.547272988153214e-29
[TRUERES]    700  3.547272988153214e-29  3.926755660298556e-29
   701   3.229695478680678e-29
   702   2.932888499749042e-29
   703   2.632744384523481e-29
   704   2.367830185760614e-29
   705   2.121014032440257e-29
   706   1.889913680808535e-29
   707   1.694677529904904e-29
   708   1.510220176515437e-29
   709   1.348577332001340e-29
   710   1.217297763118480e-29
[TRUERES]    710  1.217297763118480e-29  1.597869787994927e-29
   711   1.099731610958614e-29
   712   1.003377055788815e-29
   713   9.259978380680092e-30
   714   8.584050830770878e-30
   715   8.095393085673150e-30
   716   7.682176857307950e-30
   717   7.305715342913556e-30
   718   6.998393121039525e-30
   719   6.645556861927451e-30
   720   6.277916635176336e-30
[TRUERES]    720  6.277916635176336e-30  1.014435861520153e-29
   721   5.952238223445121e-30
   722   5.577531814618385e-30
   723   5.220480429421007e-30
   724   4.878634122087034e-30
   725   4.503783124742224e-30
   726   4.158064905679119e-30
   727   3.814803954740545e-30
   728   3.468312050711072e-30
   729   3.167311749812550e-30
   730   2.874884624104293e-30
[TRUERES]    730  2.874884624104293e-30  6.710439416092258e-30
   731   2.604176345994022e-30
   732   2.373614291960951e-30
   733   2.148869000894008e-30
   734   1.947735528342362e-30
   735   1.770133807602604e-30
   736   1.592387766305011e-30
   737   1.434887124532380e-30
   738   1.286136358659297e-30
   739   1.142008857966935e-30
   740   1.015491760014802e-30
[TRUERES]    740  1.015491760014802e-30  5.106889910375139e-30
   741   8.955604751384530e-31
   742   7.853475938326741e-31
   743   6.913343702976143e-31
   744   6.063484777263161e-31
   745   5.356578646232358e-31
   746   4.770591397391099e-31
   747   4.239221478782440e-31
   748   3.800141305666071e-31
   749   3.417439784586187e-31
   750   3.050973572330213e-31
[TRUERES]    750  3.050973572330213e-31  4.398358701260686e-30
   751   2.746200892999883e-31
   752   2.475522324152839e-31
   753   2.238862046231386e-31
   754   2.042550128974406e-31
   755   1.853541933817591e-31
   756   1.678393807635746e-31
   757   1.520277177023483e-31
   758   1.359763773766640e-31
   759   1.212408426806842e-31
   760   1.078953733783013e-31
[TRUERES]    760  1.078953733783013e-31  4.485524116188229e-30
   761   9.540017482326334e-32
   762   8.484242299648896e-32
   763   7.552968276408488e-32
   764   6.704138476776573e-32
   765   5.992751957548699e-32
   766   5.317626157877581e-32
   767   4.698825494833301e-32
   768   4.142063703535713e-32
   769   3.597285665985603e-32
   770   3.112200040014461e-32
[TRUERES]    770  3.112200040014461e-32  4.423414263210806e-30
   771   2.691260363539465e-32
   772   2.300812579171716e-32
   773   1.978934290872378e-32
   774   1.710304713791445e-32
   775   1.479408382737070e-32
   776   1.299167606626443e-32
   777   1.146759219990579e-32
   778   1.015145508326549e-32
   779   9.080776884875396e-33
   780   8.093639211426959e-33
[TRUERES]    780  8.093639211426959e-33  4.526746191284334e-30
   781   7.236344293341087e-33
   782   6.487425972824734e-33
   783   5.770121710941978e-33
   784   5.140125526028058e-33
   785   4.590146079653689e-33
   786   4.094456096937254e-33
   787   3.691366590046534e-33
   788   3.328296714404778e-33
   789   3.006485543135598e-33
   790   2.743386318296990e-33
[TRUERES]    790  2.743386318296990e-33  4.519044735143088e-30
   791   2.499688568729424e-33
   792   2.283329751676782e-33
   793   2.104463313871866e-33
   794   1.936164884712357e-33
   795   1.794458929492353e-33
   796   1.674026549038392e-33
   797   1.559003141250557e-33
   798   1.461742324596246e-33
   799   1.367505500866824e-33
   800   1.269592705242483e-33
[TRUERES]    800  1.269592705242483e-33  4.611838174183270e-30
   801   1.180629199652828e-33
   802   1.090057034305198e-33
   803   1.008336834338484e-33
   804   9.388734984416549e-34
   805   8.692712385845457e-34
   806   8.070649285325918e-34
   807   7.501338916179351e-34
   808   6.914828135793430e-34
   809   6.379297808081380e-34
   810   5.877465837021948e-34
[TRUERES]    810  5.877465837021948e-34  4.595832956155028e-30
   811   5.386652907957330e-34
   812   4.967349700121379e-34
   813   4.549777940182443e-34
   814   4.147686481773730e-34
   815   3.783994717232707e-34
   816   3.411487593874920e-34
   817   3.064812764746030e-34
   818   2.743511335354755e-34
   819   2.434128741140584e-34
   820   2.171616866414981e-34
[TRUERES]    820  2.171616866414981e-34  4.629923803202186e-30
   821   1.939977026313615e-34
   822   1.728534150353068e-34
   823   1.549340215355959e-34
   824   1.386360914367947e-34
   825   1.241207669630661e-34
   826   1.121109926439444e-34
   827   1.007957865208062e-34
   828   9.103508954108535e-35
   829   8.293232337344254e-35
   830   7.524535849807750e-35
[TRUERES]    830  7.524535849807750e-35  4.559790282343275e-30
   831   6.848613098990457e-35
   832   6.234710999550069e-35
   833   5.660306224280143e-35
   834   5.182732139018094e-35
   835   4.743850181797309e-35
   836   4.340350859553951e-35
   837   4.002651862503628e-35
   838   3.679315758311772e-35
   839   3.392172177084502e-35
   840   3.140979690662416e-35
[TRUERES]    840  3.140979690662416e-35  4.577416946934693e-30
   841   2.884551991751612e-35
   842   2.662356609097738e-35
   843   2.462328542455143e-35
   844   2.263507216436810e-35
   845   2.096191088043219e-35
   846   1.942876482684142e-35
   847   1.796402124935743e-35
   848   1.665006679247301e-35
   849   1.527600007984528e-35
   850   1.393762958232488e-35
[TRUERES]    850  1.393762958232488e-35  4.597783307086752e-30
   851   1.267534305311598e-35
   852   1.135844100972784e-35
   853   1.013275169596955e-35
   854   8.975205119097081e-36
   855   7.829409399318114e-36
   856   6.825097085294383e-36
   857   5.922027779831205e-36
   858   5.111817809366614e-36
   859   4.426832986919812e-36
   860   3.804507366179964e-36
[TRUERES]    860  3.804507366179964e-36  4.599870250229880e-30
   861   3.257437694448738e-36
   862   2.802277732427049e-36
   863   2.392690503681672e-36
   864   2.050913102355587e-36
   865   1.763709731255653e-36
   866   1.501551775978943e-36
   867   1.277544610491897e-36
   868   1.084938696300213e-36
   869   9.177146602016620e-37
   870   7.823572211255217e-37
[TRUERES]    870  7.823572211255217e-37  4.692154070337623e-30
   871   6.667717088277813e-37
   872   5.710248798155468e-37
   873   4.952101197011046e-37
   874   4.290292792690868e-37
   875   3.734255304182130e-37
   876   3.271693445087010e-37
   877   2.860863110720148e-37
   878   2.518494004457223e-37
   879   2.222338154266960e-37
   880   1.950650490772869e-37
[TRUERES]    880  1.950650490772869e-37  4.692295343128999e-30
   881   1.719559952400216e-37
   882   1.514290026924020e-37
   883   1.327028543742971e-37
   884   1.164886405472599e-37
   885   1.015945330812419e-37
   886   8.875237184254400e-38
   887   7.811415804300175e-38
   888   6.894276383796371e-38
   889   6.171821245146984e-38
   890   5.581908971509043e-38
[TRUERES]    890  5.581908971509043e-38  4.606267223314646e-30
   891   5.056038947843583e-38
   892   4.640350622865456e-38
   893   4.283619945920743e-38
   894   3.957674889834118e-38
   895   3.676248274420676e-38
   896   3.401767228574576e-38
   897   3.152600369894948e-38
   898   2.941638924425745e-38
   899   2.734416369232954e-38
   900   2.543388493073747e-38
[TRUERES]    900  2.543388493073747e-38  4.606330723007739e-30
   901   2.359084981742759e-38
   902   2.160845604593200e-38
   903   1.968733678687480e-38
   904   1.776221427102762e-38
   905   1.583570096074486e-38
   906   1.411309413309479e-38
   907   1.248454941675377e-38
   908   1.098039032495077e-38
   909   9.663260187132464e-39
   910   8.475988859281579e-39
[TRUERES]    910  8.475988859281579e-39  4.606220870034249e-30
   911   7.481554644667547e-39
   912   6.623146541581663e-39
   913   5.836513927886022e-39
   914   5.169972380446937e-39
   915   4.576040139745558e-39
   916   4.017469611904994e-39
   917   3.524883238395857e-39
   918   3.070903860774983e-39
   919   2.654529599662591e-39
   920   2.302419419806356e-39
[TRUERES]    920  2.302419419806356e-39  4.606223623083746e-30
   921   1.989901895627863e-39
   922   1.727158958130796e-39
   923   1.511861962877357e-39
   924   1.320557927567843e-39
   925   1.159613174109354e-39
   926   1.022893260988056e-39
   927   9.042789752793327e-40
   928   8.098968093003299e-40
   929   7.279586971018807e-40
   930   6.549603493003625e-40
[TRUERES]    930  6.549603493003625e-40  4.606223302894850e-30
   931   5.926747889890534e-40
   932   5.315884692699828e-40
   933   4.754583167777694e-40
   934   4.266044798905179e-40
   935   3.805671454287510e-40
   936   3.420435852031950e-40
   937   3.087208005125346e-40
   938   2.763533713061878e-40
   939   2.465792227894430e-40
   940   2.189027957711545e-40
[TRUERES]    940  2.189027957711545e-40  4.606240435924880e-30
   941   1.943035537619375e-40
   942   1.743291811259103e-40
   943   1.568799873276490e-40
   944   1.419851809919855e-40
   945   1.298138789156576e-40
   946   1.179287784464949e-40
   947   1.073987927185856e-40
   948   9.779578796867135e-41
   949   8.878239372157538e-41
   950   8.120804691024876e-41
[TRUERES]    950  8.120804691024876e-41  4.606239839241222e-30
   951   7.444727798392974e-41
   952   6.803470129363004e-41
   953   6.225893914561599e-41
   954   5.635792862416464e-41
   955   5.055966684797891e-41
   956   4.535318795481092e-41
   957   4.033870705005607e-41
   958   3.579417579429554e-41
   959   3.163577712570329e-41
   960   2.755935954323030e-41
[TRUERES]    960  2.755935954323030e-41  4.606241578751615e-30
   961   2.392884501237073e-41
   962   2.062146093584841e-41
   963   1.758275527013319e-41
   964   1.500620437053999e-41
   965   1.273997712916742e-41
   966   1.079620131016412e-41
   967   9.217736183276767e-42
   968   7.833459422561128e-42
   969   6.670216534705918e-42
   970   5.716562256910797e-42
[TRUERES]    970  5.716562256910797e-42  4.606240673811439e-30
   971   4.896020365936271e-42
   972   4.235913324754348e-42
   973   3.690555059468401e-42
   974   3.222236035568300e-42
   975   2.846813957507270e-42
   976   2.517304475203079e-42
   977   2.224675758060581e-42
   978   1.969350583666291e-42
   979   1.736997192300838e-42
   980   1.533318802880395e-42
[TRUERES]    980  1.533318802880395e-42  4.606240665442783e-30
   981   1.358904847242123e-42
   982   1.197881842873764e-42
   983   1.058427868244289e-42
   984   9.373784214806341e-43
   985   8.261190725846828e-43
   986   7.352395081026744e-43
   987   6.575434699396273e-43
   988   5.892771159759838e-43
   989   5.309419097043706e-43
   990   4.762106043779700e-43
[TRUERES]    990  4.762106043779700e-43  4.606240668919009e-30
   991   4.262998061040468e-43
   992   3.827314603380518e-43
   993   3.414873708995328e-43
   994   3.055894535065537e-43
   995   2.733739334247452e-43
   996   2.421242610680186e-43
   997   2.142179621784364e-43
   998   1.882881164684744e-43
   999   1.642105850466236e-43
  1000   1.434914795022357e-43
[TRUERES]   1000  1.434914795022357e-43  4.606240679187330e-30
  1001   1.245431315195431e-43
  1002   1.074241070778733e-43
  1003   9.297979255703423e-44
  1004   8.050858394769037e-44
  1005   7.014900094886412e-44
  1006   6.157003631873029e-44
  1007   5.377768577363038e-44
  1008   4.693545463986425e-44
  1009   4.085021478446553e-44
  1010   3.532268157732238e-44
[TRUERES]   1010  3.532268157732238e-44  4.606240695365084e-30
  1011   3.070131269332927e-44
  1012   2.667469064191286e-44
  1013   2.312201047617532e-44
  1014   2.014315545168805e-44
  1015   1.746898766238577e-44
  1016   1.514625285237854e-44
  1017   1.311269953291617e-44
  1018   1.124009045650291e-44
  1019   9.683902894015172e-45
  1020   8.411406464458644e-45
[TRUERES]   1020  8.411406464458644e-45  4.606240695371437e-30
  1021   7.316199896782109e-45
  1022   6.435393045633816e-45
  1023   5.684652475590304e-45
  1024   5.021770987590858e-45
  1025   4.466739766076352e-45
  1026   3.962207256714879e-45
  1027   3.519670717443319e-45
  1028   3.137692725939657e-45
  1029   2.784363221940425e-45
  1030   2.475965136809737e-45
[TRUERES]   1030  2.475965136809737e-45  4.606240695535976e-30
  1031   2.213480441902025e-45
  1032   1.982741943522423e-45
  1033   1.793584295957827e-45
  1034   1.629373287296099e-45
  1035   1.482147908508458e-45
  1036   1.361043314971099e-45
  1037   1.248710857156865e-45
  1038   1.143084822161192e-45
  1039   1.047116272845833e-45
  1040   9.459787642264039e-46
[TRUERES]   1040  9.459787642264039e-46  4.606240679401895e-30
  1041   8.465246737243453e-46
  1042   7.489051091904864e-46
  1043   6.524472931985658e-46
  1044   5.681931902091968e-46
  1045   4.944320537827749e-46
  1046   4.287214368743219e-46
  1047   3.732475899783029e-46
  1048   3.236995779553528e-46
  1049   2.796545439717589e-46
  1050   2.422538578320533e-46
[TRUERES]   1050  2.422538578320533e-46  4.606240679401234e-30
  1051   2.082892972162114e-46
  1052   1.787362139820467e-46
  1053   1.533446245329570e-46
  1054   1.307212226228573e-46
  1055   1.113897538152522e-46
  1056   9.468913283646934e-47
  1057   7.974646575936277e-47
  1058   6.729831656127006e-47
  1059   5.648660386498114e-47
  1060   4.715337192337346e-47
[TRUERES]   1060  4.715337192337346e-47  4.606240679401347e-30
  1061   3.947074592655259e-47
  1062   3.294899066174322e-47
  1063   2.750532920112685e-47
  1064   2.308059913555987e-47
  1065   1.933079684404665e-47
  1066   1.628036156152699e-47
  1067   1.385521102332433e-47
  1068   1.181519471728768e-47
  1069   1.019545349068799e-47
  1070   8.831318158443507e-48
[TRUERES]   1070  8.831318158443507e-48  4.606240679401380e-30
  1071   7.658743144179674e-48
  1072   6.702806388861094e-48
  1073   5.886661465033013e-48
  1074   5.204684311742122e-48
  1075   4.650235858927823e-48
  1076   4.172977305476692e-48
  1077   3.780485964697256e-48
  1078   3.453136700292636e-48
  1079   3.143463237642378e-48
  1080   2.863513337613976e-48
[TRUERES]   1080  2.863513337613976e-48  4.606240679401380e-30
  1081   2.591383943614004e-48
  1082   2.321172685335478e-48
  1083   2.080480564982284e-48
  1084   1.858731685565874e-48
  1085   1.661107420319558e-48
  1086   1.495806562164575e-48
  1087   1.345180379384859e-48
  1088   1.211755007909632e-48
  1089   1.093406074295051e-48
  1090   9.777855482074222e-49
[TRUERES]   1090  9.777855482074222e-49  4.606240679401375e-30
  1091   8.705760094747875e-49
  1092   7.729850621289503e-49
  1093   6.802438478783401e-49
  1094   6.008642458731620e-49
  1095   5.287861445917120e-49
  1096   4.625711687600044e-49
  1097   4.046247937648188e-49
  1098   3.504215585132828e-49
  1099   3.021397538581648e-49
  1100   2.608998324636099e-49
[TRUERES]   1100  2.608998324636099e-49  4.606240679401374e-30
  1101   2.234091975417488e-49
  1102   1.905004295064386e-49
  1103   1.625219885498006e-49
  1104   1.383193074235023e-49
  1105   1.192120806887127e-49
  1106   1.036945737889126e-49
  1107   9.052205570921230e-50
  1108   7.961010777832730e-50
  1109   6.991174196966261e-50
  1110   6.133771509880088e-50
[TRUERES]   1110  6.133771509880088e-50  4.606240679401374e-30
  1111   5.380615503365131e-50
  1112   4.670428035410872e-50
  1113   4.064594724727128e-50
  1114   3.553034896627893e-50
  1115   3.117612469811321e-50
  1116   2.759711363311299e-50
  1117   2.460105116434813e-50
  1118   2.195613236375906e-50
  1119   1.978448946210548e-50
  1120   1.788775031208935e-50
[TRUERES]   1120  1.788775031208935e-50  4.606240679401374e-30
  1121   1.625964359177056e-50
  1122   1.489812482038660e-50
  1123   1.359256867809323e-50
  1124   1.236713219507593e-50
  1125   1.124801800168794e-50
  1126   1.012670278234853e-50
  1127   9.113850770891244e-51
  1128   8.197453677035451e-51
  1129   7.369033177236695e-51
  1130   6.694146923331788e-51
[TRUERES]   1130  6.694146923331788e-51  4.606240679401374e-30
  1131   6.100042170800404e-51
  1132   5.570081132400044e-51
  1133   5.123742304125183e-51
  1134   4.692816043980399e-51
  1135   4.277737968527907e-51
  1136   3.890227299216688e-51
  1137   3.505851229762317e-51
  1138   3.159598281084099e-51
  1139   2.845624470841643e-51
  1140   2.553715644842924e-51
[TRUERES]   1140  2.553715644842924e-51  4.606240679401374e-30
  1141   2.302089422122632e-51
  1142   2.075887962795084e-51
  1143   1.868172700979716e-51
  1144   1.690130342159207e-51
  1145   1.525504565324485e-51
  1146   1.378388881031894e-51
  1147   1.249911936652514e-51
  1148   1.123524445018337e-51
  1149   1.007944114748796e-51
  1150   8.985777785183435e-52
[TRUERES]   1150  8.985777785183435e-52  4.606240679401374e-30
  1151   7.935942766342457e-52
  1152   7.015871256525434e-52
  1153   6.164853915350075e-52
  1154   5.386568071754598e-52
  1155   4.712096720431459e-52
  1156   4.095703832739668e-52
  1157   3.543539918892504e-52
  1158   3.072764064290295e-52
  1159   2.648179648637853e-52
  1160   2.273463799634842e-52
[TRUERES]   1160  2.273463799634842e-52  4.606240679401374e-30
  1161   1.947493421133140e-52
  1162   1.651292101696713e-52
  1163   1.399630090964137e-52
  1164   1.184154028505742e-52
  1165   9.977894652038806e-53
  1166   8.456483809201408e-53
  1167   7.183230299718020e-53
  1168   6.145848747611852e-53
  1169   5.317176973401031e-53
  1170   4.622502266098623e-53
[TRUERES]   1170  4.622502266098623e-53  4.606240679401374e-30
  1171   4.054636359510838e-53
  1172   3.585474380116058e-53
  1173   3.164992449629335e-53
  1174   2.811569946874629e-53
  1175   2.512995136418419e-53
  1176   2.250005274875773e-53
  1177   2.031126174260693e-53
  1178   1.830861975558001e-53
  1179   1.652464274821185e-53
  1180   1.501099783267155e-53
[TRUERES]   1180  1.501099783267155e-53  4.606240679401374e-30
  1181   1.363757570792054e-53
  1182   1.244976018490671e-53
  1183   1.144470568332560e-53
  1184   1.051981062412878e-53
  1185   9.713753203690258e-54
  1186   8.959663743601586e-54
  1187   8.225775757384439e-54
  1188   7.567566985977268e-54
  1189   6.922703422984429e-54
  1190   6.295777108487536e-54
[TRUERES]   1190  6.295777108487536e-54  4.606240679401374e-30
  1191   5.725593040248861e-54
  1192   5.165765121494806e-54
  1193   4.637999590674673e-54
  1194   4.161334561877098e-54
  1195   3.703373257237141e-54
  1196   3.298507623726909e-54
  1197   2.931911521397810e-54
  1198   2.583988573025227e-54
  1199   2.266013351753042e-54
Error at ASolver_CG<Afield<double,ACCEL> >: not converged
  iter(final):     1200   2.266013351753042e-54
converged:
  nconv = -1
    0    0       -1     1.7760e-31     3.0276e-29
ASolver_CGNR<Afield<double,ACCEL> >: solver starts
  mode_prev = D
  snorm =  2.596889751132915e+01
ASolver_CG solve_CG_init: m_x.nin() = 192, m_s.nin() = 192
  init:  8.328338526825073e-01
     0   4.272562510090414e-02
[TRUERES]      0  4.272562510090414e-02  4.272562510090413e-02
     1   1.339295854837604e-02
     2   1.042450857802882e-02
     3   3.283625387016566e-03
     4   1.782056135650517e-03
     5   1.409698326514212e-03
     6   6.156459131510981e-04
     7   4.198581641016981e-04
     8   3.184597373221866e-04
     9   1.713375526341009e-04
    10   1.426985187707696e-04
[TRUERES]     10  1.426985187707696e-04  1.426985187707696e-04
    11   1.076546030756231e-04
    12   6.866591105162570e-05
    13   6.133337972246017e-05
    14   4.447799471979585e-05
    15   3.163099605167125e-05
    16   2.908957605608799e-05
    17   2.104135425774933e-05
    18   1.723673320798470e-05
    19   1.609941265075681e-05
    20   1.219356656751006e-05
[TRUERES]     20  1.219356656751006e-05  1.219356656751006e-05
    21   1.118387606126378e-05
    22   1.024518137415871e-05
    23   8.049076182246193e-06
    24   7.686511928873818e-06
    25   6.673990255030907e-06
    26   5.483299836510184e-06
    27   5.317885775211232e-06
    28   4.454746077878957e-06
    29   3.837458206133466e-06
    30   3.639400729328876e-06
[TRUERES]     30  3.639400729328876e-06  3.639400729328871e-06
    31   2.950320334077356e-06
    32   2.631964233783430e-06
    33   2.433462236977294e-06
    34   1.997359389386398e-06
    35   1.872774040244439e-06
    36   1.699882873591829e-06
    37   1.453439470084530e-06
    38   1.431260356455064e-06
    39   1.297851413041570e-06
    40   1.183431305654884e-06
[TRUERES]     40  1.183431305654884e-06  1.183431305654874e-06
    41   1.188967932298629e-06
    42   1.067850368257830e-06
    43   1.011545261370040e-06
    44   9.972389654525063e-07
    45   8.798611561464587e-07
    46   8.452290866654262e-07
    47   7.903013849850171e-07
    48   6.846078398546848e-07
    49   6.515013530649825e-07
    50   5.806939849244460e-07
[TRUERES]     50  5.806939849244460e-07  5.806939849244475e-07
    51   5.084708833502915e-07
    52   4.839497855546216e-07
    53   4.242831692372161e-07
    54   3.839257405859165e-07
    55   3.635546681423355e-07
    56   3.157297934570568e-07
    57   2.941928369376208e-07
    58   2.751332277428899e-07
    59   2.418663979691905e-07
    60   2.307714284693230e-07
[TRUERES]     60  2.307714284693230e-07  2.307714284693239e-07
    61   2.114323417480854e-07
    62   1.889136522074638e-07
    63   1.822650113037578e-07
    64   1.647833117521668e-07
    65   1.508695742016904e-07
    66   1.453205981709777e-07
    67   1.303965719564935e-07
    68   1.233322614840780e-07
    69   1.188487842344519e-07
    70   1.081401741922347e-07
[TRUERES]     70  1.081401741922347e-07  1.081401741922345e-07
    71   1.053445433383951e-07
    72   1.003341116509530e-07
    73   9.245833909742015e-08
    74   9.104136908125571e-08
    75   8.537391631801715e-08
    76   8.034696290348729e-08
    77   7.959619317049865e-08
    78   7.388023105433142e-08
    79   7.071583491717113e-08
    80   6.917622519339117e-08
[TRUERES]     80  6.917622519339117e-08  6.917622519339125e-08
    81   6.390036055814534e-08
    82   6.216104530196688e-08
    83   5.964571633440778e-08
    84   5.505106248596757e-08
    85   5.379406889860019e-08
    86   5.034855189713586e-08
    87   4.650119281866756e-08
    88   4.483334853974889e-08
    89   4.076174603341928e-08
    90   3.773361437595203e-08
[TRUERES]     90  3.773361437595203e-08  3.773361437595189e-08
    91   3.563721927423554e-08
    92   3.176819281608111e-08
    93   2.945862519576335e-08
    94   2.708037094207062e-08
    95   2.382077519878551e-08
    96   2.202433317116817e-08
    97   1.973218624551343e-08
    98   1.739062838992996e-08
    99   1.607078155551586e-08
   100   1.420782874535933e-08
[TRUERES]    100  1.420782874535933e-08  1.420782874535958e-08
   101   1.273571108358658e-08
   102   1.180120481649608e-08
   103   1.044153315573340e-08
   104   9.544649090020388e-09
   105   8.748058832225816e-09
   106   7.677513514931488e-09
   107   7.046273217357532e-09
   108   6.371841469860459e-09
   109   5.684124191580936e-09
   110   5.336308438349781e-09
[TRUERES]    110  5.336308438349781e-09  5.336308438349732e-09
   111   4.871305484710550e-09
   112   4.487424654633181e-09
   113   4.288283136583353e-09
   114   3.939266222175067e-09
   115   3.718423288008645e-09
   116   3.564347217907688e-09
   117   3.290541994199441e-09
   118   3.155715128472283e-09
   119   2.995546640071819e-09
   120   2.762592781005261e-09
[TRUERES]    120  2.762592781005261e-09  2.762592781005357e-09
   121   2.647805423903640e-09
   122   2.464314918696167e-09
   123   2.289563370971197e-09
   124   2.210076219772340e-09
   125   2.050342414822723e-09
   126   1.926737941487868e-09
   127   1.830147445374889e-09
   128   1.665835496403495e-09
   129   1.560987907209739e-09
   130   1.457426295562734e-09
[TRUERES]    130  1.457426295562734e-09  1.457426295562738e-09
   131   1.325402518775548e-09
   132   1.260274716660109e-09
   133   1.177347831498823e-09
   134   1.094959437483891e-09
   135   1.053333531689165e-09
   136   9.784422162346380e-10
   137   9.159124672152580e-10
   138   8.708709511362148e-10
   139   7.923755832938038e-10
   140   7.354616576899662e-10
[TRUERES]    140  7.354616576899662e-10  7.354616576899778e-10
   141   6.803250118575357e-10
   142   6.096044599522490e-10
   143   5.644263088859373e-10
   144   5.142036318093401e-10
   145   4.632700724014668e-10
   146   4.323390549515133e-10
   147   3.924351381543078e-10
   148   3.596439997674627e-10
   149   3.374933390940917e-10
   150   3.073822234903445e-10
[TRUERES]    150  3.073822234903445e-10  3.073822234903572e-10
   151   2.876830505066748e-10
   152   2.724994110873805e-10
   153   2.528454692736008e-10
   154   2.443829572711292e-10
   155   2.356824273077740e-10
   156   2.248668421410395e-10
   157   2.213203779796114e-10
   158   2.122284081138514e-10
   159   2.035602793309683e-10
   160   1.989738655506211e-10
[TRUERES]    160  1.989738655506211e-10  1.989738655506372e-10
   161   1.869912071401232e-10
   162   1.772830641879304e-10
   163   1.680896476492973e-10
   164   1.537155683085119e-10
   165   1.437216083325422e-10
   166   1.328608587569530e-10
   167   1.202809040785259e-10
   168   1.117465998445793e-10
   169   1.012934790261324e-10
   170   9.129173268193470e-11
[TRUERES]    170  9.129173268193470e-11  9.129173268194753e-11
   171   8.412430307000939e-11
   172   7.532201164425816e-11
   173   6.864109733406770e-11
   174   6.355566255133308e-11
   175   5.776492788541614e-11
   176   5.415443247055309e-11
   177   5.098230397607736e-11
   178   4.733833368096338e-11
   179   4.539763362688459e-11
   180   4.288227138089022e-11
[TRUERES]    180  4.288227138089022e-11  4.288227138089154e-11
   181   4.015473821801575e-11
   182   3.833481559926771e-11
   183   3.552298714766953e-11
   184   3.309070058015147e-11
   185   3.112868069529910e-11
   186   2.843236380941073e-11
   187   2.647119078367587e-11
   188   2.461439023853294e-11
   189   2.233303685413562e-11
   190   2.076512775193027e-11
[TRUERES]    190  2.076512775193027e-11  2.076512775192832e-11
   191   1.906773033673065e-11
   192   1.735467155970033e-11
   193   1.618066133669548e-11
   194   1.475174608583061e-11
   195   1.347298149069837e-11
   196   1.247656258344055e-11
   197   1.123443586749133e-11
   198   1.028035576384169e-11
   199   9.452757755122386e-12
   200   8.483555545786374e-12
[TRUERES]    200  8.483555545786374e-12  8.483555545790365e-12
   201   7.772582504693877e-12
   202   7.039903044236199e-12
   203   6.288214258235334e-12
   204   5.755703289007793e-12
   205   5.164191178635938e-12
   206   4.635097761751830e-12
   207   4.238162226750062e-12
   208   3.789282726061809e-12
   209   3.436264059114331e-12
   210   3.148157561401416e-12
[TRUERES]    210  3.148157561401416e-12  3.148157561398357e-12
   211   2.819462601915727e-12
   212   2.570849514967294e-12
   213   2.331509776962707e-12
   214   2.082335054505436e-12
   215   1.903015022256620e-12
   216   1.714061724137089e-12
   217   1.543768028161635e-12
   218   1.428390300040492e-12
   219   1.305773354010205e-12
   220   1.212905059884903e-12
[TRUERES]    220  1.212905059884903e-12  1.212905059883801e-12
   221   1.146276628349247e-12
   222   1.062724476333819e-12
   223   1.007409336863846e-12
   224   9.544636069111690e-13
   225   8.916573314828278e-13
   226   8.535687583653493e-13
   227   8.064267954546655e-13
   228   7.562825362158993e-13
   229   7.232331835578242e-13
   230   6.776352558100978e-13
[TRUERES]    230  6.776352558100978e-13  6.776352558097694e-13
   231   6.410784352429535e-13
   232   6.162939228435058e-13
   233   5.812940566652285e-13
   234   5.592299100799443e-13
   235   5.419115449639472e-13
   236   5.209336511465676e-13
   237   5.151004769914874e-13
   238   5.077071830140202e-13
   239   4.957348109743623e-13
   240   4.885998428754002e-13
[TRUERES]    240  4.885998428754002e-13  4.885998428758857e-13
   241   4.656863861151645e-13
   242   4.383747239544568e-13
   243   4.121015522652880e-13
   244   3.751001675290309e-13
   245   3.448304536707448e-13
   246   3.174532898881550e-13
   247   2.865725327902334e-13
   248   2.629417025050466e-13
   249   2.383329754068680e-13
   250   2.138098213107946e-13
[TRUERES]    250  2.138098213107946e-13  2.138098213117797e-13
   251   1.956406850864581e-13
   252   1.758654320308684e-13
   253   1.586685311427537e-13
   254   1.455969453566366e-13
   255   1.311455848656125e-13
   256   1.196911798738664e-13
   257   1.098441295831765e-13
   258   9.923562729150489e-14
   259   9.146322945066996e-14
   260   8.432479471975275e-14
[TRUERES]    260  8.432479471975275e-14  8.432479471968496e-14
   261   7.728213879891609e-14
   262   7.264928903931113e-14
   263   6.763013676943794e-14
   264   6.302982609614320e-14
   265   5.973336655526843e-14
   266   5.553393978866476e-14
   267   5.209699290334983e-14
   268   4.936190255607090e-14
   269   4.612657467723166e-14
   270   4.395643670473395e-14
[TRUERES]    270  4.395643670473395e-14  4.395643670412694e-14
   271   4.189868107986851e-14
   272   3.958499929964942e-14
   273   3.816359445790330e-14
   274   3.653439773194332e-14
   275   3.512931470880747e-14
   276   3.455286935673067e-14
   277   3.337196606418169e-14
   278   3.226407507259981e-14
   279   3.113927656539822e-14
   280   2.918347359690997e-14
[TRUERES]    280  2.918347359690997e-14  2.918347359688050e-14
   281   2.734011846446176e-14
   282   2.519544171041468e-14
   283   2.264223283937462e-14
   284   2.052793541661318e-14
   285   1.837043271573337e-14
   286   1.634922866078413e-14
   287   1.483357968054708e-14
   288   1.332288908566770e-14
   289   1.210227056726437e-14
   290   1.112513564901163e-14
[TRUERES]    290  1.112513564901163e-14  1.112513564909837e-14
   291   1.004423395500881e-14
   292   9.184671121074388e-15
   293   8.431958057503130e-15
   294   7.655333816074521e-15
   295   7.076100411890733e-15
   296   6.504873556900478e-15
   297   5.955839782125771e-15
   298   5.552166260217351e-15
   299   5.106379763147565e-15
   300   4.720204697911832e-15
[TRUERES]    300  4.720204697911832e-15  4.720204697884739e-15
   301   4.439402397562605e-15
   302   4.124911963069488e-15
   303   3.894472423541217e-15
   304   3.715914831675028e-15
   305   3.507366481505823e-15
   306   3.377948594931347e-15
   307   3.254185976266252e-15
   308   3.121844728117241e-15
   309   3.041247623815659e-15
   310   2.922919327931521e-15
[TRUERES]    310  2.922919327931521e-15  2.922919327963632e-15
   311   2.793011306780238e-15
   312   2.672799828226042e-15
   313   2.481775758410003e-15
   314   2.293460047710885e-15
   315   2.098952536966826e-15
   316   1.876142303073169e-15
   317   1.696116488457362e-15
   318   1.528002240886555e-15
   319   1.365714441297314e-15
   320   1.238343453282075e-15
[TRUERES]    320  1.238343453282075e-15  1.238343453233266e-15
   321   1.106817455541700e-15
   322   9.876373946145356e-16
   323   8.915829902860773e-16
   324   7.926127923545828e-16
   325   7.115986331292252e-16
   326   6.449710299353880e-16
   327   5.783056571770775e-16
   328   5.254011133908206e-16
   329   4.750792742711802e-16
   330   4.235936571331301e-16
[TRUERES]    330  4.235936571331301e-16  4.235936571240216e-16
   331   3.823686161229849e-16
   332   3.405148123148779e-16
   333   3.009868644474139e-16
   334   2.698985739517695e-16
   335   2.395466056186757e-16
   336   2.143081786765753e-16
   337   1.940507649918200e-16
   338   1.739990696473399e-16
   339   1.586493779706520e-16
   340   1.449736595082905e-16
[TRUERES]    340  1.449736595082905e-16  1.449736595000581e-16
   341   1.311820744851451e-16
   342   1.208135577543457e-16
   343   1.104294298448483e-16
   344   1.001561203300860e-16
   345   9.191839688043947e-17
   346   8.323043544579054e-17
   347   7.558015615280786e-17
   348   6.936695137331205e-17
   349   6.273284184863080e-17
   350   5.710504119217591e-17
[TRUERES]    350  5.710504119217591e-17  5.710504119493727e-17
   351   5.178708769717352e-17
   352   4.613503619445730e-17
   353   4.146965735122667e-17
   354   3.685965074096569e-17
   355   3.247418692722942e-17
   356   2.912048513853051e-17
   357   2.592592560564396e-17
   358   2.324995102421564e-17
   359   2.111465835726477e-17
   360   1.891602049910106e-17
[TRUERES]    360  1.891602049910106e-17  1.891602049535639e-17
   361   1.713451947128983e-17
   362   1.564974143080499e-17
   363   1.416391113891841e-17
   364   1.303113804997725e-17
   365   1.192015719142350e-17
   366   1.079165863153864e-17
   367   9.857863926382443e-18
   368   8.857644006985359e-18
   369   7.904511254328196e-18
   370   7.068528240535986e-18
[TRUERES]    370  7.068528240535986e-18  7.068528242160186e-18
   371   6.222945638779270e-18
   372   5.514795100891685e-18
   373   4.910196199410580e-18
   374   4.327509192770519e-18
   375   3.871971273702978e-18
   376   3.467698519633292e-18
   377   3.087647637920864e-18
   378   2.814860114950493e-18
   379   2.568907571406331e-18
   380   2.370344805128774e-18
[TRUERES]    380  2.370344805128774e-18  2.370344805723309e-18
   381   2.231745374130566e-18
   382   2.089417329553281e-18
   383   1.975701013024758e-18
   384   1.889106686963209e-18
   385   1.786745008585480e-18
