Bridge++ 2.0.0

input filename : main.yaml

file = main.yaml

Lattice parameters:
  Lx = 16,  Ly = 16,  Lz = 16,  Lt = 16,
  Nx = 16,  Ny = 16,  Nz = 16,  Nt = 16,
  NPEx = 1,  NPEy  = 1,  NPEz  = 1,  NPEt  = 1,
  Lvol = 65536,  Nvol = 65536,  NPE = 1,
  Ndim = 4
  Nc   = 3
  Nd   = 4

ThreadManager: initialization
Warning at ThreadManager: Nthread(env) != Nthread(input)
  Number of threads(env)   = 2
  Number of threads(input) = 1
  reset Nthread = Nthread(input).
  Number of threads = 1
Main: input parameters
  lattice_size     = [16, 16, 16, 16]
  grid_size        = [1, 1, 1, 1]
  number of thread = 1
  number of color  = 3
  logfile          = stdout
  ildg_logfile     = stdout
  vlevel           = General

Alt_Accel code is being setup.
DeviceManager_CUDA: being initialized.
  process_id = 0
  number of devices = 1
  device_id = 0  is used on process = 0
------------------------------------------------
Alt_Accel: Factory entries
------------------------------------------------
AFopr<double, ACCEL> >(void):
AFopr<double, ACCEL>(Parameters&):
	Clover
	CloverTerm
	Clover_dd
	Domainwall
	Domainwall_5din
	Domainwall_5din_dd
	Domainwall_5din_eo
	Domainwall_eo
	Wilson
	Wilson_dd
AFopr<double, ACCEL>(Fopr*):
	Domainwall
AFopr<double, ACCEL>(Fopr*, Director*):
AFopr<float, ACCEL> >(void):
AFopr<float, ACCEL>(Parameters&):
	Clover
	CloverTerm
	Clover_dd
	Domainwall
	Domainwall_5din
	Domainwall_5din_dd
	Domainwall_5din_eo
	Domainwall_eo
	Wilson
	Wilson_dd
AFopr<float, ACCEL>(Fopr*):
	Domainwall
AFopr<float, ACCEL>(Fopr*, Director*):
AEigensolver<AField<float, ACCEL> >, Afopr>(Fopr*):
	IRArnoldi
	IRLanczos
------------------------------------------------
Timer: timestamp: 2026/06/05 23:58:38 +0900
file = test_alt_Spectrum_Domainwall_5din_Hadron2ptFunction.yaml

--------------------------------------------------------------------
test name: Spectrum_Domainwall_alt.hadron_2ptFunction
test file: test_alt_Spectrum_Domainwall_5din_Hadron2ptFunction.yaml
test mode: double_eo
file = test_alt_Spectrum_Domainwall_5din_Hadron2ptFunction.yaml
  vlevel       = General
  source_type  = Local
Smearing parameters (assumes APE-Stout):
   proj_type:  Stout_SU3
   smear_type: APE
   rho_uniform: 0.100000
   number_of_smearing: 0
  vlevel       = General

Configuration setup:
  gconf_status = Continue
  gconf_read   = Text_4x4x4x8
  readfile     = ./conf_04040408.txt
  plaq = 0.625130

Gauge fixing:
  Gauge fixing type = None
Parameters: get_string: key 'filename_output' not found.
Elapsed time: calc_plqauette: total         0.12 sec, count    1, average         0.12 sec
plaquette (before smearing):       0.625129946974939
applying smearing
Smear_APE:
  rho =   0.1000
Director_Smear:
  Nsmear = 0
Parameters: get_string: key 'filename_output' not found.
Elapsed time: calc_plqauette: total         0.11 sec, count    1, average         0.11 sec
Elapsed time: smearig: total         0.12 sec, count    1, average         0.12 sec
plaquette (after smearing):        0.625129946974939
  gmset_type   = Dirac
Gamma matrix: dirac representation.
Fopr_Domainwall: construction
  Imp::Fopr_Wilson: construction
    Gauge group implementation: SU(3)
    Imp::Fopr_Wilson: input parameters
      gamma-matrix type = Dirac
      kappa  =   0.20833333
      boundary[0] =  1
      boundary[1] =  1
      boundary[2] =  1
      boundary[3] = -1
  Imp::Fopr_Wilson: construction finished.
  Fopr_Domainwall: input parameters
    mq   =   0.0250
    M0   =   1.6000
    Ns   =    8
    boundary[0] =  1
    boundary[1] =  1
    boundary[2] =  1
    boundary[3] = -1
    coefficients:
    b[ 0] =     1.5000000000  c[ 0] =     0.5000000000
    b[ 1] =     1.5000000000  c[ 1] =     0.5000000000
    b[ 2] =     1.5000000000  c[ 2] =     0.5000000000
    b[ 3] =     1.5000000000  c[ 3] =     0.5000000000
    b[ 4] =     1.5000000000  c[ 4] =     0.5000000000
    b[ 5] =     1.5000000000  c[ 5] =     0.5000000000
    b[ 6] =     1.5000000000  c[ 6] =     0.5000000000
    b[ 7] =     1.5000000000  c[ 7] =     0.5000000000
Fopr_Domainwall: construction finished.
Fopr_Domainwall: input parameters
  mq   =   0.0250
  M0   =   1.6000
  Ns   =    8
  boundary[0] =  1
  boundary[1] =  1
  boundary[2] =  1
  boundary[3] = -1
  coefficients:
  b[ 0] =     1.5000000000  c[ 0] =     0.5000000000
  b[ 1] =     1.5000000000  c[ 1] =     0.5000000000
  b[ 2] =     1.5000000000  c[ 2] =     0.5000000000
  b[ 3] =     1.5000000000  c[ 3] =     0.5000000000
  b[ 4] =     1.5000000000  c[ 4] =     0.5000000000
  b[ 5] =     1.5000000000  c[ 5] =     0.5000000000
  b[ 6] =     1.5000000000  c[ 6] =     0.5000000000
  b[ 7] =     1.5000000000  c[ 7] =     0.5000000000
Imp::Fopr_Wilson: construction
  Gauge group implementation: SU(3)
  Imp::Fopr_Wilson: input parameters
    gamma-matrix type = Dirac
    kappa  =   0.20833333
    boundary[0] =  1
    boundary[1] =  1
    boundary[2] =  1
    boundary[3] = -1
Imp::Fopr_Wilson: construction finished.
Source for spinor field - local:
  source_position[0] = 0
  source_position[1] = 0
  source_position[2] = 0
  source_position[3] = 0

Check of fermion operator (even-odd)
norm of source vector: 1.000000
AFopr_Domainwall_5din_eo<AField<double,ACCEL> >: construction
  do_comm[0] = 0
  do_comm[1] = 0
  do_comm[2] = 0
  do_comm[3] = 0
    extended_precision = true
    su3_reconstruction = false
  AFopr_Domainwall_5din_eo<AField<double,ACCEL> >: input parameters
    gamma matrix repr.:  Dirac
    code implementation: 5d
    mq   =   0.0250
    M0   =   1.6000
    Ns   =    8
    boundary[0] =  1
    boundary[1] =  1
    boundary[2] =  1
    boundary[3] = -1
    coefficients:
      b[ 0] =     1.5000000000  c[ 0] =     0.5000000000
      b[ 1] =     1.5000000000  c[ 1] =     0.5000000000
      b[ 2] =     1.5000000000  c[ 2] =     0.5000000000
      b[ 3] =     1.5000000000  c[ 3] =     0.5000000000
      b[ 4] =     1.5000000000  c[ 4] =     0.5000000000
      b[ 5] =     1.5000000000  c[ 5] =     0.5000000000
      b[ 6] =     1.5000000000  c[ 6] =     0.5000000000
      b[ 7] =     1.5000000000  c[ 7] =     0.5000000000
    alpha =   1.0000
convert required.
convert performed.

[D check]
norm2(abq) = 1.000000
norm2(y5)  = 114.964838
norm2(z5)  = 114.964838
norm2(axq) = 114.964838
diff2 = 0.000000

[Ddag check]
norm2(abq) = 1.000000
norm2(y5)  = 120.285893
norm2(z5)  = 120.285893
norm2(axq) = 120.285893
diff2 = 0.000000
Elapsed time: afopr_Domainwall_5din_eo: Deo & dagger   : total         0.01 sec, count    4, average         0.00 sec
Elapsed time: afopr_Domainwall_5din_eo: Dee_inv & dag  : total         0.01 sec, count   20, average         0.00 sec
Elapsed time: afopr_Domainwall_5din_eo: clear          : total         0.00 sec, count    0, average         0.00 sec
Elapsed time: afopr_Domainwall_5din_eo: pack           : total         0.00 sec, count    0, average         0.00 sec
Elapsed time: afopr_Domainwall_5din_eo: bulk           : total         0.01 sec, count    4, average         0.00 sec
Elapsed time: afopr_Domainwall_5din_eo: boundary       : total         0.00 sec, count    0, average         0.00 sec
Elapsed time: afopr_Domainwall_5din_eo: comm           : total         0.00 sec, count    0, average         0.00 sec
Elapsed time: afopr_Domainwall_5din_eo: comm_recv_wait : total         0.00 sec, count    0, average         0.00 sec
Elapsed time: afopr_Domainwall_5din_eo: comm_send_wait : total         0.00 sec, count    0, average         0.00 sec
Elapsed time: afopr_Domainwall_5din_eo: comm_recv_start: total         0.00 sec, count    0, average         0.00 sec
Elapsed time: afopr_Domainwall_5din_eo: comm_send_start: total         0.00 sec, count    0, average         0.00 sec
Elapsed time: afopr_Domainwall_5din_eo: comm_test_all  : total         0.00 sec, count    0, average         0.00 sec

Fprop_alt_Standard_eo<Afield<double,ACCEL> >: being setup (without link smearing).
  AFopr_Domainwall_5din_eo<AField<double,ACCEL> >: construction
    do_comm[0] = 0
    do_comm[1] = 0
    do_comm[2] = 0
    do_comm[3] = 0
      extended_precision = true
      su3_reconstruction = false
    AFopr_Domainwall_5din_eo<AField<double,ACCEL> >: input parameters
      gamma matrix repr.:  Dirac
      code implementation: 5d
      mq   =   0.0250
      M0   =   1.6000
      Ns   =    8
      boundary[0] =  1
      boundary[1] =  1
      boundary[2] =  1
      boundary[3] = -1
      coefficients:
        b[ 0] =     1.5000000000  c[ 0] =     0.5000000000
        b[ 1] =     1.5000000000  c[ 1] =     0.5000000000
        b[ 2] =     1.5000000000  c[ 2] =     0.5000000000
        b[ 3] =     1.5000000000  c[ 3] =     0.5000000000
        b[ 4] =     1.5000000000  c[ 4] =     0.5000000000
        b[ 5] =     1.5000000000  c[ 5] =     0.5000000000
        b[ 6] =     1.5000000000  c[ 6] =     0.5000000000
        b[ 7] =     1.5000000000  c[ 7] =     0.5000000000
      alpha =   1.0000
  ASolver_CGNR<Afield<double,ACCEL> >:
  ASolver_CG<Afield<double,ACCEL> >:
    Precision: double
    Niter     = 2400
    Stop_cond =   1.00000000e-90
    init_guess_mode: 0
    true_residual_interval = 10 (logging [TRUERES])
    refinement_iterations = 0
Fprop_alt_Standard_eo<Afield<double,ACCEL> >: setup finished.

Fprop_alt_Standard_eo<Afield<double,ACCEL> >: mult performance:
  mult mode = Dee_inv
  Number of mult =                400
  Elapsed time   =       4.054624 sec
  Flop(Fopr)     =           62914560
  Flop(total)    =        25165824000
  Performance    =       6.207 GFlops

Fprop_alt_Standard_eo<Afield<double,ACCEL> >: mult performance:
  mult mode = Doe
  Number of mult =                400
  Elapsed time   =      28.390032 sec
  Flop(Fopr)     =          390070272
  Flop(total)    =       156028108800
  Performance    =       5.496 GFlops

Fprop_alt_Standard_eo<Afield<double,ACCEL> >: mult performance:
  mult mode = D
  Number of mult =                400
  Elapsed time   =      66.306345 sec
  Flop(Fopr)     =          912261120
  Flop(total)    =       364904448000
  Performance    =       5.503 GFlops

Fprop_alt_Standard_eo<Afield<double,ACCEL> >: mult performance:
  mult mode = Ddag
  Number of mult =                400
  Elapsed time   =      66.117517 sec
  Flop(Fopr)     =          912261120
  Flop(total)    =       364904448000
  Performance    =       5.519 GFlops

Fprop_alt_Standard_eo<Afield<double,ACCEL> >: mult performance:
  mult mode = DdagD
  Number of mult =                400
  Elapsed time   =     132.595473 sec
  Flop(Fopr)     =         1824522240
  Flop(total)    =       729808896000
  Performance    =       5.504 GFlops

Solving quark propagator:
  color spin   Nconv      diff           diff2
ASolver_CGNR<Afield<double,ACCEL> >: solver starts
  mode_prev = D
  b2 size is reset.
  snorm =  2.594312773388892e+01
  init:  8.328663559650454e-01
     0   4.464929956832420e-02
[TRUERES]      0  4.464929956832420e-02  4.464929956832420e-02
     1   1.506214954741318e-02
     2   1.243712631390589e-02
     3   3.988492041027373e-03
     4   2.221616339530833e-03
     5   1.795768875903060e-03
     6   8.086132689857486e-04
     7   5.852080573264125e-04
     8   4.488916972442445e-04
     9   2.501303034176283e-04
    10   2.150001332866289e-04
[TRUERES]     10  2.150001332866289e-04  2.150001332866289e-04
    11   1.611578613039354e-04
    12   1.065425828456437e-04
    13   9.901765347425873e-05
    14   7.180465809223109e-05
    15   5.362167894064759e-05
    16   5.062610952135600e-05
    17   3.682875642137177e-05
    18   3.112213738898683e-05
    19   2.865174070783998e-05
    20   2.128615876144735e-05
[TRUERES]     20  2.128615876144735e-05  2.128615876144735e-05
    21   1.933132041368279e-05
    22   1.714460032810958e-05
    23   1.359157709926366e-05
    24   1.327254077077392e-05
    25   1.149955811801589e-05
    26   9.628583306447904e-06
    27   9.345933278637822e-06
    28   7.672168933631792e-06
    29   6.692569502138873e-06
    30   6.299693445612058e-06
[TRUERES]     30  6.299693445612058e-06  6.299693445612058e-06
    31   5.113845996461000e-06
    32   4.690606123622503e-06
    33   4.318731977049083e-06
    34   3.601322836744564e-06
    35   3.465309122091573e-06
    36   3.133311206792514e-06
    37   2.753410733467981e-06
    38   2.765975940978443e-06
    39   2.533640354918828e-06
    40   2.400883369454300e-06
[TRUERES]     40  2.400883369454300e-06  2.400883369454300e-06
    41   2.460500494000155e-06
    42   2.244794411044232e-06
    43   2.184840975619047e-06
    44   2.160091321736197e-06
    45   1.933439965067039e-06
    46   1.913481845421626e-06
    47   1.813410596507196e-06
    48   1.630634939466978e-06
    49   1.611416222987996e-06
    50   1.477314201142457e-06
[TRUERES]     50  1.477314201142457e-06  1.477314201142457e-06
    51   1.362019576976225e-06
    52   1.351530689141668e-06
    53   1.224165512003636e-06
    54   1.158786006004057e-06
    55   1.127182742650158e-06
    56   1.012144301379265e-06
    57   9.841870906701121e-07
    58   9.399592267883511e-07
    59   8.495483205269777e-07
    60   8.316080586749617e-07
[TRUERES]     60  8.316080586749617e-07  8.316080586749617e-07
    61   7.698969177420411e-07
    62   7.053964344705232e-07
    63   6.924882095480274e-07
    64   6.296677350072205e-07
    65   5.873127647124502e-07
    66   5.663116280821992e-07
    67   5.078805375449852e-07
    68   4.854670871838337e-07
    69   4.645948617678449e-07
    70   4.239337253609884e-07
[TRUERES]     70  4.239337253609884e-07  4.239337253609884e-07
    71   4.173045887989765e-07
    72   3.971297082741054e-07
    73   3.713180660349840e-07
    74   3.708618642869229e-07
    75   3.502570932356906e-07
    76   3.372922109030997e-07
    77   3.389928595121092e-07
    78   3.213855956787520e-07
    79   3.195205484253182e-07
    80   3.212207690019637e-07
[TRUERES]     80  3.212207690019637e-07  3.212207690019637e-07
    81   3.069427014161275e-07
    82   3.106851743716983e-07
    83   3.061662010022673e-07
    84   2.924176432646502e-07
    85   2.942933542335437e-07
    86   2.811402302119730e-07
    87   2.695133481068470e-07
    88   2.693088923651219e-07
    89   2.536506752082782e-07
    90   2.449350145554991e-07
[TRUERES]     90  2.449350145554991e-07  2.449350145554991e-07
    91   2.388283284365045e-07
    92   2.197831372398359e-07
    93   2.115063193007796e-07
    94   2.006789840351939e-07
    95   1.849045110634388e-07
    96   1.796914803983999e-07
    97   1.681810278699440e-07
    98   1.563878966422873e-07
    99   1.518781592613256e-07
   100   1.405583431701363e-07
[TRUERES]    100  1.405583431701363e-07  1.405583431701363e-07
   101   1.325883851004940e-07
   102   1.276337432716570e-07
   103   1.169885529275213e-07
   104   1.113069111090121e-07
   105   1.051287810099111e-07
   106   9.593632653383943e-08
   107   9.166271405885528e-08
   108   8.525601210587193e-08
   109   7.879527378788885e-08
   110   7.640945174737912e-08
[TRUERES]    110  7.640945174737912e-08  7.640945174737912e-08
   111   7.194354097831882e-08
   112   6.931997403992244e-08
   113   6.910544117672441e-08
   114   6.615676350011261e-08
   115   6.554242407908442e-08
   116   6.494745255525255e-08
   117   6.211426182031314e-08
   118   6.165532410884515e-08
   119   5.972321052335588e-08
   120   5.672444093109346e-08
[TRUERES]    120  5.672444093109346e-08  5.672444093109346e-08
   121   5.581215558258938e-08
   122   5.286075457829628e-08
   123   5.029284670717818e-08
   124   4.913773237830567e-08
   125   4.595683280520700e-08
   126   4.378216481835569e-08
   127   4.166876151429678e-08
   128   3.805975871326023e-08
   129   3.591964760300335e-08
   130   3.341523243567765e-08
[TRUERES]    130  3.341523243567765e-08  3.341523243567765e-08
   131   3.056741960513352e-08
   132   2.924023570554018e-08
   133   2.738562293364041e-08
   134   2.576266055616736e-08
   135   2.500261318149919e-08
   136   2.335324842825578e-08
   137   2.213319184520172e-08
   138   2.111894474768343e-08
   139   1.938384070688678e-08
   140   1.832487886191798e-08
[TRUERES]    140  1.832487886191798e-08  1.832487886191798e-08
   141   1.720973317436194e-08
   142   1.586330044995461e-08
   143   1.518005716881074e-08
   144   1.426630623958307e-08
   145   1.332669835157695e-08
   146   1.287591790800879e-08
   147   1.205565031457319e-08
   148   1.142722394095137e-08
   149   1.098929826792819e-08
   150   1.020331905880009e-08
[TRUERES]    150  1.020331905880009e-08  1.020331905880009e-08
   151   9.714147002947197e-09
   152   9.247458488439606e-09
   153   8.629974574216794e-09
   154   8.334962575199421e-09
   155   7.896654206495967e-09
   156   7.383799186885332e-09
   157   7.097435553327837e-09
   158   6.646708473999248e-09
   159   6.290849699817135e-09
   160   6.062544013624914e-09
[TRUERES]    160  6.062544013624914e-09  6.062544013624914e-09
   161   5.650768927889330e-09
   162   5.364507681806387e-09
   163   5.083119733938736e-09
   164   4.681259774884085e-09
   165   4.420528055511713e-09
   166   4.103001701631880e-09
   167   3.755930299869390e-09
   168   3.537286835498778e-09
   169   3.255327328416360e-09
   170   3.017884752829115e-09
[TRUERES]    170  3.017884752829115e-09  3.017884752829115e-09
   171   2.861289301855568e-09
   172   2.647884663348889e-09
   173   2.516162854930626e-09
   174   2.426720426148283e-09
   175   2.293718654816075e-09
   176   2.243880071993469e-09
   177   2.181289127060330e-09
   178   2.095502015901796e-09
   179   2.069330873237914e-09
   180   1.985483023284433e-09
[TRUERES]    180  1.985483023284433e-09  1.985483023284433e-09
   181   1.889290981110657e-09
   182   1.826360442781744e-09
   183   1.706354505448948e-09
   184   1.606618098836711e-09
   185   1.518777872451825e-09
   186   1.394685450971009e-09
   187   1.309804533829639e-09
   188   1.212388471524974e-09
   189   1.096152673102653e-09
   190   1.012244519831063e-09
[TRUERES]    190  1.012244519831063e-09  1.012244519831063e-09
   191   9.188897852509313e-10
   192   8.364764855456697e-10
   193   7.802134294367840e-10
   194   7.147704438692039e-10
   195   6.657583980722736e-10
   196   6.290751414423575e-10
   197   5.820681175807452e-10
   198   5.525642671152338e-10
   199   5.252126255592438e-10
   200   4.901658464785635e-10
[TRUERES]    200  4.901658464785635e-10  4.901658464785635e-10
   201   4.689632335354514e-10
   202   4.416045045991449e-10
   203   4.121124800155190e-10
   204   3.925578050018207e-10
   205   3.642272174192417e-10
   206   3.393828153217646e-10
   207   3.206204099036394e-10
   208   2.962287319578621e-10
   209   2.793108323210974e-10
   210   2.643003073185639e-10
[TRUERES]    210  2.643003073185639e-10  2.643003073185639e-10
   211   2.452530548082855e-10
   212   2.331573229119417e-10
   213   2.196472989216844e-10
   214   2.053004472568791e-10
   215   1.967907249626641e-10
   216   1.860287322112828e-10
   217   1.774161567681994e-10
   218   1.723840529002748e-10
   219   1.638428133407717e-10
   220   1.580473288975530e-10
[TRUERES]    220  1.580473288975530e-10  1.580473288975530e-10
   221   1.534339002430546e-10
   222   1.463907901371024e-10
   223   1.425692219996632e-10
   224   1.377474902270030e-10
   225   1.310491413953896e-10
   226   1.273535789298765e-10
   227   1.214576055513815e-10
   228   1.155672012243154e-10
   229   1.116756136955926e-10
   230   1.056951399102787e-10
[TRUERES]    230  1.056951399102787e-10  1.056951399102787e-10
   231   1.017115309536449e-10
   232   9.930168726488528e-11
   233   9.565879500643130e-11
   234   9.438979330893260e-11
   235   9.291589102462451e-11
   236   9.018475410198210e-11
   237   8.915939076139176e-11
   238   8.641253144981284e-11
   239   8.280844645129686e-11
   240   7.977975616266205e-11
[TRUERES]    240  7.977975616266205e-11  7.977975616266205e-11
   241   7.424345734106300e-11
   242   6.890891088118252e-11
   243   6.403566749986816e-11
   244   5.810633828341416e-11
   245   5.367756471855255e-11
   246   4.953488487074270e-11
   247   4.511266643987812e-11
   248   4.181914758494238e-11
   249   3.821497297678649e-11
   250   3.484626153114697e-11
[TRUERES]    250  3.484626153114697e-11  3.484626153114697e-11
   251   3.257878322348434e-11
   252   3.007933747653282e-11
   253   2.798387118862866e-11
   254   2.633649623076804e-11
   255   2.433368264137253e-11
   256   2.283747317494127e-11
   257   2.151092273761480e-11
   258   2.001664462106222e-11
   259   1.914482973714306e-11
   260   1.822499643198396e-11
[TRUERES]    260  1.822499643198396e-11  1.822499643198396e-11
   261   1.717635968850799e-11
   262   1.638954534372655e-11
   263   1.530623549798950e-11
   264   1.428740578945390e-11
   265   1.350350251558022e-11
   266   1.253161919340443e-11
   267   1.179840266845141e-11
   268   1.113871240634417e-11
   269   1.035773628835076e-11
   270   9.856666136469737e-12
[TRUERES]    270  9.856666136469737e-12  9.856666136469737e-12
   271   9.325138787081725e-12
   272   8.774990811876347e-12
   273   8.440138524025165e-12
   274   8.027625860383892e-12
   275   7.690101004596032e-12
   276   7.474545710157539e-12
   277   7.103307831828860e-12
   278   6.792414542559975e-12
   279   6.466797538445820e-12
   280   6.008062789252375e-12
[TRUERES]    280  6.008062789252375e-12  6.008062789252375e-12
   281   5.639486720859247e-12
   282   5.254120593584660e-12
   283   4.845602641790942e-12
   284   4.554974806475061e-12
   285   4.232056328417518e-12
   286   3.938475427661892e-12
   287   3.723167316510766e-12
   288   3.463989133567256e-12
   289   3.262205860096779e-12
   290   3.103063060422443e-12
[TRUERES]    290  3.103063060422443e-12  3.103063060422443e-12
   291   2.913761077675645e-12
   292   2.782151131167903e-12
   293   2.658394602384347e-12
   294   2.527344795910881e-12
   295   2.449480751655006e-12
   296   2.341588002160022e-12
   297   2.236200459103907e-12
   298   2.169128153284473e-12
   299   2.073171063019972e-12
   300   1.995394327135984e-12
[TRUERES]    300  1.995394327135984e-12  1.995394327135984e-12
   301   1.932588423756004e-12
   302   1.843290169251573e-12
   303   1.788948045875853e-12
   304   1.742742093721852e-12
   305   1.679217557077631e-12
   306   1.642677800199510e-12
   307   1.585989309164998e-12
   308   1.511944175978531e-12
   309   1.450933192711677e-12
   310   1.359235231163958e-12
[TRUERES]    310  1.359235231163958e-12  1.359235231163958e-12
   311   1.270644178749728e-12
   312   1.192995933948692e-12
   313   1.098511329493919e-12
   314   1.019846217253590e-12
   315   9.413375614597749e-13
   316   8.520341583014945e-13
   317   7.790085621692065e-13
   318   7.073528259784421e-13
   319   6.404066675997179e-13
   320   5.903347684910987e-13
[TRUERES]    320  5.903347684910987e-13  5.903347684910987e-13
   321   5.378996612812168e-13
   322   4.932725199048350e-13
   323   4.585795922412303e-13
   324   4.203204339486396e-13
   325   3.900863486013063e-13
   326   3.639084318840039e-13
   327   3.360926821876320e-13
   328   3.140189160184637e-13
   329   2.915125065319991e-13
   330   2.681683445789556e-13
[TRUERES]    330  2.681683445789556e-13  2.681683445789556e-13
   331   2.500776606333479e-13
   332   2.303359743817304e-13
   333   2.116529209086414e-13
   334   1.966291481054999e-13
   335   1.796161635990653e-13
   336   1.654864429630562e-13
   337   1.529828968719443e-13
   338   1.393895404621398e-13
   339   1.285630958937858e-13
   340   1.182303740134823e-13
[TRUERES]    340  1.182303740134823e-13  1.182303740134823e-13
   341   1.077143890768001e-13
   342   9.958369795514231e-14
   343   9.122305172028581e-14
   344   8.337958927741734e-14
   345   7.703106539535900e-14
   346   6.983341121345298e-14
   347   6.351766428526169e-14
   348   5.794759305722642e-14
   349   5.199859766804225e-14
   350   4.698316758250118e-14
[TRUERES]    350  4.698316758250118e-14  4.698316758250118e-14
   351   4.199777916265237e-14
   352   3.696022554288249e-14
   353   3.287706419421925e-14
   354   2.899382685455256e-14
   355   2.561909011280184e-14
   356   2.306880695770801e-14
   357   2.059579848939660e-14
   358   1.857101192972510e-14
   359   1.693642923475444e-14
   360   1.524306138055053e-14
[TRUERES]    360  1.524306138055053e-14  1.524306138055053e-14
   361   1.383964431647629e-14
   362   1.257079276127524e-14
   363   1.129132443162090e-14
   364   1.029095752636723e-14
   365   9.339217321468779e-15
   366   8.473720291487648e-15
   367   7.814967048114393e-15
   368   7.158617002093248e-15
   369   6.585565211305737e-15
   370   6.120969224847147e-15
[TRUERES]    370  6.120969224847147e-15  6.120969224847147e-15
   371   5.593089865147532e-15
   372   5.157930173399264e-15
   373   4.790783672866095e-15
   374   4.428784201686643e-15
   375   4.179928129418815e-15
   376   3.948673214991340e-15
   377   3.729431796636148e-15
   378   3.586152202217133e-15
   379   3.425981705065951e-15
   380   3.305096201218664e-15
[TRUERES]    380  3.305096201218664e-15  3.305096201218664e-15
   381   3.229920122989311e-15
   382   3.107895161759827e-15
   383   3.004750116093884e-15
   384   2.894316840447103e-15
   385   2.730570081530367e-15
   386   2.588913649171516e-15
   387   2.432640763649076e-15
   388   2.264448926401141e-15
   389   2.130219723202904e-15
   390   1.980535357829588e-15
[TRUERES]    390  1.980535357829588e-15  1.980535357829588e-15
   391   1.841516938705504e-15
   392   1.725544882813035e-15
   393   1.587912751410136e-15
   394   1.467704656143032e-15
   395   1.359027430844968e-15
   396   1.243468882553127e-15
   397   1.154252827045773e-15
   398   1.072431968419640e-15
   399   9.868845967567624e-16
   400   9.196917496155574e-16
[TRUERES]    400  9.196917496155574e-16  9.196917496155574e-16
   401   8.489587146330385e-16
   402   7.822687798372113e-16
   403   7.296502677581161e-16
   404   6.725956821379835e-16
   405   6.219534406757328e-16
   406   5.774497815088484e-16
   407   5.302813486409067e-16
   408   4.923398149258722e-16
   409   4.576617266637117e-16
   410   4.236924550527376e-16
[TRUERES]    410  4.236924550527376e-16  4.236924550527376e-16
   411   3.993816373458657e-16
   412   3.737464157704359e-16
   413   3.503518721885493e-16
   414   3.337096311769969e-16
   415   3.150427026783616e-16
   416   2.987218692199490e-16
   417   2.844419328482004e-16
   418   2.669040077232661e-16
   419   2.515781796037318e-16
   420   2.359510470707583e-16
[TRUERES]    420  2.359510470707583e-16  2.359510470707583e-16
   421   2.190626154820718e-16
   422   2.057125087273699e-16
   423   1.921261521353997e-16
   424   1.788230057258804e-16
   425   1.684022952340878e-16
   426   1.569834162344303e-16
   427   1.467182253405365e-16
   428   1.382309817448025e-16
   429   1.289654603080512e-16
   430   1.210109481735689e-16
[TRUERES]    430  1.210109481735689e-16  1.210109481735689e-16
   431   1.133920694060343e-16
   432   1.046569050473300e-16
   433   9.724225538943638e-17
   434   8.983012638441753e-17
   435   8.259762196322916e-17
   436   7.712788747019998e-17
   437   7.167858482185579e-17
   438   6.701778128434114e-17
   439   6.336976937907309e-17
   440   5.943297454494973e-17
[TRUERES]    440  5.943297454494973e-17  5.943297454494973e-17
   441   5.637003620697706e-17
   442   5.387304365922878e-17
   443   5.128780358587709e-17
   444   4.960762837665822e-17
   445   4.813858229415396e-17
   446   4.676034396124787e-17
   447   4.642069090143753e-17
   448   4.614968188786196e-17
   449   4.625584879952325e-17
   450   4.697059758078987e-17
[TRUERES]    450  4.697059758078987e-17  4.697059758078987e-17
   451   4.731684895273387e-17
   452   4.806834994306845e-17
   453   4.909539469229682e-17
   454   4.980674340232138e-17
   455   5.102247124901572e-17
   456   5.190831561446009e-17
   457   5.212191017655742e-17
   458   5.261736995719447e-17
   459   5.247126532719995e-17
   460   5.181754259877140e-17
[TRUERES]    460  5.181754259877140e-17  5.181754259877140e-17
   461   5.116862729484952e-17
   462   4.936917374086560e-17
   463   4.737129350180487e-17
   464   4.521280514846618e-17
   465   4.227313631573151e-17
   466   3.951529645152380e-17
   467   3.659266731026156e-17
   468   3.346216795351841e-17
   469   3.081887164350547e-17
   470   2.815048071997589e-17
[TRUERES]    470  2.815048071997589e-17  2.815048071997589e-17
   471   2.560979338238485e-17
   472   2.351892312014104e-17
   473   2.139761841932544e-17
   474   1.961371875656656e-17
   475   1.818940772181830e-17
   476   1.676748446607183e-17
   477   1.565253333661779e-17
   478   1.465051299052494e-17
   479   1.364625536365169e-17
   480   1.293491090035230e-17
[TRUERES]    480  1.293491090035230e-17  1.293491090035230e-17
   481   1.228187907747050e-17
   482   1.170285492782748e-17
   483   1.134107771679087e-17
   484   1.093701224781315e-17
   485   1.055825073859571e-17
   486   1.022205136813254e-17
   487   9.736039114357723e-18
   488   9.314023851227881e-18
   489   8.903535409849180e-18
   490   8.408965880039286e-18
[TRUERES]    490  8.408965880039286e-18  8.408965880039286e-18
   491   8.001106206193625e-18
   492   7.569131954369667e-18
   493   7.126771584948005e-18
   494   6.757682409263412e-18
   495   6.317246446352911e-18
   496   5.864176898106837e-18
   497   5.449730679461005e-18
   498   4.997769559389999e-18
   499   4.594618303716761e-18
   500   4.231302366724225e-18
[TRUERES]    500  4.231302366724225e-18  4.231302366724225e-18
   501   3.852813789978508e-18
   502   3.535445709228423e-18
   503   3.226948517745442e-18
   504   2.926045196483911e-18
   505   2.680066476499872e-18
   506   2.442228985665315e-18
   507   2.240024613919969e-18
   508   2.086203460698222e-18
   509   1.936185987261167e-18
   510   1.815757213888264e-18
[TRUERES]    510  1.815757213888264e-18  1.815757213888264e-18
   511   1.711984096380572e-18
   512   1.599173751870228e-18
   513   1.508333652921415e-18
   514   1.427429952719381e-18
   515   1.345425940615950e-18
   516   1.283866498054501e-18
   517   1.221115128926505e-18
   518   1.162019561081997e-18
   519   1.118571889752113e-18
   520   1.071744618763899e-18
[TRUERES]    520  1.071744618763899e-18  1.071744618763899e-18
   521   1.038002155050454e-18
   522   1.020045560427586e-18
   523   1.001625724808786e-18
   524   1.002556113430109e-18
   525   1.007018025953938e-18
   526   1.003881356907880e-18
   527   1.004381644016955e-18
   528   9.904408717129349e-19
   529   9.646997380215355e-19
   530   9.417090664535558e-19
[TRUERES]    530  9.417090664535558e-19  9.417090664535558e-19
   531   9.074128993892582e-19
   532   8.713077757951910e-19
   533   8.383582504932199e-19
   534   7.995176549240273e-19
   535   7.705030290968584e-19
   536   7.441826855280469e-19
   537   7.102035005290585e-19
   538   6.788740230694893e-19
   539   6.415664021732291e-19
   540   5.987361535140314e-19
[TRUERES]    540  5.987361535140314e-19  5.987361535140314e-19
   541   5.599067110066733e-19
   542   5.169946736310200e-19
   543   4.767702992546536e-19
   544   4.422421925794705e-19
   545   4.056597912629119e-19
   546   3.728774717832581e-19
   547   3.410781675474202e-19
   548   3.083830627375099e-19
   549   2.811085860780157e-19
   550   2.546349690160652e-19
[TRUERES]    550  2.546349690160652e-19  2.546349690160652e-19
   551   2.291584799191413e-19
   552   2.083375463336496e-19
   553   1.884924482723465e-19
   554   1.716404780997463e-19
   555   1.581508294451470e-19
   556   1.451933047353635e-19
   557   1.344303355446876e-19
   558   1.251378524259382e-19
   559   1.153786065901027e-19
   560   1.069049618752804e-19
[TRUERES]    560  1.069049618752804e-19  1.069049618752804e-19
   561   9.872025605551525e-20
   562   9.067041913033989e-20
   563   8.426822947070450e-20
   564   7.800996804153620e-20
   565   7.257419832824003e-20
   566   6.813431533772347e-20
   567   6.337744517858901e-20
   568   5.929790180823844e-20
   569   5.590684545954591e-20
   570   5.251357711530003e-20
[TRUERES]    570  5.251357711530003e-20  5.251357711530003e-20
   571   4.977330386933832e-20
   572   4.693297911750076e-20
   573   4.381050044657445e-20
   574   4.111078538904029e-20
   575   3.836398864523908e-20
   576   3.576466770192504e-20
   577   3.357367657990793e-20
   578   3.135206611194262e-20
   579   2.939962953446545e-20
   580   2.770919405136380e-20
[TRUERES]    580  2.770919405136380e-20  2.770919405136380e-20
   581   2.596833118269245e-20
   582   2.460192815515169e-20
   583   2.334845638228093e-20
   584   2.206503262130952e-20
   585   2.098017094944142e-20
   586   1.975262154504424e-20
   587   1.843635281875542e-20
   588   1.725281734354693e-20
   589   1.600345830110940e-20
   590   1.489498171327740e-20
[TRUERES]    590  1.489498171327740e-20  1.489498171327740e-20
   591   1.399895251603496e-20
   592   1.312421583627757e-20
   593   1.241904055537430e-20
   594   1.177636578976339e-20
   595   1.109699705725785e-20
   596   1.052855681943028e-20
   597   9.921704935866182e-21
   598   9.307557664727212e-21
   599   8.808698706194102e-21
   600   8.313648987323370e-21
[TRUERES]    600  8.313648987323370e-21  8.313648987323370e-21
   601   7.923715079385494e-21
   602   7.668007946875922e-21
   603   7.434620695921133e-21
   604   7.320850240446113e-21
   605   7.249052177071374e-21
   606   7.141779401072587e-21
   607   7.120414792826025e-21
   608   7.100367854483601e-21
   609   7.061901187117301e-21
   610   7.090932012505955e-21
[TRUERES]    610  7.090932012505955e-21  7.090932012505955e-21
   611   7.068224594690299e-21
   612   7.046682486585366e-21
   613   7.046681037953178e-21
   614   6.953068138863966e-21
   615   6.839320055753366e-21
   616   6.686110028174887e-21
   617   6.440612568048157e-21
   618   6.203146730604663e-21
   619   5.924482995690035e-21
   620   5.611675962206805e-21
[TRUERES]    620  5.611675962206805e-21  5.611675962206805e-21
   621   5.342733483171309e-21
   622   5.034467014841369e-21
   623   4.722265541567396e-21
   624   4.432972217390922e-21
   625   4.107875681384837e-21
   626   3.786024950494672e-21
   627   3.472539875327831e-21
   628   3.147012953446526e-21
   629   2.862477433559832e-21
   630   2.597201725479170e-21
[TRUERES]    630  2.597201725479170e-21  2.597201725479170e-21
   631   2.356264490337760e-21
   632   2.167691308673520e-21
   633   1.992072545181418e-21
   634   1.835361010467303e-21
   635   1.710374035398154e-21
   636   1.589813606989982e-21
   637   1.479418965432915e-21
   638   1.379856627247936e-21
   639   1.278041391339769e-21
   640   1.195202733183419e-21
[TRUERES]    640  1.195202733183419e-21  1.195202733183419e-21
   641   1.121266481044481e-21
   642   1.052466958823898e-21
   643   9.962339699230922e-22
   644   9.372582086937495e-22
   645   8.808877726139931e-22
   646   8.317720607793382e-22
   647   7.802313269556635e-22
   648   7.336562032717024e-22
   649   6.958042124240513e-22
   650   6.601308194967666e-22
[TRUERES]    650  6.601308194967666e-22  6.601308194967666e-22
   651   6.323271742457896e-22
   652   6.057493937426650e-22
   653   5.767541929845819e-22
   654   5.514677999909342e-22
   655   5.219346329132529e-22
   656   4.897392418497041e-22
   657   4.594109169242534e-22
   658   4.257218192987206e-22
   659   3.939141485616373e-22
   660   3.644808090479080e-22
[TRUERES]    660  3.644808090479080e-22  3.644808090479080e-22
   661   3.317570378030008e-22
   662   3.018588982235182e-22
   663   2.732504978399841e-22
   664   2.453892682460082e-22
   665   2.218697655922292e-22
   666   1.996883224536007e-22
   667   1.786865244458006e-22
   668   1.607005625850517e-22
   669   1.430441215398009e-22
   670   1.277823287607145e-22
[TRUERES]    670  1.277823287607145e-22  1.277823287607145e-22
   671   1.145611990827599e-22
   672   1.019575823641807e-22
   673   9.139597849816609e-23
   674   8.219517348601807e-23
   675   7.328945985940247e-23
   676   6.589040096032205e-23
   677   5.915935603332312e-23
   678   5.329596589857378e-23
   679   4.858237609048046e-23
   680   4.422782504074885e-23
[TRUERES]    680  4.422782504074885e-23  4.422782504074885e-23
   681   4.043353169652531e-23
   682   3.740117945731953e-23
   683   3.442525505962656e-23
   684   3.180518581048818e-23
   685   2.938716154952540e-23
   686   2.691516134748646e-23
   687   2.490249040930025e-23
   688   2.307677167564477e-23
   689   2.146776916819556e-23
   690   2.030127061602244e-23
[TRUERES]    690  2.030127061602244e-23  2.030127061602244e-23
   691   1.918580617862572e-23
   692   1.812403395670406e-23
   693   1.721601715071806e-23
   694   1.615387367415569e-23
   695   1.513925830918485e-23
   696   1.417856188401258e-23
   697   1.317648182519305e-23
   698   1.229001459987622e-23
   699   1.143774252824995e-23
   700   1.056343135030328e-23
[TRUERES]    700  1.056343135030328e-23  1.056343135030328e-23
   701   9.794125595570777e-24
   702   8.989532613415985e-24
   703   8.184809982599202e-24
   704   7.466186459263253e-24
   705   6.749182895803159e-24
   706   6.100597174309806e-24
   707   5.526581443277613e-24
   708   4.967013075309414e-24
   709   4.498291335853297e-24
   710   4.090785918258102e-24
[TRUERES]    710  4.090785918258102e-24  4.090785918258102e-24
   711   3.728673676022474e-24
   712   3.448179166188337e-24
   713   3.213228442510620e-24
   714   3.027823477966495e-24
   715   2.905165984137020e-24
   716   2.793145370471369e-24
   717   2.701945414479074e-24
   718   2.624915928949362e-24
   719   2.517920701486583e-24
   720   2.417424260475107e-24
[TRUERES]    720  2.417424260475107e-24  2.417424260475107e-24
   721   2.318431556666431e-24
   722   2.203773087958012e-24
   723   2.101205408265437e-24
   724   1.983645161915655e-24
   725   1.856905000878433e-24
   726   1.737783312626911e-24
   727   1.609407042788772e-24
   728   1.485643032725037e-24
   729   1.374636439014848e-24
   730   1.261244708850133e-24
[TRUERES]    730  1.261244708850133e-24  1.261244708850133e-24
   731   1.163000355460443e-24
   732   1.073689058495737e-24
   733   9.842861889283158e-25
   734   9.086063850160432e-25
   735   8.334566521998198e-25
   736   7.590109043363357e-25
   737   6.924554262973455e-25
   738   6.249781864040974e-25
   739   5.613687562633233e-25
   740   5.035867687758831e-25
[TRUERES]    740  5.035867687758831e-25  5.035867687758831e-25
   741   4.462695415098916e-25
   742   3.959239759578558e-25
   743   3.520556182004741e-25
   744   3.117995953218112e-25
   745   2.795131353678476e-25
   746   2.503843297371036e-25
   747   2.241297643480907e-25
   748   2.022143489411510e-25
   749   1.819508681741355e-25
   750   1.640734317651412e-25
[TRUERES]    750  1.640734317651412e-25  1.640734317651412e-25
   751   1.495327389871194e-25
   752   1.361173085597813e-25
   753   1.248843962778086e-25
   754   1.148348060244098e-25
   755   1.045568529995076e-25
   756   9.547815201632806e-26
   757   8.676341533362946e-26
   758   7.799699027254817e-26
   759   7.031498602761887e-26
   760   6.311198390732614e-26
[TRUERES]    760  6.311198390732614e-26  6.311198390732614e-26
   761   5.661181966313132e-26
   762   5.116101269763202e-26
   763   4.602873538161165e-26
   764   4.149757630513575e-26
   765   3.748340869625915e-26
   766   3.357357360315277e-26
   767   3.004834938879522e-26
   768   2.660968011552589e-26
   769   2.326029741806557e-26
   770   2.033894889155523e-26
[TRUERES]    770  2.033894889155523e-26  2.033894889155523e-26
   771   1.763887633765587e-26
   772   1.522686869830600e-26
   773   1.326138305944031e-26
   774   1.154188043162598e-26
   775   1.011774175604116e-26
   776   8.981485165849546e-27
   777   7.962682397401256e-27
   778   7.133166923329565e-27
   779   6.425055385804489e-27
   780   5.757169465781148e-27
[TRUERES]    780  5.757169465781148e-27  5.757169465781148e-27
   781   5.195240911782924e-27
   782   4.676411617322055e-27
   783   4.190564496571062e-27
   784   3.780677353286721e-27
   785   3.403183979034040e-27
   786   3.079184350045691e-27
   787   2.808716880836045e-27
   788   2.555795514661675e-27
   789   2.348823434064298e-27
   790   2.170499429390185e-27
[TRUERES]    790  2.170499429390185e-27  2.170499429390185e-27
   791   1.999750749707647e-27
   792   1.859346579111443e-27
   793   1.732941528613973e-27
   794   1.618729495265479e-27
   795   1.529108226155598e-27
   796   1.443551880193402e-27
   797   1.365766636373622e-27
   798   1.296099402446062e-27
   799   1.219060609281588e-27
   800   1.145253501807776e-27
[TRUERES]    800  1.145253501807776e-27  1.145253501807776e-27
   801   1.075594303441627e-27
   802   1.007044589003075e-27
   803   9.499519324150736e-28
   804   8.953123494427978e-28
   805   8.400851419982766e-28
   806   7.921280967480339e-28
   807   7.420973447596194e-28
   808   6.936197604381972e-28
   809   6.514117537893083e-28
   810   6.076388492464189e-28
[TRUERES]    810  6.076388492464189e-28  6.076388492464189e-28
   811   5.683358395748263e-28
   812   5.313074806520552e-28
   813   4.914729203931795e-28
   814   4.553417314773682e-28
   815   4.187176884214519e-28
   816   3.812203923119492e-28
   817   3.482398181889977e-28
   818   3.156917395664585e-28
   819   2.857182120299818e-28
   820   2.596726265204704e-28
[TRUERES]    820  2.596726265204704e-28  2.596726265204704e-28
   821   2.349764651744271e-28
   822   2.130066846395909e-28
   823   1.934577902417243e-28
   824   1.749117529169039e-28
   825   1.594791034573309e-28
   826   1.458143230252554e-28
   827   1.330982221423404e-28
   828   1.227381420551868e-28
   829   1.132730365368893e-28
   830   1.040999225727678e-28
[TRUERES]    830  1.040999225727678e-28  1.040999225727678e-28
   831   9.618731459918901e-29
   832   8.845643304842077e-29
   833   8.170115010743540e-29
   834   7.584557705382583e-29
   835   6.999088707898127e-29
   836   6.497246750738203e-29
   837   6.049425039379922e-29
   838   5.606974198789755e-29
   839   5.231949978154281e-29
   840   4.864368934590850e-29
[TRUERES]    840  4.864368934590850e-29  4.864368934590850e-29
   841   4.512324618546202e-29
   842   4.214503346079137e-29
   843   3.919804542866549e-29
   844   3.652697843861507e-29
   845   3.429816277789504e-29
   846   3.208320850943604e-29
   847   3.008557471081012e-29
   848   2.815703127577467e-29
   849   2.610122388036549e-29
   850   2.423505057842026e-29
[TRUERES]    850  2.423505057842026e-29  2.423505057842026e-29
   851   2.227367799932222e-29
   852   2.027352197296705e-29
   853   1.837146292918848e-29
   854   1.643895089121014e-29
   855   1.459482118829450e-29
   856   1.295614682046214e-29
   857   1.137109631223966e-29
   858   9.979341691657087e-30
   859   8.739644235668564e-30
   860   7.583287434528520e-30
[TRUERES]    860  7.583287434528520e-30  7.583287434528520e-30
   861   6.599603905023980e-30
   862   5.722357250179999e-30
   863   4.947861184259859e-30
   864   4.296774622189862e-30
   865   3.696122548180725e-30
   866   3.158423618426623e-30
   867   2.704689292218713e-30
   868   2.300588873048744e-30
   869   1.963037474638451e-30
   870   1.683025673698417e-30
[TRUERES]    870  1.683025673698417e-30  1.683025673698417e-30
   871   1.441777586805527e-30
   872   1.248949699937328e-30
   873   1.083230136996796e-30
   874   9.377476752368765e-31
   875   8.195903045300571e-31
   876   7.167654304383675e-31
   877   6.263269645335092e-31
   878   5.508363831830862e-31
   879   4.819310176363790e-31
   880   4.218052591038109e-31
[TRUERES]    880  4.218052591038109e-31  4.218052591038109e-31
   881   3.701737501331745e-31
   882   3.215519505952508e-31
   883   2.790992012030812e-31
   884   2.416752776292640e-31
   885   2.081450008176759e-31
   886   1.808744104475290e-31
   887   1.577121995126581e-31
   888   1.383153135680994e-31
   889   1.226633096598370e-31
   890   1.089530784624731e-31
[TRUERES]    890  1.089530784624731e-31  1.089530784624731e-31
   891   9.764765696739250e-32
   892   8.871422952528107e-32
   893   8.072556950520140e-32
   894   7.406905617904833e-32
   895   6.824465281950152e-32
   896   6.292952709200910e-32
   897   5.861707174898047e-32
   898   5.472211434286330e-32
   899   5.104674622023054e-32
   900   4.790557080635412e-32
[TRUERES]    900  4.790557080635412e-32  4.790557080635412e-32
   901   4.462383710487302e-32
   902   4.129681045856391e-32
   903   3.821447843603697e-32
   904   3.493535423716569e-32
   905   3.187326570849509e-32
   906   2.896896380232999e-32
   907   2.602820231798972e-32
   908   2.342323981114808e-32
   909   2.105077831108671e-32
   910   1.889832883377990e-32
[TRUERES]    910  1.889832883377990e-32  1.889832883377990e-32
   911   1.708736308682511e-32
   912   1.536768211578804e-32
   913   1.380509693665897e-32
   914   1.243324751360876e-32
   915   1.107605872433057e-32
   916   9.835876961899141e-33
   917   8.696095109518781e-33
   918   7.596119712665206e-33
   919   6.649621840620695e-33
   920   5.818892858046908e-33
[TRUERES]    920  5.818892858046908e-33  5.818892858046908e-33
   921   5.065765022967857e-33
   922   4.439916310712360e-33
   923   3.883295191295424e-33
   924   3.406180376922978e-33
   925   3.011806692886154e-33
   926   2.672072848908802e-33
   927   2.397863359107692e-33
   928   2.172809062148744e-33
   929   1.966925966049933e-33
   930   1.785915386323806e-33
[TRUERES]    930  1.785915386323806e-33  1.785915386323806e-33
   931   1.614876702460281e-33
   932   1.454402156757867e-33
   933   1.318903866589828e-33
   934   1.193382255002580e-33
   935   1.082717141650766e-33
   936   9.889540001569203e-34
   937   8.970681218066487e-34
   938   8.088847590152172e-34
   939   7.297433034017711e-34
   940   6.581120763102285e-34
[TRUERES]    940  6.581120763102285e-34  6.581120763102285e-34
   941   5.987424259113885e-34
   942   5.475154013524122e-34
   943   5.003102982114829e-34
   944   4.612420503219260e-34
   945   4.242679515456007e-34
   946   3.896440204503414e-34
   947   3.603513039008752e-34
   948   3.333945781895001e-34
   949   3.105486223847321e-34
   950   2.914451951209772e-34
[TRUERES]    950  2.914451951209772e-34  2.914451951209772e-34
   951   2.723155816659732e-34
   952   2.545316418607175e-34
   953   2.369908508075398e-34
   954   2.181861956416236e-34
   955   2.016292303260847e-34
   956   1.855034217979295e-34
   957   1.697547158345337e-34
   958   1.553383135895291e-34
   959   1.401549648353495e-34
   960   1.252311978801414e-34
[TRUERES]    960  1.252311978801414e-34  1.252311978801414e-34
   961   1.115094163426293e-34
   962   9.807663011232679e-35
   963   8.594508157633450e-35
   964   7.513906970542354e-35
   965   6.513761068146183e-35
   966   5.666282508541136e-35
   967   4.913104205420027e-35
   968   4.238925858016012e-35
   969   3.682159519539204e-35
   970   3.199671648465120e-35
[TRUERES]    970  3.199671648465120e-35  3.199671648465120e-35
   971   2.794169557586797e-35
   972   2.461224238728917e-35
   973   2.166895373805950e-35
   974   1.922097197201207e-35
   975   1.717732194186223e-35
   976   1.534715417367555e-35
   977   1.375654342257606e-35
   978   1.233933280111142e-35
   979   1.103785705827510e-35
   980   9.924597112636994e-36
[TRUERES]    980  9.924597112636994e-36  9.924597112636994e-36
   981   8.871373929981183e-36
   982   7.906262781564140e-36
   983   7.074486812971630e-36
   984   6.308400357430373e-36
   985   5.665155492775129e-36
   986   5.138088095433482e-36
   987   4.667677370258440e-36
   988   4.254278939157229e-36
   989   3.880029011219670e-36
   990   3.531935649085892e-36
[TRUERES]    990  3.531935649085892e-36  3.531935649085892e-36
   991   3.223230742666705e-36
   992   2.932792159102506e-36
   993   2.666123885654785e-36
   994   2.429936008063781e-36
   995   2.193870379090693e-36
   996   1.971620125612396e-36
   997   1.766957731997415e-36
   998   1.566176271081093e-36
   999   1.385613217821598e-36
  1000   1.221821762577197e-36
[TRUERES]   1000  1.221821762577197e-36  1.221821762577197e-36
  1001   1.068547693341971e-36
  1002   9.391470082238548e-37
  1003   8.277547711330544e-37
  1004   7.296733194672187e-37
  1005   6.475248675907690e-37
  1006   5.714736188632413e-37
  1007   5.023506134071802e-37
  1008   4.411940738026011e-37
  1009   3.860792967659706e-37
  1010   3.392909603406752e-37
[TRUERES]   1010  3.392909603406752e-37  3.392909603406752e-37
  1011   2.987366939248490e-37
  1012   2.619408272908002e-37
  1013   2.301782716563191e-37
  1014   2.011291287559646e-37
  1015   1.747644613086305e-37
  1016   1.515119178950102e-37
  1017   1.305865957583295e-37
  1018   1.124749277455419e-37
  1019   9.804426783981301e-38
  1020   8.561698052636370e-38
[TRUERES]   1020  8.561698052636370e-38  8.561698052636370e-38
  1021   7.533047997322493e-38
  1022   6.681359859783667e-38
  1023   5.910166917479741e-38
  1024   5.255093090055316e-38
  1025   4.680689931171870e-38
  1026   4.148422993144879e-38
  1027   3.688975724575162e-38
  1028   3.268793781847006e-38
  1029   2.893849079363657e-38
  1030   2.591962248052778e-38
[TRUERES]   1030  2.591962248052778e-38  2.591962248052778e-38
  1031   2.329419807463621e-38
  1032   2.109167342207543e-38
  1033   1.929453037719621e-38
  1034   1.770278827357602e-38
  1035   1.640533840322201e-38
  1036   1.528265746642194e-38
  1037   1.423223801361132e-38
  1038   1.329177000612036e-38
  1039   1.228826876345163e-38
  1040   1.123061249899904e-38
[TRUERES]   1040  1.123061249899904e-38  1.123061249899904e-38
  1041   1.017613184897835e-38
  1042   9.117060009290823e-39
  1043   8.137302154688220e-39
  1044   7.281564177695070e-39
  1045   6.471377329244547e-39
  1046   5.747049009856115e-39
  1047   5.092510725240967e-39
  1048   4.477185678655315e-39
  1049   3.945068042517825e-39
  1050   3.460454417136989e-39
[TRUERES]   1050  3.460454417136989e-39  3.460454417136989e-39
  1051   3.022891139456095e-39
  1052   2.648854522229885e-39
  1053   2.303862783460673e-39
  1054   1.995906380100343e-39
  1055   1.724736301224401e-39
  1056   1.475517046587739e-39
  1057   1.260870324187170e-39
  1058   1.076474272857774e-39
  1059   9.116160935026429e-40
  1060   7.735115654189659e-40
[TRUERES]   1060  7.735115654189659e-40  7.735115654189659e-40
  1061   6.545224089467066e-40
  1062   5.517747143797540e-40
  1063   4.676609226168700e-40
  1064   3.961715329284174e-40
  1065   3.368183561641545e-40
  1066   2.893727575476978e-40
  1067   2.484673549861624e-40
  1068   2.148056671226937e-40
  1069   1.867548694952294e-40
  1070   1.621271673382701e-40
[TRUERES]   1070  1.621271673382701e-40  1.621271673382701e-40
  1071   1.420413659608772e-40
  1072   1.253467260111708e-40
  1073   1.110564676092956e-40
  1074   9.947742286688399e-41
  1075   8.966393003804931e-41
  1076   8.130455900716929e-41
  1077   7.449572028268424e-41
  1078   6.795236080230614e-41
  1079   6.186830385102077e-41
  1080   5.607243181722030e-41
[TRUERES]   1080  5.607243181722030e-41  5.607243181722030e-41
  1081   5.032814171236981e-41
  1082   4.524385059822885e-41
  1083   4.075358835654877e-41
  1084   3.670299238613293e-41
  1085   3.332789362735564e-41
  1086   3.022818097752215e-41
  1087   2.733566796680119e-41
  1088   2.477232935550599e-41
  1089   2.224386245763465e-41
  1090   1.987557681557731e-41
[TRUERES]   1090  1.987557681557731e-41  1.987557681557731e-41
  1091   1.775932736906909e-41
  1092   1.574786355086876e-41
  1093   1.400634307526533e-41
  1094   1.240661292517228e-41
  1095   1.090209463794137e-41
  1096   9.565001457765634e-42
  1097   8.330840533455833e-42
  1098   7.195236826490320e-42
  1099   6.212120126416584e-42
  1100   5.311272204657278e-42
[TRUERES]   1100  5.311272204657278e-42  5.311272204657278e-42
  1101   4.505157878478353e-42
  1102   3.824641302410719e-42
  1103   3.243680162964517e-42
  1104   2.777342521625638e-42
  1105   2.400220858692257e-42
  1106   2.075076579307689e-42
  1107   1.802831407154404e-42
  1108   1.563692841742957e-42
  1109   1.350697609712378e-42
  1110   1.166785517730645e-42
[TRUERES]   1110  1.166785517730645e-42  1.166785517730645e-42
  1111   9.995151725334344e-43
  1112   8.551597499288257e-43
  1113   7.363523570694039e-43
  1114   6.339346411242292e-43
  1115   5.479256328300214e-43
  1116   4.759341156669965e-43
  1117   4.131546949851084e-43
  1118   3.618535780052911e-43
  1119   3.197855216844315e-43
  1120   2.841671713576670e-43
[TRUERES]   1120  2.841671713576670e-43  2.841671713576670e-43
  1121   2.547958782883699e-43
  1122   2.276902346295414e-43
  1123   2.023824613241267e-43
  1124   1.803099355418943e-43
  1125   1.595488177791820e-43
  1126   1.410764187678213e-43
  1127   1.251434255847508e-43
  1128   1.109892685095860e-43
  1129   9.952720934397320e-44
  1130   8.993287320030379e-44
[TRUERES]   1130  8.993287320030379e-44  8.993287320030379e-44
  1131   8.153389401275401e-44
  1132   7.452277045174296e-44
  1133   6.824725999768667e-44
  1134   6.215975896133521e-44
  1135   5.671619710017448e-44
  1136   5.157623940211639e-44
  1137   4.688390058237799e-44
  1138   4.273486903966824e-44
  1139   3.885747168304388e-44
  1140   3.543028018396139e-44
[TRUERES]   1140  3.543028018396139e-44  3.543028018396139e-44
  1141   3.240395942182118e-44
  1142   2.958370522104597e-44
  1143   2.722479696836685e-44
  1144   2.514014655499626e-44
  1145   2.327056570166442e-44
  1146   2.172258028463017e-44
  1147   2.024271828644403e-44
  1148   1.883814204615689e-44
  1149   1.752225962063529e-44
  1150   1.617721925017135e-44
[TRUERES]   1150  1.617721925017135e-44  1.617721925017135e-44
  1151   1.495181600230627e-44
  1152   1.376325459331682e-44
  1153   1.255142762988709e-44
  1154   1.144818424764414e-44
  1155   1.040076692897482e-44
  1156   9.403611449633985e-45
  1157   8.524315473709262e-45
  1158   7.682700709730588e-45
  1159   6.872778314048066e-45
  1160   6.115207462977565e-45
[TRUERES]   1160  6.115207462977565e-45  6.115207462977565e-45
  1161   5.364562184107726e-45
  1162   4.669040680243960e-45
  1163   4.039907223586895e-45
  1164   3.460858596333182e-45
  1165   2.965415590061009e-45
  1166   2.543001568279720e-45
  1167   2.183962631743883e-45
  1168   1.892636295803007e-45
  1169   1.645986615316979e-45
  1170   1.435277083645725e-45
[TRUERES]   1170  1.435277083645725e-45  1.435277083645725e-45
  1171   1.259888111136503e-45
  1172   1.104001358111523e-45
  1173   9.717792568511810e-46
  1174   8.629048587398654e-46
  1175   7.668060300487867e-46
  1176   6.857330595940645e-46
  1177   6.141156828930374e-46
  1178   5.498833215480864e-46
  1179   4.961336968229486e-46
  1180   4.495286206245814e-46
[TRUERES]   1180  4.495286206245814e-46  4.495286206245814e-46
  1181   4.091234101680697e-46
  1182   3.760469217540830e-46
  1183   3.459191070537665e-46
  1184   3.204444569566159e-46
  1185   2.980510559522868e-46
  1186   2.774672043072423e-46
  1187   2.598499806502920e-46
  1188   2.436376356119503e-46
  1189   2.274676501967873e-46
  1190   2.128258340033884e-46
[TRUERES]   1190  2.128258340033884e-46  2.128258340033884e-46
  1191   1.981047756140330e-46
  1192   1.835164524275212e-46
  1193   1.704395372437688e-46
  1194   1.578174084503918e-46
  1195   1.459410097172393e-46
  1196   1.348910633327559e-46
  1197   1.235376567826271e-46
  1198   1.125548089998906e-46
  1199   1.020221373704090e-46
  1200   9.206897304670058e-47
[TRUERES]   1200  9.206897304670058e-47  9.206897304670058e-47
  1201   8.333787544839968e-47
  1202   7.483765004510011e-47
  1203   6.636875715676999e-47
  1204   5.831312280636304e-47
  1205   5.046872207316018e-47
  1206   4.321757007842879e-47
  1207   3.693126565088768e-47
  1208   3.134225570676621e-47
  1209   2.662694924039782e-47
  1210   2.269164391730488e-47
[TRUERES]   1210  2.269164391730488e-47  2.269164391730488e-47
  1211   1.927510184755092e-47
  1212   1.649917846560970e-47
  1213   1.412460369907680e-47
  1214   1.210870519704298e-47
  1215   1.048623731329483e-47
  1216   9.099381565435820e-48
  1217   7.924937586304132e-48
  1218   6.968172069974943e-48
  1219   6.132681274538951e-48
  1220   5.397147093251367e-48
[TRUERES]   1220  5.397147093251367e-48  5.397147093251367e-48
  1221   4.765533821478229e-48
  1222   4.196861338236212e-48
  1223   3.718183334571503e-48
  1224   3.294203314841038e-48
  1225   2.913916624181930e-48
  1226   2.593360325877683e-48
  1227   2.315685649498189e-48
  1228   2.073653641920901e-48
  1229   1.878887901626281e-48
  1230   1.705357244977724e-48
[TRUERES]   1230  1.705357244977724e-48  1.705357244977724e-48
  1231   1.549909678755214e-48
  1232   1.416117182664590e-48
  1233   1.295483773597659e-48
  1234   1.200950686038341e-48
  1235   1.127778496733341e-48
  1236   1.065776527602222e-48
  1237   1.017686110514030e-48
  1238   9.732334292954307e-49
  1239   9.250922614965814e-49
  1240   8.755494822174815e-49
[TRUERES]   1240  8.755494822174815e-49  8.755494822174815e-49
  1241   8.179240111399019e-49
  1242   7.585428603360148e-49
  1243   7.047091650727558e-49
  1244   6.494655526907909e-49
  1245   5.967592532976567e-49
  1246   5.454163226940766e-49
  1247   4.927644479758441e-49
  1248   4.427247399809207e-49
  1249   3.929532135904882e-49
  1250   3.449623519520526e-49
[TRUERES]   1250  3.449623519520526e-49  3.449623519520526e-49
  1251   3.026175790747869e-49
  1252   2.634437999116310e-49
  1253   2.288168887948908e-49
  1254   1.992135890019950e-49
  1255   1.722691113568557e-49
  1256   1.488353642955555e-49
  1257   1.281509725259123e-49
  1258   1.089549161505518e-49
  1259   9.247230105556006e-50
  1260   7.822727432344303e-50
[TRUERES]   1260  7.822727432344303e-50  7.822727432344303e-50
  1261   6.589086404991682e-50
  1262   5.568774006266690e-50
  1263   4.695129563582307e-50
  1264   3.955800367455125e-50
  1265   3.343479007612059e-50
  1266   2.810717017304440e-50
  1267   2.359112384230574e-50
  1268   1.969202942052709e-50
  1269   1.631237186324615e-50
  1270   1.353072327792121e-50
[TRUERES]   1270  1.353072327792121e-50  1.353072327792121e-50
  1271   1.125028745664491e-50
  1272   9.365082291323711e-51
  1273   7.865470550195264e-51
  1274   6.607185484784615e-51
  1275   5.566473237934187e-51
  1276   4.719441480339675e-51
  1277   4.006870514165421e-51
  1278   3.426670585016223e-51
  1279   2.961162253770133e-51
  1280   2.560546166799111e-51
[TRUERES]   1280  2.560546166799111e-51  2.560546166799111e-51
  1281   2.228879292189478e-51
  1282   1.953618917899572e-51
  1283   1.715978219877402e-51
  1284   1.518429157114717e-51
  1285   1.347079248632727e-51
  1286   1.195437455571087e-51
  1287   1.066937365470613e-51
  1288   9.511988513173968e-52
  1289   8.517924086928917e-52
  1290   7.699245040342040e-52
[TRUERES]   1290  7.699245040342040e-52  7.699245040342040e-52
  1291   6.957552888128330e-52
  1292   6.313989389648590e-52
  1293   5.762672134537967e-52
  1294   5.272655630078974e-52
  1295   4.878173722574863e-52
  1296   4.529417688688892e-52
  1297   4.180184687163840e-52
  1298   3.846598343484522e-52
  1299   3.496743853651057e-52
  1300   3.153884615281509e-52
[TRUERES]   1300  3.153884615281509e-52  3.153884615281509e-52
  1301   2.839621552521807e-52
  1302   2.539283346098520e-52
  1303   2.270534286503662e-52
  1304   2.038531035905188e-52
  1305   1.818087097368777e-52
  1306   1.621663874405545e-52
  1307   1.438547096250432e-52
  1308   1.266819090542600e-52
  1309   1.114577382804641e-52
  1310   9.737363739876621e-53
[TRUERES]   1310  9.737363739876621e-53  9.737363739876621e-53
  1311   8.466200863103490e-53
  1312   7.369212347509143e-53
  1313   6.374032961717371e-53
  1314   5.493073829966759e-53
  1315   4.727434447086213e-53
  1316   4.061478801341200e-53
  1317   3.515418666553652e-53
  1318   3.064335611807656e-53
  1319   2.676722629462086e-53
  1320   2.346388531082767e-53
[TRUERES]   1320  2.346388531082767e-53  2.346388531082767e-53
  1321   2.048700691651715e-53
  1322   1.780529497230405e-53
  1323   1.553481227569177e-53
  1324   1.353197369093612e-53
  1325   1.178337425029512e-53
  1326   1.023977451641054e-53
  1327   8.826060439747421e-54
  1328   7.589606057808027e-54
  1329   6.527464566195073e-54
  1330   5.578051824163509e-54
[TRUERES]   1330  5.578051824163509e-54  5.578051824163509e-54
  1331   4.765084382399877e-54
  1332   4.054551665998176e-54
  1333   3.444187430622248e-54
  1334   2.940317355807683e-54
  1335   2.509438556726005e-54
  1336   2.144820977377623e-54
  1337   1.838287487697289e-54
  1338   1.563600744768005e-54
  1339   1.325541516379819e-54
  1340   1.124374716819339e-54
[TRUERES]   1340  1.124374716819339e-54  1.124374716819339e-54
  1341   9.542968786451297e-55
  1342   8.152563783282917e-55
  1343   7.004331151940232e-55
  1344   6.045220431499130e-55
  1345   5.266080825909719e-55
  1346   4.604927998730092e-55
  1347   4.048881199654835e-55
  1348   3.588611790719926e-55
  1349   3.177758455025412e-55
  1350   2.829403015199649e-55
[TRUERES]   1350  2.829403015199649e-55  2.829403015199649e-55
  1351   2.542570845576097e-55
  1352   2.293970369632037e-55
  1353   2.095405545549783e-55
  1354   1.928480182735940e-55
  1355   1.780738183551084e-55
  1356   1.655530661234246e-55
  1357   1.541512769360974e-55
  1358   1.431517758491562e-55
  1359   1.330652683044267e-55
  1360   1.230052675260416e-55
[TRUERES]   1360  1.230052675260416e-55  1.230052675260416e-55
  1361   1.133417252638862e-55
  1362   1.046588846864793e-55
  1363   9.638831342794002e-56
  1364   8.872645662096254e-56
  1365   8.141604933348871e-56
  1366   7.405560596028706e-56
  1367   6.740587225052164e-56
  1368   6.090493250259408e-56
  1369   5.464799998884802e-56
  1370   4.888149627825714e-56
[TRUERES]   1370  4.888149627825714e-56  4.888149627825714e-56
  1371   4.329040631673933e-56
  1372   3.816859873182531e-56
  1373   3.349264247300496e-56
  1374   2.913519561336059e-56
  1375   2.527687492190839e-56
  1376   2.180475573077074e-56
  1377   1.863432583194316e-56
  1378   1.587955401893116e-56
  1379   1.347633325087488e-56
  1380   1.136663685563192e-56
[TRUERES]   1380  1.136663685563192e-56  1.136663685563192e-56
  1381   9.591602124427937e-57
  1382   8.065560015162053e-57
  1383   6.781730380205430e-57
  1384   5.723980711384517e-57
  1385   4.814985042308814e-57
  1386   4.069059798547846e-57
  1387   3.455177854524987e-57
  1388   2.928186097574698e-57
  1389   2.479042803824558e-57
  1390   2.092461030212032e-57
[TRUERES]   1390  2.092461030212032e-57  2.092461030212032e-57
  1391   1.755685486058437e-57
  1392   1.476508994498369e-57
  1393   1.237086231191368e-57
  1394   1.037259204313604e-57
  1395   8.719657113033070e-58
  1396   7.287075444550516e-58
  1397   6.082427435187848e-58
  1398   5.081757012907090e-58
  1399   4.242186484055251e-58
  1400   3.567593045531696e-58
[TRUERES]   1400  3.567593045531696e-58  3.567593045531696e-58
  1401   3.012635475350878e-58
  1402   2.557805545005832e-58
  1403   2.196375222871485e-58
  1404   1.895852229055958e-58
  1405   1.641825036375743e-58
  1406   1.431126907608962e-58
  1407   1.244784906380002e-58
  1408   1.085537206867553e-58
  1409   9.491148692399179e-59
  1410   8.266118217995003e-59
[TRUERES]   1410  8.266118217995003e-59  8.266118217995003e-59
  1411   7.226180535826052e-59
  1412   6.306434165673034e-59
  1413   5.489103980687172e-59
  1414   4.802852766552822e-59
  1415   4.213269311966422e-59
  1416   3.700380784774850e-59
  1417   3.286145275598718e-59
  1418   2.921565806452275e-59
  1419   2.607695763891771e-59
  1420   2.336266561666218e-59
[TRUERES]   1420  2.336266561666218e-59  2.336266561666218e-59
  1421   2.082502463318341e-59
  1422   1.863846351445832e-59
  1423   1.679050935878860e-59
  1424   1.519180856659738e-59
  1425   1.384955558064634e-59
  1426   1.265105266216844e-59
  1427   1.157122546486721e-59
  1428   1.064775512300166e-59
  1429   9.807407276407512e-60
  1430   9.024185790917705e-60
[TRUERES]   1430  9.024185790917705e-60  9.024185790917705e-60
  1431   8.294695451546719e-60
  1432   7.577960796475687e-60
  1433   6.898469609486466e-60
  1434   6.259536055275153e-60
  1435   5.620743101339768e-60
  1436   5.023066481840263e-60
  1437   4.448323288033124e-60
  1438   3.903054525465302e-60
  1439   3.413981271506458e-60
  1440   2.954767111411589e-60
[TRUERES]   1440  2.954767111411589e-60  2.954767111411589e-60
  1441   2.538403781258613e-60
  1442   2.174103617370606e-60
  1443   1.844707568869553e-60
  1444   1.559466145176265e-60
  1445   1.316945963659639e-60
  1446   1.105937908380981e-60
  1447   9.326477588663981e-61
  1448   7.867729993414893e-61
  1449   6.610628020658042e-61
  1450   5.544523649939439e-61
[TRUERES]   1450  5.544523649939439e-61  5.544523649939439e-61
  1451   4.604899480297571e-61
  1452   3.802658711125128e-61
  1453   3.137135548190894e-61
  1454   2.577053510787554e-61
  1455   2.115317034500210e-61
  1456   1.740484765295821e-61
  1457   1.431472858515574e-61
  1458   1.188128113890287e-61
  1459   9.913839643261747e-62
  1460   8.276958158925512e-62
[TRUERES]   1460  8.276958158925512e-62  8.276958158925512e-62
  1461   6.970539279747648e-62
  1462   5.873495132794547e-62
  1463   4.958755705150153e-62
  1464   4.214976878076616e-62
  1465   3.594169176964795e-62
  1466   3.079773565781152e-62
  1467   2.660675944853867e-62
  1468   2.300773818850883e-62
  1469   2.003102202853454e-62
  1470   1.751787102431257e-62
[TRUERES]   1470  1.751787102431257e-62  1.751787102431257e-62
  1471   1.526388452789715e-62
  1472   1.331567984682595e-62
  1473   1.159495165437820e-62
  1474   1.013825413450457e-62
  1475   8.983149920434384e-63
  1476   8.019984295656474e-63
  1477   7.233159738043532e-63
  1478   6.563208682749631e-63
  1479   5.931437619019763e-63
  1480   5.382887093627446e-63
[TRUERES]   1480  5.382887093627446e-63  5.382887093627446e-63
  1481   4.900934829080169e-63
  1482   4.447640213694758e-63
  1483   4.033059185261989e-63
  1484   3.646082028325719e-63
  1485   3.281056642950027e-63
  1486   2.952029313071572e-63
  1487   2.635838602776537e-63
  1488   2.338414408515218e-63
  1489   2.065209629301856e-63
  1490   1.808537461779033e-63
[TRUERES]   1490  1.808537461779033e-63  1.808537461779033e-63
  1491   1.581087753328518e-63
  1492   1.381645342952603e-63
  1493   1.203577405197992e-63
  1494   1.056581958190310e-63
  1495   9.312107250708716e-64
  1496   8.234684041733556e-64
  1497   7.380207066383865e-64
  1498   6.636548717785747e-64
  1499   5.965540390205769e-64
  1500   5.357522250479892e-64
[TRUERES]   1500  5.357522250479892e-64  5.357522250479892e-64
  1501   4.761414694855579e-64
  1502   4.227857324039147e-64
  1503   3.756701781459989e-64
  1504   3.327803300902625e-64
  1505   2.950415492420542e-64
  1506   2.604449067061318e-64
  1507   2.283897876820537e-64
  1508   2.000198826856632e-64
  1509   1.742191192251805e-64
  1510   1.513896387418032e-64
[TRUERES]   1510  1.513896387418032e-64  1.513896387418032e-64
  1511   1.316052224954794e-64
  1512   1.134625371205268e-64
  1513   9.729095555913848e-65
  1514   8.302743959836025e-65
  1515   7.006895958021446e-65
  1516   5.900313645498996e-65
  1517   4.979118108048006e-65
  1518   4.198947502874552e-65
  1519   3.564774559372195e-65
  1520   3.035590382454692e-65
[TRUERES]   1520  3.035590382454692e-65  3.035590382454692e-65
  1521   2.589843110434701e-65
  1522   2.215238711404903e-65
  1523   1.886880111923044e-65
  1524   1.600020135742914e-65
  1525   1.352975645035669e-65
  1526   1.135112702081017e-65
  1527   9.525812575270689e-66
  1528   8.015204548612500e-66
  1529   6.733348536635981e-66
  1530   5.689471079338801e-66
[TRUERES]   1530  5.689471079338801e-66  5.689471079338801e-66
  1531   4.812183393417070e-66
  1532   4.057698333613516e-66
  1533   3.424142696312046e-66
  1534   2.874835402369578e-66
  1535   2.405909123742120e-66
  1536   2.016900800222205e-66
  1537   1.690629259434804e-66
  1538   1.430441435251533e-66
  1539   1.221436770187233e-66
  1540   1.045662815519828e-66
[TRUERES]   1540  1.045662815519828e-66  1.045662815519828e-66
  1541   9.022847399785000e-67
  1542   7.807966348166496e-67
  1543   6.774917642683416e-67
  1544   5.933820662007901e-67
  1545   5.224582990683142e-67
  1546   4.635044592491029e-67
  1547   4.162115972113584e-67
  1548   3.760974452510971e-67
  1549   3.435882848009257e-67
  1550   3.170932236404008e-67
[TRUERES]   1550  3.170932236404008e-67  3.170932236404008e-67
  1551   2.921963652912498e-67
  1552   2.696948893666857e-67
  1553   2.491007940449690e-67
  1554   2.298235465527660e-67
  1555   2.126671335488291e-67
  1556   1.967586463508857e-67
  1557   1.822375381325315e-67
  1558   1.693917999796316e-67
  1559   1.566159476552576e-67
  1560   1.445358248825932e-67
[TRUERES]   1560  1.445358248825932e-67  1.445358248825932e-67
  1561   1.327081223955330e-67
  1562   1.200776167170270e-67
  1563   1.077126420199767e-67
  1564   9.560336701331362e-68
  1565   8.408475482969163e-68
  1566   7.382422937051993e-68
  1567   6.454971164365431e-68
  1568   5.609418041438727e-68
  1569   4.851282132467378e-68
  1570   4.138539754944500e-68
[TRUERES]   1570  4.138539754944500e-68  4.138539754944500e-68
  1571   3.493053800849236e-68
  1572   2.928631055091515e-68
  1573   2.429432055816711e-68
  1574   2.008462337192859e-68
  1575   1.655638322532358e-68
  1576   1.361177061515218e-68
  1577   1.123702867941270e-68
  1578   9.253660131196563e-69
  1579   7.614113941761505e-69
  1580   6.282614672634172e-69
[TRUERES]   1580  6.282614672634172e-69  6.282614672634173e-69
  1581   5.152389740422947e-69
  1582   4.203901193914205e-69
  1583   3.431332151472860e-69
  1584   2.797853938717080e-69
  1585   2.298407792119955e-69
  1586   1.904368497321319e-69
  1587   1.582170294325374e-69
  1588   1.322977910596164e-69
  1589   1.108535243613038e-69
  1590   9.252335333706988e-70
[TRUERES]   1590  9.252335333706988e-70  9.252335333706986e-70
  1591   7.758468621703393e-70
  1592   6.515713837343485e-70
  1593   5.480321182582516e-70
  1594   4.639277894731118e-70
  1595   3.919622836550364e-70
  1596   3.310339525486722e-70
  1597   2.796576250784387e-70
  1598   2.359453031998245e-70
  1599   2.001359433598990e-70
  1600   1.705247136030503e-70
[TRUERES]   1600  1.705247136030503e-70  1.705247136030503e-70
  1601   1.455415532597006e-70
  1602   1.249573237455301e-70
  1603   1.068883052217580e-70
  1604   9.127333796637977e-71
  1605   7.786624432309373e-71
  1606   6.636685709082309e-71
  1607   5.677169759759171e-71
  1608   4.874914493159288e-71
  1609   4.188656846178673e-71
  1610   3.627319229838258e-71
[TRUERES]   1610  3.627319229838258e-71  3.627319229838260e-71
  1611   3.162023872244321e-71
  1612   2.773277433981225e-71
  1613   2.468490195044050e-71
  1614   2.227002390178192e-71
  1615   2.031785103438604e-71
  1616   1.872198394101932e-71
  1617   1.727990396537698e-71
  1618   1.597138791738647e-71
  1619   1.481718906424663e-71
  1620   1.367930005331752e-71
[TRUERES]   1620  1.367930005331752e-71  1.367930005331750e-71
  1621   1.267723296887496e-71
  1622   1.179715222397738e-71
  1623   1.099157733731572e-71
  1624   1.030284122083284e-71
  1625   9.659346580380883e-72
  1626   9.014421546819354e-72
  1627   8.406815966662783e-72
  1628   7.742865329666930e-72
  1629   7.041452606354831e-72
  1630   6.345278166075984e-72
[TRUERES]   1630  6.345278166075984e-72  6.345278166075985e-72
  1631   5.656139377256017e-72
  1632   4.997094445515222e-72
  1633   4.393060396106197e-72
  1634   3.825658567113524e-72
  1635   3.324505083255098e-72
  1636   2.871641862492737e-72
  1637   2.452895808074009e-72
  1638   2.093547339738132e-72
  1639   1.773141508254625e-72
  1640   1.490683432454636e-72
[TRUERES]   1640  1.490683432454636e-72  1.490683432454631e-72
  1641   1.249676986622198e-72
  1642   1.043179640805570e-72
  1643   8.684082715117982e-73
  1644   7.237709614927436e-73
  1645   6.025025274131415e-73
  1646   5.024832694936408e-73
  1647   4.184994017869835e-73
  1648   3.469362487805110e-73
  1649   2.870637006032866e-73
  1650   2.360732868539195e-73
[TRUERES]   1650  2.360732868539195e-73  2.360732868539244e-73
  1651   1.937113638428844e-73
  1652   1.598808480554458e-73
  1653   1.325952075800863e-73
  1654   1.106851718358188e-73
  1655   9.271158418192869e-74
  1656   7.695034423908713e-74
  1657   6.366179288482900e-74
  1658   5.241553742961004e-74
  1659   4.293541453113882e-74
  1660   3.528061001440304e-74
[TRUERES]   1660  3.528061001440304e-74  3.528061001440394e-74
  1661   2.896634860715028e-74
  1662   2.380527813435291e-74
  1663   1.961935881077080e-74
  1664   1.612660229027245e-74
  1665   1.324722923670288e-74
  1666   1.091883626284244e-74
  1667   8.987488988322982e-75
  1668   7.410854564629789e-75
  1669   6.120170368063109e-75
  1670   5.076940862422522e-75
[TRUERES]   1670  5.076940862422522e-75  5.076940862422068e-75
  1671   4.263893111265726e-75
  1672   3.617181720100402e-75
  1673   3.090126723122090e-75
  1674   2.657808307624153e-75
  1675   2.287925258436575e-75
  1676   1.968781156377543e-75
  1677   1.700213721873588e-75
  1678   1.465017795090661e-75
  1679   1.267318254375731e-75
  1680   1.101198873955274e-75
[TRUERES]   1680  1.101198873955274e-75  1.101198873954972e-75
  1681   9.576015422859886e-76
  1682   8.398240240808663e-76
  1683   7.419776503865458e-76
  1684   6.584436933193346e-76
  1685   5.896524263719128e-76
  1686   5.287854115043897e-76
  1687   4.750682025403806e-76
  1688   4.273569596578364e-76
  1689   3.840418475968724e-76
  1690   3.443770958094468e-76
[TRUERES]   1690  3.443770958094468e-76  3.443770958097929e-76
  1691   3.069811332435110e-76
  1692   2.704246074728029e-76
  1693   2.377896310684459e-76
  1694   2.088688812119834e-76
  1695   1.833180999361389e-76
  1696   1.619180727048742e-76
  1697   1.436887243611518e-76
  1698   1.277179354952120e-76
  1699   1.141791085722781e-76
  1700   1.018721864531098e-76
[TRUERES]   1700  1.018721864531098e-76  1.018721864530886e-76
  1701   9.112912776079162e-77
  1702   8.156187913801274e-77
  1703   7.258775102671028e-77
  1704   6.464235096109136e-77
  1705   5.746359344743279e-77
  1706   5.088139617003107e-77
  1707   4.515836936393227e-77
  1708   3.987830104797574e-77
  1709   3.504835671203756e-77
  1710   3.086968416713328e-77
[TRUERES]   1710  3.086968416713328e-77  3.086968416706400e-77
  1711   2.721855549567386e-77
  1712   2.412335155598647e-77
  1713   2.149781426442754e-77
  1714   1.913038765964895e-77
  1715   1.696061100392175e-77
  1716   1.491844494992388e-77
  1717   1.301515882596830e-77
  1718   1.133473487461720e-77
  1719   9.810894570264337e-78
  1720   8.427992721571254e-78
[TRUERES]   1720  8.427992721571254e-78  8.427992721568197e-78
  1721   7.223869694302528e-78
  1722   6.138332955190089e-78
  1723   5.202060685386993e-78
  1724   4.408587284959307e-78
  1725   3.716658578240910e-78
  1726   3.137692232464608e-78
  1727   2.657400738520357e-78
  1728   2.246221711447991e-78
  1729   1.904797154761049e-78
  1730   1.610613621390400e-78
[TRUERES]   1730  1.610613621390400e-78  1.610613621393942e-78
  1731   1.358303128709031e-78
  1732   1.144571336824617e-78
  1733   9.560685076968458e-79
  1734   7.946763921534201e-79
  1735   6.593498821605295e-79
  1736   5.439472009919394e-79
  1737   4.487268098335793e-79
  1738   3.720009756155545e-79
  1739   3.085197761325648e-79
  1740   2.585470947821346e-79
[TRUERES]   1740  2.585470947821346e-79  2.585470947916670e-79
  1741   2.184766393745866e-79
  1742   1.855146020996004e-79
  1743   1.589834418232894e-79
  1744   1.360953848278942e-79
  1745   1.162592698867364e-79
  1746   9.935749902958998e-80
  1747   8.457054027971739e-80
  1748   7.210121799934074e-80
  1749   6.199848527238802e-80
  1750   5.348932038600466e-80
[TRUERES]   1750  5.348932038600466e-80  5.348932038819713e-80
  1751   4.662437732601392e-80
  1752   4.104402647151841e-80
  1753   3.634222018517530e-80
  1754   3.254776146033371e-80
  1755   2.936878257642950e-80
  1756   2.668789000026481e-80
  1757   2.442886698080767e-80
  1758   2.241963687298460e-80
  1759   2.063650225517677e-80
  1760   1.903928743391890e-80
[TRUERES]   1760  1.903928743391890e-80  1.903928743338704e-80
  1761   1.753136679281776e-80
  1762   1.618836243329347e-80
  1763   1.493733013804752e-80
  1764   1.373640409919699e-80
  1765   1.262194245003429e-80
  1766   1.155665913982889e-80
  1767   1.053545352616488e-80
  1768   9.587361030544949e-81
  1769   8.652994327166956e-81
  1770   7.764240960217187e-81
[TRUERES]   1770  7.764240960217187e-81  7.764240960743144e-81
  1771   6.935083368124340e-81
  1772   6.130380988533571e-81
  1773   5.399896570642418e-81
  1774   4.716304656705440e-81
  1775   4.063581331069874e-81
  1776   3.497615995942539e-81
  1777   2.996386820904918e-81
  1778   2.562960556916719e-81
  1779   2.194087204726297e-81
  1780   1.869346099825061e-81
[TRUERES]   1780  1.869346099825061e-81  1.869346100234634e-81
  1781   1.585449882651981e-81
  1782   1.335869002882752e-81
  1783   1.109700869724214e-81
  1784   9.141521618867779e-82
  1785   7.491608357918929e-82
  1786   6.103445603536684e-82
  1787   4.987334619489552e-82
  1788   4.068643360413349e-82
  1789   3.313070463346866e-82
  1790   2.696741059540909e-82
[TRUERES]   1790  2.696741059540909e-82  2.696741058987831e-82
  1791   2.188263961113342e-82
  1792   1.774958796076212e-82
  1793   1.448103542108436e-82
  1794   1.178855021618455e-82
  1795   9.625940757693926e-83
  1796   7.872376938496151e-83
  1797   6.432671015085482e-83
  1798   5.289680126005672e-83
  1799   4.373412000691141e-83
  1800   3.632446077667870e-83
[TRUERES]   1800  3.632446077667870e-83  3.632446081453974e-83
  1801   3.039209543527695e-83
  1802   2.552946807747708e-83
  1803   2.151116834151388e-83
  1804   1.824571689748506e-83
  1805   1.549507740010867e-83
  1806   1.318241060565606e-83
  1807   1.122738471981728e-83
  1808   9.529067310432012e-84
  1809   8.111171839202088e-84
  1810   6.922669404369761e-84
[TRUERES]   1810  6.922669404369761e-84  6.922669372445550e-84
  1811   5.908374104729717e-84
  1812   5.081951078414130e-84
  1813   4.385291710125593e-84
  1814   3.801030046341593e-84
  1815   3.320907466215922e-84
  1816   2.903750284163270e-84
  1817   2.543610317730749e-84
  1818   2.244797048635276e-84
  1819   1.983300323507978e-84
  1820   1.761319136936683e-84
[TRUERES]   1820  1.761319136936683e-84  1.761319158439050e-84
  1821   1.569221464130985e-84
  1822   1.393281016420232e-84
  1823   1.238377525776194e-84
  1824   1.099790766100758e-84
  1825   9.772283842527337e-85
  1826   8.752567008963559e-85
  1827   7.897094118101331e-85
  1828   7.193151672750052e-85
  1829   6.629044769871231e-85
  1830   6.106144976897593e-85
[TRUERES]   1830  6.106144976897593e-85  6.106145030051408e-85
  1831   5.631133812087258e-85
  1832   5.195046567784453e-85
  1833   4.781568132687704e-85
  1834   4.418219166589025e-85
  1835   4.083509146825713e-85
  1836   3.761311757291594e-85
  1837   3.474481634021665e-85
  1838   3.200488150133022e-85
  1839   2.945566924409477e-85
  1840   2.713641157739760e-85
[TRUERES]   1840  2.713641157739760e-85  2.713641224635962e-85
  1841   2.473933188425915e-85
  1842   2.236760619048616e-85
  1843   1.996945616624709e-85
  1844   1.756611087311587e-85
  1845   1.532767755372652e-85
  1846   1.323145326431199e-85
  1847   1.127791509281556e-85
  1848   9.558632642631042e-86
  1849   8.045358464265646e-86
  1850   6.755129322039154e-86
[TRUERES]   1850  6.755129322039154e-86  6.755129164335013e-86
  1851   5.670177135183781e-86
  1852   4.732701107306017e-86
  1853   3.926811117331623e-86
  1854   3.239269918530389e-86
  1855   2.630725950145524e-86
  1856   2.118048296826774e-86
  1857   1.692692959755452e-86
  1858   1.343165954143225e-86
  1859   1.068413021995506e-86
  1860   8.530626831414387e-87
[TRUERES]   1860  8.530626831414387e-87  8.530624238225436e-87
  1861   6.866491751504969e-87
  1862   5.583589102055558e-87
  1863   4.556265232091516e-87
  1864   3.741005829726039e-87
  1865   3.103005156479151e-87
  1866   2.574210189672285e-87
  1867   2.146157488044760e-87
  1868   1.797454289731879e-87
  1869   1.509408494270126e-87
  1870   1.274944856153310e-87
[TRUERES]   1870  1.274944856153310e-87  1.274945038177777e-87
  1871   1.077742534888902e-87
  1872   9.127271051119957e-88
  1873   7.764167886189412e-88
  1874   6.588554912484855e-88
  1875   5.568764133435130e-88
  1876   4.713542610926434e-88
  1877   3.986630579080531e-88
  1878   3.385440884864726e-88
  1879   2.891255413283216e-88
  1880   2.476350264983047e-88
[TRUERES]   1880  2.476350264983047e-88  2.476351401510395e-88
  1881   2.141957658460149e-88
  1882   1.865102910048192e-88
  1883   1.629231364109627e-88
  1884   1.434439543678491e-88
  1885   1.267212957925636e-88
  1886   1.126699753167899e-88
  1887   1.011813696365823e-88
  1888   9.147701090717003e-89
  1889   8.373710149844466e-89
  1890   7.749256748303177e-89
[TRUERES]   1890  7.749256748303177e-89  7.749266870552090e-89
  1891   7.189709016374340e-89
  1892   6.693667803969916e-89
  1893   6.222393387479322e-89
  1894   5.765573695879563e-89
  1895   5.365388167521200e-89
  1896   4.974722246514837e-89
  1897   4.590860099563533e-89
  1898   4.220482300934789e-89
  1899   3.853068934908530e-89
  1900   3.520017786431035e-89
[TRUERES]   1900  3.520017786431035e-89  3.520028146109565e-89
  1901   3.215054586421148e-89
  1902   2.912778656343570e-89
  1903   2.623756183578335e-89
  1904   2.338049919758588e-89
  1905   2.070606961431132e-89
  1906   1.837703449443609e-89
  1907   1.625174006958031e-89
  1908   1.430116599075754e-89
  1909   1.252996349213832e-89
  1910   1.085074214635392e-89
[TRUERES]   1910  1.085074214635392e-89  1.085086607888238e-89
  1911   9.325183121221955e-90
  1912   7.973213705589708e-90
  1913   6.757025998205615e-90
  1914   5.696637449590720e-90
  1915   4.765964613242088e-90
  1916   3.960439269621414e-90
  1917   3.289266438839874e-90
  1918   2.723306937698635e-90
  1919   2.249953568506768e-90
  1920   1.861014359297705e-90
[TRUERES]   1920  1.861014359297705e-90  1.861164038482586e-90
  1921   1.533984457932653e-90
  1922   1.264186304652179e-90
  1923   1.042182258196916e-90
  1924   8.558521703109633e-91
converged:
  nconv = 1924
    0    0     1925     3.2996e-92     4.0670e-32
ASolver_CGNR<Afield<double,ACCEL> >: solver starts
  mode_prev = D
  snorm =  2.597553604278432e+01
  init:  8.319459904340012e-01
     0   4.270485473685589e-02
[TRUERES]      0  4.270485473685589e-02  4.270485473685589e-02
     1   1.340081729866049e-02
