Bridge++ 2.0.0

input filename : main.yaml

file = main.yaml

Lattice parameters:
  Lx = 16,  Ly = 16,  Lz = 16,  Lt = 16,
  Nx = 16,  Ny = 16,  Nz = 16,  Nt = 16,
  NPEx = 1,  NPEy  = 1,  NPEz  = 1,  NPEt  = 1,
  Lvol = 65536,  Nvol = 65536,  NPE = 1,
  Ndim = 4
  Nc   = 3
  Nd   = 4

ThreadManager: initialization
Warning at ThreadManager: Nthread(env) != Nthread(input)
  Number of threads(env)   = 2
  Number of threads(input) = 1
  reset Nthread = Nthread(input).
  Number of threads = 1
Main: input parameters
  lattice_size     = [16, 16, 16, 16]
  grid_size        = [1, 1, 1, 1]
  number of thread = 1
  number of color  = 3
  logfile          = stdout
  ildg_logfile     = stdout
  vlevel           = General

Alt_Accel code is being setup.
DeviceManager_CUDA: being initialized.
  process_id = 0
  number of devices = 1
  device_id = 0  is used on process = 0
------------------------------------------------
Alt_Accel: Factory entries
------------------------------------------------
AFopr<double, ACCEL> >(void):
AFopr<double, ACCEL>(Parameters&):
	Clover
	CloverTerm
	Clover_dd
	Domainwall
	Domainwall_5din
	Domainwall_5din_dd
	Domainwall_5din_eo
	Domainwall_eo
	Wilson
	Wilson_dd
AFopr<double, ACCEL>(Fopr*):
	Domainwall
AFopr<double, ACCEL>(Fopr*, Director*):
AFopr<float, ACCEL> >(void):
AFopr<float, ACCEL>(Parameters&):
	Clover
	CloverTerm
	Clover_dd
	Domainwall
	Domainwall_5din
	Domainwall_5din_dd
	Domainwall_5din_eo
	Domainwall_eo
	Wilson
	Wilson_dd
AFopr<float, ACCEL>(Fopr*):
	Domainwall
AFopr<float, ACCEL>(Fopr*, Director*):
AEigensolver<AField<float, ACCEL> >, Afopr>(Fopr*):
	IRArnoldi
	IRLanczos
------------------------------------------------
Timer: timestamp: 2026/06/05 21:56:45 +0900
file = test_alt_Spectrum_Domainwall_5din_Hadron2ptFunction.yaml

--------------------------------------------------------------------
test name: Spectrum_Domainwall_alt.hadron_2ptFunction
test file: test_alt_Spectrum_Domainwall_5din_Hadron2ptFunction.yaml
test mode: float_eo
file = test_alt_Spectrum_Domainwall_5din_Hadron2ptFunction.yaml
  vlevel       = General
  source_type  = Local
Smearing parameters (assumes APE-Stout):
   proj_type:  Stout_SU3
   smear_type: APE
   rho_uniform: 0.100000
   number_of_smearing: 0
  vlevel       = General

Configuration setup:
  gconf_status = Continue
  gconf_read   = Text_4x4x4x8
  readfile     = ./conf_04040408.txt
  plaq = 0.625130

Gauge fixing:
  Gauge fixing type = None
Parameters: get_string: key 'filename_output' not found.
Elapsed time: calc_plqauette: total         0.19 sec, count    1, average         0.19 sec
plaquette (before smearing):       0.625129946974939
applying smearing
Smear_APE:
  rho =   0.1000
Director_Smear:
  Nsmear = 0
Parameters: get_string: key 'filename_output' not found.
Elapsed time: calc_plqauette: total         0.19 sec, count    1, average         0.19 sec
Elapsed time: smearig: total         0.20 sec, count    1, average         0.20 sec
plaquette (after smearing):        0.625129946974939
  gmset_type   = Dirac
Gamma matrix: dirac representation.
Fopr_Domainwall: construction
  Imp::Fopr_Wilson: construction
    Gauge group implementation: SU(3)
    Imp::Fopr_Wilson: input parameters
      gamma-matrix type = Dirac
      kappa  =   0.20833333
      boundary[0] =  1
      boundary[1] =  1
      boundary[2] =  1
      boundary[3] = -1
  Imp::Fopr_Wilson: construction finished.
  Fopr_Domainwall: input parameters
    mq   =   0.1000
    M0   =   1.6000
    Ns   =    8
    boundary[0] =  1
    boundary[1] =  1
    boundary[2] =  1
    boundary[3] = -1
    coefficients:
    b[ 0] =     1.5000000000  c[ 0] =     0.5000000000
    b[ 1] =     1.5000000000  c[ 1] =     0.5000000000
    b[ 2] =     1.5000000000  c[ 2] =     0.5000000000
    b[ 3] =     1.5000000000  c[ 3] =     0.5000000000
    b[ 4] =     1.5000000000  c[ 4] =     0.5000000000
    b[ 5] =     1.5000000000  c[ 5] =     0.5000000000
    b[ 6] =     1.5000000000  c[ 6] =     0.5000000000
    b[ 7] =     1.5000000000  c[ 7] =     0.5000000000
Fopr_Domainwall: construction finished.
Fopr_Domainwall: input parameters
  mq   =   0.1000
  M0   =   1.6000
  Ns   =    8
  boundary[0] =  1
  boundary[1] =  1
  boundary[2] =  1
  boundary[3] = -1
  coefficients:
  b[ 0] =     1.5000000000  c[ 0] =     0.5000000000
  b[ 1] =     1.5000000000  c[ 1] =     0.5000000000
  b[ 2] =     1.5000000000  c[ 2] =     0.5000000000
  b[ 3] =     1.5000000000  c[ 3] =     0.5000000000
  b[ 4] =     1.5000000000  c[ 4] =     0.5000000000
  b[ 5] =     1.5000000000  c[ 5] =     0.5000000000
  b[ 6] =     1.5000000000  c[ 6] =     0.5000000000
  b[ 7] =     1.5000000000  c[ 7] =     0.5000000000
Imp::Fopr_Wilson: construction
  Gauge group implementation: SU(3)
  Imp::Fopr_Wilson: input parameters
    gamma-matrix type = Dirac
    kappa  =   0.20833333
    boundary[0] =  1
    boundary[1] =  1
    boundary[2] =  1
    boundary[3] = -1
Imp::Fopr_Wilson: construction finished.
Source for spinor field - local:
  source_position[0] = 0
  source_position[1] = 0
  source_position[2] = 0
  source_position[3] = 0

Check of fermion operator (even-odd)
norm of source vector: 1.000000
AFopr_Domainwall_5din_eo<AField<float,ACCEL> >: construction
  do_comm[0] = 0
  do_comm[1] = 0
  do_comm[2] = 0
  do_comm[3] = 0
    extended_precision = true
    su3_reconstruction = false
  AFopr_Domainwall_5din_eo<AField<float,ACCEL> >: input parameters
    gamma matrix repr.:  Dirac
    code implementation: 5d
    mq   =   0.1000
    M0   =   1.6000
    Ns   =    8
    boundary[0] =  1
    boundary[1] =  1
    boundary[2] =  1
    boundary[3] = -1
    coefficients:
      b[ 0] =     1.5000000000  c[ 0] =     0.5000000000
      b[ 1] =     1.5000000000  c[ 1] =     0.5000000000
      b[ 2] =     1.5000000000  c[ 2] =     0.5000000000
      b[ 3] =     1.5000000000  c[ 3] =     0.5000000000
      b[ 4] =     1.5000000000  c[ 4] =     0.5000000000
      b[ 5] =     1.5000000000  c[ 5] =     0.5000000000
      b[ 6] =     1.5000000000  c[ 6] =     0.5000000000
      b[ 7] =     1.5000000000  c[ 7] =     0.5000000000
    alpha =   1.0000
convert required.
convert performed.

[D check]
norm2(abq) = 1.000000
norm2(y5)  = 114.990748
norm2(z5)  = 114.990741
norm2(axq) = 114.990738
diff2 = 0.000000
Elapsed time: afopr_Domainwall_5din_eo: Deo & dagger   : total         0.00 sec, count    2, average         0.00 sec
Elapsed time: afopr_Domainwall_5din_eo: Dee_inv & dag  : total         0.00 sec, count   18, average         0.00 sec
Elapsed time: afopr_Domainwall_5din_eo: clear          : total         0.00 sec, count    0, average         0.00 sec
Elapsed time: afopr_Domainwall_5din_eo: pack           : total         0.00 sec, count    0, average         0.00 sec
Elapsed time: afopr_Domainwall_5din_eo: bulk           : total         0.00 sec, count    2, average         0.00 sec
Elapsed time: afopr_Domainwall_5din_eo: boundary       : total         0.00 sec, count    0, average         0.00 sec
Elapsed time: afopr_Domainwall_5din_eo: comm           : total         0.00 sec, count    0, average         0.00 sec
Elapsed time: afopr_Domainwall_5din_eo: comm_recv_wait : total         0.00 sec, count    0, average         0.00 sec
Elapsed time: afopr_Domainwall_5din_eo: comm_send_wait : total         0.00 sec, count    0, average         0.00 sec
Elapsed time: afopr_Domainwall_5din_eo: comm_recv_start: total         0.00 sec, count    0, average         0.00 sec
Elapsed time: afopr_Domainwall_5din_eo: comm_send_start: total         0.00 sec, count    0, average         0.00 sec
Elapsed time: afopr_Domainwall_5din_eo: comm_test_all  : total         0.00 sec, count    0, average         0.00 sec

Fprop_alt_Standard_eo<Afield<float,ACCEL> >: being setup (without link smearing).
  AFopr_Domainwall_5din_eo<AField<float,ACCEL> >: construction
    do_comm[0] = 0
    do_comm[1] = 0
    do_comm[2] = 0
    do_comm[3] = 0
      extended_precision = true
      su3_reconstruction = false
    AFopr_Domainwall_5din_eo<AField<float,ACCEL> >: input parameters
      gamma matrix repr.:  Dirac
      code implementation: 5d
      mq   =   0.1000
      M0   =   1.6000
      Ns   =    8
      boundary[0] =  1
      boundary[1] =  1
      boundary[2] =  1
      boundary[3] = -1
      coefficients:
        b[ 0] =     1.5000000000  c[ 0] =     0.5000000000
        b[ 1] =     1.5000000000  c[ 1] =     0.5000000000
        b[ 2] =     1.5000000000  c[ 2] =     0.5000000000
        b[ 3] =     1.5000000000  c[ 3] =     0.5000000000
        b[ 4] =     1.5000000000  c[ 4] =     0.5000000000
        b[ 5] =     1.5000000000  c[ 5] =     0.5000000000
        b[ 6] =     1.5000000000  c[ 6] =     0.5000000000
        b[ 7] =     1.5000000000  c[ 7] =     0.5000000000
      alpha =   1.0000
  ASolver_CGNR<Afield<float,ACCEL> >:
  ASolver_CG<Afield<float,ACCEL> >:
    Precision: float
    Niter     = 550
    Stop_cond =   0.00000000e+00
    init_guess_mode: 0
    true_residual_interval = 10 (logging [TRUERES])
    refinement_iterations = 0
Fprop_alt_Standard_eo<Afield<float,ACCEL> >: setup finished.

Fprop_alt_Standard_eo<Afield<float,ACCEL> >: mult performance:
  mult mode = Dee_inv
  Number of mult =                400
  Elapsed time   =       0.079861 sec
  Flop(Fopr)     =           62914560
  Flop(total)    =        25165824000
  Performance    =     315.121 GFlops

Fprop_alt_Standard_eo<Afield<float,ACCEL> >: mult performance:
  mult mode = Doe
  Number of mult =                400
  Elapsed time   =       0.188799 sec
  Flop(Fopr)     =          390070272
  Flop(total)    =       156028108800
  Performance    =     826.424 GFlops

Fprop_alt_Standard_eo<Afield<float,ACCEL> >: mult performance:
  mult mode = D
  Number of mult =                400
  Elapsed time   =       0.648510 sec
  Flop(Fopr)     =          912261120
  Flop(total)    =       364904448000
  Performance    =     562.681 GFlops

Fprop_alt_Standard_eo<Afield<float,ACCEL> >: mult performance:
  mult mode = Ddag
  Number of mult =                400
  Elapsed time   =       0.686716 sec
  Flop(Fopr)     =          912261120
  Flop(total)    =       364904448000
  Performance    =     531.376 GFlops

Fprop_alt_Standard_eo<Afield<float,ACCEL> >: mult performance:
  mult mode = DdagD
  Number of mult =                400
  Elapsed time   =       1.323532 sec
  Flop(Fopr)     =         1824522240
  Flop(total)    =       729808896000
  Performance    =     551.410 GFlops

Solving quark propagator:
  color spin   Nconv      diff           diff2
ASolver_CGNR<Afield<float,ACCEL> >: solver starts
  mode_prev = D
  snorm =  2.590305900573730e+01
ASolver_CG solve_CG_init: m_x.nin() = 192, m_s.nin() = 192
  init:  8.347145318984985e-01
     0   4.468799382448196e-02
[TRUERES]      0  4.468799382448196e-02  4.468799382448196e-02
     1   1.499957777559757e-02
     2   1.233441103249788e-02
     3   3.921584691852331e-03
     4   2.187426667660475e-03
     5   1.758620026521385e-03
     6   7.879711338318884e-04
     7   5.676190485246480e-04
     8   4.319996514823288e-04
     9   2.392173482803628e-04
    10   2.044371212832630e-04
[TRUERES]     10  2.044371212832630e-04  2.044371649390087e-04
    11   1.526334381196648e-04
    12   1.003738216240890e-04
    13   9.289169247495010e-05
    14   6.684543768642470e-05
    15   4.951637311023660e-05
    16   4.645762601285242e-05
    17   3.352438943693414e-05
    18   2.812922321027145e-05
    19   2.574426071078051e-05
    20   1.896807407320011e-05
[TRUERES]     20  1.896807407320011e-05  1.896807771117892e-05
    21   1.707832780084573e-05
    22   1.499020891060354e-05
    23   1.173815962829394e-05
    24   1.131159297074191e-05
    25   9.644427336752415e-06
    26   7.947953235998284e-06
    27   7.577328688057605e-06
    28   6.118012606748380e-06
    29   5.241627150098793e-06
    30   4.857621206610929e-06
[TRUERES]     30  4.857621206610929e-06  4.857622570852982e-06
    31   3.888605533575173e-06
    32   3.521150347296498e-06
    33   3.203097548976075e-06
    34   2.639678768900922e-06
    35   2.507434373910655e-06
    36   2.236467480543070e-06
    37   1.932280838445877e-06
    38   1.900874508464767e-06
    39   1.692370915407082e-06
    40   1.547623469377868e-06
[TRUERES]     40  1.547623469377868e-06  1.547626425235649e-06
    41   1.518359795227298e-06
    42   1.317815190304827e-06
    43   1.214690314554900e-06
    44   1.129286829382181e-06
    45   9.483394478593254e-07
    46   8.782712939137127e-07
    47   7.791630878273281e-07
    48   6.560613314832153e-07
    49   6.079832246541628e-07
    50   5.227986434874765e-07
[TRUERES]     50  5.227986434874765e-07  5.227986434874765e-07
    51   4.514849933912046e-07
    52   4.203167520699935e-07
    53   3.570524711449252e-07
    54   3.169576245909411e-07
    55   2.894879571613274e-07
    56   2.438346200506203e-07
    57   2.223457187255917e-07
    58   1.996024394657070e-07
    59   1.694226483550665e-07
    60   1.559500191206098e-07
[TRUERES]     60  1.559500191206098e-07  1.559487401436854e-07
    61   1.360397021699100e-07
    62   1.172198764720633e-07
    63   1.085331007288914e-07
    64   9.342775086906840e-08
    65   8.246060190231219e-08
    66   7.551803093974740e-08
    67   6.435181632014064e-08
    68   5.832735539001987e-08
    69   5.308427475370081e-08
    70   4.593889713078170e-08
[TRUERES]     70  4.593889713078170e-08  4.593863778268314e-08
    71   4.277439913380476e-08
    72   3.853550367693970e-08
    73   3.395054903876371e-08
    74   3.186267605315152e-08
    75   2.822299727256450e-08
    76   2.530463305561170e-08
    77   2.362565609814737e-08
    78   2.071152493954287e-08
    79   1.889122280829270e-08
    80   1.739873134454228e-08
[TRUERES]     80  1.739873134454228e-08  1.739904931241654e-08
    81   1.514645120437308e-08
    82   1.390382475818797e-08
    83   1.242693858927169e-08
    84   1.071702904198446e-08
    85   9.728060135216765e-09
    86   8.387145200572377e-09
    87   7.228977860762598e-09
    88   6.518619422024585e-09
    89   5.559353866146921e-09
    90   4.858300872712107e-09
[TRUERES]     90  4.858300872712107e-09  4.858638824600803e-09
    91   4.317334489911673e-09
    92   3.626165367975887e-09
    93   3.185474772848806e-09
    94   2.781520347383548e-09
    95   2.358359507681485e-09
    96   2.114957320387134e-09
    97   1.839977392670278e-09
    98   1.585738207410259e-09
    99   1.433653529225865e-09
   100   1.239527147589570e-09
[TRUERES]    100  1.239527147589570e-09  1.239695790467010e-09
   101   1.089986989555314e-09
   102   9.845095849669860e-10
   103   8.467805900913561e-10
   104   7.541474111860680e-10
   105   6.713024025550851e-10
   106   5.763292620919458e-10
   107   5.187959506436357e-10
   108   4.574407796997804e-10
   109   3.986870000804998e-10
   110   3.645848900557525e-10
[TRUERES]    110  3.645848900557525e-10  3.647334934075985e-10
   111   3.236226286951194e-10
   112   2.919955666147445e-10
   113   2.726579517720040e-10
   114   2.434646928506368e-10
   115   2.227433237855792e-10
   116   2.037142676769577e-10
   117   1.782410330442019e-10
   118   1.612583122589939e-10
   119   1.429889401327600e-10
   120   1.235610225247541e-10
[TRUERES]    120  1.235610225247541e-10  1.237246277652204e-10
   121   1.107172548087121e-10
   122   9.575860243637990e-11
   123   8.267874579415135e-11
   124   7.368241433658440e-11
   125   6.307365740809701e-11
   126   5.496603866506078e-11
   127   4.833352468258667e-11
   128   4.083811760979827e-11
   129   3.574862628141773e-11
   130   3.115271235420991e-11
[TRUERES]    130  3.115271235420991e-11  3.134020820638739e-11
   131   2.660415117372583e-11
   132   2.378901242661158e-11
   133   2.096461546030604e-11
   134   1.845456600035877e-11
   135   1.681137347386841e-11
   136   1.475936733941197e-11
   137   1.306357712976824e-11
   138   1.169884154827994e-11
   139   1.004462832354669e-11
   140   8.845610875718446e-12
[TRUERES]    140  8.845610875718446e-12  9.035851927796656e-12
   141   7.791744680019086e-12
   142   6.711086547595002e-12
   143   6.006251052070866e-12
   144   5.310015448178884e-12
   145   4.634919618246025e-12
   146   4.190287006267113e-12
   147   3.679726662264571e-12
   148   3.252947824300412e-12
   149   2.931271544936997e-12
   150   2.547054364296364e-12
[TRUERES]    150  2.547054364296364e-12  2.765193456155668e-12
   151   2.257600790339653e-12
   152   2.011750791994227e-12
   153   1.750601833633292e-12
   154   1.574810811269534e-12
   155   1.400349020769243e-12
   156   1.219545081240780e-12
   157   1.091243198234060e-12
   158   9.514535426885518e-13
   159   8.313479570552784e-13
   160   7.431696859468151e-13
[TRUERES]    160  7.431696859468151e-13  9.664906678794050e-13
   161   6.432012583136582e-13
   162   5.650832449535792e-13
   163   4.996463854635425e-13
   164   4.289090783926586e-13
   165   3.772560876972447e-13
   166   3.287202053527810e-13
   167   2.814136998516986e-13
   168   2.482764970175577e-13
   169   2.154996694330238e-13
   170   1.876111977361025e-13
[TRUERES]    170  1.876111977361025e-13  4.393910094709769e-13
   171   1.681646900723865e-13
   172   1.474220051589370e-13
   173   1.316094450217950e-13
   174   1.198421245053594e-13
   175   1.064413111145392e-13
   176   9.691300360955765e-14
   177   8.777601854994405e-14
   178   7.763092875782626e-14
   179   7.036022155529342e-14
   180   6.223988609655590e-14
[TRUERES]    180  6.223988609655590e-14  3.457075934115011e-13
   181   5.413027407493061e-14
   182   4.794798726896060e-14
   183   4.121019931552228e-14
   184   3.558064216521717e-14
   185   3.115241829147568e-14
   186   2.655147592945956e-14
   187   2.320110317516506e-14
   188   2.029838394536267e-14
   189   1.735651993493587e-14
   190   1.517199994111040e-14
[TRUERES]    190  1.517199994111040e-14  3.262515041110858e-13
   191   1.312379888871720e-14
   192   1.131984402182951e-14
   193   1.009275755553757e-14
   194   8.891354822272279e-15
   195   7.932953136080036e-15
   196   7.246943693197620e-15
   197   6.459765905644571e-15
   198   5.861527287306066e-15
   199   5.346845081082409e-15
   200   4.749474671514840e-15
[TRUERES]    200  4.749474671514840e-15  3.466655673460550e-13
   201   4.306488722078576e-15
   202   3.861627865213565e-15
   203   3.408338607006900e-15
   204   3.081456098925493e-15
   205   2.725063174719984e-15
   206   2.400835267895272e-15
   207   2.157339130064552e-15
   208   1.896769560874264e-15
   209   1.693825125393344e-15
   210   1.532452961084546e-15
[TRUERES]    210  1.532452961084546e-15  3.482556311471680e-13
   211   1.353510262955260e-15
   212   1.219657034432452e-15
   213   1.096666156425233e-15
   214   9.700711532274471e-16
   215   8.789348020862983e-16
   216   7.873276594451536e-16
   217   7.040503976259854e-16
   218   6.437579042261547e-16
   219   5.750280626991647e-16
   220   5.158917692723360e-16
[TRUERES]    220  5.158917692723360e-16  3.525377689425624e-13
   221   4.668607377249288e-16
   222   4.115958613230852e-16
   223   3.682343918685654e-16
   224   3.291351657348497e-16
   225   2.878735703659122e-16
   226   2.567021755718027e-16
   227   2.258506415944001e-16
   228   1.963342168303275e-16
   229   1.742862536157635e-16
   230   1.516967716501080e-16
[TRUERES]    230  1.516967716501080e-16  3.585753926855367e-13
   231   1.328400712387735e-16
   232   1.185736805966265e-16
   233   1.040022323620149e-16
   234   9.268832064131063e-17
   235   8.285365931875736e-17
   236   7.239197523955420e-17
   237   6.423772802267996e-17
   238   5.623319387923291e-17
   239   4.835386510202435e-17
   240   4.215300821041653e-17
[TRUERES]    240  4.215300821041653e-17  3.640498005049592e-13
   241   3.583340457879306e-17
   242   3.025009757146018e-17
   243   2.582610404495507e-17
   244   2.156898758958764e-17
   245   1.831871372145852e-17
   246   1.577791266471614e-17
   247   1.347457779104487e-17
   248   1.180634061116324e-17
   249   1.031825013380585e-17
   250   8.920592004096443e-18
[TRUERES]    250  8.920592004096443e-18  3.656510315884487e-13
   251   7.900765162782878e-18
   252   6.941663304598056e-18
   253   6.116865799389794e-18
   254   5.501885551687751e-18
   255   4.867704787607127e-18
   256   4.341106306814537e-18
   257   3.904051781692038e-18
   258   3.437352964572016e-18
   259   3.084445662008158e-18
   260   2.782038563021275e-18
[TRUERES]    260  2.782038563021275e-18  3.664989318974410e-13
   261   2.477459080950674e-18
   262   2.239496382716879e-18
   263   1.991710501118710e-18
   264   1.748779135740461e-18
   265   1.558725291019665e-18
   266   1.364426665587976e-18
   267   1.204656937068512e-18
   268   1.076961033403215e-18
   269   9.455120045036119e-19
   270   8.448382819928323e-19
[TRUERES]    270  8.448382819928323e-19  3.670041701098192e-13
   271   7.568073947594663e-19
   272   6.668679950577873e-19
   273   5.979582665629854e-19
   274   5.314147916079679e-19
   275   4.687591689295263e-19
   276   4.207349754198640e-19
   277   3.709600541437333e-19
   278   3.260414843945072e-19
   279   2.885400622522852e-19
   280   2.490625573254622e-19
[TRUERES]    280  2.490625573254622e-19  3.676593805877065e-13
   281   2.159685085832876e-19
   282   1.877270115070787e-19
   283   1.608881413311212e-19
   284   1.410055240646109e-19
   285   1.238549680390895e-19
   286   1.083712843454391e-19
   287   9.706457193949737e-20
   288   8.607695091719651e-20
   289   7.633998174463608e-20
   290   6.885119900411528e-20
[TRUERES]    290  6.885119900411528e-20  3.678325547797068e-13
   291   6.124588073245253e-20
   292   5.486930048664609e-20
   293   4.954421220223661e-20
   294   4.410274348305003e-20
   295   3.979518105613453e-20
   296   3.570321873223700e-20
   297   3.155715039522541e-20
   298   2.825361721088736e-20
   299   2.502740118001602e-20
   300   2.205301317805305e-20
[TRUERES]    300  2.205301317805305e-20  3.679560725122072e-13
   301   1.968637351294354e-20
   302   1.728048315841612e-20
   303   1.520244713214379e-20
   304   1.351925979360126e-20
   305   1.181915402659260e-20
   306   1.045150135661566e-20
   307   9.233586956762868e-21
   308   8.016507815458295e-21
   309   7.035755952305970e-21
   310   6.090653634850119e-21
[TRUERES]    310  6.090653634850119e-21  3.680006874316050e-13
   311   5.209631157679418e-21
   312   4.508730490066407e-21
   313   3.852028247468864e-21
   314   3.303356075598495e-21
   315   2.870854312177809e-21
   316   2.455928521186741e-21
   317   2.115853286005702e-21
   318   1.829443008651175e-21
   319   1.566302436682887e-21
   320   1.373951137392610e-21
[TRUERES]    320  1.373951137392610e-21  3.680082497417581e-13
   321   1.206828442888416e-21
   322   1.059545461311012e-21
   323   9.497500587174724e-22
   324   8.424446797940453e-22
   325   7.476208726831912e-22
   326   6.713170457591277e-22
   327   5.956862623376243e-22
   328   5.324456185943353e-22
   329   4.779624163716050e-22
   330   4.221034154866204e-22
[TRUERES]    330  4.221034154866204e-22  3.680096863096366e-13
   331   3.773290084143710e-22
   332   3.366143698612021e-22
   333   2.972344082290202e-22
   334   2.666306188307307e-22
   335   2.363091280405400e-22
   336   2.095001761149215e-22
   337   1.875205927857426e-22
   338   1.654004659976895e-22
   339   1.467474775513915e-22
   340   1.313401026828878e-22
[TRUERES]    340  1.313401026828878e-22  3.680088189478986e-13
   341   1.160549444567082e-22
   342   1.035962874757100e-22
   343   9.245423934552567e-23
   344   8.162584231125721e-23
   345   7.331745197238640e-23
   346   6.532446084519744e-23
   347   5.783647953686924e-23
   348   5.184809441037360e-23
   349   4.579549916163659e-23
   350   4.050654651270249e-23
[TRUERES]    350  4.050654651270249e-23  3.680086292125184e-13
   351   3.608317622518757e-23
   352   3.169292231847383e-23
   353   2.816159278713921e-23
   354   2.523628040269167e-23
   355   2.247183568948042e-23
   356   2.042637300478389e-23
   357   1.854184267791788e-23
   358   1.676535631835275e-23
   359   1.536354575660958e-23
   360   1.392154588718902e-23
[TRUERES]    360  1.392154588718902e-23  3.680091171034960e-13
   361   1.255544153659887e-23
   362   1.138579195040134e-23
   363   1.014415091799334e-23
   364   9.095396632103644e-24
   365   8.170689145838142e-24
   366   7.245250385513501e-24
   367   6.482705485660210e-24
   368   5.780294663751011e-24
   369   5.103403492125711e-24
   370   4.563603724053340e-24
[TRUERES]    370  4.563603724053340e-24  3.680091984186590e-13
   371   4.029062897205625e-24
   372   3.533103679510460e-24
   373   3.133655479897069e-24
   374   2.745251530171999e-24
   375   2.423843762190313e-24
   376   2.156529961416668e-24
   377   1.899108870824948e-24
   378   1.687132873691652e-24
   379   1.486664680836107e-24
   380   1.291755393564428e-24
[TRUERES]    380  1.291755393564428e-24  3.680092526287676e-13
   381   1.133510980660838e-24
   382   9.810323521135079e-25
   383   8.437245048497096e-25
   384   7.303722432137906e-25
   385   6.214782289837282e-25
   386   5.277492767956345e-25
   387   4.499521101455777e-25
   388   3.783415851447168e-25
   389   3.229301709211496e-25
   390   2.768423776920994e-25
[TRUERES]    390  2.768423776920994e-25  3.680092797338219e-13
   391   2.366869910336342e-25
   392   2.065688116882167e-25
   393   1.795288045728265e-25
   394   1.555649235794907e-25
   395   1.362170744990073e-25
   396   1.178159817643055e-25
   397   1.025386796066658e-25
   398   9.049595367946512e-26
   399   7.920055636342073e-26
   400   6.998659319770527e-26
[TRUERES]    400  6.998659319770527e-26  3.680092797338219e-13
   401   6.197173558578068e-26
   402   5.413962869590701e-26
   403   4.783232214309153e-26
   404   4.208335038487367e-26
   405   3.671944443750474e-26
   406   3.238270934444342e-26
   407   2.831680006090580e-26
   408   2.487316028314365e-26
   409   2.215033907603928e-26
   410   1.953294789632254e-26
[TRUERES]    410  1.953294789632254e-26  3.680092797338219e-13
   411   1.739127682030900e-26
   412   1.557727267982582e-26
   413   1.376955169319321e-26
   414   1.230289287004015e-26
   415   1.097130875835070e-26
   416   9.678767868865854e-27
   417   8.609259681776756e-27
   418   7.565556644826514e-27
   419   6.587070218025091e-27
   420   5.741960217662316e-27
[TRUERES]    420  5.741960217662316e-27  3.680092797338219e-13
   421   4.926526871812605e-27
   422   4.234064538098007e-27
   423   3.662883790771307e-27
   424   3.145936075120585e-27
   425   2.734135467748656e-27
   426   2.383789358972180e-27
   427   2.060919722340298e-27
   428   1.800724275737649e-27
   429   1.565179095382705e-27
   430   1.353824846983727e-27
[TRUERES]    430  1.353824846983727e-27  3.680092797338219e-13
   431   1.186557349831210e-27
   432   1.031070958741503e-27
   433   8.966222708063164e-28
   434   7.866498894966066e-28
   435   6.821925530273956e-28
   436   5.977070619332316e-28
   437   5.277673493370466e-28
   438   4.642112278380303e-28
   439   4.150597141720695e-28
   440   3.711278317672627e-28
[TRUERES]    440  3.711278317672627e-28  3.680092797338219e-13
   441   3.301863407871059e-28
   442   2.975709338460268e-28
   443   2.654889613512944e-28
   444   2.371013076758855e-28
   445   2.134692565156549e-28
   446   1.897118634272310e-28
   447   1.695938760805915e-28
   448   1.521430368915609e-28
   449   1.348387128230496e-28
   450   1.202304378983752e-28
[TRUERES]    450  1.202304378983752e-28  3.680092797338219e-13
   451   1.063502969003628e-28
   452   9.269589896595694e-29
   453   8.099865511516169e-29
   454   6.972811909913866e-29
   455   5.967696155328011e-29
   456   5.144590410136471e-29
   457   4.373965052223268e-29
   458   3.716905764599505e-29
   459   3.167520104415017e-29
   460   2.661945137493585e-29
[TRUERES]    460  2.661945137493585e-29  3.680092797338219e-13
   461   2.247129769664678e-29
   462   1.894260885254049e-29
   463   1.583680908523856e-29
   464   1.339867807214154e-29
   465   1.128078632676220e-29
   466   9.487724483678915e-30
   467   8.092628227897027e-30
   468   6.870754324285079e-30
   469   5.869733803938393e-30
   470   5.082231958266028e-30
[TRUERES]    470  5.082231958266028e-30  3.680092797338219e-13
   471   4.372742688561690e-30
   472   3.807522874968801e-30
   473   3.337370649781150e-30
   474   2.912386748004071e-30
   475   2.589047748703047e-30
   476   2.308189798687068e-30
   477   2.059311689702724e-30
   478   1.864599231929693e-30
   479   1.676645208397055e-30
   480   1.508090603234907e-30
[TRUERES]    480  1.508090603234907e-30  3.680092797338219e-13
   481   1.371326819612781e-30
   482   1.232069013136403e-30
   483   1.108302153333805e-30
   484   9.976602992152002e-31
   485   8.875633102380886e-31
   486   7.936467659011756e-31
   487   7.032628642071278e-31
   488   6.132659822731448e-31
   489   5.374455151903045e-31
   490   4.655830786460049e-31
[TRUERES]    490  4.655830786460049e-31  3.680092797338219e-13
   491   4.005443868082288e-31
   492   3.466441152015562e-31
   493   2.970167420502356e-31
   494   2.555377546794930e-31
   495   2.211266386820526e-31
   496   1.896112002035972e-31
   497   1.635626568123981e-31
   498   1.408431957073323e-31
   499   1.201652744160571e-31
   500   1.037942821415902e-31
[TRUERES]    500  1.037942821415902e-31  3.680092797338219e-13
   501   8.944805537652764e-32
   502   7.721041862302661e-32
   503   6.754970646286995e-32
   504   5.882726801606789e-32
   505   5.162631304983739e-32
   506   4.571027920354723e-32
   507   4.019557382230718e-32
   508   3.576102432256598e-32
   509   3.196296974896452e-32
   510   2.843056220496951e-32
[TRUERES]    510  2.843056220496951e-32  3.680092797338219e-13
   511   2.560936988552427e-32
   512   2.304058999866315e-32
   513   2.062533702085912e-32
   514   1.859861578272857e-32
   515   1.662327687204040e-32
   516   1.480735997457868e-32
   517   1.325667721433269e-32
   518   1.173863132005331e-32
   519   1.044799288946416e-32
   520   9.334466927397379e-33
[TRUERES]    520  9.334466927397379e-33  3.680092797338219e-13
   521   8.279901557915934e-33
   522   7.419108350643882e-33
   523   6.640633543391976e-33
   524   5.922529187262425e-33
   525   5.352729973878415e-33
   526   4.797217057618726e-33
   527   4.282270818747899e-33
   528   3.823480883751729e-33
   529   3.341553179169546e-33
   530   2.895280054957727e-33
[TRUERES]    530  2.895280054957727e-33  3.680092797338219e-13
   531   2.501021821085824e-33
   532   2.139749979078910e-33
   533   1.847252638118762e-33
   534   1.599600222971491e-33
   535   1.378600581025682e-33
   536   1.206974181372805e-33
   537   1.057704949588598e-33
   538   9.269796922015899e-34
   539   8.204123130919183e-34
   540   7.195216074240088e-34
[TRUERES]    540  7.195216074240088e-34  3.680092797338219e-13
   541   6.290011037355039e-34
   542   5.505757022329910e-34
   543   4.749546812766547e-34
   544   4.118407824598233e-34
   545   3.592938202140410e-34
   546   3.127225707443851e-34
   547   2.758000406374427e-34
   548   2.420164937069284e-34
   549   2.105886650061108e-34
Error at ASolver_CG<Afield<float,ACCEL> >: not converged
  iter(final):      550   2.105886650061108e-34
converged:
  nconv = -1
    0    0       -1     1.4207e-14     2.1211e-13
ASolver_CGNR<Afield<float,ACCEL> >: solver starts
  mode_prev = D
  snorm =  2.593853187561035e+01
ASolver_CG solve_CG_init: m_x.nin() = 192, m_s.nin() = 192
  init:  8.359323143959045e-01
     0   4.277682304382324e-02
[TRUERES]      0  4.277682304382324e-02  4.277682304382324e-02
     1   1.335096731781960e-02
     2   1.035173889249563e-02
     3   3.240401856601238e-03
     4   1.756479265168309e-03
     5   1.383414841257036e-03
     6   6.024194881320000e-04
     7   4.089215944986790e-04
     8   3.088376251980662e-04
     9   1.651934871915728e-04
    10   1.367917720926926e-04
[TRUERES]     10  1.367917720926926e-04  1.367918303003535e-04
    11   1.027152393362485e-04
    12   6.513186235679314e-05
    13   5.791586954728700e-05
    14   4.178699236945249e-05
    15   2.954045885417145e-05
    16   2.705253245949280e-05
    17   1.948184399225283e-05
    18   1.587675251357723e-05
    19   1.475445515097817e-05
    20   1.108948799810605e-05
[TRUERES]     20  1.108948799810605e-05  1.108948345063254e-05
    21   1.007738410407910e-05
    22   9.130097168963403e-06
    23   7.076566362229642e-06
    24   6.654602202615933e-06
    25   5.683057224814547e-06
    26   4.585038368531968e-06
    27   4.363897915027337e-06
    28   3.585075091905310e-06
    29   3.021963948413031e-06
    30   2.808706540236017e-06
[TRUERES]     30  2.808706540236017e-06  2.808704266499262e-06
    31   2.231282223874587e-06
    32   1.952001639438095e-06
    33   1.772457153492724e-06
    34   1.429175995326659e-06
    35   1.315326699113939e-06
    36   1.172659153780842e-06
    37   9.820931836657110e-07
    38   9.453644906898262e-07
    39   8.356522585017956e-07
    40   7.386624361060967e-07
[TRUERES]     40  7.386624361060967e-07  7.386610150206252e-07
    41   7.167278681663447e-07
    42   6.189856094351853e-07
    43   5.613683811134251e-07
    44   5.280388677419978e-07
    45   4.435815412762167e-07
    46   4.049870767630637e-07
    47   3.601578839607100e-07
    48   2.965444707569986e-07
    49   2.688178426524246e-07
    50   2.290155265427529e-07
[TRUERES]     50  2.290155265427529e-07  2.290157539164284e-07
    51   1.917126439821004e-07
    52   1.749227607206194e-07
    53   1.473853785682877e-07
    54   1.280748875842619e-07
    55   1.170127390537345e-07
    56   9.800702827078567e-08
    57   8.799469952691652e-08
    58   7.948978009153507e-08
    59   6.738107316550668e-08
    60   6.196766122457120e-08
[TRUERES]     60  6.196766122457120e-08  6.196832202931546e-08
    61   5.484779563857956e-08
    62   4.718135926395917e-08
    63   4.387867491573161e-08
    64   3.830002270888144e-08
    65   3.374979229420205e-08
    66   3.134889325906443e-08
    67   2.709345992002454e-08
    68   2.457112735498868e-08
    69   2.273228716376252e-08
    70   1.978031427540827e-08
[TRUERES]     70  1.978031427540827e-08  1.978046704209646e-08
    71   1.835909912983880e-08
    72   1.667220317358442e-08
    73   1.455780029857578e-08
    74   1.356510104244535e-08
    75   1.203382993253399e-08
    76   1.064842436448998e-08
    77   9.921094168419131e-09
    78   8.652269123388123e-09
    79   7.736789875423256e-09
    80   7.082881836595334e-09
[TRUERES]     80  7.082881836595334e-09  7.082963104920736e-09
    81   6.106176897446858e-09
    82   5.530126578889849e-09
    83   4.951552057264053e-09
    84   4.250281460116412e-09
    85   3.857641761584318e-09
    86   3.365657308407322e-09
    87   2.887700745191069e-09
    88   2.594120473986550e-09
    89   2.204232130154082e-09
    90   1.902435320388918e-09
[TRUERES]     90  1.902435320388918e-09  1.902507040796309e-09
    91   1.686337292028384e-09
    92   1.413802519500962e-09
    93   1.232651203331159e-09
    94   1.074455635574623e-09
    95   8.955464703142013e-10
    96   7.861643558371156e-10
    97   6.736056712419725e-10
    98   5.663732260963172e-10
    99   5.016421167347573e-10
   100   4.272694142937183e-10
[TRUERES]    100  4.272694142937183e-10  4.274361697920170e-10
   101   3.677854132355662e-10
   102   3.289004901763093e-10
   103   2.811985644335380e-10
   104   2.478163230179575e-10
   105   2.205853832926152e-10
   106   1.876745703288663e-10
   107   1.666887183837673e-10
   108   1.467530125198735e-10
   109   1.268160854106526e-10
   110   1.154763298871764e-10
[TRUERES]    110  1.154763298871764e-10  1.156645057509564e-10
   111   1.025374993246508e-10
   112   9.128724859364112e-11
   113   8.448668153970829e-11
   114   7.509059346544333e-11
   115   6.807424762778069e-11
   116   6.284220366303828e-11
   117   5.555510218524518e-11
   118   5.080219578346146e-11
   119   4.610515441649810e-11
   120   4.043206394688248e-11
[TRUERES]    120  4.043206394688248e-11  4.062802178017577e-11
   121   3.678056470501900e-11
   122   3.253200833719383e-11
   123   2.850666577791650e-11
   124   2.600345286318806e-11
   125   2.286795752759474e-11
   126   2.027553645811420e-11
   127   1.826486011047290e-11
   128   1.575616546956038e-11
   129   1.394382439373620e-11
   130   1.237049612051733e-11
[TRUERES]    130  1.237049612051733e-11  1.256492566242828e-11
   131   1.065074330813820e-11
   132   9.583426066606116e-12
   133   8.509681674595537e-12
   134   7.478485712641980e-12
   135   6.814090090789815e-12
   136   6.003436896911962e-12
   137   5.294176989162347e-12
   138   4.762745319658590e-12
   139   4.102673929751166e-12
   140   3.592157170675958e-12
[TRUERES]    140  3.592157170675958e-12  3.793226583531650e-12
   141   3.155268581134241e-12
   142   2.681069125390345e-12
   143   2.353699483578775e-12
   144   2.048966465245661e-12
   145   1.759501832426791e-12
   146   1.571760733717897e-12
   147   1.372776350060112e-12
   148   1.205853450945982e-12
   149   1.089162722685277e-12
   150   9.548477460097349e-13
[TRUERES]    150  9.548477460097349e-13  1.153517277356630e-12
   151   8.554949825802238e-13
   152   7.792810992855725e-13
   153   6.916396708828154e-13
   154   6.354538206396199e-13
   155   5.834124958310760e-13
   156   5.252408750988646e-13
   157   4.860510323216605e-13
   158   4.378941599516434e-13
   159   3.903824691894181e-13
   160   3.552590892904467e-13
[TRUERES]    160  3.552590892904467e-13  5.760931011747350e-13
   161   3.104743838324570e-13
   162   2.721076131344952e-13
   163   2.397535837396492e-13
   164   2.036467511550705e-13
   165   1.766244892313293e-13
   166   1.528377576408280e-13
   167   1.294154535055533e-13
   168   1.128563049761742e-13
   169   9.682236430793786e-14
   170   8.236254289261530e-14
[TRUERES]    170  8.236254289261530e-14  3.156798010928857e-13
   171   7.204951018397951e-14
   172   6.151757028045532e-14
   173   5.320197339858494e-14
   174   4.708010037054490e-14
   175   4.086346468449784e-14
   176   3.644134961237194e-14
   177   3.279150835957569e-14
   178   2.892130979148533e-14
   179   2.622416376391566e-14
   180   2.348593833247006e-14
[TRUERES]    180  2.348593833247006e-14  2.904620446074480e-13
   181   2.071480397695773e-14
   182   1.864556686131946e-14
   183   1.630950250883483e-14
   184   1.423678069965156e-14
   185   1.261581205442511e-14
   186   1.085269095185866e-14
   187   9.483408829546406e-15
   188   8.354464682721035e-15
   189   7.165462511803545e-15
   190   6.289447908742465e-15
[TRUERES]    190  6.289447908742465e-15  2.915319624163110e-13
   191   5.484517581164387e-15
   192   4.712269172823169e-15
   193   4.159366722437030e-15
   194   3.610530030197711e-15
   195   3.126670505891691e-15
   196   2.760395036532329e-15
   197   2.373590241388601e-15
   198   2.061741721088011e-15
   199   1.814462310598380e-15
   200   1.557170864793084e-15
[TRUERES]    200  1.557170864793084e-15  2.859132201826764e-13
   201   1.361125512667550e-15
   202   1.184947106561628e-15
   203   1.011669364783579e-15
   204   8.868913001972131e-16
   205   7.673093592257783e-16
   206   6.603964900464261e-16
   207   5.819490100925019e-16
   208   5.031973394313950e-16
   209   4.388875011116352e-16
   210   3.899162383265686e-16
[TRUERES]    210  3.899162383265686e-16  2.927121706911701e-13
   211   3.390645888683771e-16
   212   2.994229969506226e-16
   213   2.652074451534199e-16
   214   2.305849999041800e-16
   215   2.052216967945034e-16
   216   1.811373340258421e-16
   217   1.584844172333711e-16
   218   1.425349059505808e-16
   219   1.269992496718631e-16
   220   1.142636196189720e-16
[TRUERES]    220  1.142636196189720e-16  2.962055785111356e-13
   221   1.050703541433924e-16
   222   9.465288121356897e-17
   223   8.653012641697585e-17
   224   7.941430188876597e-17
   225   7.129660943752168e-17
   226   6.522625517679513e-17
   227   5.913504272974244e-17
   228   5.277367971207484e-17
   229   4.811148794765651e-17
   230   4.302628594414592e-17
[TRUERES]    230  4.302628594414592e-17  2.989492063187188e-13
   231   3.851182532840711e-17
   232   3.519347780458733e-17
   233   3.151795369226716e-17
   234   2.855986317754892e-17
   235   2.613397239714118e-17
   236   2.349621419207901e-17
   237   2.151711343901321e-17
   238   1.968301579296673e-17
   239   1.769803047702323e-17
   240   1.609755179701888e-17
[TRUERES]    240  1.609755179701888e-17  3.004919989051114e-13
   241   1.421487548795839e-17
   242   1.233531185954294e-17
   243   1.074561465164260e-17
   244   9.074518735563986e-18
   245   7.697729545528675e-18
   246   6.605273351300810e-18
   247   5.573373808947033e-18
   248   4.801808684879009e-18
   249   4.142740537708502e-18
   250   3.527656478839583e-18
[TRUERES]    250  3.527656478839583e-18  3.006493437453933e-13
   251   3.073441057933906e-18
   252   2.651918089583008e-18
   253   2.282323245341506e-18
   254   2.011403189961760e-18
   255   1.749897897518939e-18
   256   1.532895128826625e-18
   257   1.361949466448533e-18
   258   1.188011995192414e-18
   259   1.049185239011874e-18
   260   9.335777528184266e-19
[TRUERES]    260  9.335777528184266e-19  3.019101895568310e-13
   261   8.209199409905552e-19
   262   7.395751029496671e-19
   263   6.665939914798791e-19
   264   5.967353317261140e-19
   265   5.450950147710996e-19
   266   4.901566253162597e-19
   267   4.394860225330989e-19
   268   3.993625153972662e-19
   269   3.562491639373606e-19
   270   3.204622545604136e-19
[TRUERES]    270  3.204622545604136e-19  3.017262817633232e-13
   271   2.906430914115188e-19
   272   2.593055607001005e-19
   273   2.349509077740959e-19
   274   2.120619025712615e-19
   275   1.895945009868878e-19
   276   1.730153070447904e-19
   277   1.557586263316180e-19
   278   1.388930857259094e-19
   279   1.243999378910942e-19
   280   1.082823688919382e-19
[TRUERES]    280  1.082823688919382e-19  3.022967347363764e-13
   281   9.383006309986776e-20
   282   8.108043105055530e-20
   283   6.824863670196161e-20
   284   5.794766606095926e-20
   285   4.913531679217118e-20
   286   4.125237602742033e-20
   287   3.547237071784935e-20
   288   3.049514419276109e-20
   289   2.643038189384978e-20
   290   2.346390542208148e-20
[TRUERES]    290  2.346390542208148e-20  3.023813296108846e-13
   291   2.058078032172498e-20
   292   1.813688489545986e-20
   293   1.616596068057748e-20
   294   1.418504567485911e-20
   295   1.261425230984078e-20
   296   1.124851491841108e-20
   297   9.911586676752951e-21
   298   8.888087993624960e-21
   299   7.909055115183096e-21
   300   6.994223246061425e-21
[TRUERES]    300  6.994223246061425e-21  3.024139098861678e-13
   301   6.309097979017308e-21
   302   5.629345346986952e-21
   303   5.040191610251027e-21
   304   4.590763138480156e-21
   305   4.119782734343158e-21
   306   3.742054827368009e-21
   307   3.416691734473372e-21
   308   3.079225672513570e-21
   309   2.806583428714076e-21
   310   2.533559300505808e-21
[TRUERES]    310  2.533559300505808e-21  3.024344555173364e-13
   311   2.249181431765717e-21
   312   2.012256386373930e-21
   313   1.758006996248628e-21
   314   1.517832197337015e-21
   315   1.311870889108239e-21
   316   1.105805476483522e-21
   317   9.357250458339546e-22
   318   7.976291004934306e-22
   319   6.728934549050235e-22
   320   5.788053457852658e-22
[TRUERES]    320  5.788053457852658e-22  3.024080009843277e-13
   321   4.980625417495385e-22
   322   4.252546434348269e-22
   323   3.689902311534311e-22
   324   3.173601558091552e-22
   325   2.720892586158215e-22
   326   2.372145636548909e-22
   327   2.048160084121405e-22
   328   1.780397342606599e-22
   329   1.562369693702209e-22
   330   1.348601515032778e-22
[TRUERES]    330  1.348601515032778e-22  3.024081636146536e-13
   331   1.175023590673822e-22
   332   1.023557121943850e-22
   333   8.781458233046088e-23
   334   7.635276785462339e-23
   335   6.614321642328270e-23
   336   5.721293863383359e-23
   337   5.045305385291904e-23
   338   4.409908533939501e-23
   339   3.885501887596799e-23
   340   3.470473330117886e-23
[TRUERES]    340  3.470473330117886e-23  3.024077299337846e-13
   341   3.055681115366177e-23
   342   2.717641911248852e-23
   343   2.429543440002716e-23
   344   2.138512299455330e-23
   345   1.902750804966082e-23
   346   1.680449801874800e-23
   347   1.466684116005830e-23
   348   1.298968106593045e-23
   349   1.138875333423954e-23
   350   9.975792223601070e-24
[TRUERES]    350  9.975792223601070e-24  3.024077299337846e-13
   351   8.827710883413187e-24
   352   7.694804860459041e-24
   353   6.741725202876360e-24
   354   5.924251523762077e-24
   355   5.117579717022986e-24
   356   4.482703277209757e-24
   357   3.940005234171605e-24
   358   3.456255216706544e-24
   359   3.101295419488772e-24
   360   2.766152005425377e-24
[TRUERES]    360  2.766152005425377e-24  3.024077299337846e-13
   361   2.460126433449822e-24
   362   2.218100752284395e-24
   363   1.974076492015590e-24
   364   1.768202333984178e-24
   365   1.593834787469229e-24
   366   1.415899716118030e-24
   367   1.266262170120853e-24
   368   1.128806214222100e-24
   369   9.912505660264488e-25
   370   8.760467985421696e-25
[TRUERES]    370  8.760467985421696e-25  3.024077299337846e-13
   371   7.663058928265458e-25
   372   6.686254870603935e-25
   373   5.934437394377904e-25
   374   5.241378222677261e-25
   375   4.679448441023112e-25
   376   4.250824319437735e-25
   377   3.831842050266423e-25
   378   3.514554059058447e-25
   379   3.245496037519552e-25
   380   2.986340192493444e-25
[TRUERES]    380  2.986340192493444e-25  3.024077299337846e-13
   381   2.787626376987304e-25
   382   2.587415944432540e-25
   383   2.378626156495431e-25
   384   2.205373812781431e-25
   385   2.006987251291441e-25
   386   1.815243391661478e-25
   387   1.642823665981036e-25
   388   1.455513204638415e-25
   389   1.294014395374142e-25
   390   1.148537720873457e-25
[TRUERES]    390  1.148537720873457e-25  3.024077299337846e-13
   391   1.005231523197778e-25
   392   8.878381736634442e-26
   393   7.775321230649394e-26
   394   6.726101714040845e-26
   395   5.856976060606342e-26
   396   5.025842379775590e-26
   397   4.297706507924295e-26
   398   3.719670528516345e-26
   399   3.189523644584759e-26
   400   2.770751594518736e-26
[TRUERES]    400  2.770751594518736e-26  3.024077299337846e-13
   401   2.427919578457485e-26
   402   2.105656031979102e-26
   403   1.848056893015882e-26
   404   1.620811026273788e-26
   405   1.408052774945352e-26
   406   1.235382062074557e-26
   407   1.075946416818789e-26
   408   9.355445060918058e-27
   409   8.259274299678863e-27
   410   7.260644186403105e-27
[TRUERES]    410  7.260644186403105e-27  3.024077299337846e-13
   411   6.441154061718536e-27
   412   5.794391349282326e-27
   413   5.162719068332367e-27
   414   4.645811797210477e-27
   415   4.172778750965683e-27
   416   3.701905442560526e-27
   417   3.315666740375477e-27
   418   2.942037679315314e-27
   419   2.590233641570936e-27
   420   2.303428391298667e-27
[TRUERES]    420  2.303428391298667e-27  3.024077299337846e-13
   421   2.028411758215992e-27
   422   1.793651875795871e-27
   423   1.597614451948108e-27
   424   1.402408740946828e-27
   425   1.237336226151929e-27
   426   1.089103465011768e-27
   427   9.445401781946486e-28
   428   8.289180332448303e-28
   429   7.265694937682260e-28
   430   6.336790999520103e-28
[TRUERES]    430  6.336790999520103e-28  3.024077299337846e-13
   431   5.604246693285404e-28
   432   4.925006831603997e-28
   433   4.309517658494238e-28
   434   3.787156346362838e-28
   435   3.277382671606710e-28
   436   2.852263488297366e-28
   437   2.513446910984715e-28
   438   2.213654489170210e-28
   439   1.986723608270520e-28
   440   1.789441215158457e-28
[TRUERES]    440  1.789441215158457e-28  3.024077299337846e-13
   441   1.599812588016010e-28
   442   1.443655660342041e-28
   443   1.291075786427906e-28
   444   1.147684765019686e-28
   445   1.034103166920071e-28
   446   9.244466140471163e-29
   447   8.283837562041329e-29
   448   7.467706692514010e-29
   449   6.641502607524437e-29
   450   5.934387798792941e-29
[TRUERES]    450  5.934387798792941e-29  3.024077299337846e-13
   451   5.283374727488338e-29
   452   4.623726869648697e-29
   453   4.046472702242371e-29
   454   3.489500382709767e-29
   455   2.976914128011104e-29
   456   2.564649564115572e-29
   457   2.194913746363864e-29
   458   1.885156502831789e-29
   459   1.629470946194601e-29
   460   1.388248972976484e-29
[TRUERES]    460  1.388248972976484e-29  3.024077299337846e-13
   461   1.185968626149131e-29
   462   1.014646324239950e-29
   463   8.586495346315907e-30
   464   7.344222383937530e-30
   465   6.281898610681336e-30
   466   5.358708981895814e-30
   467   4.625813644836096e-30
   468   3.969059872896088e-30
   469   3.400298529923041e-30
   470   2.941632859373433e-30
[TRUERES]    470  2.941632859373433e-30  3.024077299337846e-13
   471   2.531332856868634e-30
   472   2.202974402650051e-30
   473   1.934686719024025e-30
   474   1.688012144729958e-30
   475   1.487315386276214e-30
   476   1.312887917297810e-30
   477   1.154221006377490e-30
   478   1.027275327731625e-30
   479   9.084320965471068e-31
   480   7.995020443219435e-31
[TRUERES]    480  7.995020443219435e-31  3.024077299337846e-13
   481   7.094258870489410e-31
   482   6.217572362459706e-31
   483   5.472206440930984e-31
   484   4.857935881185627e-31
   485   4.287944312844784e-31
   486   3.828372806348432e-31
   487   3.412383458205427e-31
   488   3.003538059430110e-31
   489   2.652918657432943e-31
   490   2.315224991317417e-31
[TRUERES]    490  2.315224991317417e-31  3.024077299337846e-13
   491   2.003477071612112e-31
   492   1.743244251436113e-31
   493   1.499914687376633e-31
   494   1.290294657266248e-31
   495   1.115850355208740e-31
   496   9.544543343189470e-32
   497   8.219380937390261e-32
   498   7.083474297567791e-32
   499   6.027581207217093e-32
   500   5.177501308521641e-32
[TRUERES]    500  5.177501308521641e-32  3.024077299337846e-13
   501   4.433856545821393e-32
   502   3.789603356966222e-32
   503   3.287214997713626e-32
   504   2.836545745034922e-32
   505   2.453023374537476e-32
   506   2.145634246659737e-32
   507   1.860200708393069e-32
   508   1.628671226824883e-32
   509   1.443656056718736e-32
   510   1.280858611463892e-32
[TRUERES]    510  1.280858611463892e-32  3.024077299337846e-13
   511   1.158781319079090e-32
   512   1.057156746777832e-32
   513   9.632243891031650e-33
   514   8.879698285106976e-33
   515   8.102757497982893e-33
   516   7.344585682221595e-33
   517   6.667567792389161e-33
   518   5.938286689035198e-33
   519   5.273240474481919e-33
   520   4.681120092743732e-33
[TRUERES]    520  4.681120092743732e-33  3.024077299337846e-13
   521   4.101152118541139e-33
   522   3.610108822610314e-33
   523   3.173968459702582e-33
   524   2.772223612512888e-33
   525   2.456167711723330e-33
   526   2.171083332013055e-33
   527   1.915693959985466e-33
   528   1.703659391010096e-33
   529   1.495686797865290e-33
   530   1.306280770649737e-33
[TRUERES]    530  1.306280770649737e-33  3.024077299337846e-13
   531   1.144294067522075e-33
   532   9.968643007259134e-34
   533   8.767955424775825e-34
   534   7.773911483972419e-34
   535   6.861968017556777e-34
   536   6.117652341455797e-34
   537   5.432127454107760e-34
   538   4.776525785650361e-34
   539   4.220972920949843e-34
   540   3.687923655816620e-34
[TRUERES]    540  3.687923655816620e-34  3.024077299337846e-13
   541   3.219486631537794e-34
   542   2.832887202538980e-34
   543   2.472861063119701e-34
   544   2.170631593207454e-34
   545   1.911651017061481e-34
   546   1.669084199143826e-34
   547   1.474279530451129e-34
   548   1.298496403694527e-34
   549   1.134055649479658e-34
Error at ASolver_CG<Afield<float,ACCEL> >: not converged
  iter(final):      550   1.134055649479658e-34
converged:
  nconv = -1
    1    0       -1     1.1659e-14     1.8430e-13
ASolver_CGNR<Afield<float,ACCEL> >: solver starts
  mode_prev = D
  snorm =  2.522057342529297e+01
ASolver_CG solve_CG_init: m_x.nin() = 192, m_s.nin() = 192
  init:  8.939102888107300e-01
     0   4.414786025881767e-02
[TRUERES]      0  4.414786025881767e-02  4.414786770939827e-02
     1   1.187049970030785e-02
     2   9.890487417578697e-03
     3   3.541905200108886e-03
     4   1.790210255421698e-03
     5   1.529979519546032e-03
     6   7.238993421196938e-04
     7   4.799015878234059e-04
     8   3.921231837011874e-04
     9   2.176787529606372e-04
    10   1.770376693457365e-04
[TRUERES]     10  1.770376693457365e-04  1.770377712091431e-04
    11   1.406064839102328e-04
    12   8.863312541507185e-05
    13   7.768400246277452e-05
    14   5.851633613929152e-05
    15   4.078710844623856e-05
    16   3.747918162844144e-05
    17   2.765457065834198e-05
    18   2.167049751733430e-05
    19   1.978364343813155e-05
    20   1.448338935006177e-05
[TRUERES]     20  1.448338935006177e-05  1.448339753551409e-05
    21   1.256644645764027e-05
    22   1.144212365034036e-05
    23   8.809291102807038e-06
    24   8.255075954366475e-06
    25   7.237153567984933e-06
    26   5.789491297036875e-06
    27   5.527699613594450e-06
    28   4.626595000445377e-06
    29   3.840745193883777e-06
    30   3.586886805351241e-06
[TRUERES]     30  3.586886805351241e-06  3.586881121009355e-06
    31   2.864923089873628e-06
    32   2.468629645591136e-06
    33   2.251264277219889e-06
    34   1.802855194910080e-06
    35   1.636527258597198e-06
    36   1.478773583585280e-06
    37   1.225814457939123e-06
    38   1.163974957307801e-06
    39   1.033121861837571e-06
    40   9.021854339152924e-07
[TRUERES]     40  9.021854339152924e-07  9.021864002534130e-07
    41   8.800890896054625e-07
    42   7.741032845842710e-07
    43   7.003757218626561e-07
    44   6.678776571789058e-07
    45   5.661677846546809e-07
    46   5.145946033735527e-07
    47   4.685203975896002e-07
    48   3.916141508852888e-07
    49   3.597888280637562e-07
    50   3.156050354391482e-07
[TRUERES]     50  3.156050354391482e-07  3.156049501740199e-07
    51   2.670684295935644e-07
    52   2.472600044711726e-07
    53   2.120688833429085e-07
    54   1.838648557850320e-07
    55   1.688781310349441e-07
    56   1.422474440460064e-07
    57   1.264058937522350e-07
    58   1.146178689737098e-07
    59   9.631425257339288e-08
    60   8.705015375198855e-08
[TRUERES]     60  8.705015375198855e-08  8.704990506203103e-08
    61   7.631946630226594e-08
    62   6.390089879459993e-08
    63   5.770242594849151e-08
    64   4.919914076140230e-08
    65   4.203388925816398e-08
    66   3.842626128403026e-08
    67   3.301396489518993e-08
    68   2.957463607344835e-08
    69   2.749071370544698e-08
    70   2.393142040091334e-08
[TRUERES]     70  2.393142040091334e-08  2.393148790247324e-08
    71   2.211758420855858e-08
    72   2.028986578750391e-08
    73   1.774788138675376e-08
    74   1.652544412422685e-08
    75   1.469878796456214e-08
    76   1.280498462818969e-08
    77   1.181568265451460e-08
    78   1.030031793192165e-08
    79   9.191970740118904e-09
    80   8.500356862839453e-09
[TRUERES]     80  8.500356862839453e-09  8.500578907444378e-09
    81   7.410314584177513e-09
    82   6.767041593747081e-09
    83   6.216962056271313e-09
    84   5.441398887029436e-09
    85   5.032400718363306e-09
    86   4.509254747375735e-09
    87   3.940921367018291e-09
    88   3.622740329944918e-09
    89   3.158445061046677e-09
    90   2.758014261416974e-09
[TRUERES]     90  2.758014261416974e-09  2.758169026506607e-09
    91   2.491960193751197e-09
    92   2.119401543154709e-09
    93   1.845886332674240e-09
    94   1.618389533497577e-09
    95   1.351598499788054e-09
    96   1.187187015361246e-09
    97   1.031540186602342e-09
    98   8.771599557810816e-10
    99   7.883925179363871e-10
   100   6.845886080242281e-10
[TRUERES]    100  6.845886080242281e-10  6.847153399824890e-10
   101   5.924825630110320e-10
   102   5.309486184046364e-10
   103   4.507033912748426e-10
   104   3.898458778017755e-10
   105   3.437364559655265e-10
   106   2.905639340244903e-10
   107   2.575535062998568e-10
   108   2.278907895725268e-10
   109   1.971558194480139e-10
   110   1.801502558240742e-10
[TRUERES]    110  1.801502558240742e-10  1.802841487208440e-10
   111   1.617733585979053e-10
   112   1.450309317085896e-10
   113   1.361524365472988e-10
   114   1.226708734591853e-10
   115   1.117248030202411e-10
   116   1.034499222396512e-10
   117   9.128634653743362e-11
   118   8.244317034611370e-11
   119   7.416410541249974e-11
   120   6.449705353128721e-11
[TRUERES]    120  6.449705353128721e-11  6.464974389164269e-11
   121   5.826083365745305e-11
   122   5.143832235154910e-11
   123   4.449137586126639e-11
   124   3.995739503159790e-11
   125   3.464680278786325e-11
   126   3.008130550208321e-11
   127   2.667776242970543e-11
   128   2.264525025830189e-11
   129   1.971977095505117e-11
   130   1.734809518261216e-11
[TRUERES]    130  1.734809518261216e-11  1.750258445121222e-11
   131   1.480568966039097e-11
   132   1.319722196108097e-11
   133   1.169586649751864e-11
   134   1.017340205133888e-11
   135   9.172869928908423e-12
   136   7.999671237934880e-12
   137   6.928903631409078e-12
   138   6.166560317932834e-12
   139   5.293964919217409e-12
   140   4.640302898872850e-12
[TRUERES]    140  4.640302898872850e-12  4.805749548308924e-12
   141   4.121967957931849e-12
   142   3.544921300946413e-12
   143   3.150160687859227e-12
   144   2.795530950824854e-12
   145   2.432810680338959e-12
   146   2.191671323592548e-12
   147   1.933178877394637e-12
   148   1.693090871494884e-12
   149   1.524814779649275e-12
   150   1.328092150143512e-12
[TRUERES]    150  1.328092150143512e-12  1.508332087701847e-12
   151   1.169554145370733e-12
   152   1.051042716401773e-12
   153   9.174686834909074e-13
   154   8.228162075296641e-13
   155   7.405382188539755e-13
   156   6.518917892474330e-13
   157   5.928796949911108e-13
   158   5.297025838790770e-13
   159   4.682344464414234e-13
   160   4.255501116420812e-13
[TRUERES]    160  4.255501116420812e-13  6.140581749677909e-13
   161   3.745320568439292e-13
   162   3.303922348381338e-13
   163   2.949432961318194e-13
   164   2.544719534917916e-13
   165   2.237277339301250e-13
   166   1.969473304060110e-13
   167   1.683987828739533e-13
   168   1.480097376041142e-13
   169   1.285829217623560e-13
   170   1.105046772403168e-13
[TRUERES]    170  1.105046772403168e-13  3.185950309993191e-13
   171   9.800736340114663e-14
   172   8.530542673071059e-14
   173   7.491584934869733e-14
   174   6.768821885373005e-14
   175   5.974813878243182e-14
   176   5.382395985614914e-14
   177   4.894794015638040e-14
   178   4.327264661505535e-14
   179   3.905048891672189e-14
   180   3.476324859485319e-14
[TRUERES]    180  3.476324859485319e-14  2.608250800669593e-13
   181   3.027403157264581e-14
   182   2.699135538556177e-14
   183   2.346162848688386e-14
   184   2.019743794684069e-14
   185   1.772033244424286e-14
   186   1.507914141316881e-14
   187   1.294587114781696e-14
   188   1.121996613185402e-14
   189   9.454725752853534e-15
   190   8.128549984259999e-15
[TRUERES]    190  8.128549984259999e-15  2.543391658307165e-13
   191   6.940477008485647e-15
   192   5.825170515627543e-15
   193   5.044419590561787e-15
   194   4.340861319078156e-15
   195   3.746232331644376e-15
   196   3.353485812133896e-15
   197   2.962396936101192e-15
   198   2.655006350202002e-15
   199   2.423169409132000e-15
   200   2.161560954031905e-15
[TRUERES]    200  2.161560954031905e-15  2.667779192000452e-13
   201   1.954315497003064e-15
   202   1.764322407043898e-15
   203   1.551081227297918e-15
   204   1.393198626973571e-15
   205   1.238316640864872e-15
   206   1.089340274343549e-15
   207   9.812740109878325e-16
   208   8.655025006691804e-16
   209   7.614150687040725e-16
   210   6.750303076992242e-16
[TRUERES]    210  6.750303076992242e-16  2.778491683692180e-13
   211   5.805923809483558e-16
   212   5.070645742312029e-16
   213   4.483426387342593e-16
   214   3.893324208676735e-16
   215   3.486522871472465e-16
   216   3.137241424133866e-16
   217   2.814355641014079e-16
   218   2.601336119202483e-16
   219   2.368813663780356e-16
   220   2.150907423607593e-16
[TRUERES]    220  2.150907423607593e-16  2.810478629336477e-13
   221   1.985661221765630e-16
   222   1.780306686382195e-16
   223   1.596780851793994e-16
   224   1.434054440621214e-16
   225   1.256822060831112e-16
   226   1.123572396222782e-16
   227   1.005982517924612e-16
   228   8.902828465877989e-17
   229   8.089325450189649e-17
   230   7.258801704472927e-17
[TRUERES]    230  7.258801704472927e-17  2.838323651631336e-13
   231   6.491505659546288e-17
   232   5.942817568649653e-17
   233   5.338706391478496e-17
   234   4.851243562545076e-17
   235   4.453009368032242e-17
   236   3.987847990157742e-17
   237   3.608435463302939e-17
   238   3.239990689626100e-17
   239   2.832218110033794e-17
   240   2.502247491880265e-17
[TRUERES]    240  2.502247491880265e-17  2.881275946997608e-13
   241   2.158208020432313e-17
   242   1.829094692265634e-17
   243   1.570889436876594e-17
   244   1.322538797715205e-17
   245   1.118282923621363e-17
   246   9.560115114163241e-18
   247   8.015113783481596e-18
   248   6.830899684674143e-18
   249   5.861442765991075e-18
   250   4.963974548837886e-18
[TRUERES]    250  4.963974548837886e-18  2.898887456036919e-13
   251   4.310577138356736e-18
   252   3.734598870126875e-18
   253   3.228626758293754e-18
   254   2.867574828623546e-18
   255   2.528077571355244e-18
   256   2.246627093187392e-18
   257   2.040000478098943e-18
   258   1.817924817504994e-18
   259   1.637857937909857e-18
   260   1.490954383433196e-18
[TRUERES]    260  1.490954383433196e-18  2.896664299482238e-13
   261   1.334372298801781e-18
   262   1.215314332080646e-18
   263   1.100013936689609e-18
   264   9.805879779934637e-19
   265   8.883539275737743e-19
   266   7.913641573185761e-19
   267   7.009836635552533e-19
   268   6.306728978979396e-19
   269   5.573289126331823e-19
   270   4.954183211927095e-19
[TRUERES]    270  4.954183211927095e-19  2.906324540839084e-13
   271   4.459882308344368e-19
   272   3.951770073471420e-19
   273   3.546265457682612e-19
   274   3.181512153265171e-19
   275   2.806317503071837e-19
   276   2.524431152419958e-19
   277   2.239639588360427e-19
   278   1.963781833410411e-19
   279   1.732931234083346e-19
   280   1.486135177485673e-19
[TRUERES]    280  1.486135177485673e-19  2.903120181318303e-13
   281   1.265718039869287e-19
   282   1.083216211969432e-19
   283   9.088810477844342e-20
   284   7.750074232624672e-20
   285   6.648301968446717e-20
   286   5.647116805459771e-20
   287   4.902947967902988e-20
   288   4.260442858803239e-20
   289   3.698270558114315e-20
   290   3.276863718166602e-20
[TRUERES]    290  3.276863718166602e-20  2.903265735459959e-13
   291   2.870727084691015e-20
   292   2.524736336829550e-20
   293   2.258908922288563e-20
   294   1.994725690773739e-20
   295   1.783458592448867e-20
   296   1.607157161786694e-20
   297   1.426700925692288e-20
   298   1.288117638492826e-20
   299   1.160409352967735e-20
   300   1.039528700229187e-20
[TRUERES]    300  1.039528700229187e-20  2.902328984782931e-13
   301   9.529118233230178e-21
   302   8.661187666398976e-21
   303   7.845189340193187e-21
   304   7.132371294087017e-21
   305   6.307668588300597e-21
   306   5.571568719904684e-21
   307   4.922296966432696e-21
   308   4.257464281583838e-21
