Bridge++ 2.0.0

input filename : main.yaml

file = main.yaml

Lattice parameters:
  Lx = 16,  Ly = 16,  Lz = 16,  Lt = 16,
  Nx = 16,  Ny = 16,  Nz = 16,  Nt = 16,
  NPEx = 1,  NPEy  = 1,  NPEz  = 1,  NPEt  = 1,
  Lvol = 65536,  Nvol = 65536,  NPE = 1,
  Ndim = 4
  Nc   = 3
  Nd   = 4

ThreadManager: initialization
Warning at ThreadManager: Nthread(env) != Nthread(input)
  Number of threads(env)   = 2
  Number of threads(input) = 1
  reset Nthread = Nthread(input).
  Number of threads = 1
Main: input parameters
  lattice_size     = [16, 16, 16, 16]
  grid_size        = [1, 1, 1, 1]
  number of thread = 1
  number of color  = 3
  logfile          = stdout
  ildg_logfile     = stdout
  vlevel           = General

Alt_Accel code is being setup.
DeviceManager_CUDA: being initialized.
  process_id = 0
  number of devices = 1
  device_id = 0  is used on process = 0
------------------------------------------------
Alt_Accel: Factory entries
------------------------------------------------
AFopr<double, ACCEL> >(void):
AFopr<double, ACCEL>(Parameters&):
	Clover
	CloverTerm
	Clover_dd
	Domainwall
	Domainwall_5din
	Domainwall_5din_dd
	Domainwall_5din_eo
	Domainwall_eo
	Wilson
	Wilson_dd
AFopr<double, ACCEL>(Fopr*):
	Domainwall
AFopr<double, ACCEL>(Fopr*, Director*):
AFopr<float, ACCEL> >(void):
AFopr<float, ACCEL>(Parameters&):
	Clover
	CloverTerm
	Clover_dd
	Domainwall
	Domainwall_5din
	Domainwall_5din_dd
	Domainwall_5din_eo
	Domainwall_eo
	Wilson
	Wilson_dd
AFopr<float, ACCEL>(Fopr*):
	Domainwall
AFopr<float, ACCEL>(Fopr*, Director*):
AEigensolver<AField<float, ACCEL> >, Afopr>(Fopr*):
	IRArnoldi
	IRLanczos
------------------------------------------------
Timer: timestamp: 2026/06/05 22:41:22 +0900
file = test_alt_Spectrum_Domainwall_5din_Hadron2ptFunction.yaml

--------------------------------------------------------------------
test name: Spectrum_Domainwall_alt.hadron_2ptFunction
test file: test_alt_Spectrum_Domainwall_5din_Hadron2ptFunction.yaml
test mode: float_eo
file = test_alt_Spectrum_Domainwall_5din_Hadron2ptFunction.yaml
  vlevel       = General
  source_type  = Local
Smearing parameters (assumes APE-Stout):
   proj_type:  Stout_SU3
   smear_type: APE
   rho_uniform: 0.100000
   number_of_smearing: 0
  vlevel       = General

Configuration setup:
  gconf_status = Continue
  gconf_read   = Text_4x4x4x8
  readfile     = ./conf_04040408.txt
  plaq = 0.625130

Gauge fixing:
  Gauge fixing type = None
Parameters: get_string: key 'filename_output' not found.
Elapsed time: calc_plqauette: total         0.14 sec, count    1, average         0.14 sec
plaquette (before smearing):       0.625129946974939
applying smearing
Smear_APE:
  rho =   0.1000
Director_Smear:
  Nsmear = 0
Parameters: get_string: key 'filename_output' not found.
Elapsed time: calc_plqauette: total         0.12 sec, count    1, average         0.12 sec
Elapsed time: smearig: total         0.13 sec, count    1, average         0.13 sec
plaquette (after smearing):        0.625129946974939
  gmset_type   = Dirac
Gamma matrix: dirac representation.
Fopr_Domainwall: construction
  Imp::Fopr_Wilson: construction
    Gauge group implementation: SU(3)
    Imp::Fopr_Wilson: input parameters
      gamma-matrix type = Dirac
      kappa  =   0.20833333
      boundary[0] =  1
      boundary[1] =  1
      boundary[2] =  1
      boundary[3] = -1
  Imp::Fopr_Wilson: construction finished.
  Fopr_Domainwall: input parameters
    mq   =   0.0250
    M0   =   1.6000
    Ns   =    8
    boundary[0] =  1
    boundary[1] =  1
    boundary[2] =  1
    boundary[3] = -1
    coefficients:
    b[ 0] =     1.5000000000  c[ 0] =     0.5000000000
    b[ 1] =     1.5000000000  c[ 1] =     0.5000000000
    b[ 2] =     1.5000000000  c[ 2] =     0.5000000000
    b[ 3] =     1.5000000000  c[ 3] =     0.5000000000
    b[ 4] =     1.5000000000  c[ 4] =     0.5000000000
    b[ 5] =     1.5000000000  c[ 5] =     0.5000000000
    b[ 6] =     1.5000000000  c[ 6] =     0.5000000000
    b[ 7] =     1.5000000000  c[ 7] =     0.5000000000
Fopr_Domainwall: construction finished.
Fopr_Domainwall: input parameters
  mq   =   0.0250
  M0   =   1.6000
  Ns   =    8
  boundary[0] =  1
  boundary[1] =  1
  boundary[2] =  1
  boundary[3] = -1
  coefficients:
  b[ 0] =     1.5000000000  c[ 0] =     0.5000000000
  b[ 1] =     1.5000000000  c[ 1] =     0.5000000000
  b[ 2] =     1.5000000000  c[ 2] =     0.5000000000
  b[ 3] =     1.5000000000  c[ 3] =     0.5000000000
  b[ 4] =     1.5000000000  c[ 4] =     0.5000000000
  b[ 5] =     1.5000000000  c[ 5] =     0.5000000000
  b[ 6] =     1.5000000000  c[ 6] =     0.5000000000
  b[ 7] =     1.5000000000  c[ 7] =     0.5000000000
Imp::Fopr_Wilson: construction
  Gauge group implementation: SU(3)
  Imp::Fopr_Wilson: input parameters
    gamma-matrix type = Dirac
    kappa  =   0.20833333
    boundary[0] =  1
    boundary[1] =  1
    boundary[2] =  1
    boundary[3] = -1
Imp::Fopr_Wilson: construction finished.
Source for spinor field - local:
  source_position[0] = 0
  source_position[1] = 0
  source_position[2] = 0
  source_position[3] = 0

Check of fermion operator (even-odd)
norm of source vector: 1.000000
AFopr_Domainwall_5din_eo<AField<float,ACCEL> >: construction
  do_comm[0] = 0
  do_comm[1] = 0
  do_comm[2] = 0
  do_comm[3] = 0
    extended_precision = true
    su3_reconstruction = false
  AFopr_Domainwall_5din_eo<AField<float,ACCEL> >: input parameters
    gamma matrix repr.:  Dirac
    code implementation: 5d
    mq   =   0.0250
    M0   =   1.6000
    Ns   =    8
    boundary[0] =  1
    boundary[1] =  1
    boundary[2] =  1
    boundary[3] = -1
    coefficients:
      b[ 0] =     1.5000000000  c[ 0] =     0.5000000000
      b[ 1] =     1.5000000000  c[ 1] =     0.5000000000
      b[ 2] =     1.5000000000  c[ 2] =     0.5000000000
      b[ 3] =     1.5000000000  c[ 3] =     0.5000000000
      b[ 4] =     1.5000000000  c[ 4] =     0.5000000000
      b[ 5] =     1.5000000000  c[ 5] =     0.5000000000
      b[ 6] =     1.5000000000  c[ 6] =     0.5000000000
      b[ 7] =     1.5000000000  c[ 7] =     0.5000000000
    alpha =   1.0000
convert required.
convert performed.

[D check]
norm2(abq) = 1.000000
norm2(y5)  = 114.964838
norm2(z5)  = 114.964831
norm2(axq) = 114.964828
diff2 = 0.000000
Elapsed time: afopr_Domainwall_5din_eo: Deo & dagger   : total         0.00 sec, count    2, average         0.00 sec
Elapsed time: afopr_Domainwall_5din_eo: Dee_inv & dag  : total         0.00 sec, count   18, average         0.00 sec
Elapsed time: afopr_Domainwall_5din_eo: clear          : total         0.00 sec, count    0, average         0.00 sec
Elapsed time: afopr_Domainwall_5din_eo: pack           : total         0.00 sec, count    0, average         0.00 sec
Elapsed time: afopr_Domainwall_5din_eo: bulk           : total         0.00 sec, count    2, average         0.00 sec
Elapsed time: afopr_Domainwall_5din_eo: boundary       : total         0.00 sec, count    0, average         0.00 sec
Elapsed time: afopr_Domainwall_5din_eo: comm           : total         0.00 sec, count    0, average         0.00 sec
Elapsed time: afopr_Domainwall_5din_eo: comm_recv_wait : total         0.00 sec, count    0, average         0.00 sec
Elapsed time: afopr_Domainwall_5din_eo: comm_send_wait : total         0.00 sec, count    0, average         0.00 sec
Elapsed time: afopr_Domainwall_5din_eo: comm_recv_start: total         0.00 sec, count    0, average         0.00 sec
Elapsed time: afopr_Domainwall_5din_eo: comm_send_start: total         0.00 sec, count    0, average         0.00 sec
Elapsed time: afopr_Domainwall_5din_eo: comm_test_all  : total         0.00 sec, count    0, average         0.00 sec

Fprop_alt_Standard_eo<Afield<float,ACCEL> >: being setup (without link smearing).
  AFopr_Domainwall_5din_eo<AField<float,ACCEL> >: construction
    do_comm[0] = 0
    do_comm[1] = 0
    do_comm[2] = 0
    do_comm[3] = 0
      extended_precision = true
      su3_reconstruction = false
    AFopr_Domainwall_5din_eo<AField<float,ACCEL> >: input parameters
      gamma matrix repr.:  Dirac
      code implementation: 5d
      mq   =   0.0250
      M0   =   1.6000
      Ns   =    8
      boundary[0] =  1
      boundary[1] =  1
      boundary[2] =  1
      boundary[3] = -1
      coefficients:
        b[ 0] =     1.5000000000  c[ 0] =     0.5000000000
        b[ 1] =     1.5000000000  c[ 1] =     0.5000000000
        b[ 2] =     1.5000000000  c[ 2] =     0.5000000000
        b[ 3] =     1.5000000000  c[ 3] =     0.5000000000
        b[ 4] =     1.5000000000  c[ 4] =     0.5000000000
        b[ 5] =     1.5000000000  c[ 5] =     0.5000000000
        b[ 6] =     1.5000000000  c[ 6] =     0.5000000000
        b[ 7] =     1.5000000000  c[ 7] =     0.5000000000
      alpha =   1.0000
  ASolver_CGNR<Afield<float,ACCEL> >:
  ASolver_CG<Afield<float,ACCEL> >:
    Precision: float
    Niter     = 550
    Stop_cond =   0.00000000e+00
    init_guess_mode: 0
    true_residual_interval = 10 (logging [TRUERES])
    refinement_iterations = 0
Fprop_alt_Standard_eo<Afield<float,ACCEL> >: setup finished.

Fprop_alt_Standard_eo<Afield<float,ACCEL> >: mult performance:
  mult mode = Dee_inv
  Number of mult =                400
  Elapsed time   =       0.072206 sec
  Flop(Fopr)     =           62914560
  Flop(total)    =        25165824000
  Performance    =     348.529 GFlops

Fprop_alt_Standard_eo<Afield<float,ACCEL> >: mult performance:
  mult mode = Doe
  Number of mult =                400
  Elapsed time   =       0.174904 sec
  Flop(Fopr)     =          390070272
  Flop(total)    =       156028108800
  Performance    =     892.078 GFlops

Fprop_alt_Standard_eo<Afield<float,ACCEL> >: mult performance:
  mult mode = D
  Number of mult =                400
  Elapsed time   =       0.593288 sec
  Flop(Fopr)     =          912261120
  Flop(total)    =       364904448000
  Performance    =     615.055 GFlops

Fprop_alt_Standard_eo<Afield<float,ACCEL> >: mult performance:
  mult mode = Ddag
  Number of mult =                400
  Elapsed time   =       0.640794 sec
  Flop(Fopr)     =          912261120
  Flop(total)    =       364904448000
  Performance    =     569.457 GFlops

Fprop_alt_Standard_eo<Afield<float,ACCEL> >: mult performance:
  mult mode = DdagD
  Number of mult =                400
  Elapsed time   =       1.236065 sec
  Flop(Fopr)     =         1824522240
  Flop(total)    =       729808896000
  Performance    =     590.429 GFlops

Solving quark propagator:
  color spin   Nconv      diff           diff2
ASolver_CGNR<Afield<float,ACCEL> >: solver starts
  mode_prev = D
  snorm =  2.594313430786133e+01
ASolver_CG solve_CG_init: m_x.nin() = 192, m_s.nin() = 192
  init:  8.328661918640137e-01
     0   4.464928433299065e-02
[TRUERES]      0  4.464928433299065e-02  4.464928805828094e-02
     1   1.506214868277311e-02
     2   1.243712566792965e-02
     3   3.988490439951420e-03
     4   2.221615985035896e-03
     5   1.795768155716360e-03
     6   8.086129091680050e-04
     7   5.852079484611750e-04
     8   4.488915728870779e-04
     9   2.501302515156567e-04
    10   2.150001237168908e-04
[TRUERES]     10  2.150001237168908e-04  2.150000800611451e-04
    11   1.611578045412898e-04
    12   1.065425603883341e-04
    13   9.901765588438138e-05
    14   7.180464308476076e-05
    15   5.362167939892970e-05
    16   5.062609488959424e-05
    17   3.682873284560628e-05
    18   3.112212652922608e-05
    19   2.865172427846119e-05
    20   2.128614869434386e-05
[TRUERES]     20  2.128614869434386e-05  2.128613778040744e-05
    21   1.933131898113061e-05
    22   1.714459176582750e-05
    23   1.359157249680720e-05
    24   1.327253630734049e-05
    25   1.149955278378911e-05
    26   9.628583029552829e-06
    27   9.345931175630540e-06
    28   7.672165338590275e-06
    29   6.692567694699392e-06
    30   6.299690994637785e-06
[TRUERES]     30  6.299690994637785e-06  6.299693723121891e-06
    31   5.113844053994399e-06
    32   4.690605237556156e-06
    33   4.318730589147890e-06
    34   3.601321623136755e-06
    35   3.465308736849693e-06
    36   3.133309746772284e-06
    37   2.753410853983951e-06
    38   2.765975978036295e-06
    39   2.533639417379163e-06
    40   2.400883204245474e-06
[TRUERES]     40  2.400883204245474e-06  2.400883658992825e-06
    41   2.460500127199339e-06
    42   2.244793904537801e-06
    43   2.184840468544280e-06
    44   2.160089707103907e-06
    45   1.933438852574909e-06
    46   1.913480900839204e-06
    47   1.813408744055778e-06
    48   1.630633846616547e-06
    49   1.611415427760221e-06
    50   1.477313162467908e-06
[TRUERES]     50  1.477313162467908e-06  1.477313730902097e-06
    51   1.362018906547746e-06
    52   1.351529931525874e-06
    53   1.224164748236944e-06
    54   1.158785721599997e-06
    55   1.127182031268603e-06
    56   1.012143570733315e-06
    57   9.841868404691922e-07
    58   9.399584541824879e-07
    59   8.495478596159955e-07
    60   8.316076787195925e-07
[TRUERES]     60  8.316076787195925e-07  8.316058597301890e-07
    61   7.698963599978015e-07
    62   7.053960757730238e-07
    63   6.924878448444360e-07
    64   6.296671131167386e-07
    65   5.873123996025242e-07
    66   5.663110869136290e-07
    67   5.078799176772009e-07
    68   4.854665576203843e-07
    69   4.645941373837559e-07
    70   4.239330735344993e-07
[TRUERES]     70  4.239330735344993e-07  4.239331872213370e-07
    71   4.173039371835330e-07
    72   3.971289856963267e-07
    73   3.713175260600110e-07
    74   3.708613007802342e-07
    75   3.502564425161836e-07
    76   3.372917092292482e-07
    77   3.389923506347259e-07
    78   3.213851016425906e-07
    79   3.195201827566052e-07
    80   3.212202841496037e-07
[TRUERES]     80  3.212202841496037e-07  3.212202841496037e-07
    81   3.069422973567271e-07
    82   3.106848964762321e-07
    83   3.061658162550884e-07
    84   2.924172690654814e-07
    85   2.942929313576315e-07
    86   2.811397337154631e-07
    87   2.695129808216734e-07
    88   2.693085434657405e-07
    89   2.536502847760858e-07
    90   2.449347391575429e-07
[TRUERES]     90  2.449347391575429e-07  2.449343128319015e-07
    91   2.388279654041980e-07
    92   2.197828337102692e-07
    93   2.115060766527677e-07
    94   2.006786701258534e-07
    95   1.849042661206113e-07
    96   1.796912840745790e-07
    97   1.681807759723597e-07
    98   1.563876992349833e-07
    99   1.518779697562422e-07
   100   1.405581429025915e-07
[TRUERES]    100  1.405581429025915e-07  1.405582565894292e-07
   101   1.325882550418100e-07
   102   1.276336121236454e-07
   103   1.169884313867442e-07
   104   1.113068393010508e-07
   105   1.051286702136167e-07
   106   9.593622252168643e-08
   107   9.166262771032052e-08
   108   8.525591255192921e-08
   109   7.879520325104750e-08
   110   7.640938548547638e-08
[TRUERES]    110  7.640938548547638e-08  7.640979760026312e-08
   111   7.194346096639492e-08
   112   6.931992402314791e-08
   113   6.910538274951250e-08
   114   6.615670855580902e-08
   115   6.554238751732555e-08
   116   6.494739324125476e-08
   117   6.211421776924908e-08
   118   6.165529242707635e-08
   119   5.972317040914277e-08
   120   5.672441716342291e-08
[TRUERES]    120  5.672441716342291e-08  5.672444203241866e-08
   121   5.581213358141213e-08
   122   5.286072024546229e-08
   123   5.029282945656632e-08
   124   4.913770368375481e-08
   125   4.595679925500917e-08
   126   4.378214057965124e-08
   127   4.166873068811583e-08
   128   3.805973136650209e-08
   129   3.591964059523889e-08
   130   3.341521193078734e-08
[TRUERES]    130  3.341521193078734e-08  3.341551391145003e-08
   131   3.056740993656604e-08
   132   2.924023867478809e-08
   133   2.738562088211438e-08
   134   2.576267021936474e-08
   135   2.500262219484739e-08
   136   2.335325177682535e-08
   137   2.213320549060427e-08
   138   2.111895547329823e-08
   139   1.938385452149305e-08
   140   1.832489537889614e-08
[TRUERES]    140  1.832489537889614e-08  1.832512275257159e-08
   141   1.720974118768481e-08
   142   1.586330888869725e-08
   143   1.518006520484505e-08
   144   1.426630547030072e-08
   145   1.332670240827838e-08
   146   1.287592432674955e-08
   147   1.205565247630602e-08
   148   1.142722894087456e-08
   149   1.098930013654353e-08
   150   1.020331996670620e-08
[TRUERES]    150  1.020331996670620e-08  1.020352335956431e-08
   151   9.714151261164261e-09
   152   9.247460575068089e-09
   153   8.629978509588909e-09
   154   8.334967382950254e-09
   155   7.896655773720340e-09
   156   7.383802458349464e-09
   157   7.097439080894219e-09
   158   6.646709849178478e-09
   159   6.290853615809056e-09
   160   6.062546908935929e-09
[TRUERES]    160  6.062546908935929e-09  6.062706781051475e-09
   161   5.650772294529816e-09
   162   5.364512389860465e-09
   163   5.083121479287911e-09
   164   4.681261156491701e-09
   165   4.420529720050581e-09
   166   4.103001494115688e-09
   167   3.755931565763149e-09
   168   3.537288018051754e-09
   169   3.255326896933752e-09
   170   3.017885275014009e-09
[TRUERES]    170  3.017885275014009e-09  3.018125083187329e-09
   171   2.861288983524446e-09
   172   2.647884134177048e-09
   173   2.516163277732630e-09
   174   2.426720602244359e-09
   175   2.293718770474129e-09
   176   2.243881080943311e-09
   177   2.181289815439413e-09
   178   2.095503770505047e-09
   179   2.069332705190163e-09
   180   1.985483555344558e-09
[TRUERES]    180  1.985483555344558e-09  1.985763109502159e-09
   181   1.889292056134195e-09
   182   1.826361506473972e-09
   183   1.706354835206980e-09
   184   1.606619171035106e-09
   185   1.518778547371369e-09
   186   1.394686255373756e-09
   187   1.309805708338274e-09
   188   1.212389189042540e-09
   189   1.096153501300989e-09
   190   1.012245509635079e-09
[TRUERES]    190  1.012245509635079e-09  1.012536055000623e-09
   191   9.188903526968772e-10
   192   8.364771653113223e-10
   193   7.802141710477883e-10
   194   7.147709646382339e-10
   195   6.657592255265854e-10
   196   6.290757914584333e-10
   197   5.820686155288968e-10
   198   5.525648272275419e-10
   199   5.252129842148179e-10
   200   4.901662964407194e-10
[TRUERES]    200  4.901662964407194e-10  4.904354700130398e-10
   201   4.689638122279405e-10
   202   4.416049748101614e-10
   203   4.121129548728675e-10
   204   3.925582636732372e-10
   205   3.642275925308525e-10
   206   3.393831882192444e-10
   207   3.206207244144110e-10
   208   2.962289857855183e-10
   209   2.793111575360996e-10
   210   2.643005259095332e-10
[TRUERES]    210  2.643005259095332e-10  2.645829111358466e-10
   211   2.452532621433079e-10
   212   2.331576320901974e-10
   213   2.196475223925631e-10
   214   2.053006931124202e-10
   215   1.967909862843342e-10
   216   1.860289561284034e-10
   217   1.774164148926616e-10
   218   1.723842735223968e-10
   219   1.638430086048359e-10
   220   1.580475611495658e-10
[TRUERES]    220  1.580475611495658e-10  1.583649600345183e-10
   221   1.534341126374628e-10
   222   1.463909965471188e-10
   223   1.425694562406932e-10
   224   1.377476605002315e-10
   225   1.310492686590337e-10
   226   1.273536831547517e-10
   227   1.214576633712383e-10
   228   1.155672710306810e-10
   229   1.116756756514015e-10
   230   1.056951678957141e-10
[TRUERES]    230  1.056951678957141e-10  1.060095344840306e-10
   231   1.017116182944200e-10
   232   9.930178901385034e-11
   233   9.565889053098076e-11
   234   9.438993336940982e-11
   235   9.291601515970527e-11
   236   9.018490121359690e-11
   237   8.915956167809824e-11
   238   8.641268950393410e-11
   239   8.280864882692640e-11
   240   7.977996041574897e-11
[TRUERES]    240  7.977996041574897e-11  8.010977992078949e-11
   241   7.424365983110803e-11
   242   6.890914228119271e-11
   243   6.403591545911524e-11
   244   5.810661327099176e-11
   245   5.367786770626992e-11
   246   4.953524049278180e-11
   247   4.511308687726867e-11
   248   4.181963456084681e-11
   249   3.821556612826349e-11
   250   3.484688926302937e-11
[TRUERES]    250  3.484688926302937e-11  3.519898261750143e-11
   251   3.257947731039046e-11
   252   3.008013629846040e-11
   253   2.798469268816550e-11
   254   2.633755713521424e-11
   255   2.433502878373961e-11
   256   2.283900499278069e-11
   257   2.151292685659278e-11
   258   2.001891361014252e-11
   259   1.914735557606573e-11
   260   1.822822448538375e-11
[TRUERES]    260  1.822822448538375e-11  1.858504669605132e-11
   261   1.717989465965797e-11
   262   1.639374053175047e-11
   263   1.531175533586726e-11
   264   1.429343362419067e-11
   265   1.351092241558272e-11
   266   1.254069331019236e-11
   267   1.180850642962250e-11
   268   1.115202895307643e-11
   269   1.037338357573470e-11
   270   9.874425929701225e-12
[TRUERES]    270  9.874425929701225e-12  1.024540435129451e-11
   271   9.348205369519302e-12
   272   8.799842798890012e-12
   273   8.466399456508178e-12
   274   8.057473958877903e-12
   275   7.717513260396824e-12
   276   7.502879394161166e-12
   277   7.133524240060529e-12
   278   6.818735680258481e-12
   279   6.497744616668077e-12
   280   6.040071654639378e-12
[TRUERES]    280  6.040071654639378e-12  6.417385720047797e-12
   281   5.667437873169145e-12
   282   5.285301710178381e-12
   283   4.871237527931394e-12
   284   4.576836739461632e-12
   285   4.256143614628227e-12
   286   3.956333090998632e-12
   287   3.739582862122282e-12
   288   3.480863167149018e-12
   289   3.272209976937224e-12
   290   3.114413024349338e-12
[TRUERES]    290  3.114413024349338e-12  3.505016806307215e-12
   291   2.925722164537348e-12
   292   2.789798123417619e-12
   293   2.668662383090159e-12
   294   2.535399624623014e-12
   295   2.454603144005918e-12
   296   2.348902322646396e-12
   297   2.240961539598518e-12
   298   2.174000346064076e-12
   299   2.080841792276300e-12
   300   2.000544044658548e-12
[TRUERES]    300  2.000544044658548e-12  2.407862971509633e-12
   301   1.939000826220449e-12
   302   1.850549227744303e-12
   303   1.793323952878345e-12
   304   1.748763243589191e-12
   305   1.683442773202370e-12
   306   1.645006938826021e-12
   307   1.590334309554964e-12
   308   1.515246044955787e-12
   309   1.454727939671774e-12
   310   1.365070383119171e-12
[TRUERES]    310  1.365070383119171e-12  1.793421205813217e-12
   311   1.274508927215368e-12
   312   1.197777554223789e-12
   313   1.104245926468461e-12
   314   1.024035131864942e-12
   315   9.464922335472581e-13
   316   8.567366109081542e-13
   317   7.828337045441558e-13
   318   7.118662213520532e-13
   319   6.437268795268791e-13
   320   5.932243628617440e-13
[TRUERES]    320  5.932243628617440e-13  1.041390931821873e-12
   321   5.411180943430682e-13
   322   4.955627379808758e-13
   323   4.608524933197300e-13
   324   4.225291991288849e-13
   325   3.915019350375637e-13
   326   3.655378408816412e-13
   327   3.376146476101460e-13
   328   3.153138015445089e-13
   329   2.933323614388861e-13
   330   2.697766326737600e-13
[TRUERES]    330  2.697766326737600e-13  7.424842533333698e-13
   331   2.515363676895699e-13
   332   2.320540406965804e-13
   333   2.129955689903970e-13
   334   1.979828925585334e-13
   335   1.810558810082935e-13
   336   1.667219557939872e-13
   337   1.544149600936698e-13
   338   1.407846278791980e-13
   339   1.297274868907947e-13
   340   1.195242635334409e-13
[TRUERES]    340  1.195242635334409e-13  6.330554570138647e-13
   341   1.088034556114698e-13
   342   1.004774198955574e-13
   343   9.216921930538247e-14
   344   8.413719211359388e-14
   345   7.779476525861598e-14
   346   7.073908245194133e-14
   347   6.428394600486997e-14
   348   5.873683565351881e-14
   349   5.274157372230255e-14
   350   4.753306648568219e-14
[TRUERES]    350  4.753306648568219e-14  6.061496248509213e-13
   351   4.258838290707723e-14
   352   3.746708618270617e-14
   353   3.330430210584344e-14
   354   2.943819640095421e-14
   355   2.595580000930298e-14
   356   2.333818529328281e-14
   357   2.087105275660594e-14
   358   1.877691626045019e-14
   359   1.713826834354865e-14
   360   1.543295554556640e-14
[TRUERES]    360  1.543295554556640e-14  6.174888616920782e-13
   361   1.398172722077203e-14
   362   1.272438897276891e-14
   363   1.142177511966914e-14
   364   1.039100632659528e-14
   365   9.454258190666649e-15
   366   8.568449769152942e-15
   367   7.899940873993747e-15
   368   7.245395316970039e-15
   369   6.645505831417335e-15
   370   6.178132956396673e-15
[TRUERES]    370  6.178132956396673e-15  6.590734902278683e-13
   371   5.654424767087074e-15
   372   5.204051419801332e-15
   373   4.838125986807423e-15
   374   4.466688486909256e-15
   375   4.204019758317435e-15
   376   3.977046692188804e-15
   377   3.750974022083105e-15
   378   3.604744371651491e-15
   379   3.449231028359733e-15
   380   3.315342647969613e-15
[TRUERES]    380  3.315342647969613e-15  7.070103508720338e-13
   381   3.236238029267298e-15
   382   3.119395339907724e-15
   383   3.015318495854457e-15
   384   2.914311722718513e-15
   385   2.752443514739979e-15
   386   2.606330331338612e-15
   387   2.453758733472668e-15
   388   2.280773641577896e-15
   389   2.143734298623991e-15
   390   1.997531541488452e-15
[TRUERES]    390  1.997531541488452e-15  7.617513933001752e-13
   391   1.855118409758928e-15
   392   1.739650031356275e-15
   393   1.604463255337133e-15
   394   1.480569757845497e-15
   395   1.372425355700396e-15
   396   1.255038659430448e-15
   397   1.163626757883646e-15
   398   1.083040678556582e-15
   399   9.967016573308855e-16
   400   9.284691300230521e-16
[TRUERES]    400  9.284691300230521e-16  7.784649661002341e-13
   401   8.593300127638607e-16
   402   7.909569838659015e-16
   403   7.381114453196530e-16
   404   6.816315001549730e-16
   405   6.291950255826891e-16
   406   5.842730038019717e-16
   407   5.367753136473316e-16
   408   4.981200121873159e-16
   409   4.649535901046266e-16
   410   4.302940871639443e-16
[TRUERES]    410  4.302940871639443e-16  7.856834757444253e-13
   411   4.039784410888681e-16
   412   3.784885197884668e-16
   413   3.539373227518601e-16
   414   3.367160312034369e-16
   415   3.185988434946147e-16
   416   3.013802783334904e-16
   417   2.875381982583587e-16
   418   2.703278387289110e-16
   419   2.542999371938303e-16
   420   2.389913519194257e-16
[TRUERES]    420  2.389913519194257e-16  7.995255390906564e-13
   421   2.220883065311537e-16
   422   2.080911664871152e-16
   423   1.945962772761291e-16
   424   1.807432387122422e-16
   425   1.700652766813585e-16
   426   1.589899900237635e-16
   427   1.482414198557922e-16
   428   1.397252447249791e-16
   429   1.305445457772654e-16
   430   1.222333923243572e-16
[TRUERES]    430  1.222333923243572e-16  8.123432482243231e-13
   431   1.149392210386360e-16
   432   1.061622325519624e-16
   433   9.841180167524674e-17
   434   9.112479708235269e-17
   435   8.364853356530652e-17
   436   7.793863152830607e-17
   437   7.260835907035317e-17
   438   6.769249748184443e-17
   439   6.405397481268498e-17
   440   6.011891120264771e-17
[TRUERES]    440  6.011891120264771e-17  8.230625382632528e-13
   441   5.679257311411067e-17
   442   5.432932520287881e-17
   443   5.167959769435300e-17
   444   4.983513051214756e-17
   445   4.844010695268913e-17
   446   4.693974359658329e-17
   447   4.646085565275184e-17
   448   4.624537510318178e-17
   449   4.617819480255267e-17
   450   4.681573598787179e-17
[TRUERES]    450  4.681573598787179e-17  8.307338107346740e-13
   451   4.725913457470227e-17
   452   4.790733315503352e-17
   453   4.900899214716635e-17
   454   4.975619101193040e-17
   455   5.083289561934372e-17
   456   5.190932560279368e-17
   457   5.216277705120237e-17
   458   5.267020934361180e-17
   459   5.277074818398395e-17
   460   5.213555288288203e-17
[TRUERES]    460  5.213555288288203e-17  8.534203075130642e-13
   461   5.150068845402513e-17
   462   4.994118830156666e-17
   463   4.793987774905381e-17
   464   4.590569503899810e-17
   465   4.301344810103909e-17
   466   4.015389464961063e-17
   467   3.734587124162176e-17
   468   3.417963892372804e-17
   469   3.141889054210781e-17
   470   2.881523037625629e-17
[TRUERES]    470  2.881523037625629e-17  8.715261043228117e-13
   471   2.616531757927327e-17
   472   2.400212778088379e-17
   473   2.187696182089216e-17
   474   1.998216235277409e-17
   475   1.852887880841232e-17
   476   1.709073597798273e-17
   477   1.588510369157444e-17
   478   1.489295017765384e-17
   479   1.386301684361610e-17
   480   1.307378645038639e-17
[TRUERES]    480  1.307378645038639e-17  8.808291552739322e-13
   481   1.244041590971576e-17
   482   1.181286044875138e-17
   483   1.141517103538997e-17
   484   1.103451657956348e-17
   485   1.063256718604743e-17
   486   1.030819079037660e-17
   487   9.854840393596497e-18
   488   9.400331943958823e-18
   489   9.009092057833492e-18
   490   8.522183770782728e-18
[TRUERES]    490  8.522183770782728e-18  8.911202396648388e-13
   491   8.093097890091258e-18
   492   7.687970468661774e-18
   493   7.236037032270977e-18
   494   6.846197562922698e-18
   495   6.429113659329067e-18
   496   5.968383984304381e-18
   497   5.556855012114349e-18
   498   5.107721168506738e-18
   499   4.685821005796517e-18
   500   4.324295515225622e-18
[TRUERES]    500  4.324295515225622e-18  8.964032315907089e-13
   501   3.937877264890862e-18
   502   3.605744396616120e-18
   503   3.304058599123384e-18
   504   2.994019311419627e-18
   505   2.738441802041514e-18
   506   2.502974294125485e-18
   507   2.287696817395803e-18
   508   2.125318988404959e-18
   509   1.974920389045108e-18
   510   1.844205793131876e-18
[TRUERES]    510  1.844205793131876e-18  9.006415405132806e-13
   511   1.742625739163679e-18
   512   1.629882159046044e-18
   513   1.530685212422613e-18
   514   1.449904304764333e-18
   515   1.364935691857426e-18
   516   1.300436180196027e-18
   517   1.239873944852804e-18
   518   1.176631851120063e-18
   519   1.132402296971699e-18
   520   1.087355281582980e-18
[TRUERES]    520  1.087355281582980e-18  9.036971474959965e-13
   521   1.047889357184733e-18
   522   1.026875867698589e-18
   523   1.007666665923576e-18
   524   1.003028457433838e-18
   525   1.009732549503427e-18
   526   1.006812912133845e-18
   527   1.006524536292794e-18
   528   9.990416536764857e-19
   529   9.735308865974675e-19
   530   9.509543359463280e-19
[TRUERES]    530  9.509543359463280e-19  9.081437858660113e-13
   531   9.205569993986528e-19
   532   8.828879180860239e-19
   533   8.511936140366538e-19
   534   8.126487552504844e-19
   535   7.787728140342940e-19
   536   7.541668791478322e-19
   537   7.208951416703235e-19
   538   6.889467380765347e-19
   539   6.551676286908013e-19
   540   6.119602629844002e-19
[TRUERES]    540  6.119602629844002e-19  9.130926266823214e-13
   541   5.723177355253729e-19
   542   5.309270135405031e-19
   543   4.884296789924022e-19
   544   4.532862385838391e-19
   545   4.173993954491381e-19
   546   3.826643496186289e-19
   547   3.516159960794803e-19
   548   3.186113345422497e-19
   549   2.894523132209605e-19
Error at ASolver_CG<Afield<float,ACCEL> >: not converged
  iter(final):      550   2.894523132209605e-19
converged:
  nconv = -1
    0    0       -1     3.5267e-14     5.1484e-13
ASolver_CGNR<Afield<float,ACCEL> >: solver starts
  mode_prev = D
  snorm =  2.597554588317871e+01
ASolver_CG solve_CG_init: m_x.nin() = 192, m_s.nin() = 192
  init:  8.319458961486816e-01
     0   4.270483553409576e-02
[TRUERES]      0  4.270483553409576e-02  4.270484298467636e-02
     1   1.340081356465816e-02
     2   1.044568978250027e-02
     3   3.299001138657331e-03
     4   1.788337132893503e-03
     5   1.416802173480392e-03
     6   6.190708954818547e-04
     7   4.225020238664001e-04
     8   3.209614660590887e-04
     9   1.729396899463609e-04
    10   1.441793865524232e-04
[TRUERES]     10  1.441793865524232e-04  1.441796193830669e-04
    11   1.089366633095779e-04
    12   6.955620483495295e-05
    13   6.216656765900552e-05
    14   4.515628461376764e-05
    15   3.214370008208789e-05
    16   2.957902142952662e-05
    17   2.141419281542767e-05
    18   1.754438380885404e-05
    19   1.639685797272250e-05
    20   1.243436054210179e-05
[TRUERES]     20  1.243436054210179e-05  1.243436508957529e-05
    21   1.141291886597173e-05
    22   1.047718342306325e-05
    23   8.248600352089852e-06
    24   7.895875569374766e-06
    25   6.879034117446281e-06
    26   5.667958703270415e-06
    27   5.514541044249199e-06
    28   4.637067377188941e-06
    29   4.009475560451392e-06
    30   3.816852313320851e-06
[TRUERES]     30  3.816852313320851e-06  3.816847311099991e-06
    31   3.105604037045850e-06
    32   2.777467216219520e-06
    33   2.575178996266914e-06
    34   2.117876874763169e-06
    35   1.989270913327346e-06
    36   1.809252921702864e-06
    37   1.549805801914772e-06
    38   1.529581254544610e-06
    39   1.391964133290458e-06
    40   1.274595661016065e-06
[TRUERES]     40  1.274595661016065e-06  1.274592250410933e-06
    41   1.288361545448424e-06
    42   1.165890353149734e-06
    43   1.113568487198791e-06
    44   1.109623212869337e-06
    45   9.901549447022262e-07
    46   9.624599215385388e-07
    47   9.118753041548189e-07
    48   8.001619562492124e-07
    49   7.709896294727514e-07
    50   6.957894811421284e-07
[TRUERES]     50  6.957894811421284e-07  6.957898790460604e-07
    51   6.161144483485259e-07
    52   5.929950930294581e-07
    53   5.254535722087894e-07
    54   4.801806881005177e-07
    55   4.589475963712175e-07
    56   4.022354289645591e-07
    57   3.779466908326867e-07
    58   3.565325243926054e-07
    59   3.159701407184912e-07
    60   3.038571207980567e-07
[TRUERES]     60  3.038571207980567e-07  3.038596787519054e-07
    61   2.806501129271055e-07
    62   2.527196159007872e-07
    63   2.456709182752093e-07
    64   2.237808871541347e-07
    65   2.063180630784700e-07
    66   2.001372223503495e-07
    67   1.808756877608175e-07
    68   1.723353619809131e-07
    69   1.674047638289267e-07
    70   1.536444500516154e-07
[TRUERES]     70  1.536444500516154e-07  1.536454306005908e-07
    71   1.510999112497302e-07
    72   1.454522191579599e-07
    73   1.356431198473729e-07
    74   1.352941723098411e-07
    75   1.287110222847332e-07
    76   1.230638133620232e-07
    77   1.240468776586567e-07
    78   1.173270476328980e-07
    79   1.146283210573529e-07
    80   1.146235817373054e-07
[TRUERES]     80  1.146235817373054e-07  1.146229280379885e-07
    81   1.083930882828099e-07
    82   1.080598224234564e-07
    83   1.064541592654678e-07
    84   1.010016248415013e-07
    85   1.016148729604538e-07
    86   9.802730005503690e-08
    87   9.339169793065594e-08
    88   9.295548863974545e-08
    89   8.728879663522093e-08
    90   8.345808311105429e-08
[TRUERES]     90  8.345808311105429e-08  8.345747914972890e-08
    91   8.137236306993145e-08
    92   7.482500308242379e-08
    93   7.152552683464819e-08
    94   6.768038218751826e-08
    95   6.122385087792281e-08
    96   5.814237269419209e-08
    97   5.341184206031357e-08
    98   4.821505683594296e-08
    99   4.554642529797093e-08
   100   4.108611051378830e-08
[TRUERES]    100  4.108611051378830e-08  4.108623130605338e-08
   101   3.754100319497411e-08
   102   3.541559223663171e-08
   103   3.187176389474189e-08
   104   2.960376122018715e-08
   105   2.752760330793080e-08
   106   2.449277403115957e-08
   107   2.277363542191324e-08
   108   2.082744110509793e-08
   109   1.878314215275623e-08
   110   1.781269887146664e-08
[TRUERES]    110  1.781269887146664e-08  1.781332414907411e-08
   111   1.641732971791043e-08
   112   1.527265780509879e-08
   113   1.473683219899158e-08
   114   1.367045232569808e-08
   115   1.304507524224618e-08
   116   1.264215043761396e-08
   117   1.181537268024613e-08
   118   1.147481309970999e-08
   119   1.103625724141466e-08
   120   1.032249752341841e-08
[TRUERES]    120  1.032249752341841e-08  1.032299223879818e-08
   121   1.004279415184328e-08
   122   9.496160302546741e-09
   123   8.974797793825928e-09
   124   8.815388419236569e-09
   125   8.323151057254563e-09
   126   7.968439241778924e-09
   127   7.710718286091378e-09
   128   7.148979186410997e-09
   129   6.825688458889090e-09
   130   6.487980819258610e-09
[TRUERES]    130  6.487980819258610e-09  6.488166892637537e-09
   131   6.010827391378371e-09
   132   5.822375470643237e-09
   133   5.539530167908424e-09
   134   5.252296819691082e-09
   135   5.151189697016889e-09
   136   4.882704462971788e-09
   137   4.670697606456997e-09
   138   4.535905873126467e-09
   139   4.213221771465214e-09
   140   3.993155139880855e-09
[TRUERES]    140  3.993155139880855e-09  3.993211539210506e-09
   141   3.768839018647441e-09
   142   3.444388774198615e-09
   143   3.251488411848413e-09
   144   3.014450467020424e-09
   145   2.762417850021848e-09
   146   2.618654626473926e-09
   147   2.411043809047442e-09
   148   2.240758023575040e-09
   149   2.129528775540734e-09
   150   1.963115225933620e-09
[TRUERES]    150  1.963115225933620e-09  1.963296636375844e-09
   151   1.859856046948494e-09
   152   1.782062386546102e-09
   153   1.674666516571222e-09
   154   1.641977553923368e-09
   155   1.607632138522774e-09
   156   1.560480189510827e-09
   157   1.566087926008208e-09
   158   1.534046667472921e-09
   159   1.508054126020397e-09
   160   1.513050684742723e-09
[TRUERES]    160  1.513050684742723e-09  1.513367986483161e-09
   161   1.462161725029887e-09
   162   1.428809848214030e-09
   163   1.397088555954440e-09
   164   1.318170461672707e-09
   165   1.271958205428803e-09
   166   1.212193900812508e-09
   167   1.130790794334757e-09
   168   1.081706946237659e-09
   169   1.008034766769583e-09
   170   9.334203410205077e-10
[TRUERES]    170  9.334203410205077e-10  9.337001172227133e-10
   171   8.823838881788504e-10
   172   8.091181613600895e-10
   173   7.548936475920698e-10
   174   7.142517688407679e-10
   175   6.629338189512168e-10
   176   6.348788161858465e-10
   177   6.104267646911410e-10
   178   5.797264890361475e-10
   179   5.695956484252918e-10
   180   5.512902911952722e-10
[TRUERES]    180  5.512902911952722e-10  5.515614076578856e-10
   181   5.295119898107714e-10
   182   5.188939833367101e-10
   183   4.939527120662035e-10
   184   4.735448699833000e-10
   185   4.582756119031473e-10
   186   4.306689449506962e-10
   187   4.126528563297427e-10
   188   3.944320703386239e-10
   189   3.679911375620293e-10
   190   3.519440017196729e-10
[TRUERES]    190  3.519440017196729e-10  3.521783698001713e-10
   191   3.322121466808881e-10
   192   3.109488500019353e-10
   193   2.977808832849149e-10
   194   2.785058295096121e-10
   195   2.609553129140352e-10
   196   2.476244209681511e-10
   197   2.283159494798070e-10
   198   2.140380650494933e-10
   199   2.012467276157892e-10
   200   1.847163533241769e-10
[TRUERES]    200  1.847163533241769e-10  1.849848885182581e-10
   201   1.730456611337416e-10
   202   1.600128918255450e-10
   203   1.459675297299512e-10
   204   1.362493312617730e-10
   205   1.244541414369138e-10
   206   1.137546168372694e-10
   207   1.057324436337659e-10
   208   9.601749256793468e-11
   209   8.842967330613405e-11
   210   8.210956220500165e-11
[TRUERES]    210  8.210956220500165e-11  8.242301285932285e-11
   211   7.445032090824810e-11
   212   6.869968482980937e-11
   213   6.291923926315945e-11
   214   5.673225084157352e-11
   215   5.231564140228961e-11
   216   4.744512074883467e-11
   217   4.305911530111395e-11
   218   4.010165810530708e-11
   219   3.685971319833392e-11
   220   3.445957755254803e-11
[TRUERES]    220  3.445957755254803e-11  3.479341467715891e-11
   221   3.273450954743851e-11
   222   3.051722763380837e-11
   223   2.910737970096555e-11
   224   2.774078883271969e-11
   225   2.611918493988785e-11
   226   2.522856056008660e-11
   227   2.403552704088874e-11
   228   2.276736264794632e-11
   229   2.197633915124175e-11
   230   2.080681980876076e-11
[TRUERES]    230  2.080681980876076e-11  2.112451880087463e-11
   231   1.992579365395208e-11
   232   1.937549079511491e-11
   233   1.850053617247216e-11
   234   1.804953235484685e-11
   235   1.775718634633439e-11
   236   1.739416596868715e-11
   237   1.759451959126856e-11
   238   1.777663259650009e-11
   239   1.784410813554516e-11
   240   1.810813651803578e-11
[TRUERES]    240  1.810813651803578e-11  1.845931567323600e-11
   241   1.781274086565254e-11
   242   1.733823848382166e-11
   243   1.686919007259924e-11
   244   1.590718529120849e-11
   245   1.514860806239859e-11
   246   1.442991386102488e-11
   247   1.345468875202371e-11
   248   1.272062490065284e-11
   249   1.186580261131054e-11
   250   1.093049695893855e-11
[TRUERES]    250  1.093049695893855e-11  1.126057407041525e-11
   251   1.024970906760014e-11
   252   9.436246922733815e-12
   253   8.703507532736854e-12
   254   8.156602129827384e-12
   255   7.495531972878666e-12
   256   6.959674156425955e-12
   257   6.500989850610761e-12
   258   5.967895014974411e-12
   259   5.583600422298662e-12
   260   5.232593872084301e-12
[TRUERES]    260  5.232593872084301e-12  5.584041909423298e-12
   261   4.867140978442874e-12
   262   4.640431702090941e-12
   263   4.381235391842653e-12
   264   4.132798270273241e-12
   265   3.966616098083353e-12
   266   3.739416762349457e-12
   267   3.552911003595893e-12
   268   3.417681936068728e-12
   269   3.243446743822487e-12
   270   3.137230275909730e-12
[TRUERES]    270  3.137230275909730e-12  3.504624541961210e-12
   271   3.043269629354750e-12
   272   2.923363591131323e-12
   273   2.868732595223689e-12
   274   2.809088898991785e-12
   275   2.766002054135908e-12
   276   2.795441612565841e-12
   277   2.782057136746507e-12
   278   2.774191033144691e-12
   279   2.771903149720312e-12
   280   2.691750034672369e-12
[TRUERES]    280  2.691750034672369e-12  3.063234561839767e-12
   281   2.611673681138238e-12
   282   2.495667518129241e-12
   283   2.319014555038357e-12
   284   2.171000358652808e-12
   285   2.004534342334163e-12
   286   1.833725445793410e-12
   287   1.708026732202828e-12
   288   1.572806880394129e-12
   289   1.459540713115437e-12
   290   1.369403939202596e-12
[TRUERES]    290  1.369403939202596e-12  1.748625116232416e-12
   291   1.259996339035563e-12
   292   1.172654204642520e-12
   293   1.097163809457569e-12
   294   1.012961199295392e-12
   295   9.517660097546621e-13
   296   8.895419665623516e-13
   297   8.270686652905868e-13
   298   7.838236353377437e-13
   299   7.329508094205961e-13
   300   6.875696843475221e-13
[TRUERES]    300  6.875696843475221e-13  1.097766517445253e-12
   301   6.572001515041392e-13
   302   6.207413055792088e-13
   303   5.959399098330598e-13
   304   5.792800592506475e-13
   305   5.572551426379080e-13
   306   5.475260002330007e-13
   307   5.400653882436934e-13
   308   5.312362962722750e-13
   309   5.322146803127259e-13
   310   5.274675553106067e-13
[TRUERES]    310  5.274675553106067e-13  9.473126493311779e-13
   311   5.194982356619693e-13
   312   5.137088671114398e-13
   313   4.930785597531684e-13
   314   4.702182111564202e-13
   315   4.451825735309056e-13
   316   4.112498915628121e-13
   317   3.833408742347222e-13
   318   3.561111908828574e-13
   319   3.266250388645614e-13
   320   3.035046172716882e-13
[TRUERES]    320  3.035046172716882e-13  7.648420200130623e-13
   321   2.783605052188165e-13
   322   2.536897829395063e-13
   323   2.339622907302635e-13
   324   2.126162202027715e-13
   325   1.946441597310000e-13
   326   1.804541216975097e-13
   327   1.650708785156177e-13
   328   1.525236236138774e-13
   329   1.406839868125370e-13
   330   1.275535802197983e-13
[TRUERES]    330  1.275535802197983e-13  6.321699348894871e-13
   331   1.169136673324217e-13
   332   1.057965225300349e-13
   333   9.477497047794339e-14
   334   8.622470820023390e-14
   335   7.768039548194591e-14
   336   7.034721112922360e-14
   337   6.457294687020956e-14
   338   5.869426716572160e-14
   339   5.410093285363772e-14
   340   5.011874636552498e-14
[TRUERES]    340  5.011874636552498e-14  5.755217266298351e-13
   341   4.590790502736683e-14
   342   4.276195351049679e-14
   343   3.968702740031992e-14
   344   3.645111759631968e-14
   345   3.394122344833363e-14
   346   3.123064009008872e-14
   347   2.874040388274254e-14
   348   2.679516730838463e-14
   349   2.461938022424535e-14
   350   2.268426399954122e-14
[TRUERES]    350  2.268426399954122e-14  5.960070761576453e-13
   351   2.088698036414611e-14
   352   1.886949187938740e-14
   353   1.717634755672541e-14
   354   1.548173447893288e-14
   355   1.379259492804551e-14
   356   1.250442552779528e-14
   357   1.126291409041160e-14
   358   1.017675696588383e-14
   359   9.320217767862498e-15
   360   8.431249066422584e-15
[TRUERES]    360  8.431249066422584e-15  6.184205708290036e-13
   361   7.693167426074763e-15
   362   7.096188345728826e-15
   363   6.486286083706629e-15
   364   6.015660178652037e-15
   365   5.568717314802674e-15
   366   5.092791101080638e-15
   367   4.701500419448251e-15
   368   4.281317867501494e-15
   369   3.857632410801367e-15
   370   3.487762980646804e-15
[TRUERES]    370  3.487762980646804e-15  6.411635545405803e-13
   371   3.105348145510459e-15
   372   2.773389368976157e-15
   373   2.489711893951824e-15
   374   2.207666863175087e-15
   375   1.980505120457456e-15
   376   1.780763316550104e-15
   377   1.589069913828444e-15
   378   1.448132101734801e-15
   379   1.323387865526766e-15
   380   1.219268140430544e-15
[TRUERES]    380  1.219268140430544e-15  6.447752488175640e-13
   381   1.147936001931352e-15
   382   1.076845267822127e-15
   383   1.018859827472821e-15
   384   9.782066929275878e-16
   385   9.306388049174440e-16
   386   8.951403952518451e-16
   387   8.661317932094311e-16
   388   8.315394440995983e-16
   389   8.118589512074999e-16
   390   7.900089422396871e-16
[TRUERES]    390  7.900089422396871e-16  6.577805791371794e-13
   391   7.664324683671333e-16
   392   7.524186258921661e-16
   393   7.276610704537846e-16
   394   6.988968903562127e-16
   395   6.718080884887505e-16
   396   6.322576849617238e-16
   397   5.970976649585531e-16
   398   5.642885319609274e-16
   399   5.260837990892918e-16
   400   4.953208329944365e-16
[TRUERES]    400  4.953208329944365e-16  6.729255824441949e-13
   401   4.638597529323660e-16
   402   4.309571816127464e-16
   403   4.047943985148700e-16
   404   3.746296229692334e-16
   405   3.445909494536193e-16
   406   3.188709263591405e-16
   407   2.912070420600519e-16
   408   2.675026662124627e-16
   409   2.478450167401605e-16
   410   2.281625915541511e-16
[TRUERES]    410  2.281625915541511e-16  6.893235439918433e-13
   411   2.132441311264061e-16
   412   2.003943633838726e-16
   413   1.869955462379508e-16
   414   1.770189142525039e-16
   415   1.663467491033529e-16
   416   1.554193093997232e-16
   417   1.463440660539426e-16
   418   1.358195493354099e-16
   419   1.266804344114504e-16
   420   1.194136593476170e-16
[TRUERES]    420  1.194136593476170e-16  6.991613234544336e-13
   421   1.116289236365375e-16
   422   1.053918693213244e-16
   423   9.930563981028174e-17
   424   9.238190647264138e-17
   425   8.671561339753474e-17
   426   8.076355919929307e-17
   427   7.495005444493159e-17
   428   7.068862506985030e-17
   429   6.607499542483374e-17
   430   6.163231423392983e-17
[TRUERES]    430  6.163231423392983e-17  7.038909928015757e-13
   431   5.773051651940700e-17
   432   5.308471616600703e-17
   433   4.862074996358091e-17
   434   4.445247766908534e-17
   435   4.019307654086604e-17
   436   3.693948071539691e-17
   437   3.407671780319174e-17
   438   3.134225722143844e-17
   439   2.925606139446540e-17
   440   2.710289702510007e-17
[TRUERES]    440  2.710289702510007e-17  7.080423487099141e-13
   441   2.509099028894042e-17
   442   2.354102091149978e-17
   443   2.191838371724636e-17
   444   2.064670767637061e-17
   445   1.974400381953027e-17
   446   1.885213602871437e-17
   447   1.835634878496846e-17
   448   1.802931796671195e-17
   449   1.772751450277707e-17
   450   1.770140702828368e-17
[TRUERES]    450  1.770140702828368e-17  7.113410880298099e-13
   451   1.759535420194825e-17
   452   1.742984363318252e-17
   453   1.743655537667277e-17
   454   1.727384729582237e-17
   455   1.723569276288775e-17
   456   1.734153217662513e-17
   457   1.724680676159801e-17
   458   1.726146936513612e-17
   459   1.719299204530653e-17
   460   1.691542331895824e-17
[TRUERES]    460  1.691542331895824e-17  7.175430497170787e-13
   461   1.675208161775862e-17
   462   1.643530783909776e-17
   463   1.595326502841003e-17
   464   1.554592159011952e-17
   465   1.489055300823866e-17
   466   1.417032023144383e-17
   467   1.345180468160067e-17
   468   1.256690175154247e-17
   469   1.177096126918373e-17
   470   1.104428227387529e-17
[TRUERES]    470  1.104428227387529e-17  7.263893805030397e-13
   471   1.028380633309915e-17
   472   9.660149374361729e-18
   473   9.026291624310307e-18
   474   8.397192644322902e-18
   475   7.921064175014929e-18
   476   7.450333059203865e-18
   477   7.016820107874011e-18
   478   6.648475753923536e-18
   479   6.209626660462103e-18
   480   5.825940174100300e-18
[TRUERES]    480  5.825940174100300e-18  7.306117516536759e-13
   481   5.494663437759550e-18
   482   5.163567026792337e-18
   483   4.940282855323448e-18
   484   4.747443893480186e-18
   485   4.553432403118630e-18
   486   4.415878884695962e-18
   487   4.238072276124626e-18
   488   4.059147732955424e-18
   489   3.914928379566497e-18
   490   3.733584746695885e-18
[TRUERES]    490  3.733584746695885e-18  7.464366039329484e-13
   491   3.575508463685470e-18
   492   3.418274870924093e-18
   493   3.231493352706557e-18
   494   3.076542364845520e-18
   495   2.919489511047986e-18
   496   2.741716610086612e-18
   497   2.590075792241860e-18
   498   2.413807326019566e-18
   499   2.232204578822071e-18
   500   2.077357402127910e-18
[TRUERES]    500  2.077357402127910e-18  7.393528064086885e-13
   501   1.907567828053438e-18
   502   1.751151489737263e-18
   503   1.603849647795658e-18
   504   1.444270997997693e-18
   505   1.306078275756675e-18
   506   1.179201591090535e-18
   507   1.058625334355059e-18
   508   9.684363846023300e-19
   509   8.936147962696115e-19
   510   8.339220311477583e-19
[TRUERES]    510  8.339220311477583e-19  7.411092681382236e-13
   511   7.959156669403609e-19
   512   7.624296896842009e-19
   513   7.390835508706574e-19
   514   7.252329285013398e-19
   515   7.084281339718656e-19
   516   6.983939678525029e-19
   517   6.898446943302493e-19
   518   6.739331514647559e-19
   519   6.644742377626354e-19
   520   6.515642231473672e-19
[TRUERES]    520  6.515642231473672e-19  7.427722174303819e-13
   521   6.366533103291214e-19
   522   6.295861376694098e-19
   523   6.190474947739662e-19
   524   6.103300450934230e-19
   525   6.050380020282502e-19
   526   5.902266610762405e-19
   527   5.746707541753566e-19
   528   5.564402104625707e-19
   529   5.318160259038444e-19
   530   5.115814820607840e-19
[TRUERES]    530  5.115814820607840e-19  7.439853854512846e-13
   531   4.911804681194472e-19
   532   4.685175804918725e-19
   533   4.504690682126366e-19
   534   4.305613382597170e-19
   535   4.108601708153884e-19
   536   3.946177815542679e-19
   537   3.733101776615730e-19
   538   3.528704154784170e-19
   539   3.334839385583765e-19
   540   3.104820102772317e-19
[TRUERES]    540  3.104820102772317e-19  7.440628516965087e-13
   541   2.899032817511667e-19
   542   2.693423893070600e-19
   543   2.477113319454627e-19
   544   2.293150936162248e-19
   545   2.106657767936369e-19
   546   1.929641375343962e-19
   547   1.773520340506470e-19
   548   1.604641078696112e-19
   549   1.445819557652575e-19
Error at ASolver_CG<Afield<float,ACCEL> >: not converged
  iter(final):      550   1.445819557652575e-19
converged:
  nconv = -1
    1    0       -1     2.8663e-14     4.0102e-13
ASolver_CGNR<Afield<float,ACCEL> >: solver starts
  mode_prev = D
  snorm =  2.525390052795410e+01
ASolver_CG solve_CG_init: m_x.nin() = 192, m_s.nin() = 192
  init:  8.908969163894653e-01
     0   4.409194737672806e-02
[TRUERES]      0  4.409194737672806e-02  4.409193992614746e-02
     1   1.190655492246151e-02
     2   9.967402555048466e-03
     3   3.597770119085908e-03
     4   1.808560919016600e-03
     5   1.557455048896372e-03
     6   7.409411482512951e-04
     7   4.936435725539923e-04
     8   4.067241097800434e-04
     9   2.275535225635394e-04
    10   1.862796198111027e-04
[TRUERES]     10  1.862796198111027e-04  1.862795761553571e-04
    11   1.489038986619562e-04
    12   9.452699305256829e-05
    13   8.352119039045647e-05
    14   6.363260035868734e-05
    15   4.482825534068979e-05
    16   4.150847962591797e-05
    17   3.090440441155806e-05
    18   2.439722084091045e-05
    19   2.241737638541963e-05
    20   1.655744381423574e-05
[TRUERES]     20  1.655744381423574e-05  1.655744199524634e-05
    21   1.451292973797536e-05
    22   1.336221248493530e-05
    23   1.040915503836004e-05
    24   9.895858966046944e-06
    25   8.820726179692429e-06
    26   7.201666903711157e-06
    27   7.033023393887561e-06
    28   6.017626219545491e-06
    29   5.125857569510117e-06
    30   4.899185114481952e-06
[TRUERES]     30  4.899185114481952e-06  4.899189207208110e-06
    31   4.001037268608343e-06
    32   3.525374268065207e-06
    33   3.281468707427848e-06
    34   2.676363010323257e-06
    35   2.477101133990800e-06
    36   2.276202167195152e-06
    37   1.921494913403876e-06
    38   1.861053306129179e-06
    39   1.690038970991736e-06
    40   1.516869701845280e-06
[TRUERES]     40  1.516869701845280e-06  1.516868678663741e-06
    41   1.529460178062436e-06
    42   1.396342213411117e-06
    43   1.319879515904177e-06
    44   1.325443577115948e-06
