Bridge++ 2.0.0

input filename : main.yaml

file = main.yaml

Lattice parameters:
  Lx = 16,  Ly = 16,  Lz = 16,  Lt = 16,
  Nx = 16,  Ny = 16,  Nz = 16,  Nt = 16,
  NPEx = 1,  NPEy  = 1,  NPEz  = 1,  NPEt  = 1,
  Lvol = 65536,  Nvol = 65536,  NPE = 1,
  Ndim = 4
  Nc   = 3
  Nd   = 4

ThreadManager: initialization
Warning at ThreadManager: Nthread(env) != Nthread(input)
  Number of threads(env)   = 2
  Number of threads(input) = 1
  reset Nthread = Nthread(input).
  Number of threads = 1
Main: input parameters
  lattice_size     = [16, 16, 16, 16]
  grid_size        = [1, 1, 1, 1]
  number of thread = 1
  number of color  = 3
  logfile          = stdout
  ildg_logfile     = stdout
  vlevel           = General

Alt_Accel code is being setup.
DeviceManager_CUDA: being initialized.
  process_id = 0
  number of devices = 1
  device_id = 0  is used on process = 0
------------------------------------------------
Alt_Accel: Factory entries
------------------------------------------------
AFopr<double, ACCEL> >(void):
AFopr<double, ACCEL>(Parameters&):
	Clover
	CloverTerm
	Clover_dd
	Domainwall
	Domainwall_5din
	Domainwall_5din_dd
	Domainwall_5din_eo
	Domainwall_eo
	Wilson
	Wilson_dd
AFopr<double, ACCEL>(Fopr*):
	Domainwall
AFopr<double, ACCEL>(Fopr*, Director*):
AFopr<float, ACCEL> >(void):
AFopr<float, ACCEL>(Parameters&):
	Clover
	CloverTerm
	Clover_dd
	Domainwall
	Domainwall_5din
	Domainwall_5din_dd
	Domainwall_5din_eo
	Domainwall_eo
	Wilson
	Wilson_dd
AFopr<float, ACCEL>(Fopr*):
	Domainwall
AFopr<float, ACCEL>(Fopr*, Director*):
AEigensolver<AField<float, ACCEL> >, Afopr>(Fopr*):
	IRArnoldi
	IRLanczos
------------------------------------------------
Timer: timestamp: 2026/06/05 22:41:45 +0900
file = test_alt_Spectrum_Domainwall_5din_Hadron2ptFunction.yaml

--------------------------------------------------------------------
test name: Spectrum_Domainwall_alt.hadron_2ptFunction
test file: test_alt_Spectrum_Domainwall_5din_Hadron2ptFunction.yaml
test mode: float_eo
file = test_alt_Spectrum_Domainwall_5din_Hadron2ptFunction.yaml
  vlevel       = General
  source_type  = Local
Smearing parameters (assumes APE-Stout):
   proj_type:  Stout_SU3
   smear_type: APE
   rho_uniform: 0.100000
   number_of_smearing: 0
  vlevel       = General

Configuration setup:
  gconf_status = Continue
  gconf_read   = Text_4x4x4x8
  readfile     = ./conf_04040408.txt
  plaq = 0.625130

Gauge fixing:
  Gauge fixing type = None
Parameters: get_string: key 'filename_output' not found.
Elapsed time: calc_plqauette: total         0.16 sec, count    1, average         0.16 sec
plaquette (before smearing):       0.625129946974939
applying smearing
Smear_APE:
  rho =   0.1000
Director_Smear:
  Nsmear = 0
Parameters: get_string: key 'filename_output' not found.
Elapsed time: calc_plqauette: total         0.13 sec, count    1, average         0.13 sec
Elapsed time: smearig: total         0.14 sec, count    1, average         0.14 sec
plaquette (after smearing):        0.625129946974939
  gmset_type   = Dirac
Gamma matrix: dirac representation.
Fopr_Domainwall: construction
  Imp::Fopr_Wilson: construction
    Gauge group implementation: SU(3)
    Imp::Fopr_Wilson: input parameters
      gamma-matrix type = Dirac
      kappa  =   0.20833333
      boundary[0] =  1
      boundary[1] =  1
      boundary[2] =  1
      boundary[3] = -1
  Imp::Fopr_Wilson: construction finished.
  Fopr_Domainwall: input parameters
    mq   =   0.0250
    M0   =   1.6000
    Ns   =    8
    boundary[0] =  1
    boundary[1] =  1
    boundary[2] =  1
    boundary[3] = -1
    coefficients:
    b[ 0] =     1.5000000000  c[ 0] =     0.5000000000
    b[ 1] =     1.5000000000  c[ 1] =     0.5000000000
    b[ 2] =     1.5000000000  c[ 2] =     0.5000000000
    b[ 3] =     1.5000000000  c[ 3] =     0.5000000000
    b[ 4] =     1.5000000000  c[ 4] =     0.5000000000
    b[ 5] =     1.5000000000  c[ 5] =     0.5000000000
    b[ 6] =     1.5000000000  c[ 6] =     0.5000000000
    b[ 7] =     1.5000000000  c[ 7] =     0.5000000000
Fopr_Domainwall: construction finished.
Fopr_Domainwall: input parameters
  mq   =   0.0250
  M0   =   1.6000
  Ns   =    8
  boundary[0] =  1
  boundary[1] =  1
  boundary[2] =  1
  boundary[3] = -1
  coefficients:
  b[ 0] =     1.5000000000  c[ 0] =     0.5000000000
  b[ 1] =     1.5000000000  c[ 1] =     0.5000000000
  b[ 2] =     1.5000000000  c[ 2] =     0.5000000000
  b[ 3] =     1.5000000000  c[ 3] =     0.5000000000
  b[ 4] =     1.5000000000  c[ 4] =     0.5000000000
  b[ 5] =     1.5000000000  c[ 5] =     0.5000000000
  b[ 6] =     1.5000000000  c[ 6] =     0.5000000000
  b[ 7] =     1.5000000000  c[ 7] =     0.5000000000
Imp::Fopr_Wilson: construction
  Gauge group implementation: SU(3)
  Imp::Fopr_Wilson: input parameters
    gamma-matrix type = Dirac
    kappa  =   0.20833333
    boundary[0] =  1
    boundary[1] =  1
    boundary[2] =  1
    boundary[3] = -1
Imp::Fopr_Wilson: construction finished.
Source for spinor field - local:
  source_position[0] = 0
  source_position[1] = 0
  source_position[2] = 0
  source_position[3] = 0

Check of fermion operator (even-odd)
norm of source vector: 1.000000
AFopr_Domainwall_5din_eo<AField<float,ACCEL> >: construction
  do_comm[0] = 0
  do_comm[1] = 0
  do_comm[2] = 0
  do_comm[3] = 0
    extended_precision = true
    su3_reconstruction = false
  AFopr_Domainwall_5din_eo<AField<float,ACCEL> >: input parameters
    gamma matrix repr.:  Dirac
    code implementation: 5d
    mq   =   0.0250
    M0   =   1.6000
    Ns   =    8
    boundary[0] =  1
    boundary[1] =  1
    boundary[2] =  1
    boundary[3] = -1
    coefficients:
      b[ 0] =     1.5000000000  c[ 0] =     0.5000000000
      b[ 1] =     1.5000000000  c[ 1] =     0.5000000000
      b[ 2] =     1.5000000000  c[ 2] =     0.5000000000
      b[ 3] =     1.5000000000  c[ 3] =     0.5000000000
      b[ 4] =     1.5000000000  c[ 4] =     0.5000000000
      b[ 5] =     1.5000000000  c[ 5] =     0.5000000000
      b[ 6] =     1.5000000000  c[ 6] =     0.5000000000
      b[ 7] =     1.5000000000  c[ 7] =     0.5000000000
    alpha =   1.0000
convert required.
convert performed.

[D check]
norm2(abq) = 1.000000
norm2(y5)  = 114.964838
norm2(z5)  = 114.964831
norm2(axq) = 114.964828
diff2 = 0.000000
Elapsed time: afopr_Domainwall_5din_eo: Deo & dagger   : total         0.00 sec, count    2, average         0.00 sec
Elapsed time: afopr_Domainwall_5din_eo: Dee_inv & dag  : total         0.00 sec, count   18, average         0.00 sec
Elapsed time: afopr_Domainwall_5din_eo: clear          : total         0.00 sec, count    0, average         0.00 sec
Elapsed time: afopr_Domainwall_5din_eo: pack           : total         0.00 sec, count    0, average         0.00 sec
Elapsed time: afopr_Domainwall_5din_eo: bulk           : total         0.00 sec, count    2, average         0.00 sec
Elapsed time: afopr_Domainwall_5din_eo: boundary       : total         0.00 sec, count    0, average         0.00 sec
Elapsed time: afopr_Domainwall_5din_eo: comm           : total         0.00 sec, count    0, average         0.00 sec
Elapsed time: afopr_Domainwall_5din_eo: comm_recv_wait : total         0.00 sec, count    0, average         0.00 sec
Elapsed time: afopr_Domainwall_5din_eo: comm_send_wait : total         0.00 sec, count    0, average         0.00 sec
Elapsed time: afopr_Domainwall_5din_eo: comm_recv_start: total         0.00 sec, count    0, average         0.00 sec
Elapsed time: afopr_Domainwall_5din_eo: comm_send_start: total         0.00 sec, count    0, average         0.00 sec
Elapsed time: afopr_Domainwall_5din_eo: comm_test_all  : total         0.00 sec, count    0, average         0.00 sec

Fprop_alt_Standard_eo<Afield<float,ACCEL> >: being setup (without link smearing).
  AFopr_Domainwall_5din_eo<AField<float,ACCEL> >: construction
    do_comm[0] = 0
    do_comm[1] = 0
    do_comm[2] = 0
    do_comm[3] = 0
      extended_precision = true
      su3_reconstruction = false
    AFopr_Domainwall_5din_eo<AField<float,ACCEL> >: input parameters
      gamma matrix repr.:  Dirac
      code implementation: 5d
      mq   =   0.0250
      M0   =   1.6000
      Ns   =    8
      boundary[0] =  1
      boundary[1] =  1
      boundary[2] =  1
      boundary[3] = -1
      coefficients:
        b[ 0] =     1.5000000000  c[ 0] =     0.5000000000
        b[ 1] =     1.5000000000  c[ 1] =     0.5000000000
        b[ 2] =     1.5000000000  c[ 2] =     0.5000000000
        b[ 3] =     1.5000000000  c[ 3] =     0.5000000000
        b[ 4] =     1.5000000000  c[ 4] =     0.5000000000
        b[ 5] =     1.5000000000  c[ 5] =     0.5000000000
        b[ 6] =     1.5000000000  c[ 6] =     0.5000000000
        b[ 7] =     1.5000000000  c[ 7] =     0.5000000000
      alpha =   1.0000
  ASolver_CGNR<Afield<float,ACCEL> >:
  ASolver_CG<Afield<float,ACCEL> >:
    Precision: float
    Niter     = 550
    Stop_cond =   0.00000000e+00
    init_guess_mode: 0
    true_residual_interval = 10 (logging [TRUERES])
    refinement_iterations = 0
Fprop_alt_Standard_eo<Afield<float,ACCEL> >: setup finished.

Fprop_alt_Standard_eo<Afield<float,ACCEL> >: mult performance:
  mult mode = Dee_inv
  Number of mult =                400
  Elapsed time   =       0.146240 sec
  Flop(Fopr)     =           62914560
  Flop(total)    =        25165824000
  Performance    =     172.086 GFlops

Fprop_alt_Standard_eo<Afield<float,ACCEL> >: mult performance:
  mult mode = Doe
  Number of mult =                400
  Elapsed time   =       1.128101 sec
  Flop(Fopr)     =          390070272
  Flop(total)    =       156028108800
  Performance    =     138.310 GFlops

Fprop_alt_Standard_eo<Afield<float,ACCEL> >: mult performance:
  mult mode = D
  Number of mult =                400
  Elapsed time   =       2.802560 sec
  Flop(Fopr)     =          912261120
  Flop(total)    =       364904448000
  Performance    =     130.204 GFlops

Fprop_alt_Standard_eo<Afield<float,ACCEL> >: mult performance:
  mult mode = Ddag
  Number of mult =                400
  Elapsed time   =       2.737751 sec
  Flop(Fopr)     =          912261120
  Flop(total)    =       364904448000
  Performance    =     133.286 GFlops

Fprop_alt_Standard_eo<Afield<float,ACCEL> >: mult performance:
  mult mode = DdagD
  Number of mult =                400
  Elapsed time   =       5.487553 sec
  Flop(Fopr)     =         1824522240
  Flop(total)    =       729808896000
  Performance    =     132.994 GFlops

Solving quark propagator:
  color spin   Nconv      diff           diff2
ASolver_CGNR<Afield<float,ACCEL> >: solver starts
  mode_prev = D
  b2 size is reset.
  snorm =  2.594312667846680e+01
  init:  8.328663706779480e-01
     0   4.464929923415184e-02
[TRUERES]      0  4.464929923415184e-02  4.464929923415184e-02
     1   1.506214868277311e-02
     2   1.243712566792965e-02
     3   3.988491836935282e-03
     4   2.221616217866540e-03
     5   1.795768854208291e-03
     6   8.086132584139705e-04
     7   5.852080066688359e-04
     8   4.488916601985693e-04
     9   2.501302806194872e-04
    10   2.150001382688060e-04
[TRUERES]     10  2.150001382688060e-04  2.150001382688060e-04
    11   1.611578627489507e-04
    12   1.065425749402493e-04
    13   9.901764860842377e-05
    14   7.180465036071837e-05
    15   5.362167576095089e-05
    16   5.062610944150947e-05
    17   3.682875467347912e-05
    18   3.112213380518369e-05
    19   2.865173883037642e-05
    20   2.128615778929088e-05
[TRUERES]     20  2.128615778929088e-05  2.128615778929088e-05
    21   1.933131898113061e-05
    22   1.714459904178511e-05
    23   1.359157704428071e-05
    24   1.327253994531929e-05
    25   1.149955824075732e-05
    26   9.628583029552829e-06
    27   9.345932994619943e-06
    28   7.672168976569083e-06
    29   6.692569513688795e-06
    30   6.299693268374540e-06
[TRUERES]     30  6.299693268374540e-06  6.299693268374540e-06
    31   5.113845872983802e-06
    32   4.690605692303507e-06
    33   4.318731498642592e-06
    34   3.601322760005132e-06
    35   3.465308964223368e-06
    36   3.133310883640661e-06
    37   2.753410626610275e-06
    38   2.765975750662619e-06
    39   2.533640099500190e-06
    40   2.400883204245474e-06
[TRUERES]     40  2.400883204245474e-06  2.400883204245474e-06
    41   2.460500354573014e-06
    42   2.244794359285152e-06
    43   2.184840923291631e-06
    44   2.160091298719635e-06
    45   1.933439762069611e-06
    46   1.913481582960230e-06
    47   1.813410449358344e-06
    48   1.630634756111249e-06
    49   1.611416223568085e-06
    50   1.477314185649448e-06
[TRUERES]     50  1.477314185649448e-06  1.477314185649448e-06
    51   1.362019588668772e-06
    52   1.351530613646901e-06
    53   1.224165430357971e-06
    54   1.158785948973673e-06
    55   1.127182713389629e-06
    56   1.012144252854341e-06
    57   9.841870678428677e-07
    58   9.399591931469331e-07
    59   8.495483143633464e-07
    60   8.316080197801057e-07
[TRUERES]     60  8.316080197801057e-07  8.316080197801057e-07
    61   7.698968715885712e-07
    62   7.053964168335369e-07
    63   6.924881859049492e-07
    64   6.296676815509272e-07
    65   5.873127406630374e-07
    66   5.663115985043987e-07
    67   5.078805429548083e-07
    68   4.854670692111540e-07
    69   4.645948195047822e-07
    70   4.239337272338162e-07
[TRUERES]     70  4.239337272338162e-07  4.239337272338162e-07
    71   4.173045908828499e-07
    72   3.971296962390625e-07
    73   3.713180376507808e-07
    74   3.708618407927133e-07
    75   3.502570677937911e-07
    76   3.372921923983085e-07
    77   3.389928338037862e-07
    78   3.213855848116509e-07
    79   3.195205522388278e-07
    80   3.212207388969546e-07
[TRUERES]     80  3.212207388969546e-07  3.212207388969546e-07
    81   3.069426952606591e-07
    82   3.106851522716170e-07
    83   3.061661857373110e-07
    84   2.924176385477040e-07
    85   2.942933292615635e-07
    86   2.811402168845234e-07
    87   2.695133503038960e-07
    88   2.693088845262537e-07
    89   2.536506542583084e-07
    90   2.449349949529278e-07
[TRUERES]     90  2.449349949529278e-07  2.449349949529278e-07
    91   2.388283064647112e-07
    92   2.197831179273635e-07
    93   2.115063182372978e-07
    94   2.006789827646571e-07
    95   1.849045077051414e-07
    96   1.796914688156903e-07
    97   1.681810175568899e-07
    98   1.563878981869493e-07
    99   1.518781544973535e-07
   100   1.405583418545575e-07
[TRUERES]    100  1.405583418545575e-07  1.405583418545575e-07
   101   1.325883687286478e-07
   102   1.276337400213379e-07
   103   1.169885450735819e-07
   104   1.113069103553244e-07
   105   1.051287767950271e-07
   106   9.593632199766944e-08
   107   9.166270587002145e-08
   108   8.525600492248486e-08
   109   7.879527430532107e-08
   110   7.640944943432260e-08
[TRUERES]    110  7.640944943432260e-08  7.640944943432260e-08
   111   7.194353912609586e-08
   112   6.931996665571205e-08
   113   6.910543959293136e-08
   114   6.615675829380052e-08
   115   6.554242304446234e-08
   116   6.494745008467362e-08
   117   6.211426040181323e-08
   118   6.165532084878578e-08
   119   5.972320593627956e-08
   120   5.672444203241866e-08
[TRUERES]    120  5.672444203241866e-08  5.672444203241866e-08
   121   5.581215134498052e-08
   122   5.286075577259908e-08
   123   5.029284366742104e-08
   124   4.913772855275056e-08
   125   4.595683122943228e-08
   126   4.378216189593331e-08
   127   4.166875910982526e-08
   128   3.805975978821152e-08
   129   3.591964770066625e-08
   130   3.341523324706941e-08
[TRUERES]    130  3.341523324706941e-08  3.341523324706941e-08
   131   3.056741704199339e-08
   132   2.924023512207441e-08
   133   2.738562088211438e-08
   134   2.576265956122370e-08
   135   2.500261331306319e-08
   136   2.335324644775483e-08
   137   2.213319127974955e-08
   138   2.111894481515719e-08
   139   1.938383853428149e-08
   140   1.832487761532775e-08
[TRUERES]    140  1.832487761532775e-08  1.832487761532775e-08
   141   1.720973230590062e-08
   142   1.586330000691305e-08
   143   1.518005632306085e-08
   144   1.426630547030072e-08
   145   1.332669796738628e-08
   146   1.287591810950062e-08
   147   1.205564981177076e-08
   148   1.142722361180404e-08
   149   1.098929747200827e-08
   150   1.020331907852778e-08
[TRUERES]    150  1.020331907852778e-08  1.020331907852778e-08
   151   9.714146820272163e-09
   152   9.247457910532830e-09
   153   8.629974068696811e-09
   154   8.334962053879735e-09
   155   7.896653997363501e-09
   156   7.383798461546576e-09
   157   7.097435528180540e-09
   158   6.646708516910849e-09
   159   6.290849619006167e-09
   160   6.062543800311460e-09
[TRUERES]    160  6.062543800311460e-09  6.062543800311460e-09
   161   5.650768741816137e-09
   162   5.364507504879157e-09
   163   5.083119258841862e-09
   164   4.681259380134861e-09
   165   4.420527943693742e-09
   166   4.103001494115688e-09
   167   3.755930233495519e-09
   168   3.537286685784125e-09
   169   3.255327341022962e-09
   170   3.017884608880195e-09
[TRUERES]    170  3.017884608880195e-09  3.017884608880195e-09
   171   2.861289205569051e-09
   172   2.647884578266257e-09
   173   2.516162833643421e-09
   174   2.426720380199754e-09
   175   2.293718548429524e-09
   176   2.243879970720286e-09
   177   2.181289149305599e-09
   178   2.095501994148208e-09
   179   2.069330928833324e-09
   180   1.985482889210743e-09
[TRUERES]    180  1.985482889210743e-09  1.985482889210743e-09
   181   1.889290723866566e-09
   182   1.826360396250948e-09
   183   1.706354502140073e-09
   184   1.606617949789779e-09
   185   1.518777770215252e-09
   186   1.394685367195336e-09
   187   1.309804487092947e-09
   188   1.212388411886423e-09
   189   1.096152613122570e-09
   190   1.012244510434357e-09
[TRUERES]    190  1.012244510434357e-09  1.012244510434357e-09
   191   9.188896865630625e-10
   192   8.364764991775075e-10
   193   7.802133938916711e-10
   194   7.147704095267216e-10
   195   6.657583928593169e-10
   196   6.290751253246185e-10
   197   5.820681159285357e-10
   198   5.525642721160295e-10
   199   5.252125956367593e-10
   200   4.901657968403583e-10
[TRUERES]    200  4.901657968403583e-10  4.901657968403583e-10
   201   4.689632571164282e-10
   202   4.416045029653759e-10
   203   4.121124552725064e-10
   204   3.925577918284517e-10
   205   3.642272039527938e-10
   206   3.393827996411858e-10
   207   3.206203913475036e-10
   208   2.962287359853377e-10
   209   2.793108244691922e-10
   210   2.643002761093527e-10
[TRUERES]    210  2.643002761093527e-10  2.643002761093527e-10
   211   2.452530400987030e-10
   212   2.331572990232900e-10
   213   2.196472864701704e-10
   214   2.053004294344518e-10
   215   1.967907087285781e-10
   216   1.860287202060107e-10
   217   1.774161512146932e-10
   218   1.723840514777919e-10
   219   1.638428143158066e-10
   220   1.580473252271730e-10
[TRUERES]    220  1.580473252271730e-10  1.580473252271730e-10
   221   1.534338905928578e-10
   222   1.463907883803017e-10
   223   1.425692064405126e-10
   224   1.377474939667778e-10
   225   1.310491437589434e-10
   226   1.273535721324492e-10
   227   1.214575939822993e-10
   228   1.155671947028480e-10
   229   1.116756062624624e-10
   230   1.056951401401385e-10
[TRUERES]    230  1.056951401401385e-10  1.056951401401385e-10
   231   1.017115280887992e-10
   232   9.930167799154788e-11
   233   9.565878644757220e-11
   234   9.438979459153174e-11
   235   9.291588332072109e-11
   236   9.018474855793102e-11
   237   8.915938820575064e-11
   238   8.641252297048041e-11
   239   8.280844066010928e-11
   240   7.977975224893186e-11
[TRUERES]    240  7.977975224893186e-11  7.977975224893186e-11
   241   7.424345166429092e-11
   242   6.890891329769389e-11
   243   6.403566565893470e-11
   244   5.810633918468255e-11
   245   5.367756586438510e-11
   246   4.953488313974574e-11
   247   4.511266360474053e-11
   248   4.181914536882658e-11
   249   3.821496938338775e-11
   250   3.484626129313106e-11
[TRUERES]    250  3.484626129313106e-11  3.484626129313106e-11
   251   3.257878342100007e-11
   252   3.007933832566145e-11
   253   2.798387042923789e-11
   254   2.633649374972347e-11
   255   2.433368263832225e-11
   256   2.283747149722792e-11
   257   2.151092151625456e-11
   258   2.001664459183594e-11
   259   1.914482981868471e-11
   260   1.822499616499496e-11
[TRUERES]    260  1.822499616499496e-11  1.822499616499496e-11
   261   1.717635929321393e-11
   262   1.638954423566208e-11
   263   1.530623544576670e-11
   264   1.428740632747338e-11
   265   1.350350213591422e-11
   266   1.253161810432779e-11
   267   1.179840253273667e-11
   268   1.113871234831310e-11
   269   1.035773550261965e-11
   270   9.856665830754174e-12
[TRUERES]    270  9.856665830754174e-12  9.856665830754174e-12
   271   9.325138751459239e-12
   272   8.774990283011430e-12
   273   8.440138345167103e-12
   274   8.027625439388508e-12
   275   7.690100292667701e-12
   276   7.474545288266299e-12
   277   7.103307525513358e-12
   278   6.792414720957485e-12
   279   6.466796716175782e-12
   280   6.008062537060654e-12
[TRUERES]    280  6.008062537060654e-12  6.008062537060654e-12
   281   5.639486273800731e-12
   282   5.254120489378566e-12
   283   4.845602651765146e-12
   284   4.554974453174765e-12
   285   4.232056111802551e-12
   286   3.938475413856057e-12
   287   3.723167173869113e-12
   288   3.463988861376888e-12
   289   3.262205609810831e-12
   290   3.103062945486457e-12
[TRUERES]    290  3.103062945486457e-12  3.103062945486457e-12
   291   2.913760812489619e-12
   292   2.782151028654645e-12
   293   2.658394554835852e-12
   294   2.527344653002750e-12
   295   2.449480722421793e-12
   296   2.341587861109939e-12
   297   2.236200374178265e-12
   298   2.169127941500926e-12
   299   2.073171061905965e-12
   300   1.995394301179676e-12
[TRUERES]    300  1.995394301179676e-12  1.995394301179676e-12
   301   1.932588204051067e-12
   302   1.843290060518643e-12
   303   1.788948004489976e-12
   304   1.742742018404075e-12
   305   1.679217528915977e-12
   306   1.642677747298871e-12
   307   1.585989152508294e-12
   308   1.511944107239482e-12
   309   1.450933123647857e-12
   310   1.359235098606637e-12
[TRUERES]    310  1.359235098606637e-12  1.359235098606637e-12
   311   1.270644071731108e-12
   312   1.192995897382476e-12
   313   1.098511255917534e-12
   314   1.019846208351327e-12
   315   9.413375027383930e-13
   316   8.520341550355415e-13
   317   7.790084766493011e-13
   318   7.073527961282133e-13
   319   6.404066730039681e-13
   320   5.903347472316356e-13
[TRUERES]    320  5.903347472316356e-13  5.903347472316356e-13
   321   5.378996401940450e-13
   322   4.932724693117174e-13
   323   4.585795718853314e-13
   324   4.203204082529888e-13
   325   3.900863193660037e-13
   326   3.639084205416671e-13
   327   3.360926717054652e-13
   328   3.140189117848552e-13
   329   2.915125009873148e-13
   330   2.681683271710950e-13
[TRUERES]    330  2.681683271710950e-13  2.681683271710950e-13
   331   2.500776549816536e-13
   332   2.303359597239513e-13
   333   2.116529201250453e-13
   334   1.966291306209136e-13
   335   1.796161553909228e-13
   336   1.654864396558042e-13
   337   1.529828916541423e-13
   338   1.393895307337523e-13
   339   1.285630944151267e-13
   340   1.182303631082696e-13
[TRUERES]    340  1.182303631082696e-13  1.182303631082696e-13
   341   1.077143948579988e-13
   342   9.958369171598688e-14
   343   9.122304962198152e-14
   344   8.337959229304248e-14
   345   7.703106680084434e-14
   346   6.983341449594629e-14
   347   6.351766579067511e-14
   348   5.794759745832156e-14
   349   5.199860046668434e-14
   350   4.698316930819291e-14
[TRUERES]    350  4.698316930819291e-14  4.698316930819291e-14
   351   4.199778410240648e-14
   352   3.696023183146456e-14
   353   3.287706885164374e-14
   354   2.899383614056103e-14
   355   2.561909933057171e-14
   356   2.306881695759468e-14
   357   2.059581109446155e-14
   358   1.857102626789519e-14
   359   1.693644580320636e-14
   360   1.524308125197809e-14
[TRUERES]    360  1.524308125197809e-14  1.524308125197809e-14
   361   1.383966539595738e-14
   362   1.257081935833286e-14
   363   1.129135406864861e-14
   364   1.029098952321644e-14
   365   9.339256527417933e-15
   366   8.473765038177067e-15
   367   7.815022432899714e-15
   368   7.158685401192563e-15
   369   6.585643048419559e-15
   370   6.121064958608362e-15
[TRUERES]    370  6.121064958608362e-15  6.121064958608362e-15
   371   5.593207578406638e-15
   372   5.158064730545475e-15
   373   4.790952180875989e-15
   374   4.428977309548074e-15
   375   4.180145287666125e-15
   376   3.948941715482433e-15
   377   3.729735094447177e-15
   378   3.586518340208946e-15
   379   3.426447112628013e-15
   380   3.305606215999162e-15
[TRUERES]    380  3.305606215999162e-15  3.305606215999162e-15
   381   3.230512510060332e-15
   382   3.108599057962021e-15
   383   3.005561523335035e-15
   384   2.895416535247637e-15
   385   2.731917788845639e-15
   386   2.590491238741431e-15
   387   2.434631670732482e-15
   388   2.266640896852958e-15
   389   2.132693012398294e-15
   390   1.983490699838291e-15
[TRUERES]    390  1.983490699838291e-15  1.983490699838291e-15
   391   1.844700751540648e-15
   392   1.729268795554726e-15
   393   1.592272968918486e-15
   394   1.472274870072154e-15
   395   1.364184148640085e-15
   396   1.248627255294444e-15
   397   1.159319807105094e-15
   398   1.077936352137309e-15
   399   9.922359937538424e-16
   400   9.249114857654657e-16
[TRUERES]    400  9.249114857654657e-16  9.249114857654657e-16
   401   8.545976396875509e-16
   402   7.873606937300966e-16
   403   7.347157961132289e-16
   404   6.777304899163933e-16
   405   6.262322631518712e-16
   406   5.812270203840860e-16
   407   5.333499124086352e-16
   408   4.947300804532858e-16
   409   4.605850176791625e-16
   410   4.264215584082160e-16
[TRUERES]    410  4.264215584082160e-16  4.264215584082160e-16
   411   4.014166958190158e-16
   412   3.756984461997703e-16
   413   3.516284432865429e-16
   414   3.346419651529663e-16
   415   3.160613445428776e-16
   416   2.993314644527599e-16
   417   2.852767791078673e-16
   418   2.679253885927018e-16
   419   2.524610551351208e-16
   420   2.370387292177677e-16
[TRUERES]    420  2.370387292177677e-16  2.370387292177677e-16
   421   2.202063846108119e-16
   422   2.067335447262340e-16
   423   1.931922010520469e-16
   424   1.795893151402858e-16
   425   1.689979092886997e-16
   426   1.576117615394623e-16
   427   1.471002282478243e-16
   428   1.385827958024801e-16
   429   1.293233757302309e-16
   430   1.212577691877978e-16
[TRUERES]    430  1.212577691877978e-16  1.212577559529080e-16
   431   1.138116746020527e-16
   432   1.051119447845916e-16
   433   9.763902969466500e-17
   434   9.029545256531723e-17
   435   8.297892093327749e-17
   436   7.743366092539960e-17
   437   7.201391399494806e-17
   438   6.725992834359350e-17
   439   6.362819517290188e-17
   440   5.968904198191616e-17
[TRUERES]    440  5.968904198191616e-17  5.968904198191616e-17
   441   5.652805398910602e-17
   442   5.403725765475369e-17
   443   5.141243159138817e-17
   444   4.967028995967799e-17
   445   4.822902700397785e-17
   446   4.680659398774186e-17
   447   4.643430315508889e-17
   448   4.619453989145672e-17
   449   4.624825700043592e-17
   450   4.693536284805921e-17
[TRUERES]    450  4.693536284805921e-17  4.693536284805921e-17
   451   4.729612278297319e-17
   452   4.800364675683675e-17
   453   4.906072402267541e-17
   454   4.978461955522262e-17
   455   5.095444484727471e-17
   456   5.189962442856965e-17
   457   5.210720374892861e-17
   458   5.260534183997540e-17
   459   5.254933840378311e-17
   460   5.191346812330134e-17
[TRUERES]    460  5.191346812330134e-17  5.191346812330134e-17
   461   5.128408293882199e-17
   462   4.954947526813094e-17
   463   4.755499061003289e-17
   464   4.546237917022889e-17
   465   4.253779939648640e-17
   466   3.974761000250418e-17
   467   3.687120853635924e-17
   468   3.373710060473462e-17
   469   3.107711936533560e-17
   470   2.845519505155891e-17
[TRUERES]    470  2.845519505155891e-17  2.845519505155891e-17
   471   2.589188475598774e-17
   472   2.379139524802978e-17
   473   2.166221249898359e-17
   474   1.982348098714559e-17
   475   1.838478725442803e-17
   476   1.694425552638939e-17
   477   1.578310074151807e-17
   478   1.478164144570625e-17
   479   1.375950759766427e-17
   480   1.301329886809345e-17
[TRUERES]    480  1.301329886809345e-17  1.301329886809345e-17
   481   1.237060931064180e-17
   482   1.176762524977331e-17
   483   1.139126468850658e-17
   484   1.099538514632544e-17
   485   1.060106070369590e-17
   486   1.026952092392036e-17
   487   9.793758068443131e-18
   488   9.353709563093496e-18
   489   8.952434321776672e-18
   490   8.458898663658133e-18
[TRUERES]    490  8.458898663658133e-18  8.458898663658133e-18
   491   8.043330568537005e-18
   492   7.628456477949809e-18
   493   7.185129028652014e-18
   494   6.807350266225064e-18
   495   6.372837253534634e-18
   496   5.910494162725164e-18
   497   5.496738420326139e-18
   498   5.043787965372208e-18
   499   4.631255623099150e-18
   500   4.271454804105428e-18
[TRUERES]    500  4.271454804105428e-18  4.271454804105428e-18
   501   3.888573991660252e-18
   502   3.565129828539767e-18
   503   3.261021012237709e-18
   504   2.956037452437876e-18
   505   2.706941937134883e-18
   506   2.470547986932794e-18
   507   2.262414248768273e-18
   508   2.104680211736302e-18
   509   1.952751741833534e-18
   510   1.826332488046136e-18
[TRUERES]    510  1.826332488046136e-18  1.826332488046136e-18
   511   1.723740275200905e-18
   512   1.611075794229345e-18
   513   1.517225846483033e-18
   514   1.436984880969597e-18
   515   1.353103596977891e-18
   516   1.290821136153288e-18
   517   1.229386018468668e-18
   518   1.167993707380748e-18
   519   1.124516370601925e-18
   520   1.078461435636810e-18
[TRUERES]    520  1.078461435636810e-18  1.078461435636810e-18
   521   1.042170230429541e-18
   522   1.022636360264101e-18
   523   1.002538869908783e-18
   524   1.000895882417100e-18
   525   1.006866782271237e-18
   526   1.004153216271757e-18
   527   1.005173026569458e-18
   528   9.944926772953269e-19
   529   9.685415399377008e-19
   530   9.457539548327837e-19
[TRUERES]    530  9.457539548327837e-19  9.457539548327837e-19
   531   9.125792559808851e-19
   532   8.753358624909913e-19
   533   8.434767944033583e-19
   534   8.048840625392374e-19
   535   7.739678769523383e-19
   536   7.485861500488783e-19
   537   7.143369952800616e-19
   538   6.827446929399770e-19
   539   6.472644349257400e-19
   540   6.042696029379767e-19
[TRUERES]    540  6.042696029379767e-19  6.042695512391884e-19
   541   5.654180152409150e-19
   542   5.230050014165062e-19
   543   4.815848111223141e-19
   544   4.470179156007005e-19
   545   4.107940997639608e-19
   546   3.774089609943498e-19
   547   3.462232954735174e-19
   548   3.134582319705916e-19
   549   2.855435487845236e-19
Error at ASolver_CG<Afield<float,ACCEL> >: not converged
  iter(final):      550   2.855435487845236e-19
converged:
  nconv = -1
    0    0       -1     2.0292e-19     3.3204e-18
ASolver_CGNR<Afield<float,ACCEL> >: solver starts
  mode_prev = D
  snorm =  2.597553634643555e+01
  init:  8.319460749626160e-01
     0   4.270485416054726e-02
[TRUERES]      0  4.270485416054726e-02  4.270485416054726e-02
     1   1.340081728994846e-02
     2   1.044569350779057e-02
     3   3.299002535641193e-03
     4   1.788337016478181e-03
     5   1.416802406311035e-03
     6   6.190710701048374e-04
     7   4.225019074510783e-04
     8   3.209614951629192e-04
     9   1.729397044982761e-04
    10   1.441793283447623e-04
[TRUERES]     10  1.441793283447623e-04  1.441793283447623e-04
    11   1.089366705855355e-04
    12   6.955620483495295e-05
    13   6.216655310709029e-05
    14   4.515628825174645e-05
    15   3.214369644410908e-05
    16   2.957901233457960e-05
    17   2.141419645340648e-05
    18   1.754438017087523e-05
    19   1.639686161070131e-05
    20   1.243436781805940e-05
[TRUERES]     20  1.243436781805940e-05  1.243436781805940e-05
    21   1.141292250395054e-05
    22   1.047718978952616e-05
    23   8.248603990068659e-06
    24   7.895877388364170e-06
    25   6.879038210172439e-06
    26   5.667959612765117e-06
    27   5.514541044249199e-06
    28   4.637068286683643e-06
    29   4.009476015198743e-06
    30   3.816852768068202e-06
[TRUERES]     30  3.816852768068202e-06  3.816852768068202e-06
    31   3.105605628661579e-06
    32   2.777467898340547e-06
    33   2.575180587882642e-06
    34   2.117878239005222e-06
    35   1.989271822822047e-06
    36   1.809254627005430e-06
    37   1.549806711409474e-06
    38   1.529582050352474e-06
    39   1.391965383845672e-06
    40   1.274596229450253e-06
[TRUERES]     40  1.274596229450253e-06  1.274596229450253e-06
    41   1.288362113882613e-06
    42   1.165891262644436e-06
    43   1.113569055632979e-06
    44   1.109623894990364e-06
    45   9.901555131364148e-07
    46   9.624601489122142e-07
    47   9.118759862758452e-07
    48   8.001622973097255e-07
    49   7.709899136898457e-07
    50   6.957901064197358e-07
[TRUERES]     50  6.957901064197358e-07  6.957901064197358e-07
    51   6.161147894090391e-07
    52   5.929953772465524e-07
    53   5.254540269561403e-07
    54   4.801808586307743e-07
    55   4.589479658534401e-07
    56   4.022358268684911e-07
    57   3.779470034714905e-07
    58   3.565329507182469e-07
    59   3.159704817790043e-07
    60   3.038574050151510e-07
[TRUERES]     60  3.038574050151510e-07  3.038574050151510e-07
    61   2.806505108310375e-07
    62   2.527199001178815e-07
    63   2.456712024923036e-07
    64   2.237812140037931e-07
    65   2.063182620304360e-07
