Bridge++ 2.0.0

input filename : main.yaml

file = main.yaml

Lattice parameters:
  Lx = 16,  Ly = 16,  Lz = 16,  Lt = 16,
  Nx = 16,  Ny = 16,  Nz = 16,  Nt = 16,
  NPEx = 1,  NPEy  = 1,  NPEz  = 1,  NPEt  = 1,
  Lvol = 65536,  Nvol = 65536,  NPE = 1,
  Ndim = 4
  Nc   = 3
  Nd   = 4

ThreadManager: initialization
Warning at ThreadManager: Nthread(env) != Nthread(input)
  Number of threads(env)   = 2
  Number of threads(input) = 1
  reset Nthread = Nthread(input).
  Number of threads = 1
Main: input parameters
  lattice_size     = [16, 16, 16, 16]
  grid_size        = [1, 1, 1, 1]
  number of thread = 1
  number of color  = 3
  logfile          = stdout
  ildg_logfile     = stdout
  vlevel           = General

Alt_Accel code is being setup.
DeviceManager_CUDA: being initialized.
  process_id = 0
  number of devices = 1
  device_id = 0  is used on process = 0
------------------------------------------------
Alt_Accel: Factory entries
------------------------------------------------
AFopr<double, ACCEL> >(void):
AFopr<double, ACCEL>(Parameters&):
	Clover
	CloverTerm
	Clover_dd
	Domainwall
	Domainwall_5din
	Domainwall_5din_dd
	Domainwall_5din_eo
	Domainwall_eo
	Wilson
	Wilson_dd
AFopr<double, ACCEL>(Fopr*):
	Domainwall
AFopr<double, ACCEL>(Fopr*, Director*):
AFopr<float, ACCEL> >(void):
AFopr<float, ACCEL>(Parameters&):
	Clover
	CloverTerm
	Clover_dd
	Domainwall
	Domainwall_5din
	Domainwall_5din_dd
	Domainwall_5din_eo
	Domainwall_eo
	Wilson
	Wilson_dd
AFopr<float, ACCEL>(Fopr*):
	Domainwall
AFopr<float, ACCEL>(Fopr*, Director*):
AEigensolver<AField<float, ACCEL> >, Afopr>(Fopr*):
	IRArnoldi
	IRLanczos
------------------------------------------------
Timer: timestamp: 2026/06/05 23:52:15 +0900
file = test_alt_Spectrum_Domainwall_5din_Hadron2ptFunction.yaml

--------------------------------------------------------------------
test name: Spectrum_Domainwall_alt.hadron_2ptFunction
test file: test_alt_Spectrum_Domainwall_5din_Hadron2ptFunction.yaml
test mode: double_eo
file = test_alt_Spectrum_Domainwall_5din_Hadron2ptFunction.yaml
  vlevel       = General
  source_type  = Local
Smearing parameters (assumes APE-Stout):
   proj_type:  Stout_SU3
   smear_type: APE
   rho_uniform: 0.100000
   number_of_smearing: 0
  vlevel       = General

Configuration setup:
  gconf_status = Continue
  gconf_read   = Text_4x4x4x8
  readfile     = ./conf_04040408.txt
  plaq = 0.625130

Gauge fixing:
  Gauge fixing type = None
Parameters: get_string: key 'filename_output' not found.
Elapsed time: calc_plqauette: total         0.13 sec, count    1, average         0.13 sec
plaquette (before smearing):       0.625129946974939
applying smearing
Smear_APE:
  rho =   0.1000
Director_Smear:
  Nsmear = 0
Parameters: get_string: key 'filename_output' not found.
Elapsed time: calc_plqauette: total         0.14 sec, count    1, average         0.14 sec
Elapsed time: smearig: total         0.15 sec, count    1, average         0.15 sec
plaquette (after smearing):        0.625129946974939
  gmset_type   = Dirac
Gamma matrix: dirac representation.
Fopr_Domainwall: construction
  Imp::Fopr_Wilson: construction
    Gauge group implementation: SU(3)
    Imp::Fopr_Wilson: input parameters
      gamma-matrix type = Dirac
      kappa  =   0.20833333
      boundary[0] =  1
      boundary[1] =  1
      boundary[2] =  1
      boundary[3] = -1
  Imp::Fopr_Wilson: construction finished.
  Fopr_Domainwall: input parameters
    mq   =   0.0250
    M0   =   1.6000
    Ns   =    8
    boundary[0] =  1
    boundary[1] =  1
    boundary[2] =  1
    boundary[3] = -1
    coefficients:
    b[ 0] =     1.5000000000  c[ 0] =     0.5000000000
    b[ 1] =     1.5000000000  c[ 1] =     0.5000000000
    b[ 2] =     1.5000000000  c[ 2] =     0.5000000000
    b[ 3] =     1.5000000000  c[ 3] =     0.5000000000
    b[ 4] =     1.5000000000  c[ 4] =     0.5000000000
    b[ 5] =     1.5000000000  c[ 5] =     0.5000000000
    b[ 6] =     1.5000000000  c[ 6] =     0.5000000000
    b[ 7] =     1.5000000000  c[ 7] =     0.5000000000
Fopr_Domainwall: construction finished.
Fopr_Domainwall: input parameters
  mq   =   0.0250
  M0   =   1.6000
  Ns   =    8
  boundary[0] =  1
  boundary[1] =  1
  boundary[2] =  1
  boundary[3] = -1
  coefficients:
  b[ 0] =     1.5000000000  c[ 0] =     0.5000000000
  b[ 1] =     1.5000000000  c[ 1] =     0.5000000000
  b[ 2] =     1.5000000000  c[ 2] =     0.5000000000
  b[ 3] =     1.5000000000  c[ 3] =     0.5000000000
  b[ 4] =     1.5000000000  c[ 4] =     0.5000000000
  b[ 5] =     1.5000000000  c[ 5] =     0.5000000000
  b[ 6] =     1.5000000000  c[ 6] =     0.5000000000
  b[ 7] =     1.5000000000  c[ 7] =     0.5000000000
Imp::Fopr_Wilson: construction
  Gauge group implementation: SU(3)
  Imp::Fopr_Wilson: input parameters
    gamma-matrix type = Dirac
    kappa  =   0.20833333
    boundary[0] =  1
    boundary[1] =  1
    boundary[2] =  1
    boundary[3] = -1
Imp::Fopr_Wilson: construction finished.
Source for spinor field - local:
  source_position[0] = 0
  source_position[1] = 0
  source_position[2] = 0
  source_position[3] = 0

Check of fermion operator (even-odd)
norm of source vector: 1.000000
AFopr_Domainwall_5din_eo<AField<double,ACCEL> >: construction
  do_comm[0] = 0
  do_comm[1] = 0
  do_comm[2] = 0
  do_comm[3] = 0
    extended_precision = true
    su3_reconstruction = false
  AFopr_Domainwall_5din_eo<AField<double,ACCEL> >: input parameters
    gamma matrix repr.:  Dirac
    code implementation: 5d
    mq   =   0.0250
    M0   =   1.6000
    Ns   =    8
    boundary[0] =  1
    boundary[1] =  1
    boundary[2] =  1
    boundary[3] = -1
    coefficients:
      b[ 0] =     1.5000000000  c[ 0] =     0.5000000000
      b[ 1] =     1.5000000000  c[ 1] =     0.5000000000
      b[ 2] =     1.5000000000  c[ 2] =     0.5000000000
      b[ 3] =     1.5000000000  c[ 3] =     0.5000000000
      b[ 4] =     1.5000000000  c[ 4] =     0.5000000000
      b[ 5] =     1.5000000000  c[ 5] =     0.5000000000
      b[ 6] =     1.5000000000  c[ 6] =     0.5000000000
      b[ 7] =     1.5000000000  c[ 7] =     0.5000000000
    alpha =   1.0000
convert required.
convert performed.

[D check]
norm2(abq) = 1.000000
norm2(y5)  = 114.964838
norm2(z5)  = 114.964838
norm2(axq) = 114.964838
diff2 = 0.000000

[Ddag check]
norm2(abq) = 1.000000
norm2(y5)  = 120.285893
norm2(z5)  = 120.285893
norm2(axq) = 120.285893
diff2 = 0.000000
Elapsed time: afopr_Domainwall_5din_eo: Deo & dagger   : total         0.01 sec, count    4, average         0.00 sec
Elapsed time: afopr_Domainwall_5din_eo: Dee_inv & dag  : total         0.01 sec, count   20, average         0.00 sec
Elapsed time: afopr_Domainwall_5din_eo: clear          : total         0.00 sec, count    0, average         0.00 sec
Elapsed time: afopr_Domainwall_5din_eo: pack           : total         0.00 sec, count    0, average         0.00 sec
Elapsed time: afopr_Domainwall_5din_eo: bulk           : total         0.01 sec, count    4, average         0.00 sec
Elapsed time: afopr_Domainwall_5din_eo: boundary       : total         0.00 sec, count    0, average         0.00 sec
Elapsed time: afopr_Domainwall_5din_eo: comm           : total         0.00 sec, count    0, average         0.00 sec
Elapsed time: afopr_Domainwall_5din_eo: comm_recv_wait : total         0.00 sec, count    0, average         0.00 sec
Elapsed time: afopr_Domainwall_5din_eo: comm_send_wait : total         0.00 sec, count    0, average         0.00 sec
Elapsed time: afopr_Domainwall_5din_eo: comm_recv_start: total         0.00 sec, count    0, average         0.00 sec
Elapsed time: afopr_Domainwall_5din_eo: comm_send_start: total         0.00 sec, count    0, average         0.00 sec
Elapsed time: afopr_Domainwall_5din_eo: comm_test_all  : total         0.00 sec, count    0, average         0.00 sec

Fprop_alt_Standard_eo<Afield<double,ACCEL> >: being setup (without link smearing).
  AFopr_Domainwall_5din_eo<AField<double,ACCEL> >: construction
    do_comm[0] = 0
    do_comm[1] = 0
    do_comm[2] = 0
    do_comm[3] = 0
      extended_precision = true
      su3_reconstruction = false
    AFopr_Domainwall_5din_eo<AField<double,ACCEL> >: input parameters
      gamma matrix repr.:  Dirac
      code implementation: 5d
      mq   =   0.0250
      M0   =   1.6000
      Ns   =    8
      boundary[0] =  1
      boundary[1] =  1
      boundary[2] =  1
      boundary[3] = -1
      coefficients:
        b[ 0] =     1.5000000000  c[ 0] =     0.5000000000
        b[ 1] =     1.5000000000  c[ 1] =     0.5000000000
        b[ 2] =     1.5000000000  c[ 2] =     0.5000000000
        b[ 3] =     1.5000000000  c[ 3] =     0.5000000000
        b[ 4] =     1.5000000000  c[ 4] =     0.5000000000
        b[ 5] =     1.5000000000  c[ 5] =     0.5000000000
        b[ 6] =     1.5000000000  c[ 6] =     0.5000000000
        b[ 7] =     1.5000000000  c[ 7] =     0.5000000000
      alpha =   1.0000
  ASolver_CGNR<Afield<double,ACCEL> >:
  ASolver_CG<Afield<double,ACCEL> >:
    Precision: double
    Niter     = 2400
    Stop_cond =   1.00000000e-90
    init_guess_mode: 0
    true_residual_interval = 10 (logging [TRUERES])
    refinement_iterations = 0
Fprop_alt_Standard_eo<Afield<double,ACCEL> >: setup finished.

Fprop_alt_Standard_eo<Afield<double,ACCEL> >: mult performance:
  mult mode = Dee_inv
  Number of mult =                400
  Elapsed time   =       1.311792 sec
  Flop(Fopr)     =           62914560
  Flop(total)    =        25165824000
  Performance    =      19.184 GFlops

Fprop_alt_Standard_eo<Afield<double,ACCEL> >: mult performance:
  mult mode = Doe
  Number of mult =                400
  Elapsed time   =       9.971728 sec
  Flop(Fopr)     =          390070272
  Flop(total)    =       156028108800
  Performance    =      15.647 GFlops

Fprop_alt_Standard_eo<Afield<double,ACCEL> >: mult performance:
  mult mode = D
  Number of mult =                400
  Elapsed time   =      22.950949 sec
  Flop(Fopr)     =          912261120
  Flop(total)    =       364904448000
  Performance    =      15.899 GFlops

Fprop_alt_Standard_eo<Afield<double,ACCEL> >: mult performance:
  mult mode = Ddag
  Number of mult =                400
  Elapsed time   =      22.803920 sec
  Flop(Fopr)     =          912261120
  Flop(total)    =       364904448000
  Performance    =      16.002 GFlops

Fprop_alt_Standard_eo<Afield<double,ACCEL> >: mult performance:
  mult mode = DdagD
  Number of mult =                400
  Elapsed time   =      45.694471 sec
  Flop(Fopr)     =         1824522240
  Flop(total)    =       729808896000
  Performance    =      15.971 GFlops

Solving quark propagator:
  color spin   Nconv      diff           diff2
ASolver_CGNR<Afield<double,ACCEL> >: solver starts
  mode_prev = D
  b2 size is reset.
  snorm =  2.594312773388893e+01
  init:  8.328663559650452e-01
     0   4.464929956832418e-02
[TRUERES]      0  4.464929956832418e-02  4.464929956832418e-02
     1   1.506214954741318e-02
     2   1.243712631390588e-02
     3   3.988492041027371e-03
     4   2.221616339530833e-03
     5   1.795768875903059e-03
     6   8.086132689857484e-04
     7   5.852080573264125e-04
     8   4.488916972442444e-04
     9   2.501303034176282e-04
    10   2.150001332866289e-04
[TRUERES]     10  2.150001332866289e-04  2.150001332866289e-04
    11   1.611578613039353e-04
    12   1.065425828456437e-04
    13   9.901765347425875e-05
    14   7.180465809223105e-05
    15   5.362167894064758e-05
    16   5.062610952135599e-05
    17   3.682875642137175e-05
    18   3.112213738898683e-05
    19   2.865174070783998e-05
    20   2.128615876144734e-05
[TRUERES]     20  2.128615876144734e-05  2.128615876144734e-05
    21   1.933132041368279e-05
    22   1.714460032810957e-05
    23   1.359157709926365e-05
    24   1.327254077077392e-05
    25   1.149955811801589e-05
    26   9.628583306447904e-06
    27   9.345933278637820e-06
    28   7.672168933631786e-06
    29   6.692569502138873e-06
    30   6.299693445612056e-06
[TRUERES]     30  6.299693445612056e-06  6.299693445612056e-06
    31   5.113845996460997e-06
    32   4.690606123622503e-06
    33   4.318731977049081e-06
    34   3.601322836744563e-06
    35   3.465309122091573e-06
    36   3.133311206792513e-06
    37   2.753410733467981e-06
    38   2.765975940978443e-06
    39   2.533640354918827e-06
    40   2.400883369454300e-06
[TRUERES]     40  2.400883369454300e-06  2.400883369454300e-06
    41   2.460500494000155e-06
    42   2.244794411044231e-06
    43   2.184840975619048e-06
    44   2.160091321736196e-06
    45   1.933439965067039e-06
    46   1.913481845421626e-06
    47   1.813410596507195e-06
    48   1.630634939466978e-06
    49   1.611416222987995e-06
    50   1.477314201142456e-06
[TRUERES]     50  1.477314201142456e-06  1.477314201142456e-06
    51   1.362019576976225e-06
    52   1.351530689141668e-06
    53   1.224165512003636e-06
    54   1.158786006004057e-06
    55   1.127182742650158e-06
    56   1.012144301379265e-06
    57   9.841870906701121e-07
    58   9.399592267883507e-07
    59   8.495483205269774e-07
    60   8.316080586749618e-07
[TRUERES]     60  8.316080586749618e-07  8.316080586749618e-07
    61   7.698969177420407e-07
    62   7.053964344705231e-07
    63   6.924882095480273e-07
    64   6.296677350072202e-07
    65   5.873127647124502e-07
    66   5.663116280821991e-07
    67   5.078805375449851e-07
    68   4.854670871838338e-07
    69   4.645948617678447e-07
    70   4.239337253609883e-07
[TRUERES]     70  4.239337253609883e-07  4.239337253609883e-07
    71   4.173045887989766e-07
    72   3.971297082741053e-07
    73   3.713180660349840e-07
    74   3.708618642869229e-07
    75   3.502570932356905e-07
    76   3.372922109030997e-07
    77   3.389928595121091e-07
    78   3.213855956787519e-07
    79   3.195205484253183e-07
    80   3.212207690019637e-07
[TRUERES]     80  3.212207690019637e-07  3.212207690019637e-07
    81   3.069427014161274e-07
    82   3.106851743716984e-07
    83   3.061662010022672e-07
    84   2.924176432646502e-07
    85   2.942933542335437e-07
    86   2.811402302119729e-07
    87   2.695133481068470e-07
    88   2.693088923651218e-07
    89   2.536506752082781e-07
    90   2.449350145554992e-07
[TRUERES]     90  2.449350145554992e-07  2.449350145554992e-07
    91   2.388283284365044e-07
    92   2.197831372398358e-07
    93   2.115063193007796e-07
    94   2.006789840351938e-07
    95   1.849045110634387e-07
    96   1.796914803983999e-07
    97   1.681810278699440e-07
    98   1.563878966422872e-07
    99   1.518781592613255e-07
   100   1.405583431701362e-07
[TRUERES]    100  1.405583431701362e-07  1.405583431701362e-07
   101   1.325883851004940e-07
   102   1.276337432716569e-07
   103   1.169885529275212e-07
   104   1.113069111090121e-07
   105   1.051287810099110e-07
   106   9.593632653383938e-08
   107   9.166271405885525e-08
   108   8.525601210587188e-08
   109   7.879527378788884e-08
   110   7.640945174737911e-08
[TRUERES]    110  7.640945174737911e-08  7.640945174737911e-08
   111   7.194354097831878e-08
   112   6.931997403992244e-08
   113   6.910544117672441e-08
   114   6.615676350011258e-08
   115   6.554242407908443e-08
   116   6.494745255525252e-08
   117   6.211426182031312e-08
   118   6.165532410884517e-08
   119   5.972321052335584e-08
   120   5.672444093109345e-08
[TRUERES]    120  5.672444093109345e-08  5.672444093109345e-08
   121   5.581215558258936e-08
   122   5.286075457829625e-08
   123   5.029284670717816e-08
   124   4.913773237830566e-08
   125   4.595683280520698e-08
   126   4.378216481835569e-08
   127   4.166876151429675e-08
   128   3.805975871326021e-08
   129   3.591964760300333e-08
   130   3.341523243567762e-08
[TRUERES]    130  3.341523243567762e-08  3.341523243567762e-08
   131   3.056741960513350e-08
   132   2.924023570554018e-08
   133   2.738562293364039e-08
   134   2.576266055616735e-08
   135   2.500261318149918e-08
   136   2.335324842825577e-08
   137   2.213319184520172e-08
   138   2.111894474768341e-08
   139   1.938384070688676e-08
   140   1.832487886191798e-08
[TRUERES]    140  1.832487886191798e-08  1.832487886191798e-08
   141   1.720973317436193e-08
   142   1.586330044995460e-08
   143   1.518005716881073e-08
   144   1.426630623958306e-08
   145   1.332669835157694e-08
   146   1.287591790800878e-08
   147   1.205565031457318e-08
   148   1.142722394095137e-08
   149   1.098929826792818e-08
   150   1.020331905880009e-08
[TRUERES]    150  1.020331905880009e-08  1.020331905880009e-08
   151   9.714147002947194e-09
   152   9.247458488439599e-09
   153   8.629974574216789e-09
   154   8.334962575199417e-09
   155   7.896654206495959e-09
   156   7.383799186885327e-09
   157   7.097435553327832e-09
   158   6.646708473999244e-09
   159   6.290849699817133e-09
   160   6.062544013624910e-09
[TRUERES]    160  6.062544013624910e-09  6.062544013624910e-09
   161   5.650768927889325e-09
   162   5.364507681806385e-09
   163   5.083119733938732e-09
   164   4.681259774884081e-09
   165   4.420528055511711e-09
   166   4.103001701631876e-09
   167   3.755930299869387e-09
   168   3.537286835498775e-09
   169   3.255327328416357e-09
   170   3.017884752829113e-09
[TRUERES]    170  3.017884752829113e-09  3.017884752829113e-09
   171   2.861289301855566e-09
   172   2.647884663348887e-09
   173   2.516162854930625e-09
   174   2.426720426148282e-09
   175   2.293718654816074e-09
   176   2.243880071993469e-09
   177   2.181289127060329e-09
   178   2.095502015901795e-09
   179   2.069330873237913e-09
   180   1.985483023284431e-09
[TRUERES]    180  1.985483023284431e-09  1.985483023284431e-09
   181   1.889290981110656e-09
   182   1.826360442781743e-09
   183   1.706354505448946e-09
   184   1.606618098836711e-09
   185   1.518777872451824e-09
   186   1.394685450971007e-09
   187   1.309804533829639e-09
   188   1.212388471524973e-09
   189   1.096152673102652e-09
   190   1.012244519831062e-09
[TRUERES]    190  1.012244519831062e-09  1.012244519831062e-09
   191   9.188897852509301e-10
   192   8.364764855456690e-10
   193   7.802134294367835e-10
   194   7.147704438692032e-10
   195   6.657583980722732e-10
   196   6.290751414423570e-10
   197   5.820681175807447e-10
   198   5.525642671152335e-10
   199   5.252126255592434e-10
   200   4.901658464785632e-10
[TRUERES]    200  4.901658464785632e-10  4.901658464785632e-10
   201   4.689632335354511e-10
   202   4.416045045991445e-10
   203   4.121124800155187e-10
   204   3.925578050018204e-10
   205   3.642272174192412e-10
   206   3.393828153217643e-10
   207   3.206204099036391e-10
   208   2.962287319578617e-10
   209   2.793108323210971e-10
   210   2.643003073185636e-10
[TRUERES]    210  2.643003073185636e-10  2.643003073185636e-10
   211   2.452530548082852e-10
   212   2.331573229119416e-10
   213   2.196472989216841e-10
   214   2.053004472568790e-10
   215   1.967907249626639e-10
   216   1.860287322112826e-10
   217   1.774161567681993e-10
   218   1.723840529002747e-10
   219   1.638428133407716e-10
   220   1.580473288975529e-10
[TRUERES]    220  1.580473288975529e-10  1.580473288975529e-10
   221   1.534339002430545e-10
   222   1.463907901371023e-10
   223   1.425692219996632e-10
   224   1.377474902270029e-10
   225   1.310491413953895e-10
   226   1.273535789298764e-10
   227   1.214576055513814e-10
   228   1.155672012243153e-10
   229   1.116756136955925e-10
   230   1.056951399102785e-10
[TRUERES]    230  1.056951399102785e-10  1.056951399102785e-10
   231   1.017115309536449e-10
   232   9.930168726488524e-11
   233   9.565879500643124e-11
   234   9.438979330893260e-11
   235   9.291589102462444e-11
   236   9.018475410198206e-11
   237   8.915939076139172e-11
   238   8.641253144981276e-11
   239   8.280844645129681e-11
   240   7.977975616266197e-11
[TRUERES]    240  7.977975616266197e-11  7.977975616266197e-11
   241   7.424345734106290e-11
   242   6.890891088118244e-11
   243   6.403566749986805e-11
   244   5.810633828341406e-11
   245   5.367756471855249e-11
   246   4.953488487074262e-11
   247   4.511266643987804e-11
   248   4.181914758494233e-11
   249   3.821497297678642e-11
   250   3.484626153114692e-11
[TRUERES]    250  3.484626153114692e-11  3.484626153114692e-11
   251   3.257878322348430e-11
   252   3.007933747653277e-11
   253   2.798387118862863e-11
   254   2.633649623076801e-11
   255   2.433368264137249e-11
   256   2.283747317494124e-11
   257   2.151092273761477e-11
   258   2.001664462106220e-11
   259   1.914482973714304e-11
   260   1.822499643198394e-11
[TRUERES]    260  1.822499643198394e-11  1.822499643198394e-11
   261   1.717635968850797e-11
   262   1.638954534372653e-11
   263   1.530623549798948e-11
   264   1.428740578945388e-11
   265   1.350350251558020e-11
   266   1.253161919340441e-11
   267   1.179840266845140e-11
   268   1.113871240634415e-11
   269   1.035773628835075e-11
   270   9.856666136469729e-12
[TRUERES]    270  9.856666136469729e-12  9.856666136469729e-12
   271   9.325138787081714e-12
   272   8.774990811876339e-12
   273   8.440138524025160e-12
   274   8.027625860383884e-12
   275   7.690101004596027e-12
   276   7.474545710157532e-12
   277   7.103307831828852e-12
   278   6.792414542559971e-12
   279   6.466797538445810e-12
   280   6.008062789252365e-12
[TRUERES]    280  6.008062789252365e-12  6.008062789252365e-12
   281   5.639486720859241e-12
   282   5.254120593584651e-12
   283   4.845602641790935e-12
   284   4.554974806475056e-12
   285   4.232056328417512e-12
   286   3.938475427661887e-12
   287   3.723167316510762e-12
   288   3.463989133567250e-12
   289   3.262205860096775e-12
   290   3.103063060422439e-12
[TRUERES]    290  3.103063060422439e-12  3.103063060422439e-12
   291   2.913761077675641e-12
   292   2.782151131167901e-12
   293   2.658394602384344e-12
   294   2.527344795910879e-12
   295   2.449480751655004e-12
   296   2.341588002160019e-12
   297   2.236200459103905e-12
   298   2.169128153284472e-12
   299   2.073171063019970e-12
   300   1.995394327135983e-12
[TRUERES]    300  1.995394327135983e-12  1.995394327135983e-12
   301   1.932588423756002e-12
   302   1.843290169251571e-12
   303   1.788948045875852e-12
   304   1.742742093721850e-12
   305   1.679217557077630e-12
   306   1.642677800199509e-12
   307   1.585989309164996e-12
   308   1.511944175978530e-12
   309   1.450933192711675e-12
   310   1.359235231163956e-12
[TRUERES]    310  1.359235231163956e-12  1.359235231163956e-12
   311   1.270644178749727e-12
   312   1.192995933948690e-12
   313   1.098511329493917e-12
   314   1.019846217253589e-12
   315   9.413375614597728e-13
   316   8.520341583014926e-13
   317   7.790085621692051e-13
   318   7.073528259784405e-13
   319   6.404066675997167e-13
   320   5.903347684910976e-13
[TRUERES]    320  5.903347684910976e-13  5.903347684910976e-13
   321   5.378996612812156e-13
   322   4.932725199048343e-13
   323   4.585795922412294e-13
   324   4.203204339486388e-13
   325   3.900863486013058e-13
   326   3.639084318840033e-13
   327   3.360926821876315e-13
   328   3.140189160184633e-13
   329   2.915125065319986e-13
   330   2.681683445789552e-13
[TRUERES]    330  2.681683445789552e-13  2.681683445789552e-13
   331   2.500776606333476e-13
   332   2.303359743817299e-13
   333   2.116529209086410e-13
   334   1.966291481054995e-13
   335   1.796161635990649e-13
   336   1.654864429630559e-13
   337   1.529828968719440e-13
   338   1.393895404621395e-13
   339   1.285630958937856e-13
   340   1.182303740134820e-13
[TRUERES]    340  1.182303740134820e-13  1.182303740134820e-13
   341   1.077143890767999e-13
   342   9.958369795514213e-14
   343   9.122305172028561e-14
   344   8.337958927741717e-14
   345   7.703106539535885e-14
   346   6.983341121345281e-14
   347   6.351766428526155e-14
   348   5.794759305722629e-14
   349   5.199859766804212e-14
   350   4.698316758250107e-14
[TRUERES]    350  4.698316758250107e-14  4.698316758250107e-14
   351   4.199777916265225e-14
   352   3.696022554288238e-14
   353   3.287706419421915e-14
   354   2.899382685455247e-14
   355   2.561909011280177e-14
   356   2.306880695770796e-14
   357   2.059579848939655e-14
   358   1.857101192972506e-14
   359   1.693642923475441e-14
   360   1.524306138055049e-14
[TRUERES]    360  1.524306138055049e-14  1.524306138055049e-14
   361   1.383964431647625e-14
   362   1.257079276127521e-14
   363   1.129132443162087e-14
   364   1.029095752636721e-14
   365   9.339217321468756e-15
   366   8.473720291487631e-15
   367   7.814967048114378e-15
   368   7.158617002093232e-15
   369   6.585565211305726e-15
   370   6.120969224847135e-15
[TRUERES]    370  6.120969224847135e-15  6.120969224847135e-15
   371   5.593089865147519e-15
   372   5.157930173399255e-15
   373   4.790783672866087e-15
   374   4.428784201686636e-15
   375   4.179928129418810e-15
   376   3.948673214991334e-15
   377   3.729431796636144e-15
   378   3.586152202217130e-15
   379   3.425981705065947e-15
   380   3.305096201218662e-15
[TRUERES]    380  3.305096201218662e-15  3.305096201218662e-15
   381   3.229920122989309e-15
   382   3.107895161759823e-15
   383   3.004750116093882e-15
   384   2.894316840447099e-15
   385   2.730570081530362e-15
   386   2.588913649171512e-15
   387   2.432640763649070e-15
   388   2.264448926401137e-15
   389   2.130219723202900e-15
   390   1.980535357829583e-15
[TRUERES]    390  1.980535357829583e-15  1.980535357829583e-15
   391   1.841516938705501e-15
   392   1.725544882813032e-15
   393   1.587912751410132e-15
   394   1.467704656143029e-15
   395   1.359027430844964e-15
   396   1.243468882553124e-15
   397   1.154252827045771e-15
   398   1.072431968419637e-15
   399   9.868845967567598e-16
   400   9.196917496155550e-16
[TRUERES]    400  9.196917496155550e-16  9.196917496155550e-16
   401   8.489587146330360e-16
   402   7.822687798372093e-16
   403   7.296502677581141e-16
   404   6.725956821379815e-16
   405   6.219534406757311e-16
   406   5.774497815088466e-16
   407   5.302813486409051e-16
   408   4.923398149258709e-16
   409   4.576617266637102e-16
   410   4.236924550527364e-16
[TRUERES]    410  4.236924550527364e-16  4.236924550527364e-16
   411   3.993816373458647e-16
   412   3.737464157704348e-16
   413   3.503518721885483e-16
   414   3.337096311769960e-16
   415   3.150427026783607e-16
   416   2.987218692199482e-16
   417   2.844419328481995e-16
   418   2.669040077232652e-16
   419   2.515781796037310e-16
   420   2.359510470707574e-16
[TRUERES]    420  2.359510470707574e-16  2.359510470707574e-16
   421   2.190626154820709e-16
   422   2.057125087273691e-16
   423   1.921261521353989e-16
   424   1.788230057258797e-16
   425   1.684022952340871e-16
   426   1.569834162344296e-16
   427   1.467182253405359e-16
   428   1.382309817448019e-16
   429   1.289654603080506e-16
   430   1.210109481735684e-16
[TRUERES]    430  1.210109481735684e-16  1.210109481735684e-16
   431   1.133920694060337e-16
   432   1.046569050473295e-16
   433   9.724225538943587e-17
   434   8.983012638441700e-17
   435   8.259762196322870e-17
   436   7.712788747019957e-17
   437   7.167858482185537e-17
   438   6.701778128434077e-17
   439   6.336976937907272e-17
   440   5.943297454494938e-17
[TRUERES]    440  5.943297454494938e-17  5.943297454494938e-17
   441   5.637003620697674e-17
   442   5.387304365922846e-17
   443   5.128780358587677e-17
   444   4.960762837665793e-17
   445   4.813858229415367e-17
   446   4.676034396124760e-17
   447   4.642069090143728e-17
   448   4.614968188786170e-17
   449   4.625584879952300e-17
   450   4.697059758078962e-17
[TRUERES]    450  4.697059758078962e-17  4.697059758078962e-17
   451   4.731684895273360e-17
   452   4.806834994306820e-17
   453   4.909539469229655e-17
   454   4.980674340232110e-17
   455   5.102247124901546e-17
   456   5.190831561445978e-17
   457   5.212191017655711e-17
   458   5.261736995719417e-17
   459   5.247126532719963e-17
   460   5.181754259877109e-17
[TRUERES]    460  5.181754259877109e-17  5.181754259877109e-17
   461   5.116862729484919e-17
   462   4.936917374086525e-17
   463   4.737129350180455e-17
   464   4.521280514846585e-17
   465   4.227313631573120e-17
   466   3.951529645152351e-17
   467   3.659266731026127e-17
   468   3.346216795351815e-17
   469   3.081887164350524e-17
   470   2.815048071997567e-17
[TRUERES]    470  2.815048071997567e-17  2.815048071997567e-17
   471   2.560979338238466e-17
   472   2.351892312014086e-17
   473   2.139761841932527e-17
   474   1.961371875656643e-17
   475   1.818940772181818e-17
   476   1.676748446607172e-17
   477   1.565253333661769e-17
   478   1.465051299052484e-17
   479   1.364625536365160e-17
   480   1.293491090035223e-17
[TRUERES]    480  1.293491090035223e-17  1.293491090035223e-17
   481   1.228187907747043e-17
   482   1.170285492782742e-17
   483   1.134107771679081e-17
   484   1.093701224781310e-17
   485   1.055825073859566e-17
   486   1.022205136813249e-17
   487   9.736039114357669e-18
   488   9.314023851227835e-18
   489   8.903535409849132e-18
   490   8.408965880039241e-18
[TRUERES]    490  8.408965880039241e-18  8.408965880039241e-18
   491   8.001106206193585e-18
   492   7.569131954369627e-18
   493   7.126771584947968e-18
   494   6.757682409263377e-18
   495   6.317246446352875e-18
   496   5.864176898106804e-18
   497   5.449730679460973e-18
   498   4.997769559389969e-18
   499   4.594618303716735e-18
   500   4.231302366724200e-18
[TRUERES]    500  4.231302366724200e-18  4.231302366724200e-18
   501   3.852813789978485e-18
   502   3.535445709228403e-18
   503   3.226948517745423e-18
   504   2.926045196483894e-18
   505   2.680066476499857e-18
   506   2.442228985665300e-18
   507   2.240024613919957e-18
   508   2.086203460698211e-18
   509   1.936185987261157e-18
   510   1.815757213888256e-18
[TRUERES]    510  1.815757213888256e-18  1.815757213888256e-18
   511   1.711984096380564e-18
   512   1.599173751870221e-18
   513   1.508333652921408e-18
   514   1.427429952719374e-18
   515   1.345425940615945e-18
   516   1.283866498054496e-18
   517   1.221115128926499e-18
   518   1.162019561081993e-18
   519   1.118571889752109e-18
   520   1.071744618763895e-18
[TRUERES]    520  1.071744618763895e-18  1.071744618763895e-18
   521   1.038002155050451e-18
   522   1.020045560427583e-18
   523   1.001625724808783e-18
   524   1.002556113430108e-18
   525   1.007018025953936e-18
   526   1.003881356907879e-18
   527   1.004381644016953e-18
   528   9.904408717129322e-19
   529   9.646997380215332e-19
   530   9.417090664535533e-19
[TRUERES]    530  9.417090664535533e-19  9.417090664535533e-19
   531   9.074128993892553e-19
   532   8.713077757951887e-19
   533   8.383582504932174e-19
   534   7.995176549240249e-19
   535   7.705030290968566e-19
   536   7.441826855280450e-19
   537   7.102035005290566e-19
   538   6.788740230694875e-19
   539   6.415664021732269e-19
   540   5.987361535140294e-19
[TRUERES]    540  5.987361535140294e-19  5.987361535140294e-19
   541   5.599067110066714e-19
   542   5.169946736310180e-19
   543   4.767702992546520e-19
   544   4.422421925794689e-19
   545   4.056597912629104e-19
   546   3.728774717832568e-19
   547   3.410781675474188e-19
   548   3.083830627375087e-19
   549   2.811085860780147e-19
   550   2.546349690160641e-19
[TRUERES]    550  2.546349690160641e-19  2.546349690160641e-19
   551   2.291584799191404e-19
   552   2.083375463336488e-19
   553   1.884924482723458e-19
   554   1.716404780997458e-19
   555   1.581508294451466e-19
   556   1.451933047353631e-19
   557   1.344303355446873e-19
   558   1.251378524259379e-19
   559   1.153786065901025e-19
   560   1.069049618752802e-19
[TRUERES]    560  1.069049618752802e-19  1.069049618752802e-19
   561   9.872025605551500e-20
   562   9.067041913033968e-20
   563   8.426822947070434e-20
   564   7.800996804153603e-20
   565   7.257419832823992e-20
   566   6.813431533772336e-20
   567   6.337744517858891e-20
   568   5.929790180823837e-20
   569   5.590684545954585e-20
   570   5.251357711529999e-20
[TRUERES]    570  5.251357711529999e-20  5.251357711529999e-20
   571   4.977330386933829e-20
   572   4.693297911750071e-20
   573   4.381050044657440e-20
   574   4.111078538904026e-20
   575   3.836398864523903e-20
   576   3.576466770192502e-20
   577   3.357367657990792e-20
   578   3.135206611194260e-20
   579   2.939962953446545e-20
   580   2.770919405136379e-20
[TRUERES]    580  2.770919405136379e-20  2.770919405136379e-20
   581   2.596833118269246e-20
   582   2.460192815515170e-20
   583   2.334845638228094e-20
   584   2.206503262130954e-20
   585   2.098017094944144e-20
   586   1.975262154504425e-20
   587   1.843635281875543e-20
   588   1.725281734354694e-20
   589   1.600345830110941e-20
   590   1.489498171327741e-20
[TRUERES]    590  1.489498171327741e-20  1.489498171327741e-20
   591   1.399895251603498e-20
   592   1.312421583627759e-20
   593   1.241904055537432e-20
   594   1.177636578976341e-20
   595   1.109699705725787e-20
   596   1.052855681943030e-20
   597   9.921704935866198e-21
   598   9.307557664727233e-21
   599   8.808698706194125e-21
   600   8.313648987323391e-21
[TRUERES]    600  8.313648987323391e-21  8.313648987323391e-21
   601   7.923715079385523e-21
   602   7.668007946875954e-21
   603   7.434620695921168e-21
   604   7.320850240446155e-21
   605   7.249052177071418e-21
   606   7.141779401072632e-21
   607   7.120414792826078e-21
   608   7.100367854483657e-21
   609   7.061901187117363e-21
   610   7.090932012506024e-21
[TRUERES]    610  7.090932012506024e-21  7.090932012506024e-21
   611   7.068224594690376e-21
   612   7.046682486585454e-21
   613   7.046681037953279e-21
   614   6.953068138864083e-21
   615   6.839320055753506e-21
   616   6.686110028175059e-21
   617   6.440612568048364e-21
   618   6.203146730604913e-21
   619   5.924482995690351e-21
   620   5.611675962207196e-21
[TRUERES]    620  5.611675962207196e-21  5.611675962207196e-21
   621   5.342733483171813e-21
   622   5.034467014842044e-21
   623   4.722265541568235e-21
   624   4.432972217392014e-21
   625   4.107875681386232e-21
   626   3.786024950496360e-21
   627   3.472539875329978e-21
   628   3.147012953449126e-21
   629   2.862477433562927e-21
   630   2.597201725483029e-21
[TRUERES]    630  2.597201725483029e-21  2.597201725483029e-21
   631   2.356264490342339e-21
   632   2.167691308678989e-21
   633   1.992072545187944e-21
   634   1.835361010474536e-21
   635   1.710374035406600e-21
   636   1.589813606999915e-21
   637   1.479418965444325e-21
   638   1.379856627262153e-21
   639   1.278041391357008e-21
   640   1.195202733203634e-21
[TRUERES]    640  1.195202733203634e-21  1.195202733203634e-21
   641   1.121266481069926e-21
   642   1.052466958854087e-21
   643   9.962339699588453e-22
   644   9.372582087389125e-22
   645   8.808877726678932e-22
   646   8.317720608473664e-22
   647   7.802313270427903e-22
   648   7.336562033720813e-22
   649   6.958042125440024e-22
   650   6.601308196387573e-22
[TRUERES]    650  6.601308196387573e-22  6.601308196387573e-22
   651   6.323271744124593e-22
   652   6.057493939571513e-22
   653   5.767541932514915e-22
   654   5.514678003158002e-22
   655   5.219346333301316e-22
   656   4.897392423535201e-22
   657   4.594109175508727e-22
   658   4.257218200827999e-22
   659   3.939141494851322e-22
   660   3.644808102021054e-22
[TRUERES]    660  3.644808102021054e-22  3.644808102021054e-22
   661   3.317570392399888e-22
   662   3.018588998922535e-22
   663   2.732504998842861e-22
   664   2.453892707148811e-22
   665   2.218697686106939e-22
   666   1.996883262322978e-22
   667   1.786865289058912e-22
   668   1.607005678719475e-22
   669   1.430441278785150e-22
   670   1.277823359495800e-22
[TRUERES]    670  1.277823359495800e-22  1.277823359495800e-22
   671   1.145612075291367e-22
   672   1.019575922060162e-22
   673   9.139598963801798e-23
   674   8.219518672864962e-23
   675   7.328947522853624e-23
   676   6.589041892524692e-23
   677   5.915937852806319e-23
   678   5.329599269337961e-23
   679   4.858240762432773e-23
   680   4.422786217887745e-23
[TRUERES]    680  4.422786217887745e-23  4.422786217887745e-23
   681   4.043357295169054e-23
   682   3.740122710010245e-23
   683   3.442531140292095e-23
   684   3.180525201731988e-23
   685   2.938724327755992e-23
   686   2.691525601702634e-23
   687   2.490259403428114e-23
   688   2.307688813645242e-23
   689   2.146789539930872e-23
   690   2.030141578500108e-23
[TRUERES]    690  2.030141578500108e-23  2.030141578500108e-23
   691   1.918598966518417e-23
   692   1.812425378636693e-23
   693   1.721629699483015e-23
   694   1.615423831597597e-23
   695   1.513970355181168e-23
   696   1.417913281181313e-23
   697   1.317721174001280e-23
   698   1.229090853629516e-23
   699   1.143886663707428e-23
   700   1.056477420802638e-23
[TRUERES]    700  1.056477420802638e-23  1.056477420802638e-23
   701   9.795749931038910e-24
   702   8.991536908680106e-24
   703   8.187124957633455e-24
   704   7.468869542872923e-24
   705   6.752319859841733e-24
   706   6.104058888441831e-24
   707   5.530619380713790e-24
   708   4.971613184120023e-24
   709   4.503314887333831e-24
   710   4.096568765380053e-24
[TRUERES]    710  4.096568765380053e-24  4.096568765380053e-24
   711   3.735152456105640e-24
   712   3.455198064597369e-24
   713   3.221111701175721e-24
   714   3.036081340205707e-24
   715   2.914232372688272e-24
   716   2.803624056981651e-24
   717   2.713456167539320e-24
   718   2.637681111570775e-24
   719   2.531053996793035e-24
   720   2.429619352734732e-24
[TRUERES]    720  2.429619352734732e-24  2.429619352734732e-24
   721   2.331479618951618e-24
   722   2.215642706410349e-24
   723   2.110917312293667e-24
   724   1.993597065164505e-24
   725   1.866081595291876e-24
   726   1.746627732538212e-24
   727   1.618970926333521e-24
   728   1.494137697726463e-24
   729   1.382984113412387e-24
   730   1.269135712253280e-24
[TRUERES]    730  1.269135712253280e-24  1.269135712253280e-24
   731   1.169498817188677e-24
   732   1.079789686476572e-24
   733   9.899867718520221e-25
   734   9.136051202599594e-25
   735   8.389535733310856e-25
   736   7.643561322112893e-25
   737   6.975815417800982e-25
   738   6.301616137478703e-25
   739   5.657493099927870e-25
   740   5.075735210538021e-25
[TRUERES]    740  5.075735210538021e-25  5.075735210538021e-25
   741   4.500986584379793e-25
   742   3.991808551558544e-25
   743   3.550378582009290e-25
   744   3.143861819943972e-25
   745   2.816222094838345e-25
   746   2.523461989941296e-25
   747   2.257980236444538e-25
   748   2.037142813613015e-25
   749   1.835168678905627e-25
   750   1.653518144568223e-25
[TRUERES]    750  1.653518144568223e-25  1.653518144568223e-25
   751   1.505327502156934e-25
   752   1.369418138728240e-25
   753   1.255193838324709e-25
   754   1.154376064052706e-25
   755   1.051611664135579e-25
   756   9.603678554373260e-26
   757   8.735410853406198e-26
   758   7.853835926725149e-26
   759   7.080488035866700e-26
   760   6.358297270781881e-26
[TRUERES]    760  6.358297270781881e-26  6.358297270781881e-26
   761   5.698704143931573e-26
   762   5.147047221372533e-26
   763   4.632785154423774e-26
   764   4.175382640614407e-26
   765   3.775864506693472e-26
   766   3.384446981001401e-26
   767   3.027884178702140e-26
   768   2.682033947522916e-26
   769   2.343786274620076e-26
   770   2.049711546478183e-26
[TRUERES]    770  2.049711546478183e-26  2.049711546478183e-26
   771   1.780472120195954e-26
   772   1.537013983776556e-26
   773   1.338433143007583e-26
   774   1.165120673379403e-26
   775   1.020171867239495e-26
   776   9.052690820634026e-27
   777   8.026957896913192e-27
   778   7.185182259627337e-27
   779   6.471249772160799e-27
   780   5.795088059674480e-27
[TRUERES]    780  5.795088059674480e-27  5.795088059674480e-27
   781   5.228304835585557e-27
   782   4.709846605112361e-27
   783   4.221322681638475e-27
   784   3.807823090946710e-27
   785   3.428702815293348e-27
   786   3.099714307544917e-27
   787   2.828044169553832e-27
   788   2.574666060129675e-27
   789   2.364133404209887e-27
   790   2.183789695721646e-27
[TRUERES]    790  2.183789695721646e-27  2.183789695721646e-27
   791   2.010511124629967e-27
   792   1.866358882736039e-27
   793   1.739459294229852e-27
   794   1.623578175361966e-27
   795   1.533028078807113e-27
   796   1.448041760460048e-27
   797   1.369667074633987e-27
   798   1.300760906147947e-27
   799   1.224648213127766e-27
   800   1.150256602365826e-27
[TRUERES]    800  1.150256602365826e-27  1.150256602365826e-27
   801   1.081199398361521e-27
   802   1.012136109981566e-27
   803   9.542464433005880e-28
   804   9.000692543999773e-28
   805   8.445818447929701e-28
   806   7.963192259569308e-28
   807   7.467912984416401e-28
   808   6.981636021724253e-28
   809   6.556575209202134e-28
   810   6.120507335330249e-28
[TRUERES]    810  6.120507335330249e-28  6.120507335330249e-28
   811   5.721375496015667e-28
   812   5.354237725192787e-28
   813   4.957193994600246e-28
   814   4.592555553797146e-28
   815   4.230700668207528e-28
   816   3.856196427225810e-28
   817   3.525403275788084e-28
   818   3.199969404743275e-28
   819   2.894562995844306e-28
   820   2.633692576352331e-28
[TRUERES]    820  2.633692576352331e-28  2.633692576352331e-28
   821   2.387851413487092e-28
   822   2.162838959227726e-28
   823   1.963333227297647e-28
   824   1.775290906410000e-28
   825   1.616202617142857e-28
   826   1.479064113208509e-28
   827   1.348627095301418e-28
   828   1.241448654972439e-28
   829   1.145797708635535e-28
   830   1.051913726986980e-28
[TRUERES]    830  1.051913726986980e-28  1.051913726986980e-28
   831   9.711717230782000e-29
   832   8.937974746100268e-29
   833   8.244735578435794e-29
   834   7.657140106339487e-29
   835   7.073574804745614e-29
   836   6.559493669900338e-29
   837   6.107645622149077e-29
   838   5.656980965867862e-29
   839   5.274645317753954e-29
   840   4.909030172514986e-29
[TRUERES]    840  4.909030172514986e-29  4.909030172514986e-29
   841   4.547756116050024e-29
   842   4.246177933367522e-29
   843   3.956042686753586e-29
   844   3.683551319668978e-29
   845   3.458152375196355e-29
   846   3.234280012977632e-29
   847   3.031985948407375e-29
   848   2.843530029008165e-29
   849   2.639483792851005e-29
   850   2.450867829044716e-29
[TRUERES]    850  2.450867829044716e-29  2.450867829044716e-29
   851   2.256848296437914e-29
   852   2.053378068009731e-29
   853   1.861894722217388e-29
   854   1.670410682337423e-29
   855   1.483115723942543e-29
   856   1.317417584254147e-29
   857   1.157608208982348e-29
   858   1.015371419286487e-29
   859   8.900137104347419e-30
   860   7.725307741299764e-30
[TRUERES]    860  7.725307741299764e-30  7.725307741299764e-30
   861   6.717676014827506e-30
   862   5.839000423569185e-30
   863   5.048437156800839e-30
   864   4.381731331526858e-30
   865   3.778157858289673e-30
   866   3.228462824320461e-30
   867   2.762591882846598e-30
   868   2.350062822726348e-30
   869   2.001869653871807e-30
   870   1.717463703473395e-30
[TRUERES]    870  1.717463703473395e-30  1.717463703473395e-30
   871   1.471515573091053e-30
   872   1.272120847881434e-30
   873   1.103501311121689e-30
   874   9.549461445008650e-31
   875   8.342856050844888e-31
   876   7.296955213185930e-31
   877   6.369054523267688e-31
   878   5.601800471388237e-31
   879   4.905585731306777e-31
   880   4.287099287808561e-31
[TRUERES]    880  4.287099287808561e-31  4.287099287808561e-31
   881   3.761716762105962e-31
   882   3.271891039992337e-31
   883   2.843830537652666e-31
   884   2.466828662458706e-31
   885   2.123840764491752e-31
   886   1.842420308520882e-31
   887   1.605487179306006e-31
   888   1.404272203355567e-31
   889   1.245077997216759e-31
   890   1.107438755819664e-31
[TRUERES]    890  1.107438755819664e-31  1.107438755819664e-31
   891   9.910228677427365e-32
   892   8.996133623136778e-32
   893   8.182159184053260e-32
   894   7.493778952646352e-32
   895   6.904586877964805e-32
   896   6.364543265065510e-32
   897   5.925555977187933e-32
   898   5.544595904860440e-32
   899   5.177865080469577e-32
   900   4.860723397098460e-32
[TRUERES]    900  4.860723397098460e-32  4.860723397098460e-32
   901   4.530028338918057e-32
   902   4.190760020370777e-32
   903   3.883524765332102e-32
   904   3.559293239356758e-32
   905   3.248929283786940e-32
   906   2.958165819912969e-32
   907   2.662086374330478e-32
   908   2.394683000102764e-32
   909   2.152663522051892e-32
   910   1.929477951787178e-32
[TRUERES]    910  1.929477951787178e-32  1.929477951787178e-32
   911   1.742749103962275e-32
   912   1.569569658926828e-32
   913   1.408751988736573e-32
   914   1.269555589999777e-32
   915   1.134240062619804e-32
   916   1.007045265802827e-32
   917   8.906671727759235e-33
   918   7.800406314879525e-33
   919   6.828654234319403e-33
   920   5.977397712718922e-33
[TRUERES]    920  5.977397712718922e-33  5.977397712718922e-33
   921   5.199551399092149e-33
   922   4.555920424080132e-33
   923   3.993665605837662e-33
   924   3.494580333383320e-33
   925   3.081115510494485e-33
   926   2.733654689741335e-33
   927   2.448332617474920e-33
   928   2.219700059299458e-33
   929   2.010024917573819e-33
   930   1.820027301525756e-33
[TRUERES]    930  1.820027301525756e-33  1.820027301525756e-33
   931   1.648091403929612e-33
   932   1.483614525917501e-33
   933   1.342278166844975e-33
   934   1.216248733428316e-33
   935   1.102117275388078e-33
   936   1.007015434081771e-33
   937   9.144567704716490e-34
   938   8.239288859122301e-34
   939   7.438397406624070e-34
   940   6.701534065195160e-34
[TRUERES]    940  6.701534065195160e-34  6.701534065195160e-34
   941   6.086616080920116e-34
   942   5.570796249109437e-34
   943   5.088229430479160e-34
   944   4.679577651851019e-34
   945   4.311523831092747e-34
   946   3.956163402053090e-34
   947   3.658583992531321e-34
   948   3.387659865079045e-34
   949   3.146677165842529e-34
   950   2.950946879229560e-34
[TRUERES]    950  2.950946879229560e-34  2.950946879229560e-34
   951   2.760427471519835e-34
   952   2.580041409764248e-34
   953   2.405818109988634e-34
   954   2.218196694098111e-34
   955   2.048619659212561e-34
   956   1.887913271710080e-34
   957   1.728312654791215e-34
   958   1.582322616153934e-34
   959   1.430861000994857e-34
   960   1.279637952011409e-34
[TRUERES]    960  1.279637952011409e-34  1.279637952011409e-34
   961   1.142327847723834e-34
   962   1.007185697164652e-34
   963   8.825917244577028e-35
   964   7.729733479505147e-35
   965   6.705276529652545e-35
   966   5.826022906576387e-35
   967   5.067377591806093e-35
   968   4.376696920498073e-35
   969   3.800300058648564e-35
   970   3.303988415804211e-35
[TRUERES]    970  3.303988415804211e-35  3.303988415804211e-35
   971   2.881188710972685e-35
   972   2.537797274158069e-35
   973   2.237907756072906e-35
   974   1.981101170527196e-35
   975   1.770949863624943e-35
   976   1.579875640652473e-35
   977   1.414348041401022e-35
   978   1.269479537247940e-35
   979   1.135542608582408e-35
   980   1.020097985312184e-35
[TRUERES]    980  1.020097985312184e-35  1.020097985312184e-35
   981   9.133915002351105e-36
   982   8.128899119240816e-36
   983   7.264942159439366e-36
   984   6.483200700958025e-36
   985   5.804761056586170e-36
   986   5.265971877345190e-36
   987   4.778065415726268e-36
   988   4.343254069136471e-36
   989   3.967231481531514e-36
   990   3.606417385985490e-36
[TRUERES]    990  3.606417385985490e-36  3.606417385985490e-36
   991   3.286018302515999e-36
   992   2.995001515738636e-36
   993   2.716311256935534e-36
   994   2.473380554617836e-36
   995   2.237735565598418e-36
   996   2.010294264201180e-36
   997   1.803492351167119e-36
   998   1.601302729582931e-36
   999   1.416115854209958e-36
  1000   1.251090362056835e-36
[TRUERES]   1000  1.251090362056835e-36  1.251090362056835e-36
  1001   1.094996892321687e-36
  1002   9.610435720369701e-37
  1003   8.468672836254801e-37
  1004   7.457080027809149e-37
  1005   6.617011311492334e-37
  1006   5.851848563113908e-37
  1007   5.140564406669320e-37
  1008   4.517941431023823e-37
  1009   3.959182272668931e-37
  1010   3.467576998900293e-37
[TRUERES]   1010  3.467576998900293e-37  3.467576998900292e-37
  1011   3.052267665501517e-37
  1012   2.682201891204272e-37
  1013   2.356631892533217e-37
  1014   2.065807768952348e-37
  1015   1.796173219000074e-37
  1016   1.557570214000842e-37
  1017   1.344348690259634e-37
  1018   1.155365459731207e-37
  1019   1.005969433392073e-37
  1020   8.784231445862508e-38
[TRUERES]   1020  8.784231445862508e-38  8.784231445862513e-38
  1021   7.713723269592514e-38
  1022   6.835458653479724e-38
  1023   6.046134577479243e-38
  1024   5.373665677523978e-38
  1025   4.788755805532692e-38
  1026   4.241525038091123e-38
  1027   3.769985317325221e-38
  1028   3.344557163430737e-38
  1029   2.959348989661118e-38
  1030   2.644103952673461e-38
[TRUERES]   1030  2.644103952673461e-38  2.644103952673462e-38
  1031   2.371601827100089e-38
  1032   2.143175718725197e-38
  1033   1.962699753249786e-38
  1034   1.800553348819321e-38
  1035   1.662835268249380e-38
  1036   1.548949995935754e-38
  1037   1.442441396171970e-38
  1038   1.346007722118247e-38
  1039   1.248792304041166e-38
  1040   1.142755811655091e-38
[TRUERES]   1040  1.142755811655091e-38  1.142755811655093e-38
  1041   1.037286052028686e-38
  1042   9.320973771627229e-39
  1043   8.314515817888669e-39
  1044   7.443289699621060e-39
  1045   6.621314794896530e-39
  1046   5.873768365757458e-39
  1047   5.209015591346005e-39
  1048   4.581285231654670e-39
  1049   4.032368773136301e-39
  1050   3.545623549859006e-39
[TRUERES]   1050  3.545623549859006e-39  3.545623549859006e-39
  1051   3.102046006254318e-39
  1052   2.719144977665660e-39
  1053   2.365198735304008e-39
  1054   2.048528312129264e-39
  1055   1.771722579891646e-39
  1056   1.519337238592289e-39
  1057   1.297958952313577e-39
  1058   1.109975178184572e-39
  1059   9.397855697549586e-40
  1060   7.959792008841349e-40
[TRUERES]   1060  7.959792008841349e-40  7.959792008841322e-40
  1061   6.743843810272170e-40
  1062   5.687421636597950e-40
  1063   4.817471604986553e-40
  1064   4.083802903249251e-40
  1065   3.465993191182054e-40
  1066   2.969494699918722e-40
  1067   2.550534416630323e-40
  1068   2.201819913792013e-40
  1069   1.914293402694991e-40
  1070   1.661192263950499e-40
[TRUERES]   1070  1.661192263950499e-40  1.661192263950518e-40
  1071   1.452670827820022e-40
  1072   1.282050096365138e-40
  1073   1.133786563695288e-40
  1074   1.013860215201330e-40
  1075   9.132223434150271e-41
  1076   8.269874349468979e-41
  1077   7.579115809162250e-41
  1078   6.920762454975216e-41
  1079   6.298115103159641e-41
  1080   5.716991094185752e-41
[TRUERES]   1080  5.716991094185752e-41  5.716991094185749e-41
  1081   5.139466071527218e-41
  1082   4.614110999402790e-41
  1083   4.159022600053921e-41
  1084   3.741944738798981e-41
  1085   3.389297845682209e-41
  1086   3.077995331865888e-41
  1087   2.785354698450903e-41
  1088   2.524517655972715e-41
  1089   2.269904378107234e-41
  1090   2.029718932157875e-41
[TRUERES]   1090  2.029718932157875e-41  2.029718932157968e-41
  1091   1.813046979577758e-41
  1092   1.609376272615606e-41
  1093   1.429279145727600e-41
  1094   1.268811219427385e-41
  1095   1.117290914314496e-41
  1096   9.799468911604646e-42
  1097   8.546893936411848e-42
  1098   7.387325171393819e-42
  1099   6.387034869558309e-42
  1100   5.473996917897998e-42
[TRUERES]   1100  5.473996917897998e-42  5.473996917898116e-42
  1101   4.644320825384083e-42
  1102   3.945237636189902e-42
  1103   3.344850442483759e-42
  1104   2.855845530855691e-42
  1105   2.467791351181736e-42
  1106   2.132403422183255e-42
  1107   1.848694192715084e-42
  1108   1.605184014653515e-42
  1109   1.386119224870538e-42
  1110   1.196650137702433e-42
[TRUERES]   1110  1.196650137702433e-42  1.196650137702287e-42
  1111   1.026429871511032e-42
  1112   8.758941261645971e-43
  1113   7.527578733576012e-43
  1114   6.471388689716234e-43
  1115   5.578875597646529e-43
  1116   4.838980081831359e-43
  1117   4.199318761140995e-43
  1118   3.672128696632294e-43
  1119   3.245827630713350e-43
  1120   2.879538648923935e-43
[TRUERES]   1120  2.879538648923935e-43  2.879538648923526e-43
  1121   2.577556834652268e-43
  1122   2.304240210047452e-43
  1123   2.049156506300753e-43
  1124   1.828606015483187e-43
  1125   1.621261827826128e-43
  1126   1.432523236376507e-43
  1127   1.270471458491905e-43
  1128   1.126493393808497e-43
  1129   1.007988161919230e-43
  1130   9.104842155677557e-44
[TRUERES]   1130  9.104842155677557e-44  9.104842155675701e-44
  1131   8.250614049518328e-44
  1132   7.534599643080140e-44
  1133   6.904482970474506e-44
  1134   6.286058763956390e-44
  1135   5.740160123262597e-44
  1136   5.227814883238027e-44
  1137   4.745399072597916e-44
  1138   4.324085664518076e-44
  1139   3.932078758333609e-44
  1140   3.580578393303275e-44
[TRUERES]   1140  3.580578393303275e-44  3.580578393306735e-44
  1141   3.275214109198594e-44
  1142   2.991107077448101e-44
  1143   2.749711949296784e-44
  1144   2.538802493132738e-44
  1145   2.346510732710304e-44
  1146   2.189703774096647e-44
  1147   2.043841997214614e-44
  1148   1.900013183708434e-44
  1149   1.767138103388008e-44
  1150   1.633211601851486e-44
[TRUERES]   1150  1.633211601851486e-44  1.633211601851367e-44
  1151   1.509305347475391e-44
  1152   1.390675338129093e-44
  1153   1.269770616439722e-44
  1154   1.157915355749553e-44
  1155   1.053141877165864e-44
  1156   9.523262077523007e-45
  1157   8.635292671478367e-45
  1158   7.793701969225385e-45
  1159   6.973263450053079e-45
  1160   6.208235878950496e-45
[TRUERES]   1160  6.208235878950496e-45  6.208235878949583e-45
  1161   5.456987058509507e-45
  1162   4.749879291562814e-45
  1163   4.114746266001940e-45
  1164   3.528170397760036e-45
  1165   3.023095809029124e-45
  1166   2.594438969667921e-45
  1167   2.227132441595660e-45
  1168   1.928609123209689e-45
  1169   1.677260159606166e-45
  1170   1.459611901531719e-45
[TRUERES]   1170  1.459611901531719e-45  1.459611901532950e-45
  1171   1.279976682598669e-45
  1172   1.122213833817243e-45
  1173   9.867541334374224e-46
  1174   8.760287486044492e-46
  1175   7.791090550514311e-46
  1176   6.959477137964284e-46
  1177   6.233735256902550e-46
  1178   5.579775682751218e-46
  1179   5.031444605317161e-46
  1180   4.558864566723181e-46
[TRUERES]   1180  4.558864566723181e-46  4.558864566767700e-46
  1181   4.140984093829906e-46
  1182   3.799338780607998e-46
  1183   3.495195561115084e-46
  1184   3.234519073713509e-46
  1185   3.009707770997352e-46
  1186   2.803521278975321e-46
  1187   2.621757360956660e-46
  1188   2.458614341263498e-46
  1189   2.297489846541451e-46
  1190   2.149434879306609e-46
[TRUERES]   1190  2.149434879306609e-46  2.149434879314713e-46
  1191   2.002612661773517e-46
  1192   1.854784143549166e-46
  1193   1.723910583982441e-46
  1194   1.598385256030895e-46
  1195   1.476657106653002e-46
  1196   1.365591395751935e-46
  1197   1.252087614203052e-46
  1198   1.141351234740349e-46
  1199   1.036359474616379e-46
  1200   9.367926930401947e-47
[TRUERES]   1200  9.367926930401947e-47  9.367926930406543e-47
  1201   8.476740206222923e-47
  1202   7.622529636176567e-47
  1203   6.761598733525621e-47
  1204   5.947195407790513e-47
  1205   5.161677572513931e-47
  1206   4.424888511804605e-47
  1207   3.781949724956579e-47
  1208   3.207662610664417e-47
  1209   2.717901254822146e-47
  1210   2.314344630833833e-47
[TRUERES]   1210  2.314344630833833e-47  2.314344630744755e-47
  1211   1.965131457500709e-47
  1212   1.679702880017562e-47
  1213   1.437506434366921e-47
  1214   1.231109293059124e-47
  1215   1.063695835061710e-47
  1216   9.219477300931083e-48
  1217   8.019453816299063e-48
  1218   7.044969795951195e-48
  1219   6.199014590173503e-48
  1220   5.454891748850081e-48
[TRUERES]   1220  5.454891748850081e-48  5.454891748296609e-48
  1221   4.821103789343785e-48
  1222   4.248324398802156e-48
  1223   3.758478663040349e-48
  1224   3.331482725022975e-48
  1225   2.947457275147070e-48
  1226   2.622214424857401e-48
  1227   2.342524375981434e-48
  1228   2.094813866192540e-48
  1229   1.895920378821260e-48
  1230   1.720836454440927e-48
[TRUERES]   1230  1.720836454440927e-48  1.720836454129902e-48
  1231   1.563998606993759e-48
  1232   1.430179573413575e-48
  1233   1.307655594863351e-48
  1234   1.209069109000972e-48
  1235   1.133703312080934e-48
  1236   1.070237710229852e-48
  1237   1.021780118016677e-48
  1238   9.783037505203331e-49
  1239   9.302245161942008e-49
  1240   8.815487640980106e-49
[TRUERES]   1240  8.815487640980106e-49  8.815487642609571e-49
  1241   8.248225219672289e-49
  1242   7.654303037929184e-49
  1243   7.109222133620507e-49
  1244   6.553713824080457e-49
  1245   6.021276028525778e-49
  1246   5.508130361321989e-49
  1247   4.983871064247535e-49
  1248   4.479653405050681e-49
  1249   3.983722204328606e-49
  1250   3.502505498839165e-49
[TRUERES]   1250  3.502505498839165e-49  3.502505499335697e-49
  1251   3.071957421179892e-49
  1252   2.674300540501607e-49
  1253   2.321593645846088e-49
  1254   2.021479888101793e-49
  1255   1.750253584174154e-49
  1256   1.512633480180283e-49
  1257   1.304134304401572e-49
  1258   1.110551625182614e-49
  1259   9.429427240860657e-50
  1260   7.981839367754022e-50
[TRUERES]   1260  7.981839367754022e-50  7.981839362830186e-50
  1261   6.719383298679981e-50
  1262   5.677711739170403e-50
  1263   4.792123181183915e-50
  1264   4.039079946073085e-50
  1265   3.413373856396378e-50
  1266   2.872728813956885e-50
  1267   2.410214191658744e-50
  1268   2.012493999869498e-50
  1269   1.668617765421498e-50
  1270   1.383763108495305e-50
[TRUERES]   1270  1.383763108495305e-50  1.383763108164331e-50
  1271   1.150861419060182e-50
  1272   9.574257426195678e-51
  1273   8.030809391871335e-51
  1274   6.752969048398974e-51
  1275   5.684865594836467e-51
  1276   4.816039498426348e-51
  1277   4.083341514492998e-51
  1278   3.482151537728821e-51
  1279   3.005189639550729e-51
  1280   2.599086216829339e-51
[TRUERES]   1280  2.599086216829339e-51  2.599086223627604e-51
  1281   2.261214146157839e-51
  1282   1.983818117846030e-51
  1283   1.742591783517778e-51
  1284   1.538514350803663e-51
  1285   1.363725051008011e-51
  1286   1.208577244386974e-51
  1287   1.077142917262102e-51
  1288   9.589143797544104e-52
  1289   8.567965235353990e-52
  1290   7.738192052352333e-52
[TRUERES]   1290  7.738192052352333e-52  7.738192093467050e-52
  1291   6.995613997745358e-52
  1292   6.341670166523495e-52
  1293   5.785437366709697e-52
  1294   5.289921408063717e-52
  1295   4.889634700627021e-52
  1296   4.541225405966084e-52
  1297   4.189883813826010e-52
  1298   3.855114248172479e-52
  1299   3.508090845510430e-52
  1300   3.164273953635374e-52
[TRUERES]   1300  3.164273953635374e-52  3.164273942967251e-52
  1301   2.847852487794217e-52
  1302   2.547498863428532e-52
  1303   2.278277242567427e-52
  1304   2.044691880560716e-52
  1305   1.823320250038316e-52
  1306   1.626191739387918e-52
  1307   1.443994401111462e-52
  1308   1.273011975008662e-52
  1309   1.120636503227938e-52
  1310   9.799161524096279e-53
[TRUERES]   1310  9.799161524096279e-53  9.799161521697166e-53
  1311   8.523814226723128e-53
  1312   7.422676109039112e-53
  1313   6.423619140936292e-53
  1314   5.535010107770818e-53
  1315   4.763817276030350e-53
  1316   4.093657750461805e-53
  1317   3.542732210177611e-53
  1318   3.088547277366679e-53
  1319   2.698548222790865e-53
  1320   2.366399902564765e-53
[TRUERES]   1320  2.366399902564765e-53  2.366399960867734e-53
  1321   2.068610617901894e-53
  1322   1.799828845732371e-53
  1323   1.572726182809585e-53
  1324   1.372239941970478e-53
  1325   1.196111950840211e-53
  1326   1.041342110871996e-53
  1327   8.993171501361307e-54
  1328   7.735351830864512e-54
  1329   6.655374498500808e-54
  1330   5.689075278845593e-54
[TRUERES]   1330  5.689075278845593e-54  5.689075320522747e-54
  1331   4.861857350109360e-54
  1332   4.140780757660627e-54
  1333   3.515269238363011e-54
  1334   2.998382516074250e-54
  1335   2.561814173442182e-54
  1336   2.192207888513087e-54
  1337   1.880457750497369e-54
  1338   1.600579243962657e-54
  1339   1.355886614543333e-54
  1340   1.150280210901945e-54
[TRUERES]   1340  1.150280210901945e-54  1.150280248103386e-54
  1341   9.755154352811958e-55
  1342   8.320819143408601e-55
  1343   7.144874449843569e-55
  1344   6.160843302714001e-55
  1345   5.361623515167310e-55
  1346   4.688385272472386e-55
  1347   4.114492538905653e-55
  1348   3.644437711323456e-55
  1349   3.227362911484186e-55
  1350   2.871503207532646e-55
[TRUERES]   1350  2.871503207532646e-55  2.871503389465994e-55
  1351   2.577252453457061e-55
  1352   2.322417904510323e-55
  1353   2.116718844465425e-55
  1354   1.947812211179937e-55
  1355   1.796517157235643e-55
  1356   1.669039389972120e-55
  1357   1.554999328830492e-55
  1358   1.443017216317760e-55
  1359   1.341317791970791e-55
  1360   1.240946357586285e-55
[TRUERES]   1360  1.240946357586285e-55  1.240945877530726e-55
  1361   1.143617904785131e-55
  1362   1.056206509365934e-55
  1363   9.728965227273765e-56
  1364   8.954954549970665e-56
  1365   8.223201061789371e-56
  1366   7.478200054620327e-56
  1367   6.805527540685935e-56
  1368   6.159005972434094e-56
  1369   5.530195676750556e-56
  1370   4.950395368133086e-56
[TRUERES]   1370  4.950395368133086e-56  4.950394579707516e-56
  1371   4.391039131588895e-56
  1372   3.870409371767934e-56
  1373   3.399592287095268e-56
  1374   2.962434387623884e-56
  1375   2.569749679724200e-56
  1376   2.218028000418082e-56
  1377   1.895884934523501e-56
  1378   1.616167467974103e-56
  1379   1.372998664365896e-56
  1380   1.158562405594409e-56
[TRUERES]   1380  1.158562405594409e-56  1.158564216163415e-56
  1381   9.772332972191313e-57
  1382   8.221451850063724e-57
  1383   6.911711166071926e-57
  1384   5.840122465349578e-57
  1385   4.916851402065140e-57
  1386   4.151642693832119e-57
  1387   3.524627124155477e-57
  1388   2.985211536557081e-57
  1389   2.526173409877963e-57
  1390   2.135023224375707e-57
[TRUERES]   1390  2.135023224375707e-57  2.135062267870206e-57
  1391   1.793043088609763e-57
  1392   1.509206363871467e-57
  1393   1.265423254244962e-57
  1394   1.060553920134050e-57
  1395   8.909577932868215e-58
  1396   7.449020282463086e-58
  1397   6.217480298436287e-58
  1398   5.198582677131053e-58
  1399   4.338105559609483e-58
  1400   3.641188095231795e-58
[TRUERES]   1400  3.641188095231795e-58  3.641480803049317e-58
  1401   3.074353395648859e-58
  1402   2.607757365878867e-58
  1403   2.236845803158863e-58
  1404   1.931349969262205e-58
  1405   1.670260348871709e-58
  1406   1.454663849337363e-58
  1407   1.265455030483370e-58
  1408   1.103455795464553e-58
  1409   9.655657983427616e-59
  1410   8.413712377465292e-59
[TRUERES]   1410  8.413712377465292e-59  8.417161741334926e-59
  1411   7.349442927283347e-59
  1412   6.412610439554721e-59
  1413   5.575533050709023e-59
  1414   4.872032875322756e-59
  1415   4.273071337382804e-59
  1416   3.753062102793406e-59
  1417   3.334108282669960e-59
  1418   2.966695450186342e-59
  1419   2.644573756509757e-59
  1420   2.366202700258539e-59
[TRUERES]   1420  2.366202700258539e-59  2.369424768663011e-59
  1421   2.109060091279724e-59
  1422   1.885686398400492e-59
  1423   1.699709385803887e-59
  1424   1.538091517949004e-59
  1425   1.400434238738009e-59
  1426   1.279267805764958e-59
  1427   1.170004567851663e-59
  1428   1.076715054188958e-59
  1429   9.914073843477198e-60
  1430   9.121407076381931e-60
[TRUERES]   1430  9.121407076381931e-60  9.155327126171760e-60
  1431   8.392331091897057e-60
  1432   7.675390445254881e-60
  1433   6.984764994609296e-60
  1434   6.339523292166340e-60
  1435   5.696668038223621e-60
  1436   5.099508229399177e-60
  1437   4.528025405146370e-60
  1438   3.976322904145172e-60
  1439   3.479215185172810e-60
  1440   3.015315613380022e-60
[TRUERES]   1440  3.015315613380022e-60  3.048845140062360e-60
  1441   2.592413983024954e-60
  1442   2.223322895453568e-60
  1443   1.890240341296289e-60
  1444   1.598490098189502e-60
  1445   1.350771324968792e-60
  1446   1.135239648451999e-60
  1447   9.567153584926799e-61
  1448   8.071259397296115e-61
  1449   6.781464403854726e-61
  1450   5.690539493174143e-61
[TRUERES]   1450  5.690539493174143e-61  6.027528469934185e-61
  1451   4.739459501044386e-61
  1452   3.918922206789468e-61
  1453   3.237379371580627e-61
  1454   2.660876986898713e-61
  1455   2.179737014638534e-61
  1456   1.792708340567306e-61
  1457   1.476036946037414e-61
  1458   1.223914579222644e-61
  1459   1.021095368013687e-61
  1460   8.514478521556610e-62
[TRUERES]   1460  8.514478521556610e-62  1.180421252421618e-61
  1461   7.162716412404967e-62
  1462   6.034214196480519e-62
  1463   5.087305555509778e-62
  1464   4.326477889509111e-62
  1465   3.694583176884371e-62
  1466   3.163763028672467e-62
  1467   2.730186709810806e-62
  1468   2.360516889823980e-62
  1469   2.052932129418473e-62
  1470   1.797201954585132e-62
[TRUERES]   1470  1.797201954585132e-62  5.090369292105421e-62
  1471   1.568004908432176e-62
  1472   1.369368787727008e-62
  1473   1.192900873941391e-62
  1474   1.041457129037423e-62
  1475   9.222197728024330e-63
  1476   8.242707271559340e-63
  1477   7.420095584657729e-63
  1478   6.721248680167991e-63
  1479   6.082191081439776e-63
  1480   5.519073909085647e-63
[TRUERES]   1480  5.519073909085647e-63  3.917609196808258e-62
  1481   5.029337087942678e-63
  1482   4.562511826591000e-63
  1483   4.134119824571928e-63
  1484   3.743672258069101e-63
  1485   3.372345341368605e-63
  1486   3.035316611941015e-63
  1487   2.715295853665038e-63
  1488   2.409827792357164e-63
  1489   2.130258187171469e-63
  1490   1.867765344938168e-63
[TRUERES]   1490  1.867765344938168e-63  3.460681729771309e-62
  1491   1.631379731340658e-63
  1492   1.427716821187886e-63
  1493   1.243981058834495e-63
  1494   1.088366237106115e-63
  1495   9.591517753968533e-64
  1496   8.479369018284970e-64
  1497   7.576587008487299e-64
  1498   6.801477726029106e-64
  1499   6.106895777572640e-64
  1500   5.490122757194899e-64
[TRUERES]   1500  5.490122757194899e-64  3.410692984561615e-62
  1501   4.894133732646518e-64
  1502   4.344178566209189e-64
  1503   3.862113668034096e-64
  1504   3.421341040317009e-64
  1505   3.030310078728671e-64
  1506   2.679947269406771e-64
  1507   2.354197961283534e-64
  1508   2.061816267110127e-64
  1509   1.800017885585355e-64
  1510   1.564419588225584e-64
[TRUERES]   1510  1.564419588225584e-64  3.328453470315573e-62
  1511   1.360219791632059e-64
  1512   1.175715198557866e-64
  1513   1.009766759510161e-64
  1514   8.631922957969516e-65
  1515   7.300274486870147e-65
  1516   6.145390673271916e-65
  1517   5.181945838388076e-65
  1518   4.364812507024586e-65
  1519   3.700474072444763e-65
  1520   3.154950901981382e-65
[TRUERES]   1520  3.154950901981382e-65  3.370613924274049e-62
  1521   2.688827553332986e-65
  1522   2.301682263744628e-65
  1523   1.962310498640740e-65
  1524   1.663853204057033e-65
  1525   1.408804569224423e-65
  1526   1.183663447570633e-65
  1527   9.935048935236896e-66
  1528   8.350943777872270e-66
  1529   7.015523542177630e-66
  1530   5.918408365607970e-66
[TRUERES]   1530  5.918408365607970e-66  3.359057605308626e-62
  1531   5.006696784552378e-66
  1532   4.222430261301466e-66
  1533   3.558811844205802e-66
  1534   2.991375602310530e-66
  1535   2.503402242277302e-66
  1536   2.099503658585755e-66
  1537   1.760418272243270e-66
  1538   1.483567773575392e-66
  1539   1.263968339691293e-66
  1540   1.081963718977085e-66
[TRUERES]   1540  1.081963718977085e-66  3.376513322803188e-62
  1541   9.321957164119211e-67
  1542   8.074734217403322e-67
  1543   7.000426387595484e-67
  1544   6.111185313022308e-67
  1545   5.369952976675888e-67
  1546   4.753996364127421e-67
  1547   4.261297962979655e-67
  1548   3.844745343782826e-67
  1549   3.503934314548045e-67
  1550   3.228386682549277e-67
[TRUERES]   1550  3.228386682549277e-67  3.376678823382782e-62
  1551   2.975078547323705e-67
  1552   2.745800509888553e-67
  1553   2.538042407284479e-67
  1554   2.340460937497109e-67
  1555   2.164547503196176e-67
  1556   2.003215413380613e-67
  1557   1.854016031287029e-67
  1558   1.723018990454742e-67
  1559   1.595681527259426e-67
  1560   1.472821581182708e-67
[TRUERES]   1560  1.472821581182708e-67  3.368211268753819e-62
  1561   1.355168766600335e-67
  1562   1.229777785161193e-67
  1563   1.104363697946082e-67
  1564   9.837969404545877e-68
  1565   8.662786039991140e-68
  1566   7.606866697049681e-68
  1567   6.665195739238513e-68
  1568   5.795389914524812e-68
  1569   5.022294651760152e-68
  1570   4.303149321904512e-68
[TRUERES]   1570  4.303149321904512e-68  3.382069709866620e-62
  1571   3.639368107533606e-68
  1572   3.054455428518923e-68
  1573   2.534993386807489e-68
  1574   2.095735369314330e-68
  1575   1.731822047924170e-68
  1576   1.424421606905644e-68
  1577   1.172649467002788e-68
  1578   9.664227785279013e-69
  1579   7.943082319773279e-69
  1580   6.545027613691571e-69
[TRUERES]   1580  6.545027613691571e-69  3.380294376521581e-62
  1581   5.377233276683106e-69
  1582   4.386343404342833e-69
  1583   3.583033563796376e-69
  1584   2.919988320879572e-69
  1585   2.391534826992239e-69
  1586   1.977275701036049e-69
  1587   1.641656739206878e-69
  1588   1.370211049127916e-69
  1589   1.148641875963170e-69
  1590   9.586889344329424e-70
[TRUERES]   1590  9.586889344329424e-70  3.386931980436061e-62
  1591   8.026771472544569e-70
  1592   6.740592964394172e-70
  1593   5.665049534155254e-70
  1594   4.799418232540506e-70
  1595   4.054136073912609e-70
  1596   3.418315050679721e-70
  1597   2.888087931343445e-70
  1598   2.436198452557160e-70
  1599   2.062914730012604e-70
  1600   1.757535503460989e-70
[TRUERES]   1600  1.757535503460989e-70  3.386345690474736e-62
  1601   1.500955300095772e-70
  1602   1.287261787907721e-70
  1603   1.103484820261639e-70
  1604   9.426995736676078e-71
  1605   8.046023039940382e-71
  1606   6.861291356980889e-71
  1607   5.866056434856211e-71
  1608   5.043666694028674e-71
  1609   4.341716560268688e-71
  1610   3.753067810422201e-71
[TRUERES]   1610  3.753067810422201e-71  3.386421194615387e-62
  1611   3.268742137116433e-71
  1612   2.862932720666131e-71
  1613   2.544551123083489e-71
  1614   2.290307765255271e-71
  1615   2.081148025269424e-71
  1616   1.912146294343343e-71
  1617   1.766503835507695e-71
  1618   1.629941628986155e-71
  1619   1.510943082607987e-71
  1620   1.397006222970479e-71
[TRUERES]   1620  1.397006222970479e-71  3.386440366536489e-62
  1621   1.292966372232389e-71
  1622   1.201814654371171e-71
  1623   1.117945684327129e-71
  1624   1.046018687726740e-71
  1625   9.817801746146516e-72
  1626   9.174222408514158e-72
  1627   8.558913468393875e-72
  1628   7.908508622119838e-72
  1629   7.213037939773670e-72
  1630   6.517246341011515e-72
[TRUERES]   1630  6.517246341011515e-72  3.386454920061228e-62
  1631   5.825611362596062e-72
  1632   5.149311177008860e-72
  1633   4.535424496385656e-72
  1634   3.958226802546296e-72
  1635   3.442252085180055e-72
  1636   2.976799870229093e-72
  1637   2.546714215846455e-72
  1638   2.176339053010998e-72
  1639   1.848306310909014e-72
  1640   1.553971540335300e-72
[TRUERES]   1640  1.553971540335300e-72  3.386447943634186e-62
  1641   1.305247537985757e-72
  1642   1.090453866129978e-72
  1643   9.075608742089604e-73
  1644   7.572816984647274e-73
  1645   6.304695089740779e-73
  1646   5.249919249002237e-73
  1647   4.380285800823672e-73
  1648   3.636524247413760e-73
  1649   3.007678354667803e-73
  1650   2.476357576431702e-73
[TRUERES]   1650  2.476357576431702e-73  3.386426909232217e-62
  1651   2.031672713849199e-73
  1652   1.674574850089184e-73
  1653   1.387680489907403e-73
  1654   1.155729968361358e-73
  1655   9.679553251708021e-74
  1656   8.059300474606934e-74
  1657   6.663128795254642e-74
  1658   5.499457328267463e-74
  1659   4.514224544307675e-74
  1660   3.709588555310950e-74
[TRUERES]   1660  3.709588555310950e-74  3.386448165363722e-62
  1661   3.049154082679992e-74
  1662   2.502943184995465e-74
  1663   2.059424173482615e-74
  1664   1.693375700666414e-74
  1665   1.391973838929105e-74
  1666   1.149708460896255e-74
  1667   9.471176226883843e-75
  1668   7.794112975568505e-75
  1669   6.438353803045492e-75
  1670   5.343577810651976e-75
[TRUERES]   1670  5.343577810651976e-75  3.386448018008574e-62
  1671   4.477032669659152e-75
  1672   3.789287504514106e-75
  1673   3.235852112688481e-75
  1674   2.782825855207979e-75
  1675   2.399648545471314e-75
  1676   2.062960673277319e-75
  1677   1.780955740967938e-75
  1678   1.536933353940594e-75
  1679   1.328514412346500e-75
  1680   1.153680936326029e-75
[TRUERES]   1680  1.153680936326029e-75  3.386447870819385e-62
  1681   1.003003920534302e-75
  1682   8.774303216059663e-76
  1683   7.738520894170396e-76
  1684   6.861234603596423e-76
  1685   6.122717776994903e-76
  1686   5.493301209100999e-76
  1687   4.925204228193603e-76
  1688   4.432642970726316e-76
  1689   3.986268145662796e-76
  1690   3.574776355928825e-76
[TRUERES]   1690  3.574776355928825e-76  3.386448006600066e-62
  1691   3.197513534092777e-76
  1692   2.829044685493209e-76
  1693   2.486679653121082e-76
  1694   2.186707189196953e-76
  1695   1.918477595171455e-76
  1696   1.691077288384377e-76
  1697   1.499592729209553e-76
  1698   1.330013265297977e-76
  1699   1.186338487260678e-76
  1700   1.059706083609984e-76
[TRUERES]   1700  1.059706083609984e-76  3.386448004996821e-62
  1701   9.466516922571237e-77
  1702   8.472330495675067e-77
  1703   7.559118376129668e-77
  1704   6.730482417037966e-77
  1705   5.996163897053832e-77
  1706   5.314115410574427e-77
  1707   4.715967944790728e-77
  1708   4.175275401323827e-77
  1709   3.676251267778080e-77
  1710   3.233626471897091e-77
[TRUERES]   1710  3.233626471897091e-77  3.386448004997706e-62
  1711   2.849165836451512e-77
  1712   2.517754482012259e-77
  1713   2.239743082521397e-77
  1714   1.994360883887403e-77
  1715   1.771417357007924e-77
  1716   1.563563181272574e-77
  1717   1.366389751714897e-77
  1718   1.190150408088654e-77
  1719   1.033889903896738e-77
  1720   8.909944961220155e-78
[TRUERES]   1720  8.909944961220155e-78  3.386448004998621e-62
  1721   7.639460671232510e-78
  1722   6.510938190713786e-78
  1723   5.513501669890812e-78
  1724   4.674602611394022e-78
  1725   3.954024971208553e-78
  1726   3.332989501945614e-78
  1727   2.818018166965578e-78
  1728   2.385525918118932e-78
  1729   2.022288161580836e-78
  1730   1.713020715822056e-78
[TRUERES]   1730  1.713020715822056e-78  3.386448005000511e-62
  1731   1.446045536702628e-78
  1732   1.218638657470094e-78
  1733   1.022775325272326e-78
  1734   8.502262764096095e-79
  1735   7.065883433341651e-79
  1736   5.846235724330780e-79
  1737   4.815880072531012e-79
  1738   3.988921557061060e-79
  1739   3.306410215902379e-79
  1740   2.761572778788022e-79
[TRUERES]   1740  2.761572778788022e-79  3.386448005002845e-62
  1741   2.330384641169427e-79
  1742   1.975193697497828e-79
  1743   1.688822230028349e-79
  1744   1.449903978729128e-79
  1745   1.239219237994686e-79
  1746   1.058658506496122e-79
  1747   9.036138425884976e-80
  1748   7.696304069113857e-80
  1749   6.595007493745824e-80
  1750   5.679619733325310e-80
[TRUERES]   1750  5.679619733325310e-80  3.386448005003207e-62
  1751   4.930662898851194e-80
  1752   4.322506583309084e-80
  1753   3.817251800074070e-80
  1754   3.399623540441055e-80
  1755   3.060854650353663e-80
  1756   2.772154094893792e-80
  1757   2.532803191786284e-80
  1758   2.324988576853308e-80
  1759   2.135571088979180e-80
  1760   1.971117193885455e-80
[TRUERES]   1760  1.971117193885455e-80  3.386448005003227e-62
  1761   1.816844610575793e-80
  1762   1.673898952813956e-80
  1763   1.547305617997119e-80
  1764   1.424681182080068e-80
  1765   1.308753477139416e-80
  1766   1.200962062514678e-80
  1767   1.095353997686949e-80
  1768   9.991899283032893e-81
  1769   9.052953740545169e-81
  1770   8.133290603307541e-81
[TRUERES]   1770  8.133290603307541e-81  3.386448005003188e-62
  1771   7.285834377970634e-81
  1772   6.462532958557404e-81
  1773   5.692884678079360e-81
  1774   4.991031466751276e-81
  1775   4.321105970267419e-81
  1776   3.716749374348844e-81
  1777   3.194101848267083e-81
  1778   2.735911208076761e-81
  1779   2.341674309037990e-81
  1780   2.000567320820188e-81
[TRUERES]   1780  2.000567320820188e-81  3.386448005003181e-62
  1781   1.698125960409074e-81
  1782   1.434437022152245e-81
  1783   1.198844819998400e-81
  1784   9.895313262695892e-82
  1785   8.127982648433458e-82
  1786   6.648119070198305e-82
  1787   5.426873160347723e-82
  1788   4.434727442397106e-82
  1789   3.609968580063947e-82
  1790   2.940337007250631e-82
[TRUERES]   1790  2.940337007250631e-82  3.386448005003180e-62
  1791   2.387756404168686e-82
  1792   1.933301233514054e-82
  1793   1.574500618753981e-82
  1794   1.284420629119743e-82
  1795   1.048436223069480e-82
  1796   8.585184626375698e-83
  1797   7.021987672494315e-83
  1798   5.754334813771026e-83
  1799   4.748046386100655e-83
  1800   3.933855461241813e-83
[TRUERES]   1800  3.933855461241813e-83  3.386448005003180e-62
  1801   3.283702854089671e-83
  1802   2.754029348666175e-83
  1803   2.319143330326737e-83
  1804   1.961799789175276e-83
  1805   1.666931999735051e-83
  1806   1.416625167832266e-83
  1807   1.207478558282185e-83
  1808   1.026552073567243e-83
  1809   8.724702147402537e-84
  1810   7.443970910850487e-84
[TRUERES]   1810  7.443970910850487e-84  3.386448005003180e-62
  1811   6.351433324510437e-84
  1812   5.441038550887482e-84
  1813   4.691373735282505e-84
  1814   4.058879636616596e-84
  1815   3.536484235756497e-84
  1816   3.093367050955695e-84
  1817   2.704500582112394e-84
  1818   2.377657234378965e-84
  1819   2.096805789936496e-84
  1820   1.856210851205258e-84
[TRUERES]   1820  1.856210851205258e-84  3.386448005003180e-62
  1821   1.651292933953889e-84
  1822   1.466539573172793e-84
  1823   1.301146221956274e-84
  1824   1.156188516186212e-84
  1825   1.025684463603776e-84
  1826   9.149567204419258e-85
  1827   8.222650093893787e-85
  1828   7.456972935351763e-85
  1829   6.841043862023069e-85
  1830   6.310506312273980e-85
[TRUERES]   1830  6.310506312273980e-85  3.386448005003180e-62
  1831   5.820850282887141e-85
  1832   5.379925814899305e-85
  1833   4.960351346821962e-85
  1834   4.578597681283736e-85
  1835   4.236176555419134e-85
  1836   3.905777948063797e-85
  1837   3.601829538551570e-85
  1838   3.326524170243195e-85
  1839   3.062913849296843e-85
  1840   2.824145263430978e-85
[TRUERES]   1840  2.824145263430978e-85  3.386448005003180e-62
  1841   2.587991696470560e-85
  1842   2.346104081325630e-85
  1843   2.106480107888669e-85
  1844   1.862481666745412e-85
  1845   1.627795310886994e-85
  1846   1.412100671333895e-85
  1847   1.210421560825020e-85
  1848   1.028753821722161e-85
  1849   8.699383131103210e-86
  1850   7.310534289500666e-86
[TRUERES]   1850  7.310534289500666e-86  3.386448005003180e-62
  1851   6.153344199791975e-86
  1852   5.161352271878818e-86
  1853   4.309338944745063e-86
  1854   3.577530313251156e-86
  1855   2.935740035682893e-86
  1856   2.384048589132561e-86
  1857   1.924971565834508e-86
  1858   1.542272390879502e-86
  1859   1.237824086340358e-86
  1860   1.000664513067963e-86
[TRUERES]   1860  1.000664513067963e-86  3.386448005003180e-62
  1861   8.156974944907051e-87
  1862   6.742935591719603e-87
  1863   5.634913068719565e-87
  1864   4.754414056771895e-87
  1865   4.067125331529085e-87
  1866   3.511115126560852e-87
  1867   3.059770889943008e-87
  1868   2.697995614014315e-87
  1869   2.405969996695220e-87
  1870   2.170763981378640e-87
[TRUERES]   1870  2.170763981378640e-87  3.386448005003180e-62
  1871   1.984456307032814e-87
  1872   1.832618565610708e-87
  1873   1.715065029346615e-87
  1874   1.621906262208290e-87
  1875   1.543064519826745e-87
  1876   1.483607732096230e-87
  1877   1.440647019562794e-87
  1878   1.417892371541060e-87
  1879   1.419625928448725e-87
  1880   1.437728276152492e-87
[TRUERES]   1880  1.437728276152492e-87  3.386448005003180e-62
  1881   1.477781994641556e-87
  1882   1.540574292514452e-87
  1883   1.615616579947822e-87
  1884   1.703450243388221e-87
  1885   1.805823382031154e-87
  1886   1.913166483494847e-87
  1887   2.038205674014149e-87
  1888   2.172504810185208e-87
  1889   2.313962640797033e-87
  1890   2.465466414009582e-87
[TRUERES]   1890  2.465466414009582e-87  3.386448005003180e-62
  1891   2.602180519848847e-87
  1892   2.713229803856006e-87
  1893   2.792799445932519e-87
  1894   2.826466473671310e-87
  1895   2.830377644848308e-87
  1896   2.800874456409057e-87
  1897   2.733487017178807e-87
  1898   2.631178562980758e-87
  1899   2.503927870358352e-87
  1900   2.360245602275037e-87
[TRUERES]   1900  2.360245602275037e-87  3.386448005003180e-62
  1901   2.222581611771266e-87
  1902   2.076930604854866e-87
  1903   1.922163878957765e-87
  1904   1.766454360895510e-87
  1905   1.614118533657552e-87
  1906   1.477322289714184e-87
  1907   1.360550014667750e-87
  1908   1.248371818570027e-87
  1909   1.146090516395815e-87
  1910   1.050231352623602e-87
[TRUERES]   1910  1.050231352623602e-87  3.386448005003180e-62
  1911   9.589058032257353e-88
  1912   8.770521642640577e-88
  1913   8.043013115632446e-88
  1914   7.392232015016255e-88
  1915   6.826358627030326e-88
  1916   6.313598340066006e-88
  1917   5.880365568980751e-88
  1918   5.521801350270528e-88
  1919   5.202570055634412e-88
  1920   4.927485058368769e-88
[TRUERES]   1920  4.927485058368769e-88  3.386448005003180e-62
  1921   4.689555940303621e-88
  1922   4.459439305900903e-88
  1923   4.252272893809329e-88
  1924   4.037839119132395e-88
  1925   3.822734626398195e-88
  1926   3.614479705273776e-88
  1927   3.410302478255613e-88
  1928   3.214680683967155e-88
  1929   3.021812168623744e-88
  1930   2.809367963939637e-88
[TRUERES]   1930  2.809367963939637e-88  3.386448005003180e-62
  1931   2.578141806285938e-88
  1932   2.321203993320835e-88
  1933   2.033755934781293e-88
  1934   1.747882025369645e-88
  1935   1.471982671890322e-88
  1936   1.223450311636285e-88
  1937   1.014463211026834e-88
  1938   8.383630622197686e-89
  1939   6.967838000978818e-89
  1940   5.862602030639394e-89
[TRUERES]   1940  5.862602030639394e-89  3.386448005003180e-62
  1941   4.989181291096063e-89
  1942   4.307272659325839e-89
  1943   3.751976013072796e-89
  1944   3.284718671055070e-89
  1945   2.893715673188262e-89
  1946   2.562564613760317e-89
  1947   2.276307166843450e-89
  1948   2.020841828412877e-89
  1949   1.783902212677168e-89
  1950   1.563234453453133e-89
[TRUERES]   1950  1.563234453453133e-89  3.386448005003180e-62
  1951   1.362688994712624e-89
  1952   1.176780643379981e-89
  1953   1.007650561249597e-89
  1954   8.538355379085235e-90
  1955   7.135428161945368e-90
  1956   5.929314389309386e-90
  1957   4.876793072453242e-90
  1958   3.980320146650368e-90
  1959   3.254428275595939e-90
  1960   2.658981943394985e-90
[TRUERES]   1960  2.658981943394985e-90  3.386448005003180e-62
  1961   2.167715241505922e-90
  1962   1.775906389166466e-90
  1963   1.456035016289304e-90
  1964   1.194984006334809e-90
  1965   9.836708008455200e-91
converged:
  nconv = 1965
    0    0     1966     1.3053e-63     4.2041e-32
ASolver_CGNR<Afield<double,ACCEL> >: solver starts
  mode_prev = D
  snorm =  2.597553604278432e+01
  init:  8.319459904340009e-01
     0   4.270485473685587e-02
[TRUERES]      0  4.270485473685587e-02  4.270485473685587e-02
     1   1.340081729866049e-02
     2   1.044569390001542e-02
     3   3.299002611450432e-03
     4   1.788336951629481e-03
     5   1.416802386175605e-03
     6   6.190710557051280e-04
     7   4.225019117966400e-04
     8   3.209614993575094e-04
     9   1.729396948556272e-04
    10   1.441793358371007e-04
[TRUERES]     10  1.441793358371007e-04  1.441793358371007e-04
    11   1.089366636295437e-04
    12   6.955620181042985e-05
    13   6.216655665145604e-05
    14   4.515628889741516e-05
    15   3.214369452188773e-05
    16   2.957901186127366e-05
    17   2.141419558870241e-05
    18   1.754437916147373e-05
    19   1.639686098124801e-05
    20   1.243436677325790e-05
[TRUERES]     20  1.243436677325790e-05  1.243436677325790e-05
    21   1.141292220105494e-05
    22   1.047718989805829e-05
    23   8.248603456925656e-06
    24   7.895877237017815e-06
    25   6.879037930132944e-06
    26   5.667959494784734e-06
    27   5.514541107729078e-06
    28   4.637068449206531e-06
    29   4.009475982130282e-06
    30   3.816852748098336e-06
[TRUERES]     30  3.816852748098336e-06  3.816852748098336e-06
    31   3.105605699589986e-06
    32   2.777467914305390e-06
    33   2.575180646976607e-06
    34   2.117878236932619e-06
    35   1.989271697350395e-06
    36   1.809254494596214e-06
    37   1.549806770666231e-06
