Bridge++ 2.0.0

input filename : main.yaml

file = main.yaml

Lattice parameters:
  Lx = 16,  Ly = 16,  Lz = 16,  Lt = 16,
  Nx = 16,  Ny = 16,  Nz = 16,  Nt = 16,
  NPEx = 1,  NPEy  = 1,  NPEz  = 1,  NPEt  = 1,
  Lvol = 65536,  Nvol = 65536,  NPE = 1,
  Ndim = 4
  Nc   = 3
  Nd   = 4

ThreadManager: initialization
Warning at ThreadManager: Nthread(env) != Nthread(input)
  Number of threads(env)   = 2
  Number of threads(input) = 1
  reset Nthread = Nthread(input).
  Number of threads = 1
Main: input parameters
  lattice_size     = [16, 16, 16, 16]
  grid_size        = [1, 1, 1, 1]
  number of thread = 1
  number of color  = 3
  logfile          = stdout
  ildg_logfile     = stdout
  vlevel           = General

Alt_Accel code is being setup.
DeviceManager_CUDA: being initialized.
  process_id = 0
  number of devices = 1
  device_id = 0  is used on process = 0
------------------------------------------------
Alt_Accel: Factory entries
------------------------------------------------
AFopr<double, ACCEL> >(void):
AFopr<double, ACCEL>(Parameters&):
	Clover
	CloverTerm
	Clover_dd
	Domainwall
	Domainwall_5din
	Domainwall_5din_dd
	Domainwall_5din_eo
	Domainwall_eo
	Wilson
	Wilson_dd
AFopr<double, ACCEL>(Fopr*):
	Domainwall
AFopr<double, ACCEL>(Fopr*, Director*):
AFopr<float, ACCEL> >(void):
AFopr<float, ACCEL>(Parameters&):
	Clover
	CloverTerm
	Clover_dd
	Domainwall
	Domainwall_5din
	Domainwall_5din_dd
	Domainwall_5din_eo
	Domainwall_eo
	Wilson
	Wilson_dd
AFopr<float, ACCEL>(Fopr*):
	Domainwall
AFopr<float, ACCEL>(Fopr*, Director*):
AEigensolver<AField<float, ACCEL> >, Afopr>(Fopr*):
	IRArnoldi
	IRLanczos
------------------------------------------------
Timer: timestamp: 2026/06/05 22:18:32 +0900
file = test_alt_Spectrum_Domainwall_5din_Hadron2ptFunction.yaml

--------------------------------------------------------------------
test name: Spectrum_Domainwall_alt.hadron_2ptFunction
test file: test_alt_Spectrum_Domainwall_5din_Hadron2ptFunction.yaml
test mode: float_eo
file = test_alt_Spectrum_Domainwall_5din_Hadron2ptFunction.yaml
  vlevel       = General
  source_type  = Local
Smearing parameters (assumes APE-Stout):
   proj_type:  Stout_SU3
   smear_type: APE
   rho_uniform: 0.100000
   number_of_smearing: 0
  vlevel       = General

Configuration setup:
  gconf_status = Continue
  gconf_read   = Text_4x4x4x8
  readfile     = ./conf_04040408.txt
  plaq = 0.625130

Gauge fixing:
  Gauge fixing type = None
Parameters: get_string: key 'filename_output' not found.
Elapsed time: calc_plqauette: total         0.28 sec, count    1, average         0.28 sec
plaquette (before smearing):       0.625129946974939
applying smearing
Smear_APE:
  rho =   0.1000
Director_Smear:
  Nsmear = 0
Parameters: get_string: key 'filename_output' not found.
Elapsed time: calc_plqauette: total         0.36 sec, count    1, average         0.36 sec
Elapsed time: smearig: total         0.37 sec, count    1, average         0.37 sec
plaquette (after smearing):        0.625129946974939
  gmset_type   = Dirac
Gamma matrix: dirac representation.
Fopr_Domainwall: construction
  Imp::Fopr_Wilson: construction
    Gauge group implementation: SU(3)
    Imp::Fopr_Wilson: input parameters
      gamma-matrix type = Dirac
      kappa  =   0.20833333
      boundary[0] =  1
      boundary[1] =  1
      boundary[2] =  1
      boundary[3] = -1
  Imp::Fopr_Wilson: construction finished.
  Fopr_Domainwall: input parameters
    mq   =   0.0500
    M0   =   1.6000
    Ns   =    8
    boundary[0] =  1
    boundary[1] =  1
    boundary[2] =  1
    boundary[3] = -1
    coefficients:
    b[ 0] =     1.5000000000  c[ 0] =     0.5000000000
    b[ 1] =     1.5000000000  c[ 1] =     0.5000000000
    b[ 2] =     1.5000000000  c[ 2] =     0.5000000000
    b[ 3] =     1.5000000000  c[ 3] =     0.5000000000
    b[ 4] =     1.5000000000  c[ 4] =     0.5000000000
    b[ 5] =     1.5000000000  c[ 5] =     0.5000000000
    b[ 6] =     1.5000000000  c[ 6] =     0.5000000000
    b[ 7] =     1.5000000000  c[ 7] =     0.5000000000
Fopr_Domainwall: construction finished.
Fopr_Domainwall: input parameters
  mq   =   0.0500
  M0   =   1.6000
  Ns   =    8
  boundary[0] =  1
  boundary[1] =  1
  boundary[2] =  1
  boundary[3] = -1
  coefficients:
  b[ 0] =     1.5000000000  c[ 0] =     0.5000000000
  b[ 1] =     1.5000000000  c[ 1] =     0.5000000000
  b[ 2] =     1.5000000000  c[ 2] =     0.5000000000
  b[ 3] =     1.5000000000  c[ 3] =     0.5000000000
  b[ 4] =     1.5000000000  c[ 4] =     0.5000000000
  b[ 5] =     1.5000000000  c[ 5] =     0.5000000000
  b[ 6] =     1.5000000000  c[ 6] =     0.5000000000
  b[ 7] =     1.5000000000  c[ 7] =     0.5000000000
Imp::Fopr_Wilson: construction
  Gauge group implementation: SU(3)
  Imp::Fopr_Wilson: input parameters
    gamma-matrix type = Dirac
    kappa  =   0.20833333
    boundary[0] =  1
    boundary[1] =  1
    boundary[2] =  1
    boundary[3] = -1
Imp::Fopr_Wilson: construction finished.
Source for spinor field - local:
  source_position[0] = 0
  source_position[1] = 0
  source_position[2] = 0
  source_position[3] = 0

Check of fermion operator (even-odd)
norm of source vector: 1.000000
AFopr_Domainwall_5din_eo<AField<float,ACCEL> >: construction
  do_comm[0] = 0
  do_comm[1] = 0
  do_comm[2] = 0
  do_comm[3] = 0
    extended_precision = true
    su3_reconstruction = false
  AFopr_Domainwall_5din_eo<AField<float,ACCEL> >: input parameters
    gamma matrix repr.:  Dirac
    code implementation: 5d
    mq   =   0.0500
    M0   =   1.6000
    Ns   =    8
    boundary[0] =  1
    boundary[1] =  1
    boundary[2] =  1
    boundary[3] = -1
    coefficients:
      b[ 0] =     1.5000000000  c[ 0] =     0.5000000000
      b[ 1] =     1.5000000000  c[ 1] =     0.5000000000
      b[ 2] =     1.5000000000  c[ 2] =     0.5000000000
      b[ 3] =     1.5000000000  c[ 3] =     0.5000000000
      b[ 4] =     1.5000000000  c[ 4] =     0.5000000000
      b[ 5] =     1.5000000000  c[ 5] =     0.5000000000
      b[ 6] =     1.5000000000  c[ 6] =     0.5000000000
      b[ 7] =     1.5000000000  c[ 7] =     0.5000000000
    alpha =   1.0000
convert required.
convert performed.

[D check]
norm2(abq) = 1.000000
norm2(y5)  = 114.967735
norm2(z5)  = 114.967728
norm2(axq) = 114.967728
diff2 = 0.000000
Elapsed time: afopr_Domainwall_5din_eo: Deo & dagger   : total         0.00 sec, count    2, average         0.00 sec
Elapsed time: afopr_Domainwall_5din_eo: Dee_inv & dag  : total         0.00 sec, count   18, average         0.00 sec
Elapsed time: afopr_Domainwall_5din_eo: clear          : total         0.00 sec, count    0, average         0.00 sec
Elapsed time: afopr_Domainwall_5din_eo: pack           : total         0.00 sec, count    0, average         0.00 sec
Elapsed time: afopr_Domainwall_5din_eo: bulk           : total         0.00 sec, count    2, average         0.00 sec
Elapsed time: afopr_Domainwall_5din_eo: boundary       : total         0.00 sec, count    0, average         0.00 sec
Elapsed time: afopr_Domainwall_5din_eo: comm           : total         0.00 sec, count    0, average         0.00 sec
Elapsed time: afopr_Domainwall_5din_eo: comm_recv_wait : total         0.00 sec, count    0, average         0.00 sec
Elapsed time: afopr_Domainwall_5din_eo: comm_send_wait : total         0.00 sec, count    0, average         0.00 sec
Elapsed time: afopr_Domainwall_5din_eo: comm_recv_start: total         0.00 sec, count    0, average         0.00 sec
Elapsed time: afopr_Domainwall_5din_eo: comm_send_start: total         0.00 sec, count    0, average         0.00 sec
Elapsed time: afopr_Domainwall_5din_eo: comm_test_all  : total         0.00 sec, count    0, average         0.00 sec

Fprop_alt_Standard_eo<Afield<float,ACCEL> >: being setup (without link smearing).
  AFopr_Domainwall_5din_eo<AField<float,ACCEL> >: construction
    do_comm[0] = 0
    do_comm[1] = 0
    do_comm[2] = 0
    do_comm[3] = 0
      extended_precision = true
      su3_reconstruction = false
    AFopr_Domainwall_5din_eo<AField<float,ACCEL> >: input parameters
      gamma matrix repr.:  Dirac
      code implementation: 5d
      mq   =   0.0500
      M0   =   1.6000
      Ns   =    8
      boundary[0] =  1
      boundary[1] =  1
      boundary[2] =  1
      boundary[3] = -1
      coefficients:
        b[ 0] =     1.5000000000  c[ 0] =     0.5000000000
        b[ 1] =     1.5000000000  c[ 1] =     0.5000000000
        b[ 2] =     1.5000000000  c[ 2] =     0.5000000000
        b[ 3] =     1.5000000000  c[ 3] =     0.5000000000
        b[ 4] =     1.5000000000  c[ 4] =     0.5000000000
        b[ 5] =     1.5000000000  c[ 5] =     0.5000000000
        b[ 6] =     1.5000000000  c[ 6] =     0.5000000000
        b[ 7] =     1.5000000000  c[ 7] =     0.5000000000
      alpha =   1.0000
  ASolver_CGNR<Afield<float,ACCEL> >:
  ASolver_CG<Afield<float,ACCEL> >:
    Precision: float
    Niter     = 550
    Stop_cond =   0.00000000e+00
    init_guess_mode: 0
    true_residual_interval = 10 (logging [TRUERES])
    refinement_iterations = 0
Fprop_alt_Standard_eo<Afield<float,ACCEL> >: setup finished.

Fprop_alt_Standard_eo<Afield<float,ACCEL> >: mult performance:
  mult mode = Dee_inv
  Number of mult =                400
  Elapsed time   =       0.087689 sec
  Flop(Fopr)     =           62914560
  Flop(total)    =        25165824000
  Performance    =     286.989 GFlops

Fprop_alt_Standard_eo<Afield<float,ACCEL> >: mult performance:
  mult mode = Doe
  Number of mult =                400
  Elapsed time   =       0.206746 sec
  Flop(Fopr)     =          390070272
  Flop(total)    =       156028108800
  Performance    =     754.685 GFlops

Fprop_alt_Standard_eo<Afield<float,ACCEL> >: mult performance:
  mult mode = D
  Number of mult =                400
  Elapsed time   =       0.784311 sec
  Flop(Fopr)     =          912261120
  Flop(total)    =       364904448000
  Performance    =     465.255 GFlops

Fprop_alt_Standard_eo<Afield<float,ACCEL> >: mult performance:
  mult mode = Ddag
  Number of mult =                400
  Elapsed time   =       0.728693 sec
  Flop(Fopr)     =          912261120
  Flop(total)    =       364904448000
  Performance    =     500.766 GFlops

Fprop_alt_Standard_eo<Afield<float,ACCEL> >: mult performance:
  mult mode = DdagD
  Number of mult =                400
  Elapsed time   =       1.398339 sec
  Flop(Fopr)     =         1824522240
  Flop(total)    =       729808896000
  Performance    =     521.911 GFlops

Solving quark propagator:
  color spin   Nconv      diff           diff2
ASolver_CGNR<Afield<float,ACCEL> >: solver starts
  mode_prev = D
  snorm =  2.593545150756836e+01
ASolver_CG solve_CG_init: m_x.nin() = 192, m_s.nin() = 192
  init:  8.330510854721069e-01
     0   4.465764760971069e-02
[TRUERES]      0  4.465764760971069e-02  4.465765133500099e-02
     1   1.504939887672663e-02
     2   1.241288334131241e-02
     3   3.970553167164326e-03
     4   2.214934211224318e-03
     5   1.787890098057687e-03
     6   8.042352274060249e-04
     7   5.817197961732745e-04
     8   4.452350258361548e-04
     9   2.478116948623210e-04
    10   2.128303167410195e-04
[TRUERES]     10  2.128303167410195e-04  2.128303167410195e-04
    11   1.593963679624721e-04
    12   1.053159940056503e-04
    13   9.784339636098593e-05
    14   7.082791853463277e-05
    15   5.283554492052644e-05
    16   4.984621773473918e-05
    17   3.621275027398951e-05
    18   3.058922084164806e-05
    19   2.814821709762327e-05
    20   2.089283225359395e-05
[TRUERES]     20  2.089283225359395e-05  2.089283407258336e-05
    21   1.896660614875145e-05
    22   1.679876731941476e-05
    23   1.330202758254018e-05
    24   1.297551443713019e-05
    25   1.121728564612567e-05
    26   9.379716175317299e-06
    27   9.085482815862633e-06
    28   7.445620667567709e-06
    29   6.485461653937818e-06
    30   6.097892764955759e-06
[TRUERES]     30  6.097892764955759e-06  6.097890036471654e-06
    31   4.948557489115046e-06
    32   4.541774160315981e-06
    33   4.183467808616115e-06
    34   3.493135409371462e-06
    35   3.365812290212489e-06
    36   3.047090331165236e-06
    37   2.681377964108833e-06
    38   2.695292096177582e-06
    39   2.465720626787515e-06
    40   2.331435098312795e-06
[TRUERES]     40  2.331435098312795e-06  2.331440100533655e-06
    41   2.378204044362064e-06
    42   2.156372147510410e-06
    43   2.084341303998372e-06
    44   2.040459094132530e-06
    45   1.807557282518246e-06
    46   1.769027790032851e-06
    47   1.656096060287382e-06
    48   1.471870973546174e-06
    49   1.437424430150713e-06
    50   1.301211909776612e-06
[TRUERES]     50  1.301211909776612e-06  1.301209863413533e-06
    51   1.185010091830918e-06
    52   1.160992383120174e-06
    53   1.037730612551968e-06
    54   9.699372185423272e-07
    55   9.307809136771539e-07
    56   8.244489890785189e-07
    57   7.910709882708034e-07
    58   7.451197348018468e-07
    59   6.644826839874440e-07
    60   6.419953137992707e-07
[TRUERES]     60  6.419953137992707e-07  6.419957685466215e-07
    61   5.864151830792252e-07
    62   5.304111709847348e-07
    63   5.141868655300641e-07
    64   4.619959952378849e-07
    65   4.261718515863322e-07
    66   4.064753795773868e-07
    67   3.607821383866394e-07
    68   3.414652667288465e-07
    69   3.235761028008710e-07
    70   2.924157911365910e-07
[TRUERES]     70  2.924157911365910e-07  2.924163311490702e-07
    71   2.849616862476978e-07
    72   2.683288471416745e-07
    73   2.481968124357081e-07
    74   2.449424130190891e-07
    75   2.283335618358251e-07
    76   2.167765842386871e-07
    77   2.144365538470083e-07
    78   1.997818230847770e-07
    79   1.948079386693280e-07
    80   1.916880449925884e-07
[TRUERES]     80  1.916880449925884e-07  1.916883434205374e-07
    81   1.789642567473493e-07
    82   1.766751864806793e-07
    83   1.694802023166631e-07
    84   1.573974799384814e-07
    85   1.537936640261250e-07
    86   1.424387079396183e-07
    87   1.323183766999136e-07
    88   1.280646841905764e-07
    89   1.168426635445030e-07
    90   1.093242119054594e-07
[TRUERES]     90  1.093242119054594e-07  1.093240271643481e-07
    91   1.033032930308764e-07
    92   9.218307894798272e-08
    93   8.607798207549422e-08
    94   7.933866896792097e-08
    95   7.109997568477411e-08
    96   6.725323231648872e-08
    97   6.133470975555610e-08
    98   5.560655580438834e-08
    99   5.269919967076930e-08
   100   4.763305128108186e-08
[TRUERES]    100  4.763305128108186e-08  4.763326444390259e-08
   101   4.392235197769878e-08
   102   4.136971654133959e-08
   103   3.712134954980684e-08
   104   3.458546160572951e-08
   105   3.202728393603138e-08
   106   2.868079640450105e-08
   107   2.692051204178370e-08
   108   2.462359027788352e-08
   109   2.238401464182971e-08
   110   2.135015009230301e-08
[TRUERES]    110  2.135015009230301e-08  2.135041476947208e-08
   111   1.976686547777717e-08
   112   1.872160027005521e-08
   113   1.832892770892158e-08
   114   1.720660947057695e-08
   115   1.667654991877043e-08
   116   1.614150946238624e-08
   117   1.504965752019416e-08
   118   1.455036180431080e-08
   119   1.372389579756828e-08
   120   1.267703453322611e-08
[TRUERES]    120  1.267703453322611e-08  1.267732674392619e-08
   121   1.212385125626270e-08
   122   1.115593306622031e-08
   123   1.030404295221388e-08
   124   9.776902842872914e-09
   125   8.882558688583231e-09
   126   8.223740799451207e-09
   127   7.616751673822364e-09
   128   6.777275629588075e-09
   129   6.241333228018675e-09
   130   5.675802938753804e-09
[TRUERES]    130  5.675802938753804e-09  5.676024539269520e-09
   131   5.077850584456201e-09
   132   4.753336391161156e-09
   133   4.362117778100583e-09
   134   4.019857779979930e-09
   135   3.823263039492986e-09
   136   3.500392864452806e-09
   137   3.249969626750726e-09
   138   3.039555052097853e-09
   139   2.733655746212094e-09
   140   2.532280163336509e-09
[TRUERES]    140  2.532280163336509e-09  2.532431153667858e-09
   141   2.332955162387407e-09
   142   2.109803665106824e-09
   143   1.980964503545124e-09
   144   1.827976436885592e-09
   145   1.675299676762165e-09
   146   1.588208897729260e-09
   147   1.459387721780558e-09
   148   1.357054468797969e-09
   149   1.280464623221178e-09
   150   1.166345908742983e-09
[TRUERES]    150  1.166345908742983e-09  1.166613472491917e-09
   151   1.088838907925549e-09
   152   1.017090078825333e-09
   153   9.310029414066889e-10
   154   8.817729879595504e-10
   155   8.201060941459559e-10
   156   7.518042299814454e-10
   157   7.083262310025873e-10
   158   6.499192850561997e-10
   159   6.019038600868498e-10
   160   5.677582293195371e-10
[TRUERES]    160  5.677582293195371e-10  5.680267922691939e-10
   161   5.180926243575357e-10
   162   4.814270648800800e-10
   163   4.469949965724140e-10
   164   4.034713396716683e-10
   165   3.734375308983573e-10
   166   3.401204318187467e-10
   167   3.054290986792552e-10
   168   2.823269396046157e-10
   169   2.553986189202107e-10
   170   2.327222720088784e-10
[TRUERES]    170  2.327222720088784e-10  2.330067805367264e-10
   171   2.171896135161333e-10
   172   1.979269248497673e-10
   173   1.849831954281456e-10
   174   1.755887796273115e-10
   175   1.632056573219742e-10
   176   1.566447943579519e-10
   177   1.492428819416247e-10
   178   1.401407462298110e-10
   179   1.351262712834256e-10
   180   1.265783033943535e-10
[TRUERES]    180  1.265783033943535e-10  1.268766341988581e-10
   181   1.173703911838686e-10
   182   1.105380301180681e-10
   183   1.006610142462172e-10
   184   9.234824710491196e-11
   185   8.519510097393379e-11
   186   7.638463472847690e-11
   187   7.014282904505009e-11
   188   6.365817595277434e-11
   189   5.645058726022611e-11
   190   5.116180742947840e-11
[TRUERES]    190  5.116180742947840e-11  5.147327356014308e-11
   191   4.564004035811919e-11
   192   4.085003516007824e-11
   193   3.756763997109225e-11
   194   3.397892731071828e-11
   195   3.126244402240630e-11
   196   2.922673908445361e-11
   197   2.673899816840741e-11
   198   2.507490395875500e-11
   199   2.354499234469287e-11
   200   2.168041787764530e-11
[TRUERES]    200  2.168041787764530e-11  2.202733828671199e-11
   201   2.046179198300635e-11
   202   1.901395881021006e-11
   203   1.750001185629735e-11
   204   1.645339073319541e-11
   205   1.507171991377287e-11
   206   1.385473680226568e-11
   207   1.292893830190378e-11
   208   1.180089359564818e-11
   209   1.098770380236758e-11
   210   1.028193415825163e-11
[TRUERES]    210  1.028193415825163e-11  1.064593291993932e-11
   211   9.429654973525103e-12
   212   8.859086207679834e-12
   213   8.257261194244414e-12
   214   7.628159388872735e-12
   215   7.226789479342077e-12
   216   6.753664467951115e-12
   217   6.358838802733580e-12
   218   6.102973161559166e-12
   219   5.723415665015441e-12
   220   5.436659802904309e-12
[TRUERES]    220  5.436659802904309e-12  5.825038802004245e-12
   221   5.193471520892334e-12
   222   4.865094872102960e-12
   223   4.650239394943245e-12
   224   4.411575705437487e-12
   225   4.113823864893007e-12
   226   3.915430913520312e-12
   227   3.656299221721504e-12
   228   3.401043335848897e-12
   229   3.216243677633956e-12
   230   2.976365248014146e-12
[TRUERES]    230  2.976365248014146e-12  3.401450345344448e-12
   231   2.795379162520706e-12
   232   2.664009421046720e-12
   233   2.500285352022291e-12
   234   2.398629472127878e-12
   235   2.294448702214180e-12
   236   2.158435105995005e-12
   237   2.066156273849984e-12
   238   1.938178784133271e-12
   239   1.795418956736239e-12
   240   1.674523475610201e-12
[TRUERES]    240  1.674523475610201e-12  2.085146074901068e-12
   241   1.510418634782795e-12
   242   1.358325778244573e-12
   243   1.225277691807580e-12
   244   1.079960882006958e-12
   245   9.706073835283324e-13
   246   8.744443428902737e-13
   247   7.791844968720041e-13
   248   7.084737527543461e-13
   249   6.362163400275289e-13
   250   5.694394066523001e-13
[TRUERES]    250  5.694394066523001e-13  1.026550155644457e-12
   251   5.227902529283956e-13
   252   4.747900206672484e-13
   253   4.346429357919568e-13
   254   4.032976752034456e-13
   255   3.674544121669981e-13
   256   3.396380941246557e-13
   257   3.155105842388151e-13
   258   2.890722871577017e-13
   259   2.719172001279524e-13
   260   2.553004194768421e-13
[TRUERES]    260  2.553004194768421e-13  7.393661420954101e-13
   261   2.370801309176801e-13
   262   2.229181059578214e-13
   263   2.053456417492466e-13
   264   1.884791964428673e-13
   265   1.754759532124339e-13
   266   1.604417418149193e-13
   267   1.485972261038027e-13
   268   1.385371445382713e-13
   269   1.269605893940845e-13
   270   1.188622361343941e-13
[TRUERES]    270  1.188622361343941e-13  6.284582771722003e-13
   271   1.109954345774287e-13
   272   1.025795456064717e-13
   273   9.680962493241116e-14
   274   9.048516195217862e-14
   275   8.477370688026939e-14
   276   8.076165062230467e-14
   277   7.529502872973340e-14
   278   7.039413675450149e-14
   279   6.576666023837968e-14
   280   5.985224251978116e-14
[TRUERES]    280  5.985224251978116e-14  5.858003969058667e-13
   281   5.492705763962200e-14
   282   5.020025126384157e-14
   283   4.532771456355195e-14
   284   4.177985607760511e-14
   285   3.819363038727944e-14
   286   3.487854671963345e-14
   287   3.244943240976114e-14
   288   2.975847311083822e-14
   289   2.752429835157881e-14
   290   2.579982228019789e-14
[TRUERES]    290  2.579982228019789e-14  6.260698882064319e-13
   291   2.386339823662320e-14
   292   2.238062471080719e-14
   293   2.107323782704965e-14
   294   1.967379032038682e-14
   295   1.870184203626914e-14
   296   1.757503241247085e-14
   297   1.641513429362102e-14
   298   1.557749494175177e-14
   299   1.458677640752293e-14
   300   1.370174725632070e-14
[TRUERES]    300  1.370174725632070e-14  6.695649893903588e-13
   301   1.297896133693440e-14
   302   1.208089804273981e-14
   303   1.138052376810491e-14
   304   1.078825122633039e-14
   305   1.008055858703122e-14
   306   9.556832186513251e-15
   307   8.968334870584644e-15
   308   8.283706091406252e-15
   309   7.714279722285076e-15
   310   7.028763676094436e-15
[TRUERES]    310  7.028763676094436e-15  7.035053420888226e-13
   311   6.365456410264330e-15
   312   5.809668965659842e-15
   313   5.209356810666459e-15
   314   4.700506426284648e-15
   315   4.240778870645903e-15
   316   3.748720067410461e-15
   317   3.345271498369660e-15
   318   2.976604643241962e-15
   319   2.635118016600471e-15
   320   2.383106656551003e-15
[TRUERES]    320  2.383106656551003e-15  7.298640858355299e-13
   321   2.136680208239257e-15
   322   1.922495010273561e-15
   323   1.758330072458548e-15
   324   1.586101910381265e-15
   325   1.444170105124019e-15
   326   1.325685230637956e-15
   327   1.204511450060835e-15
   328   1.105788701267162e-15
   329   1.012463140534275e-15
   330   9.163359124492263e-16
[TRUERES]    330  9.163359124492263e-16  7.498763437453759e-13
   331   8.411257924197081e-16
   332   7.650690629594091e-16
   333   6.918655110423771e-16
   334   6.338251194306179e-16
   335   5.711053472413116e-16
   336   5.177534947508418e-16
   337   4.724947244340316e-16
   338   4.249080693501502e-16
   339   3.862355095938342e-16
   340   3.514424136755022e-16
[TRUERES]    340  3.514424136755022e-16  7.582470892483761e-13
   341   3.158353455646383e-16
   342   2.877248631441098e-16
   343   2.608056002149965e-16
   344   2.351081293727384e-16
   345   2.150525994083533e-16
   346   1.935921329520489e-16
   347   1.739977330181050e-16
   348   1.574894182181433e-16
   349   1.400987862547182e-16
   350   1.251540678056084e-16
[TRUERES]    350  1.251540678056084e-16  7.637192744533450e-13
   351   1.114791046839919e-16
   352   9.770171675020672e-17
   353   8.667470435316031e-17
   354   7.670426629614014e-17
   355   6.775303386779351e-17
   356   6.108978963121345e-17
   357   5.486873629776954e-17
   358   4.959876861519420e-17
   359   4.556665024952487e-17
   360   4.140160395941826e-17
[TRUERES]    360  4.140160395941826e-17  7.696717070106163e-13
   361   3.784416484262371e-17
   362   3.483373695618802e-17
   363   3.166583373345694e-17
   364   2.920328065393962e-17
   365   2.696958528885858e-17
   366   2.480623336306904e-17
   367   2.321753373498745e-17
   368   2.167825649414467e-17
   369   2.022415569533770e-17
   370   1.915275000692839e-17
[TRUERES]    370  1.915275000692839e-17  7.857683145644223e-13
   371   1.788097305001791e-17
   372   1.677489525905283e-17
   373   1.591438092217514e-17
   374   1.497948154153301e-17
   375   1.436076036951069e-17
   376   1.385473842004567e-17
   377   1.329201406677074e-17
   378   1.295960326581018e-17
   379   1.255414000905200e-17
   380   1.215826625713515e-17
[TRUERES]    380  1.215826625713515e-17  7.915404985105179e-13
   381   1.193004712613177e-17
   382   1.151923035644915e-17
   383   1.111599386989996e-17
   384   1.071145705542784e-17
   385   1.007911800898106e-17
   386   9.483613315211274e-18
   387   8.871598096414927e-18
   388   8.181353098366991e-18
   389   7.638155170631993e-18
   390   7.084876392771812e-18
[TRUERES]    390  7.084876392771812e-18  7.920539224492984e-13
   391   6.549759192440845e-18
   392   6.128344998340498e-18
   393   5.651538240930232e-18
   394   5.214739728207318e-18
   395   4.843642930768572e-18
   396   4.444978271464965e-18
   397   4.138447470329351e-18
   398   3.876010358926490e-18
   399   3.594480264624680e-18
   400   3.374350753216915e-18
[TRUERES]    400  3.374350753216915e-18  8.032634345005174e-13
   401   3.153084488852349e-18
   402   2.923848132490681e-18
   403   2.749811192765903e-18
   404   2.563336144965317e-18
   405   2.385945608242095e-18
   406   2.239505895293923e-18
   407   2.080149757080736e-18
   408   1.950061543686359e-18
   409   1.841253585525674e-18
   410   1.722456490890222e-18
[TRUERES]    410  1.722456490890222e-18  8.073371073231972e-13
   411   1.634539496087447e-18
   412   1.548569064061162e-18
   413   1.459627399274587e-18
   414   1.397917657626600e-18
   415   1.331277299142337e-18
   416   1.263074086288232e-18
   417   1.207170428757331e-18
   418   1.135312628559390e-18
   419   1.065574168488387e-18
   420   9.981572942040900e-19
[TRUERES]    420  9.981572942040900e-19  8.008001813747390e-13
   421   9.232322048972258e-19
   422   8.611114578823763e-19
   423   8.024111543992218e-19
   424   7.420900939033463e-19
   425   6.945187817790568e-19
   426   6.460551485689757e-19
   427   5.985476327494294e-19
   428   5.602812753357489e-19
   429   5.195880734024145e-19
   430   4.823180033377658e-19
[TRUERES]    430  4.823180033377658e-19  8.028324641369544e-13
   431   4.502969629464373e-19
   432   4.134902432717891e-19
   433   3.810395342510275e-19
   434   3.515560771838585e-19
   435   3.215057429031493e-19
   436   2.987076887936046e-19
   437   2.778610054478608e-19
   438   2.583693214936612e-19
   439   2.438529996769974e-19
   440   2.283604237917620e-19
[TRUERES]    440  2.283604237917620e-19  8.038745450550389e-13
   441   2.142076607790124e-19
   442   2.033256086823886e-19
   443   1.911151949948842e-19
   444   1.812507172233684e-19
   445   1.728385101135543e-19
   446   1.632684698660162e-19
   447   1.564148519760110e-19
   448   1.498738049599743e-19
   449   1.426514583872265e-19
   450   1.367925768826046e-19
[TRUERES]    450  1.367925768826046e-19  8.045683802353210e-13
   451   1.295866188257431e-19
   452   1.219178402914610e-19
   453   1.148920654364683e-19
   454   1.066641580445401e-19
   455   9.899194800318568e-20
   456   9.170367255067802e-20
   457   8.327207193290869e-20
   458   7.574486406799539e-20
   459   6.842312011242201e-20
   460   6.088628981053924e-20
[TRUERES]    460  6.088628981053924e-20  8.045851853689945e-13
   461   5.430257190712216e-20
   462   4.779207241261310e-20
   463   4.172501927461489e-20
   464   3.660280672895683e-20
   465   3.165800503764579e-20
   466   2.744709672660256e-20
   467   2.390381848953051e-20
   468   2.061579817285210e-20
   469   1.796206867404987e-20
   470   1.571276102453932e-20
[TRUERES]    470  1.571276102453932e-20  8.046938224266775e-13
   471   1.367000619009694e-20
   472   1.207137787434878e-20
   473   1.065003762832546e-20
   474   9.433831711866757e-21
   475   8.521420800065224e-21
   476   7.683905276616685e-21
   477   6.985335901237881e-21
   478   6.427701057793851e-21
   479   5.878203118949671e-21
   480   5.438474228433908e-21
[TRUERES]    480  5.438474228433908e-21  8.047044476079679e-13
   481   5.082053088477319e-21
   482   4.724184382448762e-21
   483   4.458765226776510e-21
   484   4.213649962409454e-21
   485   3.964338210462111e-21
   486   3.749831859933785e-21
   487   3.495616397138295e-21
   488   3.239299459378394e-21
   489   3.015452187938684e-21
   490   2.767952922807177e-21
[TRUERES]    490  2.767952922807177e-21  8.047268363828297e-13
   491   2.543531108192976e-21
   492   2.343986710111630e-21
   493   2.138131828685298e-21
   494   1.962271937986817e-21
   495   1.793012326575463e-21
   496   1.619098107657168e-21
   497   1.469159908625211e-21
   498   1.318425931955617e-21
   499   1.179917204102383e-21
   500   1.064879423207754e-21
[TRUERES]    500  1.064879423207754e-21  8.047330163352129e-13
   501   9.507634357472065e-22
   502   8.543712469390283e-22
   503   7.714524994694373e-22
   504   6.902860077078467e-22
   505   6.242139970253128e-22
   506   5.655942858946422e-22
   507   5.118448631532868e-22
   508   4.715158198105899e-22
   509   4.349081299695209e-22
   510   4.025046774782709e-22
[TRUERES]    510  4.025046774782709e-22  8.047222827337053e-13
   511   3.776296590825688e-22
   512   3.511758838909171e-22
   513   3.269489936149445e-22
   514   3.064778133107441e-22
   515   2.850702488011591e-22
   516   2.676174396469515e-22
   517   2.516552368157005e-22
   518   2.349575884288429e-22
   519   2.220679546472171e-22
   520   2.094268814704956e-22
[TRUERES]    520  2.094268814704956e-22  8.047231500954433e-13
   521   1.973138149857439e-22
   522   1.884612052855792e-22
   523   1.795601532149467e-22
   524   1.724386577505224e-22
   525   1.673047257357951e-22
   526   1.602292871264613e-22
   527   1.531572185309146e-22
   528   1.451521988526428e-22
   529   1.346491154339130e-22
   530   1.248930517379913e-22
[TRUERES]    530  1.248930517379913e-22  8.047219032629449e-13
   531   1.149182653120444e-22
   532   1.047154854627141e-22
   533   9.589110436118188e-23
   534   8.707146904685544e-23
   535   7.918862814558430e-23
   536   7.297011967126121e-23
   537   6.654749817087761e-23
   538   6.073053882997374e-23
   539   5.532556051909973e-23
   540   4.953900072203945e-23
[TRUERES]    540  4.953900072203945e-23  8.047211985315328e-13
   541   4.441901892356007e-23
   542   3.961536403718707e-23
   543   3.503572355979149e-23
   544   3.136043637958490e-23
   545   2.795539401284530e-23
   546   2.483738184191399e-23
   547   2.218402294365415e-23
   548   1.955480318909408e-23
   549   1.727097987099778e-23
Error at ASolver_CG<Afield<float,ACCEL> >: not converged
  iter(final):      550   1.727097987099778e-23
converged:
  nconv = -1
    0    0       -1     3.1028e-14     4.3786e-13
ASolver_CGNR<Afield<float,ACCEL> >: solver starts
  mode_prev = D
  snorm =  2.596890830993652e+01
ASolver_CG solve_CG_init: m_x.nin() = 192, m_s.nin() = 192
  init:  8.328338265419006e-01
     0   4.272561892867088e-02
[TRUERES]      0  4.272561892867088e-02  4.272561892867088e-02
     1   1.339296158403158e-02
     2   1.042450871318579e-02
     3   3.283625235781074e-03
     4   1.782056177034974e-03
     5   1.409698044881225e-03
     6   6.156458985060453e-04
     7   4.198582610115409e-04
     8   3.184597590006888e-04
     9   1.713375822873786e-04
    10   1.426985836587846e-04
[TRUERES]     10  1.426985836587846e-04  1.426985691068694e-04
    11   1.076546395779587e-04
    12   6.866596231702715e-05
    13   6.133343413239345e-05
    14   4.447801620699465e-05
    15   3.163101791869849e-05
    16   2.908959322667215e-05
    17   2.104136001435108e-05
    18   1.723674540698994e-05
    19   1.609942046343349e-05
    20   1.219357091031270e-05
[TRUERES]     20  1.219357091031270e-05  1.219356545334449e-05
    21   1.118388536269777e-05
    22   1.024518678605091e-05
    23   8.049079951888416e-06
    24   7.686516255489551e-06
    25   6.673991265415680e-06
    26   5.483301265485352e-06
    27   5.317888280842453e-06
    28   4.454746886040084e-06
    29   3.837460099020973e-06
    30   3.639402166299988e-06
[TRUERES]     30  3.639402166299988e-06  3.639400347310584e-06
    31   2.950321004391299e-06
    32   2.631965799082536e-06
    33   2.433462896078709e-06
    34   1.997359959204914e-06
    35   1.872774760158791e-06
    36   1.699883455330564e-06
    37   1.453440177101584e-06
    38   1.431261125617311e-06
    39   1.297851781600912e-06
    40   1.183432004836504e-06
[TRUERES]     40  1.183432004836504e-06  1.183434847007447e-06
    41   1.188968553833547e-06
    42   1.067850689651095e-06
    43   1.011545919027412e-06
    44   9.972395673685241e-07
    45   8.798616590866004e-07
    46   8.452296924588154e-07
    47   7.903018399701978e-07
    48   6.846083806522074e-07
    49   6.515019776998088e-07
    50   5.806942908748169e-07
[TRUERES]     50  5.806942908748169e-07  5.806942908748169e-07
    51   5.084712597636099e-07
    52   4.839500888920156e-07
    53   4.242833426815196e-07
    54   3.839259932192363e-07
    55   3.635547898284130e-07
    56   3.157298351652571e-07
    57   2.941930006272742e-07
    58   2.751332317529886e-07
    59   2.418664450942742e-07
    60   2.307714908056369e-07
[TRUERES]     60  2.307714908056369e-07  2.307710076365765e-07
    61   2.114322796842316e-07
    62   1.889136171939754e-07
    63   1.822649409177757e-07
