Bridge++ 2.0.0

input filename : main.yaml

file = main.yaml

Lattice parameters:
  Lx = 16,  Ly = 16,  Lz = 16,  Lt = 16,
  Nx = 16,  Ny = 16,  Nz = 16,  Nt = 16,
  NPEx = 1,  NPEy  = 1,  NPEz  = 1,  NPEt  = 1,
  Lvol = 65536,  Nvol = 65536,  NPE = 1,
  Ndim = 4
  Nc   = 3
  Nd   = 4

ThreadManager: initialization
Warning at ThreadManager: Nthread(env) != Nthread(input)
  Number of threads(env)   = 2
  Number of threads(input) = 1
  reset Nthread = Nthread(input).
  Number of threads = 1
Main: input parameters
  lattice_size     = [16, 16, 16, 16]
  grid_size        = [1, 1, 1, 1]
  number of thread = 1
  number of color  = 3
  logfile          = stdout
  ildg_logfile     = stdout
  vlevel           = General

Alt_Accel code is being setup.
DeviceManager_CUDA: being initialized.
  process_id = 0
  number of devices = 1
  device_id = 0  is used on process = 0
------------------------------------------------
Alt_Accel: Factory entries
------------------------------------------------
AFopr<double, ACCEL> >(void):
AFopr<double, ACCEL>(Parameters&):
	Clover
	CloverTerm
	Clover_dd
	Domainwall
	Domainwall_5din
	Domainwall_5din_dd
	Domainwall_5din_eo
	Domainwall_eo
	Wilson
	Wilson_dd
AFopr<double, ACCEL>(Fopr*):
	Domainwall
AFopr<double, ACCEL>(Fopr*, Director*):
AFopr<float, ACCEL> >(void):
AFopr<float, ACCEL>(Parameters&):
	Clover
	CloverTerm
	Clover_dd
	Domainwall
	Domainwall_5din
	Domainwall_5din_dd
	Domainwall_5din_eo
	Domainwall_eo
	Wilson
	Wilson_dd
AFopr<float, ACCEL>(Fopr*):
	Domainwall
AFopr<float, ACCEL>(Fopr*, Director*):
AEigensolver<AField<float, ACCEL> >, Afopr>(Fopr*):
	IRArnoldi
	IRLanczos
------------------------------------------------
Timer: timestamp: 2026/06/05 22:19:58 +0900
file = test_alt_Spectrum_Domainwall_5din_Hadron2ptFunction.yaml

--------------------------------------------------------------------
test name: Spectrum_Domainwall_alt.hadron_2ptFunction
test file: test_alt_Spectrum_Domainwall_5din_Hadron2ptFunction.yaml
test mode: float_eo
file = test_alt_Spectrum_Domainwall_5din_Hadron2ptFunction.yaml
  vlevel       = General
  source_type  = Local
Smearing parameters (assumes APE-Stout):
   proj_type:  Stout_SU3
   smear_type: APE
   rho_uniform: 0.100000
   number_of_smearing: 0
  vlevel       = General

Configuration setup:
  gconf_status = Continue
  gconf_read   = Text_4x4x4x8
  readfile     = ./conf_04040408.txt
  plaq = 0.625130

Gauge fixing:
  Gauge fixing type = None
Parameters: get_string: key 'filename_output' not found.
Elapsed time: calc_plqauette: total         0.35 sec, count    1, average         0.35 sec
plaquette (before smearing):       0.625129946974939
applying smearing
Smear_APE:
  rho =   0.1000
Director_Smear:
  Nsmear = 0
Parameters: get_string: key 'filename_output' not found.
Elapsed time: calc_plqauette: total         0.32 sec, count    1, average         0.32 sec
Elapsed time: smearig: total         0.33 sec, count    1, average         0.33 sec
plaquette (after smearing):        0.625129946974939
  gmset_type   = Dirac
Gamma matrix: dirac representation.
Fopr_Domainwall: construction
  Imp::Fopr_Wilson: construction
    Gauge group implementation: SU(3)
    Imp::Fopr_Wilson: input parameters
      gamma-matrix type = Dirac
      kappa  =   0.20833333
      boundary[0] =  1
      boundary[1] =  1
      boundary[2] =  1
      boundary[3] = -1
  Imp::Fopr_Wilson: construction finished.
  Fopr_Domainwall: input parameters
    mq   =   0.0500
    M0   =   1.6000
    Ns   =    8
    boundary[0] =  1
    boundary[1] =  1
    boundary[2] =  1
    boundary[3] = -1
    coefficients:
    b[ 0] =     1.5000000000  c[ 0] =     0.5000000000
    b[ 1] =     1.5000000000  c[ 1] =     0.5000000000
    b[ 2] =     1.5000000000  c[ 2] =     0.5000000000
    b[ 3] =     1.5000000000  c[ 3] =     0.5000000000
    b[ 4] =     1.5000000000  c[ 4] =     0.5000000000
    b[ 5] =     1.5000000000  c[ 5] =     0.5000000000
    b[ 6] =     1.5000000000  c[ 6] =     0.5000000000
    b[ 7] =     1.5000000000  c[ 7] =     0.5000000000
Fopr_Domainwall: construction finished.
Fopr_Domainwall: input parameters
  mq   =   0.0500
  M0   =   1.6000
  Ns   =    8
  boundary[0] =  1
  boundary[1] =  1
  boundary[2] =  1
  boundary[3] = -1
  coefficients:
  b[ 0] =     1.5000000000  c[ 0] =     0.5000000000
  b[ 1] =     1.5000000000  c[ 1] =     0.5000000000
  b[ 2] =     1.5000000000  c[ 2] =     0.5000000000
  b[ 3] =     1.5000000000  c[ 3] =     0.5000000000
  b[ 4] =     1.5000000000  c[ 4] =     0.5000000000
  b[ 5] =     1.5000000000  c[ 5] =     0.5000000000
  b[ 6] =     1.5000000000  c[ 6] =     0.5000000000
  b[ 7] =     1.5000000000  c[ 7] =     0.5000000000
Imp::Fopr_Wilson: construction
  Gauge group implementation: SU(3)
  Imp::Fopr_Wilson: input parameters
    gamma-matrix type = Dirac
    kappa  =   0.20833333
    boundary[0] =  1
    boundary[1] =  1
    boundary[2] =  1
    boundary[3] = -1
Imp::Fopr_Wilson: construction finished.
Source for spinor field - local:
  source_position[0] = 0
  source_position[1] = 0
  source_position[2] = 0
  source_position[3] = 0

Check of fermion operator (even-odd)
norm of source vector: 1.000000
AFopr_Domainwall_5din_eo<AField<float,ACCEL> >: construction
  do_comm[0] = 0
  do_comm[1] = 0
  do_comm[2] = 0
  do_comm[3] = 0
    extended_precision = true
    su3_reconstruction = false
  AFopr_Domainwall_5din_eo<AField<float,ACCEL> >: input parameters
    gamma matrix repr.:  Dirac
    code implementation: 5d
    mq   =   0.0500
    M0   =   1.6000
    Ns   =    8
    boundary[0] =  1
    boundary[1] =  1
    boundary[2] =  1
    boundary[3] = -1
    coefficients:
      b[ 0] =     1.5000000000  c[ 0] =     0.5000000000
      b[ 1] =     1.5000000000  c[ 1] =     0.5000000000
      b[ 2] =     1.5000000000  c[ 2] =     0.5000000000
      b[ 3] =     1.5000000000  c[ 3] =     0.5000000000
      b[ 4] =     1.5000000000  c[ 4] =     0.5000000000
      b[ 5] =     1.5000000000  c[ 5] =     0.5000000000
      b[ 6] =     1.5000000000  c[ 6] =     0.5000000000
      b[ 7] =     1.5000000000  c[ 7] =     0.5000000000
    alpha =   1.0000
convert required.
convert performed.

[D check]
norm2(abq) = 1.000000
norm2(y5)  = 114.967735
norm2(z5)  = 114.967728
norm2(axq) = 114.967728
diff2 = 0.000000
Elapsed time: afopr_Domainwall_5din_eo: Deo & dagger   : total         0.00 sec, count    2, average         0.00 sec
Elapsed time: afopr_Domainwall_5din_eo: Dee_inv & dag  : total         0.00 sec, count   18, average         0.00 sec
Elapsed time: afopr_Domainwall_5din_eo: clear          : total         0.00 sec, count    0, average         0.00 sec
Elapsed time: afopr_Domainwall_5din_eo: pack           : total         0.00 sec, count    0, average         0.00 sec
Elapsed time: afopr_Domainwall_5din_eo: bulk           : total         0.00 sec, count    2, average         0.00 sec
Elapsed time: afopr_Domainwall_5din_eo: boundary       : total         0.00 sec, count    0, average         0.00 sec
Elapsed time: afopr_Domainwall_5din_eo: comm           : total         0.00 sec, count    0, average         0.00 sec
Elapsed time: afopr_Domainwall_5din_eo: comm_recv_wait : total         0.00 sec, count    0, average         0.00 sec
Elapsed time: afopr_Domainwall_5din_eo: comm_send_wait : total         0.00 sec, count    0, average         0.00 sec
Elapsed time: afopr_Domainwall_5din_eo: comm_recv_start: total         0.00 sec, count    0, average         0.00 sec
Elapsed time: afopr_Domainwall_5din_eo: comm_send_start: total         0.00 sec, count    0, average         0.00 sec
Elapsed time: afopr_Domainwall_5din_eo: comm_test_all  : total         0.00 sec, count    0, average         0.00 sec

Fprop_alt_Standard_eo<Afield<float,ACCEL> >: being setup (without link smearing).
  AFopr_Domainwall_5din_eo<AField<float,ACCEL> >: construction
    do_comm[0] = 0
    do_comm[1] = 0
    do_comm[2] = 0
    do_comm[3] = 0
      extended_precision = true
      su3_reconstruction = false
    AFopr_Domainwall_5din_eo<AField<float,ACCEL> >: input parameters
      gamma matrix repr.:  Dirac
      code implementation: 5d
      mq   =   0.0500
      M0   =   1.6000
      Ns   =    8
      boundary[0] =  1
      boundary[1] =  1
      boundary[2] =  1
      boundary[3] = -1
      coefficients:
        b[ 0] =     1.5000000000  c[ 0] =     0.5000000000
        b[ 1] =     1.5000000000  c[ 1] =     0.5000000000
        b[ 2] =     1.5000000000  c[ 2] =     0.5000000000
        b[ 3] =     1.5000000000  c[ 3] =     0.5000000000
        b[ 4] =     1.5000000000  c[ 4] =     0.5000000000
        b[ 5] =     1.5000000000  c[ 5] =     0.5000000000
        b[ 6] =     1.5000000000  c[ 6] =     0.5000000000
        b[ 7] =     1.5000000000  c[ 7] =     0.5000000000
      alpha =   1.0000
  ASolver_CGNR<Afield<float,ACCEL> >:
  ASolver_CG<Afield<float,ACCEL> >:
    Precision: float
    Niter     = 550
    Stop_cond =   0.00000000e+00
    init_guess_mode: 0
    true_residual_interval = 10 (logging [TRUERES])
    refinement_iterations = 0
Fprop_alt_Standard_eo<Afield<float,ACCEL> >: setup finished.

Fprop_alt_Standard_eo<Afield<float,ACCEL> >: mult performance:
  mult mode = Dee_inv
  Number of mult =                400
  Elapsed time   =       0.303069 sec
  Flop(Fopr)     =           62914560
  Flop(total)    =        25165824000
  Performance    =      83.037 GFlops

Fprop_alt_Standard_eo<Afield<float,ACCEL> >: mult performance:
  mult mode = Doe
  Number of mult =                400
  Elapsed time   =       1.789299 sec
  Flop(Fopr)     =          390070272
  Flop(total)    =       156028108800
  Performance    =      87.201 GFlops

Fprop_alt_Standard_eo<Afield<float,ACCEL> >: mult performance:
  mult mode = D
  Number of mult =                400
  Elapsed time   =       4.358452 sec
  Flop(Fopr)     =          912261120
  Flop(total)    =       364904448000
  Performance    =      83.723 GFlops

Fprop_alt_Standard_eo<Afield<float,ACCEL> >: mult performance:
  mult mode = Ddag
  Number of mult =                400
  Elapsed time   =       4.499409 sec
  Flop(Fopr)     =          912261120
  Flop(total)    =       364904448000
  Performance    =      81.101 GFlops

Fprop_alt_Standard_eo<Afield<float,ACCEL> >: mult performance:
  mult mode = DdagD
  Number of mult =                400
  Elapsed time   =       9.134549 sec
  Flop(Fopr)     =         1824522240
  Flop(total)    =       729808896000
  Performance    =      79.895 GFlops

Solving quark propagator:
  color spin   Nconv      diff           diff2
ASolver_CGNR<Afield<float,ACCEL> >: solver starts
  mode_prev = D
  b2 size is reset.
  snorm =  2.593544197082520e+01
  init:  8.330510258674622e-01
     0   4.465764388442039e-02
[TRUERES]      0  4.465764388442039e-02  4.465764388442039e-02
     1   1.504939142614603e-02
     2   1.241287589073181e-02
     3   3.970550838857889e-03
     4   2.214932581409812e-03
     5   1.787889515981078e-03
     6   8.042349363677204e-04
     7   5.817194469273090e-04
     8   4.452349094208330e-04
     9   2.478116366546601e-04
    10   2.128302439814433e-04
[TRUERES]     10  2.128302439814433e-04  2.128302439814433e-04
    11   1.593963388586417e-04
    12   1.053159794537351e-04
    13   9.784338908502832e-05
    14   7.082793308654800e-05
    15   5.283554492052644e-05
    16   4.984621409676038e-05
    17   3.621275027398951e-05
    18   3.058920992771164e-05
    19   2.814821891661268e-05
    20   2.089283589157276e-05
[TRUERES]     20  2.089283589157276e-05  2.089283589157276e-05
    21   1.896660614875145e-05
    22   1.679877095739357e-05
    23   1.330203122051898e-05
    24   1.297551534662489e-05
    25   1.121728928410448e-05
    26   9.379718903801404e-06
    27   9.085485544346739e-06
    28   7.445623850799166e-06
    29   6.485461653937818e-06
    30   6.097893674450461e-06
[TRUERES]     30  6.097893674450461e-06  6.097893674450461e-06
    31   4.948559308104450e-06
    32   4.541775524558034e-06
    33   4.183470537100220e-06
    34   3.493137455734541e-06
    35   3.365813654454541e-06
    36   3.047092377528315e-06
    37   2.681379555724561e-06
    38   2.695293460419634e-06
    39   2.465722900524270e-06
    40   2.331436689928523e-06
[TRUERES]     40  2.331436689928523e-06  2.331436689928523e-06
    41   2.378206090725143e-06
    42   2.156373966499814e-06
    43   2.084342668240424e-06
    44   2.040461140495609e-06
    45   1.807558760447137e-06
    46   1.769029040588066e-06
    47   1.656097992963623e-06
    48   1.471872678848740e-06
    49   1.437426021766441e-06
    50   1.301213615079178e-06
[TRUERES]     50  1.301213615079178e-06  1.301213615079178e-06
    51   1.185011228699295e-06
    52   1.160993292614876e-06
    53   1.037731635733508e-06
    54   9.699379006633535e-07
    55   9.307815389547613e-07
    56   8.244495006692887e-07
    57   7.910713293313165e-07
    58   7.451202463926165e-07
    59   6.644829682045383e-07
    60   6.419954843295272e-07
[TRUERES]     60  6.419954843295272e-07  6.419954843295272e-07
    61   5.864155809831573e-07
    62   5.304114552018291e-07
    63   5.141872065905773e-07
    64   4.619963362983981e-07
    65   4.261720789600076e-07
    66   4.064756069510622e-07
    67   3.607822804951866e-07
    68   3.414653235722653e-07
    69   3.235761880659993e-07
    70   2.924159332451381e-07
[TRUERES]     70  2.924159332451381e-07  2.924159332451381e-07
    71   2.849618283562450e-07
    72   2.683289608285122e-07
    73   2.481968692791270e-07
    74   2.449424982842174e-07
    75   2.283336755226628e-07
    76   2.167766552929606e-07
    77   2.144366249012819e-07
    78   1.997818799281958e-07
    79   1.948079386693280e-07
    80   1.916880876251525e-07
[TRUERES]     80  1.916880876251525e-07  1.916880876251525e-07
    81   1.789642851690587e-07
    82   1.766751722698245e-07
    83   1.694802307383725e-07
    84   1.573974799384814e-07
    85   1.537936640261250e-07
    86   1.424387221504730e-07
    87   1.323183624890589e-07
    88   1.280646699797217e-07
    89   1.168426919662124e-07
    90   1.093242119054594e-07
[TRUERES]     90  1.093242119054594e-07  1.093242119054594e-07
    91   1.033033143471584e-07
    92   9.218308605341008e-08
    93   8.607798207549422e-08
    94   7.933867607334832e-08
    95   7.109996857934675e-08
    96   6.725322521106136e-08
    97   6.133473107183818e-08
    98   5.560655225167466e-08
    99   5.269919611805562e-08
   100   4.763304772836818e-08
[TRUERES]    100  4.763304772836818e-08  4.763304772836818e-08
   101   4.392234131955775e-08
   102   4.136971298862591e-08
   103   3.712134954980684e-08
   104   3.458546160572951e-08
   105   3.202728748874506e-08
   106   2.868079107543053e-08
   107   2.692049960728582e-08
   108   2.462358317245616e-08
   109   2.238400220733183e-08
   110   2.135013588144830e-08
[TRUERES]    110  2.135013588144830e-08  2.135013588144830e-08
   111   1.976685659599298e-08
   112   1.872158605920049e-08
   113   1.832891527442371e-08
   114   1.720659525972223e-08
   115   1.667653215520204e-08
   116   1.614149347517468e-08
   117   1.504964153298260e-08
   118   1.455034670527766e-08
   119   1.372388425124882e-08
   120   1.267702121054981e-08
[TRUERES]    120  1.267702121054981e-08  1.267702121054981e-08
   121   1.212383793358640e-08
   122   1.115592240807928e-08
   123   1.030403051771600e-08
   124   9.776890408375039e-09
   125   8.882548030442194e-09
   126   8.223729253131751e-09
   127   7.616743680216587e-09
   128   6.777270300517557e-09
   129   6.241327898948157e-09
   130   5.675799830129336e-09
[TRUERES]    130  5.675799830129336e-09  5.675799830129336e-09
   131   5.077846587653312e-09
   132   4.753332394358267e-09
   133   4.362115113565324e-09
   134   4.019854671355461e-09
   135   3.823260374957727e-09
   136   3.500391532185176e-09
   137   3.249967406304677e-09
   138   3.039553275741014e-09
   139   2.733654635989069e-09
   140   2.532278386979669e-09
[TRUERES]    140  2.532278386979669e-09  2.532278386979669e-09
   141   2.332954052164382e-09
   142   2.109802110794590e-09
   143   1.980963171277494e-09
   144   1.827975437684870e-09
   145   1.675298011427628e-09
   146   1.588207676483933e-09
   147   1.459386944624441e-09
   148   1.357053247552642e-09
   149   1.280463512998153e-09
   150   1.166344909542261e-09
[TRUERES]    150  1.166344909542261e-09  1.166344909542261e-09
   151   1.088837686680222e-09
   152   1.017089190646914e-09
   153   9.310022197617229e-10
   154   8.817723773368868e-10
   155   8.201058721013510e-10
   156   7.518038969145380e-10
   157   7.083258979356799e-10
   158   6.499191740338972e-10
   159   6.019036935533961e-10
   160   5.677582293195371e-10
[TRUERES]    160  5.677582293195371e-10  5.677582293195371e-10
   161   5.180927353798381e-10
   162   4.814271759023825e-10
   163   4.469952186170190e-10
   164   4.034715617162732e-10
   165   3.734376974318110e-10
   166   3.401205983522004e-10
   167   3.054292374571332e-10
   168   2.823270506269182e-10
   169   2.553987854536643e-10
   170   2.327223691533931e-10
[TRUERES]    170  2.327223691533931e-10  2.327223691533931e-10
   171   2.171897384162236e-10
   172   1.979270775054331e-10
   173   1.849833064504480e-10
   174   1.755889184051895e-10
   175   1.632057544664889e-10
   176   1.566448915024665e-10
   177   1.492429513305638e-10
   178   1.401407878631744e-10
   179   1.351263545501524e-10
   180   1.265784144166560e-10
[TRUERES]    180  1.265784144166560e-10  1.265784144166560e-10
   181   1.173704883283833e-10
   182   1.105381342014766e-10
   183   1.006611113907319e-10
   184   9.234833731053271e-11
   185   8.519520505734235e-11
   186   7.638472493409765e-11
   187   7.014289149509523e-11
   188   6.365824534171338e-11
   189   5.645062889358954e-11
   190   5.116183865450097e-11
[TRUERES]    190  5.116183865450097e-11  5.116183865450097e-11
   191   4.564006117480091e-11
   192   4.085004556841909e-11
   193   3.756764344053920e-11
   194   3.397893424961218e-11
   195   3.126244055295935e-11
   196   2.922673908445361e-11
   197   2.673899816840741e-11
   198   2.507490569347848e-11
   199   2.354500101831025e-11
   200   2.168042481653920e-11
[TRUERES]    200  2.168042481653920e-11  2.168042481653920e-11
   201   2.046180065662373e-11
   202   1.901396748382744e-11
   203   1.750002226463820e-11
   204   1.645340461098321e-11
   205   1.507173552628416e-11
   206   1.385474894533001e-11
   207   1.292895044496811e-11
   208   1.180090400398903e-11
   209   1.098770987389974e-11
   210   1.028194022978379e-11
[TRUERES]    210  1.028194022978379e-11  1.028194022978379e-11
   211   9.429660177695531e-12
   212   8.859092279212000e-12
   213   8.257266398414842e-12
   214   7.628163725681425e-12
   215   7.226793382469898e-12
   216   6.753667070036329e-12
   217   6.358839236414449e-12
   218   6.102973161559166e-12
   219   5.723414797653703e-12
   220   5.436658501861702e-12
[TRUERES]    220  5.436658501861702e-12  5.436658501861702e-12
   221   5.193470219849727e-12
   222   4.865092703698615e-12
   223   4.650236359177162e-12
   224   4.411570934947928e-12
   225   4.113817359679972e-12
   226   3.915422239902933e-12
   227   3.656288379699779e-12
   228   3.401030108582392e-12
   229   3.216227197760935e-12
   230   2.976345515534606e-12
[TRUERES]    230  2.976345515534606e-12  2.976345515534606e-12
   231   2.795358779519863e-12
   232   2.663985134918057e-12
   233   2.500258246967979e-12
   234   2.398601716552262e-12
   235   2.294411839340316e-12
   236   2.158392388429409e-12
   237   2.066106400550050e-12
   238   1.938111129917708e-12
   239   1.795341978381992e-12
   240   1.674426873196633e-12
[TRUERES]    240  1.674426873196633e-12  1.674426873196633e-12
   241   1.510296878878825e-12
   242   1.358196975026482e-12
   243   1.225124710881043e-12
   244   1.079788060180664e-12
   245   9.704284901698723e-13
   246   8.742191540990485e-13
   247   7.789275409571250e-13
   248   7.081849212955960e-13
   249   6.358653837842954e-13
   250   5.690835714992903e-13
[TRUERES]    250  5.690835714992903e-13  5.690835714992903e-13
   251   5.224062285189013e-13
   252   4.743505935267400e-13
   253   4.342136188367068e-13
   254   4.027731652974514e-13
   255   3.668159797177301e-13
   256   3.389491378541498e-13
   257   3.146500800795676e-13
   258   2.881704748956826e-13
   259   2.710298077548273e-13
   260   2.542682861136902e-13
[TRUERES]    260  2.542682861136902e-13  2.542682861136902e-13
   261   2.361026413440215e-13
   262   2.219364828633802e-13
   263   2.041753539242658e-13
   264   1.874207305194511e-13
   265   1.743958032455681e-13
   266   1.593445292163639e-13
   267   1.476814547388128e-13
   268   1.375237949777577e-13
   269   1.260196645386930e-13
   270   1.180894845884822e-13
[TRUERES]    270  1.180894845884822e-13  1.180894845884822e-13
   271   1.101352082449880e-13
   272   1.019243215760572e-13
   273   9.635773624318278e-14
   274   9.004092366452984e-14
   275   8.453641568229378e-14
   276   8.054969587384733e-14
   277   7.502389687144909e-14
   278   7.021245835171080e-14
   279   6.550304325640341e-14
   280   5.956094450108862e-14
[TRUERES]    280  5.956094450108862e-14  5.956094450108862e-14
   281   5.469503159844652e-14
   282   4.990952583942138e-14
   283   4.508825834936316e-14
   284   4.158969718094652e-14
   285   3.798386776008959e-14
   286   3.473592670010656e-14
   287   3.231651938780979e-14
   288   2.960628161900736e-14
   289   2.742904949666006e-14
   290   2.569685864919555e-14
[TRUERES]    290  2.569685864919555e-14  2.569685864919555e-14
   291   2.375766819601513e-14
   292   2.231426137345571e-14
   293   2.098347943969500e-14
   294   1.959537709232771e-14
   295   1.864240065216263e-14
   296   1.750028683707334e-14
   297   1.636525760555490e-14
   298   1.553151121711123e-14
   299   1.451820909044270e-14
   300   1.364660625848739e-14
[TRUERES]    300  1.364660625848739e-14  1.364660625848739e-14
   301   1.291451652920845e-14
   302   1.201373256518729e-14
   303   1.133635099990560e-14
   304   1.073547683855171e-14
   305   1.003597585488543e-14
   306   9.522940704227711e-15
   307   8.925414017081374e-15
   308   8.249697718573992e-15
   309   7.680707571420652e-15
   310   6.986138860606231e-15
[TRUERES]    310  6.986138860606231e-15  6.986138860606231e-15
   311   6.334669727246951e-15
   312   5.776627904453347e-15
   313   5.173178339423334e-15
   314   4.673575013726698e-15
   315   4.211481695066271e-15
   316   3.723256139433629e-15
   317   3.325199993893285e-15
   318   2.954354781783486e-15
   319   2.617933412166575e-15
   320   2.368934101277544e-15
[TRUERES]    320  2.368934101277544e-15  2.368934101277544e-15
   321   2.122047925833676e-15
   322   1.912005142496527e-15
   323   1.748398928789346e-15
   324   1.576334561708239e-15
   325   1.437649645496056e-15
   326   1.318662374593152e-15
   327   1.198004542960027e-15
   328   1.100659281496827e-15
   329   1.005735051955116e-15
   330   9.103344722596928e-16
[TRUERES]    330  9.103344722596928e-16  9.103344722596928e-16
   331   8.359318393267039e-16
   332   7.591289797189923e-16
   333   6.871678133773455e-16
   334   6.293757082982503e-16
   335   5.664847825140394e-16
   336   5.139090239614913e-16
   337   4.681752269799491e-16
   338   4.205879366213572e-16
   339   3.826471074523506e-16
   340   3.476292831052001e-16
[TRUERES]    340  3.476292831052001e-16  3.476292831052001e-16
   341   3.126115646371680e-16
   342   2.850765352251805e-16
   343   2.579782836464005e-16
   344   2.327663215015966e-16
   345   2.127586091940620e-16
   346   1.910456607450269e-16
   347   1.718025015515077e-16
   348   1.552393281333215e-16
   349   1.379520606592410e-16
   350   1.235552269432169e-16
[TRUERES]    350  1.235552269432169e-16  1.235552269432169e-16
   351   1.098660032278400e-16
   352   9.633954880467889e-17
   353   8.557829299483353e-17
   354   7.555571608944291e-17
   355   6.686477423880957e-17
   356   6.040792149122884e-17
   357   5.417107562553007e-17
   358   4.907564966964832e-17
   359   4.507127494172401e-17
   360   4.092402957839955e-17
[TRUERES]    360  4.092402957839955e-17  4.092402957839955e-17
   361   3.750756189031873e-17
   362   3.446886097054598e-17
   363   3.133800882181237e-17
   364   2.895930207790588e-17
   365   2.668785088094547e-17
   366   2.458461513335383e-17
   367   2.301809056313356e-17
   368   2.145200274427671e-17
   369   2.007688445907876e-17
   370   1.902001233403201e-17
[TRUERES]    370  1.902001233403201e-17  1.902001233403201e-17
   371   1.772987527624530e-17
   372   1.666484053291388e-17
   373   1.579748541237037e-17
   374   1.488727571865172e-17
   375   1.430716733762338e-17
   376   1.377835573510191e-17
   377   1.324046830689950e-17
   378   1.291974556799431e-17
   379   1.248814092233762e-17
   380   1.212397548484176e-17
[TRUERES]    380  1.212397548484176e-17  1.212397548484176e-17
   381   1.190311247102582e-17
   382   1.147338966126268e-17
   383   1.107796341405722e-17
   384   1.063790580972085e-17
   385   9.988009027592022e-18
   386   9.406247112519189e-18
   387   8.783850777035302e-18
   388   8.114573153154360e-18
   389   7.582260922280560e-18
   390   7.015975556468595e-18
[TRUERES]    390  7.015975556468595e-18  7.015975556468595e-18
   391   6.493778917305706e-18
   392   6.072184811422129e-18
   393   5.586715405046901e-18
   394   5.163629892518891e-18
   395   4.789775688508200e-18
   396   4.395124923127006e-18
   397   4.098759344539057e-18
   398   3.833563172203025e-18
   399   3.552593906356526e-18
   400   3.335692674084402e-18
[TRUERES]    400  3.335692674084402e-18  3.335692674084402e-18
   401   3.106505121378875e-18
   402   2.885988075854129e-18
   403   2.715057819714947e-18
   404   2.526928617484408e-18
   405   2.356426634107375e-18
   406   2.210854426826618e-18
   407   2.053722990870891e-18
   408   1.929271806555910e-18
   409   1.815670543540634e-18
   410   1.698800779732431e-18
[TRUERES]    410  1.698800779732431e-18  1.698800779732431e-18
   411   1.618662488012528e-18
   412   1.532173000151866e-18
   413   1.448199278726708e-18
   414   1.388578995306029e-18
   415   1.317970754820926e-18
   416   1.253375393606048e-18
   417   1.195202055871878e-18
   418   1.120731709106765e-18
   419   1.053461245790890e-18
   420   9.850640590831412e-19
[TRUERES]    420  9.850640590831412e-19  9.850640590831412e-19
   421   9.100833418800829e-19
   422   8.504365886798029e-19
   423   7.908347100277539e-19
   424   7.324434619009646e-19
   425   6.863423599179115e-19
   426   6.363930586288969e-19
   427   5.905750075117019e-19
   428   5.522884358718022e-19
   429   5.111902773298347e-19
   430   4.755280395808360e-19
[TRUERES]    430  4.755280395808360e-19  4.755280395808360e-19
   431   4.423863762546513e-19
   432   4.056435562823228e-19
   433   3.747852474889082e-19
   434   3.448144259445806e-19
   435   3.155530151730939e-19
   436   2.938055579896739e-19
   437   2.725400886094310e-19
   438   2.542913210737748e-19
   439   2.398718827863563e-19
   440   2.242736604272614e-19
[TRUERES]    440  2.242736604272614e-19  2.242736604272614e-19
   441   2.113421261913697e-19
   442   2.003332311176897e-19
   443   1.883903845089521e-19
   444   1.792154005520904e-19
   445   1.704436412944543e-19
   446   1.612885355216881e-19
   447   1.549337075410524e-19
   448   1.480026965649852e-19
   449   1.411489235786152e-19
   450   1.353721397497892e-19
[TRUERES]    450  1.353721397497892e-19  1.353721397497892e-19
   451   1.276562636193799e-19
   452   1.202062226583298e-19
   453   1.129644114917929e-19
   454   1.046334296407224e-19
   455   9.737832542324786e-20
   456   8.979106941574203e-20
   457   8.142504871091167e-20
   458   7.408226981085502e-20
   459   6.657476564662667e-20
   460   5.923363464544658e-20
[TRUERES]    460  5.923363464544658e-20  5.923363464544658e-20
   461   5.284685681365101e-20
   462   4.628457128915215e-20
   463   4.047089068136232e-20
   464   3.542942518065622e-20
   465   3.058445061834841e-20
   466   2.659115381630484e-20
   467   2.310567320894780e-20
   468   1.992776000220558e-20
   469   1.741464474518883e-20
   470   1.518644635716972e-20
[TRUERES]    470  1.518644635716972e-20  1.518644635716972e-20
   471   1.323714354490022e-20
   472   1.171440097241813e-20
   473   1.032416320210295e-20
   474   9.187507988323550e-21
   475   8.302847208927323e-21
   476   7.480988340393337e-21
   477   6.836285063439215e-21
   478   6.285322190961377e-21
   479   5.751864608976050e-21
   480   5.349765570086131e-21
[TRUERES]    480  5.349765570086131e-21  5.349765570086131e-21
   481   4.984354495522996e-21
   482   4.645613533366161e-21
   483   4.400661039402845e-21
   484   4.147250542896817e-21
   485   3.906732027822468e-21
   486   3.692164688879838e-21
   487   3.425322604839410e-21
   488   3.182678582942034e-21
   489   2.954249506390604e-21
   490   2.707284192806849e-21
[TRUERES]    490  2.707284192806849e-21  2.707284192806849e-21
   491   2.495291090013685e-21
   492   2.288415359467125e-21
   493   2.088284301307783e-21
   494   1.921048616678413e-21
   495   1.748506132210989e-21
   496   1.579854284484566e-21
   497   1.430882206558677e-21
   498   1.280531023065619e-21
   499   1.149215595951846e-21
   500   1.036138733940979e-21
[TRUERES]    500  1.036138733940979e-21  1.036138733940979e-21
   501   9.252045443664375e-22
   502   8.340045496840025e-22
   503   7.503972086856878e-22
   504   6.717918264281004e-22
   505   6.087729725060361e-22
   506   5.504834469958548e-22
   507   4.999231427697055e-22
   508   4.614701494991435e-22
   509   4.249800441091631e-22
   510   3.954149510202217e-22
[TRUERES]    510  3.954149510202217e-22  3.954149510202217e-22
   511   3.704744256149501e-22
   512   3.435727541339756e-22
   513   3.209831604440074e-22
   514   3.006343103781014e-22
   515   2.796434663748648e-22
   516   2.629010864192375e-22
   517   2.462673546983645e-22
   518   2.304757982581309e-22
   519   2.180020014586397e-22
   520   2.049252120049721e-22
[TRUERES]    520  2.049252120049721e-22  2.049252120049721e-22
   521   1.938071452463064e-22
   522   1.854556831020106e-22
   523   1.766403328801213e-22
   524   1.706651595960663e-22
   525   1.650482680025010e-22
   526   1.577757656281557e-22
   527   1.508542243150996e-22
   528   1.419225518195701e-22
   529   1.314122361240612e-22
   530   1.218842983801549e-22
[TRUERES]    530  1.218842983801549e-22  1.218842983801549e-22
   531   1.115735076956818e-22
   532   1.017658461856714e-22
   533   9.309107728797973e-23
   534   8.435279562108692e-23
   535   7.719017841539532e-23
   536   7.099626346865340e-23
   537   6.466090260616173e-23
   538   5.907964859285065e-23
   539   5.350141749452838e-23
   540   4.785432515006756e-23
[TRUERES]    540  4.785432515006756e-23  4.785432515006756e-23
   541   4.293361277169063e-23
   542   3.814028249684516e-23
   543   3.384265348217885e-23
   544   3.029523434382135e-23
   545   2.693247807704522e-23
   546   2.402112853062009e-23
   547   2.138029832125697e-23
   548   1.880275053371068e-23
   549   1.667870310335784e-23
Error at ASolver_CG<Afield<float,ACCEL> >: not converged
  iter(final):      550   1.667870310335784e-23
converged:
  nconv = -1
    0    0       -1     6.5080e-24     1.4283e-22
ASolver_CGNR<Afield<float,ACCEL> >: solver starts
  mode_prev = D
  snorm =  2.596889686584473e+01
  init:  8.328338265419006e-01
     0   4.272562265396118e-02
[TRUERES]      0  4.272562265396118e-02  4.272562265396118e-02
     1   1.339295879006386e-02
     2   1.042450871318579e-02
     3   3.283625468611717e-03
     4   1.782056177034974e-03
     5   1.409698277711868e-03
     6   6.156458985060453e-04
     7   4.198581445962191e-04
     8   3.184597298968583e-04
     9   1.713375386316329e-04
    10   1.426985108992085e-04
[TRUERES]     10  1.426985108992085e-04  1.426985108992085e-04
    11   1.076546031981707e-04
    12   6.866591138532385e-05
    13   6.133338320069015e-05
    14   4.447799437912181e-05
    15   3.163099609082565e-05
